<?xml version="1.0" encoding="UTF-8"?>
<testsuite name="com.allancordeiro.admin.catalogue.application.category.retrieve.get.GetCategoryByIdUseCaseTest" tests="3" skipped="0" failures="0" errors="0" timestamp="2022-12-07T02:57:24" hostname="PAT01021" time="0.043">
  <properties/>
  <testcase name="givenAValidId_whenCallsGetCategory_shouldReturnCategory()" classname="com.allancordeiro.admin.catalogue.application.category.retrieve.get.GetCategoryByIdUseCaseTest" time="0.032"/>
  <testcase name="givenAValidId_whenGatewayThrowsException_shouldReturnException()" classname="com.allancordeiro.admin.catalogue.application.category.retrieve.get.GetCategoryByIdUseCaseTest" time="0.004"/>
  <testcase name="givenAnIValidId_whenCallsGetCategory_shouldReturnNotFound()" classname="com.allancordeiro.admin.catalogue.application.category.retrieve.get.GetCategoryByIdUseCaseTest" time="0.004"/>
  <system-out><![CDATA[]]></system-out>
  <system-err><![CDATA[]]></system-err>
</testsuite>
