<?xml version="1.0" encoding="UTF-8"?>
<testsuite name="com.allancordeiro.admin.catalogue.application.category.create.CreateCategoryUseCaseTest" tests="4" skipped="0" failures="0" errors="0" timestamp="2022-12-07T02:57:24" hostname="PAT01021" time="0.16">
  <properties/>
  <testcase name="givenAValidCommandWithInactiveCategory_whenCallsCreateCategory_thenShouldReturnInactiveCategoryId()" classname="com.allancordeiro.admin.catalogue.application.category.create.CreateCategoryUseCaseTest" time="0.143"/>
  <testcase name="givenAValidCommand_whenGatewayThrowsRandomException_thenShouldReturnAnException()" classname="com.allancordeiro.admin.catalogue.application.category.create.CreateCategoryUseCaseTest" time="0.006"/>
  <testcase name="givenAnInvalidName_whenCallsCreateCategory_thenShouldReturnDomainException()" classname="com.allancordeiro.admin.catalogue.application.category.create.CreateCategoryUseCaseTest" time="0.002"/>
  <testcase name="givenAValidCommand_whenCallsCreateCategory_thenShouldReturnCategoryId()" classname="com.allancordeiro.admin.catalogue.application.category.create.CreateCategoryUseCaseTest" time="0.002"/>
  <system-out><![CDATA[]]></system-out>
  <system-err><![CDATA[]]></system-err>
</testsuite>
