<?xml version="1.0" encoding="UTF-8"?>
<testsuite name="com.allancordeiro.admin.catalogue.application.category.retrieve.list.ListCategoriesUseCaseTest" tests="3" skipped="0" failures="0" errors="0" timestamp="2022-12-07T02:57:24" hostname="PAT01021" time="0.024">
  <properties/>
  <testcase name="givenAValidQuery_whenGatewayThrowsAnException_thenShouldReturnException()" classname="com.allancordeiro.admin.catalogue.application.category.retrieve.list.ListCategoriesUseCaseTest" time="0.002"/>
  <testcase name="givenAValidQuery_whenHasNoResults_thenShouldReturnEmptyCategoryList()" classname="com.allancordeiro.admin.catalogue.application.category.retrieve.list.ListCategoriesUseCaseTest" time="0.008"/>
  <testcase name="givenAValidQuery_whenCallsListCategories_thenShouldReturnCategoryList()" classname="com.allancordeiro.admin.catalogue.application.category.retrieve.list.ListCategoriesUseCaseTest" time="0.01"/>
  <system-out><![CDATA[]]></system-out>
  <system-err><![CDATA[]]></system-err>
</testsuite>
