<?xml version="1.0" encoding="UTF-8"?>
<testsuite name="com.allancordeiro.admin.catalogue.e2e.category.CategoryE2ETest" tests="1" skipped="0" failures="0" errors="0" timestamp="2022-12-08T21:30:28" hostname="PAT01021" time="0.413">
  <properties/>
  <testcase name="asACatalogAdminIShouldBeAbleToDeleteACategoryByItsIdentifier()" classname="com.allancordeiro.admin.catalogue.e2e.category.CategoryE2ETest" time="0.413"/>
  <system-out><![CDATA[18:30:09.221 [Test worker] DEBUG org.springframework.test.context.BootstrapUtils - Instantiating CacheAwareContextLoaderDelegate from class [org.springframework.test.context.cache.DefaultCacheAwareContextLoaderDelegate]
18:30:09.232 [Test worker] DEBUG org.springframework.test.context.BootstrapUtils - Instantiating BootstrapContext using constructor [public org.springframework.test.context.support.DefaultBootstrapContext(java.lang.Class,org.springframework.test.context.CacheAwareContextLoaderDelegate)]
18:30:09.297 [Test worker] DEBUG org.springframework.test.context.BootstrapUtils - Instantiating TestContextBootstrapper for test class [com.allancordeiro.admin.catalogue.e2e.category.CategoryE2ETest] from class [org.springframework.boot.test.context.SpringBootTestContextBootstrapper]
18:30:09.321 [Test worker] INFO org.springframework.boot.test.context.SpringBootTestContextBootstrapper - Neither @ContextConfiguration nor @ContextHierarchy found for test class [com.allancordeiro.admin.catalogue.e2e.category.CategoryE2ETest], using SpringBootContextLoader
18:30:09.326 [Test worker] DEBUG org.springframework.test.context.support.AbstractContextLoader - Did not detect default resource location for test class [com.allancordeiro.admin.catalogue.e2e.category.CategoryE2ETest]: class path resource [com/allancordeiro/admin/catalogue/e2e/category/CategoryE2ETest-context.xml] does not exist
18:30:09.327 [Test worker] DEBUG org.springframework.test.context.support.AbstractContextLoader - Did not detect default resource location for test class [com.allancordeiro.admin.catalogue.e2e.category.CategoryE2ETest]: class path resource [com/allancordeiro/admin/catalogue/e2e/category/CategoryE2ETestContext.groovy] does not exist
18:30:09.328 [Test worker] INFO org.springframework.test.context.support.AbstractContextLoader - Could not detect default resource locations for test class [com.allancordeiro.admin.catalogue.e2e.category.CategoryE2ETest]: no resource found for suffixes {-context.xml, Context.groovy}.
18:30:09.568 [Test worker] DEBUG org.springframework.boot.test.context.SpringBootTestContextBootstrapper - @TestExecutionListeners is not present for class [com.allancordeiro.admin.catalogue.e2e.category.CategoryE2ETest]: using defaults.
18:30:09.569 [Test worker] INFO org.springframework.boot.test.context.SpringBootTestContextBootstrapper - Loaded default TestExecutionListener class names from location [META-INF/spring.factories]: [org.springframework.boot.test.autoconfigure.restdocs.RestDocsTestExecutionListener, org.springframework.boot.test.autoconfigure.web.client.MockRestServiceServerResetTestExecutionListener, org.springframework.boot.test.autoconfigure.web.servlet.MockMvcPrintOnlyOnFailureTestExecutionListener, org.springframework.boot.test.autoconfigure.web.servlet.WebDriverTestExecutionListener, org.springframework.boot.test.autoconfigure.webservices.client.MockWebServiceServerTestExecutionListener, org.springframework.boot.test.mock.mockito.MockitoTestExecutionListener, org.springframework.boot.test.mock.mockito.ResetMocksTestExecutionListener, org.springframework.test.context.web.ServletTestExecutionListener, org.springframework.test.context.support.DirtiesContextBeforeModesTestExecutionListener, org.springframework.test.context.event.ApplicationEventsTestExecutionListener, org.springframework.test.context.support.DependencyInjectionTestExecutionListener, org.springframework.test.context.support.DirtiesContextTestExecutionListener, org.springframework.test.context.transaction.TransactionalTestExecutionListener, org.springframework.test.context.jdbc.SqlScriptsTestExecutionListener, org.springframework.test.context.event.EventPublishingTestExecutionListener]
18:30:09.588 [Test worker] INFO org.springframework.boot.test.context.SpringBootTestContextBootstrapper - Using TestExecutionListeners: [org.springframework.test.context.web.ServletTestExecutionListener@275fe372, org.springframework.test.context.support.DirtiesContextBeforeModesTestExecutionListener@40e10ff8, org.springframework.test.context.event.ApplicationEventsTestExecutionListener@557a1e2d, org.springframework.boot.test.mock.mockito.MockitoTestExecutionListener@26a4842b, org.springframework.boot.test.autoconfigure.SpringBootDependencyInjectionTestExecutionListener@7e38a7fe, org.springframework.test.context.support.DirtiesContextTestExecutionListener@366ef90e, org.springframework.test.context.transaction.TransactionalTestExecutionListener@33e01298, org.springframework.test.context.jdbc.SqlScriptsTestExecutionListener@31e75d13, org.springframework.test.context.event.EventPublishingTestExecutionListener@a5b0b86, org.springframework.boot.test.autoconfigure.restdocs.RestDocsTestExecutionListener@4b3c354a, org.springframework.boot.test.autoconfigure.web.client.MockRestServiceServerResetTestExecutionListener@78fb9a67, org.springframework.boot.test.autoconfigure.web.servlet.MockMvcPrintOnlyOnFailureTestExecutionListener@73ff4fae, org.springframework.boot.test.autoconfigure.web.servlet.WebDriverTestExecutionListener@21aa6d6c, org.springframework.boot.test.autoconfigure.webservices.client.MockWebServiceServerTestExecutionListener@b968a76, org.springframework.boot.test.mock.mockito.ResetMocksTestExecutionListener@2f9a01c1]
18:30:09.591 [Test worker] DEBUG org.springframework.test.context.support.AbstractDirtiesContextTestExecutionListener - Before test class: context [DefaultTestContext@7e3060d8 testClass = CategoryE2ETest, testInstance = [null], testMethod = [null], testException = [null], mergedContextConfiguration = [WebMergedContextConfiguration@293d0107 testClass = CategoryE2ETest, locations = '{}', classes = '{class com.allancordeiro.admin.catalogue.infrastructure.configuration.WebServerConfig}', contextInitializerClasses = '[]', activeProfiles = '{test-e2e}', propertySourceLocations = '{}', propertySourceProperties = '{org.springframework.boot.test.context.SpringBootTestContextBootstrapper=true}', contextCustomizers = set[org.springframework.boot.test.autoconfigure.actuate.metrics.MetricsExportContextCustomizerFactory$DisableMetricExportContextCustomizer@1f3f02ee, org.springframework.boot.test.autoconfigure.properties.PropertyMappingContextCustomizer@4b3fa0b3, org.springframework.boot.test.autoconfigure.web.servlet.WebDriverContextCustomizerFactory$Customizer@6a55299e, [ImportsContextCustomizer@2692b61e key = [org.springframework.boot.test.autoconfigure.web.servlet.MockMvcAutoConfiguration, org.springframework.boot.test.autoconfigure.web.servlet.MockMvcWebClientAutoConfiguration, org.springframework.boot.test.autoconfigure.web.servlet.MockMvcWebDriverAutoConfiguration, org.springframework.boot.autoconfigure.security.oauth2.client.servlet.OAuth2ClientAutoConfiguration, org.springframework.boot.autoconfigure.security.oauth2.resource.servlet.OAuth2ResourceServerAutoConfiguration, org.springframework.boot.autoconfigure.security.servlet.SecurityAutoConfiguration, org.springframework.boot.autoconfigure.security.servlet.SecurityFilterAutoConfiguration, org.springframework.boot.autoconfigure.security.servlet.UserDetailsServiceAutoConfiguration, org.springframework.boot.test.autoconfigure.web.servlet.MockMvcSecurityConfiguration, org.springframework.boot.test.autoconfigure.web.reactive.WebTestClientAutoConfiguration]], org.springframework.boot.test.context.filter.ExcludeFilterContextCustomizer@324a0017, org.springframework.boot.test.json.DuplicateJsonObjectContextCustomizerFactory$DuplicateJsonObjectContextCustomizer@7502291e, org.springframework.boot.test.mock.mockito.MockitoContextCustomizer@0, org.springframework.boot.test.web.client.TestRestTemplateContextCustomizer@16c63f5, org.springframework.test.context.support.DynamicPropertiesContextCustomizer@2981dd5e, org.springframework.boot.test.context.SpringBootTestArgs@1, org.springframework.boot.test.context.SpringBootTestWebEnvironment@4da4253], resourceBasePath = 'src/main/webapp', contextLoader = 'org.springframework.boot.test.context.SpringBootContextLoader', parent = [null]], attributes = map['org.springframework.test.context.web.ServletTestExecutionListener.activateListener' -> true]], class annotated with @DirtiesContext [false] with mode [null].
18:30:09.631 [Test worker] DEBUG org.testcontainers.utility.TestcontainersConfiguration - Testcontainers configuration overrides will be loaded from file:/home/allan/.testcontainers.properties
18:30:09.638 [Test worker] INFO org.testcontainers.utility.ImageNameSubstitutor - Image name substitution will be performed by: DefaultImageNameSubstitutor (composite of 'ConfigurationFileImageNameSubstitutor' and 'PrefixingImageNameSubstitutor')
18:30:09.671 [Test worker] INFO org.testcontainers.dockerclient.DockerClientProviderStrategy - Loaded org.testcontainers.dockerclient.UnixSocketClientProviderStrategy from ~/.testcontainers.properties, will try it first
18:30:09.672 [Test worker] DEBUG org.testcontainers.dockerclient.DockerClientProviderStrategy - Trying out strategy: UnixSocketClientProviderStrategy
18:30:09.894 [Test worker] DEBUG org.testcontainers.shaded.com.github.dockerjava.core.command.AbstrDockerCmd - Cmd: 
18:30:09.922 [Test worker] DEBUG com.github.dockerjava.zerodep.shaded.org.apache.hc.client5.http.impl.classic.InternalHttpClient - ex-00000001: preparing request execution
18:30:09.927 [Test worker] DEBUG com.github.dockerjava.zerodep.shaded.org.apache.hc.client5.http.protocol.RequestAddCookies - Cookie spec selected: strict
18:30:09.933 [Test worker] DEBUG com.github.dockerjava.zerodep.shaded.org.apache.hc.client5.http.protocol.RequestAuthCache - Auth cache not set in the context
18:30:09.933 [Test worker] DEBUG com.github.dockerjava.zerodep.shaded.org.apache.hc.client5.http.impl.classic.ProtocolExec - ex-00000001: target auth state: UNCHALLENGED
18:30:09.934 [Test worker] DEBUG com.github.dockerjava.zerodep.shaded.org.apache.hc.client5.http.impl.classic.ProtocolExec - ex-00000001: proxy auth state: UNCHALLENGED
18:30:09.934 [Test worker] DEBUG com.github.dockerjava.zerodep.shaded.org.apache.hc.client5.http.impl.classic.ConnectExec - ex-00000001: acquiring connection with route {}->unix://localhost:2375
18:30:09.934 [Test worker] DEBUG com.github.dockerjava.zerodep.shaded.org.apache.hc.client5.http.impl.classic.InternalHttpClient - ex-00000001: acquiring endpoint (3 MINUTES)
18:30:09.935 [Test worker] DEBUG com.github.dockerjava.zerodep.shaded.org.apache.hc.client5.http.impl.io.PoolingHttpClientConnectionManager - ex-00000001: endpoint lease request (3 MINUTES) [route: {}->unix://localhost:2375][total available: 0; route allocated: 0 of 2147483647; total allocated: 0 of 2147483647]
18:30:09.940 [Test worker] DEBUG com.github.dockerjava.zerodep.shaded.org.apache.hc.client5.http.impl.io.PoolingHttpClientConnectionManager - ex-00000001: endpoint leased [route: {}->unix://localhost:2375][total available: 0; route allocated: 1 of 2147483647; total allocated: 1 of 2147483647]
18:30:09.953 [Test worker] DEBUG com.github.dockerjava.zerodep.shaded.org.apache.hc.client5.http.impl.io.PoolingHttpClientConnectionManager - ex-00000001: acquired ep-00000000
18:30:09.953 [Test worker] DEBUG com.github.dockerjava.zerodep.shaded.org.apache.hc.client5.http.impl.classic.InternalHttpClient - ex-00000001: acquired endpoint ep-00000000
18:30:09.954 [Test worker] DEBUG com.github.dockerjava.zerodep.shaded.org.apache.hc.client5.http.impl.classic.ConnectExec - ex-00000001: opening connection {}->unix://localhost:2375
18:30:09.955 [Test worker] DEBUG com.github.dockerjava.zerodep.shaded.org.apache.hc.client5.http.impl.classic.InternalHttpClient - ep-00000000: connecting endpoint (3 MINUTES)
18:30:09.955 [Test worker] DEBUG com.github.dockerjava.zerodep.shaded.org.apache.hc.client5.http.impl.io.PoolingHttpClientConnectionManager - ep-00000000: connecting endpoint to unix://localhost:2375 (3 MINUTES)
18:30:09.958 [Test worker] DEBUG com.github.dockerjava.zerodep.shaded.org.apache.hc.client5.http.impl.io.DefaultHttpClientConnectionOperator - http-outgoing-0: connecting to localhost/127.0.0.1:2375
18:30:09.959 [Test worker] DEBUG com.github.dockerjava.zerodep.shaded.org.apache.hc.client5.http.impl.io.DefaultHttpClientConnectionOperator - http-outgoing-0: connection established /var/run/docker.sock<->/var/run/docker.sock
18:30:09.960 [Test worker] DEBUG com.github.dockerjava.zerodep.shaded.org.apache.hc.client5.http.impl.io.PoolingHttpClientConnectionManager - ep-00000000: connected http-outgoing-0
18:30:09.961 [Test worker] DEBUG com.github.dockerjava.zerodep.shaded.org.apache.hc.client5.http.impl.classic.InternalHttpClient - ep-00000000: endpoint connected
18:30:09.961 [Test worker] DEBUG com.github.dockerjava.zerodep.shaded.org.apache.hc.client5.http.impl.classic.MainClientExec - ex-00000001: executing GET /v1.32/info HTTP/1.1
18:30:09.962 [Test worker] DEBUG com.github.dockerjava.zerodep.shaded.org.apache.hc.client5.http.impl.classic.InternalHttpClient - ep-00000000: start execution ex-00000001
18:30:09.962 [Test worker] DEBUG com.github.dockerjava.zerodep.shaded.org.apache.hc.client5.http.impl.io.PoolingHttpClientConnectionManager - ep-00000000: executing exchange ex-00000001 over http-outgoing-0
18:30:09.964 [Test worker] DEBUG com.github.dockerjava.zerodep.shaded.org.apache.hc.client5.http.headers - http-outgoing-0 >> GET /v1.32/info HTTP/1.1
18:30:09.965 [Test worker] DEBUG com.github.dockerjava.zerodep.shaded.org.apache.hc.client5.http.headers - http-outgoing-0 >> x-tc-sid: cdd139c9-cde1-4429-bea7-edb0e651ba16
18:30:09.965 [Test worker] DEBUG com.github.dockerjava.zerodep.shaded.org.apache.hc.client5.http.headers - http-outgoing-0 >> Accept-Encoding: gzip, x-gzip, deflate
18:30:09.966 [Test worker] DEBUG com.github.dockerjava.zerodep.shaded.org.apache.hc.client5.http.headers - http-outgoing-0 >> Host: localhost:2375
18:30:09.966 [Test worker] DEBUG com.github.dockerjava.zerodep.shaded.org.apache.hc.client5.http.headers - http-outgoing-0 >> Connection: keep-alive
18:30:09.966 [Test worker] DEBUG com.github.dockerjava.zerodep.shaded.org.apache.hc.client5.http.headers - http-outgoing-0 >> User-Agent: Apache-HttpClient/5.0.3 (Java/17.0.2)
18:30:09.966 [Test worker] DEBUG com.github.dockerjava.zerodep.shaded.org.apache.hc.client5.http.wire - http-outgoing-0 >> "GET /v1.32/info HTTP/1.1[\r][\n]"
18:30:09.966 [Test worker] DEBUG com.github.dockerjava.zerodep.shaded.org.apache.hc.client5.http.wire - http-outgoing-0 >> "x-tc-sid: cdd139c9-cde1-4429-bea7-edb0e651ba16[\r][\n]"
18:30:09.966 [Test worker] DEBUG com.github.dockerjava.zerodep.shaded.org.apache.hc.client5.http.wire - http-outgoing-0 >> "Accept-Encoding: gzip, x-gzip, deflate[\r][\n]"
18:30:09.966 [Test worker] DEBUG com.github.dockerjava.zerodep.shaded.org.apache.hc.client5.http.wire - http-outgoing-0 >> "Host: localhost:2375[\r][\n]"
18:30:09.967 [Test worker] DEBUG com.github.dockerjava.zerodep.shaded.org.apache.hc.client5.http.wire - http-outgoing-0 >> "Connection: keep-alive[\r][\n]"
18:30:09.967 [Test worker] DEBUG com.github.dockerjava.zerodep.shaded.org.apache.hc.client5.http.wire - http-outgoing-0 >> "User-Agent: Apache-HttpClient/5.0.3 (Java/17.0.2)[\r][\n]"
18:30:09.967 [Test worker] DEBUG com.github.dockerjava.zerodep.shaded.org.apache.hc.client5.http.wire - http-outgoing-0 >> "[\r][\n]"
18:30:09.988 [Test worker] DEBUG com.github.dockerjava.zerodep.shaded.org.apache.hc.client5.http.wire - http-outgoing-0 << "HTTP/1.1 200 OK[\r][\n]"
18:30:09.989 [Test worker] DEBUG com.github.dockerjava.zerodep.shaded.org.apache.hc.client5.http.wire - http-outgoing-0 << "Api-Version: 1.41[\r][\n]"
18:30:09.990 [Test worker] DEBUG com.github.dockerjava.zerodep.shaded.org.apache.hc.client5.http.wire - http-outgoing-0 << "Content-Type: application/json[\r][\n]"
18:30:09.991 [Test worker] DEBUG com.github.dockerjava.zerodep.shaded.org.apache.hc.client5.http.wire - http-outgoing-0 << "Docker-Experimental: false[\r][\n]"
18:30:09.991 [Test worker] DEBUG com.github.dockerjava.zerodep.shaded.org.apache.hc.client5.http.wire - http-outgoing-0 << "Ostype: linux[\r][\n]"
18:30:09.991 [Test worker] DEBUG com.github.dockerjava.zerodep.shaded.org.apache.hc.client5.http.wire - http-outgoing-0 << "Server: Docker/20.10.17 (linux)[\r][\n]"
18:30:09.992 [Test worker] DEBUG com.github.dockerjava.zerodep.shaded.org.apache.hc.client5.http.wire - http-outgoing-0 << "Date: Thu, 08 Dec 2022 21:30:09 GMT[\r][\n]"
18:30:09.992 [Test worker] DEBUG com.github.dockerjava.zerodep.shaded.org.apache.hc.client5.http.wire - http-outgoing-0 << "Transfer-Encoding: chunked[\r][\n]"
18:30:09.992 [Test worker] DEBUG com.github.dockerjava.zerodep.shaded.org.apache.hc.client5.http.wire - http-outgoing-0 << "[\r][\n]"
18:30:09.992 [Test worker] DEBUG com.github.dockerjava.zerodep.shaded.org.apache.hc.client5.http.wire - http-outgoing-0 << "90e[\r][\n]"
18:30:09.993 [Test worker] DEBUG com.github.dockerjava.zerodep.shaded.org.apache.hc.client5.http.wire - http-outgoing-0 << "{"ID":"CMYV:LMON:7XZ5:6HVH:GQTZ:BP2H:A3V2:JO67:UXTR:6WPP:SSRE:EHVA","Containers":26,"ContainersRunning":4,"ContainersPaused":0,"ContainersStopped":22,"Images":178,"Driver":"overlay2","DriverStatus":[["Backing Filesystem","extfs"],["Supports d_type","true"],["Native Overlay Diff","true"],["userxattr","false"]],"Plugins":{"Volume":["local"],"Network":["bridge","host","ipvlan","macvlan","null","overlay"],"Authorization":null,"Log":["awslogs","fluentd","gcplogs","gelf","journald","json-file","local","logentries","splunk","syslog"]},"MemoryLimit":true,"SwapLimit":true,"KernelMemory":false,"KernelMemoryTCP":false,"CpuCfsPeriod":true,"CpuCfsQuota":true,"CPUShares":true,"CPUSet":true,"PidsLimit":true,"IPv4Forwarding":true,"BridgeNfIptables":true,"BridgeNfIp6tables":true,"Debug":false,"NFd":56,"OomKillDisable":false,"NGoroutines":54,"SystemTime":"2022-12-08T18:30:09.970054425-03:00","LoggingDriver":"json-file","CgroupDriver":"systemd","CgroupVersion":"2","NEventsListener":0,"KernelVersion":"5.15.0-56-generic","OperatingSystem":"Ubuntu 22.04 LTS","OSVersion":"22.04","OSType":"linux","Architecture":"x86_64","IndexServerAddress":"https://index.docker.io/v1/","RegistryConfig":{"AllowNondistributableArtifactsCIDRs":[],"AllowNondistributableArtifactsHostnames":[],"InsecureRegistryCIDRs":["127.0.0.0/8"],"IndexConfigs":{"docker.io":{"Name":"docker.io","Mirrors":[],"Secure":true,"Official":true}},"Mirrors":[]},"NCPU":8,"MemTotal":16553291776,"GenericResources":null,"DockerRootDir":"/var/lib/docker","HttpProxy":"","HttpsProxy":"","NoProxy":"","Name":"PAT01021","Labels":[],"ExperimentalBuild":false,"ServerVersion":"20.10.17","Runtimes":{"io.containerd.runc.v2":{"path":"runc"},"io.containerd.runtime.v1.linux":{"path":"runc"},"runc":{"path":"runc"}},"DefaultRuntime":"runc","Swarm":{"NodeID":"","NodeAddr":"","LocalNodeState":"inactive","ControlAvailable":false,"Error":"","RemoteManagers":null},"LiveRestoreEnabled":false,"Isolation":"","InitBinary":"docker-init","ContainerdCommit":{"ID":"10c12954828e7c7c9b6e0ea9b0c02b01407d3ae1","Expected":"10c12954828e7c7c9b6e0ea9b0c02b01407d3ae1"},"RuncCommit":{"ID":"v1.1.2-0-ga916309","Expected":"v1.1.2-0-ga916309"},"InitCommit":{"ID":"de40ad0","Expected":"de40ad0"},"SecurityOptions":["name=apparmor","name=seccomp,profile=default","name=cgroupns"],"Warnings":null}[\n]"
18:30:09.995 [Test worker] DEBUG com.github.dockerjava.zerodep.shaded.org.apache.hc.client5.http.wire - http-outgoing-0 << "[\r][\n]"
18:30:09.996 [Test worker] DEBUG com.github.dockerjava.zerodep.shaded.org.apache.hc.client5.http.wire - http-outgoing-0 << "0[\r][\n]"
18:30:09.996 [Test worker] DEBUG com.github.dockerjava.zerodep.shaded.org.apache.hc.client5.http.wire - http-outgoing-0 << "[\r][\n]"
18:30:10.003 [Test worker] DEBUG com.github.dockerjava.zerodep.shaded.org.apache.hc.client5.http.headers - http-outgoing-0 << HTTP/1.1 200 OK
18:30:10.003 [Test worker] DEBUG com.github.dockerjava.zerodep.shaded.org.apache.hc.client5.http.headers - http-outgoing-0 << Api-Version: 1.41
18:30:10.004 [Test worker] DEBUG com.github.dockerjava.zerodep.shaded.org.apache.hc.client5.http.headers - http-outgoing-0 << Content-Type: application/json
18:30:10.004 [Test worker] DEBUG com.github.dockerjava.zerodep.shaded.org.apache.hc.client5.http.headers - http-outgoing-0 << Docker-Experimental: false
18:30:10.004 [Test worker] DEBUG com.github.dockerjava.zerodep.shaded.org.apache.hc.client5.http.headers - http-outgoing-0 << Ostype: linux
18:30:10.004 [Test worker] DEBUG com.github.dockerjava.zerodep.shaded.org.apache.hc.client5.http.headers - http-outgoing-0 << Server: Docker/20.10.17 (linux)
18:30:10.004 [Test worker] DEBUG com.github.dockerjava.zerodep.shaded.org.apache.hc.client5.http.headers - http-outgoing-0 << Date: Thu, 08 Dec 2022 21:30:09 GMT
18:30:10.004 [Test worker] DEBUG com.github.dockerjava.zerodep.shaded.org.apache.hc.client5.http.headers - http-outgoing-0 << Transfer-Encoding: chunked
18:30:10.010 [Test worker] DEBUG com.github.dockerjava.zerodep.shaded.org.apache.hc.client5.http.impl.classic.MainClientExec - ex-00000001: connection can be kept alive for 3 MINUTES
18:30:10.170 [Test worker] DEBUG com.github.dockerjava.zerodep.shaded.org.apache.hc.client5.http.impl.classic.InternalHttpClient - ep-00000000: releasing valid endpoint
18:30:10.171 [Test worker] DEBUG com.github.dockerjava.zerodep.shaded.org.apache.hc.client5.http.impl.io.PoolingHttpClientConnectionManager - ep-00000000: releasing endpoint
18:30:10.171 [Test worker] DEBUG com.github.dockerjava.zerodep.shaded.org.apache.hc.client5.http.impl.io.PoolingHttpClientConnectionManager - ep-00000000: connection http-outgoing-0 can be kept alive for 3 MINUTES
18:30:10.172 [Test worker] DEBUG com.github.dockerjava.zerodep.shaded.org.apache.hc.client5.http.impl.io.PoolingHttpClientConnectionManager - ep-00000000: connection released [route: {}->unix://localhost:2375][total available: 1; route allocated: 1 of 2147483647; total allocated: 1 of 2147483647]
18:30:10.173 [Test worker] INFO org.testcontainers.dockerclient.DockerClientProviderStrategy - Found Docker environment with local Unix socket (unix:///var/run/docker.sock)
18:30:10.173 [Test worker] DEBUG org.testcontainers.dockerclient.DockerClientProviderStrategy - Transport type: 'httpclient5', Docker host: 'unix:///var/run/docker.sock'
18:30:10.173 [Test worker] DEBUG org.testcontainers.dockerclient.DockerClientProviderStrategy - Checking Docker OS type for local Unix socket (unix:///var/run/docker.sock)
18:30:10.175 [Test worker] INFO org.testcontainers.DockerClientFactory - Docker host IP address is localhost
18:30:10.175 [Test worker] DEBUG org.testcontainers.DockerClientFactory - Docker info: {NGoroutines=54, Name=PAT01021, Swarm={NodeID=, NodeAddr=, LocalNodeState=inactive, ControlAvailable=false, Error=, RemoteManagers=null}, RuncCommit={ID=v1.1.2-0-ga916309, Expected=v1.1.2-0-ga916309}, OSVersion=22.04, Runtimes={io.containerd.runc.v2={path=runc}, io.containerd.runtime.v1.linux={path=runc}, runc={path=runc}}, ID=CMYV:LMON:7XZ5:6HVH:GQTZ:BP2H:A3V2:JO67:UXTR:6WPP:SSRE:EHVA, DriverStatus=[[Backing Filesystem, extfs], [Supports d_type, true], [Native Overlay Diff, true], [userxattr, false]], BridgeNfIptables=true, LiveRestoreEnabled=false, SystemTime=2022-12-08T18:30:09.970054425-03:00, NoProxy=, Architecture=x86_64, NEventsListener=0, HttpsProxy=, Images=178, ContainersRunning=4, Labels=[], InitCommit={ID=de40ad0, Expected=de40ad0}, NFd=56, KernelVersion=5.15.0-56-generic, LoggingDriver=json-file, OSType=linux, SecurityOptions=[name=apparmor, name=seccomp,profile=default, name=cgroupns], ContainerdCommit={ID=10c12954828e7c7c9b6e0ea9b0c02b01407d3ae1, Expected=10c12954828e7c7c9b6e0ea9b0c02b01407d3ae1}, GenericResources=null, KernelMemory=false, OperatingSystem=Ubuntu 22.04 LTS, RegistryConfig={AllowNondistributableArtifactsCIDRs=[], AllowNondistributableArtifactsHostnames=[], InsecureRegistryCIDRs=[127.0.0.0/8], IndexConfigs={docker.io={Name=docker.io, Mirrors=[], Secure=true, Official=true}}, Mirrors=[]}, ServerVersion=20.10.17, OomKillDisable=false, CpuCfsQuota=true, Containers=26, Driver=overlay2, KernelMemoryTCP=false, IPv4Forwarding=true, ExperimentalBuild=false, DockerRootDir=/var/lib/docker, CPUSet=true, CpuCfsPeriod=true, DefaultRuntime=runc, CPUShares=true, Debug=false, NCPU=8, Plugins={Volume=[local], Network=[bridge, host, ipvlan, macvlan, null, overlay], Authorization=null, Log=[awslogs, fluentd, gcplogs, gelf, journald, json-file, local, logentries, splunk, syslog]}, SwapLimit=true, CgroupDriver=systemd, ContainersPaused=0, MemTotal=16553291776, IndexServerAddress=https://index.docker.io/v1/, MemoryLimit=true, HttpProxy=, InitBinary=docker-init, CgroupVersion=2, PidsLimit=true, Isolation=, BridgeNfIp6tables=true, Warnings=null, ContainersStopped=22}
18:30:10.177 [Test worker] DEBUG org.testcontainers.shaded.com.github.dockerjava.core.command.AbstrDockerCmd - Cmd: 
18:30:10.180 [Test worker] DEBUG com.github.dockerjava.zerodep.shaded.org.apache.hc.client5.http.impl.classic.InternalHttpClient - ex-00000002: preparing request execution
18:30:10.181 [Test worker] DEBUG com.github.dockerjava.zerodep.shaded.org.apache.hc.client5.http.protocol.RequestAddCookies - Cookie spec selected: strict
18:30:10.187 [Test worker] DEBUG com.github.dockerjava.zerodep.shaded.org.apache.hc.client5.http.protocol.RequestAuthCache - Auth cache not set in the context
18:30:10.188 [Test worker] DEBUG com.github.dockerjava.zerodep.shaded.org.apache.hc.client5.http.impl.classic.ProtocolExec - ex-00000002: target auth state: UNCHALLENGED
18:30:10.188 [Test worker] DEBUG com.github.dockerjava.zerodep.shaded.org.apache.hc.client5.http.impl.classic.ProtocolExec - ex-00000002: proxy auth state: UNCHALLENGED
18:30:10.188 [Test worker] DEBUG com.github.dockerjava.zerodep.shaded.org.apache.hc.client5.http.impl.classic.ConnectExec - ex-00000002: acquiring connection with route {}->unix://localhost:2375
18:30:10.189 [Test worker] DEBUG com.github.dockerjava.zerodep.shaded.org.apache.hc.client5.http.impl.classic.InternalHttpClient - ex-00000002: acquiring endpoint (3 MINUTES)
18:30:10.189 [Test worker] DEBUG com.github.dockerjava.zerodep.shaded.org.apache.hc.client5.http.impl.io.PoolingHttpClientConnectionManager - ex-00000002: endpoint lease request (3 MINUTES) [route: {}->unix://localhost:2375][total available: 1; route allocated: 1 of 2147483647; total allocated: 1 of 2147483647]
18:30:10.189 [Test worker] DEBUG com.github.dockerjava.zerodep.shaded.org.apache.hc.client5.http.impl.io.PoolingHttpClientConnectionManager - ex-00000002: endpoint leased [route: {}->unix://localhost:2375][total available: 0; route allocated: 1 of 2147483647; total allocated: 1 of 2147483647]
18:30:10.189 [Test worker] DEBUG com.github.dockerjava.zerodep.shaded.org.apache.hc.client5.http.impl.io.PoolingHttpClientConnectionManager - ex-00000002: acquired ep-00000001
18:30:10.190 [Test worker] DEBUG com.github.dockerjava.zerodep.shaded.org.apache.hc.client5.http.impl.classic.InternalHttpClient - ex-00000002: acquired endpoint ep-00000001
18:30:10.190 [Test worker] DEBUG com.github.dockerjava.zerodep.shaded.org.apache.hc.client5.http.impl.classic.MainClientExec - ex-00000002: executing GET /v1.32/version HTTP/1.1
18:30:10.190 [Test worker] DEBUG com.github.dockerjava.zerodep.shaded.org.apache.hc.client5.http.impl.classic.InternalHttpClient - ep-00000001: start execution ex-00000002
18:30:10.190 [Test worker] DEBUG com.github.dockerjava.zerodep.shaded.org.apache.hc.client5.http.impl.io.PoolingHttpClientConnectionManager - ep-00000001: executing exchange ex-00000002 over http-outgoing-0
18:30:10.190 [Test worker] DEBUG com.github.dockerjava.zerodep.shaded.org.apache.hc.client5.http.headers - http-outgoing-0 >> GET /v1.32/version HTTP/1.1
18:30:10.190 [Test worker] DEBUG com.github.dockerjava.zerodep.shaded.org.apache.hc.client5.http.headers - http-outgoing-0 >> accept: application/json
18:30:10.190 [Test worker] DEBUG com.github.dockerjava.zerodep.shaded.org.apache.hc.client5.http.headers - http-outgoing-0 >> x-tc-sid: cdd139c9-cde1-4429-bea7-edb0e651ba16
18:30:10.190 [Test worker] DEBUG com.github.dockerjava.zerodep.shaded.org.apache.hc.client5.http.headers - http-outgoing-0 >> Accept-Encoding: gzip, x-gzip, deflate
18:30:10.191 [Test worker] DEBUG com.github.dockerjava.zerodep.shaded.org.apache.hc.client5.http.headers - http-outgoing-0 >> Host: localhost:2375
18:30:10.191 [Test worker] DEBUG com.github.dockerjava.zerodep.shaded.org.apache.hc.client5.http.headers - http-outgoing-0 >> Connection: keep-alive
18:30:10.191 [Test worker] DEBUG com.github.dockerjava.zerodep.shaded.org.apache.hc.client5.http.headers - http-outgoing-0 >> User-Agent: Apache-HttpClient/5.0.3 (Java/17.0.2)
18:30:10.191 [Test worker] DEBUG com.github.dockerjava.zerodep.shaded.org.apache.hc.client5.http.wire - http-outgoing-0 >> "GET /v1.32/version HTTP/1.1[\r][\n]"
18:30:10.191 [Test worker] DEBUG com.github.dockerjava.zerodep.shaded.org.apache.hc.client5.http.wire - http-outgoing-0 >> "accept: application/json[\r][\n]"
18:30:10.191 [Test worker] DEBUG com.github.dockerjava.zerodep.shaded.org.apache.hc.client5.http.wire - http-outgoing-0 >> "x-tc-sid: cdd139c9-cde1-4429-bea7-edb0e651ba16[\r][\n]"
18:30:10.191 [Test worker] DEBUG com.github.dockerjava.zerodep.shaded.org.apache.hc.client5.http.wire - http-outgoing-0 >> "Accept-Encoding: gzip, x-gzip, deflate[\r][\n]"
18:30:10.192 [Test worker] DEBUG com.github.dockerjava.zerodep.shaded.org.apache.hc.client5.http.wire - http-outgoing-0 >> "Host: localhost:2375[\r][\n]"
18:30:10.192 [Test worker] DEBUG com.github.dockerjava.zerodep.shaded.org.apache.hc.client5.http.wire - http-outgoing-0 >> "Connection: keep-alive[\r][\n]"
18:30:10.192 [Test worker] DEBUG com.github.dockerjava.zerodep.shaded.org.apache.hc.client5.http.wire - http-outgoing-0 >> "User-Agent: Apache-HttpClient/5.0.3 (Java/17.0.2)[\r][\n]"
18:30:10.192 [Test worker] DEBUG com.github.dockerjava.zerodep.shaded.org.apache.hc.client5.http.wire - http-outgoing-0 >> "[\r][\n]"
18:30:10.201 [Test worker] DEBUG com.github.dockerjava.zerodep.shaded.org.apache.hc.client5.http.wire - http-outgoing-0 << "HTTP/1.1 200 OK[\r][\n]"
18:30:10.201 [Test worker] DEBUG com.github.dockerjava.zerodep.shaded.org.apache.hc.client5.http.wire - http-outgoing-0 << "Api-Version: 1.41[\r][\n]"
18:30:10.201 [Test worker] DEBUG com.github.dockerjava.zerodep.shaded.org.apache.hc.client5.http.wire - http-outgoing-0 << "Content-Type: application/json[\r][\n]"
18:30:10.201 [Test worker] DEBUG com.github.dockerjava.zerodep.shaded.org.apache.hc.client5.http.wire - http-outgoing-0 << "Docker-Experimental: false[\r][\n]"
18:30:10.201 [Test worker] DEBUG com.github.dockerjava.zerodep.shaded.org.apache.hc.client5.http.wire - http-outgoing-0 << "Ostype: linux[\r][\n]"
18:30:10.201 [Test worker] DEBUG com.github.dockerjava.zerodep.shaded.org.apache.hc.client5.http.wire - http-outgoing-0 << "Server: Docker/20.10.17 (linux)[\r][\n]"
18:30:10.201 [Test worker] DEBUG com.github.dockerjava.zerodep.shaded.org.apache.hc.client5.http.wire - http-outgoing-0 << "Date: Thu, 08 Dec 2022 21:30:10 GMT[\r][\n]"
18:30:10.201 [Test worker] DEBUG com.github.dockerjava.zerodep.shaded.org.apache.hc.client5.http.wire - http-outgoing-0 << "Content-Length: 827[\r][\n]"
18:30:10.201 [Test worker] DEBUG com.github.dockerjava.zerodep.shaded.org.apache.hc.client5.http.wire - http-outgoing-0 << "[\r][\n]"
18:30:10.202 [Test worker] DEBUG com.github.dockerjava.zerodep.shaded.org.apache.hc.client5.http.wire - http-outgoing-0 << "{"Platform":{"Name":"Docker Engine - Community"},"Components":[{"Name":"Engine","Version":"20.10.17","Details":{"ApiVersion":"1.41","Arch":"amd64","BuildTime":"2022-06-06T23:00:51.000000000+00:00","Experimental":"false","GitCommit":"a89b842","GoVersion":"go1.17.11","KernelVersion":"5.15.0-56-generic","MinAPIVersion":"1.12","Os":"linux"}},{"Name":"containerd","Version":"1.6.6","Details":{"GitCommit":"10c12954828e7c7c9b6e0ea9b0c02b01407d3ae1"}},{"Name":"runc","Version":"1.1.2","Details":{"GitCommit":"v1.1.2-0-ga916309"}},{"Name":"docker-init","Version":"0.19.0","Details":{"GitCommit":"de40ad0"}}],"Version":"20.10.17","ApiVersion":"1.41","MinAPIVersion":"1.12","GitCommit":"a89b842","GoVersion":"go1.17.11","Os":"linux","Arch":"amd64","KernelVersion":"5.15.0-56-generic","BuildTime":"2022-06-06T23:00:51.000000000+00:00"}[\n]"
18:30:10.206 [Test worker] DEBUG com.github.dockerjava.zerodep.shaded.org.apache.hc.client5.http.headers - http-outgoing-0 << HTTP/1.1 200 OK
18:30:10.207 [Test worker] DEBUG com.github.dockerjava.zerodep.shaded.org.apache.hc.client5.http.headers - http-outgoing-0 << Api-Version: 1.41
18:30:10.207 [Test worker] DEBUG com.github.dockerjava.zerodep.shaded.org.apache.hc.client5.http.headers - http-outgoing-0 << Content-Type: application/json
18:30:10.207 [Test worker] DEBUG com.github.dockerjava.zerodep.shaded.org.apache.hc.client5.http.headers - http-outgoing-0 << Docker-Experimental: false
18:30:10.208 [Test worker] DEBUG com.github.dockerjava.zerodep.shaded.org.apache.hc.client5.http.headers - http-outgoing-0 << Ostype: linux
18:30:10.208 [Test worker] DEBUG com.github.dockerjava.zerodep.shaded.org.apache.hc.client5.http.headers - http-outgoing-0 << Server: Docker/20.10.17 (linux)
18:30:10.208 [Test worker] DEBUG com.github.dockerjava.zerodep.shaded.org.apache.hc.client5.http.headers - http-outgoing-0 << Date: Thu, 08 Dec 2022 21:30:10 GMT
18:30:10.208 [Test worker] DEBUG com.github.dockerjava.zerodep.shaded.org.apache.hc.client5.http.headers - http-outgoing-0 << Content-Length: 827
18:30:10.209 [Test worker] DEBUG com.github.dockerjava.zerodep.shaded.org.apache.hc.client5.http.impl.classic.MainClientExec - ex-00000002: connection can be kept alive for 3 MINUTES
18:30:10.231 [Test worker] DEBUG com.github.dockerjava.zerodep.shaded.org.apache.hc.client5.http.impl.classic.InternalHttpClient - ep-00000001: releasing valid endpoint
18:30:10.232 [Test worker] DEBUG com.github.dockerjava.zerodep.shaded.org.apache.hc.client5.http.impl.io.PoolingHttpClientConnectionManager - ep-00000001: releasing endpoint
18:30:10.232 [Test worker] DEBUG com.github.dockerjava.zerodep.shaded.org.apache.hc.client5.http.impl.io.PoolingHttpClientConnectionManager - ep-00000001: connection http-outgoing-0 can be kept alive for 3 MINUTES
18:30:10.232 [Test worker] DEBUG com.github.dockerjava.zerodep.shaded.org.apache.hc.client5.http.impl.io.PoolingHttpClientConnectionManager - ep-00000001: connection released [route: {}->unix://localhost:2375][total available: 1; route allocated: 1 of 2147483647; total allocated: 1 of 2147483647]
18:30:10.233 [Test worker] DEBUG org.testcontainers.DockerClientFactory - Docker version: {Components=[{Name=Engine, Version=20.10.17, Details={ApiVersion=1.41, Arch=amd64, BuildTime=2022-06-06T23:00:51.000000000+00:00, Experimental=false, GitCommit=a89b842, GoVersion=go1.17.11, KernelVersion=5.15.0-56-generic, MinAPIVersion=1.12, Os=linux}}, {Name=containerd, Version=1.6.6, Details={GitCommit=10c12954828e7c7c9b6e0ea9b0c02b01407d3ae1}}, {Name=runc, Version=1.1.2, Details={GitCommit=v1.1.2-0-ga916309}}, {Name=docker-init, Version=0.19.0, Details={GitCommit=de40ad0}}], KernelVersion=5.15.0-56-generic, ApiVersion=1.41, Platform={Name=Docker Engine - Community}, GitCommit=a89b842, Os=linux, Version=20.10.17, MinAPIVersion=1.12, Arch=amd64, GoVersion=go1.17.11, BuildTime=2022-06-06T23:00:51.000000000+00:00}
18:30:10.233 [Test worker] INFO org.testcontainers.DockerClientFactory - Connected to docker: 
  Server Version: 20.10.17
  API Version: 1.41
  Operating System: Ubuntu 22.04 LTS
  Total Memory: 15786 MB
18:30:10.250 [Test worker] DEBUG org.testcontainers.utility.RyukResourceReaper - Ryuk is enabled
18:30:10.253 [Test worker] DEBUG org.testcontainers.utility.PrefixingImageNameSubstitutor - No prefix is configured
18:30:10.253 [Test worker] DEBUG org.testcontainers.utility.ImageNameSubstitutor - Did not find a substitute image for testcontainers/ryuk:0.3.3 (using image substitutor: DefaultImageNameSubstitutor (composite of 'ConfigurationFileImageNameSubstitutor' and 'PrefixingImageNameSubstitutor'))
18:30:10.256 [Test worker] DEBUG org.testcontainers.shaded.com.github.dockerjava.core.command.AbstrDockerCmd - Cmd: ListImagesCmdImpl[filters=org.testcontainers.shaded.com.github.dockerjava.core.util.FiltersBuilder@0,imageNameFilter=<null>,showAll=false]
18:30:10.263 [Test worker] DEBUG com.github.dockerjava.zerodep.shaded.org.apache.hc.client5.http.impl.classic.InternalHttpClient - ex-00000003: preparing request execution
18:30:10.263 [Test worker] DEBUG com.github.dockerjava.zerodep.shaded.org.apache.hc.client5.http.protocol.RequestAddCookies - Cookie spec selected: strict
18:30:10.264 [Test worker] DEBUG com.github.dockerjava.zerodep.shaded.org.apache.hc.client5.http.protocol.RequestAuthCache - Auth cache not set in the context
18:30:10.264 [Test worker] DEBUG com.github.dockerjava.zerodep.shaded.org.apache.hc.client5.http.impl.classic.ProtocolExec - ex-00000003: target auth state: UNCHALLENGED
18:30:10.264 [Test worker] DEBUG com.github.dockerjava.zerodep.shaded.org.apache.hc.client5.http.impl.classic.ProtocolExec - ex-00000003: proxy auth state: UNCHALLENGED
18:30:10.264 [Test worker] DEBUG com.github.dockerjava.zerodep.shaded.org.apache.hc.client5.http.impl.classic.ConnectExec - ex-00000003: acquiring connection with route {}->unix://localhost:2375
18:30:10.264 [Test worker] DEBUG com.github.dockerjava.zerodep.shaded.org.apache.hc.client5.http.impl.classic.InternalHttpClient - ex-00000003: acquiring endpoint (3 MINUTES)
18:30:10.265 [Test worker] DEBUG com.github.dockerjava.zerodep.shaded.org.apache.hc.client5.http.impl.io.PoolingHttpClientConnectionManager - ex-00000003: endpoint lease request (3 MINUTES) [route: {}->unix://localhost:2375][total available: 1; route allocated: 1 of 2147483647; total allocated: 1 of 2147483647]
18:30:10.265 [Test worker] DEBUG com.github.dockerjava.zerodep.shaded.org.apache.hc.client5.http.impl.io.PoolingHttpClientConnectionManager - ex-00000003: endpoint leased [route: {}->unix://localhost:2375][total available: 0; route allocated: 1 of 2147483647; total allocated: 1 of 2147483647]
18:30:10.265 [Test worker] DEBUG com.github.dockerjava.zerodep.shaded.org.apache.hc.client5.http.impl.io.PoolingHttpClientConnectionManager - ex-00000003: acquired ep-00000002
18:30:10.266 [Test worker] DEBUG com.github.dockerjava.zerodep.shaded.org.apache.hc.client5.http.impl.classic.InternalHttpClient - ex-00000003: acquired endpoint ep-00000002
18:30:10.266 [Test worker] DEBUG com.github.dockerjava.zerodep.shaded.org.apache.hc.client5.http.impl.classic.MainClientExec - ex-00000003: executing GET /v1.32/images/json HTTP/1.1
18:30:10.266 [Test worker] DEBUG com.github.dockerjava.zerodep.shaded.org.apache.hc.client5.http.impl.classic.InternalHttpClient - ep-00000002: start execution ex-00000003
18:30:10.266 [Test worker] DEBUG com.github.dockerjava.zerodep.shaded.org.apache.hc.client5.http.impl.io.PoolingHttpClientConnectionManager - ep-00000002: executing exchange ex-00000003 over http-outgoing-0
18:30:10.266 [Test worker] DEBUG com.github.dockerjava.zerodep.shaded.org.apache.hc.client5.http.headers - http-outgoing-0 >> GET /v1.32/images/json HTTP/1.1
18:30:10.267 [Test worker] DEBUG com.github.dockerjava.zerodep.shaded.org.apache.hc.client5.http.headers - http-outgoing-0 >> accept: application/json
18:30:10.267 [Test worker] DEBUG com.github.dockerjava.zerodep.shaded.org.apache.hc.client5.http.headers - http-outgoing-0 >> x-tc-sid: cdd139c9-cde1-4429-bea7-edb0e651ba16
18:30:10.267 [Test worker] DEBUG com.github.dockerjava.zerodep.shaded.org.apache.hc.client5.http.headers - http-outgoing-0 >> Accept-Encoding: gzip, x-gzip, deflate
18:30:10.267 [Test worker] DEBUG com.github.dockerjava.zerodep.shaded.org.apache.hc.client5.http.headers - http-outgoing-0 >> Host: localhost:2375
18:30:10.267 [Test worker] DEBUG com.github.dockerjava.zerodep.shaded.org.apache.hc.client5.http.headers - http-outgoing-0 >> Connection: keep-alive
18:30:10.267 [Test worker] DEBUG com.github.dockerjava.zerodep.shaded.org.apache.hc.client5.http.headers - http-outgoing-0 >> User-Agent: Apache-HttpClient/5.0.3 (Java/17.0.2)
18:30:10.267 [Test worker] DEBUG com.github.dockerjava.zerodep.shaded.org.apache.hc.client5.http.wire - http-outgoing-0 >> "GET /v1.32/images/json HTTP/1.1[\r][\n]"
18:30:10.268 [Test worker] DEBUG com.github.dockerjava.zerodep.shaded.org.apache.hc.client5.http.wire - http-outgoing-0 >> "accept: application/json[\r][\n]"
18:30:10.268 [Test worker] DEBUG com.github.dockerjava.zerodep.shaded.org.apache.hc.client5.http.wire - http-outgoing-0 >> "x-tc-sid: cdd139c9-cde1-4429-bea7-edb0e651ba16[\r][\n]"
18:30:10.268 [Test worker] DEBUG com.github.dockerjava.zerodep.shaded.org.apache.hc.client5.http.wire - http-outgoing-0 >> "Accept-Encoding: gzip, x-gzip, deflate[\r][\n]"
18:30:10.268 [Test worker] DEBUG com.github.dockerjava.zerodep.shaded.org.apache.hc.client5.http.wire - http-outgoing-0 >> "Host: localhost:2375[\r][\n]"
18:30:10.268 [Test worker] DEBUG com.github.dockerjava.zerodep.shaded.org.apache.hc.client5.http.wire - http-outgoing-0 >> "Connection: keep-alive[\r][\n]"
18:30:10.269 [Test worker] DEBUG com.github.dockerjava.zerodep.shaded.org.apache.hc.client5.http.wire - http-outgoing-0 >> "User-Agent: Apache-HttpClient/5.0.3 (Java/17.0.2)[\r][\n]"
18:30:10.269 [Test worker] DEBUG com.github.dockerjava.zerodep.shaded.org.apache.hc.client5.http.wire - http-outgoing-0 >> "[\r][\n]"
18:30:10.333 [Test worker] DEBUG com.github.dockerjava.zerodep.shaded.org.apache.hc.client5.http.wire - http-outgoing-0 << "HTTP/1.1 200 OK[\r][\n]"
18:30:10.333 [Test worker] DEBUG com.github.dockerjava.zerodep.shaded.org.apache.hc.client5.http.wire - http-outgoing-0 << "Api-Version: 1.41[\r][\n]"
18:30:10.334 [Test worker] DEBUG com.github.dockerjava.zerodep.shaded.org.apache.hc.client5.http.wire - http-outgoing-0 << "Content-Type: application/json[\r][\n]"
18:30:10.334 [Test worker] DEBUG com.github.dockerjava.zerodep.shaded.org.apache.hc.client5.http.wire - http-outgoing-0 << "Docker-Experimental: false[\r][\n]"
18:30:10.334 [Test worker] DEBUG com.github.dockerjava.zerodep.shaded.org.apache.hc.client5.http.wire - http-outgoing-0 << "Ostype: linux[\r][\n]"
18:30:10.334 [Test worker] DEBUG com.github.dockerjava.zerodep.shaded.org.apache.hc.client5.http.wire - http-outgoing-0 << "Server: Docker/20.10.17 (linux)[\r][\n]"
18:30:10.334 [Test worker] DEBUG com.github.dockerjava.zerodep.shaded.org.apache.hc.client5.http.wire - http-outgoing-0 << "Date: Thu, 08 Dec 2022 21:30:10 GMT[\r][\n]"
18:30:10.334 [Test worker] DEBUG com.github.dockerjava.zerodep.shaded.org.apache.hc.client5.http.wire - http-outgoing-0 << "Transfer-Encoding: chunked[\r][\n]"
18:30:10.334 [Test worker] DEBUG com.github.dockerjava.zerodep.shaded.org.apache.hc.client5.http.wire - http-outgoing-0 << "[\r][\n]"
18:30:10.334 [Test worker] DEBUG com.github.dockerjava.zerodep.shaded.org.apache.hc.client5.http.wire - http-outgoing-0 << "481c9[\r][\n]"
18:30:10.335 [Test worker] DEBUG com.github.dockerjava.zerodep.shaded.org.apache.hc.client5.http.wire - http-outgoing-0 << "[{"Containers":-1,"Created":1670379811,"Id":"sha256:7484689f290f1defe06b65befc54cb6ad91a667cf0af59a265ffe76c46bd0478","Labels":null,"ParentId":"","RepoDigests":["mysql@sha256:3d7ae561cf6095f6aca8eb7830e1d14734227b1fb4748092f2be2cfbccf7d614"],"RepoTags":["mysql:latest"],"SharedSize":-1,"Size":538012982,"VirtualSize":538012982},{"Containers":-1,"Created":1667003647,"Id":"sha256:758df6bbb04fbbd411df8ebdaa4be4eca9f3e12fa326a072f2e4405413eb9342","Labels":null,"ParentId":"sha256:18cd5b28062729e0e63ace13fa3f13224e1869db17d7c53b9ae2e7c6f6f6c131","RepoDigests":["allancordeiros/hello-go@sha256:ad9b3a966609a6af1be4e7463860ce10ca9308a051e7f1dea7300030b66d661e"],"RepoTags":["allancordeiros/hello-go:v5.6"],"SharedSize":-1,"Size":846155575,"VirtualSize":846155575},{"Containers":-1,"Created":1666999566,"Id":"sha256:65ac324e6a4113089d8ceb9002dd2bbb1837d730ff06e4d0b6e568199d848a16","Labels":null,"ParentId":"sha256:d6dcd6068b97db15ff3567a0c72bea5b58fa62b4d18b9669e2878e0a8471f434","RepoDigests":["allancordeiros/hello-go@sha256:ffb886f81083e9e27469233068ccc46f92f6d781d8a36d02827b25ebc781e0c0"],"RepoTags":["allancordeiros/hello-go:v5.5"],"SharedSize":-1,"Size":846150642,"VirtualSize":846150642},{"Containers":-1,"Created":1666998245,"Id":"sha256:7415685d8d42917d31c11c4f5be9f379f26bfa3a748a15c885d4d4960c7b597f","Labels":null,"ParentId":"sha256:b2d85a85e669530c25ffb5abb692fd4501e175855fe502daa667ffd9539ffabe","RepoDigests":["allancordeiros/hello-go@sha256:91b72fcc2b35a82ae8944f606ac64260d33806d21e94ce5c1a160d0e990a967b"],"RepoTags":["allancordeiros/hello-go:v5.4"],"SharedSize":-1,"Size":846150380,"VirtualSize":846150380},{"Containers":-1,"Created":1666997145,"Id":"sha256:1a43224762812039dad6284b1d7d0a874f34cee9da088cd664c4d586e39b6023","Labels":null,"ParentId":"sha256:7260254be27e0743825115d0afddb8fb5fb1c1c930c182497f98541aa208e917","RepoDigests":["allancordeiros/hello-go@sha256:c3fb8ba4979fb2d589995a1b141d1ff380e16ad87ee6fcc52509d0610a17726e"],"RepoTags":["allancordeiros/hello-go:v5.3"],"SharedSize":-1,"Size":846150216,"VirtualSize":846150216},{"Containers":-1,"Created":1666822153,"Id":"sha256:67bb5fcb0e4b921883cfa47d80bd2270712562b55166fc9997f4e34633e7d81b","Labels":null,"ParentId":"sha256:0cbcaca66ce30d394745d24fc33c97e7686c0c9eecd33c0fee3f84bc2e575a44","RepoDigests":["allancordeiros/hello-go@sha256:8606bec1be4d3b176e466119813249549164737a18ebff2393dd8df12db019c5"],"RepoTags":["allancordeiros/hello-go:v5"],"SharedSize":-1,"Size":846143170,"VirtualSize":846143170},{"Containers":-1,"Created":1666820924,"Id":"sha256:c0075f1ae39adc1d9f36abca28c9d777946fda1e1294d9213620d79d39ae4a61","Labels":null,"ParentId":"sha256:401e053ccde02b3bd4671d9454faa198aaf953db509bf45fd95398d6848a9c8b","RepoDigests":["allancordeiros/hello-go@sha256:26f855a4b605b838a890058687e75356f7476d18a2dbc5892b38e3d181f6497d"],"RepoTags":["allancordeiros/hello-go:v4"],"SharedSize":-1,"Size":846139601,"VirtualSize":846139601},{"Containers":-1,"Created":1666820893,"Id":"sha256:e63b8e2b2fe979906585e8c94f2560a178d14c2c81812043fb368230f7b59b66","Labels":null,"ParentId":"sha256:40349a2425efb3650843103390e2ace030c4288c96f3619cafb16320ab021efb","RepoDigests":["<none>@<none>"],"RepoTags":["<none>:<none>"],"SharedSize":-1,"Size":839648384,"VirtualSize":839648384},{"Containers":-1,"Created":1666819836,"Id":"sha256:db9b349bd260459500cdce99882aabc42b666a68caed334909a19060465f50f1","Labels":null,"ParentId":"sha256:69fd5364c0671abf598f1ab73978f51ffc299f8c70396ebbcded8ce39dcc686a","RepoDigests":["allancordeiros/hello-go@sha256:b62368b8ba64543608012ebbf802ce9716f09ab8b034686768c0db005c582c3f"],"RepoTags":["allancordeiros/hello-go:v3"],"SharedSize":-1,"Size":846134446,"VirtualSize":846134446},{"Containers":-1,"Created":1666736658,"Id":"sha256:abbbc377409b84de5271dfa220408f8fc767ccb3f07e8e90de8f79329140cb0f","Labels":null,"ParentId":"sha256:98f66cf38c04245abb031dfd02d4c0456459112611b77f3015a7006a763c2437","RepoDigests":["allancordeiros/hello-go@sha256:5ebc8914f3df895b6f039451ddaf9d5dbec8f155866e527b9aa37f2fbd3338fd"],"RepoTags":["allancordeiros/hello-go:v2"],"SharedSize":-1,"Size":846131434,"VirtualSize":846131434},{"Containers":-1,"Created":1666661624,"Id":"sha256:927e8b8fd176a2bc447c2f9cac4001a9598c84f2cc3f2f6b49c9847a79bd815d","Labels":null,"ParentId":"sha256:6c0c853ba2b512203df9cbcc9cf66da382b793c6e6e6b811890a98a77fa3b525","RepoDigests":["allancordeiros/hello-go@sha256:3e027e1603ceffb52f1405263415f252228f40d1cfa0182c9c0e752ed5b618f6"],"RepoTags":["allancordeiro/hello-go:latest","allancordeiros/hello-go:latest"],"SharedSize":-1,"Size":846130618,"VirtualSize":846130618},{"Containers":-1,"Created":1666661585,"Id":"sha256:a4cb2661002efe92c0f553abd2e27c61eafee3b7847548a35df304b638ef2f3b","Labels":null,"ParentId":"sha256:8827cedaa309b5f850906bf549f20ffacb58978155b8a383a60c6e44e160bfa1","RepoDigests":["<none>@<none>"],"RepoTags":["<none>:<none>"],"SharedSize":-1,"Size":992270664,"VirtualSize":992270664},{"Containers":-1,"Created":1666661550,"Id":"sha256:c70e51bb7dde79f97c34106a813d91c502a08cc15c481448f32606953ff3768c","Labels":null,"ParentId":"sha256:8827cedaa309b5f850906bf549f20ffacb58978155b8a383a60c6e44e160bfa1","RepoDigests":["<none>@<none>"],"RepoTags":["<none>:<none>"],"SharedSize":-1,"Size":992270639,"VirtualSize":992270639},{"Containers":-1,"Created":1665007764,"Id":"sha256:8827cedaa309b5f850906bf549f20ffacb58978155b8a383a60c6e44e160bfa1","Labels":null,"ParentId":"","RepoDigests":["golang@sha256:25de7b6b28219279a409961158c547aadd0960cf2dcbc533780224afa1157fd4"],"RepoTags":["golang:1.19"],"SharedSize":-1,"Size":992270182,"VirtualSize":992270182},{"Containers":-1,"Created":1664318930,"Id":"sha256:980ec20037f7495f0581a259be34315b99144b92fc8072001220b78d41282f7b","Labels":null,"ParentId":"","RepoDigests":null,"RepoTags":["pfa-go_goapp:latest"],"SharedSize":-1,"Size":992110000,"VirtualSize":992110000},{"Containers":-1,"Created":1664318930,"Id":"sha256:06d511abd352b9e25692ede0d521b1941432d0caf8fcf2b46779c930d4c8b1d2","Labels":null,"ParentId":"","RepoDigests":["<none>@<none>"],"RepoTags":["<none>:<none>"],"SharedSize":-1,"Size":992110000,"VirtualSize":992110000},{"Containers":-1,"Created":1663824421,"Id":"sha256:434e3cca4019c1b62c52c189f0a0737b76c8c50a3f9ce6ab0e21d57307228209","Labels":{},"ParentId":"","RepoDigests":["kindest/node@sha256:9be91e9e9cdf116809841fc77ebdb8845443c4c72fe5218f3ae9eb57fdb4bace"],"RepoTags":null,"SharedSize":-1,"Size":909933310,"VirtualSize":909933310},{"Containers":-1,"Created":1663674970,"Id":"sha256:99169ddb2b0b0aa0d1d675ca991320817a374ba52c5c8d212b9238a4e01abeee","Labels":null,"ParentId":"","RepoDigests":["grafana/grafana@sha256:ff68ed4324e471ffa269aa5308cdcf12276ef2d5a660daea95db9d629a32a7d8"],"RepoTags":["grafana/grafana:latest"],"SharedSize":-1,"Size":299567146,"VirtualSize":299567146},{"Containers":-1,"Created":1662988530,"Id":"sha256:df28013bb363520e969e75d50b4db37e68e91d137f5ebfdb49ad78b71a5132a0","Labels":{"maintainer":"The Prometheus Authors <prometheus-developers@googlegroups.com>"},"ParentId":"","RepoDigests":["prom/prometheus@sha256:b591915dad4ee2375fbb24cd019c50a546aae561bc63510516efec70d69b4292"],"RepoTags":["prom/prometheus:latest"],"SharedSize":-1,"Size":214034070,"VirtualSize":214034070},{"Containers":-1,"Created":1660141609,"Id":"sha256:0439e811fdc65ba1cdf8bb863aeb39bf66d9fad9d4a9faca4b6c0a173c19c566","Labels":{"io.buildpacks.stack.description":"ubuntu:bionic with some common dependencies like tzdata and openssl","io.buildpacks.stack.distro.name":"ubuntu","io.buildpacks.stack.distro.version":"18.04","io.buildpacks.stack.homepage":"https://github.com/paketo-buildpacks/bionic-base-stack","io.buildpacks.stack.id":"io.buildpacks.stacks.bionic","io.buildpacks.stack.maintainer":"Paketo Buildpacks","io.buildpacks.stack.metadata":"{}","io.buildpacks.stack.mixins":"[\"libdb5.3\",\"libuuid1\",\"libapt-pkg5.0\",\"libaudit-common\",\"liblz4-1\",\"libunistring2\",\"libattr1\",\"libgcrypt20\",\"libnettle6\",\"libpam-runtime\",\"fdisk\",\"tar\",\"libcom-err2\",\"locales\",\"o"
18:30:10.335 [Test worker] DEBUG com.github.dockerjava.zerodep.shaded.org.apache.hc.client5.http.headers - http-outgoing-0 << HTTP/1.1 200 OK
18:30:10.335 [Test worker] DEBUG com.github.dockerjava.zerodep.shaded.org.apache.hc.client5.http.headers - http-outgoing-0 << Api-Version: 1.41
18:30:10.335 [Test worker] DEBUG com.github.dockerjava.zerodep.shaded.org.apache.hc.client5.http.headers - http-outgoing-0 << Content-Type: application/json
18:30:10.335 [Test worker] DEBUG com.github.dockerjava.zerodep.shaded.org.apache.hc.client5.http.headers - http-outgoing-0 << Docker-Experimental: false
18:30:10.335 [Test worker] DEBUG com.github.dockerjava.zerodep.shaded.org.apache.hc.client5.http.headers - http-outgoing-0 << Ostype: linux
18:30:10.335 [Test worker] DEBUG com.github.dockerjava.zerodep.shaded.org.apache.hc.client5.http.headers - http-outgoing-0 << Server: Docker/20.10.17 (linux)
18:30:10.336 [Test worker] DEBUG com.github.dockerjava.zerodep.shaded.org.apache.hc.client5.http.headers - http-outgoing-0 << Date: Thu, 08 Dec 2022 21:30:10 GMT
18:30:10.336 [Test worker] DEBUG com.github.dockerjava.zerodep.shaded.org.apache.hc.client5.http.headers - http-outgoing-0 << Transfer-Encoding: chunked
18:30:10.336 [Test worker] DEBUG com.github.dockerjava.zerodep.shaded.org.apache.hc.client5.http.impl.classic.MainClientExec - ex-00000003: connection can be kept alive for 3 MINUTES
18:30:10.350 [Test worker] DEBUG com.github.dockerjava.zerodep.shaded.org.apache.hc.client5.http.wire - http-outgoing-0 << "penssl\",\"sensible-utils\",\"libblkid1\",\"libhogweed4\",\"libsemanage-common\",\"zlib1g\",\"passwd\",\"tzdata\",\"bash\",\"hostname\",\"libcap-ng0\",\"libssl1.1\",\"base-passwd\",\"gzip\",\"libtasn1-6\",\"netbase\",\"sysvinit-utils\",\"libext2fs2\",\"libgpg-error0\",\"libmount1\",\"adduser\",\"libexpat1\",\"util-linux\",\"libc6\",\"libdebconfclient0\",\"libfdisk1\",\"procps\",\"gcc-8-base\",\"libsystemd0\",\"login\",\"ncurses-base\",\"apt\",\"libprocps6\",\"ca-certificates\",\"grep\",\"libidn2-0\",\"libyaml-0-2\",\"sed\",\"ubuntu-keyring\",\"diffutils\",\"bzip2\",\"libffi6\",\"libncursesw5\",\"libpcre3\",\"libgnutls30\",\"gpgv\",\"libaudit1\",\"libbz2-1.0\",\"libpam-modules\",\"libseccomp2\",\"debconf\",\"libncurses5\",\"libacl1\",\"libpam-modules-bin\",\"libstdc++6\",\"findutils\",\"init-system-helpers\",\"libsmartcols1\",\"libtinfo5\",\"libzstd1\",\"bsdutils\",\"dash\",\"debianutils\",\"lsb-base\",\"ncurses-bin\",\"libp11-kit0\",\"perl-base\",\"dpkg\",\"liblzma5\",\"base-files\",\"e2fsprogs\",\"libsemanage1\",\"libudev1\",\"mawk\",\"coreutils\",\"libc-bin\",\"libgcc1\",\"libgmp10\",\"libss2\",\"libpam0g\",\"libselinux1\",\"libsepol1\",\"mount\"]","io.buildpacks.stack.released":"2022-08-10T14:27:21Z","io.paketo.stack.packages":"[{\"name\":\"adduser\",\"version\":\"3.116ubuntu1\",\"arch\":\"all\",\"source\":{\"name\":\"\"},\"summary\":\"add and remove users and groups\"},{\"name\":\"apt\",\"version\":\"1.6.14\",\"arch\":\"amd64\",\"source\":{\"name\":\"\"},\"summary\":\"commandline package manager\"},{\"name\":\"base-files\",\"version\":\"10.1ubuntu2.11\",\"arch\":\"amd64\",\"source\":{\"name\":\"\"},\"summary\":\"Debian base system miscellaneous files\"},{\"name\":\"base-passwd\",\"version\":\"3.5.44\",\"arch\":\"amd64\",\"source\":{\"name\":\"\"},\"summary\":\"Debian base system master password and group files\"},{\"name\":\"bash\",\"version\":\"4.4.18-2ubuntu1.3\",\"arch\":\"amd64\",\"source\":{\"name\":\"\"},\"summary\":\"GNU Bourne Again SHell\"},{\"name\":\"bsdutils\",\"version\":\"1:2.31.1-0.4ubuntu3.7\",\"arch\":\"amd64\",\"source\":{\"name\":\"util-linux\",\"version\":\"2.31.1-0.4ubuntu3.7\",\"upstreamVersion\":\"2.31.1\"},\"summary\":\"basic utilities from 4.4BSD-Lite\"},{\"name\":\"bzip2\",\"version\":\"1.0.6-8.1ubuntu0.2\",\"arch\":\"amd64\",\"source\":{\"name\":\"\"},\"summary\":\"high-quality block-sorting file compressor - utilities\"},{\"name\":\"ca-certificates\",\"version\":\"20211016~18.04.1\",\"arch\":\"all\",\"source\":{\"name\":\"\"},\"summary\":\"Common CA certificates\"},{\"name\":\"coreutils\",\"version\":\"8.28-1ubuntu1\",\"arch\":\"amd64\",\"source\":{\"name\":\"\"},\"summary\":\"GNU core utilities\"},{\"name\":\"dash\",\"version\":\"0.5.8-2.10\",\"arch\":\"amd64\",\"source\":{\"name\":\"\"},\"summary\":\"POSIX-compliant shell\"},{\"name\":\"debconf\",\"version\":\"1.5.66ubuntu1\",\"arch\":\"all\",\"source\":{\"name\":\"\"},\"summary\":\"Debian configuration management system\"},{\"name\":\"debianutils\",\"version\":\"4.8.4\",\"arch\":\"amd64\",\"source\":{\"name\":\"\"},\"summary\":\"Miscellaneous utilities specific to Debian\"},{\"name\":\"diffutils\",\"version\":\"1:3.6-1\",\"arch\":\"amd64\",\"source\":{\"name\":\"\"},\"summary\":\"File comparison utilities\"},{\"name\":\"dpkg\",\"version\":\"1.19.0.5ubuntu2.4\",\"arch\":\"amd64\",\"source\":{\"name\":\"\"},\"summary\":\"Debian package management system\"},{\"name\":\"e2fsprogs\",\"version\":\"1.44.1-1ubuntu1.4\",\"arch\":\"amd64\",\"source\":{\"name\":\"\"},\"summary\":\"ext2/ext3/ext4 file system utilities\"},{\"name\":\"fdisk\",\"version\":\"2.31.1-0.4ubuntu3.7\",\"arch\":\"amd64\",\"source\":{\"name\":\"util-linux\"},\"summary\":\"collection of partitioning utilities\"},{\"name\":\"findutils\",\"version\":\"4.6.0+git+20170828-2\",\"arch\":\"amd64\",\"source\":{\"name\":\"\"},\"summary\":\"utilities for finding files--find, xargs\"},{\"name\":\"gcc-8-base\",\"version\":\"8.4.0-1ubuntu1~18.04\",\"arch\":\"amd64\",\"source\":{\"name\":\"gcc-8\"},\"summary\":\"GCC, the GNU Compiler Collection (base package)\"},{\"name\":\"gpgv\",\"version\":\"2.2.4-1ubuntu1.6\",\"arch\":\"amd64\",\"source\":{\"name\":\"gnupg2\"},\"summary\":\"GNU privacy guard - signature verification tool\"},{\"name\":\"grep\",\"version\":\"3.1-2build1\",\"arch\":\"amd64\",\"source\":{\"name\":\"\"},\"summary\":\"GNU grep, egrep and fgrep\"},{\"name\":\"gzip\",\"version\":\"1.6-5ubuntu1.2\",\"arch\":\"amd64\",\"source\":{\"name\":\"\"},\"summary\":\"GNU compression utilities\"},{\"name\":\"hostname\",\"version\":\"3.20\",\"arch\":\"amd64\",\"source\":{\"name\":\"\"},\"summary\":\"utility to set/show the host name or domain name\"},{\"name\":\"init-system-helpers\",\"version\":\"1.51\",\"arch\":\"all\",\"source\":{\"name\":\"\"},\"summary\":\"helper tools for all init systems\"},{\"name\":\"libacl1\",\"version\":\"2.2.52-3build1\",\"arch\":\"amd64\",\"source\":{\"name\":\"acl\"},\"summary\":\"Access control list shared library\"},{\"name\":\"libapt-pkg5.0\",\"version\":\"1.6.14\",\"arch\":\"amd64\",\"source\":{\"name\":\"apt\"},\"summary\":\"package management runtime library\"},{\"name\":\"libattr1\",\"version\":\"1:2.4.47-2build1\",\"arch\":\"amd64\",\"source\":{\"name\":\"attr\"},\"summary\":\"Extended attribute shared library\"},{\"name\":\"libaudit-common\",\"version\":\"1:2.8.2-1ubuntu1.1\",\"arch\":\"all\",\"source\":{\"name\":\"audit\"},\"summary\":\"Dynamic library for security auditing - common files\"},{\"name\":\"libaudit1\",\"version\":\"1:2.8.2-1ubuntu1.1\",\"arch\":\"amd64\",\"source\":{\"name\":\"audit\"},\"summary\":\"Dynamic library for security auditing\"},{\"name\":\"libblkid1\",\"version\":\"2.31.1-0.4ubuntu3.7\",\"arch\":\"amd64\",\"source\":{\"name\":\"util-linux\"},\"summary\":\"block device ID library\"},{\"name\":\"libbz2-1.0\",\"version\":\"1.0.6-8.1ubuntu0.2\",\"arch\":\"amd64\",\"source\":{\"name\":\"bzip2\"},\"summary\":\"high-quality block-sorting file compressor library - runtime\"},{\"name\":\"libc-bin\",\"version\":\"2.27-3ubuntu1.6\",\"arch\":\"amd64\",\"source\":{\"name\":\"glibc\"},\"summary\":\"GNU C Library: Binaries\"},{\"name\":\"libc6\",\"version\":\"2.27-3ubuntu1.6\",\"arch\":\"amd64\",\"source\":{\"name\":\"glibc\"},\"summary\":\"GNU C Library: Shared libraries\"},{\"name\":\"libcap-ng0\",\"version\":\"0.7.7-3.1\",\"arch\":\"amd64\",\"source\":{\"name\":\"libcap-ng\"},\"summary\":\"An alternate POSIX capabilities library\"},{\"name\":\"libcom-err2\",\"version\":\"1.44.1-1ubuntu1.4\",\"arch\":\"amd64\",\"source\":{\"name\":\"e2fsprogs\"},\"summary\":\"common error description library\"},{\"name\":\"libdb5.3\",\"version\":\"5.3.28-13.1ubuntu1.1\",\"arch\":\"amd64\",\"source\":{\"name\":\"db5.3\"},\"summary\":\"Berkeley v5.3 Database Libraries [runtime]\"},{\"name\":\"libdebconfclient0\",\"version\":\"0.213ubuntu1\",\"arch\":\"amd64\",\"source\":{\"name\":\"cdebconf\"},\"summary\":\"Debian Configuration Management System (C-implementation library)\"},{\"name\":\"libexpat1\",\"version\":\"2.2.5-3ubuntu0.7\",\"arch\":\"amd64\",\"source\":{\"name\":\"expat\"},\"summary\":\"XML parsing C library - runtime library\"},{\"name\":\"libext2fs2\",\"version\":\"1.44.1-1ubuntu1.4\",\"arch\":\"amd64\",\"source\":{\"name\":\"e2fsprogs\"},\"summary\":\"ext2/ext3/ext4 file system libraries\"},{\"name\":\"libfdisk1\",\"version\":\"2.31.1-0.4ubuntu3.7\",\"arch\":\"amd64\",\"source\":{\"name\":\"util-linux\"},\"summary\":\"fdisk partitioning library\"},{\"name\":\"libffi6\",\"version\":\"3.2.1-8\",\"arch\":\"amd64\",\"source\":{\"name\":\"libffi\"},\"summary\":\"Foreign Function Interface library runtime\"},{\"name\":\"libgcc1\",\"version\":\"1:8.4.0-1ubuntu1~18.04\",\"arch\":\"amd64\",\"source\":{\"name\":\"gcc-8\",\"version\":\"8.4.0-1ubuntu1~18.04\",\"upstreamVersion\":\"8.4.0\"},\"summary\":\"GCC support library\"},{\"name\":\"libgcrypt20\",\"version\":\"1.8.1-4ubuntu1.3\",\"arch\":\"amd64\",\"source\":{\"name\":\"\"},\"summary\":\"LGPL Crypto library - runtime library\"},{"
18:30:10.352 [Test worker] DEBUG com.github.dockerjava.zerodep.shaded.org.apache.hc.client5.http.wire - http-outgoing-0 << "\"name\":\"libgmp10\",\"version\":\"2:6.1.2+dfsg-2\",\"arch\":\"amd64\",\"source\":{\"name\":\"gmp\"},\"summary\":\"Multiprecision arithmetic library\"},{\"name\":\"libgnutls30\",\"version\":\"3.5.18-1ubuntu1.6\",\"arch\":\"amd64\",\"source\":{\"name\":\"gnutls28\"},\"summary\":\"GNU TLS library - main runtime library\"},{\"name\":\"libgpg-error0\",\"version\":\"1.27-6\",\"arch\":\"amd64\",\"source\":{\"name\":\"libgpg-error\"},\"summary\":\"library for common error values and messages in GnuPG components\"},{\"name\":\"libhogweed4\",\"version\":\"3.4.1-0ubuntu0.18.04.1\",\"arch\":\"amd64\",\"source\":{\"name\":\"nettle\"},\"summary\":\"low level cryptographic library (public-key cryptos)\"},{\"name\":\"libidn2-0\",\"version\":\"2.0.4-1.1ubuntu0.2\",\"arch\":\"amd64\",\"source\":{\"name\":\"libidn2\"},\"summary\":\"Internationalized domain names (IDNA2008/TR46) library\"},{\"name\":\"liblz4-1\",\"version\":\"0.0~r131-2ubuntu3.1\",\"arch\":\"amd64\",\"source\":{\"name\":\"lz4\"},\"summary\":\"Fast LZ compression algorithm library - runtime\"},{\"name\":\"liblzma5\",\"version\":\"5.2.2-1.3ubuntu0.1\",\"arch\":\"amd64\",\"source\":{\"name\":\"xz-utils\"},\"summary\":\"XZ-format compression library\"},{\"name\":\"libmount1\",\"version\":\"2.31.1-0.4ubuntu3.7\",\"arch\":\"amd64\",\"source\":{\"name\":\"util-linux\"},\"summary\":\"device mounting library\"},{\"name\":\"libncurses5\",\"version\":\"6.1-1ubuntu1.18.04\",\"arch\":\"amd64\",\"source\":{\"name\":\"ncurses\"},\"summary\":\"shared libraries for terminal handling\"},{\"name\":\"libncursesw5\",\"version\":\"6.1-1ubuntu1.18.04\",\"arch\":\"amd64\",\"source\":{\"name\":\"ncurses\"},\"summary\":\"shared libraries for terminal handling (wide character support)\"},{\"name\":\"libnettle6\",\"version\":\"3.4.1-0ubuntu0.18.04.1\",\"arch\":\"amd64\",\"source\":{\"name\":\"nettle\"},\"summary\":\"low level cryptographic library (symmetric and one-way cryptos)\"},{\"name\":\"libp11-kit0\",\"version\":\"0.23.9-2ubuntu0.1\",\"arch\":\"amd64\",\"source\":{\"name\":\"p11-kit\"},\"summary\":\"library for loading and coordinating access to PKCS#11 modules - runtime\"},{\"name\":\"libpam-modules\",\"version\":\"1.1.8-3.6ubuntu2.18.04.3\",\"arch\":\"amd64\",\"source\":{\"name\":\"pam\"},\"summary\":\"Pluggable Authentication Modules for PAM\"},{\"name\":\"libpam-modules-bin\",\"version\":\"1.1.8-3.6ubuntu2.18.04.3\",\"arch\":\"amd64\",\"source\":{\"name\":\"pam\"},\"summary\":\"Pluggable Authentication Modules for PAM - helper binaries\"},{\"name\":\"libpam-runtime\",\"version\":\"1.1.8-3.6ubuntu2.18.04.3\",\"arch\":\"all\",\"source\":{\"name\":\"pam\"},\"summary\":\"Runtime support for the PAM library\"},{\"name\":\"libpam0g\",\"version\":\"1.1.8-3.6ubuntu2.18.04.3\",\"arch\":\"amd64\",\"source\":{\"name\":\"pam\"},\"summary\":\"Pluggable Authentication Modules library\"},{\"name\":\"libpcre3\",\"version\":\"2:8.39-9ubuntu0.1\",\"arch\":\"amd64\",\"source\":{\"name\":\"pcre3\"},\"summary\":\"Old Perl 5 Compatible Regular Expression Library - runtime files\"},{\"name\":\"libprocps6\",\"version\":\"2:3.3.12-3ubuntu1.2\",\"arch\":\"amd64\",\"source\":{\"name\":\"procps\"},\"summary\":\"library for accessing process information from /proc\"},{\"name\":\"libseccomp2\",\"version\":\"2.5.1-1ubuntu1~18.04.2\",\"arch\":\"amd64\",\"source\":{\"name\":\"libseccomp\"},\"summary\":\"high level interface to Linux seccomp filter\"},{\"name\":\"libselinux1\",\"version\":\"2.7-2build2\",\"arch\":\"amd64\",\"source\":{\"name\":\"libselinux\"},\"summary\":\"SELinux runtime shared libraries\"},{\"name\":\"libsemanage-common\",\"version\":\"2.7-2build2\",\"arch\":\"all\",\"source\":{\"name\":\"libsemanage\"},\"summary\":\"Common files for SELinux policy management libraries\"},{\"name\":\"libsemanage1\",\"version\":\"2.7-2build2\",\"arch\":\"amd64\",\"source\":{\"name\":\"libsemanage\"},\"summary\":\"SELinux policy management library\"},{\"name\":\"libsepol1\",\"version\":\"2.7-1ubuntu0.1\",\"arch\":\"amd64\",\"source\":{\"name\":\"libsepol\"},\"summary\":\"SELinux library for manipulating binary security policies\"},{\"name\":\"libsmartcols1\",\"version\":\"2.31.1-0.4ubuntu3.7\",\"arch\":\"amd64\",\"source\":{\"name\":\"util-linux\"},\"summary\":\"smart column output alignment library\"},{\"name\":\"libss2\",\"version\":\"1.44.1-1ubuntu1.4\",\"arch\":\"amd64\",\"source\":{\"name\":\"e2fsprogs\"},\"summary\":\"command-line interface parsing library\"},{\"name\":\"libssl1.1\",\"version\":\"1.1.1-1ubuntu2.1~18.04.20\",\"arch\":\"amd64\",\"source\":{\"name\":\"openssl\"},\"summary\":\"Secure Sockets Layer toolkit - shared libraries\"},{\"name\":\"libstdc++6\",\"version\":\"8.4.0-1ubuntu1~18.04\",\"arch\":\"amd64\",\"source\":{\"name\":\"gcc-8\"},\"summary\":\"GNU Standard C++ Library v3\"},{\"name\":\"libsystemd0\",\"version\":\"237-3ubuntu10.53\",\"arch\":\"amd64\",\"source\":{\"name\":\"systemd\"},\"summary\":\"systemd utility library\"},{\"name\":\"libtasn1-6\",\"version\":\"4.13-2\",\"arch\":\"amd64\",\"source\":{\"name\":\"\"},\"summary\":\"Manage ASN.1 structures (runtime)\"},{\"name\":\"libtinfo5\",\"version\":\"6.1-1ubuntu1.18.04\",\"arch\":\"amd64\",\"source\":{\"name\":\"ncurses\"},\"summary\":\"shared low-level terminfo library for terminal handling\"},{\"name\":\"libudev1\",\"version\":\"237-3ubuntu10.53\",\"arch\":\"amd64\",\"source\":{\"name\":\"systemd\"},\"summary\":\"libudev shared library\"},{\"name\":\"libunistring2\",\"version\":\"0.9.9-0ubuntu2\",\"arch\":\"amd64\",\"source\":{\"name\":\"libunistring\"},\"summary\":\"Unicode string library for C\"},{\"name\":\"libuuid1\",\"version\":\"2.31.1-0.4ubuntu3.7\",\"arch\":\"amd64\",\"source\":{\"name\":\"util-linux\"},\"summary\":\"Universally Unique ID library\"},{\"name\":\"libyaml-0-2\",\"version\":\"0.1.7-2ubuntu3\",\"arch\":\"amd64\",\"source\":{\"name\":\"libyaml\"},\"summary\":\"Fast YAML 1.1 parser and emitter library\"},{\"name\":\"libzstd1\",\"version\":\"1.3.3+dfsg-2ubuntu1.2\",\"arch\":\"amd64\",\"source\":{\"name\":\"libzstd\"},\"summary\":\"fast lossless compression algorithm\"},{\"name\":\"locales\",\"version\":\"2.27-3ubuntu1.6\",\"arch\":\"all\",\"source\":{\"name\":\"glibc\"},\"summary\":\"GNU C Library: National Language (locale) data [support]\"},{\"name\":\"login\",\"version\":\"1:4.5-1ubuntu2.3\",\"arch\":\"amd64\",\"source\":{\"name\":\"shadow\"},\"summary\":\"system login tools\"},{\"name\":\"lsb-base\",\"version\":\"9.20170808ubuntu1\",\"arch\":\"all\",\"source\":{\"name\":\"lsb\"},\"summary\":\"Linux Standard Base init script functionality\"},{\"name\":\"mawk\",\"version\":\"1.3.3-17ubuntu3\",\"arch\":\"amd64\",\"source\":{\"name\":\"\"},\"summary\":\"a pattern scanning and text processing language\"},{\"name\":\"mount\",\"version\":\"2.31.1-0.4ubuntu3.7\",\"arch\":\"amd64\",\"source\":{\"name\":\"util-linux\"},\"summary\":\"tools for mounting and manipulating filesystems\"},{\"name\":\"ncurses-base\",\"version\":\"6.1-1ubuntu1.18.04\",\"arch\":\"all\",\"source\":{\"name\":\"ncurses\"},\"summary\":\"basic terminal type definitions\"},{\"name\":\"ncurses-bin\",\"version\":\"6.1-1ubuntu1.18.04\",\"arch\":\"amd64\",\"source\":{\"name\":\"ncurses\"},\"summary\":\"terminal-related programs and man pages\"},{\"name\":\"netbase\",\"version\":\"5.4\",\"arch\":\"all\",\"source\":{\"name\":\"\"},\"summary\":\"Basic TCP/IP networking system\"},{\"name\":\"openssl\",\"version\":\"1.1.1-1ubuntu2.1~18.04.20\",\"arch\":\"amd64\",\"source\":{\"name\":\"\"},\"summary\":\"Secure Sockets Layer toolkit - cryptographic utility\"},{\"name\":\"passwd\",\"version\":\"1:4.5-1ubuntu2.3\",\"arch\":\"amd64\",\"source\":{\"name\":\"shadow\"},\"summary\":\"change and administer password and group data\"},{\"name\":\"perl-base\",\"version\":\"5.26.1-6ubuntu0.5\",\"arch\":\"amd64\",\"source\":{\"name\":\"perl\"},\"summary\":\"minimal Perl system\"},{\"name\":\"procps\",\"version\":\"2:3.3.12-3ubuntu1.2\",\"arch\":\"amd64\",\"source\":{\"name\":\"\"},\"summary\":\"/proc file system"
18:30:10.355 [Test worker] DEBUG com.github.dockerjava.zerodep.shaded.org.apache.hc.client5.http.wire - http-outgoing-0 << " utilities\"},{\"name\":\"sed\",\"version\":\"4.4-2\",\"arch\":\"amd64\",\"source\":{\"name\":\"\"},\"summary\":\"GNU stream editor for filtering/transforming text\"},{\"name\":\"sensible-utils\",\"version\":\"0.0.12\",\"arch\":\"all\",\"source\":{\"name\":\"\"},\"summary\":\"Utilities for sensible alternative selection\"},{\"name\":\"sysvinit-utils\",\"version\":\"2.88dsf-59.10ubuntu1\",\"arch\":\"amd64\",\"source\":{\"name\":\"sysvinit\"},\"summary\":\"System-V-like utilities\"},{\"name\":\"tar\",\"version\":\"1.29b-2ubuntu0.3\",\"arch\":\"amd64\",\"source\":{\"name\":\"\"},\"summary\":\"GNU version of the tar archiving utility\"},{\"name\":\"tzdata\",\"version\":\"2022a-0ubuntu0.18.04\",\"arch\":\"all\",\"source\":{\"name\":\"\"},\"summary\":\"time zone and daylight-saving time data\"},{\"name\":\"ubuntu-keyring\",\"version\":\"2018.09.18.1~18.04.2\",\"arch\":\"all\",\"source\":{\"name\":\"\"},\"summary\":\"GnuPG keys of the Ubuntu archive\"},{\"name\":\"util-linux\",\"version\":\"2.31.1-0.4ubuntu3.7\",\"arch\":\"amd64\",\"source\":{\"name\":\"\"},\"summary\":\"miscellaneous system utilities\"},{\"name\":\"zlib1g\",\"version\":\"1:1.2.11.dfsg-0ubuntu2.1\",\"arch\":\"amd64\",\"source\":{\"name\":\"zlib\"},\"summary\":\"compression library - runtime\"}]"},"ParentId":"","RepoDigests":["paketobuildpacks/run@sha256:caad76fd4c158792e3000f94cc00f9c6c4fe9476557e08a83fdee8fc2caac2bf"],"RepoTags":["paketobuildpacks/run:base-cnb"],"SharedSize":-1,"Size":88639382,"VirtualSize":88639382},{"Containers":-1,"Created":1659979093,"Id":"sha256:88af5d4f2833cf35f12fdcbdc661b43eab4e2992c342dffe83ff6dd646f6c701","Labels":null,"ParentId":"sha256:bc347134cfe7d179e609d96e705c3413c8e9fe04c93c0f4978c66fa284f3a150","RepoDigests":["allancordeiros/credit-analysis@sha256:0b8a0441264da1ad5fd8811dc139897e0edddd197e44e065ae447c4de57babcd"],"RepoTags":["allancordeiros/credit-analysis:0.0.1-SNAPSHOT"],"SharedSize":-1,"Size":479098145,"VirtualSize":479098145},{"Containers":-1,"Created":1659737887,"Id":"sha256:aaf45ce77dc4c176e1788d21da5af499a1132296b3fa76e9bb3fe63f75022502","Labels":null,"ParentId":"sha256:09192aa82521fca7cac0b131819444921e26ad93edafbd5cf303d483ba89acb2","RepoDigests":["<none>@<none>"],"RepoTags":["<none>:<none>"],"SharedSize":-1,"Size":479098144,"VirtualSize":479098144},{"Containers":-1,"Created":1659735992,"Id":"sha256:18b8970c9e30bb9e5c69d1108f9b5ab7aa3bb24312ee4829418cccb189d6a1b4","Labels":null,"ParentId":"sha256:34230cd2103ae91f96f32ab325513829b33a9143665a3c6ee2168b1813ad1677","RepoDigests":["<none>@<none>"],"RepoTags":["<none>:<none>"],"SharedSize":-1,"Size":479098151,"VirtualSize":479098151},{"Containers":-1,"Created":1659713184,"Id":"sha256:164404f2025324f7065f4127c85fbdfb99b0af898a879827d9cf08d7285c2ef9","Labels":null,"ParentId":"sha256:a10a61a7f24728a8e985bf7720daeb8dbdafdf94b28ddc40debbb454e5dd1112","RepoDigests":["<none>@<none>"],"RepoTags":["<none>:<none>"],"SharedSize":-1,"Size":479098485,"VirtualSize":479098485},{"Containers":-1,"Created":1659711568,"Id":"sha256:fd7f9c582d6b6aab6afe542adc9bd0282355d17023bd9f174596145e44e339fc","Labels":null,"ParentId":"sha256:31e3d36469408e47cc647ea48120b48fe0b0292405b83ebfb5782eb233f2713d","RepoDigests":["<none>@<none>"],"RepoTags":["<none>:<none>"],"SharedSize":-1,"Size":369271726,"VirtualSize":369271726},{"Containers":-1,"Created":1659711325,"Id":"sha256:013ac93979d920e98bcbbc23583400fc906250c1067b983b86cb049a3a5bf43d","Labels":null,"ParentId":"","RepoDigests":["<none>@<none>"],"RepoTags":["<none>:<none>"],"SharedSize":-1,"Size":370294046,"VirtualSize":370294046},{"Containers":-1,"Created":1659706187,"Id":"sha256:0d4eee7ef2a01b32c95beb4e678de2df2b849958a30777a5f559ef6317e0f0fc","Labels":null,"ParentId":"sha256:d05fc29b51151dd599d9c51481d0df3d6754fda42f8e8b965506be07caadb52e","RepoDigests":["<none>@<none>"],"RepoTags":["<none>:<none>"],"SharedSize":-1,"Size":370294046,"VirtualSize":370294046},{"Containers":-1,"Created":1659706178,"Id":"sha256:643a65e2f90fdb855038f302c0247a5d2110a90f85428ebea783b50f72905073","Labels":null,"ParentId":"sha256:d195dd47784adcdc4466f70bfdfeca0740156a43f31bbbe8711c4c6da7e10cbb","RepoDigests":["<none>@<none>"],"RepoTags":["<none>:<none>"],"SharedSize":-1,"Size":369271726,"VirtualSize":369271726},{"Containers":-1,"Created":1659706001,"Id":"sha256:3612550f618e0a7b0bca1d54cb08405ac357670a06b48993cee032196aba615b","Labels":null,"ParentId":"sha256:84e926cb9a081da0c9a9017c4d223228c77e03e9948353ff5fd2e4837097cd22","RepoDigests":["<none>@<none>"],"RepoTags":["<none>:<none>"],"SharedSize":-1,"Size":370294074,"VirtualSize":370294074},{"Containers":-1,"Created":1659705823,"Id":"sha256:db6f171a9f7971a007aa5c84caf4f764ee3b5a03aea79b66dae31c5519b9bae3","Labels":null,"ParentId":"","RepoDigests":null,"RepoTags":["credit-analysis_app:latest"],"SharedSize":-1,"Size":370294074,"VirtualSize":370294074},{"Containers":-1,"Created":1659666913,"Id":"sha256:57a25aae1f6ee1910bce5de38f56deb546b545f9fddbb30efc18b2da9b279c6d","Labels":null,"ParentId":"sha256:4bd308ee8526a3cd476b49b49870c41712137307231852558bdc5d0dfae7353a","RepoDigests":["<none>@<none>"],"RepoTags":["<none>:<none>"],"SharedSize":-1,"Size":369271726,"VirtualSize":369271726},{"Containers":-1,"Created":1659666708,"Id":"sha256:a3a6a3af78a0a9992d10dd012a280b494c41defe985f9d80779f36fcc7851d92","Labels":null,"ParentId":"","RepoDigests":["<none>@<none>"],"RepoTags":["<none>:<none>"],"SharedSize":-1,"Size":370294074,"VirtualSize":370294074},{"Containers":-1,"Created":1659666345,"Id":"sha256:e023a26cef4fbde83fc6058dddb63b916d283785e5af697085cdaaf6c5b16f4b","Labels":null,"ParentId":"sha256:63308dce914336e9a90765b15b0b0215f54d7310cd20d0668d86c78df55b0245","RepoDigests":["<none>@<none>"],"RepoTags":["<none>:<none>"],"SharedSize":-1,"Size":369271726,"VirtualSize":369271726},{"Containers":-1,"Created":1659665354,"Id":"sha256:833830a3cc48fb29b05380f394a630d2ff725f677147b46162da442c8cab5338","Labels":null,"ParentId":"sha256:ef99dd538bd990c46a8e0d34485cb5fd65a90315ba765d07886c64398749df1a","RepoDigests":["<none>@<none>"],"RepoTags":["<none>:<none>"],"SharedSize":-1,"Size":369271736,"VirtualSize":369271736},{"Containers":-1,"Created":1653716058,"Id":"sha256:2a0961b7de03c7b11afd13fec09d0d30992b6e0b4f947a4aba4273723778ed95","Labels":null,"ParentId":"","RepoDigests":["mysql@sha256:7e99b2b8d5bca914ef31059858210f57b009c40375d647f0d4d65ecd01d6b1d5"],"RepoTags":["mysql:5.7"],"SharedSize":-1,"Size":461925641,"VirtualSize":461925641},{"Containers":-1,"Created":1653716028,"Id":"sha256:65b636d5542b73254ce90cc4b895597dc1adc2c661ca553c38eda159979dded1","Labels":null,"ParentId":"","RepoDigests":["mysql@sha256:548da4c67fd8a71908f17c308b8ddb098acf5191d3d7694e56801c6a8b2072cc"],"RepoTags":["mysql:8.0"],"SharedSize":-1,"Size":524000456,"VirtualSize":524000456},{"Containers":-1,"Created":1653341271,"Id":"sha256:00e4fe804f23f2a685cafd34b11912f755c56821e3e1dcb2c826988bc52fbfb6","Labels":null,"ParentId":"sha256:7f5f51358a271bf71f60f3b939614133bd77f00d614cd11998d11751ec113a6b","RepoDigests":null,"RepoTags":["fc2-arquitetura-hexagonal_app:latest"],"SharedSize":-1,"Size":1158017147,"VirtualSize":1158017147},{"Containers":-1,"Created":1652744318,"Id":"sha256:7526288234085be4be18b1da6a7539b43499a50de105859438a1a346162a572c","Labels":null,"ParentId":"sha256:53414afbb2515be493c6c708a2171fbf4bfafd0e945b8096d608751db885a536","RepoDigests":null,"RepoTags":["fc-hexagonal_app:latest"],"SharedSize":-1,"Size":1157989317,"VirtualSize":1157989317},{"Containers":-1,"Created":1652390909,"Id":"sha256:4a4023c7e22af1cd61420e306e13a82eb9035eb109d981395647f305c6841f89","Labels":{"org.opencontainers.image.authors":"The phpMyAdmin Team <developers@phpmyadmin.net>","org.opencontainers.image.description":"Run phpMyAdmin with Alpine, Apache and PHP FPM.","org.opencontainers.image.documentation":"https://github.com/phpmyadmin/docker#readme","org.opencontainers.image.licenses":"GPL-2.0-only","org.opencontainers.image.source":"https://github.com/phpmyadmin/docker.git","org.opencontainers.image.title":"Official phpMyAdmin "
18:30:10.361 [Test worker] DEBUG com.github.dockerjava.zerodep.shaded.org.apache.hc.client5.http.wire - http-outgoing-0 << "Docker image","org.opencontainers.image.url":"https://github.com/phpmyadmin/docker#readme","org.opencontainers.image.vendor":"phpMyAdmin","org.opencontainers.image.version":"5.2.0"},"ParentId":"","RepoDigests":["phpmyadmin/phpmyadmin@sha256:ae6dadd9cf3c158e42937788f7255fa820ea3daef0349226d8d43f32e76535e1"],"RepoTags":["phpmyadmin/phpmyadmin:latest"],"SharedSize":-1,"Size":510192530,"VirtualSize":510192530},{"Containers":-1,"Created":1649369353,"Id":"sha256:38324a15bc290d4513ed83332d602aa09d42f811694f31c6280bbee45351de3e","Labels":null,"ParentId":"sha256:b30497d60a814940318465f27929cb47fa10b7932582bfd8ba91d0878daf4d3b","RepoDigests":null,"RepoTags":["bank-api_db:latest"],"SharedSize":-1,"Size":284777375,"VirtualSize":284777375},{"Containers":-1,"Created":1649369336,"Id":"sha256:aea1f40f40d4c6087bb4bb16af42318009e2430b4380d329804e5052a20eabbe","Labels":null,"ParentId":"sha256:a5c5a937fcd01c44e806b9addfc03f5612c77c9b14fe94c27558cc8ac20bc94c","RepoDigests":null,"RepoTags":["bank-api_app:latest"],"SharedSize":-1,"Size":257378701,"VirtualSize":257378701},{"Containers":-1,"Created":1649264077,"Id":"sha256:50ebc46d693ca98d7feb6b72717990b69c9178d9fbbff95f67afa9515138eb6a","Labels":null,"ParentId":"sha256:6d1e40363fba1a41e95bda53ad13a6acbf48ab6549732ed95fd5fe7007710b83","RepoDigests":null,"RepoTags":["poc-hello-world:latest"],"SharedSize":-1,"Size":1937415,"VirtualSize":1937415},{"Containers":-1,"Created":1649213236,"Id":"sha256:da49b1055be2bd1121e78fbe6f79b7826e5262aff89f2dfbd1e3e8ef68d0b8e7","Labels":null,"ParentId":"sha256:a67099bef089492571d53fb1fedf0139913dd9ae50038b3cc6e8ebe52fbc63f5","RepoDigests":null,"RepoTags":["codepix_app:latest"],"SharedSize":-1,"Size":989710140,"VirtualSize":989710140},{"Containers":-1,"Created":1648818503,"Id":"sha256:6377c0fee02cd68ffa2725284f7f032f8a3074eab9460a873072cd98dcecece2","Labels":{"architecture":"x86_64","build-date":"2022-03-08T13:05:22.797126","com.redhat.build-host":"cpt-1001.osbs.prod.upshift.rdu2.redhat.com","com.redhat.component":"ubi8-minimal-container","com.redhat.license_terms":"https://www.redhat.com/en/about/red-hat-end-user-license-agreements#UBI","description":"Common base image for Confluent's Docker images.","distribution-scope":"public","io.confluent.docker":"true","io.confluent.docker.build.number":"2","io.confluent.docker.git.id":"ff5b0b0a","io.confluent.docker.git.repo":"confluentinc/kafka-images","io.k8s.description":"The Universal Base Image Minimal is a stripped down image that uses microdnf as a package manager. This base image is freely redistributable, but Red Hat only supports Red Hat technologies through subscriptions for Red Hat products. This image is maintained by Red Hat and updated regularly.","io.k8s.display-name":"Red Hat Universal Base Image 8 Minimal","io.openshift.expose-services":"","io.openshift.tags":"minimal rhel8","maintainer":"partner-support@confluent.io","name":"cp-kafka","release":"7.1.0","summary":"Confluent platform Kafka.","url":"https://access.redhat.com/containers/#/registry.access.redhat.com/ubi8-minimal/images/8.5-240","vcs-ref":"7ffc2d965ea414fc38f42d93090d967a5aee2c33","vcs-type":"git","vendor":"Confluent","version":"ff5b0b0a"},"ParentId":"","RepoDigests":["confluentinc/cp-kafka@sha256:1b10150636489cc3eff302678cf71c5a433aa94a7059d05b74c0335990b0ebd8"],"RepoTags":["confluentinc/cp-kafka:latest"],"SharedSize":-1,"Size":788425216,"VirtualSize":788425216},{"Containers":-1,"Created":1648818384,"Id":"sha256:294a13459f89d849f5b5122021e26a163f15515921eb896c686696a641d06c2d","Labels":{"architecture":"x86_64","build-date":"2022-03-08T13:05:22.797126","com.redhat.build-host":"cpt-1001.osbs.prod.upshift.rdu2.redhat.com","com.redhat.component":"ubi8-minimal-container","com.redhat.license_terms":"https://www.redhat.com/en/about/red-hat-end-user-license-agreements#UBI","description":"ZooKeeper is a centralized service for maintaining configuration information, naming, providing distributed synchronization, and providing group services.","distribution-scope":"public","io.confluent.docker":"true","io.confluent.docker.build.number":"2","io.confluent.docker.git.id":"ff5b0b0a","io.confluent.docker.git.repo":"confluentinc/kafka-images","io.k8s.description":"The Universal Base Image Minimal is a stripped down image that uses microdnf as a package manager. This base image is freely redistributable, but Red Hat only supports Red Hat technologies through subscriptions for Red Hat products. This image is maintained by Red Hat and updated regularly.","io.k8s.display-name":"Red Hat Universal Base Image 8 Minimal","io.openshift.expose-services":"","io.openshift.tags":"minimal rhel8","maintainer":"partner-support@confluent.io","name":"cp-zookeeper","release":"7.1.0","summary":"ZooKeeper is a centralized service for maintaining configuration information, naming, providing distributed synchronization, and providing group services.","url":"https://access.redhat.com/containers/#/registry.access.redhat.com/ubi8-minimal/images/8.5-240","vcs-ref":"7ffc2d965ea414fc38f42d93090d967a5aee2c33","vcs-type":"git","vendor":"Confluent","version":"ff5b0b0a"},"ParentId":"","RepoDigests":["confluentinc/cp-zookeeper@sha256:d92a44035c14e94c27d5414b1cc2e3ae87f2be6a50db8864e29b107242919700"],"RepoTags":["confluentinc/cp-zookeeper:latest"],"SharedSize":-1,"Size":788425457,"VirtualSize":788425457},{"Containers":-1,"Created":1648569764,"Id":"sha256:12766a6745eea133de9fdcd03ff720fa971fdaf21113d4bc72b417c123b15619","Labels":{"maintainer":"NGINX Docker Maintainers <docker-maint@nginx.com>"},"ParentId":"","RepoDigests":["nginx@sha256:2275af0f20d71b293916f1958f8497f987b8d8fd8113df54635f2a5915002bf1"],"RepoTags":["nginx:latest"],"SharedSize":-1,"Size":141522028,"VirtualSize":141522028},{"Containers":-1,"Created":1648529554,"Id":"sha256:b30497d60a814940318465f27929cb47fa10b7932582bfd8ba91d0878daf4d3b","Labels":null,"ParentId":"","RepoDigests":["postgres@sha256:e8196fa86fff10dbc0b9a28a33e83bf1d7b2f61744612cf724d35431539ddecb"],"RepoTags":["postgres:11"],"SharedSize":-1,"Size":284450588,"VirtualSize":284450588},{"Containers":-1,"Created":1648507881,"Id":"sha256:104b4039b79ea36eae121265b1cabf4ffefef5cb3c7ae6295db38e2acfaddf67","Labels":null,"ParentId":"sha256:d8a598a1a214401d8e47eb09ef5923c7c959958c937389b3a967d340dbae7aa4","RepoDigests":null,"RepoTags":["node:15"],"SharedSize":-1,"Size":984657382,"VirtualSize":984657382},{"Containers":-1,"Created":1648507023,"Id":"sha256:f14ffd167a4837a96c55797fc5af5f8ab2b72b5d7ea04b7894593ca421856ef2","Labels":{"maintainer":"NGINX Docker Maintainers <docker-maint@nginx.com>"},"ParentId":"sha256:a1a45e2d1c0572024d29031af9f12d8727b694aebd529bd0cd90d68581982814","RepoDigests":null,"RepoTags":["nodejs_nginx:latest"],"SharedSize":-1,"Size":18012298,"VirtualSize":18012298},{"Containers":-1,"Created":1647850088,"Id":"sha256:5367061f7de83e34a320d13a58ed4fecad400a8be24f65bb7d38a9f9435e5a75","Labels":{"maintainer":"oscar.fonts@geomatico.es"},"ParentId":"","RepoDigests":["oscarfonts/h2@sha256:56c11662d84323a4965d7c85a877ae12b79056a336f3521d9d7a5a497440509d"],"RepoTags":["oscarfonts/h2:latest"],"SharedSize":-1,"Size":697384450,"VirtualSize":697384450},{"Containers":-1,"Created":1647590815,"Id":"sha256:05311a87aeb4d7f98b2726c39d4d29d6a174d20953a6d1ceaa236bfa177f5fb6","Labels":null,"ParentId":"","RepoDigests":["mysql@sha256:c8f68301981a7224cc9c063fc7a97b6ef13cfc4142b4871d1a35c95777ce96f4"],"RepoTags":["mysql:5.7.37"],"SharedSize":-1,"Size":449608488,"VirtualSize":449608488},{"Containers":-1,"Created":1647229845,"Id":"sha256:4b5bbddb3624807d084a7c7f813ad3b759e299ab2bb535ed06c165545969e83d","Labels":null,"ParentId":"","RepoDigests":["dpage/pgadmin4@sha256:3a2f4533b0e33baa09260ce02d0912058881c55cef800b73219e19b0a9d75658"],"RepoTags":["dpage/pgadmin4:latest"],"SharedSize":-1,"Size":340107747,"VirtualSize":340107747},{"Containers":-1,"Created":1646356374,"Id":"sha256:27fe614eb0bcb06d087855dcc4d5a497c9d61261e766278aa781e5ec8f044aac","Labels":null,"ParentId":"","RepoDigests":["golang@sha256:19bc888c9bc1cd6279263"
18:30:10.367 [Test worker] DEBUG com.github.dockerjava.zerodep.shaded.org.apache.hc.client5.http.wire - http-outgoing-0 << "449bb3b8c780190aa14706c93ac44d44c3e01f199c2"],"RepoTags":["golang:1.16-buster"],"SharedSize":-1,"Size":862394958,"VirtualSize":862394958},{"Containers":-1,"Created":1646356331,"Id":"sha256:972d8c0bc0fc7d67045f744b6949c2884e6c64bc6b262d511a853b4b5aeb0d23","Labels":null,"ParentId":"","RepoDigests":["golang@sha256:5f6a4662de3efc6d6bb812d02e9de3d8698eea16b8eb7281f03e6f3e8383018e"],"RepoTags":["golang:1.16"],"SharedSize":-1,"Size":919631231,"VirtualSize":919631231},{"Containers":-1,"Created":1642580807,"Id":"sha256:93370ec9baa5490d2d11478ef4d27c8918f236a472c24f844c19c15633732742","Labels":null,"ParentId":"","RepoDigests":["edenhill/kcat@sha256:8f16a5fed099931ce1122420b7473efe467ff9841d53680b99db25dd1723d711"],"RepoTags":["edenhill/kcat:1.7.1"],"SharedSize":-1,"Size":38434858,"VirtualSize":38434858},{"Containers":-1,"Created":1641259203,"Id":"sha256:1149d285a5f5c4340cefa2211869c3a6b1128ac78974545e0b4fe62d3d0e66a8","Labels":null,"ParentId":"","RepoDigests":["postgres@sha256:578ca5c8452c08a4e0f5e65b55dce5e1812fe63c8fee40ea837641031598e51e"],"RepoTags":["postgres:14.1-alpine"],"SharedSize":-1,"Size":208957026,"VirtualSize":208957026},{"Containers":-1,"Created":1640127666,"Id":"sha256:f8ad5f24764fc36369cd041643e3234a09604d80d3c1bf8ef241761cce02b3ad","Labels":null,"ParentId":"","RepoDigests":["openjdk@sha256:fc5fa503124ba7021bbf8cb3718bf08791590d0aa2295c7cc551de65f9919290"],"RepoTags":["openjdk:17.0.1-jdk-slim"],"SharedSize":-1,"Size":407041996,"VirtualSize":407041996},{"Containers":-1,"Created":1634200477,"Id":"sha256:64f4b02dc9864d9621d248e55835408a03b3cd8239b790e610c71c29ea45a3b9","Labels":null,"ParentId":"","RepoDigests":["testcontainers/ryuk@sha256:d50c04005142e165182b2e408d0c76f3cc38ca4db4af14125ce1b938820e5cef"],"RepoTags":["testcontainers/ryuk:0.3.3"],"SharedSize":-1,"Size":11982543,"VirtualSize":11982543},{"Containers":-1,"Created":1633973792,"Id":"sha256:3f5f21421f30c15def07e3bba999424db81cc14a9821aaad0d3f13fe13e2bf52","Labels":{"architecture":"x86_64","build-date":"2020-10-31T05:07:05.471303","com.redhat.build-host":"cpt-1002.osbs.prod.upshift.rdu2.redhat.com","com.redhat.component":"ubi8-minimal-container","com.redhat.license_terms":"https://www.redhat.com/en/about/red-hat-end-user-license-agreements#UBI","description":"The Universal Base Image Minimal is a stripped down image that uses microdnf as a package manager. This base image is freely redistributable, but Red Hat only supports Red Hat technologies through subscriptions for Red Hat products. This image is maintained by Red Hat and updated regularly.","distribution-scope":"public","io.confluent.docker":"true","io.confluent.docker.build.number":"2","io.confluent.docker.git.id":"5007d62","io.confluent.docker.git.repo":"confluentinc/control-center-images","io.k8s.description":"The Universal Base Image Minimal is a stripped down image that uses microdnf as a package manager. This base image is freely redistributable, but Red Hat only supports Red Hat technologies through subscriptions for Red Hat products. This image is maintained by Red Hat and updated regularly.","io.k8s.display-name":"Red Hat Universal Base Image 8 Minimal","io.openshift.expose-services":"","io.openshift.tags":"minimal rhel8","maintainer":"partner-support@confluent.io","name":"cp-enterprise-control-center","release":"6.0.1","summary":"Confluent Control Center is a web-based graphical user interface that helps you operate and build event streaming applications with Apache Kafka.","url":"https://access.redhat.com/containers/#/registry.access.redhat.com/ubi8-minimal/images/8.3-201","vcs-ref":"f53dab37c7541dd0080f410727c5886e85c09ee7","vcs-type":"git","vendor":"Confluent","version":"5007d62"},"ParentId":"","RepoDigests":["confluentinc/cp-enterprise-control-center@sha256:aab1ab1138486866d5b780e6f357a71d30531469ceb44e11db08912f67e0364d"],"RepoTags":["confluentinc/cp-enterprise-control-center:6.0.1"],"SharedSize":-1,"Size":973441439,"VirtualSize":973441439},{"Containers":-1,"Created":1628198692,"Id":"sha256:40349a2425efb3650843103390e2ace030c4288c96f3619cafb16320ab021efb","Labels":null,"ParentId":"","RepoDigests":["golang@sha256:ea080cc817b02a946461d42c02891bf750e3916c52f7ea8187bccde8f312b59f"],"RepoTags":["golang:1.15"],"SharedSize":-1,"Size":839646008,"VirtualSize":839646008},{"Containers":-1,"Created":1624398069,"Id":"sha256:264c9bdce361556ba6e685e401662648358980c01151c3d977f0fdf77f7c26ab","Labels":null,"ParentId":"","RepoDigests":["openjdk@sha256:4b6abae565492dbe9e7a894137c966a7485154238902f2f25e9dbd9784383d81"],"RepoTags":["openjdk:17-alpine"],"SharedSize":-1,"Size":325595873,"VirtualSize":325595873},{"Containers":-1,"Created":1622569134,"Id":"sha256:ac7469600dd6a554de2a2d06f9478dd7d5352a845dd43fb873923740fb174f2b","Labels":null,"ParentId":"","RepoDigests":["rabbitmq@sha256:09f73d00fc0d9eeb05d8dba8ab6aa5d0265af4d537c71f75229204bca4304dc7"],"RepoTags":["rabbitmq:3.8.16-management"],"SharedSize":-1,"Size":224485844,"VirtualSize":224485844},{"Containers":-1,"Created":1621464424,"Id":"sha256:df6b0cdc55b4c21e35850276287537b1d72cea809829c4d015148414ac3f4e7d","Labels":{"description":"Metricbeat is a lightweight shipper for metrics.","io.k8s.description":"Metricbeat is a lightweight shipper for metrics.","io.k8s.display-name":"Metricbeat image","license":"Elastic License","maintainer":"infra@elastic.co","name":"metricbeat","org.label-schema.build-date":"2021-05-19T22:40:28Z","org.label-schema.license":"Elastic License","org.label-schema.name":"metricbeat","org.label-schema.schema-version":"1.0","org.label-schema.url":"https://www.elastic.co/beats/metricbeat","org.label-schema.vcs-ref":"054e224d226b42a1dd7c72dcf48c3f18de452e22","org.label-schema.vcs-url":"github.com/elastic/beats/v7","org.label-schema.vendor":"Elastic","org.label-schema.version":"7.13.0","org.opencontainers.image.created":"2021-05-19T22:40:28Z","org.opencontainers.image.licenses":"Elastic License","org.opencontainers.image.title":"Metricbeat","org.opencontainers.image.vendor":"Elastic","release":"1","summary":"metricbeat","url":"https://www.elastic.co/beats/metricbeat","vendor":"Elastic","version":"7.13.0"},"ParentId":"","RepoDigests":["docker.elastic.co/beats/metricbeat@sha256:6941fcefabc4c79306135e689cedaeee38e3fb4c0ee43522a5d366d1966dfa44"],"RepoTags":["docker.elastic.co/beats/metricbeat:7.13.0"],"SharedSize":-1,"Size":517641969,"VirtualSize":517641969},{"Containers":-1,"Created":1621463424,"Id":"sha256:4616c6f8bf5dcfc374157fc4c28bb4c67a8f82aa5232e7ea1170a8b0b563ba7d","Labels":{"org.label-schema.build-date":"2021-05-19T22:22:26.081971330Z","org.label-schema.license":"Elastic-License-2.0","org.label-schema.name":"Elasticsearch","org.label-schema.schema-version":"1.0","org.label-schema.url":"https://www.elastic.co/products/elasticsearch","org.label-schema.usage":"https://www.elastic.co/guide/en/elasticsearch/reference/index.html","org.label-schema.vcs-ref":"5ca8591c6fcdb1260ce95b08a8e023559635c6f3","org.label-schema.vcs-url":"https://github.com/elastic/elasticsearch","org.label-schema.vendor":"Elastic","org.label-schema.version":"7.13.0","org.opencontainers.image.created":"2021-05-19T22:22:26.081971330Z","org.opencontainers.image.documentation":"https://www.elastic.co/guide/en/elasticsearch/reference/index.html","org.opencontainers.image.licenses":"Elastic-License-2.0","org.opencontainers.image.revision":"5ca8591c6fcdb1260ce95b08a8e023559635c6f3","org.opencontainers.image.source":"https://github.com/elastic/elasticsearch","org.opencontainers.image.title":"Elasticsearch","org.opencontainers.image.url":"https://www.elastic.co/products/elasticsearch","org.opencontainers.image.vendor":"Elastic","org.opencontainers.image.version":"7.13.0"},"ParentId":"","RepoDigests":["docker.elastic.co/elasticsearch/elasticsearch@sha256:c7efa0260b40ebe8332c38b113b628bc33f78ab33feb97494a56d1338dc88c12"],"RepoTags":["docker.elastic.co/elasticsearch/elasticsearch:7.13.0"],"SharedSize":-1,"Size":853665227,"VirtualSize":853665227},{"Containers":-1,"Created":1621463126,"Id":"sha256:792015178baf3"
18:30:10.373 [Test worker] DEBUG com.github.dockerjava.zerodep.shaded.org.apache.hc.client5.http.wire - http-outgoing-0 << "66e4b0d4f96476747cef913e1959d60429d0f0e56f4ffbfbb3f","Labels":{"org.label-schema.build-date":"2021-05-19T21:19:03.114Z","org.label-schema.license":"Elastic License","org.label-schema.name":"Kibana","org.label-schema.schema-version":"1.0","org.label-schema.url":"https://www.elastic.co/products/kibana","org.label-schema.usage":"https://www.elastic.co/guide/en/kibana/reference/index.html","org.label-schema.vcs-ref":"9863e88bd63ad546b9d36e6b0c0c55cb65dd9081","org.label-schema.vcs-url":"https://github.com/elastic/kibana","org.label-schema.vendor":"Elastic","org.label-schema.version":"7.13.0","org.opencontainers.image.created":"2021-05-19T21:19:03.114Z","org.opencontainers.image.documentation":"https://www.elastic.co/guide/en/kibana/reference/index.html","org.opencontainers.image.licenses":"Elastic License","org.opencontainers.image.revision":"9863e88bd63ad546b9d36e6b0c0c55cb65dd9081","org.opencontainers.image.source":"https://github.com/elastic/kibana","org.opencontainers.image.title":"Kibana","org.opencontainers.image.url":"https://www.elastic.co/products/kibana","org.opencontainers.image.vendor":"Elastic","org.opencontainers.image.version":"7.13.0"},"ParentId":"","RepoDigests":["docker.elastic.co/kibana/kibana@sha256:2075b0a1c4881bda1536cd58fc5b240d37871419c9487fd6300c85ae5062f27c"],"RepoTags":["docker.elastic.co/kibana/kibana:7.13.0"],"SharedSize":-1,"Size":1145159626,"VirtualSize":1145159626},{"Containers":-1,"Created":1620807783,"Id":"sha256:3d3f41722daf1a77c34d6eade6676bbffa2d6a2a21095de2ab0c427a5c942fc9","Labels":null,"ParentId":"","RepoDigests":["node@sha256:608bba799613b1ebf754034ae008849ba51e88b23271412427b76d60ae0d0627"],"RepoTags":null,"SharedSize":-1,"Size":936160148,"VirtualSize":936160148},{"Containers":-1,"Created":1609867581,"Id":"sha256:933900325ffa038d7f7c54a1258bf1cd005aad1a2ef39a0ffea63260fb1a3e4f","Labels":null,"ParentId":"","RepoDigests":["node@sha256:55bf28ea11b18fd914e1242835ea3299ec76f5a034e8c6e42b2ede70064e338c"],"RepoTags":["node:14.15.4-alpine3.12"],"SharedSize":-1,"Size":116530222,"VirtualSize":116530222},{"Containers":-1,"Created":1589493887,"Id":"sha256:d6f0e8aba578a8d57cc98210c54961588bd570d9ec890d45ded251cf7b0463b8","Labels":{"io.confluent.docker":"true","io.confluent.docker.build.number":"1","io.confluent.docker.git.id":"918b4cd"},"ParentId":"","RepoDigests":["confluentinc/cp-schema-registry@sha256:06a3891e165a6e7f5bc931b1512179d969f3597a3a39626f42f6be0889620559"],"RepoTags":["confluentinc/cp-schema-registry:5.0.4"],"SharedSize":-1,"Size":677095926,"VirtualSize":677095926},{"Containers":-1,"Created":1589493771,"Id":"sha256:86adfc85060e30a0d52f0ddd662d0d5fce6b6ba18d11f5285868fe7c498c570f","Labels":{"io.confluent.docker":"true","io.confluent.docker.build.number":"1","io.confluent.docker.git.id":"918b4cd"},"ParentId":"","RepoDigests":["confluentinc/cp-kafka@sha256:c361101bb490aa62deabd1db0ad2597f09943ff4222fc38b14f7d5a0e1a471f9"],"RepoTags":["confluentinc/cp-kafka:5.0.4"],"SharedSize":-1,"Size":563045313,"VirtualSize":563045313},{"Containers":-1,"Created":1589493708,"Id":"sha256:da618fe628c7cdd4615646fefdee2fee400cf5220593e8e5b920b32a78d7a7ed","Labels":{"io.confluent.docker":"true","io.confluent.docker.build.number":"1","io.confluent.docker.git.id":"918b4cd"},"ParentId":"","RepoDigests":["confluentinc/cp-zookeeper@sha256:b3a38ea13977dbdd268355e0fe010dbb3b3f7b671934604990abdcbb107dd891"],"RepoTags":["confluentinc/cp-zookeeper:5.0.4"],"SharedSize":-1,"Size":563043285,"VirtualSize":563043285},{"Containers":-1,"Created":1581702439,"Id":"sha256:ed5a45034282ac21bc29a96f76bf0127843a477c325c4ff2264633a3981bce1a","Labels":null,"ParentId":"","RepoDigests":["postgres@sha256:42a7a6a647a602efa9592edd1f56359800d079b93fa52c5d92244c58ac4a2ab9"],"RepoTags":["postgres:9.4"],"SharedSize":-1,"Size":250724146,"VirtualSize":250724146},{"Containers":-1,"Created":1528222904,"Id":"sha256:bc7fdec94612093c8dbd7fee1b86486a810cd448e065947807353dd74a7a20a4","Labels":{"maintainer":"NGINX Docker Maintainers <docker-maint@nginx.com>"},"ParentId":"","RepoDigests":["nginx@sha256:4a85273d1e403fbf676960c0ad41b673c7b034204a48cb32779fbb2c18e3839d"],"RepoTags":["nginx:1.15.0-alpine"],"SharedSize":-1,"Size":18011939,"VirtualSize":18011939},{"Containers":-1,"Created":315532801,"Id":"sha256:d45673988a7704c891f4d89feb329a7baa4123cd634fdc47df415158f4189818","Labels":{"io.buildpacks.build.metadata":"{\"buildpacks\":[{\"homepage\":\"https://github.com/paketo-buildpacks/ca-certificates\",\"id\":\"paketo-buildpacks/ca-certificates\",\"version\":\"3.2.5\"},{\"homepage\":\"https://github.com/paketo-buildpacks/bellsoft-liberica\",\"id\":\"paketo-buildpacks/bellsoft-liberica\",\"version\":\"9.4.1\"},{\"homepage\":\"https://github.com/paketo-buildpacks/syft\",\"id\":\"paketo-buildpacks/syft\",\"version\":\"1.16.0\"},{\"homepage\":\"https://github.com/paketo-buildpacks/executable-jar\",\"id\":\"paketo-buildpacks/executable-jar\",\"version\":\"6.2.5\"},{\"homepage\":\"https://github.com/paketo-buildpacks/dist-zip\",\"id\":\"paketo-buildpacks/dist-zip\",\"version\":\"5.2.5\"},{\"homepage\":\"https://github.com/paketo-buildpacks/spring-boot\",\"id\":\"paketo-buildpacks/spring-boot\",\"version\":\"5.15.0\"}],\"launcher\":{\"version\":\"0.14.1\",\"source\":{\"git\":{\"repository\":\"github.com/buildpacks/lifecycle\",\"commit\":\"b5f8bad1\"}}},\"processes\":[{\"type\":\"executable-jar\",\"command\":\"java\",\"args\":[\"org.springframework.boot.loader.JarLauncher\"],\"direct\":true,\"buildpackID\":\"paketo-buildpacks/executable-jar\"},{\"type\":\"task\",\"command\":\"java\",\"args\":[\"org.springframework.boot.loader.JarLauncher\"],\"direct\":true,\"buildpackID\":\"paketo-buildpacks/executable-jar\"},{\"type\":\"web\",\"command\":\"java\",\"args\":[\"org.springframework.boot.loader.JarLauncher\"],\"direct\":true,\"buildpackID\":\"paketo-buildpacks/executable-jar\"}],\"buildpack-default-process-type\":\"web\"}","io.buildpacks.lifecycle.metadata":"{\"app\":[{\"sha\":\"sha256:0500e9597e37b19bc6da2a300a7bfdcf071e85b5c9a4b749224076a74d82d86e\"},{\"sha\":\"sha256:dc69cb1ca1ef2ea80a309ae7a1d8bb4d548b54718e5ee19cc34ed3b73fbfbf38\"},{\"sha\":\"sha256:5f70bf18a086007016e948b04aed3b82103a36bea41755b6cddfaf10ace3c6ef\"},{\"sha\":\"sha256:be82413a31e71fc4a7e1e4c78bc4df853c5de73468f7078333bd6e8bbbc3302b\"},{\"sha\":\"sha256:ed9ddd1e522a862fae8c89b447a730908ffe3474b8512eb70c1234445546f9be\"}],\"sbom\":{\"sha\":\"sha256:ad3921b9161eb8b6a4a40180aced708512b00ea95d89a021dc956783ff59f9f1\"},\"buildpacks\":[{\"key\":\"paketo-buildpacks/ca-certificates\",\"version\":\"3.2.5\",\"layers\":{\"helper\":{\"sha\":\"sha256:8f76f38ebfc8bc64d25e5b93f76258ff05581e53987d62e4eec686bd95ac4e6d\",\"data\":{\"clear-env\":false,\"description\":\"A Cloud Native Buildpack that adds custom CA certificates to a build and a created image\",\"homepage\":\"https://github.com/paketo-buildpacks/ca-certificates\",\"id\":\"paketo-buildpacks/ca-certificates\",\"keywords\":[\"ca-certificates\",\"trust\",\"certificates\"],\"licenses\":[{\"type\":\"Apache-2.0\",\"uri\":\"https://github.com/paketo-buildpacks/ca-certificates/blob/main/LICENSE\"}],\"name\":\"Paketo CA Certificates Buildpack\",\"sbom-formats\":[\"application/vnd.cyclonedx+json\",\"application/vnd.syft+json\"],\"version\":\"3.2.5\"},\"build\":false,\"launch\":true,\"cache\":false}}},{\"key\":\"paketo-buildpacks/bellsoft-liberica\",\"version\":\"9.4.1\",\"layers\":{\"helper\":{\"sha\":\"sha256:2d7b464b248255cf6bee0d55e6acc3ff22db466bcc54f810ee8a964090d48715\",\"data\":{\"clear-env\":false,\"description\":\"A Cloud Native Buildpack that provides the Bellsoft Liberica implementations of JREs and JDKs\",\"homepage\":\"https://github.com/paketo-buildpacks/bellsoft-liberica\",\"id\":\"paketo-buildpacks/bellsoft-liberica\",\"keywords\":[\"java\",\"jvm\",\"jre\",\"jdk\"],\"licenses\":[{\"type\":\"Apache-2.0\",\"uri\":\"https://github.com/paketo-buildpacks/bellsoft-liberica/blob/main/LICENSE\"}],\"name\":\"Paketo BellSoft Liberica Buildpack\",\"sbom-formats\":[\"application/vnd.syft"
18:30:10.376 [Test worker] DEBUG com.github.dockerjava.zerodep.shaded.org.apache.hc.client5.http.wire - http-outgoing-0 << "+json\",\"application/vnd.cyclonedx+json\"],\"version\":\"9.4.1\"},\"build\":false,\"launch\":true,\"cache\":false},\"java-security-properties\":{\"sha\":\"sha256:ec0381c8f32136ad9564b114b2271d1181e0c181957acb6707e6ff4713a7a89d\",\"data\":{\"clear-env\":false,\"description\":\"A Cloud Native Buildpack that provides the Bellsoft Liberica implementations of JREs and JDKs\",\"homepage\":\"https://github.com/paketo-buildpacks/bellsoft-liberica\",\"id\":\"paketo-buildpacks/bellsoft-liberica\",\"keywords\":[\"java\",\"jvm\",\"jre\",\"jdk\"],\"licenses\":[{\"type\":\"Apache-2.0\",\"uri\":\"https://github.com/paketo-buildpacks/bellsoft-liberica/blob/main/LICENSE\"}],\"name\":\"Paketo BellSoft Liberica Buildpack\",\"sbom-formats\":[\"application/vnd.syft+json\",\"application/vnd.cyclonedx+json\"],\"version\":\"9.4.1\"},\"build\":false,\"launch\":true,\"cache\":false},\"jre\":{\"sha\":\"sha256:ddacf05f5e5524f2484e8800306df2b12cebb253da6584f9bd8ecf2dd4317cd4\",\"data\":{\"cert-file\":\"5e248aabe6ceaf3ead19ab7743bd52c9572faf6b1f2723aee062a977e0171864\",\"dependency\":{\"cpes\":[\"cpe:2.3:a:oracle:jre:11.0.16:*:*:*:*:*:*:*\"],\"id\":\"jre\",\"licenses\":[{\"type\":\"GPL-2.0 WITH Classpath-exception-2.0\",\"uri\":\"https://openjdk.java.net/legal/gplv2+ce.html\"}],\"name\":\"BellSoft Liberica JRE\",\"purl\":\"pkg:generic/bellsoft-jre@11.0.16?arch=amd64\",\"sha256\":\"d9e9ba6e872c2d7073e69407196be29db27d4fcd22de6ca7dde40840b934c286\",\"stacks\":[\"io.buildpacks.stacks.bionic\",\"io.paketo.stacks.tiny\",\"*\"],\"uri\":\"https://github.com/bell-sw/Liberica/releases/download/11.0.16+8/bellsoft-jre11.0.16+8-linux-amd64.tar.gz\",\"version\":\"11.0.16\"}},\"build\":false,\"launch\":true,\"cache\":false}}},{\"key\":\"paketo-buildpacks/syft\",\"version\":\"1.16.0\",\"layers\":{}},{\"key\":\"paketo-buildpacks/executable-jar\",\"version\":\"6.2.5\",\"layers\":{\"classpath\":{\"sha\":\"sha256:7fbc97c38fad01ae2b8189c8d9a0a0149932192accc4ad253b0f8186d0793e9a\",\"data\":{\"classpath\":[\"/workspace\"],\"launch\":true},\"build\":true,\"launch\":true,\"cache\":false}}},{\"key\":\"paketo-buildpacks/dist-zip\",\"version\":\"5.2.5\",\"layers\":{}},{\"key\":\"paketo-buildpacks/spring-boot\",\"version\":\"5.15.0\",\"layers\":{\"helper\":{\"sha\":\"sha256:e3432ede41fb4435c36fe916151b6a8b23612086c5be6f87b0f2ec8311ae2fb2\",\"data\":{\"clear-env\":false,\"description\":\"A Cloud Native Buildpack that contributes Spring Boot dependency information and slices an application into multiple layers\",\"homepage\":\"https://github.com/paketo-buildpacks/spring-boot\",\"id\":\"paketo-buildpacks/spring-boot\",\"keywords\":[\"java\",\"spring\",\"spring-boot\"],\"licenses\":[{\"type\":\"Apache-2.0\",\"uri\":\"https://github.com/paketo-buildpacks/spring-boot/blob/main/LICENSE\"}],\"name\":\"Paketo Spring Boot Buildpack\",\"sbom-formats\":[\"application/vnd.cyclonedx+json\",\"application/vnd.syft+json\"],\"version\":\"5.15.0\"},\"build\":false,\"launch\":true,\"cache\":false},\"spring-cloud-bindings\":{\"sha\":\"sha256:33df858545b5408f86e2adc84c9d6696fd3f3ab16065d01a9c3e3366de12a462\",\"data\":{\"cpes\":[\"cpe:2.3:a:vmware:spring_cloud_bindings:1.10.0:*:*:*:*:*:*:*\"],\"id\":\"spring-cloud-bindings\",\"licenses\":[{\"type\":\"Apache-2.0\",\"uri\":\"https://github.com/spring-cloud/spring-cloud-bindings/blob/main/LICENSE\"}],\"name\":\"Spring Cloud Bindings\",\"purl\":\"pkg:generic/springframework/spring-cloud-bindings@1.10.0\",\"sha256\":\"1f5b781f8bd0d6b85ab2462e4b98d36782a2227fef5b168db174b3959a0ebebe\",\"stacks\":[\"io.buildpacks.stacks.bionic\",\"io.paketo.stacks.tiny\",\"*\"],\"uri\":\"https://repo.spring.io/release/org/springframework/cloud/spring-cloud-bindings/1.10.0/spring-cloud-bindings-1.10.0.jar\",\"version\":\"1.10.0\"},\"build\":false,\"launch\":true,\"cache\":false},\"web-application-type\":{\"sha\":\"sha256:fcc507beb4ccdbc112909bcf999e90802212e4fc86afa20617a863e89081a6da\",\"data\":{\"files\":\"50db07510d4870c1a8d074ff319f22cd957048bfa41d71917475db25ed376bfd\"},\"build\":false,\"launch\":true,\"cache\":false}}}],\"config\":{\"sha\":\"sha256:92d7b61e6811d5c20585041c3d80404a07cb517c3b645b96b711fea36a24876a\"},\"launcher\":{\"sha\":\"sha256:9497805c7bd5df192c4ccf7cf9c4496963c1c008141fe134765e23a3800fa4cf\"},\"process-types\":{\"sha\":\"sha256:1dc94a70dbaa2171fb086500a5d27797f779219b126b0a1eebb9180c2792e80e\"},\"runImage\":{\"topLayer\":\"sha256:5ad12172a2932929325b6539d0b0bccdaa5a35c7a679117ff61818b3f2d453ed\",\"reference\":\"0439e811fdc65ba1cdf8bb863aeb39bf66d9fad9d4a9faca4b6c0a173c19c566\"},\"stack\":{\"runImage\":{\"image\":\"index.docker.io/paketobuildpacks/run:base-cnb\",\"mirrors\":[\"gcr.io/paketo-buildpacks/run:base-cnb\"]}}}","io.buildpacks.project.metadata":"{}","io.buildpacks.stack.description":"ubuntu:bionic with some common dependencies like tzdata and openssl","io.buildpacks.stack.distro.name":"ubuntu","io.buildpacks.stack.distro.version":"18.04","io.buildpacks.stack.homepage":"https://github.com/paketo-buildpacks/bionic-base-stack","io.buildpacks.stack.id":"io.buildpacks.stacks.bionic","io.buildpacks.stack.maintainer":"Paketo Buildpacks","io.buildpacks.stack.metadata":"{}","io.buildpacks.stack.mixins":"[\"libdb5.3\",\"libuuid1\",\"libapt-pkg5.0\",\"libaudit-common\",\"liblz4-1\",\"libunistring2\",\"libattr1\",\"libgcrypt20\",\"libnettle6\",\"libpam-runtime\",\"fdisk\",\"tar\",\"libcom-err2\",\"locales\",\"openssl\",\"sensible-utils\",\"libblkid1\",\"libhogweed4\",\"libsemanage-common\",\"zlib1g\",\"passwd\",\"tzdata\",\"bash\",\"hostname\",\"libcap-ng0\",\"libssl1.1\",\"base-passwd\",\"gzip\",\"libtasn1-6\",\"netbase\",\"sysvinit-utils\",\"libext2fs2\",\"libgpg-error0\",\"libmount1\",\"adduser\",\"libexpat1\",\"util-linux\",\"libc6\",\"libdebconfclient0\",\"libfdisk1\",\"procps\",\"gcc-8-base\",\"libsystemd0\",\"login\",\"ncurses-base\",\"apt\",\"libprocps6\",\"ca-certificates\",\"grep\",\"libidn2-0\",\"libyaml-0-2\",\"sed\",\"ubuntu-keyring\",\"diffutils\",\"bzip2\",\"libffi6\",\"libncursesw5\",\"libpcre3\",\"libgnutls30\",\"gpgv\",\"libaudit1\",\"libbz2-1.0\",\"libpam-modules\",\"libseccomp2\",\"debconf\",\"libncurses5\",\"libacl1\",\"libpam-modules-bin\",\"libstdc++6\",\"findutils\",\"init-system-helpers\",\"libsmartcols1\",\"libtinfo5\",\"libzstd1\",\"bsdutils\",\"dash\",\"debianutils\",\"lsb-base\",\"ncurses-bin\",\"libp11-kit0\",\"perl-base\",\"dpkg\",\"liblzma5\",\"base-files\",\"e2fsprogs\",\"libsemanage1\",\"libudev1\",\"mawk\",\"coreutils\",\"libc-bin\",\"libgcc1\",\"libgmp10\",\"libss2\",\"libpam0g\",\"libselinux1\",\"libsepol1\",\"mount\"]","io.buildpacks.stack.released":"2022-08-10T14:27:21Z","io.paketo.stack.packages":"[{\"name\":\"adduser\",\"version\":\"3.116ubuntu1\",\"arch\":\"all\",\"source\":{\"name\":\"\"},\"summary\":\"add and remove users and groups\"},{\"name\":\"apt\",\"version\":\"1.6.14\",\"arch\":\"amd64\",\"source\":{\"name\":\"\"},\"summary\":\"commandline package manager\"},{\"name\":\"base-files\",\"version\":\"10.1ubuntu2.11\",\"arch\":\"amd64\",\"source\":{\"name\":\"\"},\"summary\":\"Debian base system miscellaneous files\"},{\"name\":\"base-passwd\",\"version\":\"3.5.44\",\"arch\":\"amd64\",\"source\":{\"name\":\"\"},\"summary\":\"Debian base system master password and group files\"},{\"name\":\"bash\",\"version\":\"4.4.18-2ubuntu1.3\",\"arch\":\"amd64\",\"source\":{\"name\":\"\"},\"summary\":\"GNU Bourne Again SHell\"},{\"name\":\"bsdutils\",\"version\":\"1:2.31.1-0.4ubuntu3.7\",\"arch\":\"amd64\",\"source\":{\"name\":\"util-linux\",\"version\":\"2.31.1-0.4ubuntu3.7\",\"upstreamVersion\":\"2.31.1\"},\"summary\":\"basic utilities from 4.4BSD-Lite\"},{\"name\":\"bzip2\",\"version\":\"1.0.6-8.1ubuntu0.2\",\"arch\":\"amd64\",\"source\":{\"name\":\"\"},\"summary\":\"high-quality block-sorting file compressor - utilities\"},{\"name\":\"ca-certificates\",\"version\":\"20211016~18.04.1\",\"arch\":\"all\",\"source\":{\"name\":\"\"},\"summary\":\"Common CA certificates\"},{\"name\":\"coreutils\",\"version\":\"8.28-1ubuntu1\",\"arch\":\"amd64\",\"sou"
18:30:10.378 [Test worker] DEBUG com.github.dockerjava.zerodep.shaded.org.apache.hc.client5.http.wire - http-outgoing-0 << "rce\":{\"name\":\"\"},\"summary\":\"GNU core utilities\"},{\"name\":\"dash\",\"version\":\"0.5.8-2.10\",\"arch\":\"amd64\",\"source\":{\"name\":\"\"},\"summary\":\"POSIX-compliant shell\"},{\"name\":\"debconf\",\"version\":\"1.5.66ubuntu1\",\"arch\":\"all\",\"source\":{\"name\":\"\"},\"summary\":\"Debian configuration management system\"},{\"name\":\"debianutils\",\"version\":\"4.8.4\",\"arch\":\"amd64\",\"source\":{\"name\":\"\"},\"summary\":\"Miscellaneous utilities specific to Debian\"},{\"name\":\"diffutils\",\"version\":\"1:3.6-1\",\"arch\":\"amd64\",\"source\":{\"name\":\"\"},\"summary\":\"File comparison utilities\"},{\"name\":\"dpkg\",\"version\":\"1.19.0.5ubuntu2.4\",\"arch\":\"amd64\",\"source\":{\"name\":\"\"},\"summary\":\"Debian package management system\"},{\"name\":\"e2fsprogs\",\"version\":\"1.44.1-1ubuntu1.4\",\"arch\":\"amd64\",\"source\":{\"name\":\"\"},\"summary\":\"ext2/ext3/ext4 file system utilities\"},{\"name\":\"fdisk\",\"version\":\"2.31.1-0.4ubuntu3.7\",\"arch\":\"amd64\",\"source\":{\"name\":\"util-linux\"},\"summary\":\"collection of partitioning utilities\"},{\"name\":\"findutils\",\"version\":\"4.6.0+git+20170828-2\",\"arch\":\"amd64\",\"source\":{\"name\":\"\"},\"summary\":\"utilities for finding files--find, xargs\"},{\"name\":\"gcc-8-base\",\"version\":\"8.4.0-1ubuntu1~18.04\",\"arch\":\"amd64\",\"source\":{\"name\":\"gcc-8\"},\"summary\":\"GCC, the GNU Compiler Collection (base package)\"},{\"name\":\"gpgv\",\"version\":\"2.2.4-1ubuntu1.6\",\"arch\":\"amd64\",\"source\":{\"name\":\"gnupg2\"},\"summary\":\"GNU privacy guard - signature verification tool\"},{\"name\":\"grep\",\"version\":\"3.1-2build1\",\"arch\":\"amd64\",\"source\":{\"name\":\"\"},\"summary\":\"GNU grep, egrep and fgrep\"},{\"name\":\"gzip\",\"version\":\"1.6-5ubuntu1.2\",\"arch\":\"amd64\",\"source\":{\"name\":\"\"},\"summary\":\"GNU compression utilities\"},{\"name\":\"hostname\",\"version\":\"3.20\",\"arch\":\"amd64\",\"source\":{\"name\":\"\"},\"summary\":\"utility to set/show the host name or domain name\"},{\"name\":\"init-system-helpers\",\"version\":\"1.51\",\"arch\":\"all\",\"source\":{\"name\":\"\"},\"summary\":\"helper tools for all init systems\"},{\"name\":\"libacl1\",\"version\":\"2.2.52-3build1\",\"arch\":\"amd64\",\"source\":{\"name\":\"acl\"},\"summary\":\"Access control list shared library\"},{\"name\":\"libapt-pkg5.0\",\"version\":\"1.6.14\",\"arch\":\"amd64\",\"source\":{\"name\":\"apt\"},\"summary\":\"package management runtime library\"},{\"name\":\"libattr1\",\"version\":\"1:2.4.47-2build1\",\"arch\":\"amd64\",\"source\":{\"name\":\"attr\"},\"summary\":\"Extended attribute shared library\"},{\"name\":\"libaudit-common\",\"version\":\"1:2.8.2-1ubuntu1.1\",\"arch\":\"all\",\"source\":{\"name\":\"audit\"},\"summary\":\"Dynamic library for security auditing - common files\"},{\"name\":\"libaudit1\",\"version\":\"1:2.8.2-1ubuntu1.1\",\"arch\":\"amd64\",\"source\":{\"name\":\"audit\"},\"summary\":\"Dynamic library for security auditing\"},{\"name\":\"libblkid1\",\"version\":\"2.31.1-0.4ubuntu3.7\",\"arch\":\"amd64\",\"source\":{\"name\":\"util-linux\"},\"summary\":\"block device ID library\"},{\"name\":\"libbz2-1.0\",\"version\":\"1.0.6-8.1ubuntu0.2\",\"arch\":\"amd64\",\"source\":{\"name\":\"bzip2\"},\"summary\":\"high-quality block-sorting file compressor library - runtime\"},{\"name\":\"libc-bin\",\"version\":\"2.27-3ubuntu1.6\",\"arch\":\"amd64\",\"source\":{\"name\":\"glibc\"},\"summary\":\"GNU C Library: Binaries\"},{\"name\":\"libc6\",\"version\":\"2.27-3ubuntu1.6\",\"arch\":\"amd64\",\"source\":{\"name\":\"glibc\"},\"summary\":\"GNU C Library: Shared libraries\"},{\"name\":\"libcap-ng0\",\"version\":\"0.7.7-3.1\",\"arch\":\"amd64\",\"source\":{\"name\":\"libcap-ng\"},\"summary\":\"An alternate POSIX capabilities library\"},{\"name\":\"libcom-err2\",\"version\":\"1.44.1-1ubuntu1.4\",\"arch\":\"amd64\",\"source\":{\"name\":\"e2fsprogs\"},\"summary\":\"common error description library\"},{\"name\":\"libdb5.3\",\"version\":\"5.3.28-13.1ubuntu1.1\",\"arch\":\"amd64\",\"source\":{\"name\":\"db5.3\"},\"summary\":\"Berkeley v5.3 Database Libraries [runtime]\"},{\"name\":\"libdebconfclient0\",\"version\":\"0.213ubuntu1\",\"arch\":\"amd64\",\"source\":{\"name\":\"cdebconf\"},\"summary\":\"Debian Configuration Management System (C-implementation library)\"},{\"name\":\"libexpat1\",\"version\":\"2.2.5-3ubuntu0.7\",\"arch\":\"amd64\",\"source\":{\"name\":\"expat\"},\"summary\":\"XML parsing C library - runtime library\"},{\"name\":\"libext2fs2\",\"version\":\"1.44.1-1ubuntu1.4\",\"arch\":\"amd64\",\"source\":{\"name\":\"e2fsprogs\"},\"summary\":\"ext2/ext3/ext4 file system libraries\"},{\"name\":\"libfdisk1\",\"version\":\"2.31.1-0.4ubuntu3.7\",\"arch\":\"amd64\",\"source\":{\"name\":\"util-linux\"},\"summary\":\"fdisk partitioning library\"},{\"name\":\"libffi6\",\"version\":\"3.2.1-8\",\"arch\":\"amd64\",\"source\":{\"name\":\"libffi\"},\"summary\":\"Foreign Function Interface library runtime\"},{\"name\":\"libgcc1\",\"version\":\"1:8.4.0-1ubuntu1~18.04\",\"arch\":\"amd64\",\"source\":{\"name\":\"gcc-8\",\"version\":\"8.4.0-1ubuntu1~18.04\",\"upstreamVersion\":\"8.4.0\"},\"summary\":\"GCC support library\"},{\"name\":\"libgcrypt20\",\"version\":\"1.8.1-4ubuntu1.3\",\"arch\":\"amd64\",\"source\":{\"name\":\"\"},\"summary\":\"LGPL Crypto library - runtime library\"},{\"name\":\"libgmp10\",\"version\":\"2:6.1.2+dfsg-2\",\"arch\":\"amd64\",\"source\":{\"name\":\"gmp\"},\"summary\":\"Multiprecision arithmetic library\"},{\"name\":\"libgnutls30\",\"version\":\"3.5.18-1ubuntu1.6\",\"arch\":\"amd64\",\"source\":{\"name\":\"gnutls28\"},\"summary\":\"GNU TLS library - main runtime library\"},{\"name\":\"libgpg-error0\",\"version\":\"1.27-6\",\"arch\":\"amd64\",\"source\":{\"name\":\"libgpg-error\"},\"summary\":\"library for common error values and messages in GnuPG components\"},{\"name\":\"libhogweed4\",\"version\":\"3.4.1-0ubuntu0.18.04.1\",\"arch\":\"amd64\",\"source\":{\"name\":\"nettle\"},\"summary\":\"low level cryptographic library (public-key cryptos)\"},{\"name\":\"libidn2-0\",\"version\":\"2.0.4-1.1ubuntu0.2\",\"arch\":\"amd64\",\"source\":{\"name\":\"libidn2\"},\"summary\":\"Internationalized domain names (IDNA2008/TR46) library\"},{\"name\":\"liblz4-1\",\"version\":\"0.0~r131-2ubuntu3.1\",\"arch\":\"amd64\",\"source\":{\"name\":\"lz4\"},\"summary\":\"Fast LZ compression algorithm library - runtime\"},{\"name\":\"liblzma5\",\"version\":\"5.2.2-1.3ubuntu0.1\",\"arch\":\"amd64\",\"source\":{\"name\":\"xz-utils\"},\"summary\":\"XZ-format compression library\"},{\"name\":\"libmount1\",\"version\":\"2.31.1-0.4ubuntu3.7\",\"arch\":\"amd64\",\"source\":{\"name\":\"util-linux\"},\"summary\":\"device mounting library\"},{\"name\":\"libncurses5\",\"version\":\"6.1-1ubuntu1.18.04\",\"arch\":\"amd64\",\"source\":{\"name\":\"ncurses\"},\"summary\":\"shared libraries for terminal handling\"},{\"name\":\"libncursesw5\",\"version\":\"6.1-1ubuntu1.18.04\",\"arch\":\"amd64\",\"source\":{\"name\":\"ncurses\"},\"summary\":\"shared libraries for terminal handling (wide character support)\"},{\"name\":\"libnettle6\",\"version\":\"3.4.1-0ubuntu0.18.04.1\",\"arch\":\"amd64\",\"source\":{\"name\":\"nettle\"},\"summary\":\"low level cryptographic library (symmetric and one-way cryptos)\"},{\"name\":\"libp11-kit0\",\"version\":\"0.23.9-2ubuntu0.1\",\"arch\":\"amd64\",\"source\":{\"name\":\"p11-kit\"},\"summary\":\"library for loading and coordinating access to PKCS#11 modules - runtime\"},{\"name\":\"libpam-modules\",\"version\":\"1.1.8-3.6ubuntu2.18.04.3\",\"arch\":\"amd64\",\"source\":{\"name\":\"pam\"},\"summary\":\"Pluggable Authentication Modules for PAM\"},{\"name\":\"libpam-modules-bin\",\"version\":\"1.1.8-3.6ubuntu2.18.04.3\",\"arch\":\"amd64\",\"source\":{\"name\":\"pam\"},\"summary\":\"Pluggable Authentication Modules for PAM - helper binaries\"},{\"name\":\"libpam-runtime\",\"version\":\"1.1.8-3.6ubuntu2.18.04.3\",\"arch\":\"all\",\"source\":{\"nam"
18:30:10.384 [Test worker] DEBUG com.github.dockerjava.zerodep.shaded.org.apache.hc.client5.http.wire - http-outgoing-0 << "e\":\"pam\"},\"summary\":\"Runtime support for the PAM library\"},{\"name\":\"libpam0g\",\"version\":\"1.1.8-3.6ubuntu2.18.04.3\",\"arch\":\"amd64\",\"source\":{\"name\":\"pam\"},\"summary\":\"Pluggable Authentication Modules library\"},{\"name\":\"libpcre3\",\"version\":\"2:8.39-9ubuntu0.1\",\"arch\":\"amd64\",\"source\":{\"name\":\"pcre3\"},\"summary\":\"Old Perl 5 Compatible Regular Expression Library - runtime files\"},{\"name\":\"libprocps6\",\"version\":\"2:3.3.12-3ubuntu1.2\",\"arch\":\"amd64\",\"source\":{\"name\":\"procps\"},\"summary\":\"library for accessing process information from /proc\"},{\"name\":\"libseccomp2\",\"version\":\"2.5.1-1ubuntu1~18.04.2\",\"arch\":\"amd64\",\"source\":{\"name\":\"libseccomp\"},\"summary\":\"high level interface to Linux seccomp filter\"},{\"name\":\"libselinux1\",\"version\":\"2.7-2build2\",\"arch\":\"amd64\",\"source\":{\"name\":\"libselinux\"},\"summary\":\"SELinux runtime shared libraries\"},{\"name\":\"libsemanage-common\",\"version\":\"2.7-2build2\",\"arch\":\"all\",\"source\":{\"name\":\"libsemanage\"},\"summary\":\"Common files for SELinux policy management libraries\"},{\"name\":\"libsemanage1\",\"version\":\"2.7-2build2\",\"arch\":\"amd64\",\"source\":{\"name\":\"libsemanage\"},\"summary\":\"SELinux policy management library\"},{\"name\":\"libsepol1\",\"version\":\"2.7-1ubuntu0.1\",\"arch\":\"amd64\",\"source\":{\"name\":\"libsepol\"},\"summary\":\"SELinux library for manipulating binary security policies\"},{\"name\":\"libsmartcols1\",\"version\":\"2.31.1-0.4ubuntu3.7\",\"arch\":\"amd64\",\"source\":{\"name\":\"util-linux\"},\"summary\":\"smart column output alignment library\"},{\"name\":\"libss2\",\"version\":\"1.44.1-1ubuntu1.4\",\"arch\":\"amd64\",\"source\":{\"name\":\"e2fsprogs\"},\"summary\":\"command-line interface parsing library\"},{\"name\":\"libssl1.1\",\"version\":\"1.1.1-1ubuntu2.1~18.04.20\",\"arch\":\"amd64\",\"source\":{\"name\":\"openssl\"},\"summary\":\"Secure Sockets Layer toolkit - shared libraries\"},{\"name\":\"libstdc++6\",\"version\":\"8.4.0-1ubuntu1~18.04\",\"arch\":\"amd64\",\"source\":{\"name\":\"gcc-8\"},\"summary\":\"GNU Standard C++ Library v3\"},{\"name\":\"libsystemd0\",\"version\":\"237-3ubuntu10.53\",\"arch\":\"amd64\",\"source\":{\"name\":\"systemd\"},\"summary\":\"systemd utility library\"},{\"name\":\"libtasn1-6\",\"version\":\"4.13-2\",\"arch\":\"amd64\",\"source\":{\"name\":\"\"},\"summary\":\"Manage ASN.1 structures (runtime)\"},{\"name\":\"libtinfo5\",\"version\":\"6.1-1ubuntu1.18.04\",\"arch\":\"amd64\",\"source\":{\"name\":\"ncurses\"},\"summary\":\"shared low-level terminfo library for terminal handling\"},{\"name\":\"libudev1\",\"version\":\"237-3ubuntu10.53\",\"arch\":\"amd64\",\"source\":{\"name\":\"systemd\"},\"summary\":\"libudev shared library\"},{\"name\":\"libunistring2\",\"version\":\"0.9.9-0ubuntu2\",\"arch\":\"amd64\",\"source\":{\"name\":\"libunistring\"},\"summary\":\"Unicode string library for C\"},{\"name\":\"libuuid1\",\"version\":\"2.31.1-0.4ubuntu3.7\",\"arch\":\"amd64\",\"source\":{\"name\":\"util-linux\"},\"summary\":\"Universally Unique ID library\"},{\"name\":\"libyaml-0-2\",\"version\":\"0.1.7-2ubuntu3\",\"arch\":\"amd64\",\"source\":{\"name\":\"libyaml\"},\"summary\":\"Fast YAML 1.1 parser and emitter library\"},{\"name\":\"libzstd1\",\"version\":\"1.3.3+dfsg-2ubuntu1.2\",\"arch\":\"amd64\",\"source\":{\"name\":\"libzstd\"},\"summary\":\"fast lossless compression algorithm\"},{\"name\":\"locales\",\"version\":\"2.27-3ubuntu1.6\",\"arch\":\"all\",\"source\":{\"name\":\"glibc\"},\"summary\":\"GNU C Library: National Language (locale) data [support]\"},{\"name\":\"login\",\"version\":\"1:4.5-1ubuntu2.3\",\"arch\":\"amd64\",\"source\":{\"name\":\"shadow\"},\"summary\":\"system login tools\"},{\"name\":\"lsb-base\",\"version\":\"9.20170808ubuntu1\",\"arch\":\"all\",\"source\":{\"name\":\"lsb\"},\"summary\":\"Linux Standard Base init script functionality\"},{\"name\":\"mawk\",\"version\":\"1.3.3-17ubuntu3\",\"arch\":\"amd64\",\"source\":{\"name\":\"\"},\"summary\":\"a pattern scanning and text processing language\"},{\"name\":\"mount\",\"version\":\"2.31.1-0.4ubuntu3.7\",\"arch\":\"amd64\",\"source\":{\"name\":\"util-linux\"},\"summary\":\"tools for mounting and manipulating filesystems\"},{\"name\":\"ncurses-base\",\"version\":\"6.1-1ubuntu1.18.04\",\"arch\":\"all\",\"source\":{\"name\":\"ncurses\"},\"summary\":\"basic terminal type definitions\"},{\"name\":\"ncurses-bin\",\"version\":\"6.1-1ubuntu1.18.04\",\"arch\":\"amd64\",\"source\":{\"name\":\"ncurses\"},\"summary\":\"terminal-related programs and man pages\"},{\"name\":\"netbase\",\"version\":\"5.4\",\"arch\":\"all\",\"source\":{\"name\":\"\"},\"summary\":\"Basic TCP/IP networking system\"},{\"name\":\"openssl\",\"version\":\"1.1.1-1ubuntu2.1~18.04.20\",\"arch\":\"amd64\",\"source\":{\"name\":\"\"},\"summary\":\"Secure Sockets Layer toolkit - cryptographic utility\"},{\"name\":\"passwd\",\"version\":\"1:4.5-1ubuntu2.3\",\"arch\":\"amd64\",\"source\":{\"name\":\"shadow\"},\"summary\":\"change and administer password and group data\"},{\"name\":\"perl-base\",\"version\":\"5.26.1-6ubuntu0.5\",\"arch\":\"amd64\",\"source\":{\"name\":\"perl\"},\"summary\":\"minimal Perl system\"},{\"name\":\"procps\",\"version\":\"2:3.3.12-3ubuntu1.2\",\"arch\":\"amd64\",\"source\":{\"name\":\"\"},\"summary\":\"/proc file system utilities\"},{\"name\":\"sed\",\"version\":\"4.4-2\",\"arch\":\"amd64\",\"source\":{\"name\":\"\"},\"summary\":\"GNU stream editor for filtering/transforming text\"},{\"name\":\"sensible-utils\",\"version\":\"0.0.12\",\"arch\":\"all\",\"source\":{\"name\":\"\"},\"summary\":\"Utilities for sensible alternative selection\"},{\"name\":\"sysvinit-utils\",\"version\":\"2.88dsf-59.10ubuntu1\",\"arch\":\"amd64\",\"source\":{\"name\":\"sysvinit\"},\"summary\":\"System-V-like utilities\"},{\"name\":\"tar\",\"version\":\"1.29b-2ubuntu0.3\",\"arch\":\"amd64\",\"source\":{\"name\":\"\"},\"summary\":\"GNU version of the tar archiving utility\"},{\"name\":\"tzdata\",\"version\":\"2022a-0ubuntu0.18.04\",\"arch\":\"all\",\"source\":{\"name\":\"\"},\"summary\":\"time zone and daylight-saving time data\"},{\"name\":\"ubuntu-keyring\",\"version\":\"2018.09.18.1~18.04.2\",\"arch\":\"all\",\"source\":{\"name\":\"\"},\"summary\":\"GnuPG keys of the Ubuntu archive\"},{\"name\":\"util-linux\",\"version\":\"2.31.1-0.4ubuntu3.7\",\"arch\":\"amd64\",\"source\":{\"name\":\"\"},\"summary\":\"miscellaneous system utilities\"},{\"name\":\"zlib1g\",\"version\":\"1:1.2.11.dfsg-0ubuntu2.1\",\"arch\":\"amd64\",\"source\":{\"name\":\"zlib\"},\"summary\":\"compression library - runtime\"}]","org.opencontainers.image.title":"twitter-to-kafka-service","org.opencontainers.image.version":"0.0.1-SNAPSHOT","org.springframework.boot.version":"2.7.2"},"ParentId":"","RepoDigests":["<none>@<none>"],"RepoTags":["<none>:<none>"],"SharedSize":-1,"Size":289318293,"VirtualSize":289318293},{"Containers":-1,"Created":315532801,"Id":"sha256:2183e4ab758a31cf115a20b86940017a877fcc6f0862d40f44f03bc5e758a395","Labels":{"io.buildpacks.builder.metadata":"{\"description\":\"Ubuntu bionic base image with buildpacks for Java, .NET Core, NodeJS, Go, Python, Ruby, Apache HTTPD, NGINX and Procfile\",\"buildpacks\":[{\"id\":\"paketo-buildpacks/dotnet-core\",\"name\":\"Paketo .NET Core Buildpack\",\"version\":\"0.20.0\",\"homepage\":\"https://github.com/paketo-buildpacks/dotnet-core\"},{\"id\":\"paketo-buildpacks/node-engine\",\"name\":\"Paketo Node Engine Buildpack\",\"version\":\"0.14.0\",\"homepage\":\"https://github.com/paketo-buildpacks/node-engine\"},{\"id\":\"paketo-buildpacks/procfile\",\"name\":\"Paketo Procfile Buildpack\",\"version\":\"5.2.0\",\"homepage\":\"https://github.com/paketo-buildpacks/procfile\"},{\"id\":\"paketo-buildpacks/watchexec\",\"name\":\"Paketo Watchexec Buildpack\",\"version\":\"2.5.2\",\"homepage\":\"https://github.com/paketo-buildpacks/watchexec\"},{\"id\":\"paketo-buildpacks/dotnet-core-sdk\",\"name\":\"Pak"
18:30:10.387 [Test worker] DEBUG com.github.dockerjava.zerodep.shaded.org.apache.hc.client5.http.wire - http-outgoing-0 << "eto .NET Core SDK Buildpack\",\"version\":\"0.9.0\",\"homepage\":\"https://github.com/paketo-buildpacks/dotnet-core-sdk\"},{\"id\":\"paketo-buildpacks/dotnet-publish\",\"name\":\"Paketo .NET Publish Buildpack\",\"version\":\"0.8.0\",\"homepage\":\"https://github.com/paketo-buildpacks/dotnet-publish\"},{\"id\":\"paketo-buildpacks/environment-variables\",\"name\":\"Paketo Environment Variables Buildpack\",\"version\":\"4.1.2\",\"homepage\":\"https://github.com/paketo-buildpacks/environment-variables\"},{\"id\":\"paketo-buildpacks/icu\",\"name\":\"Paketo ICU Buildpack\",\"version\":\"0.3.0\",\"homepage\":\"https://github.com/paketo-buildpacks/icu\"},{\"id\":\"paketo-buildpacks/dotnet-execute\",\"name\":\"Paketo .NET Execute Buildpack\",\"version\":\"0.10.1\",\"homepage\":\"https://github.com/paketo-buildpacks/dotnet-execute\"},{\"id\":\"paketo-buildpacks/image-labels\",\"name\":\"Paketo Image Labels Buildpack\",\"version\":\"4.1.2\",\"homepage\":\"https://github.com/paketo-buildpacks/image-labels\"},{\"id\":\"paketo-buildpacks/ca-certificates\",\"name\":\"Paketo CA Certificates Buildpack\",\"version\":\"3.2.4\",\"homepage\":\"https://github.com/paketo-buildpacks/ca-certificates\"},{\"id\":\"paketo-buildpacks/dotnet-core-aspnet\",\"name\":\"Paketo ASP.NET Core Buildpack\",\"version\":\"0.9.0\",\"homepage\":\"https://github.com/paketo-buildpacks/dotnet-core-aspnet\"},{\"id\":\"paketo-buildpacks/dotnet-core-runtime\",\"name\":\"Paketo .NET Core Runtime Buildpack\",\"version\":\"0.10.0\",\"homepage\":\"https://github.com/paketo-buildpacks/dotnet-core-runtime\"},{\"id\":\"paketo-buildpacks/go\",\"name\":\"Paketo Go Buildpack\",\"version\":\"2.1.0\",\"homepage\":\"https://github.com/paketo-buildpacks/go\"},{\"id\":\"paketo-buildpacks/go-build\",\"name\":\"Paketo Go Build Buildpack\",\"version\":\"2.0.1\",\"homepage\":\"https://github.com/paketo-buildpacks/go-build\"},{\"id\":\"paketo-buildpacks/go-dist\",\"name\":\"Paketo Go Distribution Buildpack\",\"version\":\"2.1.0\",\"homepage\":\"https://github.com/paketo-buildpacks/go-dist\"},{\"id\":\"paketo-buildpacks/go-mod-vendor\",\"name\":\"Paketo Go Mod Vendor Buildpack\",\"version\":\"1.0.1\",\"homepage\":\"https://github.com/paketo-buildpacks/go-mod-vendor\"},{\"id\":\"paketo-buildpacks/image-labels\",\"name\":\"Paketo Image Labels Buildpack\",\"version\":\"4.1.3\",\"homepage\":\"https://github.com/paketo-buildpacks/image-labels\"},{\"id\":\"paketo-buildpacks/dep\",\"name\":\"Paketo Dep Buildpack\",\"version\":\"0.6.0\",\"homepage\":\"https://github.com/paketo-buildpacks/dep\"},{\"id\":\"paketo-buildpacks/dep-ensure\",\"name\":\"Paketo Dep Ensure Buildpack\",\"version\":\"0.4.1\",\"homepage\":\"https://github.com/paketo-buildpacks/dep-ensure\"},{\"id\":\"paketo-buildpacks/environment-variables\",\"name\":\"Paketo Environment Variables Buildpack\",\"version\":\"4.1.3\",\"homepage\":\"https://github.com/paketo-buildpacks/environment-variables\"},{\"id\":\"paketo-buildpacks/git\",\"name\":\"Paketo Git Buildpack\",\"version\":\"0.4.2\",\"homepage\":\"https://github.com/paketo-buildpacks/git\"},{\"id\":\"paketo-buildpacks/procfile\",\"name\":\"Paketo Procfile Buildpack\",\"version\":\"5.2.1\",\"homepage\":\"https://github.com/paketo-buildpacks/procfile\"},{\"id\":\"paketo-buildpacks/watchexec\",\"name\":\"Paketo Watchexec Buildpack\",\"version\":\"2.5.4\",\"homepage\":\"https://github.com/paketo-buildpacks/watchexec\"},{\"id\":\"paketo-buildpacks/ca-certificates\",\"name\":\"Paketo CA Certificates Buildpack\",\"version\":\"3.2.5\",\"homepage\":\"https://github.com/paketo-buildpacks/ca-certificates\"},{\"id\":\"paketo-buildpacks/java-native-image\",\"name\":\"Paketo Java Native Image Buildpack\",\"version\":\"7.26.0\",\"homepage\":\"https://paketo.io/docs/howto/java/#build-an-app-as-a-graalvm-native-image-application\"},{\"id\":\"paketo-buildpacks/bellsoft-liberica\",\"name\":\"Paketo BellSoft Liberica Buildpack\",\"version\":\"9.4.1\",\"homepage\":\"https://github.com/paketo-buildpacks/bellsoft-liberica\"},{\"id\":\"paketo-buildpacks/environment-variables\",\"name\":\"Paketo Environment Variables Buildpack\",\"version\":\"4.1.3\",\"homepage\":\"https://github.com/paketo-buildpacks/environment-variables\"},{\"id\":\"paketo-buildpacks/maven\",\"name\":\"Paketo Maven Buildpack\",\"version\":\"6.6.1\",\"homepage\":\"https://github.com/paketo-buildpacks/maven\"},{\"id\":\"paketo-buildpacks/leiningen\",\"name\":\"Paketo Leiningen Buildpack\",\"version\":\"4.3.4\",\"homepage\":\"https://github.com/paketo-buildpacks/leiningen\"},{\"id\":\"paketo-buildpacks/procfile\",\"name\":\"Paketo Procfile Buildpack\",\"version\":\"5.2.1\",\"homepage\":\"https://github.com/paketo-buildpacks/procfile\"},{\"id\":\"paketo-buildpacks/sbt\",\"name\":\"Paketo SBT Buildpack\",\"version\":\"6.5.1\",\"homepage\":\"https://github.com/paketo-buildpacks/sbt\"},{\"id\":\"paketo-buildpacks/image-labels\",\"name\":\"Paketo Image Labels Buildpack\",\"version\":\"4.1.3\",\"homepage\":\"https://github.com/paketo-buildpacks/image-labels\"},{\"id\":\"paketo-buildpacks/spring-boot\",\"name\":\"Paketo Spring Boot Buildpack\",\"version\":\"5.15.0\",\"homepage\":\"https://github.com/paketo-buildpacks/spring-boot\"},{\"id\":\"paketo-buildpacks/upx\",\"name\":\"Paketo UPX Buildpack\",\"version\":\"3.1.4\",\"homepage\":\"https://github.com/paketo-buildpacks/upx\"},{\"id\":\"paketo-buildpacks/ca-certificates\",\"name\":\"Paketo CA Certificates Buildpack\",\"version\":\"3.2.5\",\"homepage\":\"https://github.com/paketo-buildpacks/ca-certificates\"},{\"id\":\"paketo-buildpacks/executable-jar\",\"name\":\"Paketo Executable JAR Buildpack\",\"version\":\"6.2.5\",\"homepage\":\"https://github.com/paketo-buildpacks/executable-jar\"},{\"id\":\"paketo-buildpacks/gradle\",\"name\":\"Paketo Gradle Buildpack\",\"version\":\"6.5.1\",\"homepage\":\"https://github.com/paketo-buildpacks/gradle\"},{\"id\":\"paketo-buildpacks/native-image\",\"name\":\"Paketo Native Image Buildpack\",\"version\":\"5.2.5\",\"homepage\":\"https://github.com/paketo-buildpacks/native-image\"},{\"id\":\"paketo-buildpacks/syft\",\"name\":\"Paketo Syft Buildpack\",\"version\":\"1.16.0\",\"homepage\":\"https://github.com/paketo-buildpacks/syft\"},{\"id\":\"paketo-buildpacks/java\",\"name\":\"Paketo Java Buildpack\",\"version\":\"6.34.0\",\"homepage\":\"https://paketo.io/docs/howto/java\"},{\"id\":\"paketo-buildpacks/environment-variables\",\"name\":\"Paketo Environment Variables Buildpack\",\"version\":\"4.1.3\",\"homepage\":\"https://github.com/paketo-buildpacks/environment-variables\"},{\"id\":\"paketo-buildpacks/executable-jar\",\"name\":\"Paketo Executable JAR Buildpack\",\"version\":\"6.2.5\",\"homepage\":\"https://github.com/paketo-buildpacks/executable-jar\"},{\"id\":\"paketo-buildpacks/jattach\",\"name\":\"Paketo JAttach Buildpack\",\"version\":\"1.0.3\",\"homepage\":\"https://github.com/paketo-buildpacks/jattach\"},{\"id\":\"paketo-buildpacks/java-memory-assistant\",\"name\":\"Paketo Java Memory Assistant Buildpack\",\"version\":\"1.0.2\",\"homepage\":\"https://github.com/paketo-buildpacks/java-memory-assistant\"},{\"id\":\"paketo-buildpacks/apache-tomcat\",\"name\":\"Paketo Apache Tomcat Buildpack\",\"version\":\"7.3.10\",\"homepage\":\"https://github.com/paketo-buildpacks/apache-tomcat\"},{\"id\":\"paketo-buildpacks/apache-tomee\",\"name\":\"Paketo Apache Tomee Buildpack\",\"version\":\"1.0.8\",\"homepage\":\"https://github.com/paketo-buildpacks/apache-tomee\"},{\"id\":\"paketo-buildpacks/bellsoft-liberica\",\"name\":\"Paketo BellSoft Liberica Buildpack\",\"version\":\"9.4.1\",\"homepage\":\"https://github.com/paketo-buildpacks/bellsoft-liberica\"},{\"id\":\"paketo-buildpacks/image-labels\",\"name\":\"Paketo Image Labels Buildpack\",\"version\":\"4.1.3\",\"homepage\":\"https://github.com/paketo-buildpacks/image-labels\"},{\"id\":\"paketo-buildpacks/liberty\",\"name\":\"Paketo Liberty Buildpack\",\"version\":\"1.1.4\",\"homepage\":\"https://github.com/paketo-buildpacks/liberty\"},{\"id\":\"paket"
18:30:10.388 [Test worker] DEBUG com.github.dockerjava.zerodep.shaded.org.apache.hc.client5.http.wire - http-outgoing-0 << "o-buildpacks/maven\",\"name\":\"Paketo Maven Buildpack\",\"version\":\"6.6.1\",\"homepage\":\"https://github.com/paketo-buildpacks/maven\"},{\"id\":\"paketo-buildpacks/procfile\",\"name\":\"Paketo Procfile Buildpack\",\"version\":\"5.2.1\",\"homepage\":\"https://github.com/paketo-buildpacks/procfile\"},{\"id\":\"paketo-buildpacks/clojure-tools\",\"name\":\"Paketo Clojure Tools Buildpack\",\"version\":\"2.4.7\",\"homepage\":\"https://github.com/paketo-buildpacks/clojure-tools\"},{\"id\":\"paketo-buildpacks/encrypt-at-rest\",\"name\":\"Paketo Encrypt-at-Rest Buildpack\",\"version\":\"4.1.3\",\"homepage\":\"https://github.com/paketo-buildpacks/encrypt-at-rest\"},{\"id\":\"paketo-buildpacks/gradle\",\"name\":\"Paketo Gradle Buildpack\",\"version\":\"6.5.1\",\"homepage\":\"https://github.com/paketo-buildpacks/gradle\"},{\"id\":\"paketo-buildpacks/leiningen\",\"name\":\"Paketo Leiningen Buildpack\",\"version\":\"4.3.4\",\"homepage\":\"https://github.com/paketo-buildpacks/leiningen\"},{\"id\":\"paketo-buildpacks/sbt\",\"name\":\"Paketo SBT Buildpack\",\"version\":\"6.5.1\",\"homepage\":\"https://github.com/paketo-buildpacks/sbt\"},{\"id\":\"paketo-buildpacks/watchexec\",\"name\":\"Paketo Watchexec Buildpack\",\"version\":\"2.5.4\",\"homepage\":\"https://github.com/paketo-buildpacks/watchexec\"},{\"id\":\"paketo-buildpacks/ca-certificates\",\"name\":\"Paketo CA Certificates Buildpack\",\"version\":\"3.2.5\",\"homepage\":\"https://github.com/paketo-buildpacks/ca-certificates\"},{\"id\":\"paketo-buildpacks/datadog\",\"name\":\"Paketo Datadog Buildpack\",\"version\":\"1.10.1\",\"homepage\":\"https://github.com/paketo-buildpacks/datadog\"},{\"id\":\"paketo-buildpacks/dist-zip\",\"name\":\"Paketo DistZip Buildpack\",\"version\":\"5.2.5\",\"homepage\":\"https://github.com/paketo-buildpacks/dist-zip\"},{\"id\":\"paketo-buildpacks/spring-boot\",\"name\":\"Paketo Spring Boot Buildpack\",\"version\":\"5.15.0\",\"homepage\":\"https://github.com/paketo-buildpacks/spring-boot\"},{\"id\":\"paketo-buildpacks/syft\",\"name\":\"Paketo Syft Buildpack\",\"version\":\"1.16.0\",\"homepage\":\"https://github.com/paketo-buildpacks/syft\"},{\"id\":\"paketo-buildpacks/azure-application-insights\",\"name\":\"Paketo Azure Application Insights Buildpack\",\"version\":\"5.5.2\",\"homepage\":\"https://github.com/paketo-buildpacks/azure-application-insights\"},{\"id\":\"paketo-buildpacks/google-stackdriver\",\"name\":\"Paketo Google Stackdriver Buildpack\",\"version\":\"6.2.0\",\"homepage\":\"https://github.com/paketo-buildpacks/google-stackdriver\"},{\"id\":\"paketo-buildpacks/nodejs\",\"name\":\"Paketo Node.js Buildpack\",\"version\":\"0.22.0\",\"homepage\":\"https://github.com/paketo-buildpacks/nodejs\"},{\"id\":\"paketo-buildpacks/node-start\",\"name\":\"Paketo Node Start Buildpack\",\"version\":\"0.8.2\",\"homepage\":\"https://github.com/paketo-buildpacks/node-start\"},{\"id\":\"paketo-buildpacks/watchexec\",\"name\":\"Paketo Watchexec Buildpack\",\"version\":\"2.5.3\",\"homepage\":\"https://github.com/paketo-buildpacks/watchexec\"},{\"id\":\"paketo-buildpacks/yarn-install\",\"name\":\"Paketo Yarn Install Buildpack\",\"version\":\"0.10.2\",\"homepage\":\"https://github.com/paketo-buildpacks/yarn-install\"},{\"id\":\"paketo-buildpacks/image-labels\",\"name\":\"Paketo Image Labels Buildpack\",\"version\":\"4.1.3\",\"homepage\":\"https://github.com/paketo-buildpacks/image-labels\"},{\"id\":\"paketo-buildpacks/npm-install\",\"name\":\"Paketo NPM Install Buildpack\",\"version\":\"0.10.3\",\"homepage\":\"https://github.com/paketo-buildpacks/npm-install\"},{\"id\":\"paketo-buildpacks/procfile\",\"name\":\"Paketo Procfile Buildpack\",\"version\":\"5.2.1\",\"homepage\":\"https://github.com/paketo-buildpacks/procfile\"},{\"id\":\"paketo-buildpacks/npm-start\",\"name\":\"Paketo NPM Start Buildpack\",\"version\":\"0.9.2\",\"homepage\":\"https://github.com/paketo-buildpacks/npm-start\"},{\"id\":\"paketo-buildpacks/yarn\",\"name\":\"Paketo Yarn Buildpack\",\"version\":\"0.8.0\",\"homepage\":\"https://github.com/paketo-buildpacks/yarn\"},{\"id\":\"paketo-buildpacks/yarn-start\",\"name\":\"Paketo Yarn Start Buildpack\",\"version\":\"0.8.2\",\"homepage\":\"https://github.com/paketo-buildpacks/yarn-start\"},{\"id\":\"paketo-buildpacks/node-engine\",\"name\":\"Paketo Node Engine Buildpack\",\"version\":\"0.14.0\",\"homepage\":\"https://github.com/paketo-buildpacks/node-engine\"},{\"id\":\"paketo-buildpacks/node-module-bom\",\"name\":\"Paketo Node Module Bill of Materials Generator Buildpack\",\"version\":\"0.4.0\",\"homepage\":\"https://github.com/paketo-buildpacks/node-module-bom\"},{\"id\":\"paketo-buildpacks/node-run-script\",\"name\":\"Paketo Node Run Script Buildpack\",\"version\":\"0.4.1\",\"homepage\":\"https://github.com/paketo-buildpacks/node-run-script\"},{\"id\":\"paketo-buildpacks/ca-certificates\",\"name\":\"Paketo CA Certificates Buildpack\",\"version\":\"3.2.5\",\"homepage\":\"https://github.com/paketo-buildpacks/ca-certificates\"},{\"id\":\"paketo-buildpacks/datadog\",\"name\":\"Paketo Datadog Buildpack\",\"version\":\"1.10.0\",\"homepage\":\"https://github.com/paketo-buildpacks/datadog\"},{\"id\":\"paketo-buildpacks/environment-variables\",\"name\":\"Paketo Environment Variables Buildpack\",\"version\":\"4.1.3\",\"homepage\":\"https://github.com/paketo-buildpacks/environment-variables\"},{\"id\":\"paketo-buildpacks/procfile\",\"name\":\"Paketo Procfile Buildpack\",\"version\":\"5.2.1\",\"homepage\":\"https://github.com/paketo-buildpacks/procfile\"},{\"id\":\"paketo-buildpacks/python\",\"name\":\"Paketo Python Buildpack\",\"version\":\"2.0.0\"},{\"id\":\"paketo-buildpacks/conda-env-update\",\"name\":\"Paketo Conda Env Update Buildpack\",\"version\":\"0.5.0\",\"homepage\":\"https://github.com/paketo-buildpacks/conda-env-update\"},{\"id\":\"paketo-buildpacks/cpython\",\"name\":\"Paketo CPython Buildpack\",\"version\":\"1.2.1\"},{\"id\":\"paketo-buildpacks/procfile\",\"name\":\"Paketo Procfile Buildpack\",\"version\":\"5.2.1\",\"homepage\":\"https://github.com/paketo-buildpacks/procfile\"},{\"id\":\"paketo-buildpacks/watchexec\",\"name\":\"Paketo Watchexec Buildpack\",\"version\":\"2.5.4\",\"homepage\":\"https://github.com/paketo-buildpacks/watchexec\"},{\"id\":\"paketo-buildpacks/ca-certificates\",\"name\":\"Paketo CA Certificates Buildpack\",\"version\":\"3.2.5\",\"homepage\":\"https://github.com/paketo-buildpacks/ca-certificates\"},{\"id\":\"paketo-buildpacks/miniconda\",\"name\":\"Paketo Miniconda Buildpack\",\"version\":\"0.6.0\"},{\"id\":\"paketo-buildpacks/pipenv\",\"name\":\"Paketo Pipenv Buildpack\",\"version\":\"1.3.0\"},{\"id\":\"paketo-buildpacks/environment-variables\",\"name\":\"Paketo Environment Variables Buildpack\",\"version\":\"4.1.3\",\"homepage\":\"https://github.com/paketo-buildpacks/environment-variables\"},{\"id\":\"paketo-buildpacks/image-labels\",\"name\":\"Paketo Image Labels Buildpack\",\"version\":\"4.1.3\",\"homepage\":\"https://github.com/paketo-buildpacks/image-labels\"},{\"id\":\"paketo-buildpacks/poetry-install\",\"name\":\"Paketo Poetry Install Buildpack\",\"version\":\"0.3.0\"},{\"id\":\"paketo-buildpacks/poetry-run\",\"name\":\"Paketo Poetry Run Buildpack\",\"version\":\"0.4.0\"},{\"id\":\"paketo-buildpacks/python-start\",\"name\":\"Paketo Python Start Buildpack\",\"version\":\"0.12.0\",\"homepage\":\"https://github.com/paketo-buildpacks/python-start\"},{\"id\":\"paketo-buildpacks/pip\",\"name\":\"Paketo Pip Buildpack\",\"version\":\"0.14.0\"},{\"id\":\"paketo-buildpacks/pip-install\",\"name\":\"Paketo Pip Install Buildpack\",\"version\":\"0.5.0\"},{\"id\":\"paketo-buildpacks/pipenv-install\",\"name\":\"Paketo Pipenv Install Buildpack\",\"version\":\"0.6.0\"},{\"id\":\"paketo-buildpacks/poetry\",\"name\":\"Paketo Poetry Buildpack\",\"version\":\"0.3.0\"},{\"id\":\"paketo-buildpacks/ruby\",\"name\":\"Paketo Ruby Buildpack\",\"version\":\"0.15.0\",\"homepage\":\"https://github.com/paketo-buildpacks/ruby\"},{\"id\":\"paketo-buildpacks/image-labels\",\"na"
18:30:10.389 [Test worker] DEBUG com.github.dockerjava.zerodep.shaded.org.apache.hc.client5.http.wire - http-outgoing-0 << "me\":\"Paketo Image Labels Buildpack\",\"version\":\"4.1.2\",\"homepage\":\"https://github.com/paketo-buildpacks/image-labels\"},{\"id\":\"paketo-buildpacks/node-engine\",\"name\":\"Paketo Node Engine Buildpack\",\"version\":\"0.13.0\",\"homepage\":\"https://github.com/paketo-buildpacks/node-engine\"},{\"id\":\"paketo-buildpacks/procfile\",\"name\":\"Paketo Procfile Buildpack\",\"version\":\"5.1.2\",\"homepage\":\"https://github.com/paketo-buildpacks/procfile\"},{\"id\":\"paketo-buildpacks/puma\",\"name\":\"Paketo Puma Buildpack\",\"version\":\"0.4.0\",\"homepage\":\"https://github.com/paketo-buildpacks/puma\"},{\"id\":\"paketo-buildpacks/yarn\",\"name\":\"Paketo Yarn Buildpack\",\"version\":\"0.7.0\",\"homepage\":\"https://github.com/paketo-buildpacks/yarn\"},{\"id\":\"paketo-buildpacks/environment-variables\",\"name\":\"Paketo Environment Variables Buildpack\",\"version\":\"4.1.2\",\"homepage\":\"https://github.com/paketo-buildpacks/environment-variables\"},{\"id\":\"paketo-buildpacks/rackup\",\"name\":\"Paketo Rackup Buildpack\",\"version\":\"0.4.0\",\"homepage\":\"https://github.com/paketo-buildpacks/rackup\"},{\"id\":\"paketo-buildpacks/rails-assets\",\"name\":\"Paketo Rails Assets Buildpack\",\"version\":\"0.6.0\",\"homepage\":\"https://github.com/paketo-buildpacks/rails-assets\"},{\"id\":\"paketo-buildpacks/thin\",\"name\":\"Paketo Thin Buildpack\",\"version\":\"0.5.0\",\"homepage\":\"https://github.com/paketo-buildpacks/thin\"},{\"id\":\"paketo-buildpacks/yarn-install\",\"name\":\"Paketo Yarn Install Buildpack\",\"version\":\"0.10.0\",\"homepage\":\"https://github.com/paketo-buildpacks/yarn-install\"},{\"id\":\"paketo-buildpacks/bundler\",\"name\":\"Paketo Bundler Buildpack\",\"version\":\"0.5.3\",\"homepage\":\"https://github.com/paketo-buildpacks/bundler\"},{\"id\":\"paketo-buildpacks/rake\",\"name\":\"Paketo Rake Buildpack\",\"version\":\"0.4.0\",\"homepage\":\"https://github.com/paketo-buildpacks/rake\"},{\"id\":\"paketo-buildpacks/bundle-install\",\"name\":\"Paketo Bundle Install Buildpack\",\"version\":\"0.5.2\",\"homepage\":\"https://github.com/paketo-buildpacks/bundle-install\"},{\"id\":\"paketo-buildpacks/mri\",\"name\":\"Paketo MRI Buildpack\",\"version\":\"0.8.3\",\"homepage\":\"https://github.com/paketo-buildpacks/mri\"},{\"id\":\"paketo-buildpacks/passenger\",\"name\":\"Paketo Passenger Buildpack\",\"version\":\"0.6.2\",\"homepage\":\"https://github.com/paketo-buildpacks/passenger\"},{\"id\":\"paketo-buildpacks/unicorn\",\"name\":\"Paketo Unicorn Buildpack\",\"version\":\"0.4.0\",\"homepage\":\"https://github.com/paketo-buildpacks/unicorn\"},{\"id\":\"paketo-buildpacks/ca-certificates\",\"name\":\"Paketo CA Certificates Buildpack\",\"version\":\"3.2.4\",\"homepage\":\"https://github.com/paketo-buildpacks/ca-certificates\"},{\"id\":\"paketo-buildpacks/watchexec\",\"name\":\"Paketo Watchexec Buildpack\",\"version\":\"2.5.4\",\"homepage\":\"https://github.com/paketo-buildpacks/watchexec\"},{\"id\":\"paketo-buildpacks/web-servers\",\"name\":\"Paketo Web Servers Buildpack\",\"version\":\"0.1.0\",\"homepage\":\"https://github.com/paketo-buildpacks/web-servers\"},{\"id\":\"paketo-buildpacks/procfile\",\"name\":\"Paketo Procfile Buildpack\",\"version\":\"5.1.2\",\"homepage\":\"https://github.com/paketo-buildpacks/procfile\"},{\"id\":\"paketo-buildpacks/ca-certificates\",\"name\":\"Paketo CA Certificates Buildpack\",\"version\":\"3.2.4\",\"homepage\":\"https://github.com/paketo-buildpacks/ca-certificates\"},{\"id\":\"paketo-buildpacks/httpd\",\"name\":\"Paketo Apache HTTP Server Buildpack\",\"version\":\"0.4.2\",\"homepage\":\"https://github.com/paketo-buildpacks/httpd\"},{\"id\":\"paketo-buildpacks/nginx\",\"name\":\"Paketo Nginx Server Buildpack\",\"version\":\"0.7.0\",\"homepage\":\"https://github.com/paketo-buildpacks/nginx\"},{\"id\":\"paketo-buildpacks/node-engine\",\"name\":\"Paketo Node Engine Buildpack\",\"version\":\"0.13.0\",\"homepage\":\"https://github.com/paketo-buildpacks/node-engine\"},{\"id\":\"paketo-buildpacks/node-run-script\",\"name\":\"Paketo Node Run Script Buildpack\",\"version\":\"0.3.4\",\"homepage\":\"https://github.com/paketo-buildpacks/node-run-script\"},{\"id\":\"paketo-buildpacks/npm-install\",\"name\":\"Paketo NPM Install Buildpack\",\"version\":\"0.10.0\",\"homepage\":\"https://github.com/paketo-buildpacks/npm-install\"},{\"id\":\"paketo-buildpacks/watchexec\",\"name\":\"Paketo Watchexec Buildpack\",\"version\":\"2.5.1\",\"homepage\":\"https://github.com/paketo-buildpacks/watchexec\"},{\"id\":\"paketo-buildpacks/environment-variables\",\"name\":\"Paketo Environment Variables Buildpack\",\"version\":\"4.1.2\",\"homepage\":\"https://github.com/paketo-buildpacks/environment-variables\"},{\"id\":\"paketo-buildpacks/image-labels\",\"name\":\"Paketo Image Labels Buildpack\",\"version\":\"4.1.2\",\"homepage\":\"https://github.com/paketo-buildpacks/image-labels\"},{\"id\":\"paketo-buildpacks/yarn\",\"name\":\"Paketo Yarn Buildpack\",\"version\":\"0.7.0\",\"homepage\":\"https://github.com/paketo-buildpacks/yarn\"},{\"id\":\"paketo-buildpacks/yarn-install\",\"name\":\"Paketo Yarn Install Buildpack\",\"version\":\"0.10.0\",\"homepage\":\"https://github.com/paketo-buildpacks/yarn-install\"}],\"stack\":{\"runImage\":{\"image\":\"index.docker.io/paketobuildpacks/run:base-cnb\",\"mirrors\":[\"gcr.io/paketo-buildpacks/run:base-cnb\"]}},\"lifecycle\":{\"version\":\"0.14.1\",\"api\":{\"buildpack\":\"0.2\",\"platform\":\"0.3\"},\"apis\":{\"buildpack\":{\"deprecated\":[],\"supported\":[\"0.2\",\"0.3\",\"0.4\",\"0.5\",\"0.6\",\"0.7\",\"0.8\"]},\"platform\":{\"deprecated\":[],\"supported\":[\"0.3\",\"0.4\",\"0.5\",\"0.6\",\"0.7\",\"0.8\",\"0.9\"]}}},\"createdBy\":{\"name\":\"Pack CLI\",\"version\":\"0.27.0+git-f4f5be1.build-3382\"}}","io.buildpacks.buildpack.layers":"{\"paketo-buildpacks/apache-tomcat\":{\"7.3.10\":{\"api\":\"0.7\",\"stacks\":[{\"id\":\"*\"}],\"layerDiffID\":\"sha256:d11a66a3d9961d186796c96d9a7fdbe0d3c508c9aded417ba74b8fb86617faa9\",\"homepage\":\"https://github.com/paketo-buildpacks/apache-tomcat\",\"name\":\"Paketo Apache Tomcat Buildpack\"}},\"paketo-buildpacks/apache-tomee\":{\"1.0.8\":{\"api\":\"0.7\",\"stacks\":[{\"id\":\"*\"}],\"layerDiffID\":\"sha256:291a58386a0cc1a26c27c6ad3c083af96e91ac5e28f7f21eb2df862bc6428b5f\",\"homepage\":\"https://github.com/paketo-buildpacks/apache-tomee\",\"name\":\"Paketo Apache Tomee Buildpack\"}},\"paketo-buildpacks/azure-application-insights\":{\"5.5.2\":{\"api\":\"0.7\",\"stacks\":[{\"id\":\"io.buildpacks.stacks.bionic\"},{\"id\":\"io.paketo.stacks.tiny\"},{\"id\":\"*\"}],\"layerDiffID\":\"sha256:76e1f58271c95a20f82db263c61fbb4fc43870451a35ece2a34e497de30cc826\",\"homepage\":\"https://github.com/paketo-buildpacks/azure-application-insights\",\"name\":\"Paketo Azure Application Insights Buildpack\"}},\"paketo-buildpacks/bellsoft-liberica\":{\"9.4.1\":{\"api\":\"0.7\",\"stacks\":[{\"id\":\"io.paketo.stacks.tiny\"},{\"id\":\"io.buildpacks.stacks.bionic\"},{\"id\":\"*\"}],\"layerDiffID\":\"sha256:5ba889c9b8e454039d3b6bf5e1bef2c3b994ba2eca471eb279a7122ee23ba2f7\",\"homepage\":\"https://github.com/paketo-buildpacks/bellsoft-liberica\",\"name\":\"Paketo BellSoft Liberica Buildpack\"}},\"paketo-buildpacks/bundle-install\":{\"0.5.2\":{\"api\":\"0.7\",\"stacks\":[{\"id\":\"*\"}],\"layerDiffID\":\"sha256:812717f5f580f02bb6b9130a2a7f5b5bac3a8ff2ba68c65fdf24ed2acde58166\",\"homepage\":\"https://github.com/paketo-buildpacks/bundle-install\",\"name\":\"Paketo Bundle Install Buildpack\"}},\"paketo-buildpacks/bundler\":{\"0.5.3\":{\"api\":\"0.7\",\"stacks\":[{\"id\":\"io.buildpacks.stacks.bionic\"}],\"layerDiffID\":\"sha256:34881c049e50f08736d6a1fbf17fea2d04fd7a86b47f62a195a83cb83c364751\",\"homepage\":\"https://github.com/paketo-buildpacks/bundler\",\"name\":\"Paketo Bundler Buildpack\"}},\"paketo-buildpacks/ca-certificates\":{\"3.2.4\":{\"api\":\"0.7\",\"stacks\":[{\"id\":\"io.buildpacks.stacks.bionic\"},{\"id\":\"io.paketo.stacks.tiny\"},{\"id\":\"*\"}],\"layerDiffID\":\"sha256:e8e3b"
18:30:10.391 [Test worker] DEBUG com.github.dockerjava.zerodep.shaded.org.apache.hc.client5.http.wire - http-outgoing-0 << "178b2664b2540ded4395691ab75faacbe4d445b7f23b914229365a9314f\",\"homepage\":\"https://github.com/paketo-buildpacks/ca-certificates\",\"name\":\"Paketo CA Certificates Buildpack\"},\"3.2.5\":{\"api\":\"0.7\",\"stacks\":[{\"id\":\"io.buildpacks.stacks.bionic\"},{\"id\":\"io.paketo.stacks.tiny\"},{\"id\":\"*\"}],\"layerDiffID\":\"sha256:7f1fbfd6c7ca7b410054daad8d3bf43f3c574118e2e68086e54e90de061b55df\",\"homepage\":\"https://github.com/paketo-buildpacks/ca-certificates\",\"name\":\"Paketo CA Certificates Buildpack\"}},\"paketo-buildpacks/clojure-tools\":{\"2.4.7\":{\"api\":\"0.7\",\"stacks\":[{\"id\":\"io.buildpacks.stacks.bionic\"},{\"id\":\"io.paketo.stacks.tiny\"},{\"id\":\"*\"}],\"layerDiffID\":\"sha256:5b4e962e533d8dd891cd848ef2ce846b22b2f008e1333e036f245072f1d968b7\",\"homepage\":\"https://github.com/paketo-buildpacks/clojure-tools\",\"name\":\"Paketo Clojure Tools Buildpack\"}},\"paketo-buildpacks/conda-env-update\":{\"0.5.0\":{\"api\":\"0.7\",\"stacks\":[{\"id\":\"io.buildpacks.stacks.bionic\"},{\"id\":\"io.buildpacks.stacks.jammy\"},{\"id\":\"org.cloudfoundry.stacks.cflinuxfs3\"}],\"layerDiffID\":\"sha256:2ea0bb660fe84cb454a4b2e0c4fe015907898fbd5541cebafafcf4bc93c141a6\",\"homepage\":\"https://github.com/paketo-buildpacks/conda-env-update\",\"name\":\"Paketo Conda Env Update Buildpack\"}},\"paketo-buildpacks/cpython\":{\"1.2.1\":{\"api\":\"0.7\",\"stacks\":[{\"id\":\"io.buildpacks.stacks.bionic\"},{\"id\":\"io.buildpacks.stacks.jammy\"},{\"id\":\"org.cloudfoundry.stacks.cflinuxfs3\"}],\"layerDiffID\":\"sha256:350bcd9b5d67def91bd8ea2fb288b33f8b514de489b94e742d1fd89066dd29dc\",\"name\":\"Paketo CPython Buildpack\"}},\"paketo-buildpacks/datadog\":{\"1.10.0\":{\"api\":\"0.7\",\"stacks\":[{\"id\":\"io.buildpacks.stacks.bionic\"},{\"id\":\"io.paketo.stacks.tiny\"},{\"id\":\"*\"}],\"layerDiffID\":\"sha256:c6b67ccc78c886de79513375e07e65d8cde8c8ee55101602a3e78f469473d4e5\",\"homepage\":\"https://github.com/paketo-buildpacks/datadog\",\"name\":\"Paketo Datadog Buildpack\"},\"1.10.1\":{\"api\":\"0.7\",\"stacks\":[{\"id\":\"io.buildpacks.stacks.bionic\"},{\"id\":\"io.paketo.stacks.tiny\"},{\"id\":\"*\"}],\"layerDiffID\":\"sha256:996d064063e3f27309f7c33503a1f8e42b559a446152b02a1507ca2f8d087a17\",\"homepage\":\"https://github.com/paketo-buildpacks/datadog\",\"name\":\"Paketo Datadog Buildpack\"}},\"paketo-buildpacks/dep\":{\"0.6.0\":{\"api\":\"0.7\",\"stacks\":[{\"id\":\"io.buildpacks.stacks.bionic\"},{\"id\":\"io.paketo.stacks.tiny\"},{\"id\":\"io.buildpacks.stacks.jammy\"},{\"id\":\"io.buildpacks.stacks.jammy.tiny\"}],\"layerDiffID\":\"sha256:38c3591906aca9e610bd5bd1f0e4bcd82643ae125809a8390a4dbebe69ec3f04\",\"homepage\":\"https://github.com/paketo-buildpacks/dep\",\"name\":\"Paketo Dep Buildpack\"}},\"paketo-buildpacks/dep-ensure\":{\"0.4.1\":{\"api\":\"0.7\",\"stacks\":[{\"id\":\"*\"}],\"layerDiffID\":\"sha256:e51d215cf27b390b5d216ee288f56450d5df8729f96af5cacaaf46717bea24e4\",\"homepage\":\"https://github.com/paketo-buildpacks/dep-ensure\",\"name\":\"Paketo Dep Ensure Buildpack\"}},\"paketo-buildpacks/dist-zip\":{\"5.2.5\":{\"api\":\"0.7\",\"stacks\":[{\"id\":\"io.buildpacks.stacks.bionic\"},{\"id\":\"io.paketo.stacks.tiny\"},{\"id\":\"*\"}],\"layerDiffID\":\"sha256:6ed06a8bf7bf14925cbc7429d0f2f29f0de594dc8b176e3a7c0addd6892c8d0c\",\"homepage\":\"https://github.com/paketo-buildpacks/dist-zip\",\"name\":\"Paketo DistZip Buildpack\"}},\"paketo-buildpacks/dotnet-core\":{\"0.20.0\":{\"api\":\"0.8\",\"order\":[{\"group\":[{\"id\":\"paketo-buildpacks/ca-certificates\",\"version\":\"3.2.4\",\"optional\":true},{\"id\":\"paketo-buildpacks/watchexec\",\"version\":\"2.5.2\",\"optional\":true},{\"id\":\"paketo-buildpacks/dotnet-core-runtime\",\"version\":\"0.10.0\"},{\"id\":\"paketo-buildpacks/dotnet-core-aspnet\",\"version\":\"0.9.0\",\"optional\":true},{\"id\":\"paketo-buildpacks/dotnet-core-sdk\",\"version\":\"0.9.0\"},{\"id\":\"paketo-buildpacks/icu\",\"version\":\"0.3.0\",\"optional\":true},{\"id\":\"paketo-buildpacks/node-engine\",\"version\":\"0.14.0\",\"optional\":true},{\"id\":\"paketo-buildpacks/dotnet-publish\",\"version\":\"0.8.0\"},{\"id\":\"paketo-buildpacks/dotnet-execute\",\"version\":\"0.10.1\"},{\"id\":\"paketo-buildpacks/procfile\",\"version\":\"5.2.0\",\"optional\":true},{\"id\":\"paketo-buildpacks/environment-variables\",\"version\":\"4.1.2\",\"optional\":true},{\"id\":\"paketo-buildpacks/image-labels\",\"version\":\"4.1.2\",\"optional\":true}]},{\"group\":[{\"id\":\"paketo-buildpacks/ca-certificates\",\"version\":\"3.2.4\",\"optional\":true},{\"id\":\"paketo-buildpacks/watchexec\",\"version\":\"2.5.2\",\"optional\":true},{\"id\":\"paketo-buildpacks/dotnet-core-runtime\",\"version\":\"0.10.0\"},{\"id\":\"paketo-buildpacks/dotnet-core-aspnet\",\"version\":\"0.9.0\",\"optional\":true},{\"id\":\"paketo-buildpacks/dotnet-core-sdk\",\"version\":\"0.9.0\",\"optional\":true},{\"id\":\"paketo-buildpacks/icu\",\"version\":\"0.3.0\",\"optional\":true},{\"id\":\"paketo-buildpacks/node-engine\",\"version\":\"0.14.0\",\"optional\":true},{\"id\":\"paketo-buildpacks/dotnet-execute\",\"version\":\"0.10.1\"},{\"id\":\"paketo-buildpacks/procfile\",\"version\":\"5.2.0\",\"optional\":true},{\"id\":\"paketo-buildpacks/environment-variables\",\"version\":\"4.1.2\",\"optional\":true},{\"id\":\"paketo-buildpacks/image-labels\",\"version\":\"4.1.2\",\"optional\":true}]},{\"group\":[{\"id\":\"paketo-buildpacks/ca-certificates\",\"version\":\"3.2.4\",\"optional\":true},{\"id\":\"paketo-buildpacks/watchexec\",\"version\":\"2.5.2\",\"optional\":true},{\"id\":\"paketo-buildpacks/icu\",\"version\":\"0.3.0\",\"optional\":true},{\"id\":\"paketo-buildpacks/node-engine\",\"version\":\"0.14.0\",\"optional\":true},{\"id\":\"paketo-buildpacks/dotnet-execute\",\"version\":\"0.10.1\"},{\"id\":\"paketo-buildpacks/procfile\",\"version\":\"5.2.0\",\"optional\":true},{\"id\":\"paketo-buildpacks/environment-variables\",\"version\":\"4.1.2\",\"optional\":true},{\"id\":\"paketo-buildpacks/image-labels\",\"version\":\"4.1.2\",\"optional\":true}]}],\"layerDiffID\":\"sha256:b57d6e49260c16aeefde7891d8eac13b0b756eb52120a3c9f05a1877a0cfa688\",\"homepage\":\"https://github.com/paketo-buildpacks/dotnet-core\",\"name\":\"Paketo .NET Core Buildpack\"}},\"paketo-buildpacks/dotnet-core-aspnet\":{\"0.9.0\":{\"api\":\"0.8\",\"stacks\":[{\"id\":\"io.buildpacks.stacks.bionic\"},{\"id\":\"io.buildpacks.stacks.jammy\"}],\"layerDiffID\":\"sha256:01c460091a2259970e4f2cdea06e9f9221ffbdfa7d98a95748c29cacba73c330\",\"homepage\":\"https://github.com/paketo-buildpacks/dotnet-core-aspnet\",\"name\":\"Paketo ASP.NET Core Buildpack\"}},\"paketo-buildpacks/dotnet-core-runtime\":{\"0.10.0\":{\"api\":\"0.8\",\"stacks\":[{\"id\":\"io.buildpacks.stacks.bionic\"},{\"id\":\"io.buildpacks.stacks.jammy\"}],\"layerDiffID\":\"sha256:16240c37e1e5f9fce48e342b30befa54e3a723dcfee1e371e16a8c984edcc3c1\",\"homepage\":\"https://github.com/paketo-buildpacks/dotnet-core-runtime\",\"name\":\"Paketo .NET Core Runtime Buildpack\"}},\"paketo-buildpacks/dotnet-core-sdk\":{\"0.9.0\":{\"api\":\"0.8\",\"stacks\":[{\"id\":\"io.buildpacks.stacks.bionic\"},{\"id\":\"io.buildpacks.stacks.jammy\"}],\"layerDiffID\":\"sha256:5a6cc1dd796f171379121f3845769bd8de49f857ddab1f8a0a88f0fb917dd72d\",\"homepage\":\"https://github.com/paketo-buildpacks/dotnet-core-sdk\",\"name\":\"Paketo .NET Core SDK Buildpack\"}},\"paketo-buildpacks/dotnet-execute\":{\"0.10.1\":{\"api\":\"0.8\",\"stacks\":[{\"id\":\"*\"}],\"layerDiffID\":\"sha256:24da7446c1640576b1adb133c9fe6af92a537805decbf01c82d63bac9ca67658\",\"homepage\":\"https://github.com/paketo-buildpacks/dotnet-execute\",\"name\":\"Paketo .NET Execute Buildpack\"}},\"paketo-buildpacks/dotnet-publish\":{\"0.8.0\":{\"api\":\"0.6\",\"stacks\":[{\"id\":\"*\"}],\"layerDiffID\":\"sha256:366d4edd63af96959ecdd7a562eea5aeb6a6ae418e89eec466a949996834dac0\",\"homepage\":\"https://github.com/paketo-buildpacks/dotnet-publish\",\"name\":\"Paketo .NET Publish Buildpack\"}},\"paketo-buildpacks/encrypt-at-rest\":{\"4.1.3\":{\"api\":\"0"
18:30:10.393 [Test worker] DEBUG com.github.dockerjava.zerodep.shaded.org.apache.hc.client5.http.wire - http-outgoing-0 << ".7\",\"stacks\":[{\"id\":\"io.buildpacks.stacks.bionic\"},{\"id\":\"io.paketo.stacks.tiny\"},{\"id\":\"*\"}],\"layerDiffID\":\"sha256:b45da4475c97d9df71543312b5c7f43f91f0404f38a7546375cfadf2ddea812f\",\"homepage\":\"https://github.com/paketo-buildpacks/encrypt-at-rest\",\"name\":\"Paketo Encrypt-at-Rest Buildpack\"}},\"paketo-buildpacks/environment-variables\":{\"4.1.2\":{\"api\":\"0.7\",\"stacks\":[{\"id\":\"io.buildpacks.stacks.bionic\"},{\"id\":\"io.paketo.stacks.tiny\"},{\"id\":\"*\"}],\"layerDiffID\":\"sha256:42833696db83e301cf49c773e7ab9228bef64fa43012eba48b49dbf7beeb826e\",\"homepage\":\"https://github.com/paketo-buildpacks/environment-variables\",\"name\":\"Paketo Environment Variables Buildpack\"},\"4.1.3\":{\"api\":\"0.7\",\"stacks\":[{\"id\":\"io.buildpacks.stacks.bionic\"},{\"id\":\"io.paketo.stacks.tiny\"},{\"id\":\"*\"}],\"layerDiffID\":\"sha256:3aeb1640ceb168d95c975ee2a10a6073725e5d3a3136ac545806605e68f92cd7\",\"homepage\":\"https://github.com/paketo-buildpacks/environment-variables\",\"name\":\"Paketo Environment Variables Buildpack\"}},\"paketo-buildpacks/executable-jar\":{\"6.2.5\":{\"api\":\"0.7\",\"stacks\":[{\"id\":\"io.buildpacks.stacks.bionic\"},{\"id\":\"io.paketo.stacks.tiny\"},{\"id\":\"*\"}],\"layerDiffID\":\"sha256:a3d5896999683385326b9f3bb2e71ebdf69fa14223d6f3123c8ba62d4ce4aa30\",\"homepage\":\"https://github.com/paketo-buildpacks/executable-jar\",\"name\":\"Paketo Executable JAR Buildpack\"}},\"paketo-buildpacks/git\":{\"0.4.2\":{\"api\":\"0.6\",\"stacks\":[{\"id\":\"*\"}],\"layerDiffID\":\"sha256:be1753474836f0a6e3818f390d121476ce61f0dc9aa6c78db9765502fb68541a\",\"homepage\":\"https://github.com/paketo-buildpacks/git\",\"name\":\"Paketo Git Buildpack\"}},\"paketo-buildpacks/go\":{\"2.1.0\":{\"api\":\"0.6\",\"order\":[{\"group\":[{\"id\":\"paketo-buildpacks/ca-certificates\",\"version\":\"3.2.5\",\"optional\":true},{\"id\":\"paketo-buildpacks/watchexec\",\"version\":\"2.5.4\",\"optional\":true},{\"id\":\"paketo-buildpacks/go-dist\",\"version\":\"2.1.0\"},{\"id\":\"paketo-buildpacks/git\",\"version\":\"0.4.2\",\"optional\":true},{\"id\":\"paketo-buildpacks/go-mod-vendor\",\"version\":\"1.0.1\"},{\"id\":\"paketo-buildpacks/go-build\",\"version\":\"2.0.1\"},{\"id\":\"paketo-buildpacks/procfile\",\"version\":\"5.2.1\",\"optional\":true},{\"id\":\"paketo-buildpacks/environment-variables\",\"version\":\"4.1.3\",\"optional\":true},{\"id\":\"paketo-buildpacks/image-labels\",\"version\":\"4.1.3\",\"optional\":true}]},{\"group\":[{\"id\":\"paketo-buildpacks/ca-certificates\",\"version\":\"3.2.5\",\"optional\":true},{\"id\":\"paketo-buildpacks/watchexec\",\"version\":\"2.5.4\",\"optional\":true},{\"id\":\"paketo-buildpacks/go-dist\",\"version\":\"2.1.0\"},{\"id\":\"paketo-buildpacks/git\",\"version\":\"0.4.2\",\"optional\":true},{\"id\":\"paketo-buildpacks/dep\",\"version\":\"0.6.0\"},{\"id\":\"paketo-buildpacks/dep-ensure\",\"version\":\"0.4.1\"},{\"id\":\"paketo-buildpacks/go-build\",\"version\":\"2.0.1\"},{\"id\":\"paketo-buildpacks/procfile\",\"version\":\"5.2.1\",\"optional\":true},{\"id\":\"paketo-buildpacks/environment-variables\",\"version\":\"4.1.3\",\"optional\":true},{\"id\":\"paketo-buildpacks/image-labels\",\"version\":\"4.1.3\",\"optional\":true}]},{\"group\":[{\"id\":\"paketo-buildpacks/ca-certificates\",\"version\":\"3.2.5\",\"optional\":true},{\"id\":\"paketo-buildpacks/watchexec\",\"version\":\"2.5.4\",\"optional\":true},{\"id\":\"paketo-buildpacks/go-dist\",\"version\":\"2.1.0\"},{\"id\":\"paketo-buildpacks/git\",\"version\":\"0.4.2\",\"optional\":true},{\"id\":\"paketo-buildpacks/go-build\",\"version\":\"2.0.1\"},{\"id\":\"paketo-buildpacks/procfile\",\"version\":\"5.2.1\",\"optional\":true},{\"id\":\"paketo-buildpacks/environment-variables\",\"version\":\"4.1.3\",\"optional\":true},{\"id\":\"paketo-buildpacks/image-labels\",\"version\":\"4.1.3\",\"optional\":true}]}],\"layerDiffID\":\"sha256:d25b99c58b7559266f40c24e3c27440dd4660d7e0857f14751307aae7dc909b1\",\"homepage\":\"https://github.com/paketo-buildpacks/go\",\"name\":\"Paketo Go Buildpack\"}},\"paketo-buildpacks/go-build\":{\"2.0.1\":{\"api\":\"0.7\",\"stacks\":[{\"id\":\"*\"}],\"layerDiffID\":\"sha256:051f8e3e60af310715689e5b0c7572294c2f709916dd90a3cb3cad33c68f09f9\",\"homepage\":\"https://github.com/paketo-buildpacks/go-build\",\"name\":\"Paketo Go Build Buildpack\"}},\"paketo-buildpacks/go-dist\":{\"2.1.0\":{\"api\":\"0.7\",\"stacks\":[{\"id\":\"io.buildpacks.stacks.bionic\"},{\"id\":\"io.paketo.stacks.tiny\"},{\"id\":\"io.buildpacks.stacks.jammy\"},{\"id\":\"io.buildpacks.stacks.jammy.tiny\"}],\"layerDiffID\":\"sha256:ee20ef0a50b855e92e2bfdd956bf1205692ab4b60b55fe3cddb45361626826cd\",\"homepage\":\"https://github.com/paketo-buildpacks/go-dist\",\"name\":\"Paketo Go Distribution Buildpack\"}},\"paketo-buildpacks/go-mod-vendor\":{\"1.0.1\":{\"api\":\"0.7\",\"stacks\":[{\"id\":\"*\"}],\"layerDiffID\":\"sha256:4182a1da5d9d9dfae71fed1b7d9210153a5294d2c924f7117fa4e60c6bbcaa19\",\"homepage\":\"https://github.com/paketo-buildpacks/go-mod-vendor\",\"name\":\"Paketo Go Mod Vendor Buildpack\"}},\"paketo-buildpacks/google-stackdriver\":{\"6.2.0\":{\"api\":\"0.7\",\"stacks\":[{\"id\":\"io.buildpacks.stacks.bionic\"},{\"id\":\"io.paketo.stacks.tiny\"},{\"id\":\"*\"}],\"layerDiffID\":\"sha256:a82c738c93a38d26564ee2b003737872c2cc133c0dd6b3600e4c5ad0436f00e7\",\"homepage\":\"https://github.com/paketo-buildpacks/google-stackdriver\",\"name\":\"Paketo Google Stackdriver Buildpack\"}},\"paketo-buildpacks/gradle\":{\"6.5.1\":{\"api\":\"0.7\",\"stacks\":[{\"id\":\"io.buildpacks.stacks.bionic\"},{\"id\":\"io.paketo.stacks.tiny\"},{\"id\":\"*\"}],\"layerDiffID\":\"sha256:71cd00a0585035ae1dac15c62cf71439888a56748c31c5ddcbc220c0167d5ff9\",\"homepage\":\"https://github.com/paketo-buildpacks/gradle\",\"name\":\"Paketo Gradle Buildpack\"}},\"paketo-buildpacks/httpd\":{\"0.4.2\":{\"api\":\"0.6\",\"stacks\":[{\"id\":\"io.buildpacks.stacks.bionic\",\"mixins\":[\"libexpat1\"]}],\"layerDiffID\":\"sha256:aec7683280f472e88e1b6949528d4b0a7800bb79b7c67f5676ae5dc6eb1ef13f\",\"homepage\":\"https://github.com/paketo-buildpacks/httpd\",\"name\":\"Paketo Apache HTTP Server Buildpack\"}},\"paketo-buildpacks/icu\":{\"0.3.0\":{\"api\":\"0.8\",\"stacks\":[{\"id\":\"io.buildpacks.stacks.bionic\"},{\"id\":\"io.buildpacks.stacks.jammy\"}],\"layerDiffID\":\"sha256:dcaf6efbad27e3a0bbb9cefacf5678ac9014c04c8429bc452582e9747f751c88\",\"homepage\":\"https://github.com/paketo-buildpacks/icu\",\"name\":\"Paketo ICU Buildpack\"}},\"paketo-buildpacks/image-labels\":{\"4.1.2\":{\"api\":\"0.7\",\"stacks\":[{\"id\":\"io.buildpacks.stacks.bionic\"},{\"id\":\"io.paketo.stacks.tiny\"},{\"id\":\"*\"}],\"layerDiffID\":\"sha256:3fde932769a29125e23f7b7b54dccd5d315b6bdfcde4a28755f5e89335fe30f3\",\"homepage\":\"https://github.com/paketo-buildpacks/image-labels\",\"name\":\"Paketo Image Labels Buildpack\"},\"4.1.3\":{\"api\":\"0.7\",\"stacks\":[{\"id\":\"io.buildpacks.stacks.bionic\"},{\"id\":\"io.paketo.stacks.tiny\"},{\"id\":\"*\"}],\"layerDiffID\":\"sha256:8e44bff63459d249750bdb932ebb75925b77e751f4a4788c6fe7f48f2fcb363d\",\"homepage\":\"https://github.com/paketo-buildpacks/image-labels\",\"name\":\"Paketo Image Labels Buildpack\"}},\"paketo-buildpacks/jattach\":{\"1.0.3\":{\"api\":\"0.7\",\"stacks\":[{\"id\":\"io.buildpacks.stacks.bionic\"},{\"id\":\"io.paketo.stacks.tiny\"},{\"id\":\"*\"}],\"layerDiffID\":\"sha256:6414d6190af26f27ae207097606ec2be629ca8f56dd8beb768edceb1853d78b4\",\"homepage\":\"https://github.com/paketo-buildpacks/jattach\",\"name\":\"Paketo JAttach Buildpack\"}},\"paketo-buildpacks/java\":{\"6.34.0\":{\"api\":\"0.7\",\"order\":[{\"group\":[{\"id\":\"paketo-buildpacks/ca-certificates\",\"version\":\"3.2.5\",\"optional\":true},{\"id\":\"paketo-buildpacks/bellsoft-liberica\",\"version\":\"9.4.1\"},{\"id\":\"paketo-buildpacks/syft\",\"version\":\"1.16.0\",\"optional\":true},{\"id\":\"paketo-buildpacks/leiningen\",\"version\":\"4.3.4\",\"optional\":true},{\"id\":\"paketo-buildpacks/clojure-tools\",\"versi"
18:30:10.407 [Test worker] DEBUG com.github.dockerjava.zerodep.shaded.org.apache.hc.client5.http.wire - http-outgoing-0 << "on\":\"2.4.7\",\"optional\":true},{\"id\":\"paketo-buildpacks/gradle\",\"version\":\"6.5.1\",\"optional\":true},{\"id\":\"paketo-buildpacks/maven\",\"version\":\"6.6.1\",\"optional\":true},{\"id\":\"paketo-buildpacks/sbt\",\"version\":\"6.5.1\",\"optional\":true},{\"id\":\"paketo-buildpacks/watchexec\",\"version\":\"2.5.4\",\"optional\":true},{\"id\":\"paketo-buildpacks/executable-jar\",\"version\":\"6.2.5\",\"optional\":true},{\"id\":\"paketo-buildpacks/apache-tomcat\",\"version\":\"7.3.10\",\"optional\":true},{\"id\":\"paketo-buildpacks/apache-tomee\",\"version\":\"1.0.8\",\"optional\":true},{\"id\":\"paketo-buildpacks/liberty\",\"version\":\"1.1.4\",\"optional\":true},{\"id\":\"paketo-buildpacks/dist-zip\",\"version\":\"5.2.5\",\"optional\":true},{\"id\":\"paketo-buildpacks/spring-boot\",\"version\":\"5.15.0\",\"optional\":true},{\"id\":\"paketo-buildpacks/procfile\",\"version\":\"5.2.1\",\"optional\":true},{\"id\":\"paketo-buildpacks/jattach\",\"version\":\"1.0.3\",\"optional\":true},{\"id\":\"paketo-buildpacks/azure-application-insights\",\"version\":\"5.5.2\",\"optional\":true},{\"id\":\"paketo-buildpacks/google-stackdriver\",\"version\":\"6.2.0\",\"optional\":true},{\"id\":\"paketo-buildpacks/datadog\",\"version\":\"1.10.1\",\"optional\":true},{\"id\":\"paketo-buildpacks/java-memory-assistant\",\"version\":\"1.0.2\",\"optional\":true},{\"id\":\"paketo-buildpacks/encrypt-at-rest\",\"version\":\"4.1.3\",\"optional\":true},{\"id\":\"paketo-buildpacks/environment-variables\",\"version\":\"4.1.3\",\"optional\":true},{\"id\":\"paketo-buildpacks/image-labels\",\"version\":\"4.1.3\",\"optional\":true}]}],\"layerDiffID\":\"sha256:eca75db7ea7a03372b2af943d8c58ecc58be8a1316a6eb226ebcdb8fe4f92cc4\",\"homepage\":\"https://paketo.io/docs/howto/java\",\"name\":\"Paketo Java Buildpack\"}},\"paketo-buildpacks/java-memory-assistant\":{\"1.0.2\":{\"api\":\"0.7\",\"stacks\":[{\"id\":\"io.buildpacks.stacks.bionic\"},{\"id\":\"io.paketo.stacks.tiny\"},{\"id\":\"*\"}],\"layerDiffID\":\"sha256:5dcac4dfe82bda6a6ff60f88e4c3a354047d26a6af4d0434031d08266036b4bc\",\"homepage\":\"https://github.com/paketo-buildpacks/java-memory-assistant\",\"name\":\"Paketo Java Memory Assistant Buildpack\"}},\"paketo-buildpacks/java-native-image\":{\"7.26.0\":{\"api\":\"0.7\",\"order\":[{\"group\":[{\"id\":\"paketo-buildpacks/ca-certificates\",\"version\":\"3.2.5\",\"optional\":true},{\"id\":\"paketo-buildpacks/upx\",\"version\":\"3.1.4\",\"optional\":true},{\"id\":\"paketo-buildpacks/bellsoft-liberica\",\"version\":\"9.4.1\"},{\"id\":\"paketo-buildpacks/syft\",\"version\":\"1.16.0\",\"optional\":true},{\"id\":\"paketo-buildpacks/leiningen\",\"version\":\"4.3.4\",\"optional\":true},{\"id\":\"paketo-buildpacks/gradle\",\"version\":\"6.5.1\",\"optional\":true},{\"id\":\"paketo-buildpacks/maven\",\"version\":\"6.6.1\",\"optional\":true},{\"id\":\"paketo-buildpacks/sbt\",\"version\":\"6.5.1\",\"optional\":true},{\"id\":\"paketo-buildpacks/executable-jar\",\"version\":\"6.2.5\",\"optional\":true},{\"id\":\"paketo-buildpacks/spring-boot\",\"version\":\"5.15.0\",\"optional\":true},{\"id\":\"paketo-buildpacks/native-image\",\"version\":\"5.2.5\"},{\"id\":\"paketo-buildpacks/procfile\",\"version\":\"5.2.1\",\"optional\":true},{\"id\":\"paketo-buildpacks/environment-variables\",\"version\":\"4.1.3\",\"optional\":true},{\"id\":\"paketo-buildpacks/image-labels\",\"version\":\"4.1.3\",\"optional\":true}]}],\"layerDiffID\":\"sha256:ebb9b6e31fb5a45d6060dfecb26e69e432d851f97cca021f16e1b752ce4b9df1\",\"homepage\":\"https://paketo.io/docs/howto/java/#build-an-app-as-a-graalvm-native-image-application\",\"name\":\"Paketo Java Native Image Buildpack\"}},\"paketo-buildpacks/leiningen\":{\"4.3.4\":{\"api\":\"0.7\",\"stacks\":[{\"id\":\"io.buildpacks.stacks.bionic\"},{\"id\":\"io.paketo.stacks.tiny\"},{\"id\":\"*\"}],\"layerDiffID\":\"sha256:c3592f18a6ea1cf88a4bddec94e62a0b9f9579d49da3741fc64554de551e5c13\",\"homepage\":\"https://github.com/paketo-buildpacks/leiningen\",\"name\":\"Paketo Leiningen Buildpack\"}},\"paketo-buildpacks/liberty\":{\"1.1.4\":{\"api\":\"0.7\",\"stacks\":[{\"id\":\"io.buildpacks.stacks.bionic\"},{\"id\":\"*\"}],\"layerDiffID\":\"sha256:2f5f25a7bb93983817350e5a544a403a8bc7c5d396b7f510dc5f8d371c1f5b78\",\"homepage\":\"https://github.com/paketo-buildpacks/liberty\",\"name\":\"Paketo Liberty Buildpack\"}},\"paketo-buildpacks/maven\":{\"6.6.1\":{\"api\":\"0.7\",\"stacks\":[{\"id\":\"io.buildpacks.stacks.bionic\"},{\"id\":\"io.paketo.stacks.tiny\"},{\"id\":\"*\"}],\"layerDiffID\":\"sha256:5e99ceac56000d6fbcb4461c6e8b0db6347fd90a67cda3c14ab4418b0370c371\",\"homepage\":\"https://github.com/paketo-buildpacks/maven\",\"name\":\"Paketo Maven Buildpack\"}},\"paketo-buildpacks/miniconda\":{\"0.6.0\":{\"api\":\"0.7\",\"stacks\":[{\"id\":\"org.cloudfoundry.stacks.cflinuxfs3\"},{\"id\":\"io.buildpacks.stacks.bionic\"},{\"id\":\"io.buildpacks.stacks.jammy\"}],\"layerDiffID\":\"sha256:17cb9e2c4cb376bff7b9a63421e895038e22bac75c17d14573b4270b01b38804\",\"name\":\"Paketo Miniconda Buildpack\"}},\"paketo-buildpacks/mri\":{\"0.8.3\":{\"api\":\"0.7\",\"stacks\":[{\"id\":\"io.buildpacks.stacks.bionic\"}],\"layerDiffID\":\"sha256:2925d4af4259829c109a0c1584c75880162dc707f9c405b150b207947c57cbf5\",\"homepage\":\"https://github.com/paketo-buildpacks/mri\",\"name\":\"Paketo MRI Buildpack\"}},\"paketo-buildpacks/native-image\":{\"5.2.5\":{\"api\":\"0.7\",\"stacks\":[{\"id\":\"*\"}],\"layerDiffID\":\"sha256:2ef6c8a1ad77cbe59eb89db93024427c7bc01cc0fcc46629a469fa6160466caa\",\"homepage\":\"https://github.com/paketo-buildpacks/native-image\",\"name\":\"Paketo Native Image Buildpack\"}},\"paketo-buildpacks/nginx\":{\"0.7.0\":{\"api\":\"0.6\",\"stacks\":[{\"id\":\"io.buildpacks.stacks.bionic\"}],\"layerDiffID\":\"sha256:f8aff977c40da96c70482a20dba74e939ccee015f0b3e1133faee173afcb5b13\",\"homepage\":\"https://github.com/paketo-buildpacks/nginx\",\"name\":\"Paketo Nginx Server Buildpack\"}},\"paketo-buildpacks/node-engine\":{\"0.13.0\":{\"api\":\"0.7\",\"stacks\":[{\"id\":\"io.buildpacks.stacks.bionic\"}],\"layerDiffID\":\"sha256:1d4996d3848837178f1a29ad7ea18144ab7ddf19363b97ce83552dc76a61fe13\",\"homepage\":\"https://github.com/paketo-buildpacks/node-engine\",\"name\":\"Paketo Node Engine Buildpack\"},\"0.14.0\":{\"api\":\"0.7\",\"stacks\":[{\"id\":\"io.buildpacks.stacks.bionic\"},{\"id\":\"io.buildpacks.stacks.jammy\"}],\"layerDiffID\":\"sha256:a2a5a120631bfd7c834d982aeda5dbd2e57e5966c8dab3ef88ce49c8288895a1\",\"homepage\":\"https://github.com/paketo-buildpacks/node-engine\",\"name\":\"Paketo Node Engine Buildpack\"}},\"paketo-buildpacks/node-module-bom\":{\"0.4.0\":{\"api\":\"0.7\",\"stacks\":[{\"id\":\"io.buildpacks.stacks.bionic\"},{\"id\":\"io.buildpacks.stacks.jammy\"}],\"layerDiffID\":\"sha256:a39b28093078bc77d7d11c8159b573be02612b13d105c68ca59e098e4114b005\",\"homepage\":\"https://github.com/paketo-buildpacks/node-module-bom\",\"name\":\"Paketo Node Module Bill of Materials Generator Buildpack\"}},\"paketo-buildpacks/node-run-script\":{\"0.3.4\":{\"api\":\"0.6\",\"stacks\":[{\"id\":\"io.buildpacks.stacks.bionic\"}],\"layerDiffID\":\"sha256:2e2cd8e4d27ddb879a2c90694cf5e6a39c118edc9e209444f0415f1567dfa8ca\",\"homepage\":\"https://github.com/paketo-buildpacks/node-run-script\",\"name\":\"Paketo Node Run Script Buildpack\"},\"0.4.1\":{\"api\":\"0.7\",\"stacks\":[{\"id\":\"*\"}],\"layerDiffID\":\"sha256:a3720ed9a269419022957f754f2ac8f748a867437b1edaef007ac48921a19e09\",\"homepage\":\"https://github.com/paketo-buildpacks/node-run-script\",\"name\":\"Paketo Node Run Script Buildpack\"}},\"paketo-buildpacks/node-start\":{\"0.8.2\":{\"api\":\"0.7\",\"stacks\":[{\"id\":\"*\"}],\"layerDiffID\":\"sha256:57efc5b5dd0868e5fcf3f31507cac3e18ef3ed38f2bac712a8790e90f4f2b382\",\"homepage\":\"https://github.com/paketo-buildpacks/node-start\",\"name\":\"Paketo Node Start Buildpack\"}},\"paketo-buildpacks/nodejs\":{\"0.22.0\":{\"api\":\"0.6\",\"order\":[{\"group\":[{\"id\":\"paketo-buildpacks/ca-certificates\",\"version\":\"3.2.5\",\"op"
18:30:10.408 [Test worker] DEBUG com.github.dockerjava.zerodep.shaded.org.apache.hc.client5.http.wire - http-outgoing-0 << "tional\":true},{\"id\":\"paketo-buildpacks/watchexec\",\"version\":\"2.5.3\",\"optional\":true},{\"id\":\"paketo-buildpacks/node-engine\",\"version\":\"0.14.0\"},{\"id\":\"paketo-buildpacks/yarn\",\"version\":\"0.8.0\"},{\"id\":\"paketo-buildpacks/yarn-install\",\"version\":\"0.10.2\"},{\"id\":\"paketo-buildpacks/node-module-bom\",\"version\":\"0.4.0\",\"optional\":true},{\"id\":\"paketo-buildpacks/node-run-script\",\"version\":\"0.4.1\",\"optional\":true},{\"id\":\"paketo-buildpacks/node-start\",\"version\":\"0.8.2\",\"optional\":true},{\"id\":\"paketo-buildpacks/yarn-start\",\"version\":\"0.8.2\",\"optional\":true},{\"id\":\"paketo-buildpacks/procfile\",\"version\":\"5.2.1\",\"optional\":true},{\"id\":\"paketo-buildpacks/datadog\",\"version\":\"1.10.0\",\"optional\":true},{\"id\":\"paketo-buildpacks/environment-variables\",\"version\":\"4.1.3\",\"optional\":true},{\"id\":\"paketo-buildpacks/image-labels\",\"version\":\"4.1.3\",\"optional\":true}]},{\"group\":[{\"id\":\"paketo-buildpacks/ca-certificates\",\"version\":\"3.2.5\",\"optional\":true},{\"id\":\"paketo-buildpacks/watchexec\",\"version\":\"2.5.3\",\"optional\":true},{\"id\":\"paketo-buildpacks/node-engine\",\"version\":\"0.14.0\"},{\"id\":\"paketo-buildpacks/npm-install\",\"version\":\"0.10.3\"},{\"id\":\"paketo-buildpacks/node-module-bom\",\"version\":\"0.4.0\",\"optional\":true},{\"id\":\"paketo-buildpacks/node-run-script\",\"version\":\"0.4.1\",\"optional\":true},{\"id\":\"paketo-buildpacks/node-start\",\"version\":\"0.8.2\",\"optional\":true},{\"id\":\"paketo-buildpacks/npm-start\",\"version\":\"0.9.2\",\"optional\":true},{\"id\":\"paketo-buildpacks/procfile\",\"version\":\"5.2.1\",\"optional\":true},{\"id\":\"paketo-buildpacks/datadog\",\"version\":\"1.10.0\",\"optional\":true},{\"id\":\"paketo-buildpacks/environment-variables\",\"version\":\"4.1.3\",\"optional\":true},{\"id\":\"paketo-buildpacks/image-labels\",\"version\":\"4.1.3\",\"optional\":true}]},{\"group\":[{\"id\":\"paketo-buildpacks/ca-certificates\",\"version\":\"3.2.5\",\"optional\":true},{\"id\":\"paketo-buildpacks/watchexec\",\"version\":\"2.5.3\",\"optional\":true},{\"id\":\"paketo-buildpacks/node-engine\",\"version\":\"0.14.0\"},{\"id\":\"paketo-buildpacks/node-module-bom\",\"version\":\"0.4.0\",\"optional\":true},{\"id\":\"paketo-buildpacks/node-start\",\"version\":\"0.8.2\"},{\"id\":\"paketo-buildpacks/procfile\",\"version\":\"5.2.1\",\"optional\":true},{\"id\":\"paketo-buildpacks/datadog\",\"version\":\"1.10.0\",\"optional\":true},{\"id\":\"paketo-buildpacks/environment-variables\",\"version\":\"4.1.3\",\"optional\":true},{\"id\":\"paketo-buildpacks/image-labels\",\"version\":\"4.1.3\",\"optional\":true}]}],\"layerDiffID\":\"sha256:a0d8e153be8cec79c38ada7a99913b95dd2859ab3523189b4809900f6e938de9\",\"homepage\":\"https://github.com/paketo-buildpacks/nodejs\",\"name\":\"Paketo Node.js Buildpack\"}},\"paketo-buildpacks/npm-install\":{\"0.10.0\":{\"api\":\"0.7\",\"stacks\":[{\"id\":\"io.buildpacks.stacks.bionic\"},{\"id\":\"*\"}],\"layerDiffID\":\"sha256:4fdde91f9cc3b71d03953c6fd46226acf05a9132223b25fbd2863b5a09cab5d2\",\"homepage\":\"https://github.com/paketo-buildpacks/npm-install\",\"name\":\"Paketo NPM Install Buildpack\"},\"0.10.3\":{\"api\":\"0.7\",\"stacks\":[{\"id\":\"*\"}],\"layerDiffID\":\"sha256:6832c8c0156e730b1a72345750baa9df5aad49be4f7b36bf35b6e24a7c18c6b4\",\"homepage\":\"https://github.com/paketo-buildpacks/npm-install\",\"name\":\"Paketo NPM Install Buildpack\"}},\"paketo-buildpacks/npm-start\":{\"0.9.2\":{\"api\":\"0.7\",\"stacks\":[{\"id\":\"*\"}],\"layerDiffID\":\"sha256:3a9e11264cb0881c1ffd3273632db4f790770db49f67e0cc3ae713fd255f2f49\",\"homepage\":\"https://github.com/paketo-buildpacks/npm-start\",\"name\":\"Paketo NPM Start Buildpack\"}},\"paketo-buildpacks/passenger\":{\"0.6.2\":{\"api\":\"0.7\",\"stacks\":[{\"id\":\"io.buildpacks.stacks.bionic\"}],\"layerDiffID\":\"sha256:9189e996cda163f65109b6b005bf577d452c73806752021e2cf5117866946543\",\"homepage\":\"https://github.com/paketo-buildpacks/passenger\",\"name\":\"Paketo Passenger Buildpack\"}},\"paketo-buildpacks/pip\":{\"0.14.0\":{\"api\":\"0.7\",\"stacks\":[{\"id\":\"io.buildpacks.stacks.bionic\"},{\"id\":\"io.buildpacks.stacks.jammy\"},{\"id\":\"org.cloudfoundry.stacks.cflinuxfs3\"}],\"layerDiffID\":\"sha256:42ae8dc1c14096204003766df0345b17a90152f6cdc347a3d70e38917bcc9f86\",\"name\":\"Paketo Pip Buildpack\"}},\"paketo-buildpacks/pip-install\":{\"0.5.0\":{\"api\":\"0.7\",\"stacks\":[{\"id\":\"*\"}],\"layerDiffID\":\"sha256:5fddc9f236ef794b5daefb68171c982b500be33eca51d24eee3c358cd564359f\",\"name\":\"Paketo Pip Install Buildpack\"}},\"paketo-buildpacks/pipenv\":{\"1.3.0\":{\"api\":\"0.7\",\"stacks\":[{\"id\":\"io.buildpacks.stacks.bionic\"},{\"id\":\"io.buildpacks.stacks.jammy\"},{\"id\":\"org.cloudfoundry.stacks.cflinuxfs3\"}],\"layerDiffID\":\"sha256:331cf4078fdc4463800c5f19be365c9f0c70e21432eeee7678ae700eef3f89c4\",\"name\":\"Paketo Pipenv Buildpack\"}},\"paketo-buildpacks/pipenv-install\":{\"0.6.0\":{\"api\":\"0.7\",\"stacks\":[{\"id\":\"*\"}],\"layerDiffID\":\"sha256:9e48040f747a48d79b8e919f32738a68a0f87f05aefe4834eea2bb1ccb44ea74\",\"name\":\"Paketo Pipenv Install Buildpack\"}},\"paketo-buildpacks/poetry\":{\"0.3.0\":{\"api\":\"0.7\",\"stacks\":[{\"id\":\"io.buildpacks.stacks.bionic\"},{\"id\":\"io.buildpacks.stacks.jammy\"},{\"id\":\"org.cloudfoundry.stacks.cflinuxfs3\"}],\"layerDiffID\":\"sha256:7cab487ea07a2e71cf69f804f15fd99820579d7a7dece07a58f0a16c0f0904f2\",\"name\":\"Paketo Poetry Buildpack\"}},\"paketo-buildpacks/poetry-install\":{\"0.3.0\":{\"api\":\"0.7\",\"stacks\":[{\"id\":\"*\"}],\"layerDiffID\":\"sha256:0f9c3562bcbbd9767276e0e46fb6de95d3e9c3a9ae729ab416479ba51028cc49\",\"name\":\"Paketo Poetry Install Buildpack\"}},\"paketo-buildpacks/poetry-run\":{\"0.4.0\":{\"api\":\"0.8\",\"stacks\":[{\"id\":\"*\"}],\"layerDiffID\":\"sha256:c15a778799cf6d88729ff6d54ffc1b3f54a74d9a2f51e0c827e30f4857a168a4\",\"name\":\"Paketo Poetry Run Buildpack\"}},\"paketo-buildpacks/procfile\":{\"5.1.2\":{\"api\":\"0.7\",\"stacks\":[{\"id\":\"io.buildpacks.stacks.bionic\"},{\"id\":\"io.paketo.stacks.tiny\"},{\"id\":\"*\"},{\"id\":\"io.buildpacks.stacks.windows.servercore\"}],\"layerDiffID\":\"sha256:a9bbd70dd39212cf9b10f3c49d4066c7da86fe3bb80ae6e7180f54e8d837dc87\",\"homepage\":\"https://github.com/paketo-buildpacks/procfile\",\"name\":\"Paketo Procfile Buildpack\"},\"5.2.0\":{\"api\":\"0.7\",\"stacks\":[{\"id\":\"*\"}],\"layerDiffID\":\"sha256:c8480904fd8ccfb04fd208412be020afd0c024a913c9e9cecf5cd90b4c6e9726\",\"homepage\":\"https://github.com/paketo-buildpacks/procfile\",\"name\":\"Paketo Procfile Buildpack\"},\"5.2.1\":{\"api\":\"0.7\",\"stacks\":[{\"id\":\"*\"}],\"layerDiffID\":\"sha256:edb095ec765b9fdafcddb8d017d6ed725e036368b016cfb17e6fb162b32c7ca4\",\"homepage\":\"https://github.com/paketo-buildpacks/procfile\",\"name\":\"Paketo Procfile Buildpack\"}},\"paketo-buildpacks/puma\":{\"0.4.0\":{\"api\":\"0.7\",\"stacks\":[{\"id\":\"*\"}],\"layerDiffID\":\"sha256:24a877319748f4fb9857fbf39a1ff990702f75e47669930707228bb427682219\",\"homepage\":\"https://github.com/paketo-buildpacks/puma\",\"name\":\"Paketo Puma Buildpack\"}},\"paketo-buildpacks/python\":{\"2.0.0\":{\"api\":\"0.8\",\"order\":[{\"group\":[{\"id\":\"paketo-buildpacks/ca-certificates\",\"version\":\"3.2.5\",\"optional\":true},{\"id\":\"paketo-buildpacks/watchexec\",\"version\":\"2.5.4\",\"optional\":true},{\"id\":\"paketo-buildpacks/cpython\",\"version\":\"1.2.1\"},{\"id\":\"paketo-buildpacks/pip\",\"version\":\"0.14.0\"},{\"id\":\"paketo-buildpacks/pipenv\",\"version\":\"1.3.0\"},{\"id\":\"paketo-buildpacks/pipenv-install\",\"version\":\"0.6.0\"},{\"id\":\"paketo-buildpacks/python-start\",\"version\":\"0.12.0\"},{\"id\":\"paketo-buildpacks/procfile\",\"version\":\"5.2.1\",\"optional\":true},{\"id\":\"paketo-buildpacks/environment-variables\",\"version\":\"4.1.3\",\"optional\":true},{\"id\":\"paketo-buildpacks/image-labels\",\"version\":\"4.1.3\",\"optional\":true}]},{\"group\":[{\"id\":\"pake"
18:30:10.410 [Test worker] DEBUG com.github.dockerjava.zerodep.shaded.org.apache.hc.client5.http.wire - http-outgoing-0 << "to-buildpacks/ca-certificates\",\"version\":\"3.2.5\",\"optional\":true},{\"id\":\"paketo-buildpacks/watchexec\",\"version\":\"2.5.4\",\"optional\":true},{\"id\":\"paketo-buildpacks/cpython\",\"version\":\"1.2.1\"},{\"id\":\"paketo-buildpacks/pip\",\"version\":\"0.14.0\"},{\"id\":\"paketo-buildpacks/pip-install\",\"version\":\"0.5.0\"},{\"id\":\"paketo-buildpacks/python-start\",\"version\":\"0.12.0\"},{\"id\":\"paketo-buildpacks/procfile\",\"version\":\"5.2.1\",\"optional\":true},{\"id\":\"paketo-buildpacks/environment-variables\",\"version\":\"4.1.3\",\"optional\":true},{\"id\":\"paketo-buildpacks/image-labels\",\"version\":\"4.1.3\",\"optional\":true}]},{\"group\":[{\"id\":\"paketo-buildpacks/ca-certificates\",\"version\":\"3.2.5\",\"optional\":true},{\"id\":\"paketo-buildpacks/watchexec\",\"version\":\"2.5.4\",\"optional\":true},{\"id\":\"paketo-buildpacks/miniconda\",\"version\":\"0.6.0\"},{\"id\":\"paketo-buildpacks/conda-env-update\",\"version\":\"0.5.0\"},{\"id\":\"paketo-buildpacks/python-start\",\"version\":\"0.12.0\"},{\"id\":\"paketo-buildpacks/procfile\",\"version\":\"5.2.1\",\"optional\":true},{\"id\":\"paketo-buildpacks/environment-variables\",\"version\":\"4.1.3\",\"optional\":true},{\"id\":\"paketo-buildpacks/image-labels\",\"version\":\"4.1.3\",\"optional\":true}]},{\"group\":[{\"id\":\"paketo-buildpacks/ca-certificates\",\"version\":\"3.2.5\",\"optional\":true},{\"id\":\"paketo-buildpacks/watchexec\",\"version\":\"2.5.4\",\"optional\":true},{\"id\":\"paketo-buildpacks/cpython\",\"version\":\"1.2.1\"},{\"id\":\"paketo-buildpacks/pip\",\"version\":\"0.14.0\"},{\"id\":\"paketo-buildpacks/poetry\",\"version\":\"0.3.0\"},{\"id\":\"paketo-buildpacks/poetry-install\",\"version\":\"0.3.0\"},{\"id\":\"paketo-buildpacks/poetry-run\",\"version\":\"0.4.0\"},{\"id\":\"paketo-buildpacks/procfile\",\"version\":\"5.2.1\",\"optional\":true},{\"id\":\"paketo-buildpacks/environment-variables\",\"version\":\"4.1.3\",\"optional\":true},{\"id\":\"paketo-buildpacks/image-labels\",\"version\":\"4.1.3\",\"optional\":true}]},{\"group\":[{\"id\":\"paketo-buildpacks/ca-certificates\",\"version\":\"3.2.5\",\"optional\":true},{\"id\":\"paketo-buildpacks/watchexec\",\"version\":\"2.5.4\",\"optional\":true},{\"id\":\"paketo-buildpacks/cpython\",\"version\":\"1.2.1\"},{\"id\":\"paketo-buildpacks/pip\",\"version\":\"0.14.0\"},{\"id\":\"paketo-buildpacks/poetry\",\"version\":\"0.3.0\"},{\"id\":\"paketo-buildpacks/poetry-install\",\"version\":\"0.3.0\"},{\"id\":\"paketo-buildpacks/python-start\",\"version\":\"0.12.0\"},{\"id\":\"paketo-buildpacks/procfile\",\"version\":\"5.2.1\",\"optional\":true},{\"id\":\"paketo-buildpacks/environment-variables\",\"version\":\"4.1.3\",\"optional\":true},{\"id\":\"paketo-buildpacks/image-labels\",\"version\":\"4.1.3\",\"optional\":true}]},{\"group\":[{\"id\":\"paketo-buildpacks/ca-certificates\",\"version\":\"3.2.5\",\"optional\":true},{\"id\":\"paketo-buildpacks/watchexec\",\"version\":\"2.5.4\",\"optional\":true},{\"id\":\"paketo-buildpacks/cpython\",\"version\":\"1.2.1\"},{\"id\":\"paketo-buildpacks/python-start\",\"version\":\"0.12.0\"},{\"id\":\"paketo-buildpacks/procfile\",\"version\":\"5.2.1\",\"optional\":true},{\"id\":\"paketo-buildpacks/environment-variables\",\"version\":\"4.1.3\",\"optional\":true},{\"id\":\"paketo-buildpacks/image-labels\",\"version\":\"4.1.3\",\"optional\":true}]}],\"layerDiffID\":\"sha256:e3699c54987654d4d90ec0824e344fdb8e97d8c23f4122a54517221a65524c40\",\"name\":\"Paketo Python Buildpack\"}},\"paketo-buildpacks/python-start\":{\"0.12.0\":{\"api\":\"0.8\",\"stacks\":[{\"id\":\"*\"}],\"layerDiffID\":\"sha256:5265adca53edd1338c101812327fd70ecce0017ad15897685fb38afaefa491cd\",\"homepage\":\"https://github.com/paketo-buildpacks/python-start\",\"name\":\"Paketo Python Start Buildpack\"}},\"paketo-buildpacks/rackup\":{\"0.4.0\":{\"api\":\"0.7\",\"stacks\":[{\"id\":\"*\"}],\"layerDiffID\":\"sha256:06a8bbf9d403a0a83909311a04b9dcfbc3f6c112990bf5bc90e68e21f03535f9\",\"homepage\":\"https://github.com/paketo-buildpacks/rackup\",\"name\":\"Paketo Rackup Buildpack\"}},\"paketo-buildpacks/rails-assets\":{\"0.6.0\":{\"api\":\"0.7\",\"stacks\":[{\"id\":\"*\"}],\"layerDiffID\":\"sha256:1ad738b59b1eeb9940fb3f2c96e502d2bd6c4ae11d538ed501ad36e2d6241996\",\"homepage\":\"https://github.com/paketo-buildpacks/rails-assets\",\"name\":\"Paketo Rails Assets Buildpack\"}},\"paketo-buildpacks/rake\":{\"0.4.0\":{\"api\":\"0.7\",\"stacks\":[{\"id\":\"*\"}],\"layerDiffID\":\"sha256:637be4f4d48b53fbaf28b09bad8d3486937d90805ede991b4cbdb5926bc30bd3\",\"homepage\":\"https://github.com/paketo-buildpacks/rake\",\"name\":\"Paketo Rake Buildpack\"}},\"paketo-buildpacks/ruby\":{\"0.15.0\":{\"api\":\"0.6\",\"order\":[{\"group\":[{\"id\":\"paketo-buildpacks/ca-certificates\",\"version\":\"3.2.4\",\"optional\":true},{\"id\":\"paketo-buildpacks/mri\",\"version\":\"0.8.3\"},{\"id\":\"paketo-buildpacks/bundler\",\"version\":\"0.5.3\"},{\"id\":\"paketo-buildpacks/bundle-install\",\"version\":\"0.5.2\"},{\"id\":\"paketo-buildpacks/node-engine\",\"version\":\"0.13.0\",\"optional\":true},{\"id\":\"paketo-buildpacks/yarn\",\"version\":\"0.7.0\",\"optional\":true},{\"id\":\"paketo-buildpacks/yarn-install\",\"version\":\"0.10.0\",\"optional\":true},{\"id\":\"paketo-buildpacks/rails-assets\",\"version\":\"0.6.0\",\"optional\":true},{\"id\":\"paketo-buildpacks/puma\",\"version\":\"0.4.0\"},{\"id\":\"paketo-buildpacks/procfile\",\"version\":\"5.1.2\",\"optional\":true},{\"id\":\"paketo-buildpacks/environment-variables\",\"version\":\"4.1.2\",\"optional\":true},{\"id\":\"paketo-buildpacks/image-labels\",\"version\":\"4.1.2\",\"optional\":true}]},{\"group\":[{\"id\":\"paketo-buildpacks/ca-certificates\",\"version\":\"3.2.4\",\"optional\":true},{\"id\":\"paketo-buildpacks/mri\",\"version\":\"0.8.3\"},{\"id\":\"paketo-buildpacks/bundler\",\"version\":\"0.5.3\"},{\"id\":\"paketo-buildpacks/bundle-install\",\"version\":\"0.5.2\"},{\"id\":\"paketo-buildpacks/node-engine\",\"version\":\"0.13.0\",\"optional\":true},{\"id\":\"paketo-buildpacks/yarn\",\"version\":\"0.7.0\",\"optional\":true},{\"id\":\"paketo-buildpacks/yarn-install\",\"version\":\"0.10.0\",\"optional\":true},{\"id\":\"paketo-buildpacks/rails-assets\",\"version\":\"0.6.0\",\"optional\":true},{\"id\":\"paketo-buildpacks/thin\",\"version\":\"0.5.0\"},{\"id\":\"paketo-buildpacks/procfile\",\"version\":\"5.1.2\",\"optional\":true},{\"id\":\"paketo-buildpacks/environment-variables\",\"version\":\"4.1.2\",\"optional\":true},{\"id\":\"paketo-buildpacks/image-labels\",\"version\":\"4.1.2\",\"optional\":true}]},{\"group\":[{\"id\":\"paketo-buildpacks/ca-certificates\",\"version\":\"3.2.4\",\"optional\":true},{\"id\":\"paketo-buildpacks/mri\",\"version\":\"0.8.3\"},{\"id\":\"paketo-buildpacks/bundler\",\"version\":\"0.5.3\"},{\"id\":\"paketo-buildpacks/bundle-install\",\"version\":\"0.5.2\"},{\"id\":\"paketo-buildpacks/node-engine\",\"version\":\"0.13.0\",\"optional\":true},{\"id\":\"paketo-buildpacks/yarn\",\"version\":\"0.7.0\",\"optional\":true},{\"id\":\"paketo-buildpacks/yarn-install\",\"version\":\"0.10.0\",\"optional\":true},{\"id\":\"paketo-buildpacks/rails-assets\",\"version\":\"0.6.0\",\"optional\":true},{\"id\":\"paketo-buildpacks/unicorn\",\"version\":\"0.4.0\"},{\"id\":\"paketo-buildpacks/procfile\",\"version\":\"5.1.2\",\"optional\":true},{\"id\":\"paketo-buildpacks/environment-variables\",\"version\":\"4.1.2\",\"optional\":true},{\"id\":\"paketo-buildpacks/image-labels\",\"version\":\"4.1.2\",\"optional\":true}]},{\"group\":[{\"id\":\"paketo-buildpacks/ca-certificates\",\"version\":\"3.2.4\",\"optional\":true},{\"id\":\"paketo-buildpacks/mri\",\"version\":\"0.8.3\"},{\"id\":\"paketo-buildpacks/bundler\",\"version\":\"0.5.3\"},{\"id\":\"paketo-buildpacks/bundle-install\",\"version\":\"0.5.2\"},{\"id\":\"paketo-buildpacks/node-engine\",\"version\":\"0.13.0\",\"optional\":true},{\"id\":\"paketo-buildpacks/yarn\",\"version\":\"0.7.0\",\"optional\":true},{\"id\":\"paketo-buildpacks/yarn-install\",\"ver"
18:30:10.412 [Test worker] DEBUG com.github.dockerjava.zerodep.shaded.org.apache.hc.client5.http.wire - http-outgoing-0 << "sion\":\"0.10.0\",\"optional\":true},{\"id\":\"paketo-buildpacks/rails-assets\",\"version\":\"0.6.0\",\"optional\":true},{\"id\":\"paketo-buildpacks/passenger\",\"version\":\"0.6.2\"},{\"id\":\"paketo-buildpacks/procfile\",\"version\":\"5.1.2\",\"optional\":true},{\"id\":\"paketo-buildpacks/environment-variables\",\"version\":\"4.1.2\",\"optional\":true},{\"id\":\"paketo-buildpacks/image-labels\",\"version\":\"4.1.2\",\"optional\":true}]},{\"group\":[{\"id\":\"paketo-buildpacks/ca-certificates\",\"version\":\"3.2.4\",\"optional\":true},{\"id\":\"paketo-buildpacks/mri\",\"version\":\"0.8.3\"},{\"id\":\"paketo-buildpacks/bundler\",\"version\":\"0.5.3\"},{\"id\":\"paketo-buildpacks/bundle-install\",\"version\":\"0.5.2\"},{\"id\":\"paketo-buildpacks/node-engine\",\"version\":\"0.13.0\",\"optional\":true},{\"id\":\"paketo-buildpacks/yarn\",\"version\":\"0.7.0\",\"optional\":true},{\"id\":\"paketo-buildpacks/yarn-install\",\"version\":\"0.10.0\",\"optional\":true},{\"id\":\"paketo-buildpacks/rails-assets\",\"version\":\"0.6.0\",\"optional\":true},{\"id\":\"paketo-buildpacks/rackup\",\"version\":\"0.4.0\"},{\"id\":\"paketo-buildpacks/procfile\",\"version\":\"5.1.2\",\"optional\":true},{\"id\":\"paketo-buildpacks/environment-variables\",\"version\":\"4.1.2\",\"optional\":true},{\"id\":\"paketo-buildpacks/image-labels\",\"version\":\"4.1.2\",\"optional\":true}]},{\"group\":[{\"id\":\"paketo-buildpacks/ca-certificates\",\"version\":\"3.2.4\",\"optional\":true},{\"id\":\"paketo-buildpacks/mri\",\"version\":\"0.8.3\"},{\"id\":\"paketo-buildpacks/bundler\",\"version\":\"0.5.3\",\"optional\":true},{\"id\":\"paketo-buildpacks/bundle-install\",\"version\":\"0.5.2\",\"optional\":true},{\"id\":\"paketo-buildpacks/rake\",\"version\":\"0.4.0\"},{\"id\":\"paketo-buildpacks/procfile\",\"version\":\"5.1.2\",\"optional\":true},{\"id\":\"paketo-buildpacks/environment-variables\",\"version\":\"4.1.2\",\"optional\":true},{\"id\":\"paketo-buildpacks/image-labels\",\"version\":\"4.1.2\",\"optional\":true}]}],\"layerDiffID\":\"sha256:a7151de11449ad7adeeaa05bd425f888887dd7c9c3298296f90b8cc332cc6a44\",\"homepage\":\"https://github.com/paketo-buildpacks/ruby\",\"name\":\"Paketo Ruby Buildpack\"}},\"paketo-buildpacks/sbt\":{\"6.5.1\":{\"api\":\"0.7\",\"stacks\":[{\"id\":\"io.buildpacks.stacks.bionic\"},{\"id\":\"io.paketo.stacks.tiny\"},{\"id\":\"*\"}],\"layerDiffID\":\"sha256:ec3f7e03fd3def7b3759d730973bc9c612f9d953a654a2d6ed3ebaca0e9d3e8b\",\"homepage\":\"https://github.com/paketo-buildpacks/sbt\",\"name\":\"Paketo SBT Buildpack\"}},\"paketo-buildpacks/spring-boot\":{\"5.15.0\":{\"api\":\"0.7\",\"stacks\":[{\"id\":\"io.buildpacks.stacks.bionic\"},{\"id\":\"io.paketo.stacks.tiny\"},{\"id\":\"*\"}],\"layerDiffID\":\"sha256:c4f82a3782c0ee516d022e4385194f4c9cea77fcf45fafbf5e818390aa13a523\",\"homepage\":\"https://github.com/paketo-buildpacks/spring-boot\",\"name\":\"Paketo Spring Boot Buildpack\"}},\"paketo-buildpacks/syft\":{\"1.16.0\":{\"api\":\"0.7\",\"stacks\":[{\"id\":\"io.buildpacks.stacks.bionic\"},{\"id\":\"io.paketo.stacks.tiny\"},{\"id\":\"*\"}],\"layerDiffID\":\"sha256:e7e4563b195f5a0b6dced2186c4403feae8921b55dee8bb73b15cc41435a5dcf\",\"homepage\":\"https://github.com/paketo-buildpacks/syft\",\"name\":\"Paketo Syft Buildpack\"}},\"paketo-buildpacks/thin\":{\"0.5.0\":{\"api\":\"0.7\",\"stacks\":[{\"id\":\"*\"}],\"layerDiffID\":\"sha256:07fc922f178146ad11ed804757541571102c96faa964f4ad46725ceee896b8a7\",\"homepage\":\"https://github.com/paketo-buildpacks/thin\",\"name\":\"Paketo Thin Buildpack\"}},\"paketo-buildpacks/unicorn\":{\"0.4.0\":{\"api\":\"0.7\",\"stacks\":[{\"id\":\"*\"}],\"layerDiffID\":\"sha256:33afa39a69bc804ce94d6e4d0e34c69e7407bfec46c0491c88630e971238b0ac\",\"homepage\":\"https://github.com/paketo-buildpacks/unicorn\",\"name\":\"Paketo Unicorn Buildpack\"}},\"paketo-buildpacks/upx\":{\"3.1.4\":{\"api\":\"0.7\",\"stacks\":[{\"id\":\"io.buildpacks.stacks.bionic\"},{\"id\":\"io.paketo.stacks.tiny\"},{\"id\":\"*\"}],\"layerDiffID\":\"sha256:b298e06e49fde734ba59ef142a1a2f7e5994260227936a6e6fe469f6be305cf2\",\"homepage\":\"https://github.com/paketo-buildpacks/upx\",\"name\":\"Paketo UPX Buildpack\"}},\"paketo-buildpacks/watchexec\":{\"2.5.1\":{\"api\":\"0.7\",\"stacks\":[{\"id\":\"io.buildpacks.stacks.bionic\"},{\"id\":\"io.paketo.stacks.tiny\"},{\"id\":\"*\"}],\"layerDiffID\":\"sha256:7e7537b806a0e38ce3c0fd4e1da72ce240ef7632c2cc49631173275d5a2605e8\",\"homepage\":\"https://github.com/paketo-buildpacks/watchexec\",\"name\":\"Paketo Watchexec Buildpack\"},\"2.5.2\":{\"api\":\"0.7\",\"stacks\":[{\"id\":\"io.buildpacks.stacks.bionic\"},{\"id\":\"io.paketo.stacks.tiny\"},{\"id\":\"*\"}],\"layerDiffID\":\"sha256:d38df75515921eefd6280236ebc3927bdd5c0bff0d776db4c61a5ac03bad3178\",\"homepage\":\"https://github.com/paketo-buildpacks/watchexec\",\"name\":\"Paketo Watchexec Buildpack\"},\"2.5.3\":{\"api\":\"0.7\",\"stacks\":[{\"id\":\"io.buildpacks.stacks.bionic\"},{\"id\":\"io.paketo.stacks.tiny\"},{\"id\":\"*\"}],\"layerDiffID\":\"sha256:9f4413d6bde9e8e2f2c15160de58f4a94399d413c5a3a709b172040028cb8f01\",\"homepage\":\"https://github.com/paketo-buildpacks/watchexec\",\"name\":\"Paketo Watchexec Buildpack\"},\"2.5.4\":{\"api\":\"0.7\",\"stacks\":[{\"id\":\"io.buildpacks.stacks.bionic\"},{\"id\":\"io.paketo.stacks.tiny\"},{\"id\":\"*\"}],\"layerDiffID\":\"sha256:1762b35569c2489cba728b24ed511cca2806ca5c9e6559942287ef4caa8879cd\",\"homepage\":\"https://github.com/paketo-buildpacks/watchexec\",\"name\":\"Paketo Watchexec Buildpack\"}},\"paketo-buildpacks/web-servers\":{\"0.1.0\":{\"api\":\"0.6\",\"order\":[{\"group\":[{\"id\":\"paketo-buildpacks/ca-certificates\",\"version\":\"3.2.4\",\"optional\":true},{\"id\":\"paketo-buildpacks/watchexec\",\"version\":\"2.5.1\",\"optional\":true},{\"id\":\"paketo-buildpacks/node-engine\",\"version\":\"0.13.0\"},{\"id\":\"paketo-buildpacks/yarn\",\"version\":\"0.7.0\"},{\"id\":\"paketo-buildpacks/yarn-install\",\"version\":\"0.10.0\"},{\"id\":\"paketo-buildpacks/node-run-script\",\"version\":\"0.3.4\"},{\"id\":\"paketo-buildpacks/nginx\",\"version\":\"0.7.0\"},{\"id\":\"paketo-buildpacks/environment-variables\",\"version\":\"4.1.2\",\"optional\":true},{\"id\":\"paketo-buildpacks/image-labels\",\"version\":\"4.1.2\",\"optional\":true}]},{\"group\":[{\"id\":\"paketo-buildpacks/ca-certificates\",\"version\":\"3.2.4\",\"optional\":true},{\"id\":\"paketo-buildpacks/watchexec\",\"version\":\"2.5.1\",\"optional\":true},{\"id\":\"paketo-buildpacks/node-engine\",\"version\":\"0.13.0\"},{\"id\":\"paketo-buildpacks/npm-install\",\"version\":\"0.10.0\"},{\"id\":\"paketo-buildpacks/node-run-script\",\"version\":\"0.3.4\"},{\"id\":\"paketo-buildpacks/nginx\",\"version\":\"0.7.0\"},{\"id\":\"paketo-buildpacks/environment-variables\",\"version\":\"4.1.2\",\"optional\":true},{\"id\":\"paketo-buildpacks/image-labels\",\"version\":\"4.1.2\",\"optional\":true}]},{\"group\":[{\"id\":\"paketo-buildpacks/ca-certificates\",\"version\":\"3.2.4\",\"optional\":true},{\"id\":\"paketo-buildpacks/watchexec\",\"version\":\"2.5.1\",\"optional\":true},{\"id\":\"paketo-buildpacks/node-engine\",\"version\":\"0.13.0\"},{\"id\":\"paketo-buildpacks/yarn\",\"version\":\"0.7.0\"},{\"id\":\"paketo-buildpacks/yarn-install\",\"version\":\"0.10.0\"},{\"id\":\"paketo-buildpacks/node-run-script\",\"version\":\"0.3.4\"},{\"id\":\"paketo-buildpacks/httpd\",\"version\":\"0.4.2\"},{\"id\":\"paketo-buildpacks/environment-variables\",\"version\":\"4.1.2\",\"optional\":true},{\"id\":\"paketo-buildpacks/image-labels\",\"version\":\"4.1.2\",\"optional\":true}]},{\"group\":[{\"id\":\"paketo-buildpacks/ca-certificates\",\"version\":\"3.2.4\",\"optional\":true},{\"id\":\"paketo-buildpacks/watchexec\",\"version\":\"2.5.1\",\"optional\":true},{\"id\":\"paketo-buildpacks/node-engine\",\"version\":\"0.13.0\"},{\"id\":\"paketo-buildpacks/npm-install\",\"version\":\"0.10.0\"},{\"id\":\"paketo-buildpacks/node-run-script\",\"version\":\"0.3.4\"},{\"id\":\"paketo-buildpacks/httpd\",\"version\":\"0.4.2\"},{\"id\""
18:30:10.415 [Test worker] DEBUG com.github.dockerjava.zerodep.shaded.org.apache.hc.client5.http.wire - http-outgoing-0 << ":\"paketo-buildpacks/environment-variables\",\"version\":\"4.1.2\",\"optional\":true},{\"id\":\"paketo-buildpacks/image-labels\",\"version\":\"4.1.2\",\"optional\":true}]},{\"group\":[{\"id\":\"paketo-buildpacks/ca-certificates\",\"version\":\"3.2.4\",\"optional\":true},{\"id\":\"paketo-buildpacks/watchexec\",\"version\":\"2.5.1\",\"optional\":true},{\"id\":\"paketo-buildpacks/nginx\",\"version\":\"0.7.0\"},{\"id\":\"paketo-buildpacks/procfile\",\"version\":\"5.1.2\",\"optional\":true},{\"id\":\"paketo-buildpacks/environment-variables\",\"version\":\"4.1.2\",\"optional\":true},{\"id\":\"paketo-buildpacks/image-labels\",\"version\":\"4.1.2\",\"optional\":true}]},{\"group\":[{\"id\":\"paketo-buildpacks/ca-certificates\",\"version\":\"3.2.4\",\"optional\":true},{\"id\":\"paketo-buildpacks/watchexec\",\"version\":\"2.5.1\",\"optional\":true},{\"id\":\"paketo-buildpacks/httpd\",\"version\":\"0.4.2\"},{\"id\":\"paketo-buildpacks/procfile\",\"version\":\"5.1.2\",\"optional\":true},{\"id\":\"paketo-buildpacks/environment-variables\",\"version\":\"4.1.2\",\"optional\":true},{\"id\":\"paketo-buildpacks/image-labels\",\"version\":\"4.1.2\",\"optional\":true}]}],\"layerDiffID\":\"sha256:32f5f3e4fd864ae467610e3b7a75decc47a284b01a7bdb928633ace1bc694ab0\",\"homepage\":\"https://github.com/paketo-buildpacks/web-servers\",\"name\":\"Paketo Web Servers Buildpack\"}},\"paketo-buildpacks/yarn\":{\"0.7.0\":{\"api\":\"0.7\",\"stacks\":[{\"id\":\"io.buildpacks.stacks.bionic\"}],\"layerDiffID\":\"sha256:7cd96915e54745be0ce8f53e5f386b409940dc884d298e7bb083671d8d6af2f2\",\"homepage\":\"https://github.com/paketo-buildpacks/yarn\",\"name\":\"Paketo Yarn Buildpack\"},\"0.8.0\":{\"api\":\"0.7\",\"stacks\":[{\"id\":\"io.buildpacks.stacks.bionic\"},{\"id\":\"io.buildpacks.stacks.jammy\"}],\"layerDiffID\":\"sha256:57c390f504435bdde197e68e62f9f86f4cc73d434e6718dc9e8a1b405905ffc8\",\"homepage\":\"https://github.com/paketo-buildpacks/yarn\",\"name\":\"Paketo Yarn Buildpack\"}},\"paketo-buildpacks/yarn-install\":{\"0.10.0\":{\"api\":\"0.7\",\"stacks\":[{\"id\":\"*\"}],\"layerDiffID\":\"sha256:72c136b1969f6e5e465b248084003292fe8aad54e4a3b386801859487a8d558a\",\"homepage\":\"https://github.com/paketo-buildpacks/yarn-install\",\"name\":\"Paketo Yarn Install Buildpack\"},\"0.10.2\":{\"api\":\"0.7\",\"stacks\":[{\"id\":\"*\"}],\"layerDiffID\":\"sha256:0321d04ec244854b890a481f8cde3216470ddece02144b15ae9fe1dd74ff0094\",\"homepage\":\"https://github.com/paketo-buildpacks/yarn-install\",\"name\":\"Paketo Yarn Install Buildpack\"}},\"paketo-buildpacks/yarn-start\":{\"0.8.2\":{\"api\":\"0.7\",\"stacks\":[{\"id\":\"*\"}],\"layerDiffID\":\"sha256:ef65d844323d03d3dfc374641de7cb843bfa7421a857067f2e299e7bd4a4db89\",\"homepage\":\"https://github.com/paketo-buildpacks/yarn-start\",\"name\":\"Paketo Yarn Start Buildpack\"}}}","io.buildpacks.buildpack.order":"[{\"group\":[{\"id\":\"paketo-buildpacks/ruby\",\"version\":\"0.15.0\"}]},{\"group\":[{\"id\":\"paketo-buildpacks/dotnet-core\",\"version\":\"0.20.0\"}]},{\"group\":[{\"id\":\"paketo-buildpacks/go\",\"version\":\"2.1.0\"}]},{\"group\":[{\"id\":\"paketo-buildpacks/python\",\"version\":\"2.0.0\"}]},{\"group\":[{\"id\":\"paketo-buildpacks/web-servers\",\"version\":\"0.1.0\"}]},{\"group\":[{\"id\":\"paketo-buildpacks/java-native-image\",\"version\":\"7.26.0\"}]},{\"group\":[{\"id\":\"paketo-buildpacks/java\",\"version\":\"6.34.0\"}]},{\"group\":[{\"id\":\"paketo-buildpacks/nodejs\",\"version\":\"0.22.0\"}]},{\"group\":[{\"id\":\"paketo-buildpacks/procfile\",\"version\":\"5.2.1\"}]}]","io.buildpacks.stack.description":"ubuntu:bionic with compilers and shell utilities","io.buildpacks.stack.distro.name":"ubuntu","io.buildpacks.stack.distro.version":"18.04","io.buildpacks.stack.homepage":"https://github.com/paketo-buildpacks/bionic-base-stack","io.buildpacks.stack.id":"io.buildpacks.stacks.bionic","io.buildpacks.stack.maintainer":"Paketo Buildpacks","io.buildpacks.stack.metadata":"{}","io.buildpacks.stack.mixins":"[\"libdb5.3\",\"libuuid1\",\"libapt-pkg5.0\",\"libaudit-common\",\"liblz4-1\",\"libunistring2\",\"libattr1\",\"libgcrypt20\",\"libnettle6\",\"libpam-runtime\",\"fdisk\",\"tar\",\"libcom-err2\",\"locales\",\"openssl\",\"sensible-utils\",\"libblkid1\",\"libhogweed4\",\"libsemanage-common\",\"zlib1g\",\"passwd\",\"tzdata\",\"bash\",\"hostname\",\"libcap-ng0\",\"libssl1.1\",\"base-passwd\",\"gzip\",\"libtasn1-6\",\"netbase\",\"sysvinit-utils\",\"libext2fs2\",\"libgpg-error0\",\"libmount1\",\"adduser\",\"libexpat1\",\"util-linux\",\"libc6\",\"libdebconfclient0\",\"libfdisk1\",\"procps\",\"gcc-8-base\",\"libsystemd0\",\"login\",\"ncurses-base\",\"apt\",\"libprocps6\",\"ca-certificates\",\"grep\",\"libidn2-0\",\"libyaml-0-2\",\"sed\",\"ubuntu-keyring\",\"diffutils\",\"bzip2\",\"libffi6\",\"libncursesw5\",\"libpcre3\",\"libgnutls30\",\"gpgv\",\"libaudit1\",\"libbz2-1.0\",\"libpam-modules\",\"libseccomp2\",\"debconf\",\"libncurses5\",\"libacl1\",\"libpam-modules-bin\",\"libstdc++6\",\"findutils\",\"init-system-helpers\",\"libsmartcols1\",\"libtinfo5\",\"libzstd1\",\"bsdutils\",\"dash\",\"debianutils\",\"lsb-base\",\"ncurses-bin\",\"libp11-kit0\",\"perl-base\",\"dpkg\",\"liblzma5\",\"base-files\",\"e2fsprogs\",\"libsemanage1\",\"libudev1\",\"mawk\",\"coreutils\",\"libc-bin\",\"libgcc1\",\"libgmp10\",\"libss2\",\"libpam0g\",\"libselinux1\",\"libsepol1\",\"mount\",\"build:liberror-perl\",\"build:libgdbm5\",\"build:librtmp1\",\"build:make\",\"build:libgomp1\",\"build:dpkg-dev\",\"build:libwind0-heimdal\",\"build:libasn1-8-heimdal\",\"build:libstdc++-7-dev\",\"build:libcurl4\",\"build:gopkg.in/yaml.v3\",\"build:libc-dev-bin\",\"build:libgssapi3-heimdal\",\"build:libquadmath0\",\"build:binutils-x86-64-linux-gnu\",\"build:g++-7\",\"build:g++\",\"build:jq\",\"build:libkrb5-26-heimdal\",\"build:github.com/hashicorp/hcl\",\"build:libonig4\",\"build:perl\",\"build:binutils-common\",\"build:github.com/sclevine/yj/v5\",\"build:libheimbase1-heimdal\",\"build:libdpkg-perl\",\"build:patch\",\"build:libtsan0\",\"build:xz-utils\",\"build:git-man\",\"build:libjq1\",\"build:liblsan0\",\"build:perl-modules-5.26\",\"build:libc6-dev\",\"build:libcilkrts5\",\"build:libhcrypto4-heimdal\",\"build:zlib1g-dev\",\"build:gcc-7-base\",\"build:libgmp-dev\",\"build:libkrb5-3\",\"build:cpp\",\"build:github.com/BurntSushi/toml\",\"build:libcurl3-gnutls\",\"build:libkeyutils1\",\"build:libatomic1\",\"build:libcc1-0\",\"build:libgmpxx4ldbl\",\"build:libheimntlm0-heimdal\",\"build:libubsan0\",\"build:gcc\",\"build:libitm1\",\"build:libmpfr6\",\"build:libasan4\",\"build:libgdbm-compat4\",\"build:libmpx2\",\"build:libroken18-heimdal\",\"build:gcc-7\",\"build:git\",\"build:libhx509-5-heimdal\",\"build:libisl19\",\"build:libperl5.26\",\"build:build-essential\",\"build:libldap-2.4-2\",\"build:libnghttp2-14\",\"build:binutils\",\"build:libbinutils\",\"build:libk5crypto3\",\"build:libsasl2-2\",\"build:libmpc3\",\"build:libsqlite3-0\",\"build:linux-libc-dev\",\"build:libldap-common\",\"build:libsasl2-modules-db\",\"build:libgcc-7-dev\",\"build:libgssapi-krb5-2\",\"build:libkrb5support0\",\"build:curl\",\"build:libpsl5\",\"build:cpp-7\"]","io.buildpacks.stack.released":"2022-08-10T14:27:21Z","io.paketo.stack.packages":"[{\"name\":\"adduser\",\"version\":\"3.116ubuntu1\",\"arch\":\"all\",\"source\":{\"name\":\"\"},\"summary\":\"add and remove users and groups\"},{\"name\":\"apt\",\"version\":\"1.6.14\",\"arch\":\"amd64\",\"source\":{\"name\":\"\"},\"summary\":\"commandline package manager\"},{\"name\":\"base-files\",\"version\":\"10.1ubuntu2.11\",\"arch\":\"amd64\",\"source\":{\"name\":\"\"},\"summary\":\"Debian base system miscellaneous files\"},{\"name\":\"base-passwd\",\"version\":\"3.5.44\",\"arch\":\"amd64\",\"source\":{\"name\":\"\"},\"summary\":\"Debian base system master password and group files\"},{\"name\":\"bash\",\"version\":\"4.4.18-2ubuntu1.3\",\"arch\":\"amd64\",\"source\":{\"name\":\"\"},\"summary\":\"GNU Bourne Again SHell\"},{\"name\":\"binutils\",\"version\":\"2.30-21ubuntu1~18.04.7\""
18:30:10.421 [Test worker] DEBUG com.github.dockerjava.zerodep.shaded.org.apache.hc.client5.http.wire - http-outgoing-0 << ",\"arch\":\"amd64\",\"source\":{\"name\":\"\"},\"summary\":\"GNU assembler, linker and binary utilities\"},{\"name\":\"binutils-common\",\"version\":\"2.30-21ubuntu1~18.04.7\",\"arch\":\"amd64\",\"source\":{\"name\":\"binutils\"},\"summary\":\"Common files for the GNU assembler, linker and binary utilities\"},{\"name\":\"binutils-x86-64-linux-gnu\",\"version\":\"2.30-21ubuntu1~18.04.7\",\"arch\":\"amd64\",\"source\":{\"name\":\"binutils\"},\"summary\":\"GNU binary utilities, for x86-64-linux-gnu target\"},{\"name\":\"bsdutils\",\"version\":\"1:2.31.1-0.4ubuntu3.7\",\"arch\":\"amd64\",\"source\":{\"name\":\"util-linux\",\"version\":\"2.31.1-0.4ubuntu3.7\",\"upstreamVersion\":\"2.31.1\"},\"summary\":\"basic utilities from 4.4BSD-Lite\"},{\"name\":\"build-essential\",\"version\":\"12.4ubuntu1\",\"arch\":\"amd64\",\"source\":{\"name\":\"\"},\"summary\":\"Informational list of build-essential packages\"},{\"name\":\"bzip2\",\"version\":\"1.0.6-8.1ubuntu0.2\",\"arch\":\"amd64\",\"source\":{\"name\":\"\"},\"summary\":\"high-quality block-sorting file compressor - utilities\"},{\"name\":\"ca-certificates\",\"version\":\"20211016~18.04.1\",\"arch\":\"all\",\"source\":{\"name\":\"\"},\"summary\":\"Common CA certificates\"},{\"name\":\"coreutils\",\"version\":\"8.28-1ubuntu1\",\"arch\":\"amd64\",\"source\":{\"name\":\"\"},\"summary\":\"GNU core utilities\"},{\"name\":\"cpp\",\"version\":\"4:7.4.0-1ubuntu2.3\",\"arch\":\"amd64\",\"source\":{\"name\":\"gcc-defaults\",\"version\":\"1.176ubuntu2.3\",\"upstreamVersion\":\"1.176ubuntu2.3\"},\"summary\":\"GNU C preprocessor (cpp)\"},{\"name\":\"cpp-7\",\"version\":\"7.5.0-3ubuntu1~18.04\",\"arch\":\"amd64\",\"source\":{\"name\":\"gcc-7\"},\"summary\":\"GNU C preprocessor\"},{\"name\":\"curl\",\"version\":\"7.58.0-2ubuntu3.19\",\"arch\":\"amd64\",\"source\":{\"name\":\"\"},\"summary\":\"command line tool for transferring data with URL syntax\"},{\"name\":\"dash\",\"version\":\"0.5.8-2.10\",\"arch\":\"amd64\",\"source\":{\"name\":\"\"},\"summary\":\"POSIX-compliant shell\"},{\"name\":\"debconf\",\"version\":\"1.5.66ubuntu1\",\"arch\":\"all\",\"source\":{\"name\":\"\"},\"summary\":\"Debian configuration management system\"},{\"name\":\"debianutils\",\"version\":\"4.8.4\",\"arch\":\"amd64\",\"source\":{\"name\":\"\"},\"summary\":\"Miscellaneous utilities specific to Debian\"},{\"name\":\"diffutils\",\"version\":\"1:3.6-1\",\"arch\":\"amd64\",\"source\":{\"name\":\"\"},\"summary\":\"File comparison utilities\"},{\"name\":\"dpkg\",\"version\":\"1.19.0.5ubuntu2.4\",\"arch\":\"amd64\",\"source\":{\"name\":\"\"},\"summary\":\"Debian package management system\"},{\"name\":\"dpkg-dev\",\"version\":\"1.19.0.5ubuntu2.4\",\"arch\":\"all\",\"source\":{\"name\":\"dpkg\"},\"summary\":\"Debian package development tools\"},{\"name\":\"e2fsprogs\",\"version\":\"1.44.1-1ubuntu1.4\",\"arch\":\"amd64\",\"source\":{\"name\":\"\"},\"summary\":\"ext2/ext3/ext4 file system utilities\"},{\"name\":\"fdisk\",\"version\":\"2.31.1-0.4ubuntu3.7\",\"arch\":\"amd64\",\"source\":{\"name\":\"util-linux\"},\"summary\":\"collection of partitioning utilities\"},{\"name\":\"findutils\",\"version\":\"4.6.0+git+20170828-2\",\"arch\":\"amd64\",\"source\":{\"name\":\"\"},\"summary\":\"utilities for finding files--find, xargs\"},{\"name\":\"g++\",\"version\":\"4:7.4.0-1ubuntu2.3\",\"arch\":\"amd64\",\"source\":{\"name\":\"gcc-defaults\",\"version\":\"1.176ubuntu2.3\",\"upstreamVersion\":\"1.176ubuntu2.3\"},\"summary\":\"GNU C++ compiler\"},{\"name\":\"g++-7\",\"version\":\"7.5.0-3ubuntu1~18.04\",\"arch\":\"amd64\",\"source\":{\"name\":\"gcc-7\"},\"summary\":\"GNU C++ compiler\"},{\"name\":\"gcc\",\"version\":\"4:7.4.0-1ubuntu2.3\",\"arch\":\"amd64\",\"source\":{\"name\":\"gcc-defaults\",\"version\":\"1.176ubuntu2.3\",\"upstreamVersion\":\"1.176ubuntu2.3\"},\"summary\":\"GNU C compiler\"},{\"name\":\"gcc-7\",\"version\":\"7.5.0-3ubuntu1~18.04\",\"arch\":\"amd64\",\"source\":{\"name\":\"\"},\"summary\":\"GNU C compiler\"},{\"name\":\"gcc-7-base\",\"version\":\"7.5.0-3ubuntu1~18.04\",\"arch\":\"amd64\",\"source\":{\"name\":\"gcc-7\"},\"summary\":\"GCC, the GNU Compiler Collection (base package)\"},{\"name\":\"gcc-8-base\",\"version\":\"8.4.0-1ubuntu1~18.04\",\"arch\":\"amd64\",\"source\":{\"name\":\"gcc-8\"},\"summary\":\"GCC, the GNU Compiler Collection (base package)\"},{\"name\":\"git\",\"version\":\"1:2.17.1-1ubuntu0.12\",\"arch\":\"amd64\",\"source\":{\"name\":\"\"},\"summary\":\"fast, scalable, distributed revision control system\"},{\"name\":\"git-man\",\"version\":\"1:2.17.1-1ubuntu0.12\",\"arch\":\"all\",\"source\":{\"name\":\"git\"},\"summary\":\"fast, scalable, distributed revision control system (manual pages)\"},{\"name\":\"gpgv\",\"version\":\"2.2.4-1ubuntu1.6\",\"arch\":\"amd64\",\"source\":{\"name\":\"gnupg2\"},\"summary\":\"GNU privacy guard - signature verification tool\"},{\"name\":\"grep\",\"version\":\"3.1-2build1\",\"arch\":\"amd64\",\"source\":{\"name\":\"\"},\"summary\":\"GNU grep, egrep and fgrep\"},{\"name\":\"gzip\",\"version\":\"1.6-5ubuntu1.2\",\"arch\":\"amd64\",\"source\":{\"name\":\"\"},\"summary\":\"GNU compression utilities\"},{\"name\":\"hostname\",\"version\":\"3.20\",\"arch\":\"amd64\",\"source\":{\"name\":\"\"},\"summary\":\"utility to set/show the host name or domain name\"},{\"name\":\"init-system-helpers\",\"version\":\"1.51\",\"arch\":\"all\",\"source\":{\"name\":\"\"},\"summary\":\"helper tools for all init systems\"},{\"name\":\"jq\",\"version\":\"1.5+dfsg-2\",\"arch\":\"amd64\",\"source\":{\"name\":\"\"},\"summary\":\"lightweight and flexible command-line JSON processor\"},{\"name\":\"libacl1\",\"version\":\"2.2.52-3build1\",\"arch\":\"amd64\",\"source\":{\"name\":\"acl\"},\"summary\":\"Access control list shared library\"},{\"name\":\"libapt-pkg5.0\",\"version\":\"1.6.14\",\"arch\":\"amd64\",\"source\":{\"name\":\"apt\"},\"summary\":\"package management runtime library\"},{\"name\":\"libasan4\",\"version\":\"7.5.0-3ubuntu1~18.04\",\"arch\":\"amd64\",\"source\":{\"name\":\"gcc-7\"},\"summary\":\"AddressSanitizer -- a fast memory error detector\"},{\"name\":\"libasn1-8-heimdal\",\"version\":\"7.5.0+dfsg-1\",\"arch\":\"amd64\",\"source\":{\"name\":\"heimdal\"},\"summary\":\"Heimdal Kerberos - ASN.1 library\"},{\"name\":\"libatomic1\",\"version\":\"8.4.0-1ubuntu1~18.04\",\"arch\":\"amd64\",\"source\":{\"name\":\"gcc-8\"},\"summary\":\"support library providing __atomic built-in functions\"},{\"name\":\"libattr1\",\"version\":\"1:2.4.47-2build1\",\"arch\":\"amd64\",\"source\":{\"name\":\"attr\"},\"summary\":\"Extended attribute shared library\"},{\"name\":\"libaudit-common\",\"version\":\"1:2.8.2-1ubuntu1.1\",\"arch\":\"all\",\"source\":{\"name\":\"audit\"},\"summary\":\"Dynamic library for security auditing - common files\"},{\"name\":\"libaudit1\",\"version\":\"1:2.8.2-1ubuntu1.1\",\"arch\":\"amd64\",\"source\":{\"name\":\"audit\"},\"summary\":\"Dynamic library for security auditing\"},{\"name\":\"libbinutils\",\"version\":\"2.30-21ubuntu1~18.04.7\",\"arch\":\"amd64\",\"source\":{\"name\":\"binutils\"},\"summary\":\"GNU binary utilities (private shared library)\"},{\"name\":\"libblkid1\",\"version\":\"2.31.1-0.4ubuntu3.7\",\"arch\":\"amd64\",\"source\":{\"name\":\"util-linux\"},\"summary\":\"block device ID library\"},{\"name\":\"libbz2-1.0\",\"version\":\"1.0.6-8.1ubuntu0.2\",\"arch\":\"amd64\",\"source\":{\"name\":\"bzip2\"},\"summary\":\"high-quality block-sorting file compressor library - runtime\"},{\"name\":\"libc-bin\",\"version\":\"2.27-3ubuntu1.6\",\"arch\":\"amd64\",\"source\":{\"name\":\"glibc\"},\"summary\":\"GNU C Library: Binaries\"},{\"name\":\"libc-dev-bin\",\"version\":\"2.27-3ubuntu1.6\",\"arch\":\"amd64\",\"source\":{\"name\":\"glibc\"},\"summary\":\"GNU C Library: Development binaries\"},{\"name\":\"libc6\",\"version\":\"2.27-3ubuntu1.6\",\"arch\":\"amd64\",\"source\":{\"name\":\"glibc\"},\"summary\":\"GNU C Library: Shared libraries\"},{\"name\":\"libc6-dev\",\"version\":\"2.27-3ubuntu1.6\",\"arch\":\"
18:30:10.423 [Test worker] DEBUG com.github.dockerjava.zerodep.shaded.org.apache.hc.client5.http.wire - http-outgoing-0 << ""amd64\",\"source\":{\"name\":\"glibc\"},\"summary\":\"GNU C Library: Development Libraries and Header Files\"},{\"name\":\"libcap-ng0\",\"version\":\"0.7.7-3.1\",\"arch\":\"amd64\",\"source\":{\"name\":\"libcap-ng\"},\"summary\":\"An alternate POSIX capabilities library\"},{\"name\":\"libcc1-0\",\"version\":\"8.4.0-1ubuntu1~18.04\",\"arch\":\"amd64\",\"source\":{\"name\":\"gcc-8\"},\"summary\":\"GCC cc1 plugin for GDB\"},{\"name\":\"libcilkrts5\",\"version\":\"7.5.0-3ubuntu1~18.04\",\"arch\":\"amd64\",\"source\":{\"name\":\"gcc-7\"},\"summary\":\"Intel Cilk Plus language extensions (runtime)\"},{\"name\":\"libcom-err2\",\"version\":\"1.44.1-1ubuntu1.4\",\"arch\":\"amd64\",\"source\":{\"name\":\"e2fsprogs\"},\"summary\":\"common error description library\"},{\"name\":\"libcurl3-gnutls\",\"version\":\"7.58.0-2ubuntu3.19\",\"arch\":\"amd64\",\"source\":{\"name\":\"curl\"},\"summary\":\"easy-to-use client-side URL transfer library (GnuTLS flavour)\"},{\"name\":\"libcurl4\",\"version\":\"7.58.0-2ubuntu3.19\",\"arch\":\"amd64\",\"source\":{\"name\":\"curl\"},\"summary\":\"easy-to-use client-side URL transfer library (OpenSSL flavour)\"},{\"name\":\"libdb5.3\",\"version\":\"5.3.28-13.1ubuntu1.1\",\"arch\":\"amd64\",\"source\":{\"name\":\"db5.3\"},\"summary\":\"Berkeley v5.3 Database Libraries [runtime]\"},{\"name\":\"libdebconfclient0\",\"version\":\"0.213ubuntu1\",\"arch\":\"amd64\",\"source\":{\"name\":\"cdebconf\"},\"summary\":\"Debian Configuration Management System (C-implementation library)\"},{\"name\":\"libdpkg-perl\",\"version\":\"1.19.0.5ubuntu2.4\",\"arch\":\"all\",\"source\":{\"name\":\"dpkg\"},\"summary\":\"Dpkg perl modules\"},{\"name\":\"liberror-perl\",\"version\":\"0.17025-1\",\"arch\":\"all\",\"source\":{\"name\":\"\"},\"summary\":\"Perl module for error/exception handling in an OO-ish way\"},{\"name\":\"libexpat1\",\"version\":\"2.2.5-3ubuntu0.7\",\"arch\":\"amd64\",\"source\":{\"name\":\"expat\"},\"summary\":\"XML parsing C library - runtime library\"},{\"name\":\"libext2fs2\",\"version\":\"1.44.1-1ubuntu1.4\",\"arch\":\"amd64\",\"source\":{\"name\":\"e2fsprogs\"},\"summary\":\"ext2/ext3/ext4 file system libraries\"},{\"name\":\"libfdisk1\",\"version\":\"2.31.1-0.4ubuntu3.7\",\"arch\":\"amd64\",\"source\":{\"name\":\"util-linux\"},\"summary\":\"fdisk partitioning library\"},{\"name\":\"libffi6\",\"version\":\"3.2.1-8\",\"arch\":\"amd64\",\"source\":{\"name\":\"libffi\"},\"summary\":\"Foreign Function Interface library runtime\"},{\"name\":\"libgcc-7-dev\",\"version\":\"7.5.0-3ubuntu1~18.04\",\"arch\":\"amd64\",\"source\":{\"name\":\"gcc-7\"},\"summary\":\"GCC support library (development files)\"},{\"name\":\"libgcc1\",\"version\":\"1:8.4.0-1ubuntu1~18.04\",\"arch\":\"amd64\",\"source\":{\"name\":\"gcc-8\",\"version\":\"8.4.0-1ubuntu1~18.04\",\"upstreamVersion\":\"8.4.0\"},\"summary\":\"GCC support library\"},{\"name\":\"libgcrypt20\",\"version\":\"1.8.1-4ubuntu1.3\",\"arch\":\"amd64\",\"source\":{\"name\":\"\"},\"summary\":\"LGPL Crypto library - runtime library\"},{\"name\":\"libgdbm-compat4\",\"version\":\"1.14.1-6\",\"arch\":\"amd64\",\"source\":{\"name\":\"gdbm\"},\"summary\":\"GNU dbm database routines (legacy support runtime version)\"},{\"name\":\"libgdbm5\",\"version\":\"1.14.1-6\",\"arch\":\"amd64\",\"source\":{\"name\":\"gdbm\"},\"summary\":\"GNU dbm database routines (runtime version)\"},{\"name\":\"libgmp-dev\",\"version\":\"2:6.1.2+dfsg-2\",\"arch\":\"amd64\",\"source\":{\"name\":\"gmp\"},\"summary\":\"Multiprecision arithmetic library developers tools\"},{\"name\":\"libgmp10\",\"version\":\"2:6.1.2+dfsg-2\",\"arch\":\"amd64\",\"source\":{\"name\":\"gmp\"},\"summary\":\"Multiprecision arithmetic library\"},{\"name\":\"libgmpxx4ldbl\",\"version\":\"2:6.1.2+dfsg-2\",\"arch\":\"amd64\",\"source\":{\"name\":\"gmp\"},\"summary\":\"Multiprecision arithmetic library (C++ bindings)\"},{\"name\":\"libgnutls30\",\"version\":\"3.5.18-1ubuntu1.6\",\"arch\":\"amd64\",\"source\":{\"name\":\"gnutls28\"},\"summary\":\"GNU TLS library - main runtime library\"},{\"name\":\"libgomp1\",\"version\":\"8.4.0-1ubuntu1~18.04\",\"arch\":\"amd64\",\"source\":{\"name\":\"gcc-8\"},\"summary\":\"GCC OpenMP (GOMP) support library\"},{\"name\":\"libgpg-error0\",\"version\":\"1.27-6\",\"arch\":\"amd64\",\"source\":{\"name\":\"libgpg-error\"},\"summary\":\"library for common error values and messages in GnuPG components\"},{\"name\":\"libgssapi-krb5-2\",\"version\":\"1.16-2ubuntu0.2\",\"arch\":\"amd64\",\"source\":{\"name\":\"krb5\"},\"summary\":\"MIT Kerberos runtime libraries - krb5 GSS-API Mechanism\"},{\"name\":\"libgssapi3-heimdal\",\"version\":\"7.5.0+dfsg-1\",\"arch\":\"amd64\",\"source\":{\"name\":\"heimdal\"},\"summary\":\"Heimdal Kerberos - GSSAPI support library\"},{\"name\":\"libhcrypto4-heimdal\",\"version\":\"7.5.0+dfsg-1\",\"arch\":\"amd64\",\"source\":{\"name\":\"heimdal\"},\"summary\":\"Heimdal Kerberos - crypto library\"},{\"name\":\"libheimbase1-heimdal\",\"version\":\"7.5.0+dfsg-1\",\"arch\":\"amd64\",\"source\":{\"name\":\"heimdal\"},\"summary\":\"Heimdal Kerberos - Base library\"},{\"name\":\"libheimntlm0-heimdal\",\"version\":\"7.5.0+dfsg-1\",\"arch\":\"amd64\",\"source\":{\"name\":\"heimdal\"},\"summary\":\"Heimdal Kerberos - NTLM support library\"},{\"name\":\"libhogweed4\",\"version\":\"3.4.1-0ubuntu0.18.04.1\",\"arch\":\"amd64\",\"source\":{\"name\":\"nettle\"},\"summary\":\"low level cryptographic library (public-key cryptos)\"},{\"name\":\"libhx509-5-heimdal\",\"version\":\"7.5.0+dfsg-1\",\"arch\":\"amd64\",\"source\":{\"name\":\"heimdal\"},\"summary\":\"Heimdal Kerberos - X509 support library\"},{\"name\":\"libidn2-0\",\"version\":\"2.0.4-1.1ubuntu0.2\",\"arch\":\"amd64\",\"source\":{\"name\":\"libidn2\"},\"summary\":\"Internationalized domain names (IDNA2008/TR46) library\"},{\"name\":\"libisl19\",\"version\":\"0.19-1\",\"arch\":\"amd64\",\"source\":{\"name\":\"isl\"},\"summary\":\"manipulating sets and relations of integer points bounded by linear constraints\"},{\"name\":\"libitm1\",\"version\":\"8.4.0-1ubuntu1~18.04\",\"arch\":\"amd64\",\"source\":{\"name\":\"gcc-8\"},\"summary\":\"GNU Transactional Memory Library\"},{\"name\":\"libjq1\",\"version\":\"1.5+dfsg-2\",\"arch\":\"amd64\",\"source\":{\"name\":\"jq\"},\"summary\":\"lightweight and flexible command-line JSON processor - shared library\"},{\"name\":\"libk5crypto3\",\"version\":\"1.16-2ubuntu0.2\",\"arch\":\"amd64\",\"source\":{\"name\":\"krb5\"},\"summary\":\"MIT Kerberos runtime libraries - Crypto Library\"},{\"name\":\"libkeyutils1\",\"version\":\"1.5.9-9.2ubuntu2.1\",\"arch\":\"amd64\",\"source\":{\"name\":\"keyutils\"},\"summary\":\"Linux Key Management Utilities (library)\"},{\"name\":\"libkrb5-26-heimdal\",\"version\":\"7.5.0+dfsg-1\",\"arch\":\"amd64\",\"source\":{\"name\":\"heimdal\"},\"summary\":\"Heimdal Kerberos - libraries\"},{\"name\":\"libkrb5-3\",\"version\":\"1.16-2ubuntu0.2\",\"arch\":\"amd64\",\"source\":{\"name\":\"krb5\"},\"summary\":\"MIT Kerberos runtime libraries\"},{\"name\":\"libkrb5support0\",\"version\":\"1.16-2ubuntu0.2\",\"arch\":\"amd64\",\"source\":{\"name\":\"krb5\"},\"summary\":\"MIT Kerberos runtime libraries - Support library\"},{\"name\":\"libldap-2.4-2\",\"version\":\"2.4.45+dfsg-1ubuntu1.11\",\"arch\":\"amd64\",\"source\":{\"name\":\"openldap\"},\"summary\":\"OpenLDAP libraries\"},{\"name\":\"libldap-common\",\"version\":\"2.4.45+dfsg-1ubuntu1.11\",\"arch\":\"all\",\"source\":{\"name\":\"openldap\"},\"summary\":\"OpenLDAP common files for libraries\"},{\"name\":\"liblsan0\",\"version\":\"8.4.0-1ubuntu1~18.04\",\"arch\":\"amd64\",\"source\":{\"name\":\"gcc-8\"},\"summary\":\"LeakSanitizer -- a memory leak detector (runtime)\"},{\"name\":\"liblz4-1\",\"version\":\"0.0~r131-2ubuntu3.1\",\"arch\":\"amd64\",\"source\":{\"name\":\"lz4\"},\"summary\":\"Fast LZ compression algorithm library - runtime\"},{\"name\":\"liblzma5\",\"version\":\"5.2.2-1.3ubuntu0.1\",\"arch\":\"amd64\",\"source\":{\"name\":\"xz-utils\"},\"summary\":\"XZ-for"
18:30:10.425 [Test worker] DEBUG com.github.dockerjava.zerodep.shaded.org.apache.hc.client5.http.wire - http-outgoing-0 << "mat compression library\"},{\"name\":\"libmount1\",\"version\":\"2.31.1-0.4ubuntu3.7\",\"arch\":\"amd64\",\"source\":{\"name\":\"util-linux\"},\"summary\":\"device mounting library\"},{\"name\":\"libmpc3\",\"version\":\"1.1.0-1\",\"arch\":\"amd64\",\"source\":{\"name\":\"mpclib3\"},\"summary\":\"multiple precision complex floating-point library\"},{\"name\":\"libmpfr6\",\"version\":\"4.0.1-1\",\"arch\":\"amd64\",\"source\":{\"name\":\"mpfr4\"},\"summary\":\"multiple precision floating-point computation\"},{\"name\":\"libmpx2\",\"version\":\"8.4.0-1ubuntu1~18.04\",\"arch\":\"amd64\",\"source\":{\"name\":\"gcc-8\"},\"summary\":\"Intel memory protection extensions (runtime)\"},{\"name\":\"libncurses5\",\"version\":\"6.1-1ubuntu1.18.04\",\"arch\":\"amd64\",\"source\":{\"name\":\"ncurses\"},\"summary\":\"shared libraries for terminal handling\"},{\"name\":\"libncursesw5\",\"version\":\"6.1-1ubuntu1.18.04\",\"arch\":\"amd64\",\"source\":{\"name\":\"ncurses\"},\"summary\":\"shared libraries for terminal handling (wide character support)\"},{\"name\":\"libnettle6\",\"version\":\"3.4.1-0ubuntu0.18.04.1\",\"arch\":\"amd64\",\"source\":{\"name\":\"nettle\"},\"summary\":\"low level cryptographic library (symmetric and one-way cryptos)\"},{\"name\":\"libnghttp2-14\",\"version\":\"1.30.0-1ubuntu1\",\"arch\":\"amd64\",\"source\":{\"name\":\"nghttp2\"},\"summary\":\"library implementing HTTP/2 protocol (shared library)\"},{\"name\":\"libonig4\",\"version\":\"6.7.0-1\",\"arch\":\"amd64\",\"source\":{\"name\":\"libonig\"},\"summary\":\"regular expressions library\"},{\"name\":\"libp11-kit0\",\"version\":\"0.23.9-2ubuntu0.1\",\"arch\":\"amd64\",\"source\":{\"name\":\"p11-kit\"},\"summary\":\"library for loading and coordinating access to PKCS#11 modules - runtime\"},{\"name\":\"libpam-modules\",\"version\":\"1.1.8-3.6ubuntu2.18.04.3\",\"arch\":\"amd64\",\"source\":{\"name\":\"pam\"},\"summary\":\"Pluggable Authentication Modules for PAM\"},{\"name\":\"libpam-modules-bin\",\"version\":\"1.1.8-3.6ubuntu2.18.04.3\",\"arch\":\"amd64\",\"source\":{\"name\":\"pam\"},\"summary\":\"Pluggable Authentication Modules for PAM - helper binaries\"},{\"name\":\"libpam-runtime\",\"version\":\"1.1.8-3.6ubuntu2.18.04.3\",\"arch\":\"all\",\"source\":{\"name\":\"pam\"},\"summary\":\"Runtime support for the PAM library\"},{\"name\":\"libpam0g\",\"version\":\"1.1.8-3.6ubuntu2.18.04.3\",\"arch\":\"amd64\",\"source\":{\"name\":\"pam\"},\"summary\":\"Pluggable Authentication Modules library\"},{\"name\":\"libpcre3\",\"version\":\"2:8.39-9ubuntu0.1\",\"arch\":\"amd64\",\"source\":{\"name\":\"pcre3\"},\"summary\":\"Old Perl 5 Compatible Regular Expression Library - runtime files\"},{\"name\":\"libperl5.26\",\"version\":\"5.26.1-6ubuntu0.5\",\"arch\":\"amd64\",\"source\":{\"name\":\"perl\"},\"summary\":\"shared Perl library\"},{\"name\":\"libprocps6\",\"version\":\"2:3.3.12-3ubuntu1.2\",\"arch\":\"amd64\",\"source\":{\"name\":\"procps\"},\"summary\":\"library for accessing process information from /proc\"},{\"name\":\"libpsl5\",\"version\":\"0.19.1-5build1\",\"arch\":\"amd64\",\"source\":{\"name\":\"libpsl\"},\"summary\":\"Library for Public Suffix List (shared libraries)\"},{\"name\":\"libquadmath0\",\"version\":\"8.4.0-1ubuntu1~18.04\",\"arch\":\"amd64\",\"source\":{\"name\":\"gcc-8\"},\"summary\":\"GCC Quad-Precision Math Library\"},{\"name\":\"libroken18-heimdal\",\"version\":\"7.5.0+dfsg-1\",\"arch\":\"amd64\",\"source\":{\"name\":\"heimdal\"},\"summary\":\"Heimdal Kerberos - roken support library\"},{\"name\":\"librtmp1\",\"version\":\"2.4+20151223.gitfa8646d.1-1\",\"arch\":\"amd64\",\"source\":{\"name\":\"rtmpdump\"},\"summary\":\"toolkit for RTMP streams (shared library)\"},{\"name\":\"libsasl2-2\",\"version\":\"2.1.27~101-g0780600+dfsg-3ubuntu2.4\",\"arch\":\"amd64\",\"source\":{\"name\":\"cyrus-sasl2\"},\"summary\":\"Cyrus SASL - authentication abstraction library\"},{\"name\":\"libsasl2-modules-db\",\"version\":\"2.1.27~101-g0780600+dfsg-3ubuntu2.4\",\"arch\":\"amd64\",\"source\":{\"name\":\"cyrus-sasl2\"},\"summary\":\"Cyrus SASL - pluggable authentication modules (DB)\"},{\"name\":\"libseccomp2\",\"version\":\"2.5.1-1ubuntu1~18.04.2\",\"arch\":\"amd64\",\"source\":{\"name\":\"libseccomp\"},\"summary\":\"high level interface to Linux seccomp filter\"},{\"name\":\"libselinux1\",\"version\":\"2.7-2build2\",\"arch\":\"amd64\",\"source\":{\"name\":\"libselinux\"},\"summary\":\"SELinux runtime shared libraries\"},{\"name\":\"libsemanage-common\",\"version\":\"2.7-2build2\",\"arch\":\"all\",\"source\":{\"name\":\"libsemanage\"},\"summary\":\"Common files for SELinux policy management libraries\"},{\"name\":\"libsemanage1\",\"version\":\"2.7-2build2\",\"arch\":\"amd64\",\"source\":{\"name\":\"libsemanage\"},\"summary\":\"SELinux policy management library\"},{\"name\":\"libsepol1\",\"version\":\"2.7-1ubuntu0.1\",\"arch\":\"amd64\",\"source\":{\"name\":\"libsepol\"},\"summary\":\"SELinux library for manipulating binary security policies\"},{\"name\":\"libsmartcols1\",\"version\":\"2.31.1-0.4ubuntu3.7\",\"arch\":\"amd64\",\"source\":{\"name\":\"util-linux\"},\"summary\":\"smart column output alignment library\"},{\"name\":\"libsqlite3-0\",\"version\":\"3.22.0-1ubuntu0.5\",\"arch\":\"amd64\",\"source\":{\"name\":\"sqlite3\"},\"summary\":\"SQLite 3 shared library\"},{\"name\":\"libss2\",\"version\":\"1.44.1-1ubuntu1.4\",\"arch\":\"amd64\",\"source\":{\"name\":\"e2fsprogs\"},\"summary\":\"command-line interface parsing library\"},{\"name\":\"libssl1.1\",\"version\":\"1.1.1-1ubuntu2.1~18.04.20\",\"arch\":\"amd64\",\"source\":{\"name\":\"openssl\"},\"summary\":\"Secure Sockets Layer toolkit - shared libraries\"},{\"name\":\"libstdc++-7-dev\",\"version\":\"7.5.0-3ubuntu1~18.04\",\"arch\":\"amd64\",\"source\":{\"name\":\"gcc-7\"},\"summary\":\"GNU Standard C++ Library v3 (development files)\"},{\"name\":\"libstdc++6\",\"version\":\"8.4.0-1ubuntu1~18.04\",\"arch\":\"amd64\",\"source\":{\"name\":\"gcc-8\"},\"summary\":\"GNU Standard C++ Library v3\"},{\"name\":\"libsystemd0\",\"version\":\"237-3ubuntu10.53\",\"arch\":\"amd64\",\"source\":{\"name\":\"systemd\"},\"summary\":\"systemd utility library\"},{\"name\":\"libtasn1-6\",\"version\":\"4.13-2\",\"arch\":\"amd64\",\"source\":{\"name\":\"\"},\"summary\":\"Manage ASN.1 structures (runtime)\"},{\"name\":\"libtinfo5\",\"version\":\"6.1-1ubuntu1.18.04\",\"arch\":\"amd64\",\"source\":{\"name\":\"ncurses\"},\"summary\":\"shared low-level terminfo library for terminal handling\"},{\"name\":\"libtsan0\",\"version\":\"8.4.0-1ubuntu1~18.04\",\"arch\":\"amd64\",\"source\":{\"name\":\"gcc-8\"},\"summary\":\"ThreadSanitizer -- a Valgrind-based detector of data races (runtime)\"},{\"name\":\"libubsan0\",\"version\":\"7.5.0-3ubuntu1~18.04\",\"arch\":\"amd64\",\"source\":{\"name\":\"gcc-7\"},\"summary\":\"UBSan -- undefined behaviour sanitizer (runtime)\"},{\"name\":\"libudev1\",\"version\":\"237-3ubuntu10.53\",\"arch\":\"amd64\",\"source\":{\"name\":\"systemd\"},\"summary\":\"libudev shared library\"},{\"name\":\"libunistring2\",\"version\":\"0.9.9-0ubuntu2\",\"arch\":\"amd64\",\"source\":{\"name\":\"libunistring\"},\"summary\":\"Unicode string library for C\"},{\"name\":\"libuuid1\",\"version\":\"2.31.1-0.4ubuntu3.7\",\"arch\":\"amd64\",\"source\":{\"name\":\"util-linux\"},\"summary\":\"Universally Unique ID library\"},{\"name\":\"libwind0-heimdal\",\"version\":\"7.5.0+dfsg-1\",\"arch\":\"amd64\",\"source\":{\"name\":\"heimdal\"},\"summary\":\"Heimdal Kerberos - stringprep implementation\"},{\"name\":\"libyaml-0-2\",\"version\":\"0.1.7-2ubuntu3\",\"arch\":\"amd64\",\"source\":{\"name\":\"libyaml\"},\"summary\":\"Fast YAML 1.1 parser and emitter library\"},{\"name\":\"libzstd1\",\"version\":\"1.3.3+dfsg-2ubuntu1.2\",\"arch\":\"amd64\",\"source\":{\"name\":\"libzstd\"},\"summary\":\"fast lossless compression algorithm\"},{\"name\":\"linux-libc-dev\",\"version\":\"4.15.0-191.202\",\"arch\":\"amd64\",\"source\":{\"name\":\"linux\"},\"summary\":\"Linux Kernel Headers f"
18:30:10.427 [Test worker] DEBUG com.github.dockerjava.zerodep.shaded.org.apache.hc.client5.http.wire - http-outgoing-0 << "or development\"},{\"name\":\"locales\",\"version\":\"2.27-3ubuntu1.6\",\"arch\":\"all\",\"source\":{\"name\":\"glibc\"},\"summary\":\"GNU C Library: National Language (locale) data [support]\"},{\"name\":\"login\",\"version\":\"1:4.5-1ubuntu2.3\",\"arch\":\"amd64\",\"source\":{\"name\":\"shadow\"},\"summary\":\"system login tools\"},{\"name\":\"lsb-base\",\"version\":\"9.20170808ubuntu1\",\"arch\":\"all\",\"source\":{\"name\":\"lsb\"},\"summary\":\"Linux Standard Base init script functionality\"},{\"name\":\"make\",\"version\":\"4.1-9.1ubuntu1\",\"arch\":\"amd64\",\"source\":{\"name\":\"make-dfsg\"},\"summary\":\"utility for directing compilation\"},{\"name\":\"mawk\",\"version\":\"1.3.3-17ubuntu3\",\"arch\":\"amd64\",\"source\":{\"name\":\"\"},\"summary\":\"a pattern scanning and text processing language\"},{\"name\":\"mount\",\"version\":\"2.31.1-0.4ubuntu3.7\",\"arch\":\"amd64\",\"source\":{\"name\":\"util-linux\"},\"summary\":\"tools for mounting and manipulating filesystems\"},{\"name\":\"ncurses-base\",\"version\":\"6.1-1ubuntu1.18.04\",\"arch\":\"all\",\"source\":{\"name\":\"ncurses\"},\"summary\":\"basic terminal type definitions\"},{\"name\":\"ncurses-bin\",\"version\":\"6.1-1ubuntu1.18.04\",\"arch\":\"amd64\",\"source\":{\"name\":\"ncurses\"},\"summary\":\"terminal-related programs and man pages\"},{\"name\":\"netbase\",\"version\":\"5.4\",\"arch\":\"all\",\"source\":{\"name\":\"\"},\"summary\":\"Basic TCP/IP networking system\"},{\"name\":\"openssl\",\"version\":\"1.1.1-1ubuntu2.1~18.04.20\",\"arch\":\"amd64\",\"source\":{\"name\":\"\"},\"summary\":\"Secure Sockets Layer toolkit - cryptographic utility\"},{\"name\":\"passwd\",\"version\":\"1:4.5-1ubuntu2.3\",\"arch\":\"amd64\",\"source\":{\"name\":\"shadow\"},\"summary\":\"change and administer password and group data\"},{\"name\":\"patch\",\"version\":\"2.7.6-2ubuntu1.1\",\"arch\":\"amd64\",\"source\":{\"name\":\"\"},\"summary\":\"Apply a diff file to an original\"},{\"name\":\"perl\",\"version\":\"5.26.1-6ubuntu0.5\",\"arch\":\"amd64\",\"source\":{\"name\":\"\"},\"summary\":\"Larry Wall's Practical Extraction and Report Language\"},{\"name\":\"perl-base\",\"version\":\"5.26.1-6ubuntu0.5\",\"arch\":\"amd64\",\"source\":{\"name\":\"perl\"},\"summary\":\"minimal Perl system\"},{\"name\":\"perl-modules-5.26\",\"version\":\"5.26.1-6ubuntu0.5\",\"arch\":\"all\",\"source\":{\"name\":\"perl\"},\"summary\":\"Core Perl modules\"},{\"name\":\"procps\",\"version\":\"2:3.3.12-3ubuntu1.2\",\"arch\":\"amd64\",\"source\":{\"name\":\"\"},\"summary\":\"/proc file system utilities\"},{\"name\":\"sed\",\"version\":\"4.4-2\",\"arch\":\"amd64\",\"source\":{\"name\":\"\"},\"summary\":\"GNU stream editor for filtering/transforming text\"},{\"name\":\"sensible-utils\",\"version\":\"0.0.12\",\"arch\":\"all\",\"source\":{\"name\":\"\"},\"summary\":\"Utilities for sensible alternative selection\"},{\"name\":\"sysvinit-utils\",\"version\":\"2.88dsf-59.10ubuntu1\",\"arch\":\"amd64\",\"source\":{\"name\":\"sysvinit\"},\"summary\":\"System-V-like utilities\"},{\"name\":\"tar\",\"version\":\"1.29b-2ubuntu0.3\",\"arch\":\"amd64\",\"source\":{\"name\":\"\"},\"summary\":\"GNU version of the tar archiving utility\"},{\"name\":\"tzdata\",\"version\":\"2022a-0ubuntu0.18.04\",\"arch\":\"all\",\"source\":{\"name\":\"\"},\"summary\":\"time zone and daylight-saving time data\"},{\"name\":\"ubuntu-keyring\",\"version\":\"2018.09.18.1~18.04.2\",\"arch\":\"all\",\"source\":{\"name\":\"\"},\"summary\":\"GnuPG keys of the Ubuntu archive\"},{\"name\":\"util-linux\",\"version\":\"2.31.1-0.4ubuntu3.7\",\"arch\":\"amd64\",\"source\":{\"name\":\"\"},\"summary\":\"miscellaneous system utilities\"},{\"name\":\"xz-utils\",\"version\":\"5.2.2-1.3ubuntu0.1\",\"arch\":\"amd64\",\"source\":{\"name\":\"\"},\"summary\":\"XZ-format compression utilities\"},{\"name\":\"zlib1g\",\"version\":\"1:1.2.11.dfsg-0ubuntu2.1\",\"arch\":\"amd64\",\"source\":{\"name\":\"zlib\"},\"summary\":\"compression library - runtime\"},{\"name\":\"zlib1g-dev\",\"version\":\"1:1.2.11.dfsg-0ubuntu2.1\",\"arch\":\"amd64\",\"source\":{\"name\":\"zlib\"},\"summary\":\"compression library - development\"}]"},"ParentId":"","RepoDigests":["paketobuildpacks/builder@sha256:4957046aa29d333ba2d37659a3bf43354766089312089d3991050f7f4b652c18"],"RepoTags":["paketobuildpacks/builder:base"],"SharedSize":-1,"Size":1265496707,"VirtualSize":1265496707},{"Containers":-1,"Created":315532801,"Id":"sha256:5c0ecee6a16050894234de3f17a88c392bcf3ea8c970def62a6a814778e98172","Labels":{"io.buildpacks.build.metadata":"{\"buildpacks\":[{\"homepage\":\"https://github.com/paketo-buildpacks/ca-certificates\",\"id\":\"paketo-buildpacks/ca-certificates\",\"version\":\"3.2.5\"},{\"homepage\":\"https://github.com/paketo-buildpacks/bellsoft-liberica\",\"id\":\"paketo-buildpacks/bellsoft-liberica\",\"version\":\"9.4.1\"},{\"homepage\":\"https://github.com/paketo-buildpacks/syft\",\"id\":\"paketo-buildpacks/syft\",\"version\":\"1.16.0\"},{\"homepage\":\"https://github.com/paketo-buildpacks/executable-jar\",\"id\":\"paketo-buildpacks/executable-jar\",\"version\":\"6.2.5\"},{\"homepage\":\"https://github.com/paketo-buildpacks/dist-zip\",\"id\":\"paketo-buildpacks/dist-zip\",\"version\":\"5.2.5\"},{\"homepage\":\"https://github.com/paketo-buildpacks/spring-boot\",\"id\":\"paketo-buildpacks/spring-boot\",\"version\":\"5.15.0\"}],\"launcher\":{\"version\":\"0.14.1\",\"source\":{\"git\":{\"repository\":\"github.com/buildpacks/lifecycle\",\"commit\":\"b5f8bad1\"}}},\"processes\":[{\"type\":\"executable-jar\",\"command\":\"java\",\"args\":[\"org.springframework.boot.loader.JarLauncher\"],\"direct\":true,\"buildpackID\":\"paketo-buildpacks/executable-jar\"},{\"type\":\"task\",\"command\":\"java\",\"args\":[\"org.springframework.boot.loader.JarLauncher\"],\"direct\":true,\"buildpackID\":\"paketo-buildpacks/executable-jar\"},{\"type\":\"web\",\"command\":\"java\",\"args\":[\"org.springframework.boot.loader.JarLauncher\"],\"direct\":true,\"buildpackID\":\"paketo-buildpacks/executable-jar\"}],\"buildpack-default-process-type\":\"web\"}","io.buildpacks.lifecycle.metadata":"{\"app\":[{\"sha\":\"sha256:0500e9597e37b19bc6da2a300a7bfdcf071e85b5c9a4b749224076a74d82d86e\"},{\"sha\":\"sha256:dc69cb1ca1ef2ea80a309ae7a1d8bb4d548b54718e5ee19cc34ed3b73fbfbf38\"},{\"sha\":\"sha256:5f70bf18a086007016e948b04aed3b82103a36bea41755b6cddfaf10ace3c6ef\"},{\"sha\":\"sha256:3d043c7e7a7619a5d32c80ddf22cd0fddc73370d6b151d9f15bcdc64552ec1be\"},{\"sha\":\"sha256:ed9ddd1e522a862fae8c89b447a730908ffe3474b8512eb70c1234445546f9be\"}],\"sbom\":{\"sha\":\"sha256:5bf881bf124bd44165faa5211e7029b1f89f8f0ac9dcf7e3aef8ae4823ab1339\"},\"buildpacks\":[{\"key\":\"paketo-buildpacks/ca-certificates\",\"version\":\"3.2.5\",\"layers\":{\"helper\":{\"sha\":\"sha256:8f76f38ebfc8bc64d25e5b93f76258ff05581e53987d62e4eec686bd95ac4e6d\",\"data\":{\"clear-env\":false,\"description\":\"A Cloud Native Buildpack that adds custom CA certificates to a build and a created image\",\"homepage\":\"https://github.com/paketo-buildpacks/ca-certificates\",\"id\":\"paketo-buildpacks/ca-certificates\",\"keywords\":[\"ca-certificates\",\"trust\",\"certificates\"],\"licenses\":[{\"type\":\"Apache-2.0\",\"uri\":\"https://github.com/paketo-buildpacks/ca-certificates/blob/main/LICENSE\"}],\"name\":\"Paketo CA Certificates Buildpack\",\"sbom-formats\":[\"application/vnd.cyclonedx+json\",\"application/vnd.syft+json\"],\"version\":\"3.2.5\"},\"build\":false,\"launch\":true,\"cache\":false}}},{\"key\":\"paketo-buildpacks/bellsoft-liberica\",\"version\":\"9.4.1\",\"layers\":{\"helper\":{\"sha\":\"sha256:2d7b464b248255cf6bee0d55e6acc3ff22db466bcc54f810ee8a964090d48715\",\"data\":{\"clear-env\":false,\"description\":\"A Cloud Native Buildpack that provides the Bellsoft Liberica implementations of JREs and JDKs\",\"homepage\":\"https://github.com/paketo-buildpacks/bellsoft-liberica\",\"id\":\"paketo-buildpacks/bellsoft-liberica\",\"keywords\":[\"java\",\"jvm\",\"jre\",\"jdk\"],\"licenses\":[{\"type\":\""
18:30:10.429 [Test worker] DEBUG com.github.dockerjava.zerodep.shaded.org.apache.hc.client5.http.wire - http-outgoing-0 << "Apache-2.0\",\"uri\":\"https://github.com/paketo-buildpacks/bellsoft-liberica/blob/main/LICENSE\"}],\"name\":\"Paketo BellSoft Liberica Buildpack\",\"sbom-formats\":[\"application/vnd.syft+json\",\"application/vnd.cyclonedx+json\"],\"version\":\"9.4.1\"},\"build\":false,\"launch\":true,\"cache\":false},\"java-security-properties\":{\"sha\":\"sha256:ec0381c8f32136ad9564b114b2271d1181e0c181957acb6707e6ff4713a7a89d\",\"data\":{\"clear-env\":false,\"description\":\"A Cloud Native Buildpack that provides the Bellsoft Liberica implementations of JREs and JDKs\",\"homepage\":\"https://github.com/paketo-buildpacks/bellsoft-liberica\",\"id\":\"paketo-buildpacks/bellsoft-liberica\",\"keywords\":[\"java\",\"jvm\",\"jre\",\"jdk\"],\"licenses\":[{\"type\":\"Apache-2.0\",\"uri\":\"https://github.com/paketo-buildpacks/bellsoft-liberica/blob/main/LICENSE\"}],\"name\":\"Paketo BellSoft Liberica Buildpack\",\"sbom-formats\":[\"application/vnd.syft+json\",\"application/vnd.cyclonedx+json\"],\"version\":\"9.4.1\"},\"build\":false,\"launch\":true,\"cache\":false},\"jre\":{\"sha\":\"sha256:ddacf05f5e5524f2484e8800306df2b12cebb253da6584f9bd8ecf2dd4317cd4\",\"data\":{\"cert-file\":\"5e248aabe6ceaf3ead19ab7743bd52c9572faf6b1f2723aee062a977e0171864\",\"dependency\":{\"cpes\":[\"cpe:2.3:a:oracle:jre:11.0.16:*:*:*:*:*:*:*\"],\"id\":\"jre\",\"licenses\":[{\"type\":\"GPL-2.0 WITH Classpath-exception-2.0\",\"uri\":\"https://openjdk.java.net/legal/gplv2+ce.html\"}],\"name\":\"BellSoft Liberica JRE\",\"purl\":\"pkg:generic/bellsoft-jre@11.0.16?arch=amd64\",\"sha256\":\"d9e9ba6e872c2d7073e69407196be29db27d4fcd22de6ca7dde40840b934c286\",\"stacks\":[\"io.buildpacks.stacks.bionic\",\"io.paketo.stacks.tiny\",\"*\"],\"uri\":\"https://github.com/bell-sw/Liberica/releases/download/11.0.16+8/bellsoft-jre11.0.16+8-linux-amd64.tar.gz\",\"version\":\"11.0.16\"}},\"build\":false,\"launch\":true,\"cache\":false}}},{\"key\":\"paketo-buildpacks/syft\",\"version\":\"1.16.0\",\"layers\":{}},{\"key\":\"paketo-buildpacks/executable-jar\",\"version\":\"6.2.5\",\"layers\":{\"classpath\":{\"sha\":\"sha256:7fbc97c38fad01ae2b8189c8d9a0a0149932192accc4ad253b0f8186d0793e9a\",\"data\":{\"classpath\":[\"/workspace\"],\"launch\":true},\"build\":true,\"launch\":true,\"cache\":false}}},{\"key\":\"paketo-buildpacks/dist-zip\",\"version\":\"5.2.5\",\"layers\":{}},{\"key\":\"paketo-buildpacks/spring-boot\",\"version\":\"5.15.0\",\"layers\":{\"helper\":{\"sha\":\"sha256:e3432ede41fb4435c36fe916151b6a8b23612086c5be6f87b0f2ec8311ae2fb2\",\"data\":{\"clear-env\":false,\"description\":\"A Cloud Native Buildpack that contributes Spring Boot dependency information and slices an application into multiple layers\",\"homepage\":\"https://github.com/paketo-buildpacks/spring-boot\",\"id\":\"paketo-buildpacks/spring-boot\",\"keywords\":[\"java\",\"spring\",\"spring-boot\"],\"licenses\":[{\"type\":\"Apache-2.0\",\"uri\":\"https://github.com/paketo-buildpacks/spring-boot/blob/main/LICENSE\"}],\"name\":\"Paketo Spring Boot Buildpack\",\"sbom-formats\":[\"application/vnd.cyclonedx+json\",\"application/vnd.syft+json\"],\"version\":\"5.15.0\"},\"build\":false,\"launch\":true,\"cache\":false},\"spring-cloud-bindings\":{\"sha\":\"sha256:33df858545b5408f86e2adc84c9d6696fd3f3ab16065d01a9c3e3366de12a462\",\"data\":{\"cpes\":[\"cpe:2.3:a:vmware:spring_cloud_bindings:1.10.0:*:*:*:*:*:*:*\"],\"id\":\"spring-cloud-bindings\",\"licenses\":[{\"type\":\"Apache-2.0\",\"uri\":\"https://github.com/spring-cloud/spring-cloud-bindings/blob/main/LICENSE\"}],\"name\":\"Spring Cloud Bindings\",\"purl\":\"pkg:generic/springframework/spring-cloud-bindings@1.10.0\",\"sha256\":\"1f5b781f8bd0d6b85ab2462e4b98d36782a2227fef5b168db174b3959a0ebebe\",\"stacks\":[\"io.buildpacks.stacks.bionic\",\"io.paketo.stacks.tiny\",\"*\"],\"uri\":\"https://repo.spring.io/release/org/springframework/cloud/spring-cloud-bindings/1.10.0/spring-cloud-bindings-1.10.0.jar\",\"version\":\"1.10.0\"},\"build\":false,\"launch\":true,\"cache\":false},\"web-application-type\":{\"sha\":\"sha256:fcc507beb4ccdbc112909bcf999e90802212e4fc86afa20617a863e89081a6da\",\"data\":{\"files\":\"2385c5040142c6ed1200980a76d5a8be74dfdc1022f3ac813663fe4afc6c833f\"},\"build\":false,\"launch\":true,\"cache\":false}}}],\"config\":{\"sha\":\"sha256:92d7b61e6811d5c20585041c3d80404a07cb517c3b645b96b711fea36a24876a\"},\"launcher\":{\"sha\":\"sha256:9497805c7bd5df192c4ccf7cf9c4496963c1c008141fe134765e23a3800fa4cf\"},\"process-types\":{\"sha\":\"sha256:1dc94a70dbaa2171fb086500a5d27797f779219b126b0a1eebb9180c2792e80e\"},\"runImage\":{\"topLayer\":\"sha256:5ad12172a2932929325b6539d0b0bccdaa5a35c7a679117ff61818b3f2d453ed\",\"reference\":\"0439e811fdc65ba1cdf8bb863aeb39bf66d9fad9d4a9faca4b6c0a173c19c566\"},\"stack\":{\"runImage\":{\"image\":\"index.docker.io/paketobuildpacks/run:base-cnb\",\"mirrors\":[\"gcr.io/paketo-buildpacks/run:base-cnb\"]}}}","io.buildpacks.project.metadata":"{}","io.buildpacks.stack.description":"ubuntu:bionic with some common dependencies like tzdata and openssl","io.buildpacks.stack.distro.name":"ubuntu","io.buildpacks.stack.distro.version":"18.04","io.buildpacks.stack.homepage":"https://github.com/paketo-buildpacks/bionic-base-stack","io.buildpacks.stack.id":"io.buildpacks.stacks.bionic","io.buildpacks.stack.maintainer":"Paketo Buildpacks","io.buildpacks.stack.metadata":"{}","io.buildpacks.stack.mixins":"[\"libdb5.3\",\"libuuid1\",\"libapt-pkg5.0\",\"libaudit-common\",\"liblz4-1\",\"libunistring2\",\"libattr1\",\"libgcrypt20\",\"libnettle6\",\"libpam-runtime\",\"fdisk\",\"tar\",\"libcom-err2\",\"locales\",\"openssl\",\"sensible-utils\",\"libblkid1\",\"libhogweed4\",\"libsemanage-common\",\"zlib1g\",\"passwd\",\"tzdata\",\"bash\",\"hostname\",\"libcap-ng0\",\"libssl1.1\",\"base-passwd\",\"gzip\",\"libtasn1-6\",\"netbase\",\"sysvinit-utils\",\"libext2fs2\",\"libgpg-error0\",\"libmount1\",\"adduser\",\"libexpat1\",\"util-linux\",\"libc6\",\"libdebconfclient0\",\"libfdisk1\",\"procps\",\"gcc-8-base\",\"libsystemd0\",\"login\",\"ncurses-base\",\"apt\",\"libprocps6\",\"ca-certificates\",\"grep\",\"libidn2-0\",\"libyaml-0-2\",\"sed\",\"ubuntu-keyring\",\"diffutils\",\"bzip2\",\"libffi6\",\"libncursesw5\",\"libpcre3\",\"libgnutls30\",\"gpgv\",\"libaudit1\",\"libbz2-1.0\",\"libpam-modules\",\"libseccomp2\",\"debconf\",\"libncurses5\",\"libacl1\",\"libpam-modules-bin\",\"libstdc++6\",\"findutils\",\"init-system-helpers\",\"libsmartcols1\",\"libtinfo5\",\"libzstd1\",\"bsdutils\",\"dash\",\"debianutils\",\"lsb-base\",\"ncurses-bin\",\"libp11-kit0\",\"perl-base\",\"dpkg\",\"liblzma5\",\"base-files\",\"e2fsprogs\",\"libsemanage1\",\"libudev1\",\"mawk\",\"coreutils\",\"libc-bin\",\"libgcc1\",\"libgmp10\",\"libss2\",\"libpam0g\",\"libselinux1\",\"libsepol1\",\"mount\"]","io.buildpacks.stack.released":"2022-08-10T14:27:21Z","io.paketo.stack.packages":"[{\"name\":\"adduser\",\"version\":\"3.116ubuntu1\",\"arch\":\"all\",\"source\":{\"name\":\"\"},\"summary\":\"add and remove users and groups\"},{\"name\":\"apt\",\"version\":\"1.6.14\",\"arch\":\"amd64\",\"source\":{\"name\":\"\"},\"summary\":\"commandline package manager\"},{\"name\":\"base-files\",\"version\":\"10.1ubuntu2.11\",\"arch\":\"amd64\",\"source\":{\"name\":\"\"},\"summary\":\"Debian base system miscellaneous files\"},{\"name\":\"base-passwd\",\"version\":\"3.5.44\",\"arch\":\"amd64\",\"source\":{\"name\":\"\"},\"summary\":\"Debian base system master password and group files\"},{\"name\":\"bash\",\"version\":\"4.4.18-2ubuntu1.3\",\"arch\":\"amd64\",\"source\":{\"name\":\"\"},\"summary\":\"GNU Bourne Again SHell\"},{\"name\":\"bsdutils\",\"version\":\"1:2.31.1-0.4ubuntu3.7\",\"arch\":\"amd64\",\"source\":{\"name\":\"util-linux\",\"version\":\"2.31.1-0.4ubuntu3.7\",\"upstreamVersion\":\"2.31.1\"},\"summary\":\"basic utilities from 4.4BSD-Lite\"},{\"name\":\"bzip2\",\"version\":\"1.0.6-8.1ubuntu0.2\",\"arch\":\"amd64\",\"source\":{\"name\":\"\"},\"summary\":\"high-quality block-sorting file compressor - utilities\"},{\"name\":\"ca-certificates\",\"versi"
18:30:10.431 [Test worker] DEBUG com.github.dockerjava.zerodep.shaded.org.apache.hc.client5.http.wire - http-outgoing-0 << "on\":\"20211016~18.04.1\",\"arch\":\"all\",\"source\":{\"name\":\"\"},\"summary\":\"Common CA certificates\"},{\"name\":\"coreutils\",\"version\":\"8.28-1ubuntu1\",\"arch\":\"amd64\",\"source\":{\"name\":\"\"},\"summary\":\"GNU core utilities\"},{\"name\":\"dash\",\"version\":\"0.5.8-2.10\",\"arch\":\"amd64\",\"source\":{\"name\":\"\"},\"summary\":\"POSIX-compliant shell\"},{\"name\":\"debconf\",\"version\":\"1.5.66ubuntu1\",\"arch\":\"all\",\"source\":{\"name\":\"\"},\"summary\":\"Debian configuration management system\"},{\"name\":\"debianutils\",\"version\":\"4.8.4\",\"arch\":\"amd64\",\"source\":{\"name\":\"\"},\"summary\":\"Miscellaneous utilities specific to Debian\"},{\"name\":\"diffutils\",\"version\":\"1:3.6-1\",\"arch\":\"amd64\",\"source\":{\"name\":\"\"},\"summary\":\"File comparison utilities\"},{\"name\":\"dpkg\",\"version\":\"1.19.0.5ubuntu2.4\",\"arch\":\"amd64\",\"source\":{\"name\":\"\"},\"summary\":\"Debian package management system\"},{\"name\":\"e2fsprogs\",\"version\":\"1.44.1-1ubuntu1.4\",\"arch\":\"amd64\",\"source\":{\"name\":\"\"},\"summary\":\"ext2/ext3/ext4 file system utilities\"},{\"name\":\"fdisk\",\"version\":\"2.31.1-0.4ubuntu3.7\",\"arch\":\"amd64\",\"source\":{\"name\":\"util-linux\"},\"summary\":\"collection of partitioning utilities\"},{\"name\":\"findutils\",\"version\":\"4.6.0+git+20170828-2\",\"arch\":\"amd64\",\"source\":{\"name\":\"\"},\"summary\":\"utilities for finding files--find, xargs\"},{\"name\":\"gcc-8-base\",\"version\":\"8.4.0-1ubuntu1~18.04\",\"arch\":\"amd64\",\"source\":{\"name\":\"gcc-8\"},\"summary\":\"GCC, the GNU Compiler Collection (base package)\"},{\"name\":\"gpgv\",\"version\":\"2.2.4-1ubuntu1.6\",\"arch\":\"amd64\",\"source\":{\"name\":\"gnupg2\"},\"summary\":\"GNU privacy guard - signature verification tool\"},{\"name\":\"grep\",\"version\":\"3.1-2build1\",\"arch\":\"amd64\",\"source\":{\"name\":\"\"},\"summary\":\"GNU grep, egrep and fgrep\"},{\"name\":\"gzip\",\"version\":\"1.6-5ubuntu1.2\",\"arch\":\"amd64\",\"source\":{\"name\":\"\"},\"summary\":\"GNU compression utilities\"},{\"name\":\"hostname\",\"version\":\"3.20\",\"arch\":\"amd64\",\"source\":{\"name\":\"\"},\"summary\":\"utility to set/show the host name or domain name\"},{\"name\":\"init-system-helpers\",\"version\":\"1.51\",\"arch\":\"all\",\"source\":{\"name\":\"\"},\"summary\":\"helper tools for all init systems\"},{\"name\":\"libacl1\",\"version\":\"2.2.52-3build1\",\"arch\":\"amd64\",\"source\":{\"name\":\"acl\"},\"summary\":\"Access control list shared library\"},{\"name\":\"libapt-pkg5.0\",\"version\":\"1.6.14\",\"arch\":\"amd64\",\"source\":{\"name\":\"apt\"},\"summary\":\"package management runtime library\"},{\"name\":\"libattr1\",\"version\":\"1:2.4.47-2build1\",\"arch\":\"amd64\",\"source\":{\"name\":\"attr\"},\"summary\":\"Extended attribute shared library\"},{\"name\":\"libaudit-common\",\"version\":\"1:2.8.2-1ubuntu1.1\",\"arch\":\"all\",\"source\":{\"name\":\"audit\"},\"summary\":\"Dynamic library for security auditing - common files\"},{\"name\":\"libaudit1\",\"version\":\"1:2.8.2-1ubuntu1.1\",\"arch\":\"amd64\",\"source\":{\"name\":\"audit\"},\"summary\":\"Dynamic library for security auditing\"},{\"name\":\"libblkid1\",\"version\":\"2.31.1-0.4ubuntu3.7\",\"arch\":\"amd64\",\"source\":{\"name\":\"util-linux\"},\"summary\":\"block device ID library\"},{\"name\":\"libbz2-1.0\",\"version\":\"1.0.6-8.1ubuntu0.2\",\"arch\":\"amd64\",\"source\":{\"name\":\"bzip2\"},\"summary\":\"high-quality block-sorting file compressor library - runtime\"},{\"name\":\"libc-bin\",\"version\":\"2.27-3ubuntu1.6\",\"arch\":\"amd64\",\"source\":{\"name\":\"glibc\"},\"summary\":\"GNU C Library: Binaries\"},{\"name\":\"libc6\",\"version\":\"2.27-3ubuntu1.6\",\"arch\":\"amd64\",\"source\":{\"name\":\"glibc\"},\"summary\":\"GNU C Library: Shared libraries\"},{\"name\":\"libcap-ng0\",\"version\":\"0.7.7-3.1\",\"arch\":\"amd64\",\"source\":{\"name\":\"libcap-ng\"},\"summary\":\"An alternate POSIX capabilities library\"},{\"name\":\"libcom-err2\",\"version\":\"1.44.1-1ubuntu1.4\",\"arch\":\"amd64\",\"source\":{\"name\":\"e2fsprogs\"},\"summary\":\"common error description library\"},{\"name\":\"libdb5.3\",\"version\":\"5.3.28-13.1ubuntu1.1\",\"arch\":\"amd64\",\"source\":{\"name\":\"db5.3\"},\"summary\":\"Berkeley v5.3 Database Libraries [runtime]\"},{\"name\":\"libdebconfclient0\",\"version\":\"0.213ubuntu1\",\"arch\":\"amd64\",\"source\":{\"name\":\"cdebconf\"},\"summary\":\"Debian Configuration Management System (C-implementation library)\"},{\"name\":\"libexpat1\",\"version\":\"2.2.5-3ubuntu0.7\",\"arch\":\"amd64\",\"source\":{\"name\":\"expat\"},\"summary\":\"XML parsing C library - runtime library\"},{\"name\":\"libext2fs2\",\"version\":\"1.44.1-1ubuntu1.4\",\"arch\":\"amd64\",\"source\":{\"name\":\"e2fsprogs\"},\"summary\":\"ext2/ext3/ext4 file system libraries\"},{\"name\":\"libfdisk1\",\"version\":\"2.31.1-0.4ubuntu3.7\",\"arch\":\"amd64\",\"source\":{\"name\":\"util-linux\"},\"summary\":\"fdisk partitioning library\"},{\"name\":\"libffi6\",\"version\":\"3.2.1-8\",\"arch\":\"amd64\",\"source\":{\"name\":\"libffi\"},\"summary\":\"Foreign Function Interface library runtime\"},{\"name\":\"libgcc1\",\"version\":\"1:8.4.0-1ubuntu1~18.04\",\"arch\":\"amd64\",\"source\":{\"name\":\"gcc-8\",\"version\":\"8.4.0-1ubuntu1~18.04\",\"upstreamVersion\":\"8.4.0\"},\"summary\":\"GCC support library\"},{\"name\":\"libgcrypt20\",\"version\":\"1.8.1-4ubuntu1.3\",\"arch\":\"amd64\",\"source\":{\"name\":\"\"},\"summary\":\"LGPL Crypto library - runtime library\"},{\"name\":\"libgmp10\",\"version\":\"2:6.1.2+dfsg-2\",\"arch\":\"amd64\",\"source\":{\"name\":\"gmp\"},\"summary\":\"Multiprecision arithmetic library\"},{\"name\":\"libgnutls30\",\"version\":\"3.5.18-1ubuntu1.6\",\"arch\":\"amd64\",\"source\":{\"name\":\"gnutls28\"},\"summary\":\"GNU TLS library - main runtime library\"},{\"name\":\"libgpg-error0\",\"version\":\"1.27-6\",\"arch\":\"amd64\",\"source\":{\"name\":\"libgpg-error\"},\"summary\":\"library for common error values and messages in GnuPG components\"},{\"name\":\"libhogweed4\",\"version\":\"3.4.1-0ubuntu0.18.04.1\",\"arch\":\"amd64\",\"source\":{\"name\":\"nettle\"},\"summary\":\"low level cryptographic library (public-key cryptos)\"},{\"name\":\"libidn2-0\",\"version\":\"2.0.4-1.1ubuntu0.2\",\"arch\":\"amd64\",\"source\":{\"name\":\"libidn2\"},\"summary\":\"Internationalized domain names (IDNA2008/TR46) library\"},{\"name\":\"liblz4-1\",\"version\":\"0.0~r131-2ubuntu3.1\",\"arch\":\"amd64\",\"source\":{\"name\":\"lz4\"},\"summary\":\"Fast LZ compression algorithm library - runtime\"},{\"name\":\"liblzma5\",\"version\":\"5.2.2-1.3ubuntu0.1\",\"arch\":\"amd64\",\"source\":{\"name\":\"xz-utils\"},\"summary\":\"XZ-format compression library\"},{\"name\":\"libmount1\",\"version\":\"2.31.1-0.4ubuntu3.7\",\"arch\":\"amd64\",\"source\":{\"name\":\"util-linux\"},\"summary\":\"device mounting library\"},{\"name\":\"libncurses5\",\"version\":\"6.1-1ubuntu1.18.04\",\"arch\":\"amd64\",\"source\":{\"name\":\"ncurses\"},\"summary\":\"shared libraries for terminal handling\"},{\"name\":\"libncursesw5\",\"version\":\"6.1-1ubuntu1.18.04\",\"arch\":\"amd64\",\"source\":{\"name\":\"ncurses\"},\"summary\":\"shared libraries for terminal handling (wide character support)\"},{\"name\":\"libnettle6\",\"version\":\"3.4.1-0ubuntu0.18.04.1\",\"arch\":\"amd64\",\"source\":{\"name\":\"nettle\"},\"summary\":\"low level cryptographic library (symmetric and one-way cryptos)\"},{\"name\":\"libp11-kit0\",\"version\":\"0.23.9-2ubuntu0.1\",\"arch\":\"amd64\",\"source\":{\"name\":\"p11-kit\"},\"summary\":\"library for loading and coordinating access to PKCS#11 modules - runtime\"},{\"name\":\"libpam-modules\",\"version\":\"1.1.8-3.6ubuntu2.18.04.3\",\"arch\":\"amd64\",\"source\":{\"name\":\"pam\"},\"summary\":\"Pluggable Authentication Modules for PAM\"},{\"name\":\"libpam-modules-bin\",\"version\":\"1.1.8-3.6ubuntu2.18.04.3\",\"arch\":\"amd64\",\"source\":{\"name\":\"
18:30:10.433 [Test worker] DEBUG com.github.dockerjava.zerodep.shaded.org.apache.hc.client5.http.wire - http-outgoing-0 << ""pam\"},\"summary\":\"Pluggable Authentication Modules for PAM - helper binaries\"},{\"name\":\"libpam-runtime\",\"version\":\"1.1.8-3.6ubuntu2.18.04.3\",\"arch\":\"all\",\"source\":{\"name\":\"pam\"},\"summary\":\"Runtime support for the PAM library\"},{\"name\":\"libpam0g\",\"version\":\"1.1.8-3.6ubuntu2.18.04.3\",\"arch\":\"amd64\",\"source\":{\"name\":\"pam\"},\"summary\":\"Pluggable Authentication Modules library\"},{\"name\":\"libpcre3\",\"version\":\"2:8.39-9ubuntu0.1\",\"arch\":\"amd64\",\"source\":{\"name\":\"pcre3\"},\"summary\":\"Old Perl 5 Compatible Regular Expression Library - runtime files\"},{\"name\":\"libprocps6\",\"version\":\"2:3.3.12-3ubuntu1.2\",\"arch\":\"amd64\",\"source\":{\"name\":\"procps\"},\"summary\":\"library for accessing process information from /proc\"},{\"name\":\"libseccomp2\",\"version\":\"2.5.1-1ubuntu1~18.04.2\",\"arch\":\"amd64\",\"source\":{\"name\":\"libseccomp\"},\"summary\":\"high level interface to Linux seccomp filter\"},{\"name\":\"libselinux1\",\"version\":\"2.7-2build2\",\"arch\":\"amd64\",\"source\":{\"name\":\"libselinux\"},\"summary\":\"SELinux runtime shared libraries\"},{\"name\":\"libsemanage-common\",\"version\":\"2.7-2build2\",\"arch\":\"all\",\"source\":{\"name\":\"libsemanage\"},\"summary\":\"Common files for SELinux policy management libraries\"},{\"name\":\"libsemanage1\",\"version\":\"2.7-2build2\",\"arch\":\"amd64\",\"source\":{\"name\":\"libsemanage\"},\"summary\":\"SELinux policy management library\"},{\"name\":\"libsepol1\",\"version\":\"2.7-1ubuntu0.1\",\"arch\":\"amd64\",\"source\":{\"name\":\"libsepol\"},\"summary\":\"SELinux library for manipulating binary security policies\"},{\"name\":\"libsmartcols1\",\"version\":\"2.31.1-0.4ubuntu3.7\",\"arch\":\"amd64\",\"source\":{\"name\":\"util-linux\"},\"summary\":\"smart column output alignment library\"},{\"name\":\"libss2\",\"version\":\"1.44.1-1ubuntu1.4\",\"arch\":\"amd64\",\"source\":{\"name\":\"e2fsprogs\"},\"summary\":\"command-line interface parsing library\"},{\"name\":\"libssl1.1\",\"version\":\"1.1.1-1ubuntu2.1~18.04.20\",\"arch\":\"amd64\",\"source\":{\"name\":\"openssl\"},\"summary\":\"Secure Sockets Layer toolkit - shared libraries\"},{\"name\":\"libstdc++6\",\"version\":\"8.4.0-1ubuntu1~18.04\",\"arch\":\"amd64\",\"source\":{\"name\":\"gcc-8\"},\"summary\":\"GNU Standard C++ Library v3\"},{\"name\":\"libsystemd0\",\"version\":\"237-3ubuntu10.53\",\"arch\":\"amd64\",\"source\":{\"name\":\"systemd\"},\"summary\":\"systemd utility library\"},{\"name\":\"libtasn1-6\",\"version\":\"4.13-2\",\"arch\":\"amd64\",\"source\":{\"name\":\"\"},\"summary\":\"Manage ASN.1 structures (runtime)\"},{\"name\":\"libtinfo5\",\"version\":\"6.1-1ubuntu1.18.04\",\"arch\":\"amd64\",\"source\":{\"name\":\"ncurses\"},\"summary\":\"shared low-level terminfo library for terminal handling\"},{\"name\":\"libudev1\",\"version\":\"237-3ubuntu10.53\",\"arch\":\"amd64\",\"source\":{\"name\":\"systemd\"},\"summary\":\"libudev shared library\"},{\"name\":\"libunistring2\",\"version\":\"0.9.9-0ubuntu2\",\"arch\":\"amd64\",\"source\":{\"name\":\"libunistring\"},\"summary\":\"Unicode string library for C\"},{\"name\":\"libuuid1\",\"version\":\"2.31.1-0.4ubuntu3.7\",\"arch\":\"amd64\",\"source\":{\"name\":\"util-linux\"},\"summary\":\"Universally Unique ID library\"},{\"name\":\"libyaml-0-2\",\"version\":\"0.1.7-2ubuntu3\",\"arch\":\"amd64\",\"source\":{\"name\":\"libyaml\"},\"summary\":\"Fast YAML 1.1 parser and emitter library\"},{\"name\":\"libzstd1\",\"version\":\"1.3.3+dfsg-2ubuntu1.2\",\"arch\":\"amd64\",\"source\":{\"name\":\"libzstd\"},\"summary\":\"fast lossless compression algorithm\"},{\"name\":\"locales\",\"version\":\"2.27-3ubuntu1.6\",\"arch\":\"all\",\"source\":{\"name\":\"glibc\"},\"summary\":\"GNU C Library: National Language (locale) data [support]\"},{\"name\":\"login\",\"version\":\"1:4.5-1ubuntu2.3\",\"arch\":\"amd64\",\"source\":{\"name\":\"shadow\"},\"summary\":\"system login tools\"},{\"name\":\"lsb-base\",\"version\":\"9.20170808ubuntu1\",\"arch\":\"all\",\"source\":{\"name\":\"lsb\"},\"summary\":\"Linux Standard Base init script functionality\"},{\"name\":\"mawk\",\"version\":\"1.3.3-17ubuntu3\",\"arch\":\"amd64\",\"source\":{\"name\":\"\"},\"summary\":\"a pattern scanning and text processing language\"},{\"name\":\"mount\",\"version\":\"2.31.1-0.4ubuntu3.7\",\"arch\":\"amd64\",\"source\":{\"name\":\"util-linux\"},\"summary\":\"tools for mounting and manipulating filesystems\"},{\"name\":\"ncurses-base\",\"version\":\"6.1-1ubuntu1.18.04\",\"arch\":\"all\",\"source\":{\"name\":\"ncurses\"},\"summary\":\"basic terminal type definitions\"},{\"name\":\"ncurses-bin\",\"version\":\"6.1-1ubuntu1.18.04\",\"arch\":\"amd64\",\"source\":{\"name\":\"ncurses\"},\"summary\":\"terminal-related programs and man pages\"},{\"name\":\"netbase\",\"version\":\"5.4\",\"arch\":\"all\",\"source\":{\"name\":\"\"},\"summary\":\"Basic TCP/IP networking system\"},{\"name\":\"openssl\",\"version\":\"1.1.1-1ubuntu2.1~18.04.20\",\"arch\":\"amd64\",\"source\":{\"name\":\"\"},\"summary\":\"Secure Sockets Layer toolkit - cryptographic utility\"},{\"name\":\"passwd\",\"version\":\"1:4.5-1ubuntu2.3\",\"arch\":\"amd64\",\"source\":{\"name\":\"shadow\"},\"summary\":\"change and administer password and group data\"},{\"name\":\"perl-base\",\"version\":\"5.26.1-6ubuntu0.5\",\"arch\":\"amd64\",\"source\":{\"name\":\"perl\"},\"summary\":\"minimal Perl system\"},{\"name\":\"procps\",\"version\":\"2:3.3.12-3ubuntu1.2\",\"arch\":\"amd64\",\"source\":{\"name\":\"\"},\"summary\":\"/proc file system utilities\"},{\"name\":\"sed\",\"version\":\"4.4-2\",\"arch\":\"amd64\",\"source\":{\"name\":\"\"},\"summary\":\"GNU stream editor for filtering/transforming text\"},{\"name\":\"sensible-utils\",\"version\":\"0.0.12\",\"arch\":\"all\",\"source\":{\"name\":\"\"},\"summary\":\"Utilities for sensible alternative selection\"},{\"name\":\"sysvinit-utils\",\"version\":\"2.88dsf-59.10ubuntu1\",\"arch\":\"amd64\",\"source\":{\"name\":\"sysvinit\"},\"summary\":\"System-V-like utilities\"},{\"name\":\"tar\",\"version\":\"1.29b-2ubuntu0.3\",\"arch\":\"amd64\",\"source\":{\"name\":\"\"},\"summary\":\"GNU version of the tar archiving utility\"},{\"name\":\"tzdata\",\"version\":\"2022a-0ubuntu0.18.04\",\"arch\":\"all\",\"source\":{\"name\":\"\"},\"summary\":\"time zone and daylight-saving time data\"},{\"name\":\"ubuntu-keyring\",\"version\":\"2018.09.18.1~18.04.2\",\"arch\":\"all\",\"source\":{\"name\":\"\"},\"summary\":\"GnuPG keys of the Ubuntu archive\"},{\"name\":\"util-linux\",\"version\":\"2.31.1-0.4ubuntu3.7\",\"arch\":\"amd64\",\"source\":{\"name\":\"\"},\"summary\":\"miscellaneous system utilities\"},{\"name\":\"zlib1g\",\"version\":\"1:1.2.11.dfsg-0ubuntu2.1\",\"arch\":\"amd64\",\"source\":{\"name\":\"zlib\"},\"summary\":\"compression library - runtime\"}]","org.opencontainers.image.title":"twitter-to-kafka-service","org.opencontainers.image.version":"0.0.1-SNAPSHOT","org.springframework.boot.version":"2.7.2"},"ParentId":"","RepoDigests":["<none>@<none>"],"RepoTags":["<none>:<none>"],"SharedSize":-1,"Size":289318621,"VirtualSize":289318621},{"Containers":-1,"Created":315532801,"Id":"sha256:28addd0786f45500ca72d47a268ce74cd7c86df86ef7218f5002ab807d2ba878","Labels":{"io.buildpacks.build.metadata":"{\"buildpacks\":[{\"homepage\":\"https://github.com/paketo-buildpacks/ca-certificates\",\"id\":\"paketo-buildpacks/ca-certificates\",\"version\":\"3.2.5\"},{\"homepage\":\"https://github.com/paketo-buildpacks/bellsoft-liberica\",\"id\":\"paketo-buildpacks/bellsoft-liberica\",\"version\":\"9.4.1\"},{\"homepage\":\"https://github.com/paketo-buildpacks/syft\",\"id\":\"paketo-buildpacks/syft\",\"version\":\"1.16.0\"},{\"homepage\":\"https://github.com/paketo-buildpacks/executable-jar\",\"id\":\"paketo-buildpacks/executable-jar\",\"version\":\"6.2.5\"},{\"homepage\":\"https://github.com/paketo-buildpacks/dist-zip\",\"id\":\"paketo-buildpacks/dist-zip\",\"version\":\"5.2.5\"},{\"homepage\":\"https://github"
18:30:10.435 [Test worker] DEBUG com.github.dockerjava.zerodep.shaded.org.apache.hc.client5.http.wire - http-outgoing-0 << ".com/paketo-buildpacks/spring-boot\",\"id\":\"paketo-buildpacks/spring-boot\",\"version\":\"5.15.0\"}],\"launcher\":{\"version\":\"0.14.1\",\"source\":{\"git\":{\"repository\":\"github.com/buildpacks/lifecycle\",\"commit\":\"b5f8bad1\"}}},\"processes\":[{\"type\":\"executable-jar\",\"command\":\"java\",\"args\":[\"org.springframework.boot.loader.JarLauncher\"],\"direct\":true,\"buildpackID\":\"paketo-buildpacks/executable-jar\"},{\"type\":\"task\",\"command\":\"java\",\"args\":[\"org.springframework.boot.loader.JarLauncher\"],\"direct\":true,\"buildpackID\":\"paketo-buildpacks/executable-jar\"},{\"type\":\"web\",\"command\":\"java\",\"args\":[\"org.springframework.boot.loader.JarLauncher\"],\"direct\":true,\"buildpackID\":\"paketo-buildpacks/executable-jar\"}],\"buildpack-default-process-type\":\"web\"}","io.buildpacks.lifecycle.metadata":"{\"app\":[{\"sha\":\"sha256:0500e9597e37b19bc6da2a300a7bfdcf071e85b5c9a4b749224076a74d82d86e\"},{\"sha\":\"sha256:dc69cb1ca1ef2ea80a309ae7a1d8bb4d548b54718e5ee19cc34ed3b73fbfbf38\"},{\"sha\":\"sha256:5f70bf18a086007016e948b04aed3b82103a36bea41755b6cddfaf10ace3c6ef\"},{\"sha\":\"sha256:14dfce0e82f37bd966a05a7a63bdcaad357c650ad49bc8b54a61519613bce333\"},{\"sha\":\"sha256:ed9ddd1e522a862fae8c89b447a730908ffe3474b8512eb70c1234445546f9be\"}],\"sbom\":{\"sha\":\"sha256:e8e7db54945e09c1d0acebf3a5e351d7dcf3c90a6983ed98171d0dc15f863d38\"},\"buildpacks\":[{\"key\":\"paketo-buildpacks/ca-certificates\",\"version\":\"3.2.5\",\"layers\":{\"helper\":{\"sha\":\"sha256:8f76f38ebfc8bc64d25e5b93f76258ff05581e53987d62e4eec686bd95ac4e6d\",\"data\":{\"clear-env\":false,\"description\":\"A Cloud Native Buildpack that adds custom CA certificates to a build and a created image\",\"homepage\":\"https://github.com/paketo-buildpacks/ca-certificates\",\"id\":\"paketo-buildpacks/ca-certificates\",\"keywords\":[\"ca-certificates\",\"trust\",\"certificates\"],\"licenses\":[{\"type\":\"Apache-2.0\",\"uri\":\"https://github.com/paketo-buildpacks/ca-certificates/blob/main/LICENSE\"}],\"name\":\"Paketo CA Certificates Buildpack\",\"sbom-formats\":[\"application/vnd.cyclonedx+json\",\"application/vnd.syft+json\"],\"version\":\"3.2.5\"},\"build\":false,\"launch\":true,\"cache\":false}}},{\"key\":\"paketo-buildpacks/bellsoft-liberica\",\"version\":\"9.4.1\",\"layers\":{\"helper\":{\"sha\":\"sha256:2d7b464b248255cf6bee0d55e6acc3ff22db466bcc54f810ee8a964090d48715\",\"data\":{\"clear-env\":false,\"description\":\"A Cloud Native Buildpack that provides the Bellsoft Liberica implementations of JREs and JDKs\",\"homepage\":\"https://github.com/paketo-buildpacks/bellsoft-liberica\",\"id\":\"paketo-buildpacks/bellsoft-liberica\",\"keywords\":[\"java\",\"jvm\",\"jre\",\"jdk\"],\"licenses\":[{\"type\":\"Apache-2.0\",\"uri\":\"https://github.com/paketo-buildpacks/bellsoft-liberica/blob/main/LICENSE\"}],\"name\":\"Paketo BellSoft Liberica Buildpack\",\"sbom-formats\":[\"application/vnd.syft+json\",\"application/vnd.cyclonedx+json\"],\"version\":\"9.4.1\"},\"build\":false,\"launch\":true,\"cache\":false},\"java-security-properties\":{\"sha\":\"sha256:ec0381c8f32136ad9564b114b2271d1181e0c181957acb6707e6ff4713a7a89d\",\"data\":{\"clear-env\":false,\"description\":\"A Cloud Native Buildpack that provides the Bellsoft Liberica implementations of JREs and JDKs\",\"homepage\":\"https://github.com/paketo-buildpacks/bellsoft-liberica\",\"id\":\"paketo-buildpacks/bellsoft-liberica\",\"keywords\":[\"java\",\"jvm\",\"jre\",\"jdk\"],\"licenses\":[{\"type\":\"Apache-2.0\",\"uri\":\"https://github.com/paketo-buildpacks/bellsoft-liberica/blob/main/LICENSE\"}],\"name\":\"Paketo BellSoft Liberica Buildpack\",\"sbom-formats\":[\"application/vnd.syft+json\",\"application/vnd.cyclonedx+json\"],\"version\":\"9.4.1\"},\"build\":false,\"launch\":true,\"cache\":false},\"jre\":{\"sha\":\"sha256:ddacf05f5e5524f2484e8800306df2b12cebb253da6584f9bd8ecf2dd4317cd4\",\"data\":{\"cert-file\":\"5e248aabe6ceaf3ead19ab7743bd52c9572faf6b1f2723aee062a977e0171864\",\"dependency\":{\"cpes\":[\"cpe:2.3:a:oracle:jre:11.0.16:*:*:*:*:*:*:*\"],\"id\":\"jre\",\"licenses\":[{\"type\":\"GPL-2.0 WITH Classpath-exception-2.0\",\"uri\":\"https://openjdk.java.net/legal/gplv2+ce.html\"}],\"name\":\"BellSoft Liberica JRE\",\"purl\":\"pkg:generic/bellsoft-jre@11.0.16?arch=amd64\",\"sha256\":\"d9e9ba6e872c2d7073e69407196be29db27d4fcd22de6ca7dde40840b934c286\",\"stacks\":[\"io.buildpacks.stacks.bionic\",\"io.paketo.stacks.tiny\",\"*\"],\"uri\":\"https://github.com/bell-sw/Liberica/releases/download/11.0.16+8/bellsoft-jre11.0.16+8-linux-amd64.tar.gz\",\"version\":\"11.0.16\"}},\"build\":false,\"launch\":true,\"cache\":false}}},{\"key\":\"paketo-buildpacks/syft\",\"version\":\"1.16.0\",\"layers\":{}},{\"key\":\"paketo-buildpacks/executable-jar\",\"version\":\"6.2.5\",\"layers\":{\"classpath\":{\"sha\":\"sha256:7fbc97c38fad01ae2b8189c8d9a0a0149932192accc4ad253b0f8186d0793e9a\",\"data\":{\"classpath\":[\"/workspace\"],\"launch\":true},\"build\":true,\"launch\":true,\"cache\":false}}},{\"key\":\"paketo-buildpacks/dist-zip\",\"version\":\"5.2.5\",\"layers\":{}},{\"key\":\"paketo-buildpacks/spring-boot\",\"version\":\"5.15.0\",\"layers\":{\"helper\":{\"sha\":\"sha256:e3432ede41fb4435c36fe916151b6a8b23612086c5be6f87b0f2ec8311ae2fb2\",\"data\":{\"clear-env\":false,\"description\":\"A Cloud Native Buildpack that contributes Spring Boot dependency information and slices an application into multiple layers\",\"homepage\":\"https://github.com/paketo-buildpacks/spring-boot\",\"id\":\"paketo-buildpacks/spring-boot\",\"keywords\":[\"java\",\"spring\",\"spring-boot\"],\"licenses\":[{\"type\":\"Apache-2.0\",\"uri\":\"https://github.com/paketo-buildpacks/spring-boot/blob/main/LICENSE\"}],\"name\":\"Paketo Spring Boot Buildpack\",\"sbom-formats\":[\"application/vnd.cyclonedx+json\",\"application/vnd.syft+json\"],\"version\":\"5.15.0\"},\"build\":false,\"launch\":true,\"cache\":false},\"spring-cloud-bindings\":{\"sha\":\"sha256:33df858545b5408f86e2adc84c9d6696fd3f3ab16065d01a9c3e3366de12a462\",\"data\":{\"cpes\":[\"cpe:2.3:a:vmware:spring_cloud_bindings:1.10.0:*:*:*:*:*:*:*\"],\"id\":\"spring-cloud-bindings\",\"licenses\":[{\"type\":\"Apache-2.0\",\"uri\":\"https://github.com/spring-cloud/spring-cloud-bindings/blob/main/LICENSE\"}],\"name\":\"Spring Cloud Bindings\",\"purl\":\"pkg:generic/springframework/spring-cloud-bindings@1.10.0\",\"sha256\":\"1f5b781f8bd0d6b85ab2462e4b98d36782a2227fef5b168db174b3959a0ebebe\",\"stacks\":[\"io.buildpacks.stacks.bionic\",\"io.paketo.stacks.tiny\",\"*\"],\"uri\":\"https://repo.spring.io/release/org/springframework/cloud/spring-cloud-bindings/1.10.0/spring-cloud-bindings-1.10.0.jar\",\"version\":\"1.10.0\"},\"build\":false,\"launch\":true,\"cache\":false},\"web-application-type\":{\"sha\":\"sha256:fcc507beb4ccdbc112909bcf999e90802212e4fc86afa20617a863e89081a6da\",\"data\":{\"files\":\"b889faf94330a2ffdfad9a259984bfcb7acf9fb8db459dd3dd8cb810c632013c\"},\"build\":false,\"launch\":true,\"cache\":false}}}],\"config\":{\"sha\":\"sha256:92d7b61e6811d5c20585041c3d80404a07cb517c3b645b96b711fea36a24876a\"},\"launcher\":{\"sha\":\"sha256:9497805c7bd5df192c4ccf7cf9c4496963c1c008141fe134765e23a3800fa4cf\"},\"process-types\":{\"sha\":\"sha256:1dc94a70dbaa2171fb086500a5d27797f779219b126b0a1eebb9180c2792e80e\"},\"runImage\":{\"topLayer\":\"sha256:5ad12172a2932929325b6539d0b0bccdaa5a35c7a679117ff61818b3f2d453ed\",\"reference\":\"0439e811fdc65ba1cdf8bb863aeb39bf66d9fad9d4a9faca4b6c0a173c19c566\"},\"stack\":{\"runImage\":{\"image\":\"index.docker.io/paketobuildpacks/run:base-cnb\",\"mirrors\":[\"gcr.io/paketo-buildpacks/run:base-cnb\"]}}}","io.buildpacks.project.metadata":"{}","io.buildpacks.stack.description":"ubuntu:bionic with some common dependencies like tzdata and openssl","io.buildpacks.stack.distro.name":"ubuntu","io.buildpacks.stack.distro.version":"18.04","io.buildpacks.stack.homepage":"https://github.com/paketo-buildpacks/bionic-base-stack","io.buildpacks.stack.id":"io.buildpacks.stacks.bionic","io.buildpacks.sta"
18:30:10.437 [Test worker] DEBUG com.github.dockerjava.zerodep.shaded.org.apache.hc.client5.http.wire - http-outgoing-0 << "ck.maintainer":"Paketo Buildpacks","io.buildpacks.stack.metadata":"{}","io.buildpacks.stack.mixins":"[\"libdb5.3\",\"libuuid1\",\"libapt-pkg5.0\",\"libaudit-common\",\"liblz4-1\",\"libunistring2\",\"libattr1\",\"libgcrypt20\",\"libnettle6\",\"libpam-runtime\",\"fdisk\",\"tar\",\"libcom-err2\",\"locales\",\"openssl\",\"sensible-utils\",\"libblkid1\",\"libhogweed4\",\"libsemanage-common\",\"zlib1g\",\"passwd\",\"tzdata\",\"bash\",\"hostname\",\"libcap-ng0\",\"libssl1.1\",\"base-passwd\",\"gzip\",\"libtasn1-6\",\"netbase\",\"sysvinit-utils\",\"libext2fs2\",\"libgpg-error0\",\"libmount1\",\"adduser\",\"libexpat1\",\"util-linux\",\"libc6\",\"libdebconfclient0\",\"libfdisk1\",\"procps\",\"gcc-8-base\",\"libsystemd0\",\"login\",\"ncurses-base\",\"apt\",\"libprocps6\",\"ca-certificates\",\"grep\",\"libidn2-0\",\"libyaml-0-2\",\"sed\",\"ubuntu-keyring\",\"diffutils\",\"bzip2\",\"libffi6\",\"libncursesw5\",\"libpcre3\",\"libgnutls30\",\"gpgv\",\"libaudit1\",\"libbz2-1.0\",\"libpam-modules\",\"libseccomp2\",\"debconf\",\"libncurses5\",\"libacl1\",\"libpam-modules-bin\",\"libstdc++6\",\"findutils\",\"init-system-helpers\",\"libsmartcols1\",\"libtinfo5\",\"libzstd1\",\"bsdutils\",\"dash\",\"debianutils\",\"lsb-base\",\"ncurses-bin\",\"libp11-kit0\",\"perl-base\",\"dpkg\",\"liblzma5\",\"base-files\",\"e2fsprogs\",\"libsemanage1\",\"libudev1\",\"mawk\",\"coreutils\",\"libc-bin\",\"libgcc1\",\"libgmp10\",\"libss2\",\"libpam0g\",\"libselinux1\",\"libsepol1\",\"mount\"]","io.buildpacks.stack.released":"2022-08-10T14:27:21Z","io.paketo.stack.packages":"[{\"name\":\"adduser\",\"version\":\"3.116ubuntu1\",\"arch\":\"all\",\"source\":{\"name\":\"\"},\"summary\":\"add and remove users and groups\"},{\"name\":\"apt\",\"version\":\"1.6.14\",\"arch\":\"amd64\",\"source\":{\"name\":\"\"},\"summary\":\"commandline package manager\"},{\"name\":\"base-files\",\"version\":\"10.1ubuntu2.11\",\"arch\":\"amd64\",\"source\":{\"name\":\"\"},\"summary\":\"Debian base system miscellaneous files\"},{\"name\":\"base-passwd\",\"version\":\"3.5.44\",\"arch\":\"amd64\",\"source\":{\"name\":\"\"},\"summary\":\"Debian base system master password and group files\"},{\"name\":\"bash\",\"version\":\"4.4.18-2ubuntu1.3\",\"arch\":\"amd64\",\"source\":{\"name\":\"\"},\"summary\":\"GNU Bourne Again SHell\"},{\"name\":\"bsdutils\",\"version\":\"1:2.31.1-0.4ubuntu3.7\",\"arch\":\"amd64\",\"source\":{\"name\":\"util-linux\",\"version\":\"2.31.1-0.4ubuntu3.7\",\"upstreamVersion\":\"2.31.1\"},\"summary\":\"basic utilities from 4.4BSD-Lite\"},{\"name\":\"bzip2\",\"version\":\"1.0.6-8.1ubuntu0.2\",\"arch\":\"amd64\",\"source\":{\"name\":\"\"},\"summary\":\"high-quality block-sorting file compressor - utilities\"},{\"name\":\"ca-certificates\",\"version\":\"20211016~18.04.1\",\"arch\":\"all\",\"source\":{\"name\":\"\"},\"summary\":\"Common CA certificates\"},{\"name\":\"coreutils\",\"version\":\"8.28-1ubuntu1\",\"arch\":\"amd64\",\"source\":{\"name\":\"\"},\"summary\":\"GNU core utilities\"},{\"name\":\"dash\",\"version\":\"0.5.8-2.10\",\"arch\":\"amd64\",\"source\":{\"name\":\"\"},\"summary\":\"POSIX-compliant shell\"},{\"name\":\"debconf\",\"version\":\"1.5.66ubuntu1\",\"arch\":\"all\",\"source\":{\"name\":\"\"},\"summary\":\"Debian configuration management system\"},{\"name\":\"debianutils\",\"version\":\"4.8.4\",\"arch\":\"amd64\",\"source\":{\"name\":\"\"},\"summary\":\"Miscellaneous utilities specific to Debian\"},{\"name\":\"diffutils\",\"version\":\"1:3.6-1\",\"arch\":\"amd64\",\"source\":{\"name\":\"\"},\"summary\":\"File comparison utilities\"},{\"name\":\"dpkg\",\"version\":\"1.19.0.5ubuntu2.4\",\"arch\":\"amd64\",\"source\":{\"name\":\"\"},\"summary\":\"Debian package management system\"},{\"name\":\"e2fsprogs\",\"version\":\"1.44.1-1ubuntu1.4\",\"arch\":\"amd64\",\"source\":{\"name\":\"\"},\"summary\":\"ext2/ext3/ext4 file system utilities\"},{\"name\":\"fdisk\",\"version\":\"2.31.1-0.4ubuntu3.7\",\"arch\":\"amd64\",\"source\":{\"name\":\"util-linux\"},\"summary\":\"collection of partitioning utilities\"},{\"name\":\"findutils\",\"version\":\"4.6.0+git+20170828-2\",\"arch\":\"amd64\",\"source\":{\"name\":\"\"},\"summary\":\"utilities for finding files--find, xargs\"},{\"name\":\"gcc-8-base\",\"version\":\"8.4.0-1ubuntu1~18.04\",\"arch\":\"amd64\",\"source\":{\"name\":\"gcc-8\"},\"summary\":\"GCC, the GNU Compiler Collection (base package)\"},{\"name\":\"gpgv\",\"version\":\"2.2.4-1ubuntu1.6\",\"arch\":\"amd64\",\"source\":{\"name\":\"gnupg2\"},\"summary\":\"GNU privacy guard - signature verification tool\"},{\"name\":\"grep\",\"version\":\"3.1-2build1\",\"arch\":\"amd64\",\"source\":{\"name\":\"\"},\"summary\":\"GNU grep, egrep and fgrep\"},{\"name\":\"gzip\",\"version\":\"1.6-5ubuntu1.2\",\"arch\":\"amd64\",\"source\":{\"name\":\"\"},\"summary\":\"GNU compression utilities\"},{\"name\":\"hostname\",\"version\":\"3.20\",\"arch\":\"amd64\",\"source\":{\"name\":\"\"},\"summary\":\"utility to set/show the host name or domain name\"},{\"name\":\"init-system-helpers\",\"version\":\"1.51\",\"arch\":\"all\",\"source\":{\"name\":\"\"},\"summary\":\"helper tools for all init systems\"},{\"name\":\"libacl1\",\"version\":\"2.2.52-3build1\",\"arch\":\"amd64\",\"source\":{\"name\":\"acl\"},\"summary\":\"Access control list shared library\"},{\"name\":\"libapt-pkg5.0\",\"version\":\"1.6.14\",\"arch\":\"amd64\",\"source\":{\"name\":\"apt\"},\"summary\":\"package management runtime library\"},{\"name\":\"libattr1\",\"version\":\"1:2.4.47-2build1\",\"arch\":\"amd64\",\"source\":{\"name\":\"attr\"},\"summary\":\"Extended attribute shared library\"},{\"name\":\"libaudit-common\",\"version\":\"1:2.8.2-1ubuntu1.1\",\"arch\":\"all\",\"source\":{\"name\":\"audit\"},\"summary\":\"Dynamic library for security auditing - common files\"},{\"name\":\"libaudit1\",\"version\":\"1:2.8.2-1ubuntu1.1\",\"arch\":\"amd64\",\"source\":{\"name\":\"audit\"},\"summary\":\"Dynamic library for security auditing\"},{\"name\":\"libblkid1\",\"version\":\"2.31.1-0.4ubuntu3.7\",\"arch\":\"amd64\",\"source\":{\"name\":\"util-linux\"},\"summary\":\"block device ID library\"},{\"name\":\"libbz2-1.0\",\"version\":\"1.0.6-8.1ubuntu0.2\",\"arch\":\"amd64\",\"source\":{\"name\":\"bzip2\"},\"summary\":\"high-quality block-sorting file compressor library - runtime\"},{\"name\":\"libc-bin\",\"version\":\"2.27-3ubuntu1.6\",\"arch\":\"amd64\",\"source\":{\"name\":\"glibc\"},\"summary\":\"GNU C Library: Binaries\"},{\"name\":\"libc6\",\"version\":\"2.27-3ubuntu1.6\",\"arch\":\"amd64\",\"source\":{\"name\":\"glibc\"},\"summary\":\"GNU C Library: Shared libraries\"},{\"name\":\"libcap-ng0\",\"version\":\"0.7.7-3.1\",\"arch\":\"amd64\",\"source\":{\"name\":\"libcap-ng\"},\"summary\":\"An alternate POSIX capabilities library\"},{\"name\":\"libcom-err2\",\"version\":\"1.44.1-1ubuntu1.4\",\"arch\":\"amd64\",\"source\":{\"name\":\"e2fsprogs\"},\"summary\":\"common error description library\"},{\"name\":\"libdb5.3\",\"version\":\"5.3.28-13.1ubuntu1.1\",\"arch\":\"amd64\",\"source\":{\"name\":\"db5.3\"},\"summary\":\"Berkeley v5.3 Database Libraries [runtime]\"},{\"name\":\"libdebconfclient0\",\"version\":\"0.213ubuntu1\",\"arch\":\"amd64\",\"source\":{\"name\":\"cdebconf\"},\"summary\":\"Debian Configuration Management System (C-implementation library)\"},{\"name\":\"libexpat1\",\"version\":\"2.2.5-3ubuntu0.7\",\"arch\":\"amd64\",\"source\":{\"name\":\"expat\"},\"summary\":\"XML parsing C library - runtime library\"},{\"name\":\"libext2fs2\",\"version\":\"1.44.1-1ubuntu1.4\",\"arch\":\"amd64\",\"source\":{\"name\":\"e2fsprogs\"},\"summary\":\"ext2/ext3/ext4 file system libraries\"},{\"name\":\"libfdisk1\",\"version\":\"2.31.1-0.4ubuntu3.7\",\"arch\":\"amd64\",\"source\":{\"name\":\"util-linux\"},\"summary\":\"fdisk partitioning library\"},{\"name\":\"libffi6\",\"version\":\"3.2.1-8\",\"arch\":\"amd64\",\"source\":{\"name\":\"libffi\"},\"summary\":\"Foreign Function Interface library runtime\"},{\"name\":\"libgcc1\",\"version\":\"1:8.4.0-1ubuntu1~18.04\",\"arch\"
18:30:10.438 [Test worker] DEBUG com.github.dockerjava.zerodep.shaded.org.apache.hc.client5.http.wire - http-outgoing-0 << "":\"amd64\",\"source\":{\"name\":\"gcc-8\",\"version\":\"8.4.0-1ubuntu1~18.04\",\"upstreamVersion\":\"8.4.0\"},\"summary\":\"GCC support library\"},{\"name\":\"libgcrypt20\",\"version\":\"1.8.1-4ubuntu1.3\",\"arch\":\"amd64\",\"source\":{\"name\":\"\"},\"summary\":\"LGPL Crypto library - runtime library\"},{\"name\":\"libgmp10\",\"version\":\"2:6.1.2+dfsg-2\",\"arch\":\"amd64\",\"source\":{\"name\":\"gmp\"},\"summary\":\"Multiprecision arithmetic library\"},{\"name\":\"libgnutls30\",\"version\":\"3.5.18-1ubuntu1.6\",\"arch\":\"amd64\",\"source\":{\"name\":\"gnutls28\"},\"summary\":\"GNU TLS library - main runtime library\"},{\"name\":\"libgpg-error0\",\"version\":\"1.27-6\",\"arch\":\"amd64\",\"source\":{\"name\":\"libgpg-error\"},\"summary\":\"library for common error values and messages in GnuPG components\"},{\"name\":\"libhogweed4\",\"version\":\"3.4.1-0ubuntu0.18.04.1\",\"arch\":\"amd64\",\"source\":{\"name\":\"nettle\"},\"summary\":\"low level cryptographic library (public-key cryptos)\"},{\"name\":\"libidn2-0\",\"version\":\"2.0.4-1.1ubuntu0.2\",\"arch\":\"amd64\",\"source\":{\"name\":\"libidn2\"},\"summary\":\"Internationalized domain names (IDNA2008/TR46) library\"},{\"name\":\"liblz4-1\",\"version\":\"0.0~r131-2ubuntu3.1\",\"arch\":\"amd64\",\"source\":{\"name\":\"lz4\"},\"summary\":\"Fast LZ compression algorithm library - runtime\"},{\"name\":\"liblzma5\",\"version\":\"5.2.2-1.3ubuntu0.1\",\"arch\":\"amd64\",\"source\":{\"name\":\"xz-utils\"},\"summary\":\"XZ-format compression library\"},{\"name\":\"libmount1\",\"version\":\"2.31.1-0.4ubuntu3.7\",\"arch\":\"amd64\",\"source\":{\"name\":\"util-linux\"},\"summary\":\"device mounting library\"},{\"name\":\"libncurses5\",\"version\":\"6.1-1ubuntu1.18.04\",\"arch\":\"amd64\",\"source\":{\"name\":\"ncurses\"},\"summary\":\"shared libraries for terminal handling\"},{\"name\":\"libncursesw5\",\"version\":\"6.1-1ubuntu1.18.04\",\"arch\":\"amd64\",\"source\":{\"name\":\"ncurses\"},\"summary\":\"shared libraries for terminal handling (wide character support)\"},{\"name\":\"libnettle6\",\"version\":\"3.4.1-0ubuntu0.18.04.1\",\"arch\":\"amd64\",\"source\":{\"name\":\"nettle\"},\"summary\":\"low level cryptographic library (symmetric and one-way cryptos)\"},{\"name\":\"libp11-kit0\",\"version\":\"0.23.9-2ubuntu0.1\",\"arch\":\"amd64\",\"source\":{\"name\":\"p11-kit\"},\"summary\":\"library for loading and coordinating access to PKCS#11 modules - runtime\"},{\"name\":\"libpam-modules\",\"version\":\"1.1.8-3.6ubuntu2.18.04.3\",\"arch\":\"amd64\",\"source\":{\"name\":\"pam\"},\"summary\":\"Pluggable Authentication Modules for PAM\"},{\"name\":\"libpam-modules-bin\",\"version\":\"1.1.8-3.6ubuntu2.18.04.3\",\"arch\":\"amd64\",\"source\":{\"name\":\"pam\"},\"summary\":\"Pluggable Authentication Modules for PAM - helper binaries\"},{\"name\":\"libpam-runtime\",\"version\":\"1.1.8-3.6ubuntu2.18.04.3\",\"arch\":\"all\",\"source\":{\"name\":\"pam\"},\"summary\":\"Runtime support for the PAM library\"},{\"name\":\"libpam0g\",\"version\":\"1.1.8-3.6ubuntu2.18.04.3\",\"arch\":\"amd64\",\"source\":{\"name\":\"pam\"},\"summary\":\"Pluggable Authentication Modules library\"},{\"name\":\"libpcre3\",\"version\":\"2:8.39-9ubuntu0.1\",\"arch\":\"amd64\",\"source\":{\"name\":\"pcre3\"},\"summary\":\"Old Perl 5 Compatible Regular Expression Library - runtime files\"},{\"name\":\"libprocps6\",\"version\":\"2:3.3.12-3ubuntu1.2\",\"arch\":\"amd64\",\"source\":{\"name\":\"procps\"},\"summary\":\"library for accessing process information from /proc\"},{\"name\":\"libseccomp2\",\"version\":\"2.5.1-1ubuntu1~18.04.2\",\"arch\":\"amd64\",\"source\":{\"name\":\"libseccomp\"},\"summary\":\"high level interface to Linux seccomp filter\"},{\"name\":\"libselinux1\",\"version\":\"2.7-2build2\",\"arch\":\"amd64\",\"source\":{\"name\":\"libselinux\"},\"summary\":\"SELinux runtime shared libraries\"},{\"name\":\"libsemanage-common\",\"version\":\"2.7-2build2\",\"arch\":\"all\",\"source\":{\"name\":\"libsemanage\"},\"summary\":\"Common files for SELinux policy management libraries\"},{\"name\":\"libsemanage1\",\"version\":\"2.7-2build2\",\"arch\":\"amd64\",\"source\":{\"name\":\"libsemanage\"},\"summary\":\"SELinux policy management library\"},{\"name\":\"libsepol1\",\"version\":\"2.7-1ubuntu0.1\",\"arch\":\"amd64\",\"source\":{\"name\":\"libsepol\"},\"summary\":\"SELinux library for manipulating binary security policies\"},{\"name\":\"libsmartcols1\",\"version\":\"2.31.1-0.4ubuntu3.7\",\"arch\":\"amd64\",\"source\":{\"name\":\"util-linux\"},\"summary\":\"smart column output alignment library\"},{\"name\":\"libss2\",\"version\":\"1.44.1-1ubuntu1.4\",\"arch\":\"amd64\",\"source\":{\"name\":\"e2fsprogs\"},\"summary\":\"command-line interface parsing library\"},{\"name\":\"libssl1.1\",\"version\":\"1.1.1-1ubuntu2.1~18.04.20\",\"arch\":\"amd64\",\"source\":{\"name\":\"openssl\"},\"summary\":\"Secure Sockets Layer toolkit - shared libraries\"},{\"name\":\"libstdc++6\",\"version\":\"8.4.0-1ubuntu1~18.04\",\"arch\":\"amd64\",\"source\":{\"name\":\"gcc-8\"},\"summary\":\"GNU Standard C++ Library v3\"},{\"name\":\"libsystemd0\",\"version\":\"237-3ubuntu10.53\",\"arch\":\"amd64\",\"source\":{\"name\":\"systemd\"},\"summary\":\"systemd utility library\"},{\"name\":\"libtasn1-6\",\"version\":\"4.13-2\",\"arch\":\"amd64\",\"source\":{\"name\":\"\"},\"summary\":\"Manage ASN.1 structures (runtime)\"},{\"name\":\"libtinfo5\",\"version\":\"6.1-1ubuntu1.18.04\",\"arch\":\"amd64\",\"source\":{\"name\":\"ncurses\"},\"summary\":\"shared low-level terminfo library for terminal handling\"},{\"name\":\"libudev1\",\"version\":\"237-3ubuntu10.53\",\"arch\":\"amd64\",\"source\":{\"name\":\"systemd\"},\"summary\":\"libudev shared library\"},{\"name\":\"libunistring2\",\"version\":\"0.9.9-0ubuntu2\",\"arch\":\"amd64\",\"source\":{\"name\":\"libunistring\"},\"summary\":\"Unicode string library for C\"},{\"name\":\"libuuid1\",\"version\":\"2.31.1-0.4ubuntu3.7\",\"arch\":\"amd64\",\"source\":{\"name\":\"util-linux\"},\"summary\":\"Universally Unique ID library\"},{\"name\":\"libyaml-0-2\",\"version\":\"0.1.7-2ubuntu3\",\"arch\":\"amd64\",\"source\":{\"name\":\"libyaml\"},\"summary\":\"Fast YAML 1.1 parser and emitter library\"},{\"name\":\"libzstd1\",\"version\":\"1.3.3+dfsg-2ubuntu1.2\",\"arch\":\"amd64\",\"source\":{\"name\":\"libzstd\"},\"summary\":\"fast lossless compression algorithm\"},{\"name\":\"locales\",\"version\":\"2.27-3ubuntu1.6\",\"arch\":\"all\",\"source\":{\"name\":\"glibc\"},\"summary\":\"GNU C Library: National Language (locale) data [support]\"},{\"name\":\"login\",\"version\":\"1:4.5-1ubuntu2.3\",\"arch\":\"amd64\",\"source\":{\"name\":\"shadow\"},\"summary\":\"system login tools\"},{\"name\":\"lsb-base\",\"version\":\"9.20170808ubuntu1\",\"arch\":\"all\",\"source\":{\"name\":\"lsb\"},\"summary\":\"Linux Standard Base init script functionality\"},{\"name\":\"mawk\",\"version\":\"1.3.3-17ubuntu3\",\"arch\":\"amd64\",\"source\":{\"name\":\"\"},\"summary\":\"a pattern scanning and text processing language\"},{\"name\":\"mount\",\"version\":\"2.31.1-0.4ubuntu3.7\",\"arch\":\"amd64\",\"source\":{\"name\":\"util-linux\"},\"summary\":\"tools for mounting and manipulating filesystems\"},{\"name\":\"ncurses-base\",\"version\":\"6.1-1ubuntu1.18.04\",\"arch\":\"all\",\"source\":{\"name\":\"ncurses\"},\"summary\":\"basic terminal type definitions\"},{\"name\":\"ncurses-bin\",\"version\":\"6.1-1ubuntu1.18.04\",\"arch\":\"amd64\",\"source\":{\"name\":\"ncurses\"},\"summary\":\"terminal-related programs and man pages\"},{\"name\":\"netbase\",\"version\":\"5.4\",\"arch\":\"all\",\"source\":{\"name\":\"\"},\"summary\":\"Basic TCP/IP networking system\"},{\"name\":\"openssl\",\"version\":\"1.1.1-1ubuntu2.1~18.04.20\",\"arch\":\"amd64\",\"source\":{\"name\":\"\"},\"summary\":\"Secure Sockets Layer toolkit - cryptographic utility\"},{\"name\":\"passwd\",\"version\":\"1:4.5-1ubuntu2.3\",\"arch\":\"amd64\",\"source\":{\"name\":\"shadow\"},\"summary\":\"change and administ"
18:30:10.439 [Test worker] DEBUG com.github.dockerjava.zerodep.shaded.org.apache.hc.client5.http.wire - http-outgoing-0 << "er password and group data\"},{\"name\":\"perl-base\",\"version\":\"5.26.1-6ubuntu0.5\",\"arch\":\"amd64\",\"source\":{\"name\":\"perl\"},\"summary\":\"minimal Perl system\"},{\"name\":\"procps\",\"version\":\"2:3.3.12-3ubuntu1.2\",\"arch\":\"amd64\",\"source\":{\"name\":\"\"},\"summary\":\"/proc file system utilities\"},{\"name\":\"sed\",\"version\":\"4.4-2\",\"arch\":\"amd64\",\"source\":{\"name\":\"\"},\"summary\":\"GNU stream editor for filtering/transforming text\"},{\"name\":\"sensible-utils\",\"version\":\"0.0.12\",\"arch\":\"all\",\"source\":{\"name\":\"\"},\"summary\":\"Utilities for sensible alternative selection\"},{\"name\":\"sysvinit-utils\",\"version\":\"2.88dsf-59.10ubuntu1\",\"arch\":\"amd64\",\"source\":{\"name\":\"sysvinit\"},\"summary\":\"System-V-like utilities\"},{\"name\":\"tar\",\"version\":\"1.29b-2ubuntu0.3\",\"arch\":\"amd64\",\"source\":{\"name\":\"\"},\"summary\":\"GNU version of the tar archiving utility\"},{\"name\":\"tzdata\",\"version\":\"2022a-0ubuntu0.18.04\",\"arch\":\"all\",\"source\":{\"name\":\"\"},\"summary\":\"time zone and daylight-saving time data\"},{\"name\":\"ubuntu-keyring\",\"version\":\"2018.09.18.1~18.04.2\",\"arch\":\"all\",\"source\":{\"name\":\"\"},\"summary\":\"GnuPG keys of the Ubuntu archive\"},{\"name\":\"util-linux\",\"version\":\"2.31.1-0.4ubuntu3.7\",\"arch\":\"amd64\",\"source\":{\"name\":\"\"},\"summary\":\"miscellaneous system utilities\"},{\"name\":\"zlib1g\",\"version\":\"1:1.2.11.dfsg-0ubuntu2.1\",\"arch\":\"amd64\",\"source\":{\"name\":\"zlib\"},\"summary\":\"compression library - runtime\"}]","org.opencontainers.image.title":"twitter-to-kafka-service","org.opencontainers.image.version":"0.0.1-SNAPSHOT","org.springframework.boot.version":"2.7.2"},"ParentId":"","RepoDigests":null,"RepoTags":["com.allancordeiro.msdemo/twitter.to.kafka.service:0.0.1-SNAPSHOT"],"SharedSize":-1,"Size":289318621,"VirtualSize":289318621},{"Containers":-1,"Created":315532801,"Id":"sha256:2e2e6b963973830595a879454786eb8c3736523892744cbe3f77d3bdcc318183","Labels":{"io.buildpacks.build.metadata":"{\"buildpacks\":[{\"homepage\":\"https://github.com/paketo-buildpacks/ca-certificates\",\"id\":\"paketo-buildpacks/ca-certificates\",\"version\":\"3.2.5\"},{\"homepage\":\"https://github.com/paketo-buildpacks/bellsoft-liberica\",\"id\":\"paketo-buildpacks/bellsoft-liberica\",\"version\":\"9.4.1\"},{\"homepage\":\"https://github.com/paketo-buildpacks/syft\",\"id\":\"paketo-buildpacks/syft\",\"version\":\"1.16.0\"},{\"homepage\":\"https://github.com/paketo-buildpacks/executable-jar\",\"id\":\"paketo-buildpacks/executable-jar\",\"version\":\"6.2.5\"},{\"homepage\":\"https://github.com/paketo-buildpacks/dist-zip\",\"id\":\"paketo-buildpacks/dist-zip\",\"version\":\"5.2.5\"},{\"homepage\":\"https://github.com/paketo-buildpacks/spring-boot\",\"id\":\"paketo-buildpacks/spring-boot\",\"version\":\"5.15.0\"}],\"launcher\":{\"version\":\"0.14.1\",\"source\":{\"git\":{\"repository\":\"github.com/buildpacks/lifecycle\",\"commit\":\"b5f8bad1\"}}},\"processes\":[{\"type\":\"executable-jar\",\"command\":\"java\",\"args\":[\"org.springframework.boot.loader.JarLauncher\"],\"direct\":true,\"buildpackID\":\"paketo-buildpacks/executable-jar\"},{\"type\":\"task\",\"command\":\"java\",\"args\":[\"org.springframework.boot.loader.JarLauncher\"],\"direct\":true,\"buildpackID\":\"paketo-buildpacks/executable-jar\"},{\"type\":\"web\",\"command\":\"java\",\"args\":[\"org.springframework.boot.loader.JarLauncher\"],\"direct\":true,\"buildpackID\":\"paketo-buildpacks/executable-jar\"}],\"buildpack-default-process-type\":\"web\"}","io.buildpacks.lifecycle.metadata":"{\"app\":[{\"sha\":\"sha256:0500e9597e37b19bc6da2a300a7bfdcf071e85b5c9a4b749224076a74d82d86e\"},{\"sha\":\"sha256:dc69cb1ca1ef2ea80a309ae7a1d8bb4d548b54718e5ee19cc34ed3b73fbfbf38\"},{\"sha\":\"sha256:5f70bf18a086007016e948b04aed3b82103a36bea41755b6cddfaf10ace3c6ef\"},{\"sha\":\"sha256:4988cc7efe49e5db23d916f18a27565f96ab80899d1d1b2a0557ceb91e863da5\"},{\"sha\":\"sha256:ed9ddd1e522a862fae8c89b447a730908ffe3474b8512eb70c1234445546f9be\"}],\"sbom\":{\"sha\":\"sha256:1ebd4f27fdd06910b4ebbb0972d663580002d49dc06ca8af5cfc22cd92855deb\"},\"buildpacks\":[{\"key\":\"paketo-buildpacks/ca-certificates\",\"version\":\"3.2.5\",\"layers\":{\"helper\":{\"sha\":\"sha256:8f76f38ebfc8bc64d25e5b93f76258ff05581e53987d62e4eec686bd95ac4e6d\",\"data\":{\"clear-env\":false,\"description\":\"A Cloud Native Buildpack that adds custom CA certificates to a build and a created image\",\"homepage\":\"https://github.com/paketo-buildpacks/ca-certificates\",\"id\":\"paketo-buildpacks/ca-certificates\",\"keywords\":[\"ca-certificates\",\"trust\",\"certificates\"],\"licenses\":[{\"type\":\"Apache-2.0\",\"uri\":\"https://github.com/paketo-buildpacks/ca-certificates/blob/main/LICENSE\"}],\"name\":\"Paketo CA Certificates Buildpack\",\"sbom-formats\":[\"application/vnd.cyclonedx+json\",\"application/vnd.syft+json\"],\"version\":\"3.2.5\"},\"build\":false,\"launch\":true,\"cache\":false}}},{\"key\":\"paketo-buildpacks/bellsoft-liberica\",\"version\":\"9.4.1\",\"layers\":{\"helper\":{\"sha\":\"sha256:2d7b464b248255cf6bee0d55e6acc3ff22db466bcc54f810ee8a964090d48715\",\"data\":{\"clear-env\":false,\"description\":\"A Cloud Native Buildpack that provides the Bellsoft Liberica implementations of JREs and JDKs\",\"homepage\":\"https://github.com/paketo-buildpacks/bellsoft-liberica\",\"id\":\"paketo-buildpacks/bellsoft-liberica\",\"keywords\":[\"java\",\"jvm\",\"jre\",\"jdk\"],\"licenses\":[{\"type\":\"Apache-2.0\",\"uri\":\"https://github.com/paketo-buildpacks/bellsoft-liberica/blob/main/LICENSE\"}],\"name\":\"Paketo BellSoft Liberica Buildpack\",\"sbom-formats\":[\"application/vnd.syft+json\",\"application/vnd.cyclonedx+json\"],\"version\":\"9.4.1\"},\"build\":false,\"launch\":true,\"cache\":false},\"java-security-properties\":{\"sha\":\"sha256:ec0381c8f32136ad9564b114b2271d1181e0c181957acb6707e6ff4713a7a89d\",\"data\":{\"clear-env\":false,\"description\":\"A Cloud Native Buildpack that provides the Bellsoft Liberica implementations of JREs and JDKs\",\"homepage\":\"https://github.com/paketo-buildpacks/bellsoft-liberica\",\"id\":\"paketo-buildpacks/bellsoft-liberica\",\"keywords\":[\"java\",\"jvm\",\"jre\",\"jdk\"],\"licenses\":[{\"type\":\"Apache-2.0\",\"uri\":\"https://github.com/paketo-buildpacks/bellsoft-liberica/blob/main/LICENSE\"}],\"name\":\"Paketo BellSoft Liberica Buildpack\",\"sbom-formats\":[\"application/vnd.syft+json\",\"application/vnd.cyclonedx+json\"],\"version\":\"9.4.1\"},\"build\":false,\"launch\":true,\"cache\":false},\"jre\":{\"sha\":\"sha256:ddacf05f5e5524f2484e8800306df2b12cebb253da6584f9bd8ecf2dd4317cd4\",\"data\":{\"cert-file\":\"5e248aabe6ceaf3ead19ab7743bd52c9572faf6b1f2723aee062a977e0171864\",\"dependency\":{\"cpes\":[\"cpe:2.3:a:oracle:jre:11.0.16:*:*:*:*:*:*:*\"],\"id\":\"jre\",\"licenses\":[{\"type\":\"GPL-2.0 WITH Classpath-exception-2.0\",\"uri\":\"https://openjdk.java.net/legal/gplv2+ce.html\"}],\"name\":\"BellSoft Liberica JRE\",\"purl\":\"pkg:generic/bellsoft-jre@11.0.16?arch=amd64\",\"sha256\":\"d9e9ba6e872c2d7073e69407196be29db27d4fcd22de6ca7dde40840b934c286\",\"stacks\":[\"io.buildpacks.stacks.bionic\",\"io.paketo.stacks.tiny\",\"*\"],\"uri\":\"https://github.com/bell-sw/Liberica/releases/download/11.0.16+8/bellsoft-jre11.0.16+8-linux-amd64.tar.gz\",\"version\":\"11.0.16\"}},\"build\":false,\"launch\":true,\"cache\":false}}},{\"key\":\"paketo-buildpacks/syft\",\"version\":\"1.16.0\",\"layers\":{}},{\"key\":\"paketo-buildpacks/executable-jar\",\"version\":\"6.2.5\",\"layers\":{\"classpath\":{\"sha\":\"sha256:7fbc97c38fad01ae2b8189c8d9a0a0149932192accc4ad253b0f8186d0793e9a\",\"data\":{\"classpath\":[\"/workspace\"],\"launch\":true},\"build\":true,\"launch\":true,\"cache\":false}}},{\"key\":\"paketo-buildpacks/dist-zip\",\"version\":\"5.2.5\",\"layers\":{}},{\"key\":\"paketo-buildpacks/spring-boot\",\"version\":\"5.15.0\",\"layers\":{\"helper\":{\"sha\":\"sha256:e3432ede41fb4435c36fe916151b6a8b23"
18:30:10.441 [Test worker] DEBUG com.github.dockerjava.zerodep.shaded.org.apache.hc.client5.http.wire - http-outgoing-0 << "612086c5be6f87b0f2ec8311ae2fb2\",\"data\":{\"clear-env\":false,\"description\":\"A Cloud Native Buildpack that contributes Spring Boot dependency information and slices an application into multiple layers\",\"homepage\":\"https://github.com/paketo-buildpacks/spring-boot\",\"id\":\"paketo-buildpacks/spring-boot\",\"keywords\":[\"java\",\"spring\",\"spring-boot\"],\"licenses\":[{\"type\":\"Apache-2.0\",\"uri\":\"https://github.com/paketo-buildpacks/spring-boot/blob/main/LICENSE\"}],\"name\":\"Paketo Spring Boot Buildpack\",\"sbom-formats\":[\"application/vnd.cyclonedx+json\",\"application/vnd.syft+json\"],\"version\":\"5.15.0\"},\"build\":false,\"launch\":true,\"cache\":false},\"spring-cloud-bindings\":{\"sha\":\"sha256:33df858545b5408f86e2adc84c9d6696fd3f3ab16065d01a9c3e3366de12a462\",\"data\":{\"cpes\":[\"cpe:2.3:a:vmware:spring_cloud_bindings:1.10.0:*:*:*:*:*:*:*\"],\"id\":\"spring-cloud-bindings\",\"licenses\":[{\"type\":\"Apache-2.0\",\"uri\":\"https://github.com/spring-cloud/spring-cloud-bindings/blob/main/LICENSE\"}],\"name\":\"Spring Cloud Bindings\",\"purl\":\"pkg:generic/springframework/spring-cloud-bindings@1.10.0\",\"sha256\":\"1f5b781f8bd0d6b85ab2462e4b98d36782a2227fef5b168db174b3959a0ebebe\",\"stacks\":[\"io.buildpacks.stacks.bionic\",\"io.paketo.stacks.tiny\",\"*\"],\"uri\":\"https://repo.spring.io/release/org/springframework/cloud/spring-cloud-bindings/1.10.0/spring-cloud-bindings-1.10.0.jar\",\"version\":\"1.10.0\"},\"build\":false,\"launch\":true,\"cache\":false},\"web-application-type\":{\"sha\":\"sha256:fcc507beb4ccdbc112909bcf999e90802212e4fc86afa20617a863e89081a6da\",\"data\":{\"files\":\"8ab7842d4272ae1147f5ab46c7c20c551bba26ca7c0fe609b4690b6f41de8e27\"},\"build\":false,\"launch\":true,\"cache\":false}}}],\"config\":{\"sha\":\"sha256:92d7b61e6811d5c20585041c3d80404a07cb517c3b645b96b711fea36a24876a\"},\"launcher\":{\"sha\":\"sha256:9497805c7bd5df192c4ccf7cf9c4496963c1c008141fe134765e23a3800fa4cf\"},\"process-types\":{\"sha\":\"sha256:1dc94a70dbaa2171fb086500a5d27797f779219b126b0a1eebb9180c2792e80e\"},\"runImage\":{\"topLayer\":\"sha256:5ad12172a2932929325b6539d0b0bccdaa5a35c7a679117ff61818b3f2d453ed\",\"reference\":\"0439e811fdc65ba1cdf8bb863aeb39bf66d9fad9d4a9faca4b6c0a173c19c566\"},\"stack\":{\"runImage\":{\"image\":\"index.docker.io/paketobuildpacks/run:base-cnb\",\"mirrors\":[\"gcr.io/paketo-buildpacks/run:base-cnb\"]}}}","io.buildpacks.project.metadata":"{}","io.buildpacks.stack.description":"ubuntu:bionic with some common dependencies like tzdata and openssl","io.buildpacks.stack.distro.name":"ubuntu","io.buildpacks.stack.distro.version":"18.04","io.buildpacks.stack.homepage":"https://github.com/paketo-buildpacks/bionic-base-stack","io.buildpacks.stack.id":"io.buildpacks.stacks.bionic","io.buildpacks.stack.maintainer":"Paketo Buildpacks","io.buildpacks.stack.metadata":"{}","io.buildpacks.stack.mixins":"[\"libdb5.3\",\"libuuid1\",\"libapt-pkg5.0\",\"libaudit-common\",\"liblz4-1\",\"libunistring2\",\"libattr1\",\"libgcrypt20\",\"libnettle6\",\"libpam-runtime\",\"fdisk\",\"tar\",\"libcom-err2\",\"locales\",\"openssl\",\"sensible-utils\",\"libblkid1\",\"libhogweed4\",\"libsemanage-common\",\"zlib1g\",\"passwd\",\"tzdata\",\"bash\",\"hostname\",\"libcap-ng0\",\"libssl1.1\",\"base-passwd\",\"gzip\",\"libtasn1-6\",\"netbase\",\"sysvinit-utils\",\"libext2fs2\",\"libgpg-error0\",\"libmount1\",\"adduser\",\"libexpat1\",\"util-linux\",\"libc6\",\"libdebconfclient0\",\"libfdisk1\",\"procps\",\"gcc-8-base\",\"libsystemd0\",\"login\",\"ncurses-base\",\"apt\",\"libprocps6\",\"ca-certificates\",\"grep\",\"libidn2-0\",\"libyaml-0-2\",\"sed\",\"ubuntu-keyring\",\"diffutils\",\"bzip2\",\"libffi6\",\"libncursesw5\",\"libpcre3\",\"libgnutls30\",\"gpgv\",\"libaudit1\",\"libbz2-1.0\",\"libpam-modules\",\"libseccomp2\",\"debconf\",\"libncurses5\",\"libacl1\",\"libpam-modules-bin\",\"libstdc++6\",\"findutils\",\"init-system-helpers\",\"libsmartcols1\",\"libtinfo5\",\"libzstd1\",\"bsdutils\",\"dash\",\"debianutils\",\"lsb-base\",\"ncurses-bin\",\"libp11-kit0\",\"perl-base\",\"dpkg\",\"liblzma5\",\"base-files\",\"e2fsprogs\",\"libsemanage1\",\"libudev1\",\"mawk\",\"coreutils\",\"libc-bin\",\"libgcc1\",\"libgmp10\",\"libss2\",\"libpam0g\",\"libselinux1\",\"libsepol1\",\"mount\"]","io.buildpacks.stack.released":"2022-08-10T14:27:21Z","io.paketo.stack.packages":"[{\"name\":\"adduser\",\"version\":\"3.116ubuntu1\",\"arch\":\"all\",\"source\":{\"name\":\"\"},\"summary\":\"add and remove users and groups\"},{\"name\":\"apt\",\"version\":\"1.6.14\",\"arch\":\"amd64\",\"source\":{\"name\":\"\"},\"summary\":\"commandline package manager\"},{\"name\":\"base-files\",\"version\":\"10.1ubuntu2.11\",\"arch\":\"amd64\",\"source\":{\"name\":\"\"},\"summary\":\"Debian base system miscellaneous files\"},{\"name\":\"base-passwd\",\"version\":\"3.5.44\",\"arch\":\"amd64\",\"source\":{\"name\":\"\"},\"summary\":\"Debian base system master password and group files\"},{\"name\":\"bash\",\"version\":\"4.4.18-2ubuntu1.3\",\"arch\":\"amd64\",\"source\":{\"name\":\"\"},\"summary\":\"GNU Bourne Again SHell\"},{\"name\":\"bsdutils\",\"version\":\"1:2.31.1-0.4ubuntu3.7\",\"arch\":\"amd64\",\"source\":{\"name\":\"util-linux\",\"version\":\"2.31.1-0.4ubuntu3.7\",\"upstreamVersion\":\"2.31.1\"},\"summary\":\"basic utilities from 4.4BSD-Lite\"},{\"name\":\"bzip2\",\"version\":\"1.0.6-8.1ubuntu0.2\",\"arch\":\"amd64\",\"source\":{\"name\":\"\"},\"summary\":\"high-quality block-sorting file compressor - utilities\"},{\"name\":\"ca-certificates\",\"version\":\"20211016~18.04.1\",\"arch\":\"all\",\"source\":{\"name\":\"\"},\"summary\":\"Common CA certificates\"},{\"name\":\"coreutils\",\"version\":\"8.28-1ubuntu1\",\"arch\":\"amd64\",\"source\":{\"name\":\"\"},\"summary\":\"GNU core utilities\"},{\"name\":\"dash\",\"version\":\"0.5.8-2.10\",\"arch\":\"amd64\",\"source\":{\"name\":\"\"},\"summary\":\"POSIX-compliant shell\"},{\"name\":\"debconf\",\"version\":\"1.5.66ubuntu1\",\"arch\":\"all\",\"source\":{\"name\":\"\"},\"summary\":\"Debian configuration management system\"},{\"name\":\"debianutils\",\"version\":\"4.8.4\",\"arch\":\"amd64\",\"source\":{\"name\":\"\"},\"summary\":\"Miscellaneous utilities specific to Debian\"},{\"name\":\"diffutils\",\"version\":\"1:3.6-1\",\"arch\":\"amd64\",\"source\":{\"name\":\"\"},\"summary\":\"File comparison utilities\"},{\"name\":\"dpkg\",\"version\":\"1.19.0.5ubuntu2.4\",\"arch\":\"amd64\",\"source\":{\"name\":\"\"},\"summary\":\"Debian package management system\"},{\"name\":\"e2fsprogs\",\"version\":\"1.44.1-1ubuntu1.4\",\"arch\":\"amd64\",\"source\":{\"name\":\"\"},\"summary\":\"ext2/ext3/ext4 file system utilities\"},{\"name\":\"fdisk\",\"version\":\"2.31.1-0.4ubuntu3.7\",\"arch\":\"amd64\",\"source\":{\"name\":\"util-linux\"},\"summary\":\"collection of partitioning utilities\"},{\"name\":\"findutils\",\"version\":\"4.6.0+git+20170828-2\",\"arch\":\"amd64\",\"source\":{\"name\":\"\"},\"summary\":\"utilities for finding files--find, xargs\"},{\"name\":\"gcc-8-base\",\"version\":\"8.4.0-1ubuntu1~18.04\",\"arch\":\"amd64\",\"source\":{\"name\":\"gcc-8\"},\"summary\":\"GCC, the GNU Compiler Collection (base package)\"},{\"name\":\"gpgv\",\"version\":\"2.2.4-1ubuntu1.6\",\"arch\":\"amd64\",\"source\":{\"name\":\"gnupg2\"},\"summary\":\"GNU privacy guard - signature verification tool\"},{\"name\":\"grep\",\"version\":\"3.1-2build1\",\"arch\":\"amd64\",\"source\":{\"name\":\"\"},\"summary\":\"GNU grep, egrep and fgrep\"},{\"name\":\"gzip\",\"version\":\"1.6-5ubuntu1.2\",\"arch\":\"amd64\",\"source\":{\"name\":\"\"},\"summary\":\"GNU compression utilities\"},{\"name\":\"hostname\",\"version\":\"3.20\",\"arch\":\"amd64\",\"source\":{\"name\":\"\"},\"summary\":\"utility to set/show the host name or domain name\"},{\"name\":\"init-system-helpers\",\"version\":\"1.51\",\"arch\":\"all\",\"source\":{\"name\":\"\"},\"summary\":\"helper tools for all init systems\"},{\"name\":\"libacl1\",\"version\":\"2.2.52-3build1\",\"arch\":\"amd64\",\"source\":{\"name\":\"
18:30:10.448 [Test worker] DEBUG com.github.dockerjava.zerodep.shaded.org.apache.hc.client5.http.wire - http-outgoing-0 << ""acl\"},\"summary\":\"Access control list shared library\"},{\"name\":\"libapt-pkg5.0\",\"version\":\"1.6.14\",\"arch\":\"amd64\",\"source\":{\"name\":\"apt\"},\"summary\":\"package management runtime library\"},{\"name\":\"libattr1\",\"version\":\"1:2.4.47-2build1\",\"arch\":\"amd64\",\"source\":{\"name\":\"attr\"},\"summary\":\"Extended attribute shared library\"},{\"name\":\"libaudit-common\",\"version\":\"1:2.8.2-1ubuntu1.1\",\"arch\":\"all\",\"source\":{\"name\":\"audit\"},\"summary\":\"Dynamic library for security auditing - common files\"},{\"name\":\"libaudit1\",\"version\":\"1:2.8.2-1ubuntu1.1\",\"arch\":\"amd64\",\"source\":{\"name\":\"audit\"},\"summary\":\"Dynamic library for security auditing\"},{\"name\":\"libblkid1\",\"version\":\"2.31.1-0.4ubuntu3.7\",\"arch\":\"amd64\",\"source\":{\"name\":\"util-linux\"},\"summary\":\"block device ID library\"},{\"name\":\"libbz2-1.0\",\"version\":\"1.0.6-8.1ubuntu0.2\",\"arch\":\"amd64\",\"source\":{\"name\":\"bzip2\"},\"summary\":\"high-quality block-sorting file compressor library - runtime\"},{\"name\":\"libc-bin\",\"version\":\"2.27-3ubuntu1.6\",\"arch\":\"amd64\",\"source\":{\"name\":\"glibc\"},\"summary\":\"GNU C Library: Binaries\"},{\"name\":\"libc6\",\"version\":\"2.27-3ubuntu1.6\",\"arch\":\"amd64\",\"source\":{\"name\":\"glibc\"},\"summary\":\"GNU C Library: Shared libraries\"},{\"name\":\"libcap-ng0\",\"version\":\"0.7.7-3.1\",\"arch\":\"amd64\",\"source\":{\"name\":\"libcap-ng\"},\"summary\":\"An alternate POSIX capabilities library\"},{\"name\":\"libcom-err2\",\"version\":\"1.44.1-1ubuntu1.4\",\"arch\":\"amd64\",\"source\":{\"name\":\"e2fsprogs\"},\"summary\":\"common error description library\"},{\"name\":\"libdb5.3\",\"version\":\"5.3.28-13.1ubuntu1.1\",\"arch\":\"amd64\",\"source\":{\"name\":\"db5.3\"},\"summary\":\"Berkeley v5.3 Database Libraries [runtime]\"},{\"name\":\"libdebconfclient0\",\"version\":\"0.213ubuntu1\",\"arch\":\"amd64\",\"source\":{\"name\":\"cdebconf\"},\"summary\":\"Debian Configuration Management System (C-implementation library)\"},{\"name\":\"libexpat1\",\"version\":\"2.2.5-3ubuntu0.7\",\"arch\":\"amd64\",\"source\":{\"name\":\"expat\"},\"summary\":\"XML parsing C library - runtime library\"},{\"name\":\"libext2fs2\",\"version\":\"1.44.1-1ubuntu1.4\",\"arch\":\"amd64\",\"source\":{\"name\":\"e2fsprogs\"},\"summary\":\"ext2/ext3/ext4 file system libraries\"},{\"name\":\"libfdisk1\",\"version\":\"2.31.1-0.4ubuntu3.7\",\"arch\":\"amd64\",\"source\":{\"name\":\"util-linux\"},\"summary\":\"fdisk partitioning library\"},{\"name\":\"libffi6\",\"version\":\"3.2.1-8\",\"arch\":\"amd64\",\"source\":{\"name\":\"libffi\"},\"summary\":\"Foreign Function Interface library runtime\"},{\"name\":\"libgcc1\",\"version\":\"1:8.4.0-1ubuntu1~18.04\",\"arch\":\"amd64\",\"source\":{\"name\":\"gcc-8\",\"version\":\"8.4.0-1ubuntu1~18.04\",\"upstreamVersion\":\"8.4.0\"},\"summary\":\"GCC support library\"},{\"name\":\"libgcrypt20\",\"version\":\"1.8.1-4ubuntu1.3\",\"arch\":\"amd64\",\"source\":{\"name\":\"\"},\"summary\":\"LGPL Crypto library - runtime library\"},{\"name\":\"libgmp10\",\"version\":\"2:6.1.2+dfsg-2\",\"arch\":\"amd64\",\"source\":{\"name\":\"gmp\"},\"summary\":\"Multiprecision arithmetic library\"},{\"name\":\"libgnutls30\",\"version\":\"3.5.18-1ubuntu1.6\",\"arch\":\"amd64\",\"source\":{\"name\":\"gnutls28\"},\"summary\":\"GNU TLS library - main runtime library\"},{\"name\":\"libgpg-error0\",\"version\":\"1.27-6\",\"arch\":\"amd64\",\"source\":{\"name\":\"libgpg-error\"},\"summary\":\"library for common error values and messages in GnuPG components\"},{\"name\":\"libhogweed4\",\"version\":\"3.4.1-0ubuntu0.18.04.1\",\"arch\":\"amd64\",\"source\":{\"name\":\"nettle\"},\"summary\":\"low level cryptographic library (public-key cryptos)\"},{\"name\":\"libidn2-0\",\"version\":\"2.0.4-1.1ubuntu0.2\",\"arch\":\"amd64\",\"source\":{\"name\":\"libidn2\"},\"summary\":\"Internationalized domain names (IDNA2008/TR46) library\"},{\"name\":\"liblz4-1\",\"version\":\"0.0~r131-2ubuntu3.1\",\"arch\":\"amd64\",\"source\":{\"name\":\"lz4\"},\"summary\":\"Fast LZ compression algorithm library - runtime\"},{\"name\":\"liblzma5\",\"version\":\"5.2.2-1.3ubuntu0.1\",\"arch\":\"amd64\",\"source\":{\"name\":\"xz-utils\"},\"summary\":\"XZ-format compression library\"},{\"name\":\"libmount1\",\"version\":\"2.31.1-0.4ubuntu3.7\",\"arch\":\"amd64\",\"source\":{\"name\":\"util-linux\"},\"summary\":\"device mounting library\"},{\"name\":\"libncurses5\",\"version\":\"6.1-1ubuntu1.18.04\",\"arch\":\"amd64\",\"source\":{\"name\":\"ncurses\"},\"summary\":\"shared libraries for terminal handling\"},{\"name\":\"libncursesw5\",\"version\":\"6.1-1ubuntu1.18.04\",\"arch\":\"amd64\",\"source\":{\"name\":\"ncurses\"},\"summary\":\"shared libraries for terminal handling (wide character support)\"},{\"name\":\"libnettle6\",\"version\":\"3.4.1-0ubuntu0.18.04.1\",\"arch\":\"amd64\",\"source\":{\"name\":\"nettle\"},\"summary\":\"low level cryptographic library (symmetric and one-way cryptos)\"},{\"name\":\"libp11-kit0\",\"version\":\"0.23.9-2ubuntu0.1\",\"arch\":\"amd64\",\"source\":{\"name\":\"p11-kit\"},\"summary\":\"library for loading and coordinating access to PKCS#11 modules - runtime\"},{\"name\":\"libpam-modules\",\"version\":\"1.1.8-3.6ubuntu2.18.04.3\",\"arch\":\"amd64\",\"source\":{\"name\":\"pam\"},\"summary\":\"Pluggable Authentication Modules for PAM\"},{\"name\":\"libpam-modules-bin\",\"version\":\"1.1.8-3.6ubuntu2.18.04.3\",\"arch\":\"amd64\",\"source\":{\"name\":\"pam\"},\"summary\":\"Pluggable Authentication Modules for PAM - helper binaries\"},{\"name\":\"libpam-runtime\",\"version\":\"1.1.8-3.6ubuntu2.18.04.3\",\"arch\":\"all\",\"source\":{\"name\":\"pam\"},\"summary\":\"Runtime support for the PAM library\"},{\"name\":\"libpam0g\",\"version\":\"1.1.8-3.6ubuntu2.18.04.3\",\"arch\":\"amd64\",\"source\":{\"name\":\"pam\"},\"summary\":\"Pluggable Authentication Modules library\"},{\"name\":\"libpcre3\",\"version\":\"2:8.39-9ubuntu0.1\",\"arch\":\"amd64\",\"source\":{\"name\":\"pcre3\"},\"summary\":\"Old Perl 5 Compatible Regular Expression Library - runtime files\"},{\"name\":\"libprocps6\",\"version\":\"2:3.3.12-3ubuntu1.2\",\"arch\":\"amd64\",\"source\":{\"name\":\"procps\"},\"summary\":\"library for accessing process information from /proc\"},{\"name\":\"libseccomp2\",\"version\":\"2.5.1-1ubuntu1~18.04.2\",\"arch\":\"amd64\",\"source\":{\"name\":\"libseccomp\"},\"summary\":\"high level interface to Linux seccomp filter\"},{\"name\":\"libselinux1\",\"version\":\"2.7-2build2\",\"arch\":\"amd64\",\"source\":{\"name\":\"libselinux\"},\"summary\":\"SELinux runtime shared libraries\"},{\"name\":\"libsemanage-common\",\"version\":\"2.7-2build2\",\"arch\":\"all\",\"source\":{\"name\":\"libsemanage\"},\"summary\":\"Common files for SELinux policy management libraries\"},{\"name\":\"libsemanage1\",\"version\":\"2.7-2build2\",\"arch\":\"amd64\",\"source\":{\"name\":\"libsemanage\"},\"summary\":\"SELinux policy management library\"},{\"name\":\"libsepol1\",\"version\":\"2.7-1ubuntu0.1\",\"arch\":\"amd64\",\"source\":{\"name\":\"libsepol\"},\"summary\":\"SELinux library for manipulating binary security policies\"},{\"name\":\"libsmartcols1\",\"version\":\"2.31.1-0.4ubuntu3.7\",\"arch\":\"amd64\",\"source\":{\"name\":\"util-linux\"},\"summary\":\"smart column output alignment library\"},{\"name\":\"libss2\",\"version\":\"1.44.1-1ubuntu1.4\",\"arch\":\"amd64\",\"source\":{\"name\":\"e2fsprogs\"},\"summary\":\"command-line interface parsing library\"},{\"name\":\"libssl1.1\",\"version\":\"1.1.1-1ubuntu2.1~18.04.20\",\"arch\":\"amd64\",\"source\":{\"name\":\"openssl\"},\"summary\":\"Secure Sockets Layer toolkit - shared libraries\"},{\"name\":\"libstdc++6\",\"version\":\"8.4.0-1ubuntu1~18.04\",\"arch\":\"amd64\",\"source\":{\"name\":\"gcc-8\"},\"summary\":\"GNU Standard C++ Library v3\"},{\"name\":\"libsystemd0\",\"version\":\"237-3ubuntu10.53\",\"arch\":\"amd64\",\"source\":{\"name\":\"systemd\"},\"summary\""
18:30:10.450 [Test worker] DEBUG com.github.dockerjava.zerodep.shaded.org.apache.hc.client5.http.wire - http-outgoing-0 << ":\"systemd utility library\"},{\"name\":\"libtasn1-6\",\"version\":\"4.13-2\",\"arch\":\"amd64\",\"source\":{\"name\":\"\"},\"summary\":\"Manage ASN.1 structures (runtime)\"},{\"name\":\"libtinfo5\",\"version\":\"6.1-1ubuntu1.18.04\",\"arch\":\"amd64\",\"source\":{\"name\":\"ncurses\"},\"summary\":\"shared low-level terminfo library for terminal handling\"},{\"name\":\"libudev1\",\"version\":\"237-3ubuntu10.53\",\"arch\":\"amd64\",\"source\":{\"name\":\"systemd\"},\"summary\":\"libudev shared library\"},{\"name\":\"libunistring2\",\"version\":\"0.9.9-0ubuntu2\",\"arch\":\"amd64\",\"source\":{\"name\":\"libunistring\"},\"summary\":\"Unicode string library for C\"},{\"name\":\"libuuid1\",\"version\":\"2.31.1-0.4ubuntu3.7\",\"arch\":\"amd64\",\"source\":{\"name\":\"util-linux\"},\"summary\":\"Universally Unique ID library\"},{\"name\":\"libyaml-0-2\",\"version\":\"0.1.7-2ubuntu3\",\"arch\":\"amd64\",\"source\":{\"name\":\"libyaml\"},\"summary\":\"Fast YAML 1.1 parser and emitter library\"},{\"name\":\"libzstd1\",\"version\":\"1.3.3+dfsg-2ubuntu1.2\",\"arch\":\"amd64\",\"source\":{\"name\":\"libzstd\"},\"summary\":\"fast lossless compression algorithm\"},{\"name\":\"locales\",\"version\":\"2.27-3ubuntu1.6\",\"arch\":\"all\",\"source\":{\"name\":\"glibc\"},\"summary\":\"GNU C Library: National Language (locale) data [support]\"},{\"name\":\"login\",\"version\":\"1:4.5-1ubuntu2.3\",\"arch\":\"amd64\",\"source\":{\"name\":\"shadow\"},\"summary\":\"system login tools\"},{\"name\":\"lsb-base\",\"version\":\"9.20170808ubuntu1\",\"arch\":\"all\",\"source\":{\"name\":\"lsb\"},\"summary\":\"Linux Standard Base init script functionality\"},{\"name\":\"mawk\",\"version\":\"1.3.3-17ubuntu3\",\"arch\":\"amd64\",\"source\":{\"name\":\"\"},\"summary\":\"a pattern scanning and text processing language\"},{\"name\":\"mount\",\"version\":\"2.31.1-0.4ubuntu3.7\",\"arch\":\"amd64\",\"source\":{\"name\":\"util-linux\"},\"summary\":\"tools for mounting and manipulating filesystems\"},{\"name\":\"ncurses-base\",\"version\":\"6.1-1ubuntu1.18.04\",\"arch\":\"all\",\"source\":{\"name\":\"ncurses\"},\"summary\":\"basic terminal type definitions\"},{\"name\":\"ncurses-bin\",\"version\":\"6.1-1ubuntu1.18.04\",\"arch\":\"amd64\",\"source\":{\"name\":\"ncurses\"},\"summary\":\"terminal-related programs and man pages\"},{\"name\":\"netbase\",\"version\":\"5.4\",\"arch\":\"all\",\"source\":{\"name\":\"\"},\"summary\":\"Basic TCP/IP networking system\"},{\"name\":\"openssl\",\"version\":\"1.1.1-1ubuntu2.1~18.04.20\",\"arch\":\"amd64\",\"source\":{\"name\":\"\"},\"summary\":\"Secure Sockets Layer toolkit - cryptographic utility\"},{\"name\":\"passwd\",\"version\":\"1:4.5-1ubuntu2.3\",\"arch\":\"amd64\",\"source\":{\"name\":\"shadow\"},\"summary\":\"change and administer password and group data\"},{\"name\":\"perl-base\",\"version\":\"5.26.1-6ubuntu0.5\",\"arch\":\"amd64\",\"source\":{\"name\":\"perl\"},\"summary\":\"minimal Perl system\"},{\"name\":\"procps\",\"version\":\"2:3.3.12-3ubuntu1.2\",\"arch\":\"amd64\",\"source\":{\"name\":\"\"},\"summary\":\"/proc file system utilities\"},{\"name\":\"sed\",\"version\":\"4.4-2\",\"arch\":\"amd64\",\"source\":{\"name\":\"\"},\"summary\":\"GNU stream editor for filtering/transforming text\"},{\"name\":\"sensible-utils\",\"version\":\"0.0.12\",\"arch\":\"all\",\"source\":{\"name\":\"\"},\"summary\":\"Utilities for sensible alternative selection\"},{\"name\":\"sysvinit-utils\",\"version\":\"2.88dsf-59.10ubuntu1\",\"arch\":\"amd64\",\"source\":{\"name\":\"sysvinit\"},\"summary\":\"System-V-like utilities\"},{\"name\":\"tar\",\"version\":\"1.29b-2ubuntu0.3\",\"arch\":\"amd64\",\"source\":{\"name\":\"\"},\"summary\":\"GNU version of the tar archiving utility\"},{\"name\":\"tzdata\",\"version\":\"2022a-0ubuntu0.18.04\",\"arch\":\"all\",\"source\":{\"name\":\"\"},\"summary\":\"time zone and daylight-saving time data\"},{\"name\":\"ubuntu-keyring\",\"version\":\"2018.09.18.1~18.04.2\",\"arch\":\"all\",\"source\":{\"name\":\"\"},\"summary\":\"GnuPG keys of the Ubuntu archive\"},{\"name\":\"util-linux\",\"version\":\"2.31.1-0.4ubuntu3.7\",\"arch\":\"amd64\",\"source\":{\"name\":\"\"},\"summary\":\"miscellaneous system utilities\"},{\"name\":\"zlib1g\",\"version\":\"1:1.2.11.dfsg-0ubuntu2.1\",\"arch\":\"amd64\",\"source\":{\"name\":\"zlib\"},\"summary\":\"compression library - runtime\"}]","org.opencontainers.image.title":"twitter-to-kafka-service","org.opencontainers.image.version":"0.0.1-SNAPSHOT","org.springframework.boot.version":"2.7.2"},"ParentId":"","RepoDigests":["<none>@<none>"],"RepoTags":["<none>:<none>"],"SharedSize":-1,"Size":289318508,"VirtualSize":289318508},{"Containers":-1,"Created":315532801,"Id":"sha256:b4505829bbddb4c3e1d4058935024d54422a5c3a32a08e0e377c0e2cd9e0126d","Labels":{"io.buildpacks.build.metadata":"{\"buildpacks\":[{\"homepage\":\"https://github.com/paketo-buildpacks/ca-certificates\",\"id\":\"paketo-buildpacks/ca-certificates\",\"version\":\"3.2.5\"},{\"homepage\":\"https://github.com/paketo-buildpacks/bellsoft-liberica\",\"id\":\"paketo-buildpacks/bellsoft-liberica\",\"version\":\"9.4.1\"},{\"homepage\":\"https://github.com/paketo-buildpacks/syft\",\"id\":\"paketo-buildpacks/syft\",\"version\":\"1.16.0\"},{\"homepage\":\"https://github.com/paketo-buildpacks/executable-jar\",\"id\":\"paketo-buildpacks/executable-jar\",\"version\":\"6.2.5\"},{\"homepage\":\"https://github.com/paketo-buildpacks/dist-zip\",\"id\":\"paketo-buildpacks/dist-zip\",\"version\":\"5.2.5\"},{\"homepage\":\"https://github.com/paketo-buildpacks/spring-boot\",\"id\":\"paketo-buildpacks/spring-boot\",\"version\":\"5.15.0\"}],\"launcher\":{\"version\":\"0.14.1\",\"source\":{\"git\":{\"repository\":\"github.com/buildpacks/lifecycle\",\"commit\":\"b5f8bad1\"}}},\"processes\":[{\"type\":\"executable-jar\",\"command\":\"java\",\"args\":[\"org.springframework.boot.loader.JarLauncher\"],\"direct\":true,\"buildpackID\":\"paketo-buildpacks/executable-jar\"},{\"type\":\"task\",\"command\":\"java\",\"args\":[\"org.springframework.boot.loader.JarLauncher\"],\"direct\":true,\"buildpackID\":\"paketo-buildpacks/executable-jar\"},{\"type\":\"web\",\"command\":\"java\",\"args\":[\"org.springframework.boot.loader.JarLauncher\"],\"direct\":true,\"buildpackID\":\"paketo-buildpacks/executable-jar\"}],\"buildpack-default-process-type\":\"web\"}","io.buildpacks.lifecycle.metadata":"{\"app\":[{\"sha\":\"sha256:0500e9597e37b19bc6da2a300a7bfdcf071e85b5c9a4b749224076a74d82d86e\"},{\"sha\":\"sha256:dc69cb1ca1ef2ea80a309ae7a1d8bb4d548b54718e5ee19cc34ed3b73fbfbf38\"},{\"sha\":\"sha256:5f70bf18a086007016e948b04aed3b82103a36bea41755b6cddfaf10ace3c6ef\"},{\"sha\":\"sha256:856705ba4afaff0c11053ba672b463076cd79069cf205faf8023291e381c4fe7\"},{\"sha\":\"sha256:ed9ddd1e522a862fae8c89b447a730908ffe3474b8512eb70c1234445546f9be\"}],\"sbom\":{\"sha\":\"sha256:d11cacebd908f1cbca151c0859d640fc9c8858385227ae84878998770f1165c0\"},\"buildpacks\":[{\"key\":\"paketo-buildpacks/ca-certificates\",\"version\":\"3.2.5\",\"layers\":{\"helper\":{\"sha\":\"sha256:8f76f38ebfc8bc64d25e5b93f76258ff05581e53987d62e4eec686bd95ac4e6d\",\"data\":{\"clear-env\":false,\"description\":\"A Cloud Native Buildpack that adds custom CA certificates to a build and a created image\",\"homepage\":\"https://github.com/paketo-buildpacks/ca-certificates\",\"id\":\"paketo-buildpacks/ca-certificates\",\"keywords\":[\"ca-certificates\",\"trust\",\"certificates\"],\"licenses\":[{\"type\":\"Apache-2.0\",\"uri\":\"https://github.com/paketo-buildpacks/ca-certificates/blob/main/LICENSE\"}],\"name\":\"Paketo CA Certificates Buildpack\",\"sbom-formats\":[\"application/vnd.cyclonedx+json\",\"application/vnd.syft+json\"],\"version\":\"3.2.5\"},\"build\":false,\"launch\":true,\"cache\":false}}},{\"key\":\"paketo-buildpacks/bellsoft-liberica\",\"version\":\"9.4.1\",\"layers\":{\"helper\":{\"sha\":\"sha256:2d7b464b248255cf6bee0d55e6acc3ff22db466bcc54f810ee8a964090d48715\",\"data\":{\"clear-env\":false,\"description\":\"A Cloud Native Buildpack tha"
18:30:10.462 [Test worker] DEBUG com.github.dockerjava.zerodep.shaded.org.apache.hc.client5.http.wire - http-outgoing-0 << "t provides the Bellsoft Liberica implementations of JREs and JDKs\",\"homepage\":\"https://github.com/paketo-buildpacks/bellsoft-liberica\",\"id\":\"paketo-buildpacks/bellsoft-liberica\",\"keywords\":[\"java\",\"jvm\",\"jre\",\"jdk\"],\"licenses\":[{\"type\":\"Apache-2.0\",\"uri\":\"https://github.com/paketo-buildpacks/bellsoft-liberica/blob/main/LICENSE\"}],\"name\":\"Paketo BellSoft Liberica Buildpack\",\"sbom-formats\":[\"application/vnd.syft+json\",\"application/vnd.cyclonedx+json\"],\"version\":\"9.4.1\"},\"build\":false,\"launch\":true,\"cache\":false},\"java-security-properties\":{\"sha\":\"sha256:ec0381c8f32136ad9564b114b2271d1181e0c181957acb6707e6ff4713a7a89d\",\"data\":{\"clear-env\":false,\"description\":\"A Cloud Native Buildpack that provides the Bellsoft Liberica implementations of JREs and JDKs\",\"homepage\":\"https://github.com/paketo-buildpacks/bellsoft-liberica\",\"id\":\"paketo-buildpacks/bellsoft-liberica\",\"keywords\":[\"java\",\"jvm\",\"jre\",\"jdk\"],\"licenses\":[{\"type\":\"Apache-2.0\",\"uri\":\"https://github.com/paketo-buildpacks/bellsoft-liberica/blob/main/LICENSE\"}],\"name\":\"Paketo BellSoft Liberica Buildpack\",\"sbom-formats\":[\"application/vnd.syft+json\",\"application/vnd.cyclonedx+json\"],\"version\":\"9.4.1\"},\"build\":false,\"launch\":true,\"cache\":false},\"jre\":{\"sha\":\"sha256:ddacf05f5e5524f2484e8800306df2b12cebb253da6584f9bd8ecf2dd4317cd4\",\"data\":{\"cert-file\":\"5e248aabe6ceaf3ead19ab7743bd52c9572faf6b1f2723aee062a977e0171864\",\"dependency\":{\"cpes\":[\"cpe:2.3:a:oracle:jre:11.0.16:*:*:*:*:*:*:*\"],\"id\":\"jre\",\"licenses\":[{\"type\":\"GPL-2.0 WITH Classpath-exception-2.0\",\"uri\":\"https://openjdk.java.net/legal/gplv2+ce.html\"}],\"name\":\"BellSoft Liberica JRE\",\"purl\":\"pkg:generic/bellsoft-jre@11.0.16?arch=amd64\",\"sha256\":\"d9e9ba6e872c2d7073e69407196be29db27d4fcd22de6ca7dde40840b934c286\",\"stacks\":[\"io.buildpacks.stacks.bionic\",\"io.paketo.stacks.tiny\",\"*\"],\"uri\":\"https://github.com/bell-sw/Liberica/releases/download/11.0.16+8/bellsoft-jre11.0.16+8-linux-amd64.tar.gz\",\"version\":\"11.0.16\"}},\"build\":false,\"launch\":true,\"cache\":false}}},{\"key\":\"paketo-buildpacks/syft\",\"version\":\"1.16.0\",\"layers\":{}},{\"key\":\"paketo-buildpacks/executable-jar\",\"version\":\"6.2.5\",\"layers\":{\"classpath\":{\"sha\":\"sha256:7fbc97c38fad01ae2b8189c8d9a0a0149932192accc4ad253b0f8186d0793e9a\",\"data\":{\"classpath\":[\"/workspace\"],\"launch\":true},\"build\":true,\"launch\":true,\"cache\":false}}},{\"key\":\"paketo-buildpacks/dist-zip\",\"version\":\"5.2.5\",\"layers\":{}},{\"key\":\"paketo-buildpacks/spring-boot\",\"version\":\"5.15.0\",\"layers\":{\"helper\":{\"sha\":\"sha256:e3432ede41fb4435c36fe916151b6a8b23612086c5be6f87b0f2ec8311ae2fb2\",\"data\":{\"clear-env\":false,\"description\":\"A Cloud Native Buildpack that contributes Spring Boot dependency information and slices an application into multiple layers\",\"homepage\":\"https://github.com/paketo-buildpacks/spring-boot\",\"id\":\"paketo-buildpacks/spring-boot\",\"keywords\":[\"java\",\"spring\",\"spring-boot\"],\"licenses\":[{\"type\":\"Apache-2.0\",\"uri\":\"https://github.com/paketo-buildpacks/spring-boot/blob/main/LICENSE\"}],\"name\":\"Paketo Spring Boot Buildpack\",\"sbom-formats\":[\"application/vnd.cyclonedx+json\",\"application/vnd.syft+json\"],\"version\":\"5.15.0\"},\"build\":false,\"launch\":true,\"cache\":false},\"spring-cloud-bindings\":{\"sha\":\"sha256:33df858545b5408f86e2adc84c9d6696fd3f3ab16065d01a9c3e3366de12a462\",\"data\":{\"cpes\":[\"cpe:2.3:a:vmware:spring_cloud_bindings:1.10.0:*:*:*:*:*:*:*\"],\"id\":\"spring-cloud-bindings\",\"licenses\":[{\"type\":\"Apache-2.0\",\"uri\":\"https://github.com/spring-cloud/spring-cloud-bindings/blob/main/LICENSE\"}],\"name\":\"Spring Cloud Bindings\",\"purl\":\"pkg:generic/springframework/spring-cloud-bindings@1.10.0\",\"sha256\":\"1f5b781f8bd0d6b85ab2462e4b98d36782a2227fef5b168db174b3959a0ebebe\",\"stacks\":[\"io.buildpacks.stacks.bionic\",\"io.paketo.stacks.tiny\",\"*\"],\"uri\":\"https://repo.spring.io/release/org/springframework/cloud/spring-cloud-bindings/1.10.0/spring-cloud-bindings-1.10.0.jar\",\"version\":\"1.10.0\"},\"build\":false,\"launch\":true,\"cache\":false},\"web-application-type\":{\"sha\":\"sha256:fcc507beb4ccdbc112909bcf999e90802212e4fc86afa20617a863e89081a6da\",\"data\":{\"files\":\"ec0b3ec706b5e64a9475b7d38671c7a83ad958a3a56735ec93c46653d4a5b70e\"},\"build\":false,\"launch\":true,\"cache\":false}}}],\"config\":{\"sha\":\"sha256:92d7b61e6811d5c20585041c3d80404a07cb517c3b645b96b711fea36a24876a\"},\"launcher\":{\"sha\":\"sha256:9497805c7bd5df192c4ccf7cf9c4496963c1c008141fe134765e23a3800fa4cf\"},\"process-types\":{\"sha\":\"sha256:1dc94a70dbaa2171fb086500a5d27797f779219b126b0a1eebb9180c2792e80e\"},\"runImage\":{\"topLayer\":\"sha256:5ad12172a2932929325b6539d0b0bccdaa5a35c7a679117ff61818b3f2d453ed\",\"reference\":\"0439e811fdc65ba1cdf8bb863aeb39bf66d9fad9d4a9faca4b6c0a173c19c566\"},\"stack\":{\"runImage\":{\"image\":\"index.docker.io/paketobuildpacks/run:base-cnb\",\"mirrors\":[\"gcr.io/paketo-buildpacks/run:base-cnb\"]}}}","io.buildpacks.project.metadata":"{}","io.buildpacks.stack.description":"ubuntu:bionic with some common dependencies like tzdata and openssl","io.buildpacks.stack.distro.name":"ubuntu","io.buildpacks.stack.distro.version":"18.04","io.buildpacks.stack.homepage":"https://github.com/paketo-buildpacks/bionic-base-stack","io.buildpacks.stack.id":"io.buildpacks.stacks.bionic","io.buildpacks.stack.maintainer":"Paketo Buildpacks","io.buildpacks.stack.metadata":"{}","io.buildpacks.stack.mixins":"[\"libdb5.3\",\"libuuid1\",\"libapt-pkg5.0\",\"libaudit-common\",\"liblz4-1\",\"libunistring2\",\"libattr1\",\"libgcrypt20\",\"libnettle6\",\"libpam-runtime\",\"fdisk\",\"tar\",\"libcom-err2\",\"locales\",\"openssl\",\"sensible-utils\",\"libblkid1\",\"libhogweed4\",\"libsemanage-common\",\"zlib1g\",\"passwd\",\"tzdata\",\"bash\",\"hostname\",\"libcap-ng0\",\"libssl1.1\",\"base-passwd\",\"gzip\",\"libtasn1-6\",\"netbase\",\"sysvinit-utils\",\"libext2fs2\",\"libgpg-error0\",\"libmount1\",\"adduser\",\"libexpat1\",\"util-linux\",\"libc6\",\"libdebconfclient0\",\"libfdisk1\",\"procps\",\"gcc-8-base\",\"libsystemd0\",\"login\",\"ncurses-base\",\"apt\",\"libprocps6\",\"ca-certificates\",\"grep\",\"libidn2-0\",\"libyaml-0-2\",\"sed\",\"ubuntu-keyring\",\"diffutils\",\"bzip2\",\"libffi6\",\"libncursesw5\",\"libpcre3\",\"libgnutls30\",\"gpgv\",\"libaudit1\",\"libbz2-1.0\",\"libpam-modules\",\"libseccomp2\",\"debconf\",\"libncurses5\",\"libacl1\",\"libpam-modules-bin\",\"libstdc++6\",\"findutils\",\"init-system-helpers\",\"libsmartcols1\",\"libtinfo5\",\"libzstd1\",\"bsdutils\",\"dash\",\"debianutils\",\"lsb-base\",\"ncurses-bin\",\"libp11-kit0\",\"perl-base\",\"dpkg\",\"liblzma5\",\"base-files\",\"e2fsprogs\",\"libsemanage1\",\"libudev1\",\"mawk\",\"coreutils\",\"libc-bin\",\"libgcc1\",\"libgmp10\",\"libss2\",\"libpam0g\",\"libselinux1\",\"libsepol1\",\"mount\"]","io.buildpacks.stack.released":"2022-08-10T14:27:21Z","io.paketo.stack.packages":"[{\"name\":\"adduser\",\"version\":\"3.116ubuntu1\",\"arch\":\"all\",\"source\":{\"name\":\"\"},\"summary\":\"add and remove users and groups\"},{\"name\":\"apt\",\"version\":\"1.6.14\",\"arch\":\"amd64\",\"source\":{\"name\":\"\"},\"summary\":\"commandline package manager\"},{\"name\":\"base-files\",\"version\":\"10.1ubuntu2.11\",\"arch\":\"amd64\",\"source\":{\"name\":\"\"},\"summary\":\"Debian base system miscellaneous files\"},{\"name\":\"base-passwd\",\"version\":\"3.5.44\",\"arch\":\"amd64\",\"source\":{\"name\":\"\"},\"summary\":\"Debian base system master password and group files\"},{\"name\":\"bash\",\"version\":\"4.4.18-2ubuntu1.3\",\"arch\":\"amd64\",\"source\":{\"name\":\"\"},\"summary\":\"GNU Bourne Again SHell\"},{\"name\":\"bsdutils\",\"version\":\"1:2.31.1-0.4ubuntu3.7\",\"arch\":\"amd64\",\"source\":{\"name\":\"util-linux\",\"version\":\"2.31.1-0.4ubuntu3.7\",\"upstreamVersion\":\"2.31.1\"}"
18:30:10.465 [Test worker] DEBUG com.github.dockerjava.zerodep.shaded.org.apache.hc.client5.http.wire - http-outgoing-0 << ",\"summary\":\"basic utilities from 4.4BSD-Lite\"},{\"name\":\"bzip2\",\"version\":\"1.0.6-8.1ubuntu0.2\",\"arch\":\"amd64\",\"source\":{\"name\":\"\"},\"summary\":\"high-quality block-sorting file compressor - utilities\"},{\"name\":\"ca-certificates\",\"version\":\"20211016~18.04.1\",\"arch\":\"all\",\"source\":{\"name\":\"\"},\"summary\":\"Common CA certificates\"},{\"name\":\"coreutils\",\"version\":\"8.28-1ubuntu1\",\"arch\":\"amd64\",\"source\":{\"name\":\"\"},\"summary\":\"GNU core utilities\"},{\"name\":\"dash\",\"version\":\"0.5.8-2.10\",\"arch\":\"amd64\",\"source\":{\"name\":\"\"},\"summary\":\"POSIX-compliant shell\"},{\"name\":\"debconf\",\"version\":\"1.5.66ubuntu1\",\"arch\":\"all\",\"source\":{\"name\":\"\"},\"summary\":\"Debian configuration management system\"},{\"name\":\"debianutils\",\"version\":\"4.8.4\",\"arch\":\"amd64\",\"source\":{\"name\":\"\"},\"summary\":\"Miscellaneous utilities specific to Debian\"},{\"name\":\"diffutils\",\"version\":\"1:3.6-1\",\"arch\":\"amd64\",\"source\":{\"name\":\"\"},\"summary\":\"File comparison utilities\"},{\"name\":\"dpkg\",\"version\":\"1.19.0.5ubuntu2.4\",\"arch\":\"amd64\",\"source\":{\"name\":\"\"},\"summary\":\"Debian package management system\"},{\"name\":\"e2fsprogs\",\"version\":\"1.44.1-1ubuntu1.4\",\"arch\":\"amd64\",\"source\":{\"name\":\"\"},\"summary\":\"ext2/ext3/ext4 file system utilities\"},{\"name\":\"fdisk\",\"version\":\"2.31.1-0.4ubuntu3.7\",\"arch\":\"amd64\",\"source\":{\"name\":\"util-linux\"},\"summary\":\"collection of partitioning utilities\"},{\"name\":\"findutils\",\"version\":\"4.6.0+git+20170828-2\",\"arch\":\"amd64\",\"source\":{\"name\":\"\"},\"summary\":\"utilities for finding files--find, xargs\"},{\"name\":\"gcc-8-base\",\"version\":\"8.4.0-1ubuntu1~18.04\",\"arch\":\"amd64\",\"source\":{\"name\":\"gcc-8\"},\"summary\":\"GCC, the GNU Compiler Collection (base package)\"},{\"name\":\"gpgv\",\"version\":\"2.2.4-1ubuntu1.6\",\"arch\":\"amd64\",\"source\":{\"name\":\"gnupg2\"},\"summary\":\"GNU privacy guard - signature verification tool\"},{\"name\":\"grep\",\"version\":\"3.1-2build1\",\"arch\":\"amd64\",\"source\":{\"name\":\"\"},\"summary\":\"GNU grep, egrep and fgrep\"},{\"name\":\"gzip\",\"version\":\"1.6-5ubuntu1.2\",\"arch\":\"amd64\",\"source\":{\"name\":\"\"},\"summary\":\"GNU compression utilities\"},{\"name\":\"hostname\",\"version\":\"3.20\",\"arch\":\"amd64\",\"source\":{\"name\":\"\"},\"summary\":\"utility to set/show the host name or domain name\"},{\"name\":\"init-system-helpers\",\"version\":\"1.51\",\"arch\":\"all\",\"source\":{\"name\":\"\"},\"summary\":\"helper tools for all init systems\"},{\"name\":\"libacl1\",\"version\":\"2.2.52-3build1\",\"arch\":\"amd64\",\"source\":{\"name\":\"acl\"},\"summary\":\"Access control list shared library\"},{\"name\":\"libapt-pkg5.0\",\"version\":\"1.6.14\",\"arch\":\"amd64\",\"source\":{\"name\":\"apt\"},\"summary\":\"package management runtime library\"},{\"name\":\"libattr1\",\"version\":\"1:2.4.47-2build1\",\"arch\":\"amd64\",\"source\":{\"name\":\"attr\"},\"summary\":\"Extended attribute shared library\"},{\"name\":\"libaudit-common\",\"version\":\"1:2.8.2-1ubuntu1.1\",\"arch\":\"all\",\"source\":{\"name\":\"audit\"},\"summary\":\"Dynamic library for security auditing - common files\"},{\"name\":\"libaudit1\",\"version\":\"1:2.8.2-1ubuntu1.1\",\"arch\":\"amd64\",\"source\":{\"name\":\"audit\"},\"summary\":\"Dynamic library for security auditing\"},{\"name\":\"libblkid1\",\"version\":\"2.31.1-0.4ubuntu3.7\",\"arch\":\"amd64\",\"source\":{\"name\":\"util-linux\"},\"summary\":\"block device ID library\"},{\"name\":\"libbz2-1.0\",\"version\":\"1.0.6-8.1ubuntu0.2\",\"arch\":\"amd64\",\"source\":{\"name\":\"bzip2\"},\"summary\":\"high-quality block-sorting file compressor library - runtime\"},{\"name\":\"libc-bin\",\"version\":\"2.27-3ubuntu1.6\",\"arch\":\"amd64\",\"source\":{\"name\":\"glibc\"},\"summary\":\"GNU C Library: Binaries\"},{\"name\":\"libc6\",\"version\":\"2.27-3ubuntu1.6\",\"arch\":\"amd64\",\"source\":{\"name\":\"glibc\"},\"summary\":\"GNU C Library: Shared libraries\"},{\"name\":\"libcap-ng0\",\"version\":\"0.7.7-3.1\",\"arch\":\"amd64\",\"source\":{\"name\":\"libcap-ng\"},\"summary\":\"An alternate POSIX capabilities library\"},{\"name\":\"libcom-err2\",\"version\":\"1.44.1-1ubuntu1.4\",\"arch\":\"amd64\",\"source\":{\"name\":\"e2fsprogs\"},\"summary\":\"common error description library\"},{\"name\":\"libdb5.3\",\"version\":\"5.3.28-13.1ubuntu1.1\",\"arch\":\"amd64\",\"source\":{\"name\":\"db5.3\"},\"summary\":\"Berkeley v5.3 Database Libraries [runtime]\"},{\"name\":\"libdebconfclient0\",\"version\":\"0.213ubuntu1\",\"arch\":\"amd64\",\"source\":{\"name\":\"cdebconf\"},\"summary\":\"Debian Configuration Management System (C-implementation library)\"},{\"name\":\"libexpat1\",\"version\":\"2.2.5-3ubuntu0.7\",\"arch\":\"amd64\",\"source\":{\"name\":\"expat\"},\"summary\":\"XML parsing C library - runtime library\"},{\"name\":\"libext2fs2\",\"version\":\"1.44.1-1ubuntu1.4\",\"arch\":\"amd64\",\"source\":{\"name\":\"e2fsprogs\"},\"summary\":\"ext2/ext3/ext4 file system libraries\"},{\"name\":\"libfdisk1\",\"version\":\"2.31.1-0.4ubuntu3.7\",\"arch\":\"amd64\",\"source\":{\"name\":\"util-linux\"},\"summary\":\"fdisk partitioning library\"},{\"name\":\"libffi6\",\"version\":\"3.2.1-8\",\"arch\":\"amd64\",\"source\":{\"name\":\"libffi\"},\"summary\":\"Foreign Function Interface library runtime\"},{\"name\":\"libgcc1\",\"version\":\"1:8.4.0-1ubuntu1~18.04\",\"arch\":\"amd64\",\"source\":{\"name\":\"gcc-8\",\"version\":\"8.4.0-1ubuntu1~18.04\",\"upstreamVersion\":\"8.4.0\"},\"summary\":\"GCC support library\"},{\"name\":\"libgcrypt20\",\"version\":\"1.8.1-4ubuntu1.3\",\"arch\":\"amd64\",\"source\":{\"name\":\"\"},\"summary\":\"LGPL Crypto library - runtime library\"},{\"name\":\"libgmp10\",\"version\":\"2:6.1.2+dfsg-2\",\"arch\":\"amd64\",\"source\":{\"name\":\"gmp\"},\"summary\":\"Multiprecision arithmetic library\"},{\"name\":\"libgnutls30\",\"version\":\"3.5.18-1ubuntu1.6\",\"arch\":\"amd64\",\"source\":{\"name\":\"gnutls28\"},\"summary\":\"GNU TLS library - main runtime library\"},{\"name\":\"libgpg-error0\",\"version\":\"1.27-6\",\"arch\":\"amd64\",\"source\":{\"name\":\"libgpg-error\"},\"summary\":\"library for common error values and messages in GnuPG components\"},{\"name\":\"libhogweed4\",\"version\":\"3.4.1-0ubuntu0.18.04.1\",\"arch\":\"amd64\",\"source\":{\"name\":\"nettle\"},\"summary\":\"low level cryptographic library (public-key cryptos)\"},{\"name\":\"libidn2-0\",\"version\":\"2.0.4-1.1ubuntu0.2\",\"arch\":\"amd64\",\"source\":{\"name\":\"libidn2\"},\"summary\":\"Internationalized domain names (IDNA2008/TR46) library\"},{\"name\":\"liblz4-1\",\"version\":\"0.0~r131-2ubuntu3.1\",\"arch\":\"amd64\",\"source\":{\"name\":\"lz4\"},\"summary\":\"Fast LZ compression algorithm library - runtime\"},{\"name\":\"liblzma5\",\"version\":\"5.2.2-1.3ubuntu0.1\",\"arch\":\"amd64\",\"source\":{\"name\":\"xz-utils\"},\"summary\":\"XZ-format compression library\"},{\"name\":\"libmount1\",\"version\":\"2.31.1-0.4ubuntu3.7\",\"arch\":\"amd64\",\"source\":{\"name\":\"util-linux\"},\"summary\":\"device mounting library\"},{\"name\":\"libncurses5\",\"version\":\"6.1-1ubuntu1.18.04\",\"arch\":\"amd64\",\"source\":{\"name\":\"ncurses\"},\"summary\":\"shared libraries for terminal handling\"},{\"name\":\"libncursesw5\",\"version\":\"6.1-1ubuntu1.18.04\",\"arch\":\"amd64\",\"source\":{\"name\":\"ncurses\"},\"summary\":\"shared libraries for terminal handling (wide character support)\"},{\"name\":\"libnettle6\",\"version\":\"3.4.1-0ubuntu0.18.04.1\",\"arch\":\"amd64\",\"source\":{\"name\":\"nettle\"},\"summary\":\"low level cryptographic library (symmetric and one-way cryptos)\"},{\"name\":\"libp11-kit0\",\"version\":\"0.23.9-2ubuntu0.1\",\"arch\":\"amd64\",\"source\":{\"name\":\"p11-kit\"},\"summary\":\"library for loading and coordinating access to PKCS#11 modules - runtime\"},{\"name\":\"libpam-modules\",\""
18:30:10.467 [Test worker] DEBUG com.github.dockerjava.zerodep.shaded.org.apache.hc.client5.http.wire - http-outgoing-0 << "version\":\"1.1.8-3.6ubuntu2.18.04.3\",\"arch\":\"amd64\",\"source\":{\"name\":\"pam\"},\"summary\":\"Pluggable Authentication Modules for PAM\"},{\"name\":\"libpam-modules-bin\",\"version\":\"1.1.8-3.6ubuntu2.18.04.3\",\"arch\":\"amd64\",\"source\":{\"name\":\"pam\"},\"summary\":\"Pluggable Authentication Modules for PAM - helper binaries\"},{\"name\":\"libpam-runtime\",\"version\":\"1.1.8-3.6ubuntu2.18.04.3\",\"arch\":\"all\",\"source\":{\"name\":\"pam\"},\"summary\":\"Runtime support for the PAM library\"},{\"name\":\"libpam0g\",\"version\":\"1.1.8-3.6ubuntu2.18.04.3\",\"arch\":\"amd64\",\"source\":{\"name\":\"pam\"},\"summary\":\"Pluggable Authentication Modules library\"},{\"name\":\"libpcre3\",\"version\":\"2:8.39-9ubuntu0.1\",\"arch\":\"amd64\",\"source\":{\"name\":\"pcre3\"},\"summary\":\"Old Perl 5 Compatible Regular Expression Library - runtime files\"},{\"name\":\"libprocps6\",\"version\":\"2:3.3.12-3ubuntu1.2\",\"arch\":\"amd64\",\"source\":{\"name\":\"procps\"},\"summary\":\"library for accessing process information from /proc\"},{\"name\":\"libseccomp2\",\"version\":\"2.5.1-1ubuntu1~18.04.2\",\"arch\":\"amd64\",\"source\":{\"name\":\"libseccomp\"},\"summary\":\"high level interface to Linux seccomp filter\"},{\"name\":\"libselinux1\",\"version\":\"2.7-2build2\",\"arch\":\"amd64\",\"source\":{\"name\":\"libselinux\"},\"summary\":\"SELinux runtime shared libraries\"},{\"name\":\"libsemanage-common\",\"version\":\"2.7-2build2\",\"arch\":\"all\",\"source\":{\"name\":\"libsemanage\"},\"summary\":\"Common files for SELinux policy management libraries\"},{\"name\":\"libsemanage1\",\"version\":\"2.7-2build2\",\"arch\":\"amd64\",\"source\":{\"name\":\"libsemanage\"},\"summary\":\"SELinux policy management library\"},{\"name\":\"libsepol1\",\"version\":\"2.7-1ubuntu0.1\",\"arch\":\"amd64\",\"source\":{\"name\":\"libsepol\"},\"summary\":\"SELinux library for manipulating binary security policies\"},{\"name\":\"libsmartcols1\",\"version\":\"2.31.1-0.4ubuntu3.7\",\"arch\":\"amd64\",\"source\":{\"name\":\"util-linux\"},\"summary\":\"smart column output alignment library\"},{\"name\":\"libss2\",\"version\":\"1.44.1-1ubuntu1.4\",\"arch\":\"amd64\",\"source\":{\"name\":\"e2fsprogs\"},\"summary\":\"command-line interface parsing library\"},{\"name\":\"libssl1.1\",\"version\":\"1.1.1-1ubuntu2.1~18.04.20\",\"arch\":\"amd64\",\"source\":{\"name\":\"openssl\"},\"summary\":\"Secure Sockets Layer toolkit - shared libraries\"},{\"name\":\"libstdc++6\",\"version\":\"8.4.0-1ubuntu1~18.04\",\"arch\":\"amd64\",\"source\":{\"name\":\"gcc-8\"},\"summary\":\"GNU Standard C++ Library v3\"},{\"name\":\"libsystemd0\",\"version\":\"237-3ubuntu10.53\",\"arch\":\"amd64\",\"source\":{\"name\":\"systemd\"},\"summary\":\"systemd utility library\"},{\"name\":\"libtasn1-6\",\"version\":\"4.13-2\",\"arch\":\"amd64\",\"source\":{\"name\":\"\"},\"summary\":\"Manage ASN.1 structures (runtime)\"},{\"name\":\"libtinfo5\",\"version\":\"6.1-1ubuntu1.18.04\",\"arch\":\"amd64\",\"source\":{\"name\":\"ncurses\"},\"summary\":\"shared low-level terminfo library for terminal handling\"},{\"name\":\"libudev1\",\"version\":\"237-3ubuntu10.53\",\"arch\":\"amd64\",\"source\":{\"name\":\"systemd\"},\"summary\":\"libudev shared library\"},{\"name\":\"libunistring2\",\"version\":\"0.9.9-0ubuntu2\",\"arch\":\"amd64\",\"source\":{\"name\":\"libunistring\"},\"summary\":\"Unicode string library for C\"},{\"name\":\"libuuid1\",\"version\":\"2.31.1-0.4ubuntu3.7\",\"arch\":\"amd64\",\"source\":{\"name\":\"util-linux\"},\"summary\":\"Universally Unique ID library\"},{\"name\":\"libyaml-0-2\",\"version\":\"0.1.7-2ubuntu3\",\"arch\":\"amd64\",\"source\":{\"name\":\"libyaml\"},\"summary\":\"Fast YAML 1.1 parser and emitter library\"},{\"name\":\"libzstd1\",\"version\":\"1.3.3+dfsg-2ubuntu1.2\",\"arch\":\"amd64\",\"source\":{\"name\":\"libzstd\"},\"summary\":\"fast lossless compression algorithm\"},{\"name\":\"locales\",\"version\":\"2.27-3ubuntu1.6\",\"arch\":\"all\",\"source\":{\"name\":\"glibc\"},\"summary\":\"GNU C Library: National Language (locale) data [support]\"},{\"name\":\"login\",\"version\":\"1:4.5-1ubuntu2.3\",\"arch\":\"amd64\",\"source\":{\"name\":\"shadow\"},\"summary\":\"system login tools\"},{\"name\":\"lsb-base\",\"version\":\"9.20170808ubuntu1\",\"arch\":\"all\",\"source\":{\"name\":\"lsb\"},\"summary\":\"Linux Standard Base init script functionality\"},{\"name\":\"mawk\",\"version\":\"1.3.3-17ubuntu3\",\"arch\":\"amd64\",\"source\":{\"name\":\"\"},\"summary\":\"a pattern scanning and text processing language\"},{\"name\":\"mount\",\"version\":\"2.31.1-0.4ubuntu3.7\",\"arch\":\"amd64\",\"source\":{\"name\":\"util-linux\"},\"summary\":\"tools for mounting and manipulating filesystems\"},{\"name\":\"ncurses-base\",\"version\":\"6.1-1ubuntu1.18.04\",\"arch\":\"all\",\"source\":{\"name\":\"ncurses\"},\"summary\":\"basic terminal type definitions\"},{\"name\":\"ncurses-bin\",\"version\":\"6.1-1ubuntu1.18.04\",\"arch\":\"amd64\",\"source\":{\"name\":\"ncurses\"},\"summary\":\"terminal-related programs and man pages\"},{\"name\":\"netbase\",\"version\":\"5.4\",\"arch\":\"all\",\"source\":{\"name\":\"\"},\"summary\":\"Basic TCP/IP networking system\"},{\"name\":\"openssl\",\"version\":\"1.1.1-1ubuntu2.1~18.04.20\",\"arch\":\"amd64\",\"source\":{\"name\":\"\"},\"summary\":\"Secure Sockets Layer toolkit - cryptographic utility\"},{\"name\":\"passwd\",\"version\":\"1:4.5-1ubuntu2.3\",\"arch\":\"amd64\",\"source\":{\"name\":\"shadow\"},\"summary\":\"change and administer password and group data\"},{\"name\":\"perl-base\",\"version\":\"5.26.1-6ubuntu0.5\",\"arch\":\"amd64\",\"source\":{\"name\":\"perl\"},\"summary\":\"minimal Perl system\"},{\"name\":\"procps\",\"version\":\"2:3.3.12-3ubuntu1.2\",\"arch\":\"amd64\",\"source\":{\"name\":\"\"},\"summary\":\"/proc file system utilities\"},{\"name\":\"sed\",\"version\":\"4.4-2\",\"arch\":\"amd64\",\"source\":{\"name\":\"\"},\"summary\":\"GNU stream editor for filtering/transforming text\"},{\"name\":\"sensible-utils\",\"version\":\"0.0.12\",\"arch\":\"all\",\"source\":{\"name\":\"\"},\"summary\":\"Utilities for sensible alternative selection\"},{\"name\":\"sysvinit-utils\",\"version\":\"2.88dsf-59.10ubuntu1\",\"arch\":\"amd64\",\"source\":{\"name\":\"sysvinit\"},\"summary\":\"System-V-like utilities\"},{\"name\":\"tar\",\"version\":\"1.29b-2ubuntu0.3\",\"arch\":\"amd64\",\"source\":{\"name\":\"\"},\"summary\":\"GNU version of the tar archiving utility\"},{\"name\":\"tzdata\",\"version\":\"2022a-0ubuntu0.18.04\",\"arch\":\"all\",\"source\":{\"name\":\"\"},\"summary\":\"time zone and daylight-saving time data\"},{\"name\":\"ubuntu-keyring\",\"version\":\"2018.09.18.1~18.04.2\",\"arch\":\"all\",\"source\":{\"name\":\"\"},\"summary\":\"GnuPG keys of the Ubuntu archive\"},{\"name\":\"util-linux\",\"version\":\"2.31.1-0.4ubuntu3.7\",\"arch\":\"amd64\",\"source\":{\"name\":\"\"},\"summary\":\"miscellaneous system utilities\"},{\"name\":\"zlib1g\",\"version\":\"1:1.2.11.dfsg-0ubuntu2.1\",\"arch\":\"amd64\",\"source\":{\"name\":\"zlib\"},\"summary\":\"compression library - runtime\"}]","org.opencontainers.image.title":"twitter-to-kafka-service","org.opencontainers.image.version":"0.0.1-SNAPSHOT","org.springframework.boot.version":"2.7.2"},"ParentId":"","RepoDigests":["<none>@<none>"],"RepoTags":["<none>:<none>"],"SharedSize":-1,"Size":289318555,"VirtualSize":289318555}][\n]"
18:30:10.469 [Test worker] DEBUG com.github.dockerjava.zerodep.shaded.org.apache.hc.client5.http.wire - http-outgoing-0 << "[\r][\n]"
18:30:10.469 [Test worker] DEBUG com.github.dockerjava.zerodep.shaded.org.apache.hc.client5.http.wire - http-outgoing-0 << "0[\r][\n]"
18:30:10.469 [Test worker] DEBUG com.github.dockerjava.zerodep.shaded.org.apache.hc.client5.http.wire - http-outgoing-0 << "[\r][\n]"
18:30:10.470 [Test worker] DEBUG com.github.dockerjava.zerodep.shaded.org.apache.hc.client5.http.impl.classic.InternalHttpClient - ep-00000002: releasing valid endpoint
18:30:10.470 [Test worker] DEBUG com.github.dockerjava.zerodep.shaded.org.apache.hc.client5.http.impl.io.PoolingHttpClientConnectionManager - ep-00000002: releasing endpoint
18:30:10.470 [Test worker] DEBUG com.github.dockerjava.zerodep.shaded.org.apache.hc.client5.http.impl.io.PoolingHttpClientConnectionManager - ep-00000002: connection http-outgoing-0 can be kept alive for 3 MINUTES
18:30:10.470 [Test worker] DEBUG com.github.dockerjava.zerodep.shaded.org.apache.hc.client5.http.impl.io.PoolingHttpClientConnectionManager - ep-00000002: connection released [route: {}->unix://localhost:2375][total available: 1; route allocated: 1 of 2147483647; total allocated: 1 of 2147483647]
18:30:10.478 [Test worker] DEBUG org.testcontainers.images.LocalImagesCache - repoTags is null, skipping image: Image(created=1663824421, id=sha256:434e3cca4019c1b62c52c189f0a0737b76c8c50a3f9ce6ab0e21d57307228209, parentId=, repoTags=null, repoDigests=[kindest/node@sha256:9be91e9e9cdf116809841fc77ebdb8845443c4c72fe5218f3ae9eb57fdb4bace], size=909933310, virtualSize=909933310, sharedSize=-1, labels={}, containers=-1)
18:30:10.483 [Test worker] DEBUG org.testcontainers.images.LocalImagesCache - repoTags is null, skipping image: Image(created=1620807783, id=sha256:3d3f41722daf1a77c34d6eade6676bbffa2d6a2a21095de2ab0c427a5c942fc9, parentId=, repoTags=null, repoDigests=[node@sha256:608bba799613b1ebf754034ae008849ba51e88b23271412427b76d60ae0d0627], size=936160148, virtualSize=936160148, sharedSize=-1, labels=null, containers=-1)
18:30:10.484 [Test worker] DEBUG org.testcontainers.images.AbstractImagePullPolicy - Using locally available and not pulling image: testcontainers/ryuk:0.3.3
18:30:10.485 [Test worker] DEBUG ]]>&#x1f433;<![CDATA[ [testcontainers/ryuk:0.3.3] - Starting container: testcontainers/ryuk:0.3.3
18:30:10.490 [Test worker] DEBUG ]]>&#x1f433;<![CDATA[ [testcontainers/ryuk:0.3.3] - Trying to start container: testcontainers/ryuk:0.3.3 (attempt 1/1)
18:30:10.491 [Test worker] DEBUG ]]>&#x1f433;<![CDATA[ [testcontainers/ryuk:0.3.3] - Starting container: testcontainers/ryuk:0.3.3
18:30:10.491 [Test worker] INFO ]]>&#x1f433;<![CDATA[ [testcontainers/ryuk:0.3.3] - Creating container for image: testcontainers/ryuk:0.3.3
18:30:10.539 [Test worker] DEBUG org.testcontainers.utility.RegistryAuthLocator - Looking up auth config for image: testcontainers/ryuk:0.3.3 at registry: https://index.docker.io/v1/
18:30:10.543 [Test worker] DEBUG org.testcontainers.utility.RegistryAuthLocator - RegistryAuthLocator has configFile: /home/allan/.docker/config.json (exists) and commandPathPrefix: 
18:30:10.546 [Test worker] DEBUG org.testcontainers.utility.RegistryAuthLocator - registryName [https://index.docker.io/v1/] for dockerImageName [testcontainers/ryuk:0.3.3]
18:30:10.548 [Test worker] DEBUG org.testcontainers.utility.RegistryAuthLocator - Executing docker credential provider: docker-credential-desktop to locate auth config for: https://index.docker.io/v1/
18:30:10.558 [Test worker] DEBUG org.testcontainers.shaded.org.zeroturnaround.exec.ProcessExecutor - Executing [docker-credential-desktop, get].
18:30:10.598 [Test worker] DEBUG org.testcontainers.shaded.org.zeroturnaround.exec.ProcessExecutor - Started Process[pid=147858, exitValue="not exited"]
18:30:10.622 [WaitForProcess-Process[pid=147858, exitValue="not exited"]] DEBUG org.testcontainers.shaded.org.zeroturnaround.exec.WaitForProcess - Process[pid=147858, exitValue=1] stopped with exit code 1
18:30:10.630 [Test worker] DEBUG org.testcontainers.shaded.org.zeroturnaround.exec.ProcessExecutor - Executing [docker-credential-desktop, get].
18:30:10.634 [Test worker] DEBUG org.testcontainers.shaded.org.zeroturnaround.exec.ProcessExecutor - Started Process[pid=147876, exitValue="not exited"]
18:30:10.660 [WaitForProcess-Process[pid=147876, exitValue="not exited"]] DEBUG org.testcontainers.shaded.org.zeroturnaround.exec.WaitForProcess - Process[pid=147876, exitValue=1] stopped with exit code 1
18:30:10.662 [Test worker] DEBUG org.testcontainers.utility.RegistryAuthLocator - Got credentials not found error message from docker credential helper - credentials not found in native keychain
18:30:10.663 [Test worker] INFO org.testcontainers.utility.RegistryAuthLocator - Credential helper/store (docker-credential-desktop) does not have credentials for https://index.docker.io/v1/
18:30:10.667 [Test worker] DEBUG org.testcontainers.utility.RegistryAuthLocator - found existing auth config [AuthConfig{username=allancordeiros, password=hidden non-blank value, auth=hidden non-blank value, email=null, registryAddress=https://index.docker.io/v1/, registryToken=blank}]
18:30:10.667 [Test worker] DEBUG org.testcontainers.utility.RegistryAuthLocator - Cached auth found: [AuthConfig{username=allancordeiros, password=hidden non-blank value, auth=hidden non-blank value, email=null, registryAddress=https://index.docker.io/v1/, registryToken=blank}]
18:30:10.668 [Test worker] DEBUG org.testcontainers.dockerclient.AuthDelegatingDockerClientConfig - Effective auth config [AuthConfig{username=allancordeiros, password=hidden non-blank value, auth=hidden non-blank value, email=null, registryAddress=https://index.docker.io/v1/, registryToken=blank}]
18:30:10.690 [Test worker] DEBUG org.testcontainers.shaded.com.github.dockerjava.core.command.AbstrDockerCmd - Cmd: org.testcontainers.shaded.com.github.dockerjava.core.command.CreateContainerCmdImpl@713064e8[aliases=<null>,argsEscaped=<null>,attachStderr=<null>,attachStdin=<null>,attachStdout=<null>,authConfig=AuthConfig(username=allancordeiros, email=null, registryAddress=https://index.docker.io/v1/, stackOrchestrator=null),cmd={},domainName=<null>,entrypoint=<null>,env={},exposedPorts=ExposedPorts(exposedPorts=[8080/tcp]),healthcheck=<null>,hostConfig=HostConfig(binds=[/var/run/docker.sock:/var/run/docker.sock:rw], blkioWeight=null, blkioWeightDevice=null, blkioDeviceReadBps=null, blkioDeviceWriteBps=null, blkioDeviceReadIOps=null, blkioDeviceWriteIOps=null, memorySwappiness=null, nanoCPUs=null, capAdd=null, capDrop=null, containerIDFile=null, cpuPeriod=null, cpuRealtimePeriod=null, cpuRealtimeRuntime=null, cpuShares=null, cpuQuota=null, cpusetCpus=null, cpusetMems=null, devices=null, deviceCgroupRules=null, deviceRequests=null, diskQuota=null, dns=null, dnsOptions=null, dnsSearch=null, extraHosts=[], groupAdd=null, ipcMode=null, cgroup=null, links=[], logConfig=LogConfig(type=null, config=null), lxcConf=null, memory=null, memorySwap=null, memoryReservation=null, kernelMemory=null, networkMode=null, oomKillDisable=null, init=null, autoRemove=true, oomScoreAdj=null, portBindings={8080/tcp=[Lcom.github.dockerjava.api.model.Ports$Binding;@f096f37}, privileged=false, publishAllPorts=null, readonlyRootfs=null, restartPolicy=null, ulimits=null, cpuCount=null, cpuPercent=null, ioMaximumIOps=null, ioMaximumBandwidth=null, volumesFrom=[], mounts=null, pidMode=null, isolation=null, securityOpts=null, storageOpt=null, cgroupParent=null, volumeDriver=null, shmSize=null, pidsLimit=null, runtime=null, tmpFs=null, utSMode=null, usernsMode=null, sysctls=null, consoleSize=null, cgroupnsMode=null),hostName=<null>,image=testcontainers/ryuk:0.3.3,ipv4Address=<null>,ipv6Address=<null>,labels={org.testcontainers=true},macAddress=<null>,name=testcontainers-ryuk-cdd139c9-cde1-4429-bea7-edb0e651ba16,networkDisabled=<null>,networkingConfig=<null>,onBuild=<null>,platform=<null>,portSpecs=<null>,shell=<null>,stdInOnce=<null>,stdinOpen=<null>,stopSignal=<null>,stopTimeout=<null>,tty=<null>,user=<null>,volumes=Volumes(volumes=[]),workingDir=<null>]
18:30:10.992 [Test worker] DEBUG com.github.dockerjava.zerodep.shaded.org.apache.hc.client5.http.impl.classic.InternalHttpClient - ex-00000004: preparing request execution
18:30:10.996 [Test worker] DEBUG com.github.dockerjava.zerodep.shaded.org.apache.hc.client5.http.protocol.RequestAddCookies - Cookie spec selected: strict
18:30:10.998 [Test worker] DEBUG com.github.dockerjava.zerodep.shaded.org.apache.hc.client5.http.protocol.RequestAuthCache - Auth cache not set in the context
18:30:10.999 [Test worker] DEBUG com.github.dockerjava.zerodep.shaded.org.apache.hc.client5.http.impl.classic.ProtocolExec - ex-00000004: target auth state: UNCHALLENGED
18:30:10.999 [Test worker] DEBUG com.github.dockerjava.zerodep.shaded.org.apache.hc.client5.http.impl.classic.ProtocolExec - ex-00000004: proxy auth state: UNCHALLENGED
18:30:10.999 [Test worker] DEBUG com.github.dockerjava.zerodep.shaded.org.apache.hc.client5.http.impl.classic.ConnectExec - ex-00000004: acquiring connection with route {}->unix://localhost:2375
18:30:11.000 [Test worker] DEBUG com.github.dockerjava.zerodep.shaded.org.apache.hc.client5.http.impl.classic.InternalHttpClient - ex-00000004: acquiring endpoint (3 MINUTES)
18:30:11.000 [Test worker] DEBUG com.github.dockerjava.zerodep.shaded.org.apache.hc.client5.http.impl.io.PoolingHttpClientConnectionManager - ex-00000004: endpoint lease request (3 MINUTES) [route: {}->unix://localhost:2375][total available: 1; route allocated: 1 of 2147483647; total allocated: 1 of 2147483647]
18:30:11.001 [Test worker] DEBUG com.github.dockerjava.zerodep.shaded.org.apache.hc.client5.http.impl.io.PoolingHttpClientConnectionManager - ex-00000004: endpoint leased [route: {}->unix://localhost:2375][total available: 0; route allocated: 1 of 2147483647; total allocated: 1 of 2147483647]
18:30:11.001 [Test worker] DEBUG com.github.dockerjava.zerodep.shaded.org.apache.hc.client5.http.impl.io.PoolingHttpClientConnectionManager - ex-00000004: acquired ep-00000003
18:30:11.002 [Test worker] DEBUG com.github.dockerjava.zerodep.shaded.org.apache.hc.client5.http.impl.classic.InternalHttpClient - ex-00000004: acquired endpoint ep-00000003
18:30:11.002 [Test worker] DEBUG com.github.dockerjava.zerodep.shaded.org.apache.hc.client5.http.impl.classic.MainClientExec - ex-00000004: executing POST /v1.32/containers/create?name=testcontainers-ryuk-cdd139c9-cde1-4429-bea7-edb0e651ba16 HTTP/1.1
18:30:11.002 [Test worker] DEBUG com.github.dockerjava.zerodep.shaded.org.apache.hc.client5.http.impl.classic.InternalHttpClient - ep-00000003: start execution ex-00000004
18:30:11.003 [Test worker] DEBUG com.github.dockerjava.zerodep.shaded.org.apache.hc.client5.http.impl.io.PoolingHttpClientConnectionManager - ep-00000003: executing exchange ex-00000004 over http-outgoing-0
18:30:11.003 [Test worker] DEBUG com.github.dockerjava.zerodep.shaded.org.apache.hc.client5.http.headers - http-outgoing-0 >> POST /v1.32/containers/create?name=testcontainers-ryuk-cdd139c9-cde1-4429-bea7-edb0e651ba16 HTTP/1.1
18:30:11.004 [Test worker] DEBUG com.github.dockerjava.zerodep.shaded.org.apache.hc.client5.http.headers - http-outgoing-0 >> X-Registry-Auth: eyJ1c2VybmFtZSI6ImFsbGFuY29yZGVpcm9zIiwicGFzc3dvcmQiOiJBUzI4eHAxMEAiLCJlbWFpbCI6bnVsbCwic2VydmVyYWRkcmVzcyI6Imh0dHBzOi8vaW5kZXguZG9ja2VyLmlvL3YxLyIsImF1dGgiOiJZV3hzWVc1amIzSmtaV2x5YjNNNlFWTXlPSGh3TVRCQSIsInJlZ2lzdHJ5dG9rZW4iOm51bGwsImlkZW50aXR5dG9rZW4iOm51bGwsInN0YWNrT3JjaGVzdHJhdG9yIjpudWxsfQ==
18:30:11.004 [Test worker] DEBUG com.github.dockerjava.zerodep.shaded.org.apache.hc.client5.http.headers - http-outgoing-0 >> accept: application/json
18:30:11.009 [Test worker] DEBUG com.github.dockerjava.zerodep.shaded.org.apache.hc.client5.http.headers - http-outgoing-0 >> content-type: application/json
18:30:11.009 [Test worker] DEBUG com.github.dockerjava.zerodep.shaded.org.apache.hc.client5.http.headers - http-outgoing-0 >> x-tc-sid: cdd139c9-cde1-4429-bea7-edb0e651ba16
18:30:11.009 [Test worker] DEBUG com.github.dockerjava.zerodep.shaded.org.apache.hc.client5.http.headers - http-outgoing-0 >> Accept-Encoding: gzip, x-gzip, deflate
18:30:11.010 [Test worker] DEBUG com.github.dockerjava.zerodep.shaded.org.apache.hc.client5.http.headers - http-outgoing-0 >> Content-Length: 1884
18:30:11.010 [Test worker] DEBUG com.github.dockerjava.zerodep.shaded.org.apache.hc.client5.http.headers - http-outgoing-0 >> Host: localhost:2375
18:30:11.010 [Test worker] DEBUG com.github.dockerjava.zerodep.shaded.org.apache.hc.client5.http.headers - http-outgoing-0 >> Connection: keep-alive
18:30:11.010 [Test worker] DEBUG com.github.dockerjava.zerodep.shaded.org.apache.hc.client5.http.headers - http-outgoing-0 >> User-Agent: Apache-HttpClient/5.0.3 (Java/17.0.2)
18:30:11.012 [Test worker] DEBUG com.github.dockerjava.zerodep.shaded.org.apache.hc.client5.http.wire - http-outgoing-0 >> "POST /v1.32/containers/create?name=testcontainers-ryuk-cdd139c9-cde1-4429-bea7-edb0e651ba16 HTTP/1.1[\r][\n]"
18:30:11.013 [Test worker] DEBUG com.github.dockerjava.zerodep.shaded.org.apache.hc.client5.http.wire - http-outgoing-0 >> "X-Registry-Auth: eyJ1c2VybmFtZSI6ImFsbGFuY29yZGVpcm9zIiwicGFzc3dvcmQiOiJBUzI4eHAxMEAiLCJlbWFpbCI6bnVsbCwic2VydmVyYWRkcmVzcyI6Imh0dHBzOi8vaW5kZXguZG9ja2VyLmlvL3YxLyIsImF1dGgiOiJZV3hzWVc1amIzSmtaV2x5YjNNNlFWTXlPSGh3TVRCQSIsInJlZ2lzdHJ5dG9rZW4iOm51bGwsImlkZW50aXR5dG9rZW4iOm51bGwsInN0YWNrT3JjaGVzdHJhdG9yIjpudWxsfQ==[\r][\n]"
18:30:11.014 [Test worker] DEBUG com.github.dockerjava.zerodep.shaded.org.apache.hc.client5.http.wire - http-outgoing-0 >> "accept: application/json[\r][\n]"
18:30:11.014 [Test worker] DEBUG com.github.dockerjava.zerodep.shaded.org.apache.hc.client5.http.wire - http-outgoing-0 >> "content-type: application/json[\r][\n]"
18:30:11.014 [Test worker] DEBUG com.github.dockerjava.zerodep.shaded.org.apache.hc.client5.http.wire - http-outgoing-0 >> "x-tc-sid: cdd139c9-cde1-4429-bea7-edb0e651ba16[\r][\n]"
18:30:11.015 [Test worker] DEBUG com.github.dockerjava.zerodep.shaded.org.apache.hc.client5.http.wire - http-outgoing-0 >> "Accept-Encoding: gzip, x-gzip, deflate[\r][\n]"
18:30:11.015 [Test worker] DEBUG com.github.dockerjava.zerodep.shaded.org.apache.hc.client5.http.wire - http-outgoing-0 >> "Content-Length: 1884[\r][\n]"
18:30:11.015 [Test worker] DEBUG com.github.dockerjava.zerodep.shaded.org.apache.hc.client5.http.wire - http-outgoing-0 >> "Host: localhost:2375[\r][\n]"
18:30:11.015 [Test worker] DEBUG com.github.dockerjava.zerodep.shaded.org.apache.hc.client5.http.wire - http-outgoing-0 >> "Connection: keep-alive[\r][\n]"
18:30:11.015 [Test worker] DEBUG com.github.dockerjava.zerodep.shaded.org.apache.hc.client5.http.wire - http-outgoing-0 >> "User-Agent: Apache-HttpClient/5.0.3 (Java/17.0.2)[\r][\n]"
18:30:11.015 [Test worker] DEBUG com.github.dockerjava.zerodep.shaded.org.apache.hc.client5.http.wire - http-outgoing-0 >> "[\r][\n]"
18:30:11.016 [Test worker] DEBUG com.github.dockerjava.zerodep.shaded.org.apache.hc.client5.http.wire - http-outgoing-0 >> "{"Hostname":null,"Domainname":null,"User":null,"AttachStdin":null,"AttachStdout":null,"AttachStderr":null,"PortSpecs":null,"Tty":null,"OpenStdin":null,"StdinOnce":null,"Env":[],"Cmd":[],"Healthcheck":null,"ArgsEscaped":null,"Entrypoint":null,"Image":"testcontainers/ryuk:0.3.3","Volumes":{},"WorkingDir":null,"MacAddress":null,"OnBuild":null,"NetworkDisabled":null,"ExposedPorts":{"8080/tcp":{}},"StopSignal":null,"StopTimeout":null,"HostConfig":{"Binds":["/var/run/docker.sock:/var/run/docker.sock:rw"],"BlkioWeight":null,"BlkioWeightDevice":null,"BlkioDeviceReadBps":null,"BlkioDeviceWriteBps":null,"BlkioDeviceReadIOps":null,"BlkioDeviceWriteIOps":null,"MemorySwappiness":null,"NanoCpus":null,"CapAdd":null,"CapDrop":null,"ContainerIDFile":null,"CpuPeriod":null,"CpuRealtimePeriod":null,"CpuRealtimeRuntime":null,"CpuShares":null,"CpuQuota":null,"CpusetCpus":null,"CpusetMems":null,"Devices":null,"DeviceCgroupRules":null,"DeviceRequests":null,"DiskQuota":null,"Dns":null,"DnsOptions":null,"DnsSearch":null,"ExtraHosts":[],"GroupAdd":null,"IpcMode":null,"Cgroup":null,"Links":[],"LogConfig":null,"LxcConf":null,"Memory":null,"MemorySwap":null,"MemoryReservation":null,"KernelMemory":null,"NetworkMode":null,"OomKillDisable":null,"Init":null,"AutoRemove":true,"OomScoreAdj":null,"PortBindings":{"8080/tcp":[{"HostIp":"","HostPort":""}]},"Privileged":false,"PublishAllPorts":null,"ReadonlyRootfs":null,"RestartPolicy":null,"Ulimits":null,"CpuCount":null,"CpuPercent":null,"IOMaximumIOps":null,"IOMaximumBandwidth":null,"VolumesFrom":[],"Mounts":null,"PidMode":null,"Isolation":null,"SecurityOpt":null,"StorageOpt":null,"CgroupParent":null,"VolumeDriver":null,"ShmSize":null,"PidsLimit":null,"Runtime":null,"Tmpfs":null,"UTSMode":null,"UsernsMode":null,"Sysctls":null,"ConsoleSize":null,"CgroupnsMode":null},"Labels":{"org.testcontainers":"true"},"Shell":null,"NetworkingConfig":null}"
18:30:11.105 [Test worker] DEBUG com.github.dockerjava.zerodep.shaded.org.apache.hc.client5.http.wire - http-outgoing-0 << "HTTP/1.1 201 Created[\r][\n]"
18:30:11.106 [Test worker] DEBUG com.github.dockerjava.zerodep.shaded.org.apache.hc.client5.http.wire - http-outgoing-0 << "Api-Version: 1.41[\r][\n]"
18:30:11.106 [Test worker] DEBUG com.github.dockerjava.zerodep.shaded.org.apache.hc.client5.http.wire - http-outgoing-0 << "Content-Type: application/json[\r][\n]"
18:30:11.106 [Test worker] DEBUG com.github.dockerjava.zerodep.shaded.org.apache.hc.client5.http.wire - http-outgoing-0 << "Docker-Experimental: false[\r][\n]"
18:30:11.106 [Test worker] DEBUG com.github.dockerjava.zerodep.shaded.org.apache.hc.client5.http.wire - http-outgoing-0 << "Ostype: linux[\r][\n]"
18:30:11.106 [Test worker] DEBUG com.github.dockerjava.zerodep.shaded.org.apache.hc.client5.http.wire - http-outgoing-0 << "Server: Docker/20.10.17 (linux)[\r][\n]"
18:30:11.107 [Test worker] DEBUG com.github.dockerjava.zerodep.shaded.org.apache.hc.client5.http.wire - http-outgoing-0 << "Date: Thu, 08 Dec 2022 21:30:11 GMT[\r][\n]"
18:30:11.107 [Test worker] DEBUG com.github.dockerjava.zerodep.shaded.org.apache.hc.client5.http.wire - http-outgoing-0 << "Content-Length: 88[\r][\n]"
18:30:11.107 [Test worker] DEBUG com.github.dockerjava.zerodep.shaded.org.apache.hc.client5.http.wire - http-outgoing-0 << "[\r][\n]"
18:30:11.107 [Test worker] DEBUG com.github.dockerjava.zerodep.shaded.org.apache.hc.client5.http.wire - http-outgoing-0 << "{"Id":"9bdf041c3230c3fcf79505e30f2e080525c374c1eb112b27baca9f3efce5d80a","Warnings":[]}[\n]"
18:30:11.109 [Test worker] DEBUG com.github.dockerjava.zerodep.shaded.org.apache.hc.client5.http.headers - http-outgoing-0 << HTTP/1.1 201 Created
18:30:11.110 [Test worker] DEBUG com.github.dockerjava.zerodep.shaded.org.apache.hc.client5.http.headers - http-outgoing-0 << Api-Version: 1.41
18:30:11.110 [Test worker] DEBUG com.github.dockerjava.zerodep.shaded.org.apache.hc.client5.http.headers - http-outgoing-0 << Content-Type: application/json
18:30:11.110 [Test worker] DEBUG com.github.dockerjava.zerodep.shaded.org.apache.hc.client5.http.headers - http-outgoing-0 << Docker-Experimental: false
18:30:11.110 [Test worker] DEBUG com.github.dockerjava.zerodep.shaded.org.apache.hc.client5.http.headers - http-outgoing-0 << Ostype: linux
18:30:11.110 [Test worker] DEBUG com.github.dockerjava.zerodep.shaded.org.apache.hc.client5.http.headers - http-outgoing-0 << Server: Docker/20.10.17 (linux)
18:30:11.110 [Test worker] DEBUG com.github.dockerjava.zerodep.shaded.org.apache.hc.client5.http.headers - http-outgoing-0 << Date: Thu, 08 Dec 2022 21:30:11 GMT
18:30:11.111 [Test worker] DEBUG com.github.dockerjava.zerodep.shaded.org.apache.hc.client5.http.headers - http-outgoing-0 << Content-Length: 88
18:30:11.114 [Test worker] DEBUG com.github.dockerjava.zerodep.shaded.org.apache.hc.client5.http.impl.classic.MainClientExec - ex-00000004: connection can be kept alive for 3 MINUTES
18:30:11.118 [Test worker] DEBUG com.github.dockerjava.zerodep.shaded.org.apache.hc.client5.http.impl.classic.InternalHttpClient - ep-00000003: releasing valid endpoint
18:30:11.120 [Test worker] DEBUG com.github.dockerjava.zerodep.shaded.org.apache.hc.client5.http.impl.io.PoolingHttpClientConnectionManager - ep-00000003: releasing endpoint
18:30:11.120 [Test worker] DEBUG com.github.dockerjava.zerodep.shaded.org.apache.hc.client5.http.impl.io.PoolingHttpClientConnectionManager - ep-00000003: connection http-outgoing-0 can be kept alive for 3 MINUTES
18:30:11.121 [Test worker] DEBUG com.github.dockerjava.zerodep.shaded.org.apache.hc.client5.http.impl.io.PoolingHttpClientConnectionManager - ep-00000003: connection released [route: {}->unix://localhost:2375][total available: 1; route allocated: 1 of 2147483647; total allocated: 1 of 2147483647]
18:30:11.135 [Test worker] INFO ]]>&#x1f433;<![CDATA[ [testcontainers/ryuk:0.3.3] - Container testcontainers/ryuk:0.3.3 is starting: 9bdf041c3230c3fcf79505e30f2e080525c374c1eb112b27baca9f3efce5d80a
18:30:11.136 [Test worker] DEBUG org.testcontainers.shaded.com.github.dockerjava.core.command.AbstrDockerCmd - Cmd: 9bdf041c3230c3fcf79505e30f2e080525c374c1eb112b27baca9f3efce5d80a
18:30:11.138 [Test worker] DEBUG com.github.dockerjava.zerodep.shaded.org.apache.hc.client5.http.impl.classic.InternalHttpClient - ex-00000005: preparing request execution
18:30:11.139 [Test worker] DEBUG com.github.dockerjava.zerodep.shaded.org.apache.hc.client5.http.protocol.RequestAddCookies - Cookie spec selected: strict
18:30:11.139 [Test worker] DEBUG com.github.dockerjava.zerodep.shaded.org.apache.hc.client5.http.protocol.RequestAuthCache - Auth cache not set in the context
18:30:11.139 [Test worker] DEBUG com.github.dockerjava.zerodep.shaded.org.apache.hc.client5.http.impl.classic.ProtocolExec - ex-00000005: target auth state: UNCHALLENGED
18:30:11.139 [Test worker] DEBUG com.github.dockerjava.zerodep.shaded.org.apache.hc.client5.http.impl.classic.ProtocolExec - ex-00000005: proxy auth state: UNCHALLENGED
18:30:11.139 [Test worker] DEBUG com.github.dockerjava.zerodep.shaded.org.apache.hc.client5.http.impl.classic.ConnectExec - ex-00000005: acquiring connection with route {}->unix://localhost:2375
18:30:11.139 [Test worker] DEBUG com.github.dockerjava.zerodep.shaded.org.apache.hc.client5.http.impl.classic.InternalHttpClient - ex-00000005: acquiring endpoint (3 MINUTES)
18:30:11.141 [Test worker] DEBUG com.github.dockerjava.zerodep.shaded.org.apache.hc.client5.http.impl.io.PoolingHttpClientConnectionManager - ex-00000005: endpoint lease request (3 MINUTES) [route: {}->unix://localhost:2375][total available: 1; route allocated: 1 of 2147483647; total allocated: 1 of 2147483647]
18:30:11.141 [Test worker] DEBUG com.github.dockerjava.zerodep.shaded.org.apache.hc.client5.http.impl.io.PoolingHttpClientConnectionManager - ex-00000005: endpoint leased [route: {}->unix://localhost:2375][total available: 0; route allocated: 1 of 2147483647; total allocated: 1 of 2147483647]
18:30:11.142 [Test worker] DEBUG com.github.dockerjava.zerodep.shaded.org.apache.hc.client5.http.impl.io.PoolingHttpClientConnectionManager - ex-00000005: acquired ep-00000004
18:30:11.142 [Test worker] DEBUG com.github.dockerjava.zerodep.shaded.org.apache.hc.client5.http.impl.classic.InternalHttpClient - ex-00000005: acquired endpoint ep-00000004
18:30:11.142 [Test worker] DEBUG com.github.dockerjava.zerodep.shaded.org.apache.hc.client5.http.impl.classic.MainClientExec - ex-00000005: executing POST /v1.32/containers/9bdf041c3230c3fcf79505e30f2e080525c374c1eb112b27baca9f3efce5d80a/start HTTP/1.1
18:30:11.142 [Test worker] DEBUG com.github.dockerjava.zerodep.shaded.org.apache.hc.client5.http.impl.classic.InternalHttpClient - ep-00000004: start execution ex-00000005
18:30:11.142 [Test worker] DEBUG com.github.dockerjava.zerodep.shaded.org.apache.hc.client5.http.impl.io.PoolingHttpClientConnectionManager - ep-00000004: executing exchange ex-00000005 over http-outgoing-0
18:30:11.143 [Test worker] DEBUG com.github.dockerjava.zerodep.shaded.org.apache.hc.client5.http.headers - http-outgoing-0 >> POST /v1.32/containers/9bdf041c3230c3fcf79505e30f2e080525c374c1eb112b27baca9f3efce5d80a/start HTTP/1.1
18:30:11.143 [Test worker] DEBUG com.github.dockerjava.zerodep.shaded.org.apache.hc.client5.http.headers - http-outgoing-0 >> accept: application/json
18:30:11.143 [Test worker] DEBUG com.github.dockerjava.zerodep.shaded.org.apache.hc.client5.http.headers - http-outgoing-0 >> content-type: application/json
18:30:11.143 [Test worker] DEBUG com.github.dockerjava.zerodep.shaded.org.apache.hc.client5.http.headers - http-outgoing-0 >> x-tc-sid: cdd139c9-cde1-4429-bea7-edb0e651ba16
18:30:11.143 [Test worker] DEBUG com.github.dockerjava.zerodep.shaded.org.apache.hc.client5.http.headers - http-outgoing-0 >> Accept-Encoding: gzip, x-gzip, deflate
18:30:11.143 [Test worker] DEBUG com.github.dockerjava.zerodep.shaded.org.apache.hc.client5.http.headers - http-outgoing-0 >> Host: localhost:2375
18:30:11.143 [Test worker] DEBUG com.github.dockerjava.zerodep.shaded.org.apache.hc.client5.http.headers - http-outgoing-0 >> Connection: keep-alive
18:30:11.143 [Test worker] DEBUG com.github.dockerjava.zerodep.shaded.org.apache.hc.client5.http.headers - http-outgoing-0 >> User-Agent: Apache-HttpClient/5.0.3 (Java/17.0.2)
18:30:11.143 [Test worker] DEBUG com.github.dockerjava.zerodep.shaded.org.apache.hc.client5.http.wire - http-outgoing-0 >> "POST /v1.32/containers/9bdf041c3230c3fcf79505e30f2e080525c374c1eb112b27baca9f3efce5d80a/start HTTP/1.1[\r][\n]"
18:30:11.143 [Test worker] DEBUG com.github.dockerjava.zerodep.shaded.org.apache.hc.client5.http.wire - http-outgoing-0 >> "accept: application/json[\r][\n]"
18:30:11.144 [Test worker] DEBUG com.github.dockerjava.zerodep.shaded.org.apache.hc.client5.http.wire - http-outgoing-0 >> "content-type: application/json[\r][\n]"
18:30:11.144 [Test worker] DEBUG com.github.dockerjava.zerodep.shaded.org.apache.hc.client5.http.wire - http-outgoing-0 >> "x-tc-sid: cdd139c9-cde1-4429-bea7-edb0e651ba16[\r][\n]"
18:30:11.144 [Test worker] DEBUG com.github.dockerjava.zerodep.shaded.org.apache.hc.client5.http.wire - http-outgoing-0 >> "Accept-Encoding: gzip, x-gzip, deflate[\r][\n]"
18:30:11.144 [Test worker] DEBUG com.github.dockerjava.zerodep.shaded.org.apache.hc.client5.http.wire - http-outgoing-0 >> "Host: localhost:2375[\r][\n]"
18:30:11.144 [Test worker] DEBUG com.github.dockerjava.zerodep.shaded.org.apache.hc.client5.http.wire - http-outgoing-0 >> "Connection: keep-alive[\r][\n]"
18:30:11.144 [Test worker] DEBUG com.github.dockerjava.zerodep.shaded.org.apache.hc.client5.http.wire - http-outgoing-0 >> "User-Agent: Apache-HttpClient/5.0.3 (Java/17.0.2)[\r][\n]"
18:30:11.144 [Test worker] DEBUG com.github.dockerjava.zerodep.shaded.org.apache.hc.client5.http.wire - http-outgoing-0 >> "[\r][\n]"
18:30:11.556 [Test worker] DEBUG com.github.dockerjava.zerodep.shaded.org.apache.hc.client5.http.wire - http-outgoing-0 << "HTTP/1.1 204 No Content[\r][\n]"
18:30:11.556 [Test worker] DEBUG com.github.dockerjava.zerodep.shaded.org.apache.hc.client5.http.wire - http-outgoing-0 << "Api-Version: 1.41[\r][\n]"
18:30:11.556 [Test worker] DEBUG com.github.dockerjava.zerodep.shaded.org.apache.hc.client5.http.wire - http-outgoing-0 << "Docker-Experimental: false[\r][\n]"
18:30:11.556 [Test worker] DEBUG com.github.dockerjava.zerodep.shaded.org.apache.hc.client5.http.wire - http-outgoing-0 << "Ostype: linux[\r][\n]"
18:30:11.556 [Test worker] DEBUG com.github.dockerjava.zerodep.shaded.org.apache.hc.client5.http.wire - http-outgoing-0 << "Server: Docker/20.10.17 (linux)[\r][\n]"
18:30:11.556 [Test worker] DEBUG com.github.dockerjava.zerodep.shaded.org.apache.hc.client5.http.wire - http-outgoing-0 << "Date: Thu, 08 Dec 2022 21:30:11 GMT[\r][\n]"
18:30:11.556 [Test worker] DEBUG com.github.dockerjava.zerodep.shaded.org.apache.hc.client5.http.wire - http-outgoing-0 << "[\r][\n]"
18:30:11.556 [Test worker] DEBUG com.github.dockerjava.zerodep.shaded.org.apache.hc.client5.http.headers - http-outgoing-0 << HTTP/1.1 204 No Content
18:30:11.556 [Test worker] DEBUG com.github.dockerjava.zerodep.shaded.org.apache.hc.client5.http.headers - http-outgoing-0 << Api-Version: 1.41
18:30:11.556 [Test worker] DEBUG com.github.dockerjava.zerodep.shaded.org.apache.hc.client5.http.headers - http-outgoing-0 << Docker-Experimental: false
18:30:11.556 [Test worker] DEBUG com.github.dockerjava.zerodep.shaded.org.apache.hc.client5.http.headers - http-outgoing-0 << Ostype: linux
18:30:11.556 [Test worker] DEBUG com.github.dockerjava.zerodep.shaded.org.apache.hc.client5.http.headers - http-outgoing-0 << Server: Docker/20.10.17 (linux)
18:30:11.557 [Test worker] DEBUG com.github.dockerjava.zerodep.shaded.org.apache.hc.client5.http.headers - http-outgoing-0 << Date: Thu, 08 Dec 2022 21:30:11 GMT
18:30:11.557 [Test worker] DEBUG com.github.dockerjava.zerodep.shaded.org.apache.hc.client5.http.impl.classic.MainClientExec - ex-00000005: connection can be kept alive for 3 MINUTES
18:30:11.557 [Test worker] DEBUG com.github.dockerjava.zerodep.shaded.org.apache.hc.client5.http.impl.classic.InternalHttpClient - ep-00000004: releasing valid endpoint
18:30:11.557 [Test worker] DEBUG com.github.dockerjava.zerodep.shaded.org.apache.hc.client5.http.impl.io.PoolingHttpClientConnectionManager - ep-00000004: releasing endpoint
18:30:11.557 [Test worker] DEBUG com.github.dockerjava.zerodep.shaded.org.apache.hc.client5.http.impl.io.PoolingHttpClientConnectionManager - ep-00000004: connection http-outgoing-0 can be kept alive for 3 MINUTES
18:30:11.557 [Test worker] DEBUG com.github.dockerjava.zerodep.shaded.org.apache.hc.client5.http.impl.io.PoolingHttpClientConnectionManager - ep-00000004: connection released [route: {}->unix://localhost:2375][total available: 1; route allocated: 1 of 2147483647; total allocated: 1 of 2147483647]
18:30:11.565 [Test worker] DEBUG org.testcontainers.shaded.com.github.dockerjava.core.command.AbstrDockerCmd - Cmd: 9bdf041c3230c3fcf79505e30f2e080525c374c1eb112b27baca9f3efce5d80a,false
18:30:11.566 [Test worker] DEBUG org.testcontainers.shaded.com.github.dockerjava.core.exec.InspectContainerCmdExec - GET: DefaultWebTarget{path=[/containers/9bdf041c3230c3fcf79505e30f2e080525c374c1eb112b27baca9f3efce5d80a/json], queryParams={}}
18:30:11.567 [Test worker] DEBUG com.github.dockerjava.zerodep.shaded.org.apache.hc.client5.http.impl.classic.InternalHttpClient - ex-00000006: preparing request execution
18:30:11.567 [Test worker] DEBUG com.github.dockerjava.zerodep.shaded.org.apache.hc.client5.http.protocol.RequestAddCookies - Cookie spec selected: strict
18:30:11.567 [Test worker] DEBUG com.github.dockerjava.zerodep.shaded.org.apache.hc.client5.http.protocol.RequestAuthCache - Auth cache not set in the context
18:30:11.567 [Test worker] DEBUG com.github.dockerjava.zerodep.shaded.org.apache.hc.client5.http.impl.classic.ProtocolExec - ex-00000006: target auth state: UNCHALLENGED
18:30:11.567 [Test worker] DEBUG com.github.dockerjava.zerodep.shaded.org.apache.hc.client5.http.impl.classic.ProtocolExec - ex-00000006: proxy auth state: UNCHALLENGED
18:30:11.567 [Test worker] DEBUG com.github.dockerjava.zerodep.shaded.org.apache.hc.client5.http.impl.classic.ConnectExec - ex-00000006: acquiring connection with route {}->unix://localhost:2375
18:30:11.568 [Test worker] DEBUG com.github.dockerjava.zerodep.shaded.org.apache.hc.client5.http.impl.classic.InternalHttpClient - ex-00000006: acquiring endpoint (3 MINUTES)
18:30:11.568 [Test worker] DEBUG com.github.dockerjava.zerodep.shaded.org.apache.hc.client5.http.impl.io.PoolingHttpClientConnectionManager - ex-00000006: endpoint lease request (3 MINUTES) [route: {}->unix://localhost:2375][total available: 1; route allocated: 1 of 2147483647; total allocated: 1 of 2147483647]
18:30:11.568 [Test worker] DEBUG com.github.dockerjava.zerodep.shaded.org.apache.hc.client5.http.impl.io.PoolingHttpClientConnectionManager - ex-00000006: endpoint leased [route: {}->unix://localhost:2375][total available: 0; route allocated: 1 of 2147483647; total allocated: 1 of 2147483647]
18:30:11.568 [Test worker] DEBUG com.github.dockerjava.zerodep.shaded.org.apache.hc.client5.http.impl.io.PoolingHttpClientConnectionManager - ex-00000006: acquired ep-00000005
18:30:11.568 [Test worker] DEBUG com.github.dockerjava.zerodep.shaded.org.apache.hc.client5.http.impl.classic.InternalHttpClient - ex-00000006: acquired endpoint ep-00000005
18:30:11.568 [Test worker] DEBUG com.github.dockerjava.zerodep.shaded.org.apache.hc.client5.http.impl.classic.MainClientExec - ex-00000006: executing GET /v1.32/containers/9bdf041c3230c3fcf79505e30f2e080525c374c1eb112b27baca9f3efce5d80a/json HTTP/1.1
18:30:11.568 [Test worker] DEBUG com.github.dockerjava.zerodep.shaded.org.apache.hc.client5.http.impl.classic.InternalHttpClient - ep-00000005: start execution ex-00000006
18:30:11.568 [Test worker] DEBUG com.github.dockerjava.zerodep.shaded.org.apache.hc.client5.http.impl.io.PoolingHttpClientConnectionManager - ep-00000005: executing exchange ex-00000006 over http-outgoing-0
18:30:11.568 [Test worker] DEBUG com.github.dockerjava.zerodep.shaded.org.apache.hc.client5.http.headers - http-outgoing-0 >> GET /v1.32/containers/9bdf041c3230c3fcf79505e30f2e080525c374c1eb112b27baca9f3efce5d80a/json HTTP/1.1
18:30:11.568 [Test worker] DEBUG com.github.dockerjava.zerodep.shaded.org.apache.hc.client5.http.headers - http-outgoing-0 >> accept: application/json
18:30:11.568 [Test worker] DEBUG com.github.dockerjava.zerodep.shaded.org.apache.hc.client5.http.headers - http-outgoing-0 >> x-tc-sid: cdd139c9-cde1-4429-bea7-edb0e651ba16
18:30:11.568 [Test worker] DEBUG com.github.dockerjava.zerodep.shaded.org.apache.hc.client5.http.headers - http-outgoing-0 >> Accept-Encoding: gzip, x-gzip, deflate
18:30:11.568 [Test worker] DEBUG com.github.dockerjava.zerodep.shaded.org.apache.hc.client5.http.headers - http-outgoing-0 >> Host: localhost:2375
18:30:11.568 [Test worker] DEBUG com.github.dockerjava.zerodep.shaded.org.apache.hc.client5.http.headers - http-outgoing-0 >> Connection: keep-alive
18:30:11.568 [Test worker] DEBUG com.github.dockerjava.zerodep.shaded.org.apache.hc.client5.http.headers - http-outgoing-0 >> User-Agent: Apache-HttpClient/5.0.3 (Java/17.0.2)
18:30:11.568 [Test worker] DEBUG com.github.dockerjava.zerodep.shaded.org.apache.hc.client5.http.wire - http-outgoing-0 >> "GET /v1.32/containers/9bdf041c3230c3fcf79505e30f2e080525c374c1eb112b27baca9f3efce5d80a/json HTTP/1.1[\r][\n]"
18:30:11.568 [Test worker] DEBUG com.github.dockerjava.zerodep.shaded.org.apache.hc.client5.http.wire - http-outgoing-0 >> "accept: application/json[\r][\n]"
18:30:11.569 [Test worker] DEBUG com.github.dockerjava.zerodep.shaded.org.apache.hc.client5.http.wire - http-outgoing-0 >> "x-tc-sid: cdd139c9-cde1-4429-bea7-edb0e651ba16[\r][\n]"
18:30:11.569 [Test worker] DEBUG com.github.dockerjava.zerodep.shaded.org.apache.hc.client5.http.wire - http-outgoing-0 >> "Accept-Encoding: gzip, x-gzip, deflate[\r][\n]"
18:30:11.569 [Test worker] DEBUG com.github.dockerjava.zerodep.shaded.org.apache.hc.client5.http.wire - http-outgoing-0 >> "Host: localhost:2375[\r][\n]"
18:30:11.569 [Test worker] DEBUG com.github.dockerjava.zerodep.shaded.org.apache.hc.client5.http.wire - http-outgoing-0 >> "Connection: keep-alive[\r][\n]"
18:30:11.569 [Test worker] DEBUG com.github.dockerjava.zerodep.shaded.org.apache.hc.client5.http.wire - http-outgoing-0 >> "User-Agent: Apache-HttpClient/5.0.3 (Java/17.0.2)[\r][\n]"
18:30:11.569 [Test worker] DEBUG com.github.dockerjava.zerodep.shaded.org.apache.hc.client5.http.wire - http-outgoing-0 >> "[\r][\n]"
18:30:11.570 [Test worker] DEBUG com.github.dockerjava.zerodep.shaded.org.apache.hc.client5.http.wire - http-outgoing-0 << "HTTP/1.1 200 OK[\r][\n]"
18:30:11.570 [Test worker] DEBUG com.github.dockerjava.zerodep.shaded.org.apache.hc.client5.http.wire - http-outgoing-0 << "Api-Version: 1.41[\r][\n]"
18:30:11.570 [Test worker] DEBUG com.github.dockerjava.zerodep.shaded.org.apache.hc.client5.http.wire - http-outgoing-0 << "Content-Type: application/json[\r][\n]"
18:30:11.570 [Test worker] DEBUG com.github.dockerjava.zerodep.shaded.org.apache.hc.client5.http.wire - http-outgoing-0 << "Docker-Experimental: false[\r][\n]"
18:30:11.570 [Test worker] DEBUG com.github.dockerjava.zerodep.shaded.org.apache.hc.client5.http.wire - http-outgoing-0 << "Ostype: linux[\r][\n]"
18:30:11.570 [Test worker] DEBUG com.github.dockerjava.zerodep.shaded.org.apache.hc.client5.http.wire - http-outgoing-0 << "Server: Docker/20.10.17 (linux)[\r][\n]"
18:30:11.570 [Test worker] DEBUG com.github.dockerjava.zerodep.shaded.org.apache.hc.client5.http.wire - http-outgoing-0 << "Date: Thu, 08 Dec 2022 21:30:11 GMT[\r][\n]"
18:30:11.570 [Test worker] DEBUG com.github.dockerjava.zerodep.shaded.org.apache.hc.client5.http.wire - http-outgoing-0 << "Transfer-Encoding: chunked[\r][\n]"
18:30:11.570 [Test worker] DEBUG com.github.dockerjava.zerodep.shaded.org.apache.hc.client5.http.wire - http-outgoing-0 << "[\r][\n]"
18:30:11.570 [Test worker] DEBUG com.github.dockerjava.zerodep.shaded.org.apache.hc.client5.http.wire - http-outgoing-0 << "141d[\r][\n]"
18:30:11.570 [Test worker] DEBUG com.github.dockerjava.zerodep.shaded.org.apache.hc.client5.http.wire - http-outgoing-0 << "{"Id":"9bdf041c3230c3fcf79505e30f2e080525c374c1eb112b27baca9f3efce5d80a","Created":"2022-12-08T21:30:11.019376277Z","Path":"/app","Args":[],"State":{"Status":"running","Running":true,"Paused":false,"Restarting":false,"OOMKilled":false,"Dead":false,"Pid":147981,"ExitCode":0,"Error":"","StartedAt":"2022-12-08T21:30:11.553578623Z","FinishedAt":"0001-01-01T00:00:00Z"},"Image":"sha256:64f4b02dc9864d9621d248e55835408a03b3cd8239b790e610c71c29ea45a3b9","ResolvConfPath":"/var/lib/docker/containers/9bdf041c3230c3fcf79505e30f2e080525c374c1eb112b27baca9f3efce5d80a/resolv.conf","HostnamePath":"/var/lib/docker/containers/9bdf041c3230c3fcf79505e30f2e080525c374c1eb112b27baca9f3efce5d80a/hostname","HostsPath":"/var/lib/docker/containers/9bdf041c3230c3fcf79505e30f2e080525c374c1eb112b27baca9f3efce5d80a/hosts","LogPath":"/var/lib/docker/containers/9bdf041c3230c3fcf79505e30f2e080525c374c1eb112b27baca9f3efce5d80a/9bdf041c3230c3fcf79505e30f2e080525c374c1eb112b27baca9f3efce5d80a-json.log","Name":"/testcontainers-ryuk-cdd139c9-cde1-4429-bea7-edb0e651ba16","RestartCount":0,"Driver":"overlay2","Platform":"linux","MountLabel":"","ProcessLabel":"","AppArmorProfile":"docker-default","ExecIDs":null,"HostConfig":{"Binds":["/var/run/docker.sock:/var/run/docker.sock:rw"],"ContainerIDFile":"","LogConfig":{"Type":"json-file","Config":{}},"NetworkMode":"default","PortBindings":{"8080/tcp":[{"HostIp":"","HostPort":""}]},"RestartPolicy":{"Name":"","MaximumRetryCount":0},"AutoRemove":true,"VolumeDriver":"","VolumesFrom":[],"CapAdd":null,"CapDrop":null,"CgroupnsMode":"private","Dns":null,"DnsOptions":null,"DnsSearch":null,"ExtraHosts":[],"GroupAdd":null,"IpcMode":"shareable","Cgroup":"","Links":null,"OomScoreAdj":0,"PidMode":"","Privileged":false,"PublishAllPorts":false,"ReadonlyRootfs":false,"SecurityOpt":null,"UTSMode":"","UsernsMode":"","ShmSize":67108864,"Runtime":"runc","ConsoleSize":[0,0],"Isolation":"","CpuShares":0,"Memory":0,"NanoCpus":0,"CgroupParent":"","BlkioWeight":0,"BlkioWeightDevice":null,"BlkioDeviceReadBps":null,"BlkioDeviceWriteBps":null,"BlkioDeviceReadIOps":null,"BlkioDeviceWriteIOps":null,"CpuPeriod":0,"CpuQuota":0,"CpuRealtimePeriod":0,"CpuRealtimeRuntime":0,"CpusetCpus":"","CpusetMems":"","Devices":null,"DeviceCgroupRules":null,"DeviceRequests":null,"KernelMemory":0,"KernelMemoryTCP":0,"MemoryReservation":0,"MemorySwap":0,"MemorySwappiness":null,"OomKillDisable":null,"PidsLimit":null,"Ulimits":null,"CpuCount":0,"CpuPercent":0,"IOMaximumIOps":0,"IOMaximumBandwidth":0,"MaskedPaths":["/proc/asound","/proc/acpi","/proc/kcore","/proc/keys","/proc/latency_stats","/proc/timer_list","/proc/timer_stats","/proc/sched_debug","/proc/scsi","/sys/firmware"],"ReadonlyPaths":["/proc/bus","/proc/fs","/proc/irq","/proc/sys","/proc/sysrq-trigger"]},"GraphDriver":{"Data":{"LowerDir":"/var/lib/docker/overlay2/665f2f61ff0b8fe03d25fe4781e9ae51f9417603c7577f9320962118ee2e93e9-init/diff:/var/lib/docker/overlay2/dcc2dcf426a37c50b1890c09ae0d52f61084544c243f06e60b5d78a6b77b7042/diff:/var/lib/docker/overlay2/a8ed175c0863664743bed175e19132b216e3539f2562b56651a3d63813b0beed/diff:/var/lib/docker/overlay2/f5e93143944ff1248c65945ce946ae1fbca505c1581ad8872f080e0005494acb/diff","MergedDir":"/var/lib/docker/overlay2/665f2f61ff0b8fe03d25fe4781e9ae51f9417603c7577f9320962118ee2e93e9/merged","UpperDir":"/var/lib/docker/overlay2/665f2f61ff0b8fe03d25fe4781e9ae51f9417603c7577f9320962118ee2e93e9/diff","WorkDir":"/var/lib/docker/overlay2/665f2f61ff0b8fe03d25fe4781e9ae51f9417603c7577f9320962118ee2e93e9/work"},"Name":"overlay2"},"Mounts":[{"Type":"bind","Source":"/var/run/docker.sock","Destination":"/var/run/docker.sock","Mode":"rw","RW":true,"Propagation":"rprivate"}],"Config":{"Hostname":"9bdf041c3230","Domainname":"","User":"","AttachStdin":false,"AttachStdout":false,"AttachStderr":false,"ExposedPorts":{"8080/tcp":{}},"Tty":false,"OpenStdin":false,"StdinOnce":false,"Env":["PATH=/usr/local/sbin:/usr/local/bin:/usr/sbin:/usr/bin:/sbin:/bin"],"Cmd":["/app"],"Image":"testcontainers/ryuk:0.3.3","Volumes":null,"WorkingDir":"","Entrypoint":null,"OnBuild":null,"Labels":{"org.testcontainers":"true"}},"NetworkSettings":{"Bridge":"","SandboxID":"59b472e8ce5cbe2902f48e7a8ccab6a4d545d569dcc563a6614df6af644a7b7c","HairpinMode":false,"LinkLocalIPv6Address":"","LinkLocalIPv6PrefixLen":0,"Ports":{"8080/tcp":[{"HostIp":"0.0.0.0","HostPort":"49155"},{"HostIp":"::","HostPort":"49155"}]},"SandboxKey":"/var/run/docker/netns/59b472e8ce5c","SecondaryIPAddresses":null,"SecondaryIPv6Addresses":null,"EndpointID":"bf356d66ad2bf07542c9bf5b27e90324736868288cbabbd3d7a087ab040a3357","Gateway":"172.17.0.1","GlobalIPv6Address":"","GlobalIPv6PrefixLen":0,"IPAddress":"172.17.0.2","IPPrefixLen":16,"IPv6Gateway":"","MacAddress":"02:42:ac:11:00:02","Networks":{"bridge":{"IPAMConfig":null,"Links":null,"Aliases":null,"NetworkID":"bf06afe94eca8b5ab91eae0dbaa8561a6dd16832d429dcdbaa7ed1e003cfbe56","EndpointID":"bf356d66ad2bf07542c9bf5b27e90324736868288cbabbd3d7a087ab040a3357","Gateway":"172.17.0.1","IPAddress":"172.17.0.2","IPPrefixLen":16,"IPv6Gateway":"","GlobalIPv6Address":"","GlobalIPv6PrefixLen":0,"MacAddress":"02:42:ac:11:00:02","DriverOpts":null}}}}[\n]"
18:30:11.570 [Test worker] DEBUG com.github.dockerjava.zerodep.shaded.org.apache.hc.client5.http.wire - http-outgoing-0 << "[\r][\n]"
18:30:11.570 [Test worker] DEBUG com.github.dockerjava.zerodep.shaded.org.apache.hc.client5.http.wire - http-outgoing-0 << "0[\r][\n]"
18:30:11.570 [Test worker] DEBUG com.github.dockerjava.zerodep.shaded.org.apache.hc.client5.http.wire - http-outgoing-0 << "[\r][\n]"
18:30:11.571 [Test worker] DEBUG com.github.dockerjava.zerodep.shaded.org.apache.hc.client5.http.headers - http-outgoing-0 << HTTP/1.1 200 OK
18:30:11.571 [Test worker] DEBUG com.github.dockerjava.zerodep.shaded.org.apache.hc.client5.http.headers - http-outgoing-0 << Api-Version: 1.41
18:30:11.571 [Test worker] DEBUG com.github.dockerjava.zerodep.shaded.org.apache.hc.client5.http.headers - http-outgoing-0 << Content-Type: application/json
18:30:11.571 [Test worker] DEBUG com.github.dockerjava.zerodep.shaded.org.apache.hc.client5.http.headers - http-outgoing-0 << Docker-Experimental: false
18:30:11.571 [Test worker] DEBUG com.github.dockerjava.zerodep.shaded.org.apache.hc.client5.http.headers - http-outgoing-0 << Ostype: linux
18:30:11.571 [Test worker] DEBUG com.github.dockerjava.zerodep.shaded.org.apache.hc.client5.http.headers - http-outgoing-0 << Server: Docker/20.10.17 (linux)
18:30:11.571 [Test worker] DEBUG com.github.dockerjava.zerodep.shaded.org.apache.hc.client5.http.headers - http-outgoing-0 << Date: Thu, 08 Dec 2022 21:30:11 GMT
18:30:11.571 [Test worker] DEBUG com.github.dockerjava.zerodep.shaded.org.apache.hc.client5.http.headers - http-outgoing-0 << Transfer-Encoding: chunked
18:30:11.571 [Test worker] DEBUG com.github.dockerjava.zerodep.shaded.org.apache.hc.client5.http.impl.classic.MainClientExec - ex-00000006: connection can be kept alive for 3 MINUTES
18:30:11.709 [Test worker] DEBUG com.github.dockerjava.zerodep.shaded.org.apache.hc.client5.http.impl.classic.InternalHttpClient - ep-00000005: releasing valid endpoint
18:30:11.710 [Test worker] DEBUG com.github.dockerjava.zerodep.shaded.org.apache.hc.client5.http.impl.io.PoolingHttpClientConnectionManager - ep-00000005: releasing endpoint
18:30:11.710 [Test worker] DEBUG com.github.dockerjava.zerodep.shaded.org.apache.hc.client5.http.impl.io.PoolingHttpClientConnectionManager - ep-00000005: connection http-outgoing-0 can be kept alive for 3 MINUTES
18:30:11.711 [Test worker] DEBUG com.github.dockerjava.zerodep.shaded.org.apache.hc.client5.http.impl.io.PoolingHttpClientConnectionManager - ep-00000005: connection released [route: {}->unix://localhost:2375][total available: 1; route allocated: 1 of 2147483647; total allocated: 1 of 2147483647]
18:30:11.728 [docker-java-stream--1954198583] DEBUG com.github.dockerjava.zerodep.shaded.org.apache.hc.client5.http.impl.classic.InternalHttpClient - ex-00000007: preparing request execution
18:30:11.729 [docker-java-stream--1954198583] DEBUG com.github.dockerjava.zerodep.shaded.org.apache.hc.client5.http.protocol.RequestAddCookies - Cookie spec selected: strict
18:30:11.729 [docker-java-stream--1954198583] DEBUG com.github.dockerjava.zerodep.shaded.org.apache.hc.client5.http.protocol.RequestAuthCache - Auth cache not set in the context
18:30:11.729 [docker-java-stream--1954198583] DEBUG com.github.dockerjava.zerodep.shaded.org.apache.hc.client5.http.impl.classic.ProtocolExec - ex-00000007: target auth state: UNCHALLENGED
18:30:11.729 [docker-java-stream--1954198583] DEBUG com.github.dockerjava.zerodep.shaded.org.apache.hc.client5.http.impl.classic.ProtocolExec - ex-00000007: proxy auth state: UNCHALLENGED
18:30:11.730 [docker-java-stream--1954198583] DEBUG com.github.dockerjava.zerodep.shaded.org.apache.hc.client5.http.impl.classic.ConnectExec - ex-00000007: acquiring connection with route {}->unix://localhost:2375
18:30:11.730 [docker-java-stream--1954198583] DEBUG com.github.dockerjava.zerodep.shaded.org.apache.hc.client5.http.impl.classic.InternalHttpClient - ex-00000007: acquiring endpoint (3 MINUTES)
18:30:11.730 [docker-java-stream--1954198583] DEBUG com.github.dockerjava.zerodep.shaded.org.apache.hc.client5.http.impl.io.PoolingHttpClientConnectionManager - ex-00000007: endpoint lease request (3 MINUTES) [route: {}->unix://localhost:2375][total available: 1; route allocated: 1 of 2147483647; total allocated: 1 of 2147483647]
18:30:11.730 [docker-java-stream--1954198583] DEBUG com.github.dockerjava.zerodep.shaded.org.apache.hc.client5.http.impl.io.PoolingHttpClientConnectionManager - ex-00000007: endpoint leased [route: {}->unix://localhost:2375][total available: 0; route allocated: 1 of 2147483647; total allocated: 1 of 2147483647]
18:30:11.730 [docker-java-stream--1954198583] DEBUG com.github.dockerjava.zerodep.shaded.org.apache.hc.client5.http.impl.io.PoolingHttpClientConnectionManager - ex-00000007: acquired ep-00000006
18:30:11.730 [docker-java-stream--1954198583] DEBUG com.github.dockerjava.zerodep.shaded.org.apache.hc.client5.http.impl.classic.InternalHttpClient - ex-00000007: acquired endpoint ep-00000006
18:30:11.731 [docker-java-stream--1954198583] DEBUG com.github.dockerjava.zerodep.shaded.org.apache.hc.client5.http.impl.classic.MainClientExec - ex-00000007: executing GET /v1.32/containers/9bdf041c3230c3fcf79505e30f2e080525c374c1eb112b27baca9f3efce5d80a/logs?stdout=true&stderr=true&follow=true&since=0 HTTP/1.1
18:30:11.732 [docker-java-stream--1954198583] DEBUG com.github.dockerjava.zerodep.shaded.org.apache.hc.client5.http.impl.classic.InternalHttpClient - ep-00000006: start execution ex-00000007
18:30:11.732 [docker-java-stream--1954198583] DEBUG com.github.dockerjava.zerodep.shaded.org.apache.hc.client5.http.impl.io.PoolingHttpClientConnectionManager - ep-00000006: executing exchange ex-00000007 over http-outgoing-0
18:30:11.732 [docker-java-stream--1954198583] DEBUG com.github.dockerjava.zerodep.shaded.org.apache.hc.client5.http.headers - http-outgoing-0 >> GET /v1.32/containers/9bdf041c3230c3fcf79505e30f2e080525c374c1eb112b27baca9f3efce5d80a/logs?stdout=true&stderr=true&follow=true&since=0 HTTP/1.1
18:30:11.733 [docker-java-stream--1954198583] DEBUG com.github.dockerjava.zerodep.shaded.org.apache.hc.client5.http.headers - http-outgoing-0 >> x-tc-sid: cdd139c9-cde1-4429-bea7-edb0e651ba16
18:30:11.733 [docker-java-stream--1954198583] DEBUG com.github.dockerjava.zerodep.shaded.org.apache.hc.client5.http.headers - http-outgoing-0 >> Accept-Encoding: gzip, x-gzip, deflate
18:30:11.733 [docker-java-stream--1954198583] DEBUG com.github.dockerjava.zerodep.shaded.org.apache.hc.client5.http.headers - http-outgoing-0 >> Host: localhost:2375
18:30:11.733 [docker-java-stream--1954198583] DEBUG com.github.dockerjava.zerodep.shaded.org.apache.hc.client5.http.headers - http-outgoing-0 >> Connection: keep-alive
18:30:11.733 [docker-java-stream--1954198583] DEBUG com.github.dockerjava.zerodep.shaded.org.apache.hc.client5.http.headers - http-outgoing-0 >> User-Agent: Apache-HttpClient/5.0.3 (Java/17.0.2)
18:30:11.733 [docker-java-stream--1954198583] DEBUG com.github.dockerjava.zerodep.shaded.org.apache.hc.client5.http.wire - http-outgoing-0 >> "GET /v1.32/containers/9bdf041c3230c3fcf79505e30f2e080525c374c1eb112b27baca9f3efce5d80a/logs?stdout=true&stderr=true&follow=true&since=0 HTTP/1.1[\r][\n]"
18:30:11.734 [docker-java-stream--1954198583] DEBUG com.github.dockerjava.zerodep.shaded.org.apache.hc.client5.http.wire - http-outgoing-0 >> "x-tc-sid: cdd139c9-cde1-4429-bea7-edb0e651ba16[\r][\n]"
18:30:11.734 [docker-java-stream--1954198583] DEBUG com.github.dockerjava.zerodep.shaded.org.apache.hc.client5.http.wire - http-outgoing-0 >> "Accept-Encoding: gzip, x-gzip, deflate[\r][\n]"
18:30:11.734 [docker-java-stream--1954198583] DEBUG com.github.dockerjava.zerodep.shaded.org.apache.hc.client5.http.wire - http-outgoing-0 >> "Host: localhost:2375[\r][\n]"
18:30:11.734 [docker-java-stream--1954198583] DEBUG com.github.dockerjava.zerodep.shaded.org.apache.hc.client5.http.wire - http-outgoing-0 >> "Connection: keep-alive[\r][\n]"
18:30:11.734 [docker-java-stream--1954198583] DEBUG com.github.dockerjava.zerodep.shaded.org.apache.hc.client5.http.wire - http-outgoing-0 >> "User-Agent: Apache-HttpClient/5.0.3 (Java/17.0.2)[\r][\n]"
18:30:11.734 [docker-java-stream--1954198583] DEBUG com.github.dockerjava.zerodep.shaded.org.apache.hc.client5.http.wire - http-outgoing-0 >> "[\r][\n]"
18:30:11.735 [docker-java-stream--1954198583] DEBUG com.github.dockerjava.zerodep.shaded.org.apache.hc.client5.http.wire - http-outgoing-0 << "HTTP/1.1 200 OK[\r][\n]"
18:30:11.735 [docker-java-stream--1954198583] DEBUG com.github.dockerjava.zerodep.shaded.org.apache.hc.client5.http.wire - http-outgoing-0 << "Api-Version: 1.41[\r][\n]"
18:30:11.735 [docker-java-stream--1954198583] DEBUG com.github.dockerjava.zerodep.shaded.org.apache.hc.client5.http.wire - http-outgoing-0 << "Docker-Experimental: false[\r][\n]"
18:30:11.735 [docker-java-stream--1954198583] DEBUG com.github.dockerjava.zerodep.shaded.org.apache.hc.client5.http.wire - http-outgoing-0 << "Ostype: linux[\r][\n]"
18:30:11.735 [docker-java-stream--1954198583] DEBUG com.github.dockerjava.zerodep.shaded.org.apache.hc.client5.http.wire - http-outgoing-0 << "Server: Docker/20.10.17 (linux)[\r][\n]"
18:30:11.735 [docker-java-stream--1954198583] DEBUG com.github.dockerjava.zerodep.shaded.org.apache.hc.client5.http.wire - http-outgoing-0 << "Date: Thu, 08 Dec 2022 21:30:11 GMT[\r][\n]"
18:30:11.735 [docker-java-stream--1954198583] DEBUG com.github.dockerjava.zerodep.shaded.org.apache.hc.client5.http.wire - http-outgoing-0 << "Transfer-Encoding: chunked[\r][\n]"
18:30:11.735 [docker-java-stream--1954198583] DEBUG com.github.dockerjava.zerodep.shaded.org.apache.hc.client5.http.wire - http-outgoing-0 << "[\r][\n]"
18:30:11.736 [docker-java-stream--1954198583] DEBUG com.github.dockerjava.zerodep.shaded.org.apache.hc.client5.http.headers - http-outgoing-0 << HTTP/1.1 200 OK
18:30:11.736 [docker-java-stream--1954198583] DEBUG com.github.dockerjava.zerodep.shaded.org.apache.hc.client5.http.headers - http-outgoing-0 << Api-Version: 1.41
18:30:11.736 [docker-java-stream--1954198583] DEBUG com.github.dockerjava.zerodep.shaded.org.apache.hc.client5.http.headers - http-outgoing-0 << Docker-Experimental: false
18:30:11.736 [docker-java-stream--1954198583] DEBUG com.github.dockerjava.zerodep.shaded.org.apache.hc.client5.http.headers - http-outgoing-0 << Ostype: linux
18:30:11.736 [docker-java-stream--1954198583] DEBUG com.github.dockerjava.zerodep.shaded.org.apache.hc.client5.http.headers - http-outgoing-0 << Server: Docker/20.10.17 (linux)
18:30:11.736 [docker-java-stream--1954198583] DEBUG com.github.dockerjava.zerodep.shaded.org.apache.hc.client5.http.headers - http-outgoing-0 << Date: Thu, 08 Dec 2022 21:30:11 GMT
18:30:11.736 [docker-java-stream--1954198583] DEBUG com.github.dockerjava.zerodep.shaded.org.apache.hc.client5.http.headers - http-outgoing-0 << Transfer-Encoding: chunked
18:30:11.736 [docker-java-stream--1954198583] DEBUG com.github.dockerjava.zerodep.shaded.org.apache.hc.client5.http.impl.classic.MainClientExec - ex-00000007: connection can be kept alive for 3 MINUTES
18:30:11.737 [docker-java-stream--1954198583] DEBUG com.github.dockerjava.zerodep.shaded.org.apache.hc.client5.http.wire - http-outgoing-0 << "2e[\r][\n]"
18:30:11.737 [docker-java-stream--1954198583] DEBUG com.github.dockerjava.zerodep.shaded.org.apache.hc.client5.http.wire - http-outgoing-0 << "[0x2][0x0][0x0][0x0][0x0][0x0][0x0]&2022/12/08 21:30:11 Pinging Docker...[\n]"
18:30:11.737 [docker-java-stream--1954198583] DEBUG com.github.dockerjava.zerodep.shaded.org.apache.hc.client5.http.wire - http-outgoing-0 << "[\r][\n]"
18:30:11.737 [docker-java-stream--1954198583] DEBUG com.github.dockerjava.zerodep.shaded.org.apache.hc.client5.http.wire - http-outgoing-0 << "38[\r][\n]"
18:30:11.738 [docker-java-stream--1954198583] DEBUG com.github.dockerjava.zerodep.shaded.org.apache.hc.client5.http.wire - http-outgoing-0 << "[0x2][0x0][0x0][0x0][0x0][0x0][0x0]02022/12/08 21:30:11 Docker daemon is available![\n]"
18:30:11.738 [docker-java-stream--1954198583] DEBUG com.github.dockerjava.zerodep.shaded.org.apache.hc.client5.http.wire - http-outgoing-0 << "[\r][\n]"
18:30:11.738 [docker-java-stream--1954198583] DEBUG com.github.dockerjava.zerodep.shaded.org.apache.hc.client5.http.wire - http-outgoing-0 << "35[\r][\n]"
18:30:11.738 [docker-java-stream--1954198583] DEBUG com.github.dockerjava.zerodep.shaded.org.apache.hc.client5.http.wire - http-outgoing-0 << "[0x2][0x0][0x0][0x0][0x0][0x0][0x0]-2022/12/08 21:30:11 Starting on port 8080...[\n]"
18:30:11.738 [docker-java-stream--1954198583] DEBUG com.github.dockerjava.zerodep.shaded.org.apache.hc.client5.http.wire - http-outgoing-0 << "[\r][\n]"
18:30:11.738 [docker-java-stream--1954198583] DEBUG com.github.dockerjava.zerodep.shaded.org.apache.hc.client5.http.wire - http-outgoing-0 << "25[\r][\n]"
18:30:11.738 [docker-java-stream--1954198583] DEBUG com.github.dockerjava.zerodep.shaded.org.apache.hc.client5.http.wire - http-outgoing-0 << "[0x2][0x0][0x0][0x0][0x0][0x0][0x0][0x1d]2022/12/08 21:30:11 Started![\n]"
18:30:11.738 [docker-java-stream--1954198583] DEBUG com.github.dockerjava.zerodep.shaded.org.apache.hc.client5.http.wire - http-outgoing-0 << "[\r][\n]"
18:30:11.741 [Test worker] DEBUG org.testcontainers.containers.output.WaitingConsumer - STDERR: 2022/12/08 21:30:11 Started!
18:30:11.744 [Test worker] DEBUG com.github.dockerjava.zerodep.shaded.org.apache.hc.client5.http.impl.classic.InternalHttpClient - ep-00000006: cancel
18:30:11.745 [docker-java-stream--1954198583] DEBUG com.github.dockerjava.zerodep.shaded.org.apache.hc.client5.http.wire - http-outgoing-0 << "[read] I/O error: null"
18:30:11.745 [Test worker] DEBUG com.github.dockerjava.zerodep.shaded.org.apache.hc.client5.http.impl.io.DefaultManagedHttpClientConnection - http-outgoing-0: close connection IMMEDIATE
18:30:11.746 [docker-java-stream--1954198583] DEBUG com.github.dockerjava.zerodep.shaded.org.apache.hc.client5.http.wire - http-outgoing-0 << "[read] I/O error: null"
18:30:11.746 [Test worker] DEBUG com.github.dockerjava.zerodep.shaded.org.apache.hc.client5.http.impl.classic.InternalHttpClient - ep-00000006: endpoint closed
18:30:11.746 [Test worker] DEBUG com.github.dockerjava.zerodep.shaded.org.apache.hc.client5.http.impl.classic.InternalHttpClient - ep-00000006: discarding endpoint
18:30:11.747 [Test worker] DEBUG com.github.dockerjava.zerodep.shaded.org.apache.hc.client5.http.impl.io.PoolingHttpClientConnectionManager - ep-00000006: releasing endpoint
18:30:11.752 [Test worker] DEBUG com.github.dockerjava.zerodep.shaded.org.apache.hc.client5.http.impl.io.PoolingHttpClientConnectionManager - ep-00000006: connection is not kept alive
18:30:11.752 [docker-java-stream--1954198583] DEBUG com.github.dockerjava.zerodep.ApacheDockerHttpClientImpl$ApacheResponse - Failed to close the response
java.nio.channels.ClosedChannelException: null
	at java.base/sun.nio.ch.SocketChannelImpl.ensureOpenAndConnected(SocketChannelImpl.java:215)
	at java.base/sun.nio.ch.SocketChannelImpl.read(SocketChannelImpl.java:403)
	at java.base/sun.nio.ch.ChannelInputStream.read(ChannelInputStream.java:59)
	at java.base/sun.nio.ch.ChannelInputStream.read(ChannelInputStream.java:107)
	at java.base/sun.nio.ch.ChannelInputStream.read(ChannelInputStream.java:101)
	at com.github.dockerjava.zerodep.shaded.org.apache.hc.client5.http.impl.io.LoggingInputStream.read(LoggingInputStream.java:81)
	at com.github.dockerjava.zerodep.shaded.org.apache.hc.core5.http.impl.io.SessionInputBufferImpl.fillBuffer(SessionInputBufferImpl.java:149)
	at com.github.dockerjava.zerodep.shaded.org.apache.hc.core5.http.impl.io.SessionInputBufferImpl.readLine(SessionInputBufferImpl.java:280)
	at com.github.dockerjava.zerodep.shaded.org.apache.hc.core5.http.impl.io.ChunkedInputStream.getChunkSize(ChunkedInputStream.java:261)
	at com.github.dockerjava.zerodep.shaded.org.apache.hc.core5.http.impl.io.ChunkedInputStream.nextChunk(ChunkedInputStream.java:222)
	at com.github.dockerjava.zerodep.shaded.org.apache.hc.core5.http.impl.io.ChunkedInputStream.read(ChunkedInputStream.java:147)
	at com.github.dockerjava.zerodep.shaded.org.apache.hc.core5.http.impl.io.ChunkedInputStream.close(ChunkedInputStream.java:314)
	at com.github.dockerjava.zerodep.shaded.org.apache.hc.core5.io.Closer.close(Closer.java:48)
	at com.github.dockerjava.zerodep.shaded.org.apache.hc.core5.http.impl.io.IncomingHttpEntity.close(IncomingHttpEntity.java:111)
	at com.github.dockerjava.zerodep.shaded.org.apache.hc.core5.http.io.entity.HttpEntityWrapper.close(HttpEntityWrapper.java:120)
	at com.github.dockerjava.zerodep.shaded.org.apache.hc.core5.io.Closer.close(Closer.java:48)
	at com.github.dockerjava.zerodep.shaded.org.apache.hc.core5.http.message.BasicClassicHttpResponse.close(BasicClassicHttpResponse.java:93)
	at com.github.dockerjava.zerodep.shaded.org.apache.hc.client5.http.impl.classic.CloseableHttpResponse.close(CloseableHttpResponse.java:200)
	at com.github.dockerjava.zerodep.ApacheDockerHttpClientImpl$ApacheResponse.close(ApacheDockerHttpClientImpl.java:256)
	at org.testcontainers.shaded.com.github.dockerjava.core.DefaultInvocationBuilder.lambda$executeAndStream$1(DefaultInvocationBuilder.java:277)
	at java.base/java.lang.Thread.run(Thread.java:833)
18:30:11.752 [Test worker] DEBUG com.github.dockerjava.zerodep.shaded.org.apache.hc.client5.http.impl.io.PoolingHttpClientConnectionManager - ep-00000006: connection released [route: {}->unix://localhost:2375][total available: 0; route allocated: 0 of 2147483647; total allocated: 0 of 2147483647]
18:30:11.758 [Test worker] INFO ]]>&#x1f433;<![CDATA[ [testcontainers/ryuk:0.3.3] - Container testcontainers/ryuk:0.3.3 started in PT1.506542278S
18:30:11.771 [testcontainers-ryuk] DEBUG org.testcontainers.utility.ResourceReaper - Sending 'label=org.testcontainers%3Dtrue&label=org.testcontainers.sessionId%3Dcdd139c9-cde1-4429-bea7-edb0e651ba16' to Ryuk
18:30:11.772 [testcontainers-ryuk] DEBUG org.testcontainers.utility.RyukResourceReaper - Received 'ACK' from Ryuk
18:30:11.772 [Test worker] INFO org.testcontainers.utility.RyukResourceReaper - Ryuk started - will monitor and terminate Testcontainers containers on JVM exit
18:30:11.772 [Test worker] DEBUG org.testcontainers.DockerClientFactory - Checks are enabled
18:30:11.772 [Test worker] INFO org.testcontainers.DockerClientFactory - Checking the system...
18:30:11.773 [Test worker] INFO org.testcontainers.DockerClientFactory - ✔︎ Docker server version should be at least 1.6.0
18:30:11.778 [Test worker] DEBUG org.testcontainers.utility.PrefixingImageNameSubstitutor - No prefix is configured
18:30:11.779 [Test worker] DEBUG org.testcontainers.utility.ImageNameSubstitutor - Did not find a substitute image for mysql:latest (using image substitutor: DefaultImageNameSubstitutor (composite of 'ConfigurationFileImageNameSubstitutor' and 'PrefixingImageNameSubstitutor'))
18:30:11.779 [Test worker] DEBUG org.testcontainers.images.AbstractImagePullPolicy - Using locally available and not pulling image: mysql:latest
18:30:11.780 [Test worker] DEBUG ]]>&#x1f433;<![CDATA[ [mysql:latest] - Starting container: mysql:latest
18:30:11.780 [Test worker] DEBUG ]]>&#x1f433;<![CDATA[ [mysql:latest] - Trying to start container: mysql:latest (attempt 1/3)
18:30:11.781 [Test worker] DEBUG ]]>&#x1f433;<![CDATA[ [mysql:latest] - Starting container: mysql:latest
18:30:11.781 [Test worker] INFO ]]>&#x1f433;<![CDATA[ [mysql:latest] - Creating container for image: mysql:latest
18:30:11.782 [Test worker] DEBUG org.testcontainers.utility.RegistryAuthLocator - Looking up auth config for image: mysql:latest at registry: https://index.docker.io/v1/
18:30:11.783 [Test worker] DEBUG org.testcontainers.utility.RegistryAuthLocator - Cached auth found: [AuthConfig{username=allancordeiros, password=hidden non-blank value, auth=hidden non-blank value, email=null, registryAddress=https://index.docker.io/v1/, registryToken=blank}]
18:30:11.783 [Test worker] DEBUG org.testcontainers.dockerclient.AuthDelegatingDockerClientConfig - Effective auth config [AuthConfig{username=allancordeiros, password=hidden non-blank value, auth=hidden non-blank value, email=null, registryAddress=https://index.docker.io/v1/, registryToken=blank}]
18:30:11.783 [Test worker] DEBUG org.testcontainers.shaded.com.github.dockerjava.core.command.AbstrDockerCmd - Cmd: org.testcontainers.shaded.com.github.dockerjava.core.command.CreateContainerCmdImpl@4cb40e3b[aliases=<null>,argsEscaped=<null>,attachStderr=<null>,attachStdin=<null>,attachStdout=<null>,authConfig=AuthConfig(username=allancordeiros, email=null, registryAddress=https://index.docker.io/v1/, stackOrchestrator=null),cmd={},domainName=<null>,entrypoint=<null>,env={MYSQL_DATABASE=adm_videos,MYSQL_PASSWORD=123456,MYSQL_ROOT_PASSWORD=123456},exposedPorts=ExposedPorts(exposedPorts=[3306/tcp]),healthcheck=<null>,hostConfig=HostConfig(binds=[], blkioWeight=null, blkioWeightDevice=null, blkioDeviceReadBps=null, blkioDeviceWriteBps=null, blkioDeviceReadIOps=null, blkioDeviceWriteIOps=null, memorySwappiness=null, nanoCPUs=null, capAdd=null, capDrop=null, containerIDFile=null, cpuPeriod=null, cpuRealtimePeriod=null, cpuRealtimeRuntime=null, cpuShares=null, cpuQuota=null, cpusetCpus=null, cpusetMems=null, devices=null, deviceCgroupRules=null, deviceRequests=null, diskQuota=null, dns=null, dnsOptions=null, dnsSearch=null, extraHosts=[], groupAdd=null, ipcMode=null, cgroup=null, links=[], logConfig=LogConfig(type=null, config=null), lxcConf=null, memory=null, memorySwap=null, memoryReservation=null, kernelMemory=null, networkMode=null, oomKillDisable=null, init=null, autoRemove=null, oomScoreAdj=null, portBindings={3306/tcp=[Lcom.github.dockerjava.api.model.Ports$Binding;@ac20bb4}, privileged=null, publishAllPorts=null, readonlyRootfs=null, restartPolicy=null, ulimits=null, cpuCount=null, cpuPercent=null, ioMaximumIOps=null, ioMaximumBandwidth=null, volumesFrom=[], mounts=null, pidMode=null, isolation=null, securityOpts=null, storageOpt=null, cgroupParent=null, volumeDriver=null, shmSize=null, pidsLimit=null, runtime=null, tmpFs=null, utSMode=null, usernsMode=null, sysctls=null, consoleSize=null, cgroupnsMode=null),hostName=<null>,image=mysql:latest,ipv4Address=<null>,ipv6Address=<null>,labels={org.testcontainers=true, org.testcontainers.sessionId=cdd139c9-cde1-4429-bea7-edb0e651ba16},macAddress=<null>,name=<null>,networkDisabled=<null>,networkingConfig=<null>,onBuild=<null>,platform=<null>,portSpecs=<null>,shell=<null>,stdInOnce=<null>,stdinOpen=<null>,stopSignal=<null>,stopTimeout=<null>,tty=<null>,user=<null>,volumes=Volumes(volumes=[]),workingDir=<null>]
18:30:11.788 [Test worker] DEBUG com.github.dockerjava.zerodep.shaded.org.apache.hc.client5.http.impl.classic.InternalHttpClient - ex-00000008: preparing request execution
18:30:11.789 [Test worker] DEBUG com.github.dockerjava.zerodep.shaded.org.apache.hc.client5.http.protocol.RequestAddCookies - Cookie spec selected: strict
18:30:11.789 [Test worker] DEBUG com.github.dockerjava.zerodep.shaded.org.apache.hc.client5.http.protocol.RequestAuthCache - Auth cache not set in the context
18:30:11.789 [Test worker] DEBUG com.github.dockerjava.zerodep.shaded.org.apache.hc.client5.http.impl.classic.ProtocolExec - ex-00000008: target auth state: UNCHALLENGED
18:30:11.790 [Test worker] DEBUG com.github.dockerjava.zerodep.shaded.org.apache.hc.client5.http.impl.classic.ProtocolExec - ex-00000008: proxy auth state: UNCHALLENGED
18:30:11.790 [Test worker] DEBUG com.github.dockerjava.zerodep.shaded.org.apache.hc.client5.http.impl.classic.ConnectExec - ex-00000008: acquiring connection with route {}->unix://localhost:2375
18:30:11.790 [Test worker] DEBUG com.github.dockerjava.zerodep.shaded.org.apache.hc.client5.http.impl.classic.InternalHttpClient - ex-00000008: acquiring endpoint (3 MINUTES)
18:30:11.790 [Test worker] DEBUG com.github.dockerjava.zerodep.shaded.org.apache.hc.client5.http.impl.io.PoolingHttpClientConnectionManager - ex-00000008: endpoint lease request (3 MINUTES) [route: {}->unix://localhost:2375][total available: 0; route allocated: 0 of 2147483647; total allocated: 0 of 2147483647]
18:30:11.790 [Test worker] DEBUG com.github.dockerjava.zerodep.shaded.org.apache.hc.client5.http.impl.io.PoolingHttpClientConnectionManager - ex-00000008: endpoint leased [route: {}->unix://localhost:2375][total available: 0; route allocated: 1 of 2147483647; total allocated: 1 of 2147483647]
18:30:11.791 [Test worker] DEBUG com.github.dockerjava.zerodep.shaded.org.apache.hc.client5.http.impl.io.PoolingHttpClientConnectionManager - ex-00000008: acquired ep-00000007
18:30:11.791 [Test worker] DEBUG com.github.dockerjava.zerodep.shaded.org.apache.hc.client5.http.impl.classic.InternalHttpClient - ex-00000008: acquired endpoint ep-00000007
18:30:11.791 [Test worker] DEBUG com.github.dockerjava.zerodep.shaded.org.apache.hc.client5.http.impl.classic.ConnectExec - ex-00000008: opening connection {}->unix://localhost:2375
18:30:11.791 [Test worker] DEBUG com.github.dockerjava.zerodep.shaded.org.apache.hc.client5.http.impl.classic.InternalHttpClient - ep-00000007: connecting endpoint (3 MINUTES)
18:30:11.791 [Test worker] DEBUG com.github.dockerjava.zerodep.shaded.org.apache.hc.client5.http.impl.io.PoolingHttpClientConnectionManager - ep-00000007: connecting endpoint to unix://localhost:2375 (3 MINUTES)
18:30:11.792 [Test worker] DEBUG com.github.dockerjava.zerodep.shaded.org.apache.hc.client5.http.impl.io.DefaultHttpClientConnectionOperator - http-outgoing-1: connecting to localhost/127.0.0.1:2375
18:30:11.793 [Test worker] DEBUG com.github.dockerjava.zerodep.shaded.org.apache.hc.client5.http.impl.io.DefaultHttpClientConnectionOperator - http-outgoing-1: connection established /var/run/docker.sock<->/var/run/docker.sock
18:30:11.793 [Test worker] DEBUG com.github.dockerjava.zerodep.shaded.org.apache.hc.client5.http.impl.io.PoolingHttpClientConnectionManager - ep-00000007: connected http-outgoing-1
18:30:11.793 [Test worker] DEBUG com.github.dockerjava.zerodep.shaded.org.apache.hc.client5.http.impl.classic.InternalHttpClient - ep-00000007: endpoint connected
18:30:11.794 [Test worker] DEBUG com.github.dockerjava.zerodep.shaded.org.apache.hc.client5.http.impl.classic.MainClientExec - ex-00000008: executing POST /v1.32/containers/create HTTP/1.1
18:30:11.794 [Test worker] DEBUG com.github.dockerjava.zerodep.shaded.org.apache.hc.client5.http.impl.classic.InternalHttpClient - ep-00000007: start execution ex-00000008
18:30:11.794 [Test worker] DEBUG com.github.dockerjava.zerodep.shaded.org.apache.hc.client5.http.impl.io.PoolingHttpClientConnectionManager - ep-00000007: executing exchange ex-00000008 over http-outgoing-1
18:30:11.794 [Test worker] DEBUG com.github.dockerjava.zerodep.shaded.org.apache.hc.client5.http.headers - http-outgoing-1 >> POST /v1.32/containers/create HTTP/1.1
18:30:11.794 [Test worker] DEBUG com.github.dockerjava.zerodep.shaded.org.apache.hc.client5.http.headers - http-outgoing-1 >> X-Registry-Auth: eyJ1c2VybmFtZSI6ImFsbGFuY29yZGVpcm9zIiwicGFzc3dvcmQiOiJBUzI4eHAxMEAiLCJlbWFpbCI6bnVsbCwic2VydmVyYWRkcmVzcyI6Imh0dHBzOi8vaW5kZXguZG9ja2VyLmlvL3YxLyIsImF1dGgiOiJZV3hzWVc1amIzSmtaV2x5YjNNNlFWTXlPSGh3TVRCQSIsInJlZ2lzdHJ5dG9rZW4iOm51bGwsImlkZW50aXR5dG9rZW4iOm51bGwsInN0YWNrT3JjaGVzdHJhdG9yIjpudWxsfQ==
18:30:11.795 [Test worker] DEBUG com.github.dockerjava.zerodep.shaded.org.apache.hc.client5.http.headers - http-outgoing-1 >> accept: application/json
18:30:11.795 [Test worker] DEBUG com.github.dockerjava.zerodep.shaded.org.apache.hc.client5.http.headers - http-outgoing-1 >> content-type: application/json
18:30:11.795 [Test worker] DEBUG com.github.dockerjava.zerodep.shaded.org.apache.hc.client5.http.headers - http-outgoing-1 >> x-tc-sid: cdd139c9-cde1-4429-bea7-edb0e651ba16
18:30:11.795 [Test worker] DEBUG com.github.dockerjava.zerodep.shaded.org.apache.hc.client5.http.headers - http-outgoing-1 >> Accept-Encoding: gzip, x-gzip, deflate
18:30:11.795 [Test worker] DEBUG com.github.dockerjava.zerodep.shaded.org.apache.hc.client5.http.headers - http-outgoing-1 >> Content-Length: 1974
18:30:11.796 [Test worker] DEBUG com.github.dockerjava.zerodep.shaded.org.apache.hc.client5.http.headers - http-outgoing-1 >> Host: localhost:2375
18:30:11.796 [Test worker] DEBUG com.github.dockerjava.zerodep.shaded.org.apache.hc.client5.http.headers - http-outgoing-1 >> Connection: keep-alive
18:30:11.796 [Test worker] DEBUG com.github.dockerjava.zerodep.shaded.org.apache.hc.client5.http.headers - http-outgoing-1 >> User-Agent: Apache-HttpClient/5.0.3 (Java/17.0.2)
18:30:11.796 [Test worker] DEBUG com.github.dockerjava.zerodep.shaded.org.apache.hc.client5.http.wire - http-outgoing-1 >> "POST /v1.32/containers/create HTTP/1.1[\r][\n]"
18:30:11.796 [Test worker] DEBUG com.github.dockerjava.zerodep.shaded.org.apache.hc.client5.http.wire - http-outgoing-1 >> "X-Registry-Auth: eyJ1c2VybmFtZSI6ImFsbGFuY29yZGVpcm9zIiwicGFzc3dvcmQiOiJBUzI4eHAxMEAiLCJlbWFpbCI6bnVsbCwic2VydmVyYWRkcmVzcyI6Imh0dHBzOi8vaW5kZXguZG9ja2VyLmlvL3YxLyIsImF1dGgiOiJZV3hzWVc1amIzSmtaV2x5YjNNNlFWTXlPSGh3TVRCQSIsInJlZ2lzdHJ5dG9rZW4iOm51bGwsImlkZW50aXR5dG9rZW4iOm51bGwsInN0YWNrT3JjaGVzdHJhdG9yIjpudWxsfQ==[\r][\n]"
18:30:11.796 [Test worker] DEBUG com.github.dockerjava.zerodep.shaded.org.apache.hc.client5.http.wire - http-outgoing-1 >> "accept: application/json[\r][\n]"
18:30:11.797 [Test worker] DEBUG com.github.dockerjava.zerodep.shaded.org.apache.hc.client5.http.wire - http-outgoing-1 >> "content-type: application/json[\r][\n]"
18:30:11.797 [Test worker] DEBUG com.github.dockerjava.zerodep.shaded.org.apache.hc.client5.http.wire - http-outgoing-1 >> "x-tc-sid: cdd139c9-cde1-4429-bea7-edb0e651ba16[\r][\n]"
18:30:11.797 [Test worker] DEBUG com.github.dockerjava.zerodep.shaded.org.apache.hc.client5.http.wire - http-outgoing-1 >> "Accept-Encoding: gzip, x-gzip, deflate[\r][\n]"
18:30:11.797 [Test worker] DEBUG com.github.dockerjava.zerodep.shaded.org.apache.hc.client5.http.wire - http-outgoing-1 >> "Content-Length: 1974[\r][\n]"
18:30:11.797 [Test worker] DEBUG com.github.dockerjava.zerodep.shaded.org.apache.hc.client5.http.wire - http-outgoing-1 >> "Host: localhost:2375[\r][\n]"
18:30:11.798 [Test worker] DEBUG com.github.dockerjava.zerodep.shaded.org.apache.hc.client5.http.wire - http-outgoing-1 >> "Connection: keep-alive[\r][\n]"
18:30:11.798 [Test worker] DEBUG com.github.dockerjava.zerodep.shaded.org.apache.hc.client5.http.wire - http-outgoing-1 >> "User-Agent: Apache-HttpClient/5.0.3 (Java/17.0.2)[\r][\n]"
18:30:11.798 [Test worker] DEBUG com.github.dockerjava.zerodep.shaded.org.apache.hc.client5.http.wire - http-outgoing-1 >> "[\r][\n]"
18:30:11.798 [Test worker] DEBUG com.github.dockerjava.zerodep.shaded.org.apache.hc.client5.http.wire - http-outgoing-1 >> "{"Hostname":null,"Domainname":null,"User":null,"AttachStdin":null,"AttachStdout":null,"AttachStderr":null,"PortSpecs":null,"Tty":null,"OpenStdin":null,"StdinOnce":null,"Env":["MYSQL_DATABASE=adm_videos","MYSQL_PASSWORD=123456","MYSQL_ROOT_PASSWORD=123456"],"Cmd":[],"Healthcheck":null,"ArgsEscaped":null,"Entrypoint":null,"Image":"mysql:latest","Volumes":{},"WorkingDir":null,"MacAddress":null,"OnBuild":null,"NetworkDisabled":null,"ExposedPorts":{"3306/tcp":{}},"StopSignal":null,"StopTimeout":null,"HostConfig":{"Binds":[],"BlkioWeight":null,"BlkioWeightDevice":null,"BlkioDeviceReadBps":null,"BlkioDeviceWriteBps":null,"BlkioDeviceReadIOps":null,"BlkioDeviceWriteIOps":null,"MemorySwappiness":null,"NanoCpus":null,"CapAdd":null,"CapDrop":null,"ContainerIDFile":null,"CpuPeriod":null,"CpuRealtimePeriod":null,"CpuRealtimeRuntime":null,"CpuShares":null,"CpuQuota":null,"CpusetCpus":null,"CpusetMems":null,"Devices":null,"DeviceCgroupRules":null,"DeviceRequests":null,"DiskQuota":null,"Dns":null,"DnsOptions":null,"DnsSearch":null,"ExtraHosts":[],"GroupAdd":null,"IpcMode":null,"Cgroup":null,"Links":[],"LogConfig":null,"LxcConf":null,"Memory":null,"MemorySwap":null,"MemoryReservation":null,"KernelMemory":null,"NetworkMode":null,"OomKillDisable":null,"Init":null,"AutoRemove":null,"OomScoreAdj":null,"PortBindings":{"3306/tcp":[{"HostIp":"","HostPort":""}]},"Privileged":null,"PublishAllPorts":null,"ReadonlyRootfs":null,"RestartPolicy":null,"Ulimits":null,"CpuCount":null,"CpuPercent":null,"IOMaximumIOps":null,"IOMaximumBandwidth":null,"VolumesFrom":[],"Mounts":null,"PidMode":null,"Isolation":null,"SecurityOpt":null,"StorageOpt":null,"CgroupParent":null,"VolumeDriver":null,"ShmSize":null,"PidsLimit":null,"Runtime":null,"Tmpfs":null,"UTSMode":null,"UsernsMode":null,"Sysctls":null,"ConsoleSize":null,"CgroupnsMode":null},"Labels":{"org.testcontainers":"true","org.testcontainers.sessionId":"cdd139c9-cde1-4429-bea7-edb0e651ba16"},"Shell":null,"NetworkingConfig":null}"
18:30:11.828 [Test worker] DEBUG com.github.dockerjava.zerodep.shaded.org.apache.hc.client5.http.wire - http-outgoing-1 << "HTTP/1.1 201 Created[\r][\n]"
18:30:11.828 [Test worker] DEBUG com.github.dockerjava.zerodep.shaded.org.apache.hc.client5.http.wire - http-outgoing-1 << "Api-Version: 1.41[\r][\n]"
18:30:11.829 [Test worker] DEBUG com.github.dockerjava.zerodep.shaded.org.apache.hc.client5.http.wire - http-outgoing-1 << "Content-Type: application/json[\r][\n]"
18:30:11.829 [Test worker] DEBUG com.github.dockerjava.zerodep.shaded.org.apache.hc.client5.http.wire - http-outgoing-1 << "Docker-Experimental: false[\r][\n]"
18:30:11.829 [Test worker] DEBUG com.github.dockerjava.zerodep.shaded.org.apache.hc.client5.http.wire - http-outgoing-1 << "Ostype: linux[\r][\n]"
18:30:11.829 [Test worker] DEBUG com.github.dockerjava.zerodep.shaded.org.apache.hc.client5.http.wire - http-outgoing-1 << "Server: Docker/20.10.17 (linux)[\r][\n]"
18:30:11.829 [Test worker] DEBUG com.github.dockerjava.zerodep.shaded.org.apache.hc.client5.http.wire - http-outgoing-1 << "Date: Thu, 08 Dec 2022 21:30:11 GMT[\r][\n]"
18:30:11.829 [Test worker] DEBUG com.github.dockerjava.zerodep.shaded.org.apache.hc.client5.http.wire - http-outgoing-1 << "Content-Length: 88[\r][\n]"
18:30:11.829 [Test worker] DEBUG com.github.dockerjava.zerodep.shaded.org.apache.hc.client5.http.wire - http-outgoing-1 << "[\r][\n]"
18:30:11.829 [Test worker] DEBUG com.github.dockerjava.zerodep.shaded.org.apache.hc.client5.http.wire - http-outgoing-1 << "{"Id":"b4fc7afd97457a2a6ec84592488a57f900fa52ed03fcd2dbaf8a116bc1f50ab3","Warnings":[]}[\n]"
18:30:11.831 [Test worker] DEBUG com.github.dockerjava.zerodep.shaded.org.apache.hc.client5.http.headers - http-outgoing-1 << HTTP/1.1 201 Created
18:30:11.832 [Test worker] DEBUG com.github.dockerjava.zerodep.shaded.org.apache.hc.client5.http.headers - http-outgoing-1 << Api-Version: 1.41
18:30:11.832 [Test worker] DEBUG com.github.dockerjava.zerodep.shaded.org.apache.hc.client5.http.headers - http-outgoing-1 << Content-Type: application/json
18:30:11.832 [Test worker] DEBUG com.github.dockerjava.zerodep.shaded.org.apache.hc.client5.http.headers - http-outgoing-1 << Docker-Experimental: false
18:30:11.832 [Test worker] DEBUG com.github.dockerjava.zerodep.shaded.org.apache.hc.client5.http.headers - http-outgoing-1 << Ostype: linux
18:30:11.832 [Test worker] DEBUG com.github.dockerjava.zerodep.shaded.org.apache.hc.client5.http.headers - http-outgoing-1 << Server: Docker/20.10.17 (linux)
18:30:11.832 [Test worker] DEBUG com.github.dockerjava.zerodep.shaded.org.apache.hc.client5.http.headers - http-outgoing-1 << Date: Thu, 08 Dec 2022 21:30:11 GMT
18:30:11.832 [Test worker] DEBUG com.github.dockerjava.zerodep.shaded.org.apache.hc.client5.http.headers - http-outgoing-1 << Content-Length: 88
18:30:11.833 [Test worker] DEBUG com.github.dockerjava.zerodep.shaded.org.apache.hc.client5.http.impl.classic.MainClientExec - ex-00000008: connection can be kept alive for 3 MINUTES
18:30:11.834 [Test worker] DEBUG com.github.dockerjava.zerodep.shaded.org.apache.hc.client5.http.impl.classic.InternalHttpClient - ep-00000007: releasing valid endpoint
18:30:11.834 [Test worker] DEBUG com.github.dockerjava.zerodep.shaded.org.apache.hc.client5.http.impl.io.PoolingHttpClientConnectionManager - ep-00000007: releasing endpoint
18:30:11.834 [Test worker] DEBUG com.github.dockerjava.zerodep.shaded.org.apache.hc.client5.http.impl.io.PoolingHttpClientConnectionManager - ep-00000007: connection http-outgoing-1 can be kept alive for 3 MINUTES
18:30:11.834 [Test worker] DEBUG com.github.dockerjava.zerodep.shaded.org.apache.hc.client5.http.impl.io.PoolingHttpClientConnectionManager - ep-00000007: connection released [route: {}->unix://localhost:2375][total available: 1; route allocated: 1 of 2147483647; total allocated: 1 of 2147483647]
18:30:11.840 [Test worker] DEBUG org.testcontainers.utility.MountableFile - Copying classpath resource(s) from jar:file:/home/allan/.gradle/caches/modules-2/files-2.1/org.testcontainers/mysql/1.17.2/68c05b0ef11b76a66a42ba6b5a476d84a3a06ec6/mysql-1.17.2.jar!/mysql-default-conf to /tmp/.testcontainers-tmp-6014929924203667021 to permit Docker to bind
18:30:11.840 [Test worker] DEBUG org.testcontainers.utility.MountableFile - Copying resource mysql-default-conf from JAR file /home/allan/.gradle/caches/modules-2/files-2.1/org.testcontainers/mysql/1.17.2/68c05b0ef11b76a66a42ba6b5a476d84a3a06ec6/mysql-1.17.2.jar
18:30:11.840 [Test worker] DEBUG org.testcontainers.utility.MountableFile - Copying classpath resource(s) from jar:file:/home/allan/.gradle/caches/modules-2/files-2.1/org.testcontainers/mysql/1.17.2/68c05b0ef11b76a66a42ba6b5a476d84a3a06ec6/mysql-1.17.2.jar!/mysql-default-conf to /tmp/.testcontainers-tmp-6014929924203667021 to permit Docker to bind
18:30:11.840 [Test worker] DEBUG org.testcontainers.utility.MountableFile - Copying resource mysql-default-conf from JAR file /home/allan/.gradle/caches/modules-2/files-2.1/org.testcontainers/mysql/1.17.2/68c05b0ef11b76a66a42ba6b5a476d84a3a06ec6/mysql-1.17.2.jar
18:30:11.858 [Test worker] DEBUG org.testcontainers.shaded.com.github.dockerjava.core.command.AbstrDockerCmd - Cmd: org.testcontainers.shaded.com.github.dockerjava.core.command.CopyArchiveToContainerCmdImpl@3a175162[cp ,<null>, ,b4fc7afd97457a2a6ec84592488a57f900fa52ed03fcd2dbaf8a116bc1f50ab3,:,/]
18:30:11.860 [Test worker] DEBUG com.github.dockerjava.zerodep.shaded.org.apache.hc.client5.http.impl.classic.InternalHttpClient - ex-00000009: preparing request execution
18:30:11.861 [Test worker] DEBUG com.github.dockerjava.zerodep.shaded.org.apache.hc.client5.http.protocol.RequestAddCookies - Cookie spec selected: strict
18:30:11.861 [Test worker] DEBUG com.github.dockerjava.zerodep.shaded.org.apache.hc.client5.http.protocol.RequestAuthCache - Auth cache not set in the context
18:30:11.861 [Test worker] DEBUG com.github.dockerjava.zerodep.shaded.org.apache.hc.client5.http.impl.classic.ProtocolExec - ex-00000009: target auth state: UNCHALLENGED
18:30:11.861 [Test worker] DEBUG com.github.dockerjava.zerodep.shaded.org.apache.hc.client5.http.impl.classic.ProtocolExec - ex-00000009: proxy auth state: UNCHALLENGED
18:30:11.861 [Test worker] DEBUG com.github.dockerjava.zerodep.shaded.org.apache.hc.client5.http.impl.classic.ConnectExec - ex-00000009: acquiring connection with route {}->unix://localhost:2375
18:30:11.861 [Test worker] DEBUG com.github.dockerjava.zerodep.shaded.org.apache.hc.client5.http.impl.classic.InternalHttpClient - ex-00000009: acquiring endpoint (3 MINUTES)
18:30:11.861 [Test worker] DEBUG com.github.dockerjava.zerodep.shaded.org.apache.hc.client5.http.impl.io.PoolingHttpClientConnectionManager - ex-00000009: endpoint lease request (3 MINUTES) [route: {}->unix://localhost:2375][total available: 1; route allocated: 1 of 2147483647; total allocated: 1 of 2147483647]
18:30:11.862 [Test worker] DEBUG com.github.dockerjava.zerodep.shaded.org.apache.hc.client5.http.impl.io.PoolingHttpClientConnectionManager - ex-00000009: endpoint leased [route: {}->unix://localhost:2375][total available: 0; route allocated: 1 of 2147483647; total allocated: 1 of 2147483647]
18:30:11.862 [Test worker] DEBUG com.github.dockerjava.zerodep.shaded.org.apache.hc.client5.http.impl.io.PoolingHttpClientConnectionManager - ex-00000009: acquired ep-00000008
18:30:11.862 [Test worker] DEBUG com.github.dockerjava.zerodep.shaded.org.apache.hc.client5.http.impl.classic.InternalHttpClient - ex-00000009: acquired endpoint ep-00000008
18:30:11.862 [Test worker] DEBUG com.github.dockerjava.zerodep.shaded.org.apache.hc.client5.http.impl.classic.MainClientExec - ex-00000009: executing PUT /v1.32/containers/b4fc7afd97457a2a6ec84592488a57f900fa52ed03fcd2dbaf8a116bc1f50ab3/archive?noOverwriteDirNonDir=false&path=%2F HTTP/1.1
18:30:11.862 [Test worker] DEBUG com.github.dockerjava.zerodep.shaded.org.apache.hc.client5.http.impl.classic.InternalHttpClient - ep-00000008: start execution ex-00000009
18:30:11.862 [Test worker] DEBUG com.github.dockerjava.zerodep.shaded.org.apache.hc.client5.http.impl.io.PoolingHttpClientConnectionManager - ep-00000008: executing exchange ex-00000009 over http-outgoing-1
18:30:11.862 [Test worker] DEBUG com.github.dockerjava.zerodep.shaded.org.apache.hc.client5.http.headers - http-outgoing-1 >> PUT /v1.32/containers/b4fc7afd97457a2a6ec84592488a57f900fa52ed03fcd2dbaf8a116bc1f50ab3/archive?noOverwriteDirNonDir=false&path=%2F HTTP/1.1
18:30:11.863 [Test worker] DEBUG com.github.dockerjava.zerodep.shaded.org.apache.hc.client5.http.headers - http-outgoing-1 >> content-type: APPLICATION_X_TAR
18:30:11.863 [Test worker] DEBUG com.github.dockerjava.zerodep.shaded.org.apache.hc.client5.http.headers - http-outgoing-1 >> x-tc-sid: cdd139c9-cde1-4429-bea7-edb0e651ba16
18:30:11.863 [Test worker] DEBUG com.github.dockerjava.zerodep.shaded.org.apache.hc.client5.http.headers - http-outgoing-1 >> Accept-Encoding: gzip, x-gzip, deflate
18:30:11.863 [Test worker] DEBUG com.github.dockerjava.zerodep.shaded.org.apache.hc.client5.http.headers - http-outgoing-1 >> Transfer-Encoding: chunked
18:30:11.863 [Test worker] DEBUG com.github.dockerjava.zerodep.shaded.org.apache.hc.client5.http.headers - http-outgoing-1 >> Host: localhost:2375
18:30:11.863 [Test worker] DEBUG com.github.dockerjava.zerodep.shaded.org.apache.hc.client5.http.headers - http-outgoing-1 >> Connection: keep-alive
18:30:11.863 [Test worker] DEBUG com.github.dockerjava.zerodep.shaded.org.apache.hc.client5.http.headers - http-outgoing-1 >> User-Agent: Apache-HttpClient/5.0.3 (Java/17.0.2)
18:30:11.863 [Test worker] DEBUG com.github.dockerjava.zerodep.shaded.org.apache.hc.client5.http.wire - http-outgoing-1 >> "PUT /v1.32/containers/b4fc7afd97457a2a6ec84592488a57f900fa52ed03fcd2dbaf8a116bc1f50ab3/archive?noOverwriteDirNonDir=false&path=%2F HTTP/1.1[\r][\n]"
18:30:11.863 [Test worker] DEBUG com.github.dockerjava.zerodep.shaded.org.apache.hc.client5.http.wire - http-outgoing-1 >> "content-type: APPLICATION_X_TAR[\r][\n]"
18:30:11.864 [Test worker] DEBUG com.github.dockerjava.zerodep.shaded.org.apache.hc.client5.http.wire - http-outgoing-1 >> "x-tc-sid: cdd139c9-cde1-4429-bea7-edb0e651ba16[\r][\n]"
18:30:11.864 [Test worker] DEBUG com.github.dockerjava.zerodep.shaded.org.apache.hc.client5.http.wire - http-outgoing-1 >> "Accept-Encoding: gzip, x-gzip, deflate[\r][\n]"
18:30:11.864 [Test worker] DEBUG com.github.dockerjava.zerodep.shaded.org.apache.hc.client5.http.wire - http-outgoing-1 >> "Transfer-Encoding: chunked[\r][\n]"
18:30:11.864 [Test worker] DEBUG com.github.dockerjava.zerodep.shaded.org.apache.hc.client5.http.wire - http-outgoing-1 >> "Host: localhost:2375[\r][\n]"
18:30:11.864 [Test worker] DEBUG com.github.dockerjava.zerodep.shaded.org.apache.hc.client5.http.wire - http-outgoing-1 >> "Connection: keep-alive[\r][\n]"
18:30:11.864 [Test worker] DEBUG com.github.dockerjava.zerodep.shaded.org.apache.hc.client5.http.wire - http-outgoing-1 >> "User-Agent: Apache-HttpClient/5.0.3 (Java/17.0.2)[\r][\n]"
18:30:11.864 [Test worker] DEBUG com.github.dockerjava.zerodep.shaded.org.apache.hc.client5.http.wire - http-outgoing-1 >> "[\r][\n]"
18:30:11.864 [Test worker] DEBUG com.github.dockerjava.zerodep.shaded.org.apache.hc.client5.http.wire - http-outgoing-1 >> "1000[\r][\n]"
18:30:11.864 [Test worker] DEBUG com.github.dockerjava.zerodep.shaded.org.apache.hc.client5.http.wire - http-outgoing-1 >> "etc/mysql/conf.d/[0x0][0x0][0x0][0x0][0x0][0x0][0x0][0x0][0x0][0x0][0x0][0x0][0x0][0x0][0x0][0x0][0x0][0x0][0x0][0x0][0x0][0x0][0x0][0x0][0x0][0x0][0x0][0x0][0x0][0x0][0x0][0x0][0x0][0x0][0x0][0x0][0x0][0x0][0x0][0x0][0x0][0x0][0x0][0x0][0x0][0x0][0x0][0x0][0x0][0x0][0x0][0x0][0x0][0x0][0x0][0x0][0x0][0x0][0x0][0x0][0x0][0x0][0x0][0x0][0x0][0x0][0x0][0x0][0x0][0x0][0x0][0x0][0x0][0x0][0x0][0x0][0x0][0x0][0x0][0x0][0x0][0x0][0x0]0040775 0001750 0001750 00000000000 14344453543 014764[0x0] 5[0x0][0x0][0x0][0x0][0x0][0x0][0x0][0x0][0x0][0x0][0x0][0x0][0x0][0x0][0x0][0x0][0x0][0x0][0x0][0x0][0x0][0x0][0x0][0x0][0x0][0x0][0x0][0x0][0x0][0x0][0x0][0x0][0x0][0x0][0x0][0x0][0x0][0x0][0x0][0x0][0x0][0x0][0x0][0x0][0x0][0x0][0x0][0x0][0x0][0x0][0x0][0x0][0x0][0x0][0x0][0x0][0x0][0x0][0x0][0x0][0x0][0x0][0x0][0x0][0x0][0x0][0x0][0x0][0x0][0x0][0x0][0x0][0x0][0x0][0x0][0x0][0x0][0x0][0x0][0x0][0x0][0x0][0x0][0x0][0x0][0x0][0x0][0x0][0x0][0x0][0x0][0x0][0x0][0x0][0x0][0x0][0x0][0x0][0x0][0x0]ustar[0x0]00allan[0x0][0x0][0x0][0x0][0x0][0x0][0x0][0x0][0x0][0x0][0x0][0x0][0x0][0x0][0x0][0x0][0x0][0x0][0x0][0x0][0x0][0x0][0x0][0x0][0x0][0x0][0x0]allan[0x0][0x0][0x0][0x0][0x0][0x0][0x0][0x0][0x0][0x0][0x0][0x0][0x0][0x0][0x0][0x0][0x0][0x0][0x0][0x0][0x0][0x0][0x0][0x0][0x0][0x0][0x0]0000000 0000000 [0x0][0x0][0x0][0x0][0x0][0x0][0x0][0x0][0x0][0x0][0x0][0x0][0x0][0x0][0x0][0x0][0x0][0x0][0x0][0x0][0x0][0x0][0x0][0x0][0x0][0x0][0x0][0x0][0x0][0x0][0x0][0x0][0x0][0x0][0x0][0x0][0x0][0x0][0x0][0x0][0x0][0x0][0x0][0x0][0x0][0x0][0x0][0x0][0x0][0x0][0x0][0x0][0x0][0x0][0x0][0x0][0x0][0x0][0x0][0x0][0x0][0x0][0x0][0x0][0x0][0x0][0x0][0x0][0x0][0x0][0x0][0x0][0x0][0x0][0x0][0x0][0x0][0x0][0x0][0x0][0x0][0x0][0x0][0x0][0x0][0x0][0x0][0x0][0x0][0x0][0x0][0x0][0x0][0x0][0x0][0x0][0x0][0x0][0x0][0x0][0x0][0x0][0x0][0x0][0x0][0x0][0x0][0x0][0x0][0x0][0x0][0x0][0x0][0x0][0x0][0x0][0x0][0x0][0x0][0x0][0x0][0x0][0x0][0x0][0x0][0x0][0x0][0x0][0x0][0x0][0x0][0x0][0x0][0x0][0x0][0x0][0x0][0x0][0x0][0x0][0x0][0x0][0x0][0x0][0x0][0x0][0x0][0x0][0x0][0x0][0x0][0x0][0x0][0x0][0x0][0x0][0x0][0x0][0x0][0x0][0x0][0x0][0x0][0x0][0x0][0x0][0x0]etc/mysql/conf.d/my.cnf[0x0][0x0][0x0][0x0][0x0][0x0][0x0][0x0][0x0][0x0][0x0][0x0][0x0][0x0][0x0][0x0][0x0][0x0][0x0][0x0][0x0][0x0][0x0][0x0][0x0][0x0][0x0][0x0][0x0][0x0][0x0][0x0][0x0][0x0][0x0][0x0][0x0][0x0][0x0][0x0][0x0][0x0][0x0][0x0][0x0][0x0][0x0][0x0][0x0][0x0][0x0][0x0][0x0][0x0][0x0][0x0][0x0][0x0][0x0][0x0][0x0][0x0][0x0][0x0][0x0][0x0][0x0][0x0][0x0][0x0][0x0][0x0][0x0][0x0][0x0][0x0][0x0]0100664 0001750 0001750 00000003240 14344453543 016075[0x0] 0[0x0][0x0][0x0][0x0][0x0][0x0][0x0][0x0][0x0][0x0][0x0][0x0][0x0][0x0][0x0][0x0][0x0][0x0][0x0][0x0][0x0][0x0][0x0][0x0][0x0][0x0][0x0][0x0][0x0][0x0][0x0][0x0][0x0][0x0][0x0][0x0][0x0][0x0][0x0][0x0][0x0][0x0][0x0][0x0][0x0][0x0][0x0][0x0][0x0][0x0][0x0][0x0][0x0][0x0][0x0][0x0][0x0][0x0][0x0][0x0][0x0][0x0][0x0][0x0][0x0][0x0][0x0][0x0][0x0][0x0][0x0][0x0][0x0][0x0][0x0][0x0][0x0][0x0][0x0][0x0][0x0][0x0][0x0][0x0][0x0][0x0][0x0][0x0][0x0][0x0][0x0][0x0][0x0][0x0][0x0][0x0][0x0][0x0][0x0][0x0]ustar[0x0]00allan[0x0][0x0][0x0][0x0][0x0][0x0][0x0][0x0][0x0][0x0][0x0][0x0][0x0][0x0][0x0][0x0][0x0][0x0][0x0][0x0][0x0][0x0][0x0][0x0][0x0][0x0][0x0]allan[0x0][0x0][0x0][0x0][0x0][0x0][0x0][0x0][0x0][0x0][0x0][0x0][0x0][0x0][0x0][0x0][0x0][0x0][0x0][0x0][0x0][0x0][0x0][0x0][0x0][0x0][0x0]0000000 0000000 [0x0][0x0][0x0][0x0][0x0][0x0][0x0][0x0][0x0][0x0][0x0][0x0][0x0][0x0][0x0][0x0][0x0][0x0][0x0][0x0][0x0][0x0][0x0][0x0][0x0][0x0][0x0][0x0][0x0][0x0][0x0][0x0][0x0][0x0][0x0][0x0][0x0][0x0][0x0][0x0][0x0][0x0][0x0][0x0][0x0][0x0][0x0][0x0][0x0][0x0][0x0][0x0][0x0][0x0][0x0][0x0][0x0][0x0][0x0][0x0][0x0][0x0][0x0][0x0][0x0][0x0][0x0][0x0][0x0][0x0][0x0][0x0][0x0][0x0][0x0][0x0][0x0][0x0][0x0][0x0][0x0][0x0][0x0][0x0][0x0][0x0][0x0][0x0][0x0][0x0][0x0][0x0][0x0][0x0][0x0][0x0][0x0][0x0][0x0][0x0][0x0][0x0][0x0][0x0][0x0][0x0][0x0][0x0][0x0][0x0][0x0][0x0][0x0][0x0][0x0][0x0][0x0][0x0][0x0][0x0][0x0][0x0][0x0][0x0][0x0][0x0][0x0][0x0][0x0][0x0][0x0][0x0][0x0][0x0][0x0][0x0][0x0][0x0][0x0][0x0][0x0][0x0][0x0][0x0][0x0][0x0][0x0][0x0][0x0][0x0][0x0][0x0][0x0][0x0][0x0][0x0][0x0][0x0][0x0][0x0][0x0][0x0][0x0][0x0][0x0][0x0][0x0][mysqld][\n]"
18:30:11.865 [Test worker] DEBUG com.github.dockerjava.zerodep.shaded.org.apache.hc.client5.http.wire - http-outgoing-1 >> "user = mysql[\n]"
18:30:11.865 [Test worker] DEBUG com.github.dockerjava.zerodep.shaded.org.apache.hc.client5.http.wire - http-outgoing-1 >> "datadir = /var/lib/mysql[\n]"
18:30:11.865 [Test worker] DEBUG com.github.dockerjava.zerodep.shaded.org.apache.hc.client5.http.wire - http-outgoing-1 >> "port   [0x9][0x9]= 3306[\n]"
18:30:11.865 [Test worker] DEBUG com.github.dockerjava.zerodep.shaded.org.apache.hc.client5.http.wire - http-outgoing-1 >> "#socket [0x9][0x9]= /tmp/mysql.sock[\n]"
18:30:11.865 [Test worker] DEBUG com.github.dockerjava.zerodep.shaded.org.apache.hc.client5.http.wire - http-outgoing-1 >> "skip-external-locking[\n]"
18:30:11.865 [Test worker] DEBUG com.github.dockerjava.zerodep.shaded.org.apache.hc.client5.http.wire - http-outgoing-1 >> "key_buffer_size = 16K[\n]"
18:30:11.865 [Test worker] DEBUG com.github.dockerjava.zerodep.shaded.org.apache.hc.client5.http.wire - http-outgoing-1 >> "max_allowed_packet = 1M[\n]"
18:30:11.865 [Test worker] DEBUG com.github.dockerjava.zerodep.shaded.org.apache.hc.client5.http.wire - http-outgoing-1 >> "table_open_cache = 4[\n]"
18:30:11.865 [Test worker] DEBUG com.github.dockerjava.zerodep.shaded.org.apache.hc.client5.http.wire - http-outgoing-1 >> "sort_buffer_size = 64K[\n]"
18:30:11.865 [Test worker] DEBUG com.github.dockerjava.zerodep.shaded.org.apache.hc.client5.http.wire - http-outgoing-1 >> "read_buffer_size = 256K[\n]"
18:30:11.865 [Test worker] DEBUG com.github.dockerjava.zerodep.shaded.org.apache.hc.client5.http.wire - http-outgoing-1 >> "read_rnd_buffer_size = 256K[\n]"
18:30:11.865 [Test worker] DEBUG com.github.dockerjava.zerodep.shaded.org.apache.hc.client5.http.wire - http-outgoing-1 >> "net_buffer_length = 2K[\n]"
18:30:11.865 [Test worker] DEBUG com.github.dockerjava.zerodep.shaded.org.apache.hc.client5.http.wire - http-outgoing-1 >> "skip-host-cache[\n]"
18:30:11.865 [Test worker] DEBUG com.github.dockerjava.zerodep.shaded.org.apache.hc.client5.http.wire - http-outgoing-1 >> "skip-name-resolve[\n]"
18:30:11.865 [Test worker] DEBUG com.github.dockerjava.zerodep.shaded.org.apache.hc.client5.http.wire - http-outgoing-1 >> "[\n]"
18:30:11.865 [Test worker] DEBUG com.github.dockerjava.zerodep.shaded.org.apache.hc.client5.http.wire - http-outgoing-1 >> "# Don't listen on a TCP/IP port at all. This can be a security enhancement,[\n]"
18:30:11.865 [Test worker] DEBUG com.github.dockerjava.zerodep.shaded.org.apache.hc.client5.http.wire - http-outgoing-1 >> "# if all processes that need to connect to mysqld run on the same host.[\n]"
18:30:11.866 [Test worker] DEBUG com.github.dockerjava.zerodep.shaded.org.apache.hc.client5.http.wire - http-outgoing-1 >> "# All interaction with mysqld must be made via Unix sockets or named pipes.[\n]"
18:30:11.866 [Test worker] DEBUG com.github.dockerjava.zerodep.shaded.org.apache.hc.client5.http.wire - http-outgoing-1 >> "# Note that using this option without enabling named pipes on Windows[\n]"
18:30:11.866 [Test worker] DEBUG com.github.dockerjava.zerodep.shaded.org.apache.hc.client5.http.wire - http-outgoing-1 >> "# (using the "enable-named-pipe" option) will render mysqld useless![\n]"
18:30:11.866 [Test worker] DEBUG com.github.dockerjava.zerodep.shaded.org.apache.hc.client5.http.wire - http-outgoing-1 >> "#[\n]"
18:30:11.866 [Test worker] DEBUG com.github.dockerjava.zerodep.shaded.org.apache.hc.client5.http.wire - http-outgoing-1 >> "#skip-networking[\n]"
18:30:11.866 [Test worker] DEBUG com.github.dockerjava.zerodep.shaded.org.apache.hc.client5.http.wire - http-outgoing-1 >> "#server-id      [0x9]= 1[\n]"
18:30:11.866 [Test worker] DEBUG com.github.dockerjava.zerodep.shaded.org.apache.hc.client5.http.wire - http-outgoing-1 >> "[\n]"
18:30:11.866 [Test worker] DEBUG com.github.dockerjava.zerodep.shaded.org.apache.hc.client5.http.wire - http-outgoing-1 >> "# Uncomment the following if you want to log updates[\n]"
18:30:11.866 [Test worker] DEBUG com.github.dockerjava.zerodep.shaded.org.apache.hc.client5.http.wire - http-outgoing-1 >> "#log-bin=mysql-bin[\n]"
18:30:11.866 [Test worker] DEBUG com.github.dockerjava.zerodep.shaded.org.apache.hc.client5.http.wire - http-outgoing-1 >> "[\n]"
18:30:11.866 [Test worker] DEBUG com.github.dockerjava.zerodep.shaded.org.apache.hc.client5.http.wire - http-outgoing-1 >> "# binary logging format - mixed recommended[\n]"
18:30:11.866 [Test worker] DEBUG com.github.dockerjava.zerodep.shaded.org.apache.hc.client5.http.wire - http-outgoing-1 >> "#binlog_format=mixed[\n]"
18:30:11.866 [Test worker] DEBUG com.github.dockerjava.zerodep.shaded.org.apache.hc.client5.http.wire - http-outgoing-1 >> "[\n]"
18:30:11.866 [Test worker] DEBUG com.github.dockerjava.zerodep.shaded.org.apache.hc.client5.http.wire - http-outgoing-1 >> "# Causes updates to non-transactional engines using statement format to be[\n]"
18:30:11.866 [Test worker] DEBUG com.github.dockerjava.zerodep.shaded.org.apache.hc.client5.http.wire - http-outgoing-1 >> "# written directly to binary log. Before using this option make sure that[\n]"
18:30:11.866 [Test worker] DEBUG com.github.dockerjava.zerodep.shaded.org.apache.hc.client5.http.wire - http-outgoing-1 >> "# there are no dependencies between transactional and non-transactional[\n]"
18:30:11.866 [Test worker] DEBUG com.github.dockerjava.zerodep.shaded.org.apache.hc.client5.http.wire - http-outgoing-1 >> "# tables such as in the statement INSERT INTO t_myisam SELECT * FROM[\n]"
18:30:11.866 [Test worker] DEBUG com.github.dockerjava.zerodep.shaded.org.apache.hc.client5.http.wire - http-outgoing-1 >> "# t_innodb; otherwise, slaves may diverge from the master.[\n]"
18:30:11.866 [Test worker] DEBUG com.github.dockerjava.zerodep.shaded.org.apache.hc.client5.http.wire - http-outgoing-1 >> "#binlog_direct_non_transactional_updates=TRUE[\n]"
18:30:11.866 [Test worker] DEBUG com.github.dockerjava.zerodep.shaded.org.apache.hc.client5.http.wire - http-outgoing-1 >> "[\n]"
18:30:11.866 [Test worker] DEBUG com.github.dockerjava.zerodep.shaded.org.apache.hc.client5.http.wire - http-outgoing-1 >> "# Uncomment the following if you are using InnoDB tables[\n]"
18:30:11.866 [Test worker] DEBUG com.github.dockerjava.zerodep.shaded.org.apache.hc.client5.http.wire - http-outgoing-1 >> "innodb_data_file_path = ibdata1:10M:autoextend[\n]"
18:30:11.866 [Test worker] DEBUG com.github.dockerjava.zerodep.shaded.org.apache.hc.client5.http.wire - http-outgoing-1 >> "# You can set .._buffer_pool_size up to 50 - 80 %[\n]"
18:30:11.866 [Test worker] DEBUG com.github.dockerjava.zerodep.shaded.org.apache.hc.client5.http.wire - http-outgoing-1 >> "# of RAM but beware of setting memory usage too high[\n]"
18:30:11.866 [Test worker] DEBUG com.github.dockerjava.zerodep.shaded.org.apache.hc.client5.http.wire - http-outgoing-1 >> "innodb_buffer_pool_size = 16M[\n]"
18:30:11.867 [Test worker] DEBUG com.github.dockerjava.zerodep.shaded.org.apache.hc.client5.http.wire - http-outgoing-1 >> "#innodb_additional_mem_pool_size = 2M[\n]"
18:30:11.867 [Test worker] DEBUG com.github.dockerjava.zerodep.shaded.org.apache.hc.client5.http.wire - http-outgoing-1 >> "# Set .._log_file_size to 25 % of buffer pool size[\n]"
18:30:11.867 [Test worker] DEBUG com.github.dockerjava.zerodep.shaded.org.apache.hc.client5.http.wire - http-outgoing-1 >> "innodb_log_file_size = 5M[\n]"
18:30:11.867 [Test worker] DEBUG com.github.dockerjava.zerodep.shaded.org.apache.hc.client5.http.wire - http-outgoing-1 >> "innodb_log_buffer_size = 8M[\n]"
18:30:11.867 [Test worker] DEBUG com.github.dockerjava.zerodep.shaded.org.apache.hc.client5.http.wire - http-outgoing-1 >> "innodb_flush_log_at_trx_commit = 1[\n]"
18:30:11.867 [Test worker] DEBUG com.github.dockerjava.zerodep.shaded.org.apache.hc.client5.http.wire - http-outgoing-1 >> "innodb_lock_wait_timeout = 50[0x0][0x0][0x0][0x0][0x0][0x0][0x0][0x0][0x0][0x0][0x0][0x0][0x0][0x0][0x0][0x0][0x0][0x0][0x0][0x0][0x0][0x0][0x0][0x0][0x0][0x0][0x0][0x0][0x0][0x0][0x0][0x0][0x0][0x0][0x0][0x0][0x0][0x0][0x0][0x0][0x0][0x0][0x0][0x0][0x0][0x0][0x0][0x0][0x0][0x0][0x0][0x0][0x0][0x0][0x0][0x0][0x0][0x0][0x0][0x0][0x0][0x0][0x0][0x0][0x0][0x0][0x0][0x0][0x0][0x0][0x0][0x0][0x0][0x0][0x0][0x0][0x0][0x0][0x0][0x0][0x0][0x0][0x0][0x0][0x0][0x0][0x0][0x0][0x0][0x0][0x0][0x0][0x0][0x0][0x0][0x0][0x0][0x0][0x0][0x0][0x0][0x0][0x0][0x0][0x0][0x0][0x0][0x0][0x0][0x0][0x0][0x0][0x0][0x0][0x0][0x0][0x0][0x0][0x0][0x0][0x0][0x0][0x0][0x0][0x0][0x0][0x0][0x0][0x0][0x0][0x0][0x0][0x0][0x0][0x0][0x0][0x0][0x0][0x0][0x0][0x0][0x0][0x0][0x0][0x0][0x0][0x0][0x0][0x0][0x0][0x0][0x0][0x0][0x0][0x0][0x0][0x0][0x0][0x0][0x0][0x0][0x0][0x0][0x0][0x0][0x0][0x0][0x0][0x0][0x0][0x0][0x0][0x0][0x0][0x0][0x0][0x0][0x0][0x0][0x0][0x0][0x0][0x0][0x0][0x0][0x0][0x0][0x0][0x0][0x0][0x0][0x0][0x0][0x0][0x0][0x0][0x0][0x0][0x0][0x0][0x0][0x0][0x0][0x0][0x0][0x0][0x0][0x0][0x0][0x0][0x0][0x0][0x0][0x0][0x0][0x0][0x0][0x0][0x0][0x0][0x0][0x0][0x0][0x0][0x0][0x0][0x0][0x0][0x0][0x0][0x0][0x0][0x0][0x0][0x0][0x0][0x0][0x0][0x0][0x0][0x0][0x0][0x0][0x0][0x0][0x0][0x0][0x0][0x0][0x0][0x0][0x0][0x0][0x0][0x0][0x0][0x0][0x0][0x0][0x0][0x0][0x0][0x0][0x0][0x0][0x0][0x0][0x0][0x0][0x0][0x0][0x0][0x0][0x0][0x0][0x0][0x0][0x0][0x0][0x0][0x0][0x0][0x0][0x0][0x0][0x0][0x0][0x0][0x0][0x0][0x0][0x0][0x0][0x0][0x0][0x0][0x0][0x0][0x0][0x0][0x0][0x0][0x0][0x0][0x0][0x0][0x0][0x0][0x0][0x0][0x0][0x0][0x0][0x0][0x0][0x0][0x0][0x0][0x0][0x0][0x0][0x0][0x0][0x0][0x0][0x0][0x0][0x0][0x0][0x0][0x0][0x0][0x0][0x0][0x0][0x0][0x0][0x0][0x0][0x0][0x0][0x0][0x0][0x0][0x0][0x0][0x0][0x0][0x0][0x0][0x0][0x0][0x0][0x0][0x0][0x0][0x0][0x0][0x0][0x0][0x0][0x0][0x0][0x0][0x0][0x0][0x0][0x0][0x0][0x0][0x0][0x0][0x0][0x0][0x0][0x0][0x0][0x0][0x0][0x0][0x0][0x0][0x0][0x0][0x0][0x0][0x0][0x0][0x0][0x0][0x0][0x0][0x0][0x0][0x0][0x0][0x0][0x0][0x0][0x0][0x0][0x0][0x0][0x0][0x0][0x0][0x0][0x0][0x0][0x0][0x0][0x0][0x0][0x0][0x0][0x0][0x0][0x0][0x0][0x0][0x0][0x0][0x0][0x0][0x0][0x0][0x0][0x0][0x0][0x0][0x0][0x0][0x0][0x0][0x0][0x0][0x0][0x0][0x0][0x0][0x0][0x0][0x0][0x0][0x0][0x0][0x0][0x0][0x0][0x0][0x0][0x0][0x0][0x0][0x0][0x0][0x0][0x0][0x0][0x0][0x0][0x0][0x0][0x0][0x0][0x0][0x0][0x0][0x0][0x0][0x0][0x0][0x0][0x0][0x0][0x0][0x0][0x0][0x0][0x0][0x0][0x0][0x0][0x0][0x0][0x0][0x0][0x0][0x0][0x0][0x0][0x0][0x0][0x0][0x0][0x0][0x0][0x0][0x0][0x0][0x0][0x0][0x0][0x0][0x0][0x0][0x0][0x0][0x0][0x0][0x0][0x0][0x0][0x0][0x0][0x0][0x0][0x0][0x0][0x0][0x0][0x0][0x0][0x0][0x0][0x0][0x0][0x0][0x0][0x0][0x0][0x0][0x0][0x0][0x0][0x0][0x0][0x0][0x0][0x0][0x0][0x0][0x0][0x0][0x0][0x0][0x0][0x0][0x0][0x0][0x0][0x0][0x0][0x0][0x0][0x0][0x0][0x0][0x0][0x0][0x0][0x0][0x0][0x0][0x0][0x0][0x0][0x0][0x0][0x0][0x0][0x0][0x0][0x0][0x0][0x0][0x0][0x0][0x0][0x0][0x0][0x0][0x0][0x0][0x0][0x0][0x0][0x0][0x0][0x0][0x0][0x0][0x0][0x0][0x0][0x0][0x0][0x0][0x0][0x0][0x0][0x0][0x0][0x0][0x0][0x0][0x0][0x0][0x0][0x0][0x0][0x0][0x0][0x0][0x0][0x0][0x0][0x0][0x0][0x0][0x0][0x0][0x0][0x0][0x0][0x0][0x0][0x0][0x0][0x0][0x0][0x0][0x0][0x0][0x0][0x0][0x0][0x0][0x0][0x0][0x0][0x0][0x0][0x0][0x0][0x0][0x0][0x0][0x0][0x0][0x0][0x0][0x0][0x0][0x0][0x0][0x0][0x0][0x0][0x0][0x0][0x0][0x0][0x0][0x0][0x0][0x0][0x0][0x0][0x0][0x0][0x0][0x0][0x0][0x0][0x0][0x0][0x0][0x0][0x0][0x0][0x0][0x0][0x0][0x0][0x0][0x0][0x0][0x0][0x0][0x0][0x0][0x0][0x0][0x0][0x0][0x0][0x0][0x0][0x0][0x0][0x0][0x0][0x0][0x0][0x0][0x0][0x0][0x0][0x0][0x0][0x0][0x0][0x0][0x0][0x0][0x0][0x0][0x0][0x0][0x0][0x0][0x0][0x0][0x0][0x0][0x0][0x0][0x0][0x0][0x0][0x0][0x0][0x0][0x0][0x0][0x0][0x0][0x0][0x0][0x0][0x0][0x0][0x0][0x0][0x0][0x0][0x0][0x0][0x0][0x0][0x0][0x0][0x0][0x0][0x0][0x0][0x0][0x0][0x0][0x0][0x0][0x0][0x0][0x0][0x0][0x0][0x0][0x0][0x0][0x0][0x0][0x0][0x0][0x0][0x0][0x0][0x0][0x0][0x0][0x0][0x0][0x0][0x0][0x0][0x0][0x0][0x0][0x0][0x0][0x0][0x0][0x0][0x0][0x0][0x0][0x0][0x0][0x0][0x0][0x0][0x0][0x0][0x0][0x0][0x0][0x0][0x0][0x0][0x0][0x0][0x0][0x0][0x0][0x0][0x0][0x0][0x0][0x0][0x0][0x0][0x0][0x0][0x0][0x0][0x0][0x0][0x0][0x0][0x0][0x0][0x0][0x0][0x0][0x0][0x0][0x0][0x0][0x0][0x0][0x0][0x0][0x0][0x0][0x0][0x0][0x0][0x0][0x0][0x0][0x0][0x0][0x0][0x0][0x0][0x0][0x0][0x0][0x0][0x0][0x0][0x0][0x0][0x0][0x0][0x0][0x0][0x0][0x0][0x0][0x0][0x0][0x0][0x0][0x0][0x0][0x0][0x0][0x0][0x0][0x0][0x0][0x0][0x0][0x0][0x0][0x0][0x0][0x0][0x0][0x0][0x0][0x0][0x0][0x0][0x0][0x0][0x0][0x0][0x0][0x0][0x0][0x0][0x0][0x0][0x0][0x0][0x0][0x0][0x0][0x0][0x0][0x0][0x0][0x0][0x0][0x0][0x0][0x0][0x0][0x0][0x0][0x0][0x0][0x0][0x0][0x0][0x0][0x0][0x0][0x0][0x0][0x0][0x0][0x0][0x0][0x0][0x0][0x0][0x0][0x0][0x0][0x0][0x0][0x0][0x0][0x0][0x0][0x0][0x0][0x0][0x0][0x0][0x0][0x0][0x0][0x0][0x0][0x0][0x0][0x0][0x0][0x0][0x0][0x0][0x0][0x0][0x0][0x0][0x0][0x0][0x0][0x0][0x0][0x0][0x0][0x0][0x0][0x0][0x0][0x0][0x0][0x0][0x0][0x0][0x0][0x0][0x0][0x0][0x0][0x0][0x0][0x0][0x0][0x0][0x0][0x0][0x0][0x0][0x0][0x0][0x0][0x0][0x0][0x0][0x0][0x0][0x0][0x0][0x0][0x0][0x0][0x0][0x0][0x0][0x0][0x0][0x0][0x0][0x0][0x0][0x0][0x0][0x0][0x0][0x0][0x0][0x0][0x0][0x0][0x0][0x0][0x0][0x0][0x0][0x0][0x0][0x0][0x0][0x0][0x0][0x0][0x0][0x0][0x0][0x0][0x0][0x0][0x0][0x0][0x0][0x0][0x0][0x0][0x0][0x0][0x0][0x0][0x0][0x0][0x0][0x0][0x0][0x0][0x0][0x0][0x0][0x0][0x0][0x0][0x0][0x0][0x0][0x0][0x0][0x0][0x0][0x0][0x0][0x0][0x0][0x0][0x0][0x0][0x0][0x0][0x0][0x0][0x0][0x0][0x0][0x0][0x0][0x0][0x0][0x0][0x0][0x0][0x0][0x0][0x0][0x0][0x0][0x0][0x0][0x0][0x0][0x0][0x0][0x0][0x0][0x0][0x0][0x0][0x0][0x0][0x0][0x0][0x0][0x0][0x0][0x0][0x0][0x0][0x0][0x0][0x0][0x0][0x0][0x0][0x0][0x0][0x0][0x0][0x0][0x0][0x0][0x0][0x0][0x0][0x0][0x0][0x0][0x0][0x0][0x0][0x0][0x0][0x0][0x0][0x0][0x0][0x0][0x0][0x0][0x0][0x0][0x0][0x0][0x0][0x0][0x0][0x0][0x0][0x0][0x0][0x0][0x0][0x0][0x0][0x0][0x0][0x0][0x0][0x0][0x0][0x0][0x0][0x0][0x0][0x0][0x0][0x0][0x0][0x0][0x0][0x0][0x0][0x0][0x0][0x0][0x0][0x0][0x0][0x0][0x0][0x0][0x0][0x0][0x0][0x0][0x0][0x0][0x0][0x0][0x0][0x0][0x0][0x0][0x0][0x0][0x0][0x0][0x0][0x0][0x0][0x0][0x0][0x0][0x0][0x0][0x0][0x0][0x0][0x0][0x0][0x0][0x0][0x0][0x0][0x0][0x0][0x0][0x0][0x0][0x0][0x0][0x0][0x0][0x0][0x0][0x0][0x0][0x0][0x0][0x0][0x0][0x0][0x0][0x0][0x0][0x0][0x0][0x0][0x0][0x0][0x0][0x0][0x0][0x0][0x0][0x0][0x0][0x0][0x0][0x0][0x0][0x0][0x0][0x0][0x0][0x0][0x0][0x0][0x0][0x0][0x0][0x0][0x0][0x0][0x0][0x0][0x0][0x0][0x0][0x0][0x0][0x0][0x0][0x0][0x0][0x0][0x0][0x0][0x0][0x0][0x0][0x0][0x0][0x0][0x0][0x0][0x0][0x0][0x0][0x0][0x0][0x0][0x0][0x0][0x0][0x0][0x0][0x0][0x0][0x0][0x0][0x0][0x0][0x0][0x0][0x0][0x0][0x0][0x0][0x0][0x0][0x0][0x0][0x0][0x0][0x0][0x0][0x0][0x0][0x0][0x0][0x0][0x0][0x0][0x0][0x0][0x0][0x0][0x0][0x0][0x0][0x0][0x0][0x0][0x0][0x0][0x0][0x0][0x0][0x0][0x0][0x0][0x0][0x0][0x0][0x0][0x0][0x0][0x0][0x0][0x0][0x0][0x0][0x0][0x0][0x0][0x0][0x0][0x0][0x0][\r][\n]"
18:30:11.868 [Test worker] DEBUG com.github.dockerjava.zerodep.shaded.org.apache.hc.client5.http.wire - http-outgoing-1 >> "0[\r][\n]"
18:30:11.868 [Test worker] DEBUG com.github.dockerjava.zerodep.shaded.org.apache.hc.client5.http.wire - http-outgoing-1 >> "[\r][\n]"
18:30:11.959 [Test worker] DEBUG com.github.dockerjava.zerodep.shaded.org.apache.hc.client5.http.wire - http-outgoing-1 << "HTTP/1.1 200 OK[\r][\n]"
18:30:11.959 [Test worker] DEBUG com.github.dockerjava.zerodep.shaded.org.apache.hc.client5.http.wire - http-outgoing-1 << "Api-Version: 1.41[\r][\n]"
18:30:11.959 [Test worker] DEBUG com.github.dockerjava.zerodep.shaded.org.apache.hc.client5.http.wire - http-outgoing-1 << "Docker-Experimental: false[\r][\n]"
18:30:11.959 [Test worker] DEBUG com.github.dockerjava.zerodep.shaded.org.apache.hc.client5.http.wire - http-outgoing-1 << "Ostype: linux[\r][\n]"
18:30:11.959 [Test worker] DEBUG com.github.dockerjava.zerodep.shaded.org.apache.hc.client5.http.wire - http-outgoing-1 << "Server: Docker/20.10.17 (linux)[\r][\n]"
18:30:11.959 [Test worker] DEBUG com.github.dockerjava.zerodep.shaded.org.apache.hc.client5.http.wire - http-outgoing-1 << "Date: Thu, 08 Dec 2022 21:30:11 GMT[\r][\n]"
18:30:11.959 [Test worker] DEBUG com.github.dockerjava.zerodep.shaded.org.apache.hc.client5.http.wire - http-outgoing-1 << "Content-Length: 0[\r][\n]"
18:30:11.959 [Test worker] DEBUG com.github.dockerjava.zerodep.shaded.org.apache.hc.client5.http.wire - http-outgoing-1 << "[\r][\n]"
18:30:11.959 [Test worker] DEBUG com.github.dockerjava.zerodep.shaded.org.apache.hc.client5.http.headers - http-outgoing-1 << HTTP/1.1 200 OK
18:30:11.960 [Test worker] DEBUG com.github.dockerjava.zerodep.shaded.org.apache.hc.client5.http.headers - http-outgoing-1 << Api-Version: 1.41
18:30:11.960 [Test worker] DEBUG com.github.dockerjava.zerodep.shaded.org.apache.hc.client5.http.headers - http-outgoing-1 << Docker-Experimental: false
18:30:11.960 [Test worker] DEBUG com.github.dockerjava.zerodep.shaded.org.apache.hc.client5.http.headers - http-outgoing-1 << Ostype: linux
18:30:11.960 [Test worker] DEBUG com.github.dockerjava.zerodep.shaded.org.apache.hc.client5.http.headers - http-outgoing-1 << Server: Docker/20.10.17 (linux)
18:30:11.960 [Test worker] DEBUG com.github.dockerjava.zerodep.shaded.org.apache.hc.client5.http.headers - http-outgoing-1 << Date: Thu, 08 Dec 2022 21:30:11 GMT
18:30:11.960 [Test worker] DEBUG com.github.dockerjava.zerodep.shaded.org.apache.hc.client5.http.headers - http-outgoing-1 << Content-Length: 0
18:30:11.960 [Test worker] DEBUG com.github.dockerjava.zerodep.shaded.org.apache.hc.client5.http.impl.classic.MainClientExec - ex-00000009: connection can be kept alive for 3 MINUTES
18:30:11.960 [Test worker] DEBUG com.github.dockerjava.zerodep.shaded.org.apache.hc.client5.http.impl.classic.InternalHttpClient - ep-00000008: releasing valid endpoint
18:30:11.960 [Test worker] DEBUG com.github.dockerjava.zerodep.shaded.org.apache.hc.client5.http.impl.io.PoolingHttpClientConnectionManager - ep-00000008: releasing endpoint
18:30:11.960 [Test worker] DEBUG com.github.dockerjava.zerodep.shaded.org.apache.hc.client5.http.impl.io.PoolingHttpClientConnectionManager - ep-00000008: connection http-outgoing-1 can be kept alive for 3 MINUTES
18:30:11.960 [Test worker] DEBUG com.github.dockerjava.zerodep.shaded.org.apache.hc.client5.http.impl.io.PoolingHttpClientConnectionManager - ep-00000008: connection released [route: {}->unix://localhost:2375][total available: 1; route allocated: 1 of 2147483647; total allocated: 1 of 2147483647]
18:30:11.961 [Test worker] DEBUG com.github.dockerjava.zerodep.shaded.org.apache.hc.client5.http.impl.classic.ProtocolExec - ex-00000009: Cannot retry non-repeatable request
18:30:11.961 [Test worker] DEBUG com.github.dockerjava.zerodep.shaded.org.apache.hc.client5.http.impl.classic.HttpRequestRetryExec - ex-00000009: cannot retry non-repeatable request
18:30:11.961 [Test worker] INFO ]]>&#x1f433;<![CDATA[ [mysql:latest] - Container mysql:latest is starting: b4fc7afd97457a2a6ec84592488a57f900fa52ed03fcd2dbaf8a116bc1f50ab3
18:30:11.961 [Test worker] DEBUG org.testcontainers.shaded.com.github.dockerjava.core.command.AbstrDockerCmd - Cmd: b4fc7afd97457a2a6ec84592488a57f900fa52ed03fcd2dbaf8a116bc1f50ab3
18:30:11.963 [Test worker] DEBUG com.github.dockerjava.zerodep.shaded.org.apache.hc.client5.http.impl.classic.InternalHttpClient - ex-0000000A: preparing request execution
18:30:11.964 [Test worker] DEBUG com.github.dockerjava.zerodep.shaded.org.apache.hc.client5.http.protocol.RequestAddCookies - Cookie spec selected: strict
18:30:11.964 [Test worker] DEBUG com.github.dockerjava.zerodep.shaded.org.apache.hc.client5.http.protocol.RequestAuthCache - Auth cache not set in the context
18:30:11.964 [Test worker] DEBUG com.github.dockerjava.zerodep.shaded.org.apache.hc.client5.http.impl.classic.ProtocolExec - ex-0000000A: target auth state: UNCHALLENGED
18:30:11.964 [Test worker] DEBUG com.github.dockerjava.zerodep.shaded.org.apache.hc.client5.http.impl.classic.ProtocolExec - ex-0000000A: proxy auth state: UNCHALLENGED
18:30:11.964 [Test worker] DEBUG com.github.dockerjava.zerodep.shaded.org.apache.hc.client5.http.impl.classic.ConnectExec - ex-0000000A: acquiring connection with route {}->unix://localhost:2375
18:30:11.964 [Test worker] DEBUG com.github.dockerjava.zerodep.shaded.org.apache.hc.client5.http.impl.classic.InternalHttpClient - ex-0000000A: acquiring endpoint (3 MINUTES)
18:30:11.964 [Test worker] DEBUG com.github.dockerjava.zerodep.shaded.org.apache.hc.client5.http.impl.io.PoolingHttpClientConnectionManager - ex-0000000A: endpoint lease request (3 MINUTES) [route: {}->unix://localhost:2375][total available: 1; route allocated: 1 of 2147483647; total allocated: 1 of 2147483647]
18:30:11.965 [Test worker] DEBUG com.github.dockerjava.zerodep.shaded.org.apache.hc.client5.http.impl.io.PoolingHttpClientConnectionManager - ex-0000000A: endpoint leased [route: {}->unix://localhost:2375][total available: 0; route allocated: 1 of 2147483647; total allocated: 1 of 2147483647]
18:30:11.967 [Test worker] DEBUG com.github.dockerjava.zerodep.shaded.org.apache.hc.client5.http.impl.io.PoolingHttpClientConnectionManager - ex-0000000A: acquired ep-00000009
18:30:11.967 [Test worker] DEBUG com.github.dockerjava.zerodep.shaded.org.apache.hc.client5.http.impl.classic.InternalHttpClient - ex-0000000A: acquired endpoint ep-00000009
18:30:11.967 [Test worker] DEBUG com.github.dockerjava.zerodep.shaded.org.apache.hc.client5.http.impl.classic.MainClientExec - ex-0000000A: executing POST /v1.32/containers/b4fc7afd97457a2a6ec84592488a57f900fa52ed03fcd2dbaf8a116bc1f50ab3/start HTTP/1.1
18:30:11.967 [Test worker] DEBUG com.github.dockerjava.zerodep.shaded.org.apache.hc.client5.http.impl.classic.InternalHttpClient - ep-00000009: start execution ex-0000000A
18:30:11.967 [Test worker] DEBUG com.github.dockerjava.zerodep.shaded.org.apache.hc.client5.http.impl.io.PoolingHttpClientConnectionManager - ep-00000009: executing exchange ex-0000000A over http-outgoing-1
18:30:11.967 [Test worker] DEBUG com.github.dockerjava.zerodep.shaded.org.apache.hc.client5.http.headers - http-outgoing-1 >> POST /v1.32/containers/b4fc7afd97457a2a6ec84592488a57f900fa52ed03fcd2dbaf8a116bc1f50ab3/start HTTP/1.1
18:30:11.967 [Test worker] DEBUG com.github.dockerjava.zerodep.shaded.org.apache.hc.client5.http.headers - http-outgoing-1 >> accept: application/json
18:30:11.968 [Test worker] DEBUG com.github.dockerjava.zerodep.shaded.org.apache.hc.client5.http.headers - http-outgoing-1 >> content-type: application/json
18:30:11.968 [Test worker] DEBUG com.github.dockerjava.zerodep.shaded.org.apache.hc.client5.http.headers - http-outgoing-1 >> x-tc-sid: cdd139c9-cde1-4429-bea7-edb0e651ba16
18:30:11.968 [Test worker] DEBUG com.github.dockerjava.zerodep.shaded.org.apache.hc.client5.http.headers - http-outgoing-1 >> Accept-Encoding: gzip, x-gzip, deflate
18:30:11.968 [Test worker] DEBUG com.github.dockerjava.zerodep.shaded.org.apache.hc.client5.http.headers - http-outgoing-1 >> Host: localhost:2375
18:30:11.968 [Test worker] DEBUG com.github.dockerjava.zerodep.shaded.org.apache.hc.client5.http.headers - http-outgoing-1 >> Connection: keep-alive
18:30:11.968 [Test worker] DEBUG com.github.dockerjava.zerodep.shaded.org.apache.hc.client5.http.headers - http-outgoing-1 >> User-Agent: Apache-HttpClient/5.0.3 (Java/17.0.2)
18:30:11.968 [Test worker] DEBUG com.github.dockerjava.zerodep.shaded.org.apache.hc.client5.http.wire - http-outgoing-1 >> "POST /v1.32/containers/b4fc7afd97457a2a6ec84592488a57f900fa52ed03fcd2dbaf8a116bc1f50ab3/start HTTP/1.1[\r][\n]"
18:30:11.968 [Test worker] DEBUG com.github.dockerjava.zerodep.shaded.org.apache.hc.client5.http.wire - http-outgoing-1 >> "accept: application/json[\r][\n]"
18:30:11.968 [Test worker] DEBUG com.github.dockerjava.zerodep.shaded.org.apache.hc.client5.http.wire - http-outgoing-1 >> "content-type: application/json[\r][\n]"
18:30:11.968 [Test worker] DEBUG com.github.dockerjava.zerodep.shaded.org.apache.hc.client5.http.wire - http-outgoing-1 >> "x-tc-sid: cdd139c9-cde1-4429-bea7-edb0e651ba16[\r][\n]"
18:30:11.968 [Test worker] DEBUG com.github.dockerjava.zerodep.shaded.org.apache.hc.client5.http.wire - http-outgoing-1 >> "Accept-Encoding: gzip, x-gzip, deflate[\r][\n]"
18:30:11.968 [Test worker] DEBUG com.github.dockerjava.zerodep.shaded.org.apache.hc.client5.http.wire - http-outgoing-1 >> "Host: localhost:2375[\r][\n]"
18:30:11.968 [Test worker] DEBUG com.github.dockerjava.zerodep.shaded.org.apache.hc.client5.http.wire - http-outgoing-1 >> "Connection: keep-alive[\r][\n]"
18:30:11.968 [Test worker] DEBUG com.github.dockerjava.zerodep.shaded.org.apache.hc.client5.http.wire - http-outgoing-1 >> "User-Agent: Apache-HttpClient/5.0.3 (Java/17.0.2)[\r][\n]"
18:30:11.968 [Test worker] DEBUG com.github.dockerjava.zerodep.shaded.org.apache.hc.client5.http.wire - http-outgoing-1 >> "[\r][\n]"
18:30:12.373 [Test worker] DEBUG com.github.dockerjava.zerodep.shaded.org.apache.hc.client5.http.wire - http-outgoing-1 << "HTTP/1.1 204 No Content[\r][\n]"
18:30:12.373 [Test worker] DEBUG com.github.dockerjava.zerodep.shaded.org.apache.hc.client5.http.wire - http-outgoing-1 << "Api-Version: 1.41[\r][\n]"
18:30:12.373 [Test worker] DEBUG com.github.dockerjava.zerodep.shaded.org.apache.hc.client5.http.wire - http-outgoing-1 << "Docker-Experimental: false[\r][\n]"
18:30:12.373 [Test worker] DEBUG com.github.dockerjava.zerodep.shaded.org.apache.hc.client5.http.wire - http-outgoing-1 << "Ostype: linux[\r][\n]"
18:30:12.373 [Test worker] DEBUG com.github.dockerjava.zerodep.shaded.org.apache.hc.client5.http.wire - http-outgoing-1 << "Server: Docker/20.10.17 (linux)[\r][\n]"
18:30:12.373 [Test worker] DEBUG com.github.dockerjava.zerodep.shaded.org.apache.hc.client5.http.wire - http-outgoing-1 << "Date: Thu, 08 Dec 2022 21:30:12 GMT[\r][\n]"
18:30:12.373 [Test worker] DEBUG com.github.dockerjava.zerodep.shaded.org.apache.hc.client5.http.wire - http-outgoing-1 << "[\r][\n]"
18:30:12.373 [Test worker] DEBUG com.github.dockerjava.zerodep.shaded.org.apache.hc.client5.http.headers - http-outgoing-1 << HTTP/1.1 204 No Content
18:30:12.373 [Test worker] DEBUG com.github.dockerjava.zerodep.shaded.org.apache.hc.client5.http.headers - http-outgoing-1 << Api-Version: 1.41
18:30:12.373 [Test worker] DEBUG com.github.dockerjava.zerodep.shaded.org.apache.hc.client5.http.headers - http-outgoing-1 << Docker-Experimental: false
18:30:12.373 [Test worker] DEBUG com.github.dockerjava.zerodep.shaded.org.apache.hc.client5.http.headers - http-outgoing-1 << Ostype: linux
18:30:12.373 [Test worker] DEBUG com.github.dockerjava.zerodep.shaded.org.apache.hc.client5.http.headers - http-outgoing-1 << Server: Docker/20.10.17 (linux)
18:30:12.373 [Test worker] DEBUG com.github.dockerjava.zerodep.shaded.org.apache.hc.client5.http.headers - http-outgoing-1 << Date: Thu, 08 Dec 2022 21:30:12 GMT
18:30:12.373 [Test worker] DEBUG com.github.dockerjava.zerodep.shaded.org.apache.hc.client5.http.impl.classic.MainClientExec - ex-0000000A: connection can be kept alive for 3 MINUTES
18:30:12.374 [Test worker] DEBUG com.github.dockerjava.zerodep.shaded.org.apache.hc.client5.http.impl.classic.InternalHttpClient - ep-00000009: releasing valid endpoint
18:30:12.374 [Test worker] DEBUG com.github.dockerjava.zerodep.shaded.org.apache.hc.client5.http.impl.io.PoolingHttpClientConnectionManager - ep-00000009: releasing endpoint
18:30:12.374 [Test worker] DEBUG com.github.dockerjava.zerodep.shaded.org.apache.hc.client5.http.impl.io.PoolingHttpClientConnectionManager - ep-00000009: connection http-outgoing-1 can be kept alive for 3 MINUTES
18:30:12.374 [Test worker] DEBUG com.github.dockerjava.zerodep.shaded.org.apache.hc.client5.http.impl.io.PoolingHttpClientConnectionManager - ep-00000009: connection released [route: {}->unix://localhost:2375][total available: 1; route allocated: 1 of 2147483647; total allocated: 1 of 2147483647]
18:30:12.374 [Test worker] DEBUG org.testcontainers.shaded.com.github.dockerjava.core.command.AbstrDockerCmd - Cmd: b4fc7afd97457a2a6ec84592488a57f900fa52ed03fcd2dbaf8a116bc1f50ab3,false
18:30:12.374 [Test worker] DEBUG org.testcontainers.shaded.com.github.dockerjava.core.exec.InspectContainerCmdExec - GET: DefaultWebTarget{path=[/containers/b4fc7afd97457a2a6ec84592488a57f900fa52ed03fcd2dbaf8a116bc1f50ab3/json], queryParams={}}
18:30:12.375 [Test worker] DEBUG com.github.dockerjava.zerodep.shaded.org.apache.hc.client5.http.impl.classic.InternalHttpClient - ex-0000000B: preparing request execution
18:30:12.375 [Test worker] DEBUG com.github.dockerjava.zerodep.shaded.org.apache.hc.client5.http.protocol.RequestAddCookies - Cookie spec selected: strict
18:30:12.375 [Test worker] DEBUG com.github.dockerjava.zerodep.shaded.org.apache.hc.client5.http.protocol.RequestAuthCache - Auth cache not set in the context
18:30:12.375 [Test worker] DEBUG com.github.dockerjava.zerodep.shaded.org.apache.hc.client5.http.impl.classic.ProtocolExec - ex-0000000B: target auth state: UNCHALLENGED
18:30:12.375 [Test worker] DEBUG com.github.dockerjava.zerodep.shaded.org.apache.hc.client5.http.impl.classic.ProtocolExec - ex-0000000B: proxy auth state: UNCHALLENGED
18:30:12.375 [Test worker] DEBUG com.github.dockerjava.zerodep.shaded.org.apache.hc.client5.http.impl.classic.ConnectExec - ex-0000000B: acquiring connection with route {}->unix://localhost:2375
18:30:12.375 [Test worker] DEBUG com.github.dockerjava.zerodep.shaded.org.apache.hc.client5.http.impl.classic.InternalHttpClient - ex-0000000B: acquiring endpoint (3 MINUTES)
18:30:12.375 [Test worker] DEBUG com.github.dockerjava.zerodep.shaded.org.apache.hc.client5.http.impl.io.PoolingHttpClientConnectionManager - ex-0000000B: endpoint lease request (3 MINUTES) [route: {}->unix://localhost:2375][total available: 1; route allocated: 1 of 2147483647; total allocated: 1 of 2147483647]
18:30:12.375 [Test worker] DEBUG com.github.dockerjava.zerodep.shaded.org.apache.hc.client5.http.impl.io.PoolingHttpClientConnectionManager - ex-0000000B: endpoint leased [route: {}->unix://localhost:2375][total available: 0; route allocated: 1 of 2147483647; total allocated: 1 of 2147483647]
18:30:12.376 [Test worker] DEBUG com.github.dockerjava.zerodep.shaded.org.apache.hc.client5.http.impl.io.PoolingHttpClientConnectionManager - ex-0000000B: acquired ep-0000000A
18:30:12.376 [Test worker] DEBUG com.github.dockerjava.zerodep.shaded.org.apache.hc.client5.http.impl.classic.InternalHttpClient - ex-0000000B: acquired endpoint ep-0000000A
18:30:12.376 [Test worker] DEBUG com.github.dockerjava.zerodep.shaded.org.apache.hc.client5.http.impl.classic.MainClientExec - ex-0000000B: executing GET /v1.32/containers/b4fc7afd97457a2a6ec84592488a57f900fa52ed03fcd2dbaf8a116bc1f50ab3/json HTTP/1.1
18:30:12.376 [Test worker] DEBUG com.github.dockerjava.zerodep.shaded.org.apache.hc.client5.http.impl.classic.InternalHttpClient - ep-0000000A: start execution ex-0000000B
18:30:12.376 [Test worker] DEBUG com.github.dockerjava.zerodep.shaded.org.apache.hc.client5.http.impl.io.PoolingHttpClientConnectionManager - ep-0000000A: executing exchange ex-0000000B over http-outgoing-1
18:30:12.376 [Test worker] DEBUG com.github.dockerjava.zerodep.shaded.org.apache.hc.client5.http.headers - http-outgoing-1 >> GET /v1.32/containers/b4fc7afd97457a2a6ec84592488a57f900fa52ed03fcd2dbaf8a116bc1f50ab3/json HTTP/1.1
18:30:12.376 [Test worker] DEBUG com.github.dockerjava.zerodep.shaded.org.apache.hc.client5.http.headers - http-outgoing-1 >> accept: application/json
18:30:12.376 [Test worker] DEBUG com.github.dockerjava.zerodep.shaded.org.apache.hc.client5.http.headers - http-outgoing-1 >> x-tc-sid: cdd139c9-cde1-4429-bea7-edb0e651ba16
18:30:12.376 [Test worker] DEBUG com.github.dockerjava.zerodep.shaded.org.apache.hc.client5.http.headers - http-outgoing-1 >> Accept-Encoding: gzip, x-gzip, deflate
18:30:12.377 [Test worker] DEBUG com.github.dockerjava.zerodep.shaded.org.apache.hc.client5.http.headers - http-outgoing-1 >> Host: localhost:2375
18:30:12.377 [Test worker] DEBUG com.github.dockerjava.zerodep.shaded.org.apache.hc.client5.http.headers - http-outgoing-1 >> Connection: keep-alive
18:30:12.377 [Test worker] DEBUG com.github.dockerjava.zerodep.shaded.org.apache.hc.client5.http.headers - http-outgoing-1 >> User-Agent: Apache-HttpClient/5.0.3 (Java/17.0.2)
18:30:12.377 [Test worker] DEBUG com.github.dockerjava.zerodep.shaded.org.apache.hc.client5.http.wire - http-outgoing-1 >> "GET /v1.32/containers/b4fc7afd97457a2a6ec84592488a57f900fa52ed03fcd2dbaf8a116bc1f50ab3/json HTTP/1.1[\r][\n]"
18:30:12.377 [Test worker] DEBUG com.github.dockerjava.zerodep.shaded.org.apache.hc.client5.http.wire - http-outgoing-1 >> "accept: application/json[\r][\n]"
18:30:12.377 [Test worker] DEBUG com.github.dockerjava.zerodep.shaded.org.apache.hc.client5.http.wire - http-outgoing-1 >> "x-tc-sid: cdd139c9-cde1-4429-bea7-edb0e651ba16[\r][\n]"
18:30:12.377 [Test worker] DEBUG com.github.dockerjava.zerodep.shaded.org.apache.hc.client5.http.wire - http-outgoing-1 >> "Accept-Encoding: gzip, x-gzip, deflate[\r][\n]"
18:30:12.377 [Test worker] DEBUG com.github.dockerjava.zerodep.shaded.org.apache.hc.client5.http.wire - http-outgoing-1 >> "Host: localhost:2375[\r][\n]"
18:30:12.377 [Test worker] DEBUG com.github.dockerjava.zerodep.shaded.org.apache.hc.client5.http.wire - http-outgoing-1 >> "Connection: keep-alive[\r][\n]"
18:30:12.377 [Test worker] DEBUG com.github.dockerjava.zerodep.shaded.org.apache.hc.client5.http.wire - http-outgoing-1 >> "User-Agent: Apache-HttpClient/5.0.3 (Java/17.0.2)[\r][\n]"
18:30:12.377 [Test worker] DEBUG com.github.dockerjava.zerodep.shaded.org.apache.hc.client5.http.wire - http-outgoing-1 >> "[\r][\n]"
18:30:12.380 [Test worker] DEBUG com.github.dockerjava.zerodep.shaded.org.apache.hc.client5.http.wire - http-outgoing-1 << "HTTP/1.1 200 OK[\r][\n]"
18:30:12.380 [Test worker] DEBUG com.github.dockerjava.zerodep.shaded.org.apache.hc.client5.http.wire - http-outgoing-1 << "Api-Version: 1.41[\r][\n]"
18:30:12.380 [Test worker] DEBUG com.github.dockerjava.zerodep.shaded.org.apache.hc.client5.http.wire - http-outgoing-1 << "Content-Type: application/json[\r][\n]"
18:30:12.380 [Test worker] DEBUG com.github.dockerjava.zerodep.shaded.org.apache.hc.client5.http.wire - http-outgoing-1 << "Docker-Experimental: false[\r][\n]"
18:30:12.380 [Test worker] DEBUG com.github.dockerjava.zerodep.shaded.org.apache.hc.client5.http.wire - http-outgoing-1 << "Ostype: linux[\r][\n]"
18:30:12.380 [Test worker] DEBUG com.github.dockerjava.zerodep.shaded.org.apache.hc.client5.http.wire - http-outgoing-1 << "Server: Docker/20.10.17 (linux)[\r][\n]"
18:30:12.380 [Test worker] DEBUG com.github.dockerjava.zerodep.shaded.org.apache.hc.client5.http.wire - http-outgoing-1 << "Date: Thu, 08 Dec 2022 21:30:12 GMT[\r][\n]"
18:30:12.380 [Test worker] DEBUG com.github.dockerjava.zerodep.shaded.org.apache.hc.client5.http.wire - http-outgoing-1 << "Transfer-Encoding: chunked[\r][\n]"
18:30:12.380 [Test worker] DEBUG com.github.dockerjava.zerodep.shaded.org.apache.hc.client5.http.wire - http-outgoing-1 << "[\r][\n]"
18:30:12.380 [Test worker] DEBUG com.github.dockerjava.zerodep.shaded.org.apache.hc.client5.http.wire - http-outgoing-1 << "18a6[\r][\n]"
18:30:12.381 [Test worker] DEBUG com.github.dockerjava.zerodep.shaded.org.apache.hc.client5.http.wire - http-outgoing-1 << "{"Id":"b4fc7afd97457a2a6ec84592488a57f900fa52ed03fcd2dbaf8a116bc1f50ab3","Created":"2022-12-08T21:30:11.801619537Z","Path":"docker-entrypoint.sh","Args":["mysqld"],"State":{"Status":"running","Running":true,"Paused":false,"Restarting":false,"OOMKilled":false,"Dead":false,"Pid":148084,"ExitCode":0,"Error":"","StartedAt":"2022-12-08T21:30:12.370762583Z","FinishedAt":"0001-01-01T00:00:00Z"},"Image":"sha256:7484689f290f1defe06b65befc54cb6ad91a667cf0af59a265ffe76c46bd0478","ResolvConfPath":"/var/lib/docker/containers/b4fc7afd97457a2a6ec84592488a57f900fa52ed03fcd2dbaf8a116bc1f50ab3/resolv.conf","HostnamePath":"/var/lib/docker/containers/b4fc7afd97457a2a6ec84592488a57f900fa52ed03fcd2dbaf8a116bc1f50ab3/hostname","HostsPath":"/var/lib/docker/containers/b4fc7afd97457a2a6ec84592488a57f900fa52ed03fcd2dbaf8a116bc1f50ab3/hosts","LogPath":"/var/lib/docker/containers/b4fc7afd97457a2a6ec84592488a57f900fa52ed03fcd2dbaf8a116bc1f50ab3/b4fc7afd97457a2a6ec84592488a57f900fa52ed03fcd2dbaf8a116bc1f50ab3-json.log","Name":"/agitated_ptolemy","RestartCount":0,"Driver":"overlay2","Platform":"linux","MountLabel":"","ProcessLabel":"","AppArmorProfile":"docker-default","ExecIDs":null,"HostConfig":{"Binds":[],"ContainerIDFile":"","LogConfig":{"Type":"json-file","Config":{}},"NetworkMode":"default","PortBindings":{"3306/tcp":[{"HostIp":"","HostPort":""}]},"RestartPolicy":{"Name":"","MaximumRetryCount":0},"AutoRemove":false,"VolumeDriver":"","VolumesFrom":[],"CapAdd":null,"CapDrop":null,"CgroupnsMode":"private","Dns":null,"DnsOptions":null,"DnsSearch":null,"ExtraHosts":[],"GroupAdd":null,"IpcMode":"shareable","Cgroup":"","Links":null,"OomScoreAdj":0,"PidMode":"","Privileged":false,"PublishAllPorts":false,"ReadonlyRootfs":false,"SecurityOpt":null,"UTSMode":"","UsernsMode":"","ShmSize":67108864,"Runtime":"runc","ConsoleSize":[0,0],"Isolation":"","CpuShares":0,"Memory":0,"NanoCpus":0,"CgroupParent":"","BlkioWeight":0,"BlkioWeightDevice":null,"BlkioDeviceReadBps":null,"BlkioDeviceWriteBps":null,"BlkioDeviceReadIOps":null,"BlkioDeviceWriteIOps":null,"CpuPeriod":0,"CpuQuota":0,"CpuRealtimePeriod":0,"CpuRealtimeRuntime":0,"CpusetCpus":"","CpusetMems":"","Devices":null,"DeviceCgroupRules":null,"DeviceRequests":null,"KernelMemory":0,"KernelMemoryTCP":0,"MemoryReservation":0,"MemorySwap":0,"MemorySwappiness":null,"OomKillDisable":null,"PidsLimit":null,"Ulimits":null,"CpuCount":0,"CpuPercent":0,"IOMaximumIOps":0,"IOMaximumBandwidth":0,"MaskedPaths":["/proc/asound","/proc/acpi","/proc/kcore","/proc/keys","/proc/latency_stats","/proc/timer_list","/proc/timer_stats","/proc/sched_debug","/proc/scsi","/sys/firmware"],"ReadonlyPaths":["/proc/bus","/proc/fs","/proc/irq","/proc/sys","/proc/sysrq-trigger"]},"GraphDriver":{"Data":{"LowerDir":"/var/lib/docker/overlay2/05794d51525f65619c615558ef5f93d7c33eef44e12313fdcb3942911d0b5f7d-init/diff:/var/lib/docker/overlay2/f079a69cfd5e80e906b12f05a0c7bfaabc56ce63e947db68b722ae30905f1239/diff:/var/lib/docker/overlay2/9dfb63d6bb556846a13012421dde7951ef83a14d8ce1882287cce66f0f9bd055/diff:/var/lib/docker/overlay2/c4f8874ae33ddd14488f5051cd953acc020fa00ea72d28bd530450c0bc8f9903/diff:/var/lib/docker/overlay2/992683766b46aa5653160e6a34283b579a75000e230890d0ec0a6204af735697/diff:/var/lib/docker/overlay2/6e3fba0e1d6501c91c9bec723bb1364f75599c6c2026a6dc71773c88a49f890a/diff:/var/lib/docker/overlay2/c6c2a366f45a69704761d45d296d71bf2bf315efb15cb06ad88925ed235fad81/diff:/var/lib/docker/overlay2/7555f9b18615244719d04b23296ba418195e5e569d47baf9f1da7c3f053fe194/diff:/var/lib/docker/overlay2/7752eb17f8f8ba44a5ed178f499901fa7eb6f2e031c29ab160ee4eff4db8edaa/diff:/var/lib/docker/overlay2/9683de8b3733106f256bd0eabc7cae13623b14493b9212e863449d42b8a87390/diff:/var/lib/docker/overlay2/f5e28e407d8811526fb7dd82e4fed08d5d3124c0f22f1a9496ed27b2b457d3dd/diff:/var/lib/docker/overlay2/e2980c91c6b3331cff3994ca6f327955bb5feaef0f96bc64edce80631fdbf829/diff","MergedDir":"/var/lib/docker/overlay2/05794d51525f65619c615558ef5f93d7c33eef44e12313fdcb3942911d0b5f7d/merged","UpperDir":"/var/lib/docker/overlay2/05794d51525f65619c615558ef5f93d7c33eef44e12313fdcb3942911d0b5f7d/diff","WorkDir":"/var/lib/docker/overlay2/05794d51525f65619c615558ef5f93d7c33eef44e12313fdcb3942911d0b5f7d/work"},"Name":"overlay2"},"Mounts":[{"Type":"volume","Name":"fe29345a30f82a1c969c40b069133e9d87168ce95967d67ac182ee42c059affb","Source":"/var/lib/docker/volumes/fe29345a30f82a1c969c40b069133e9d87168ce95967d67ac182ee42c059affb/_data","Destination":"/var/lib/mysql","Driver":"local","Mode":"","RW":true,"Propagation":""}],"Config":{"Hostname":"b4fc7afd9745","Domainname":"","User":"","AttachStdin":false,"AttachStdout":false,"AttachStderr":false,"ExposedPorts":{"3306/tcp":{},"33060/tcp":{}},"Tty":false,"OpenStdin":false,"StdinOnce":false,"Env":["MYSQL_DATABASE=adm_videos","MYSQL_PASSWORD=123456","MYSQL_ROOT_PASSWORD=123456","PATH=/usr/local/sbin:/usr/local/bin:/usr/sbin:/usr/bin:/sbin:/bin","GOSU_VERSION=1.14","MYSQL_MAJOR=8.0","MYSQL_VERSION=8.0.31-1.el8","MYSQL_SHELL_VERSION=8.0.31-1.el8"],"Cmd":["mysqld"],"Image":"mysql:latest","Volumes":{"/var/lib/mysql":{}},"WorkingDir":"","Entrypoint":["docker-entrypoint.sh"],"OnBuild":null,"Labels":{"org.testcontainers":"true","org.testcontainers.sessionId":"cdd139c9-cde1-4429-bea7-edb0e651ba16"}},"NetworkSettings":{"Bridge":"","SandboxID":"8404ec7d59006489fa5b6638879180586e9aa24c1c3ae79d40e26a8f453c93b1","HairpinMode":false,"LinkLocalIPv6Address":"","LinkLocalIPv6PrefixLen":0,"Ports":{"3306/tcp":[{"HostIp":"0.0.0.0","HostPort":"49156"},{"HostIp":"::","HostPort":"49156"}],"33060/tcp":null},"SandboxKey":"/var/run/docker/netns/8404ec7d5900","SecondaryIPAddresses":null,"SecondaryIPv6Addresses":null,"EndpointID":"28c851b70d88131a783e3d87b7c50320df5f3250ebca621b1b39353a2424212a","Gateway":"172.17.0.1","GlobalIPv6Address":"","GlobalIPv6PrefixLen":0,"IPAddress":"172.17.0.3","IPPrefixLen":16,"IPv6Gateway":"","MacAddress":"02:42:ac:11:00:03","Networks":{"bridge":{"IPAMConfig":null,"Links":null,"Aliases":null,"NetworkID":"bf06afe94eca8b5ab91eae0dbaa8561a6dd16832d429dcdbaa7ed1e003cfbe56","EndpointID":"28c851b70d88131a783e3d87b7c50320df5f3250ebca621b1b39353a2424212a","Gateway":"172.17.0.1","IPAddress":"172.17.0.3","IPPrefixLen":16,"IPv6Gateway":"","GlobalIPv6Address":"","GlobalIPv6PrefixLen":0,"MacAddress":"02:42:ac:11:00:03","DriverOpts":null}}}}[\n]"
18:30:12.381 [Test worker] DEBUG com.github.dockerjava.zerodep.shaded.org.apache.hc.client5.http.wire - http-outgoing-1 << "[\r][\n]"
18:30:12.381 [Test worker] DEBUG com.github.dockerjava.zerodep.shaded.org.apache.hc.client5.http.wire - http-outgoing-1 << "0[\r][\n]"
18:30:12.381 [Test worker] DEBUG com.github.dockerjava.zerodep.shaded.org.apache.hc.client5.http.wire - http-outgoing-1 << "[\r][\n]"
18:30:12.381 [Test worker] DEBUG com.github.dockerjava.zerodep.shaded.org.apache.hc.client5.http.headers - http-outgoing-1 << HTTP/1.1 200 OK
18:30:12.381 [Test worker] DEBUG com.github.dockerjava.zerodep.shaded.org.apache.hc.client5.http.headers - http-outgoing-1 << Api-Version: 1.41
18:30:12.381 [Test worker] DEBUG com.github.dockerjava.zerodep.shaded.org.apache.hc.client5.http.headers - http-outgoing-1 << Content-Type: application/json
18:30:12.381 [Test worker] DEBUG com.github.dockerjava.zerodep.shaded.org.apache.hc.client5.http.headers - http-outgoing-1 << Docker-Experimental: false
18:30:12.381 [Test worker] DEBUG com.github.dockerjava.zerodep.shaded.org.apache.hc.client5.http.headers - http-outgoing-1 << Ostype: linux
18:30:12.381 [Test worker] DEBUG com.github.dockerjava.zerodep.shaded.org.apache.hc.client5.http.headers - http-outgoing-1 << Server: Docker/20.10.17 (linux)
18:30:12.381 [Test worker] DEBUG com.github.dockerjava.zerodep.shaded.org.apache.hc.client5.http.headers - http-outgoing-1 << Date: Thu, 08 Dec 2022 21:30:12 GMT
18:30:12.381 [Test worker] DEBUG com.github.dockerjava.zerodep.shaded.org.apache.hc.client5.http.headers - http-outgoing-1 << Transfer-Encoding: chunked
18:30:12.381 [Test worker] DEBUG com.github.dockerjava.zerodep.shaded.org.apache.hc.client5.http.impl.classic.MainClientExec - ex-0000000B: connection can be kept alive for 3 MINUTES
18:30:12.384 [Test worker] DEBUG com.github.dockerjava.zerodep.shaded.org.apache.hc.client5.http.impl.classic.InternalHttpClient - ep-0000000A: releasing valid endpoint
18:30:12.384 [Test worker] DEBUG com.github.dockerjava.zerodep.shaded.org.apache.hc.client5.http.impl.io.PoolingHttpClientConnectionManager - ep-0000000A: releasing endpoint
18:30:12.384 [Test worker] DEBUG com.github.dockerjava.zerodep.shaded.org.apache.hc.client5.http.impl.io.PoolingHttpClientConnectionManager - ep-0000000A: connection http-outgoing-1 can be kept alive for 3 MINUTES
18:30:12.384 [Test worker] DEBUG com.github.dockerjava.zerodep.shaded.org.apache.hc.client5.http.impl.io.PoolingHttpClientConnectionManager - ep-0000000A: connection released [route: {}->unix://localhost:2375][total available: 1; route allocated: 1 of 2147483647; total allocated: 1 of 2147483647]
18:30:12.385 [Test worker] INFO ]]>&#x1f433;<![CDATA[ [mysql:latest] - Waiting for database connection to become available at jdbc:mysql://localhost:49156/adm_videos using query 'SELECT 1'
18:30:12.385 [Test worker] DEBUG org.testcontainers.shaded.com.github.dockerjava.core.command.AbstrDockerCmd - Cmd: b4fc7afd97457a2a6ec84592488a57f900fa52ed03fcd2dbaf8a116bc1f50ab3,false
18:30:12.385 [Test worker] DEBUG org.testcontainers.shaded.com.github.dockerjava.core.exec.InspectContainerCmdExec - GET: DefaultWebTarget{path=[/containers/b4fc7afd97457a2a6ec84592488a57f900fa52ed03fcd2dbaf8a116bc1f50ab3/json], queryParams={}}
18:30:12.386 [Test worker] DEBUG com.github.dockerjava.zerodep.shaded.org.apache.hc.client5.http.impl.classic.InternalHttpClient - ex-0000000C: preparing request execution
18:30:12.386 [Test worker] DEBUG com.github.dockerjava.zerodep.shaded.org.apache.hc.client5.http.protocol.RequestAddCookies - Cookie spec selected: strict
18:30:12.386 [Test worker] DEBUG com.github.dockerjava.zerodep.shaded.org.apache.hc.client5.http.protocol.RequestAuthCache - Auth cache not set in the context
18:30:12.386 [Test worker] DEBUG com.github.dockerjava.zerodep.shaded.org.apache.hc.client5.http.impl.classic.ProtocolExec - ex-0000000C: target auth state: UNCHALLENGED
18:30:12.386 [Test worker] DEBUG com.github.dockerjava.zerodep.shaded.org.apache.hc.client5.http.impl.classic.ProtocolExec - ex-0000000C: proxy auth state: UNCHALLENGED
18:30:12.386 [Test worker] DEBUG com.github.dockerjava.zerodep.shaded.org.apache.hc.client5.http.impl.classic.ConnectExec - ex-0000000C: acquiring connection with route {}->unix://localhost:2375
18:30:12.386 [Test worker] DEBUG com.github.dockerjava.zerodep.shaded.org.apache.hc.client5.http.impl.classic.InternalHttpClient - ex-0000000C: acquiring endpoint (3 MINUTES)
18:30:12.386 [Test worker] DEBUG com.github.dockerjava.zerodep.shaded.org.apache.hc.client5.http.impl.io.PoolingHttpClientConnectionManager - ex-0000000C: endpoint lease request (3 MINUTES) [route: {}->unix://localhost:2375][total available: 1; route allocated: 1 of 2147483647; total allocated: 1 of 2147483647]
18:30:12.386 [Test worker] DEBUG com.github.dockerjava.zerodep.shaded.org.apache.hc.client5.http.impl.io.PoolingHttpClientConnectionManager - ex-0000000C: endpoint leased [route: {}->unix://localhost:2375][total available: 0; route allocated: 1 of 2147483647; total allocated: 1 of 2147483647]
18:30:12.386 [Test worker] DEBUG com.github.dockerjava.zerodep.shaded.org.apache.hc.client5.http.impl.io.PoolingHttpClientConnectionManager - ex-0000000C: acquired ep-0000000B
18:30:12.386 [Test worker] DEBUG com.github.dockerjava.zerodep.shaded.org.apache.hc.client5.http.impl.classic.InternalHttpClient - ex-0000000C: acquired endpoint ep-0000000B
18:30:12.386 [Test worker] DEBUG com.github.dockerjava.zerodep.shaded.org.apache.hc.client5.http.impl.classic.MainClientExec - ex-0000000C: executing GET /v1.32/containers/b4fc7afd97457a2a6ec84592488a57f900fa52ed03fcd2dbaf8a116bc1f50ab3/json HTTP/1.1
18:30:12.386 [Test worker] DEBUG com.github.dockerjava.zerodep.shaded.org.apache.hc.client5.http.impl.classic.InternalHttpClient - ep-0000000B: start execution ex-0000000C
18:30:12.386 [Test worker] DEBUG com.github.dockerjava.zerodep.shaded.org.apache.hc.client5.http.impl.io.PoolingHttpClientConnectionManager - ep-0000000B: executing exchange ex-0000000C over http-outgoing-1
18:30:12.386 [Test worker] DEBUG com.github.dockerjava.zerodep.shaded.org.apache.hc.client5.http.headers - http-outgoing-1 >> GET /v1.32/containers/b4fc7afd97457a2a6ec84592488a57f900fa52ed03fcd2dbaf8a116bc1f50ab3/json HTTP/1.1
18:30:12.386 [Test worker] DEBUG com.github.dockerjava.zerodep.shaded.org.apache.hc.client5.http.headers - http-outgoing-1 >> accept: application/json
18:30:12.387 [Test worker] DEBUG com.github.dockerjava.zerodep.shaded.org.apache.hc.client5.http.headers - http-outgoing-1 >> x-tc-sid: cdd139c9-cde1-4429-bea7-edb0e651ba16
18:30:12.387 [Test worker] DEBUG com.github.dockerjava.zerodep.shaded.org.apache.hc.client5.http.headers - http-outgoing-1 >> Accept-Encoding: gzip, x-gzip, deflate
18:30:12.387 [Test worker] DEBUG com.github.dockerjava.zerodep.shaded.org.apache.hc.client5.http.headers - http-outgoing-1 >> Host: localhost:2375
18:30:12.387 [Test worker] DEBUG com.github.dockerjava.zerodep.shaded.org.apache.hc.client5.http.headers - http-outgoing-1 >> Connection: keep-alive
18:30:12.387 [Test worker] DEBUG com.github.dockerjava.zerodep.shaded.org.apache.hc.client5.http.headers - http-outgoing-1 >> User-Agent: Apache-HttpClient/5.0.3 (Java/17.0.2)
18:30:12.387 [Test worker] DEBUG com.github.dockerjava.zerodep.shaded.org.apache.hc.client5.http.wire - http-outgoing-1 >> "GET /v1.32/containers/b4fc7afd97457a2a6ec84592488a57f900fa52ed03fcd2dbaf8a116bc1f50ab3/json HTTP/1.1[\r][\n]"
18:30:12.387 [Test worker] DEBUG com.github.dockerjava.zerodep.shaded.org.apache.hc.client5.http.wire - http-outgoing-1 >> "accept: application/json[\r][\n]"
18:30:12.387 [Test worker] DEBUG com.github.dockerjava.zerodep.shaded.org.apache.hc.client5.http.wire - http-outgoing-1 >> "x-tc-sid: cdd139c9-cde1-4429-bea7-edb0e651ba16[\r][\n]"
18:30:12.387 [Test worker] DEBUG com.github.dockerjava.zerodep.shaded.org.apache.hc.client5.http.wire - http-outgoing-1 >> "Accept-Encoding: gzip, x-gzip, deflate[\r][\n]"
18:30:12.387 [Test worker] DEBUG com.github.dockerjava.zerodep.shaded.org.apache.hc.client5.http.wire - http-outgoing-1 >> "Host: localhost:2375[\r][\n]"
18:30:12.387 [Test worker] DEBUG com.github.dockerjava.zerodep.shaded.org.apache.hc.client5.http.wire - http-outgoing-1 >> "Connection: keep-alive[\r][\n]"
18:30:12.387 [Test worker] DEBUG com.github.dockerjava.zerodep.shaded.org.apache.hc.client5.http.wire - http-outgoing-1 >> "User-Agent: Apache-HttpClient/5.0.3 (Java/17.0.2)[\r][\n]"
18:30:12.387 [Test worker] DEBUG com.github.dockerjava.zerodep.shaded.org.apache.hc.client5.http.wire - http-outgoing-1 >> "[\r][\n]"
18:30:12.387 [Test worker] DEBUG com.github.dockerjava.zerodep.shaded.org.apache.hc.client5.http.wire - http-outgoing-1 << "HTTP/1.1 200 OK[\r][\n]"
18:30:12.388 [Test worker] DEBUG com.github.dockerjava.zerodep.shaded.org.apache.hc.client5.http.wire - http-outgoing-1 << "Api-Version: 1.41[\r][\n]"
18:30:12.388 [Test worker] DEBUG com.github.dockerjava.zerodep.shaded.org.apache.hc.client5.http.wire - http-outgoing-1 << "Content-Type: application/json[\r][\n]"
18:30:12.388 [Test worker] DEBUG com.github.dockerjava.zerodep.shaded.org.apache.hc.client5.http.wire - http-outgoing-1 << "Docker-Experimental: false[\r][\n]"
18:30:12.388 [Test worker] DEBUG com.github.dockerjava.zerodep.shaded.org.apache.hc.client5.http.wire - http-outgoing-1 << "Ostype: linux[\r][\n]"
18:30:12.388 [Test worker] DEBUG com.github.dockerjava.zerodep.shaded.org.apache.hc.client5.http.wire - http-outgoing-1 << "Server: Docker/20.10.17 (linux)[\r][\n]"
18:30:12.388 [Test worker] DEBUG com.github.dockerjava.zerodep.shaded.org.apache.hc.client5.http.wire - http-outgoing-1 << "Date: Thu, 08 Dec 2022 21:30:12 GMT[\r][\n]"
18:30:12.388 [Test worker] DEBUG com.github.dockerjava.zerodep.shaded.org.apache.hc.client5.http.wire - http-outgoing-1 << "Transfer-Encoding: chunked[\r][\n]"
18:30:12.388 [Test worker] DEBUG com.github.dockerjava.zerodep.shaded.org.apache.hc.client5.http.wire - http-outgoing-1 << "[\r][\n]"
18:30:12.388 [Test worker] DEBUG com.github.dockerjava.zerodep.shaded.org.apache.hc.client5.http.wire - http-outgoing-1 << "18a6[\r][\n]"
18:30:12.388 [Test worker] DEBUG com.github.dockerjava.zerodep.shaded.org.apache.hc.client5.http.wire - http-outgoing-1 << "{"Id":"b4fc7afd97457a2a6ec84592488a57f900fa52ed03fcd2dbaf8a116bc1f50ab3","Created":"2022-12-08T21:30:11.801619537Z","Path":"docker-entrypoint.sh","Args":["mysqld"],"State":{"Status":"running","Running":true,"Paused":false,"Restarting":false,"OOMKilled":false,"Dead":false,"Pid":148084,"ExitCode":0,"Error":"","StartedAt":"2022-12-08T21:30:12.370762583Z","FinishedAt":"0001-01-01T00:00:00Z"},"Image":"sha256:7484689f290f1defe06b65befc54cb6ad91a667cf0af59a265ffe76c46bd0478","ResolvConfPath":"/var/lib/docker/containers/b4fc7afd97457a2a6ec84592488a57f900fa52ed03fcd2dbaf8a116bc1f50ab3/resolv.conf","HostnamePath":"/var/lib/docker/containers/b4fc7afd97457a2a6ec84592488a57f900fa52ed03fcd2dbaf8a116bc1f50ab3/hostname","HostsPath":"/var/lib/docker/containers/b4fc7afd97457a2a6ec84592488a57f900fa52ed03fcd2dbaf8a116bc1f50ab3/hosts","LogPath":"/var/lib/docker/containers/b4fc7afd97457a2a6ec84592488a57f900fa52ed03fcd2dbaf8a116bc1f50ab3/b4fc7afd97457a2a6ec84592488a57f900fa52ed03fcd2dbaf8a116bc1f50ab3-json.log","Name":"/agitated_ptolemy","RestartCount":0,"Driver":"overlay2","Platform":"linux","MountLabel":"","ProcessLabel":"","AppArmorProfile":"docker-default","ExecIDs":null,"HostConfig":{"Binds":[],"ContainerIDFile":"","LogConfig":{"Type":"json-file","Config":{}},"NetworkMode":"default","PortBindings":{"3306/tcp":[{"HostIp":"","HostPort":""}]},"RestartPolicy":{"Name":"","MaximumRetryCount":0},"AutoRemove":false,"VolumeDriver":"","VolumesFrom":[],"CapAdd":null,"CapDrop":null,"CgroupnsMode":"private","Dns":null,"DnsOptions":null,"DnsSearch":null,"ExtraHosts":[],"GroupAdd":null,"IpcMode":"shareable","Cgroup":"","Links":null,"OomScoreAdj":0,"PidMode":"","Privileged":false,"PublishAllPorts":false,"ReadonlyRootfs":false,"SecurityOpt":null,"UTSMode":"","UsernsMode":"","ShmSize":67108864,"Runtime":"runc","ConsoleSize":[0,0],"Isolation":"","CpuShares":0,"Memory":0,"NanoCpus":0,"CgroupParent":"","BlkioWeight":0,"BlkioWeightDevice":null,"BlkioDeviceReadBps":null,"BlkioDeviceWriteBps":null,"BlkioDeviceReadIOps":null,"BlkioDeviceWriteIOps":null,"CpuPeriod":0,"CpuQuota":0,"CpuRealtimePeriod":0,"CpuRealtimeRuntime":0,"CpusetCpus":"","CpusetMems":"","Devices":null,"DeviceCgroupRules":null,"DeviceRequests":null,"KernelMemory":0,"KernelMemoryTCP":0,"MemoryReservation":0,"MemorySwap":0,"MemorySwappiness":null,"OomKillDisable":null,"PidsLimit":null,"Ulimits":null,"CpuCount":0,"CpuPercent":0,"IOMaximumIOps":0,"IOMaximumBandwidth":0,"MaskedPaths":["/proc/asound","/proc/acpi","/proc/kcore","/proc/keys","/proc/latency_stats","/proc/timer_list","/proc/timer_stats","/proc/sched_debug","/proc/scsi","/sys/firmware"],"ReadonlyPaths":["/proc/bus","/proc/fs","/proc/irq","/proc/sys","/proc/sysrq-trigger"]},"GraphDriver":{"Data":{"LowerDir":"/var/lib/docker/overlay2/05794d51525f65619c615558ef5f93d7c33eef44e12313fdcb3942911d0b5f7d-init/diff:/var/lib/docker/overlay2/f079a69cfd5e80e906b12f05a0c7bfaabc56ce63e947db68b722ae30905f1239/diff:/var/lib/docker/overlay2/9dfb63d6bb556846a13012421dde7951ef83a14d8ce1882287cce66f0f9bd055/diff:/var/lib/docker/overlay2/c4f8874ae33ddd14488f5051cd953acc020fa00ea72d28bd530450c0bc8f9903/diff:/var/lib/docker/overlay2/992683766b46aa5653160e6a34283b579a75000e230890d0ec0a6204af735697/diff:/var/lib/docker/overlay2/6e3fba0e1d6501c91c9bec723bb1364f75599c6c2026a6dc71773c88a49f890a/diff:/var/lib/docker/overlay2/c6c2a366f45a69704761d45d296d71bf2bf315efb15cb06ad88925ed235fad81/diff:/var/lib/docker/overlay2/7555f9b18615244719d04b23296ba418195e5e569d47baf9f1da7c3f053fe194/diff:/var/lib/docker/overlay2/7752eb17f8f8ba44a5ed178f499901fa7eb6f2e031c29ab160ee4eff4db8edaa/diff:/var/lib/docker/overlay2/9683de8b3733106f256bd0eabc7cae13623b14493b9212e863449d42b8a87390/diff:/var/lib/docker/overlay2/f5e28e407d8811526fb7dd82e4fed08d5d3124c0f22f1a9496ed27b2b457d3dd/diff:/var/lib/docker/overlay2/e2980c91c6b3331cff3994ca6f327955bb5feaef0f96bc64edce80631fdbf829/diff","MergedDir":"/var/lib/docker/overlay2/05794d51525f65619c615558ef5f93d7c33eef44e12313fdcb3942911d0b5f7d/merged","UpperDir":"/var/lib/docker/overlay2/05794d51525f65619c615558ef5f93d7c33eef44e12313fdcb3942911d0b5f7d/diff","WorkDir":"/var/lib/docker/overlay2/05794d51525f65619c615558ef5f93d7c33eef44e12313fdcb3942911d0b5f7d/work"},"Name":"overlay2"},"Mounts":[{"Type":"volume","Name":"fe29345a30f82a1c969c40b069133e9d87168ce95967d67ac182ee42c059affb","Source":"/var/lib/docker/volumes/fe29345a30f82a1c969c40b069133e9d87168ce95967d67ac182ee42c059affb/_data","Destination":"/var/lib/mysql","Driver":"local","Mode":"","RW":true,"Propagation":""}],"Config":{"Hostname":"b4fc7afd9745","Domainname":"","User":"","AttachStdin":false,"AttachStdout":false,"AttachStderr":false,"ExposedPorts":{"3306/tcp":{},"33060/tcp":{}},"Tty":false,"OpenStdin":false,"StdinOnce":false,"Env":["MYSQL_DATABASE=adm_videos","MYSQL_PASSWORD=123456","MYSQL_ROOT_PASSWORD=123456","PATH=/usr/local/sbin:/usr/local/bin:/usr/sbin:/usr/bin:/sbin:/bin","GOSU_VERSION=1.14","MYSQL_MAJOR=8.0","MYSQL_VERSION=8.0.31-1.el8","MYSQL_SHELL_VERSION=8.0.31-1.el8"],"Cmd":["mysqld"],"Image":"mysql:latest","Volumes":{"/var/lib/mysql":{}},"WorkingDir":"","Entrypoint":["docker-entrypoint.sh"],"OnBuild":null,"Labels":{"org.testcontainers":"true","org.testcontainers.sessionId":"cdd139c9-cde1-4429-bea7-edb0e651ba16"}},"NetworkSettings":{"Bridge":"","SandboxID":"8404ec7d59006489fa5b6638879180586e9aa24c1c3ae79d40e26a8f453c93b1","HairpinMode":false,"LinkLocalIPv6Address":"","LinkLocalIPv6PrefixLen":0,"Ports":{"3306/tcp":[{"HostIp":"0.0.0.0","HostPort":"49156"},{"HostIp":"::","HostPort":"49156"}],"33060/tcp":null},"SandboxKey":"/var/run/docker/netns/8404ec7d5900","SecondaryIPAddresses":null,"SecondaryIPv6Addresses":null,"EndpointID":"28c851b70d88131a783e3d87b7c50320df5f3250ebca621b1b39353a2424212a","Gateway":"172.17.0.1","GlobalIPv6Address":"","GlobalIPv6PrefixLen":0,"IPAddress":"172.17.0.3","IPPrefixLen":16,"IPv6Gateway":"","MacAddress":"02:42:ac:11:00:03","Networks":{"bridge":{"IPAMConfig":null,"Links":null,"Aliases":null,"NetworkID":"bf06afe94eca8b5ab91eae0dbaa8561a6dd16832d429dcdbaa7ed1e003cfbe56","EndpointID":"28c851b70d88131a783e3d87b7c50320df5f3250ebca621b1b39353a2424212a","Gateway":"172.17.0.1","IPAddress":"172.17.0.3","IPPrefixLen":16,"IPv6Gateway":"","GlobalIPv6Address":"","GlobalIPv6PrefixLen":0,"MacAddress":"02:42:ac:11:00:03","DriverOpts":null}}}}[\n]"
18:30:12.388 [Test worker] DEBUG com.github.dockerjava.zerodep.shaded.org.apache.hc.client5.http.wire - http-outgoing-1 << "[\r][\n]"
18:30:12.388 [Test worker] DEBUG com.github.dockerjava.zerodep.shaded.org.apache.hc.client5.http.wire - http-outgoing-1 << "0[\r][\n]"
18:30:12.388 [Test worker] DEBUG com.github.dockerjava.zerodep.shaded.org.apache.hc.client5.http.wire - http-outgoing-1 << "[\r][\n]"
18:30:12.393 [Test worker] DEBUG com.github.dockerjava.zerodep.shaded.org.apache.hc.client5.http.headers - http-outgoing-1 << HTTP/1.1 200 OK
18:30:12.393 [Test worker] DEBUG com.github.dockerjava.zerodep.shaded.org.apache.hc.client5.http.headers - http-outgoing-1 << Api-Version: 1.41
18:30:12.393 [Test worker] DEBUG com.github.dockerjava.zerodep.shaded.org.apache.hc.client5.http.headers - http-outgoing-1 << Content-Type: application/json
18:30:12.393 [Test worker] DEBUG com.github.dockerjava.zerodep.shaded.org.apache.hc.client5.http.headers - http-outgoing-1 << Docker-Experimental: false
18:30:12.393 [Test worker] DEBUG com.github.dockerjava.zerodep.shaded.org.apache.hc.client5.http.headers - http-outgoing-1 << Ostype: linux
18:30:12.393 [Test worker] DEBUG com.github.dockerjava.zerodep.shaded.org.apache.hc.client5.http.headers - http-outgoing-1 << Server: Docker/20.10.17 (linux)
18:30:12.393 [Test worker] DEBUG com.github.dockerjava.zerodep.shaded.org.apache.hc.client5.http.headers - http-outgoing-1 << Date: Thu, 08 Dec 2022 21:30:12 GMT
18:30:12.393 [Test worker] DEBUG com.github.dockerjava.zerodep.shaded.org.apache.hc.client5.http.headers - http-outgoing-1 << Transfer-Encoding: chunked
18:30:12.393 [Test worker] DEBUG com.github.dockerjava.zerodep.shaded.org.apache.hc.client5.http.impl.classic.MainClientExec - ex-0000000C: connection can be kept alive for 3 MINUTES
18:30:12.396 [Test worker] DEBUG com.github.dockerjava.zerodep.shaded.org.apache.hc.client5.http.impl.classic.InternalHttpClient - ep-0000000B: releasing valid endpoint
18:30:12.396 [Test worker] DEBUG com.github.dockerjava.zerodep.shaded.org.apache.hc.client5.http.impl.io.PoolingHttpClientConnectionManager - ep-0000000B: releasing endpoint
18:30:12.396 [Test worker] DEBUG com.github.dockerjava.zerodep.shaded.org.apache.hc.client5.http.impl.io.PoolingHttpClientConnectionManager - ep-0000000B: connection http-outgoing-1 can be kept alive for 3 MINUTES
18:30:12.396 [Test worker] DEBUG com.github.dockerjava.zerodep.shaded.org.apache.hc.client5.http.impl.io.PoolingHttpClientConnectionManager - ep-0000000B: connection released [route: {}->unix://localhost:2375][total available: 1; route allocated: 1 of 2147483647; total allocated: 1 of 2147483647]
18:30:12.404 [Test worker] DEBUG org.testcontainers.shaded.com.github.dockerjava.core.command.AbstrDockerCmd - Cmd: b4fc7afd97457a2a6ec84592488a57f900fa52ed03fcd2dbaf8a116bc1f50ab3,false
18:30:12.404 [Test worker] DEBUG org.testcontainers.shaded.com.github.dockerjava.core.exec.InspectContainerCmdExec - GET: DefaultWebTarget{path=[/containers/b4fc7afd97457a2a6ec84592488a57f900fa52ed03fcd2dbaf8a116bc1f50ab3/json], queryParams={}}
18:30:12.404 [Test worker] DEBUG com.github.dockerjava.zerodep.shaded.org.apache.hc.client5.http.impl.classic.InternalHttpClient - ex-0000000D: preparing request execution
18:30:12.404 [Test worker] DEBUG com.github.dockerjava.zerodep.shaded.org.apache.hc.client5.http.protocol.RequestAddCookies - Cookie spec selected: strict
18:30:12.405 [Test worker] DEBUG com.github.dockerjava.zerodep.shaded.org.apache.hc.client5.http.protocol.RequestAuthCache - Auth cache not set in the context
18:30:12.405 [Test worker] DEBUG com.github.dockerjava.zerodep.shaded.org.apache.hc.client5.http.impl.classic.ProtocolExec - ex-0000000D: target auth state: UNCHALLENGED
18:30:12.405 [Test worker] DEBUG com.github.dockerjava.zerodep.shaded.org.apache.hc.client5.http.impl.classic.ProtocolExec - ex-0000000D: proxy auth state: UNCHALLENGED
18:30:12.405 [Test worker] DEBUG com.github.dockerjava.zerodep.shaded.org.apache.hc.client5.http.impl.classic.ConnectExec - ex-0000000D: acquiring connection with route {}->unix://localhost:2375
18:30:12.405 [Test worker] DEBUG com.github.dockerjava.zerodep.shaded.org.apache.hc.client5.http.impl.classic.InternalHttpClient - ex-0000000D: acquiring endpoint (3 MINUTES)
18:30:12.405 [Test worker] DEBUG com.github.dockerjava.zerodep.shaded.org.apache.hc.client5.http.impl.io.PoolingHttpClientConnectionManager - ex-0000000D: endpoint lease request (3 MINUTES) [route: {}->unix://localhost:2375][total available: 1; route allocated: 1 of 2147483647; total allocated: 1 of 2147483647]
18:30:12.405 [Test worker] DEBUG com.github.dockerjava.zerodep.shaded.org.apache.hc.client5.http.impl.io.PoolingHttpClientConnectionManager - ex-0000000D: endpoint leased [route: {}->unix://localhost:2375][total available: 0; route allocated: 1 of 2147483647; total allocated: 1 of 2147483647]
18:30:12.405 [Test worker] DEBUG com.github.dockerjava.zerodep.shaded.org.apache.hc.client5.http.impl.io.PoolingHttpClientConnectionManager - ex-0000000D: acquired ep-0000000C
18:30:12.405 [Test worker] DEBUG com.github.dockerjava.zerodep.shaded.org.apache.hc.client5.http.impl.classic.InternalHttpClient - ex-0000000D: acquired endpoint ep-0000000C
18:30:12.405 [Test worker] DEBUG com.github.dockerjava.zerodep.shaded.org.apache.hc.client5.http.impl.classic.MainClientExec - ex-0000000D: executing GET /v1.32/containers/b4fc7afd97457a2a6ec84592488a57f900fa52ed03fcd2dbaf8a116bc1f50ab3/json HTTP/1.1
18:30:12.405 [Test worker] DEBUG com.github.dockerjava.zerodep.shaded.org.apache.hc.client5.http.impl.classic.InternalHttpClient - ep-0000000C: start execution ex-0000000D
18:30:12.405 [Test worker] DEBUG com.github.dockerjava.zerodep.shaded.org.apache.hc.client5.http.impl.io.PoolingHttpClientConnectionManager - ep-0000000C: executing exchange ex-0000000D over http-outgoing-1
18:30:12.405 [Test worker] DEBUG com.github.dockerjava.zerodep.shaded.org.apache.hc.client5.http.headers - http-outgoing-1 >> GET /v1.32/containers/b4fc7afd97457a2a6ec84592488a57f900fa52ed03fcd2dbaf8a116bc1f50ab3/json HTTP/1.1
18:30:12.405 [Test worker] DEBUG com.github.dockerjava.zerodep.shaded.org.apache.hc.client5.http.headers - http-outgoing-1 >> accept: application/json
18:30:12.405 [Test worker] DEBUG com.github.dockerjava.zerodep.shaded.org.apache.hc.client5.http.headers - http-outgoing-1 >> x-tc-sid: cdd139c9-cde1-4429-bea7-edb0e651ba16
18:30:12.405 [Test worker] DEBUG com.github.dockerjava.zerodep.shaded.org.apache.hc.client5.http.headers - http-outgoing-1 >> Accept-Encoding: gzip, x-gzip, deflate
18:30:12.405 [Test worker] DEBUG com.github.dockerjava.zerodep.shaded.org.apache.hc.client5.http.headers - http-outgoing-1 >> Host: localhost:2375
18:30:12.405 [Test worker] DEBUG com.github.dockerjava.zerodep.shaded.org.apache.hc.client5.http.headers - http-outgoing-1 >> Connection: keep-alive
18:30:12.405 [Test worker] DEBUG com.github.dockerjava.zerodep.shaded.org.apache.hc.client5.http.headers - http-outgoing-1 >> User-Agent: Apache-HttpClient/5.0.3 (Java/17.0.2)
18:30:12.406 [Test worker] DEBUG com.github.dockerjava.zerodep.shaded.org.apache.hc.client5.http.wire - http-outgoing-1 >> "GET /v1.32/containers/b4fc7afd97457a2a6ec84592488a57f900fa52ed03fcd2dbaf8a116bc1f50ab3/json HTTP/1.1[\r][\n]"
18:30:12.406 [Test worker] DEBUG com.github.dockerjava.zerodep.shaded.org.apache.hc.client5.http.wire - http-outgoing-1 >> "accept: application/json[\r][\n]"
18:30:12.406 [Test worker] DEBUG com.github.dockerjava.zerodep.shaded.org.apache.hc.client5.http.wire - http-outgoing-1 >> "x-tc-sid: cdd139c9-cde1-4429-bea7-edb0e651ba16[\r][\n]"
18:30:12.406 [Test worker] DEBUG com.github.dockerjava.zerodep.shaded.org.apache.hc.client5.http.wire - http-outgoing-1 >> "Accept-Encoding: gzip, x-gzip, deflate[\r][\n]"
18:30:12.406 [Test worker] DEBUG com.github.dockerjava.zerodep.shaded.org.apache.hc.client5.http.wire - http-outgoing-1 >> "Host: localhost:2375[\r][\n]"
18:30:12.406 [Test worker] DEBUG com.github.dockerjava.zerodep.shaded.org.apache.hc.client5.http.wire - http-outgoing-1 >> "Connection: keep-alive[\r][\n]"
18:30:12.406 [Test worker] DEBUG com.github.dockerjava.zerodep.shaded.org.apache.hc.client5.http.wire - http-outgoing-1 >> "User-Agent: Apache-HttpClient/5.0.3 (Java/17.0.2)[\r][\n]"
18:30:12.406 [Test worker] DEBUG com.github.dockerjava.zerodep.shaded.org.apache.hc.client5.http.wire - http-outgoing-1 >> "[\r][\n]"
18:30:12.406 [Test worker] DEBUG com.github.dockerjava.zerodep.shaded.org.apache.hc.client5.http.wire - http-outgoing-1 << "HTTP/1.1 200 OK[\r][\n]"
18:30:12.406 [Test worker] DEBUG com.github.dockerjava.zerodep.shaded.org.apache.hc.client5.http.wire - http-outgoing-1 << "Api-Version: 1.41[\r][\n]"
18:30:12.406 [Test worker] DEBUG com.github.dockerjava.zerodep.shaded.org.apache.hc.client5.http.wire - http-outgoing-1 << "Content-Type: application/json[\r][\n]"
18:30:12.406 [Test worker] DEBUG com.github.dockerjava.zerodep.shaded.org.apache.hc.client5.http.wire - http-outgoing-1 << "Docker-Experimental: false[\r][\n]"
18:30:12.406 [Test worker] DEBUG com.github.dockerjava.zerodep.shaded.org.apache.hc.client5.http.wire - http-outgoing-1 << "Ostype: linux[\r][\n]"
18:30:12.406 [Test worker] DEBUG com.github.dockerjava.zerodep.shaded.org.apache.hc.client5.http.wire - http-outgoing-1 << "Server: Docker/20.10.17 (linux)[\r][\n]"
18:30:12.406 [Test worker] DEBUG com.github.dockerjava.zerodep.shaded.org.apache.hc.client5.http.wire - http-outgoing-1 << "Date: Thu, 08 Dec 2022 21:30:12 GMT[\r][\n]"
18:30:12.406 [Test worker] DEBUG com.github.dockerjava.zerodep.shaded.org.apache.hc.client5.http.wire - http-outgoing-1 << "Transfer-Encoding: chunked[\r][\n]"
18:30:12.406 [Test worker] DEBUG com.github.dockerjava.zerodep.shaded.org.apache.hc.client5.http.wire - http-outgoing-1 << "[\r][\n]"
18:30:12.406 [Test worker] DEBUG com.github.dockerjava.zerodep.shaded.org.apache.hc.client5.http.wire - http-outgoing-1 << "18a6[\r][\n]"
18:30:12.407 [Test worker] DEBUG com.github.dockerjava.zerodep.shaded.org.apache.hc.client5.http.wire - http-outgoing-1 << "{"Id":"b4fc7afd97457a2a6ec84592488a57f900fa52ed03fcd2dbaf8a116bc1f50ab3","Created":"2022-12-08T21:30:11.801619537Z","Path":"docker-entrypoint.sh","Args":["mysqld"],"State":{"Status":"running","Running":true,"Paused":false,"Restarting":false,"OOMKilled":false,"Dead":false,"Pid":148084,"ExitCode":0,"Error":"","StartedAt":"2022-12-08T21:30:12.370762583Z","FinishedAt":"0001-01-01T00:00:00Z"},"Image":"sha256:7484689f290f1defe06b65befc54cb6ad91a667cf0af59a265ffe76c46bd0478","ResolvConfPath":"/var/lib/docker/containers/b4fc7afd97457a2a6ec84592488a57f900fa52ed03fcd2dbaf8a116bc1f50ab3/resolv.conf","HostnamePath":"/var/lib/docker/containers/b4fc7afd97457a2a6ec84592488a57f900fa52ed03fcd2dbaf8a116bc1f50ab3/hostname","HostsPath":"/var/lib/docker/containers/b4fc7afd97457a2a6ec84592488a57f900fa52ed03fcd2dbaf8a116bc1f50ab3/hosts","LogPath":"/var/lib/docker/containers/b4fc7afd97457a2a6ec84592488a57f900fa52ed03fcd2dbaf8a116bc1f50ab3/b4fc7afd97457a2a6ec84592488a57f900fa52ed03fcd2dbaf8a116bc1f50ab3-json.log","Name":"/agitated_ptolemy","RestartCount":0,"Driver":"overlay2","Platform":"linux","MountLabel":"","ProcessLabel":"","AppArmorProfile":"docker-default","ExecIDs":null,"HostConfig":{"Binds":[],"ContainerIDFile":"","LogConfig":{"Type":"json-file","Config":{}},"NetworkMode":"default","PortBindings":{"3306/tcp":[{"HostIp":"","HostPort":""}]},"RestartPolicy":{"Name":"","MaximumRetryCount":0},"AutoRemove":false,"VolumeDriver":"","VolumesFrom":[],"CapAdd":null,"CapDrop":null,"CgroupnsMode":"private","Dns":null,"DnsOptions":null,"DnsSearch":null,"ExtraHosts":[],"GroupAdd":null,"IpcMode":"shareable","Cgroup":"","Links":null,"OomScoreAdj":0,"PidMode":"","Privileged":false,"PublishAllPorts":false,"ReadonlyRootfs":false,"SecurityOpt":null,"UTSMode":"","UsernsMode":"","ShmSize":67108864,"Runtime":"runc","ConsoleSize":[0,0],"Isolation":"","CpuShares":0,"Memory":0,"NanoCpus":0,"CgroupParent":"","BlkioWeight":0,"BlkioWeightDevice":null,"BlkioDeviceReadBps":null,"BlkioDeviceWriteBps":null,"BlkioDeviceReadIOps":null,"BlkioDeviceWriteIOps":null,"CpuPeriod":0,"CpuQuota":0,"CpuRealtimePeriod":0,"CpuRealtimeRuntime":0,"CpusetCpus":"","CpusetMems":"","Devices":null,"DeviceCgroupRules":null,"DeviceRequests":null,"KernelMemory":0,"KernelMemoryTCP":0,"MemoryReservation":0,"MemorySwap":0,"MemorySwappiness":null,"OomKillDisable":null,"PidsLimit":null,"Ulimits":null,"CpuCount":0,"CpuPercent":0,"IOMaximumIOps":0,"IOMaximumBandwidth":0,"MaskedPaths":["/proc/asound","/proc/acpi","/proc/kcore","/proc/keys","/proc/latency_stats","/proc/timer_list","/proc/timer_stats","/proc/sched_debug","/proc/scsi","/sys/firmware"],"ReadonlyPaths":["/proc/bus","/proc/fs","/proc/irq","/proc/sys","/proc/sysrq-trigger"]},"GraphDriver":{"Data":{"LowerDir":"/var/lib/docker/overlay2/05794d51525f65619c615558ef5f93d7c33eef44e12313fdcb3942911d0b5f7d-init/diff:/var/lib/docker/overlay2/f079a69cfd5e80e906b12f05a0c7bfaabc56ce63e947db68b722ae30905f1239/diff:/var/lib/docker/overlay2/9dfb63d6bb556846a13012421dde7951ef83a14d8ce1882287cce66f0f9bd055/diff:/var/lib/docker/overlay2/c4f8874ae33ddd14488f5051cd953acc020fa00ea72d28bd530450c0bc8f9903/diff:/var/lib/docker/overlay2/992683766b46aa5653160e6a34283b579a75000e230890d0ec0a6204af735697/diff:/var/lib/docker/overlay2/6e3fba0e1d6501c91c9bec723bb1364f75599c6c2026a6dc71773c88a49f890a/diff:/var/lib/docker/overlay2/c6c2a366f45a69704761d45d296d71bf2bf315efb15cb06ad88925ed235fad81/diff:/var/lib/docker/overlay2/7555f9b18615244719d04b23296ba418195e5e569d47baf9f1da7c3f053fe194/diff:/var/lib/docker/overlay2/7752eb17f8f8ba44a5ed178f499901fa7eb6f2e031c29ab160ee4eff4db8edaa/diff:/var/lib/docker/overlay2/9683de8b3733106f256bd0eabc7cae13623b14493b9212e863449d42b8a87390/diff:/var/lib/docker/overlay2/f5e28e407d8811526fb7dd82e4fed08d5d3124c0f22f1a9496ed27b2b457d3dd/diff:/var/lib/docker/overlay2/e2980c91c6b3331cff3994ca6f327955bb5feaef0f96bc64edce80631fdbf829/diff","MergedDir":"/var/lib/docker/overlay2/05794d51525f65619c615558ef5f93d7c33eef44e12313fdcb3942911d0b5f7d/merged","UpperDir":"/var/lib/docker/overlay2/05794d51525f65619c615558ef5f93d7c33eef44e12313fdcb3942911d0b5f7d/diff","WorkDir":"/var/lib/docker/overlay2/05794d51525f65619c615558ef5f93d7c33eef44e12313fdcb3942911d0b5f7d/work"},"Name":"overlay2"},"Mounts":[{"Type":"volume","Name":"fe29345a30f82a1c969c40b069133e9d87168ce95967d67ac182ee42c059affb","Source":"/var/lib/docker/volumes/fe29345a30f82a1c969c40b069133e9d87168ce95967d67ac182ee42c059affb/_data","Destination":"/var/lib/mysql","Driver":"local","Mode":"","RW":true,"Propagation":""}],"Config":{"Hostname":"b4fc7afd9745","Domainname":"","User":"","AttachStdin":false,"AttachStdout":false,"AttachStderr":false,"ExposedPorts":{"3306/tcp":{},"33060/tcp":{}},"Tty":false,"OpenStdin":false,"StdinOnce":false,"Env":["MYSQL_DATABASE=adm_videos","MYSQL_PASSWORD=123456","MYSQL_ROOT_PASSWORD=123456","PATH=/usr/local/sbin:/usr/local/bin:/usr/sbin:/usr/bin:/sbin:/bin","GOSU_VERSION=1.14","MYSQL_MAJOR=8.0","MYSQL_VERSION=8.0.31-1.el8","MYSQL_SHELL_VERSION=8.0.31-1.el8"],"Cmd":["mysqld"],"Image":"mysql:latest","Volumes":{"/var/lib/mysql":{}},"WorkingDir":"","Entrypoint":["docker-entrypoint.sh"],"OnBuild":null,"Labels":{"org.testcontainers":"true","org.testcontainers.sessionId":"cdd139c9-cde1-4429-bea7-edb0e651ba16"}},"NetworkSettings":{"Bridge":"","SandboxID":"8404ec7d59006489fa5b6638879180586e9aa24c1c3ae79d40e26a8f453c93b1","HairpinMode":false,"LinkLocalIPv6Address":"","LinkLocalIPv6PrefixLen":0,"Ports":{"3306/tcp":[{"HostIp":"0.0.0.0","HostPort":"49156"},{"HostIp":"::","HostPort":"49156"}],"33060/tcp":null},"SandboxKey":"/var/run/docker/netns/8404ec7d5900","SecondaryIPAddresses":null,"SecondaryIPv6Addresses":null,"EndpointID":"28c851b70d88131a783e3d87b7c50320df5f3250ebca621b1b39353a2424212a","Gateway":"172.17.0.1","GlobalIPv6Address":"","GlobalIPv6PrefixLen":0,"IPAddress":"172.17.0.3","IPPrefixLen":16,"IPv6Gateway":"","MacAddress":"02:42:ac:11:00:03","Networks":{"bridge":{"IPAMConfig":null,"Links":null,"Aliases":null,"NetworkID":"bf06afe94eca8b5ab91eae0dbaa8561a6dd16832d429dcdbaa7ed1e003cfbe56","EndpointID":"28c851b70d88131a783e3d87b7c50320df5f3250ebca621b1b39353a2424212a","Gateway":"172.17.0.1","IPAddress":"172.17.0.3","IPPrefixLen":16,"IPv6Gateway":"","GlobalIPv6Address":"","GlobalIPv6PrefixLen":0,"MacAddress":"02:42:ac:11:00:03","DriverOpts":null}}}}[\n]"
18:30:12.407 [Test worker] DEBUG com.github.dockerjava.zerodep.shaded.org.apache.hc.client5.http.wire - http-outgoing-1 << "[\r][\n]"
18:30:12.407 [Test worker] DEBUG com.github.dockerjava.zerodep.shaded.org.apache.hc.client5.http.wire - http-outgoing-1 << "0[\r][\n]"
18:30:12.407 [Test worker] DEBUG com.github.dockerjava.zerodep.shaded.org.apache.hc.client5.http.wire - http-outgoing-1 << "[\r][\n]"
18:30:12.407 [Test worker] DEBUG com.github.dockerjava.zerodep.shaded.org.apache.hc.client5.http.headers - http-outgoing-1 << HTTP/1.1 200 OK
18:30:12.407 [Test worker] DEBUG com.github.dockerjava.zerodep.shaded.org.apache.hc.client5.http.headers - http-outgoing-1 << Api-Version: 1.41
18:30:12.407 [Test worker] DEBUG com.github.dockerjava.zerodep.shaded.org.apache.hc.client5.http.headers - http-outgoing-1 << Content-Type: application/json
18:30:12.407 [Test worker] DEBUG com.github.dockerjava.zerodep.shaded.org.apache.hc.client5.http.headers - http-outgoing-1 << Docker-Experimental: false
18:30:12.407 [Test worker] DEBUG com.github.dockerjava.zerodep.shaded.org.apache.hc.client5.http.headers - http-outgoing-1 << Ostype: linux
18:30:12.407 [Test worker] DEBUG com.github.dockerjava.zerodep.shaded.org.apache.hc.client5.http.headers - http-outgoing-1 << Server: Docker/20.10.17 (linux)
18:30:12.407 [Test worker] DEBUG com.github.dockerjava.zerodep.shaded.org.apache.hc.client5.http.headers - http-outgoing-1 << Date: Thu, 08 Dec 2022 21:30:12 GMT
18:30:12.407 [Test worker] DEBUG com.github.dockerjava.zerodep.shaded.org.apache.hc.client5.http.headers - http-outgoing-1 << Transfer-Encoding: chunked
18:30:12.407 [Test worker] DEBUG com.github.dockerjava.zerodep.shaded.org.apache.hc.client5.http.impl.classic.MainClientExec - ex-0000000D: connection can be kept alive for 3 MINUTES
18:30:12.420 [Test worker] DEBUG com.github.dockerjava.zerodep.shaded.org.apache.hc.client5.http.impl.classic.InternalHttpClient - ep-0000000C: releasing valid endpoint
18:30:12.420 [Test worker] DEBUG com.github.dockerjava.zerodep.shaded.org.apache.hc.client5.http.impl.io.PoolingHttpClientConnectionManager - ep-0000000C: releasing endpoint
18:30:12.420 [Test worker] DEBUG com.github.dockerjava.zerodep.shaded.org.apache.hc.client5.http.impl.io.PoolingHttpClientConnectionManager - ep-0000000C: connection http-outgoing-1 can be kept alive for 3 MINUTES
18:30:12.420 [Test worker] DEBUG com.github.dockerjava.zerodep.shaded.org.apache.hc.client5.http.impl.io.PoolingHttpClientConnectionManager - ep-0000000C: connection released [route: {}->unix://localhost:2375][total available: 1; route allocated: 1 of 2147483647; total allocated: 1 of 2147483647]
18:30:12.420 [Test worker] DEBUG ]]>&#x1f433;<![CDATA[ [mysql:latest] - Trying to create JDBC connection using com.mysql.cj.jdbc.Driver to jdbc:mysql://localhost:49156/adm_videos?useSSL=false&allowPublicKeyRetrieval=true with properties: {password=123456, user=root}
18:30:12.757 [Test worker] DEBUG org.testcontainers.shaded.com.github.dockerjava.core.command.AbstrDockerCmd - Cmd: b4fc7afd97457a2a6ec84592488a57f900fa52ed03fcd2dbaf8a116bc1f50ab3,false
18:30:12.757 [Test worker] DEBUG org.testcontainers.shaded.com.github.dockerjava.core.exec.InspectContainerCmdExec - GET: DefaultWebTarget{path=[/containers/b4fc7afd97457a2a6ec84592488a57f900fa52ed03fcd2dbaf8a116bc1f50ab3/json], queryParams={}}
18:30:12.758 [Test worker] DEBUG com.github.dockerjava.zerodep.shaded.org.apache.hc.client5.http.impl.classic.InternalHttpClient - ex-0000000E: preparing request execution
18:30:12.759 [Test worker] DEBUG com.github.dockerjava.zerodep.shaded.org.apache.hc.client5.http.protocol.RequestAddCookies - Cookie spec selected: strict
18:30:12.759 [Test worker] DEBUG com.github.dockerjava.zerodep.shaded.org.apache.hc.client5.http.protocol.RequestAuthCache - Auth cache not set in the context
18:30:12.759 [Test worker] DEBUG com.github.dockerjava.zerodep.shaded.org.apache.hc.client5.http.impl.classic.ProtocolExec - ex-0000000E: target auth state: UNCHALLENGED
18:30:12.759 [Test worker] DEBUG com.github.dockerjava.zerodep.shaded.org.apache.hc.client5.http.impl.classic.ProtocolExec - ex-0000000E: proxy auth state: UNCHALLENGED
18:30:12.760 [Test worker] DEBUG com.github.dockerjava.zerodep.shaded.org.apache.hc.client5.http.impl.classic.ConnectExec - ex-0000000E: acquiring connection with route {}->unix://localhost:2375
18:30:12.760 [Test worker] DEBUG com.github.dockerjava.zerodep.shaded.org.apache.hc.client5.http.impl.classic.InternalHttpClient - ex-0000000E: acquiring endpoint (3 MINUTES)
18:30:12.760 [Test worker] DEBUG com.github.dockerjava.zerodep.shaded.org.apache.hc.client5.http.impl.io.PoolingHttpClientConnectionManager - ex-0000000E: endpoint lease request (3 MINUTES) [route: {}->unix://localhost:2375][total available: 1; route allocated: 1 of 2147483647; total allocated: 1 of 2147483647]
18:30:12.761 [Test worker] DEBUG com.github.dockerjava.zerodep.shaded.org.apache.hc.client5.http.impl.io.PoolingHttpClientConnectionManager - ex-0000000E: endpoint leased [route: {}->unix://localhost:2375][total available: 0; route allocated: 1 of 2147483647; total allocated: 1 of 2147483647]
18:30:12.761 [Test worker] DEBUG com.github.dockerjava.zerodep.shaded.org.apache.hc.client5.http.impl.io.PoolingHttpClientConnectionManager - ex-0000000E: acquired ep-0000000D
18:30:12.761 [Test worker] DEBUG com.github.dockerjava.zerodep.shaded.org.apache.hc.client5.http.impl.classic.InternalHttpClient - ex-0000000E: acquired endpoint ep-0000000D
18:30:12.761 [Test worker] DEBUG com.github.dockerjava.zerodep.shaded.org.apache.hc.client5.http.impl.classic.MainClientExec - ex-0000000E: executing GET /v1.32/containers/b4fc7afd97457a2a6ec84592488a57f900fa52ed03fcd2dbaf8a116bc1f50ab3/json HTTP/1.1
18:30:12.761 [Test worker] DEBUG com.github.dockerjava.zerodep.shaded.org.apache.hc.client5.http.impl.classic.InternalHttpClient - ep-0000000D: start execution ex-0000000E
18:30:12.761 [Test worker] DEBUG com.github.dockerjava.zerodep.shaded.org.apache.hc.client5.http.impl.io.PoolingHttpClientConnectionManager - ep-0000000D: executing exchange ex-0000000E over http-outgoing-1
18:30:12.761 [Test worker] DEBUG com.github.dockerjava.zerodep.shaded.org.apache.hc.client5.http.headers - http-outgoing-1 >> GET /v1.32/containers/b4fc7afd97457a2a6ec84592488a57f900fa52ed03fcd2dbaf8a116bc1f50ab3/json HTTP/1.1
18:30:12.762 [Test worker] DEBUG com.github.dockerjava.zerodep.shaded.org.apache.hc.client5.http.headers - http-outgoing-1 >> accept: application/json
18:30:12.762 [Test worker] DEBUG com.github.dockerjava.zerodep.shaded.org.apache.hc.client5.http.headers - http-outgoing-1 >> x-tc-sid: cdd139c9-cde1-4429-bea7-edb0e651ba16
18:30:12.762 [Test worker] DEBUG com.github.dockerjava.zerodep.shaded.org.apache.hc.client5.http.headers - http-outgoing-1 >> Accept-Encoding: gzip, x-gzip, deflate
18:30:12.762 [Test worker] DEBUG com.github.dockerjava.zerodep.shaded.org.apache.hc.client5.http.headers - http-outgoing-1 >> Host: localhost:2375
18:30:12.762 [Test worker] DEBUG com.github.dockerjava.zerodep.shaded.org.apache.hc.client5.http.headers - http-outgoing-1 >> Connection: keep-alive
18:30:12.762 [Test worker] DEBUG com.github.dockerjava.zerodep.shaded.org.apache.hc.client5.http.headers - http-outgoing-1 >> User-Agent: Apache-HttpClient/5.0.3 (Java/17.0.2)
18:30:12.762 [Test worker] DEBUG com.github.dockerjava.zerodep.shaded.org.apache.hc.client5.http.wire - http-outgoing-1 >> "GET /v1.32/containers/b4fc7afd97457a2a6ec84592488a57f900fa52ed03fcd2dbaf8a116bc1f50ab3/json HTTP/1.1[\r][\n]"
18:30:12.762 [Test worker] DEBUG com.github.dockerjava.zerodep.shaded.org.apache.hc.client5.http.wire - http-outgoing-1 >> "accept: application/json[\r][\n]"
18:30:12.763 [Test worker] DEBUG com.github.dockerjava.zerodep.shaded.org.apache.hc.client5.http.wire - http-outgoing-1 >> "x-tc-sid: cdd139c9-cde1-4429-bea7-edb0e651ba16[\r][\n]"
18:30:12.763 [Test worker] DEBUG com.github.dockerjava.zerodep.shaded.org.apache.hc.client5.http.wire - http-outgoing-1 >> "Accept-Encoding: gzip, x-gzip, deflate[\r][\n]"
18:30:12.763 [Test worker] DEBUG com.github.dockerjava.zerodep.shaded.org.apache.hc.client5.http.wire - http-outgoing-1 >> "Host: localhost:2375[\r][\n]"
18:30:12.763 [Test worker] DEBUG com.github.dockerjava.zerodep.shaded.org.apache.hc.client5.http.wire - http-outgoing-1 >> "Connection: keep-alive[\r][\n]"
18:30:12.765 [Test worker] DEBUG com.github.dockerjava.zerodep.shaded.org.apache.hc.client5.http.wire - http-outgoing-1 >> "User-Agent: Apache-HttpClient/5.0.3 (Java/17.0.2)[\r][\n]"
18:30:12.765 [Test worker] DEBUG com.github.dockerjava.zerodep.shaded.org.apache.hc.client5.http.wire - http-outgoing-1 >> "[\r][\n]"
18:30:12.767 [Test worker] DEBUG com.github.dockerjava.zerodep.shaded.org.apache.hc.client5.http.wire - http-outgoing-1 << "HTTP/1.1 200 OK[\r][\n]"
18:30:12.767 [Test worker] DEBUG com.github.dockerjava.zerodep.shaded.org.apache.hc.client5.http.wire - http-outgoing-1 << "Api-Version: 1.41[\r][\n]"
18:30:12.767 [Test worker] DEBUG com.github.dockerjava.zerodep.shaded.org.apache.hc.client5.http.wire - http-outgoing-1 << "Content-Type: application/json[\r][\n]"
18:30:12.767 [Test worker] DEBUG com.github.dockerjava.zerodep.shaded.org.apache.hc.client5.http.wire - http-outgoing-1 << "Docker-Experimental: false[\r][\n]"
18:30:12.767 [Test worker] DEBUG com.github.dockerjava.zerodep.shaded.org.apache.hc.client5.http.wire - http-outgoing-1 << "Ostype: linux[\r][\n]"
18:30:12.767 [Test worker] DEBUG com.github.dockerjava.zerodep.shaded.org.apache.hc.client5.http.wire - http-outgoing-1 << "Server: Docker/20.10.17 (linux)[\r][\n]"
18:30:12.767 [Test worker] DEBUG com.github.dockerjava.zerodep.shaded.org.apache.hc.client5.http.wire - http-outgoing-1 << "Date: Thu, 08 Dec 2022 21:30:12 GMT[\r][\n]"
18:30:12.767 [Test worker] DEBUG com.github.dockerjava.zerodep.shaded.org.apache.hc.client5.http.wire - http-outgoing-1 << "Transfer-Encoding: chunked[\r][\n]"
18:30:12.767 [Test worker] DEBUG com.github.dockerjava.zerodep.shaded.org.apache.hc.client5.http.wire - http-outgoing-1 << "[\r][\n]"
18:30:12.767 [Test worker] DEBUG com.github.dockerjava.zerodep.shaded.org.apache.hc.client5.http.wire - http-outgoing-1 << "18a6[\r][\n]"
18:30:12.767 [Test worker] DEBUG com.github.dockerjava.zerodep.shaded.org.apache.hc.client5.http.wire - http-outgoing-1 << "{"Id":"b4fc7afd97457a2a6ec84592488a57f900fa52ed03fcd2dbaf8a116bc1f50ab3","Created":"2022-12-08T21:30:11.801619537Z","Path":"docker-entrypoint.sh","Args":["mysqld"],"State":{"Status":"running","Running":true,"Paused":false,"Restarting":false,"OOMKilled":false,"Dead":false,"Pid":148084,"ExitCode":0,"Error":"","StartedAt":"2022-12-08T21:30:12.370762583Z","FinishedAt":"0001-01-01T00:00:00Z"},"Image":"sha256:7484689f290f1defe06b65befc54cb6ad91a667cf0af59a265ffe76c46bd0478","ResolvConfPath":"/var/lib/docker/containers/b4fc7afd97457a2a6ec84592488a57f900fa52ed03fcd2dbaf8a116bc1f50ab3/resolv.conf","HostnamePath":"/var/lib/docker/containers/b4fc7afd97457a2a6ec84592488a57f900fa52ed03fcd2dbaf8a116bc1f50ab3/hostname","HostsPath":"/var/lib/docker/containers/b4fc7afd97457a2a6ec84592488a57f900fa52ed03fcd2dbaf8a116bc1f50ab3/hosts","LogPath":"/var/lib/docker/containers/b4fc7afd97457a2a6ec84592488a57f900fa52ed03fcd2dbaf8a116bc1f50ab3/b4fc7afd97457a2a6ec84592488a57f900fa52ed03fcd2dbaf8a116bc1f50ab3-json.log","Name":"/agitated_ptolemy","RestartCount":0,"Driver":"overlay2","Platform":"linux","MountLabel":"","ProcessLabel":"","AppArmorProfile":"docker-default","ExecIDs":null,"HostConfig":{"Binds":[],"ContainerIDFile":"","LogConfig":{"Type":"json-file","Config":{}},"NetworkMode":"default","PortBindings":{"3306/tcp":[{"HostIp":"","HostPort":""}]},"RestartPolicy":{"Name":"","MaximumRetryCount":0},"AutoRemove":false,"VolumeDriver":"","VolumesFrom":[],"CapAdd":null,"CapDrop":null,"CgroupnsMode":"private","Dns":null,"DnsOptions":null,"DnsSearch":null,"ExtraHosts":[],"GroupAdd":null,"IpcMode":"shareable","Cgroup":"","Links":null,"OomScoreAdj":0,"PidMode":"","Privileged":false,"PublishAllPorts":false,"ReadonlyRootfs":false,"SecurityOpt":null,"UTSMode":"","UsernsMode":"","ShmSize":67108864,"Runtime":"runc","ConsoleSize":[0,0],"Isolation":"","CpuShares":0,"Memory":0,"NanoCpus":0,"CgroupParent":"","BlkioWeight":0,"BlkioWeightDevice":null,"BlkioDeviceReadBps":null,"BlkioDeviceWriteBps":null,"BlkioDeviceReadIOps":null,"BlkioDeviceWriteIOps":null,"CpuPeriod":0,"CpuQuota":0,"CpuRealtimePeriod":0,"CpuRealtimeRuntime":0,"CpusetCpus":"","CpusetMems":"","Devices":null,"DeviceCgroupRules":null,"DeviceRequests":null,"KernelMemory":0,"KernelMemoryTCP":0,"MemoryReservation":0,"MemorySwap":0,"MemorySwappiness":null,"OomKillDisable":null,"PidsLimit":null,"Ulimits":null,"CpuCount":0,"CpuPercent":0,"IOMaximumIOps":0,"IOMaximumBandwidth":0,"MaskedPaths":["/proc/asound","/proc/acpi","/proc/kcore","/proc/keys","/proc/latency_stats","/proc/timer_list","/proc/timer_stats","/proc/sched_debug","/proc/scsi","/sys/firmware"],"ReadonlyPaths":["/proc/bus","/proc/fs","/proc/irq","/proc/sys","/proc/sysrq-trigger"]},"GraphDriver":{"Data":{"LowerDir":"/var/lib/docker/overlay2/05794d51525f65619c615558ef5f93d7c33eef44e12313fdcb3942911d0b5f7d-init/diff:/var/lib/docker/overlay2/f079a69cfd5e80e906b12f05a0c7bfaabc56ce63e947db68b722ae30905f1239/diff:/var/lib/docker/overlay2/9dfb63d6bb556846a13012421dde7951ef83a14d8ce1882287cce66f0f9bd055/diff:/var/lib/docker/overlay2/c4f8874ae33ddd14488f5051cd953acc020fa00ea72d28bd530450c0bc8f9903/diff:/var/lib/docker/overlay2/992683766b46aa5653160e6a34283b579a75000e230890d0ec0a6204af735697/diff:/var/lib/docker/overlay2/6e3fba0e1d6501c91c9bec723bb1364f75599c6c2026a6dc71773c88a49f890a/diff:/var/lib/docker/overlay2/c6c2a366f45a69704761d45d296d71bf2bf315efb15cb06ad88925ed235fad81/diff:/var/lib/docker/overlay2/7555f9b18615244719d04b23296ba418195e5e569d47baf9f1da7c3f053fe194/diff:/var/lib/docker/overlay2/7752eb17f8f8ba44a5ed178f499901fa7eb6f2e031c29ab160ee4eff4db8edaa/diff:/var/lib/docker/overlay2/9683de8b3733106f256bd0eabc7cae13623b14493b9212e863449d42b8a87390/diff:/var/lib/docker/overlay2/f5e28e407d8811526fb7dd82e4fed08d5d3124c0f22f1a9496ed27b2b457d3dd/diff:/var/lib/docker/overlay2/e2980c91c6b3331cff3994ca6f327955bb5feaef0f96bc64edce80631fdbf829/diff","MergedDir":"/var/lib/docker/overlay2/05794d51525f65619c615558ef5f93d7c33eef44e12313fdcb3942911d0b5f7d/merged","UpperDir":"/var/lib/docker/overlay2/05794d51525f65619c615558ef5f93d7c33eef44e12313fdcb3942911d0b5f7d/diff","WorkDir":"/var/lib/docker/overlay2/05794d51525f65619c615558ef5f93d7c33eef44e12313fdcb3942911d0b5f7d/work"},"Name":"overlay2"},"Mounts":[{"Type":"volume","Name":"fe29345a30f82a1c969c40b069133e9d87168ce95967d67ac182ee42c059affb","Source":"/var/lib/docker/volumes/fe29345a30f82a1c969c40b069133e9d87168ce95967d67ac182ee42c059affb/_data","Destination":"/var/lib/mysql","Driver":"local","Mode":"","RW":true,"Propagation":""}],"Config":{"Hostname":"b4fc7afd9745","Domainname":"","User":"","AttachStdin":false,"AttachStdout":false,"AttachStderr":false,"ExposedPorts":{"3306/tcp":{},"33060/tcp":{}},"Tty":false,"OpenStdin":false,"StdinOnce":false,"Env":["MYSQL_DATABASE=adm_videos","MYSQL_PASSWORD=123456","MYSQL_ROOT_PASSWORD=123456","PATH=/usr/local/sbin:/usr/local/bin:/usr/sbin:/usr/bin:/sbin:/bin","GOSU_VERSION=1.14","MYSQL_MAJOR=8.0","MYSQL_VERSION=8.0.31-1.el8","MYSQL_SHELL_VERSION=8.0.31-1.el8"],"Cmd":["mysqld"],"Image":"mysql:latest","Volumes":{"/var/lib/mysql":{}},"WorkingDir":"","Entrypoint":["docker-entrypoint.sh"],"OnBuild":null,"Labels":{"org.testcontainers":"true","org.testcontainers.sessionId":"cdd139c9-cde1-4429-bea7-edb0e651ba16"}},"NetworkSettings":{"Bridge":"","SandboxID":"8404ec7d59006489fa5b6638879180586e9aa24c1c3ae79d40e26a8f453c93b1","HairpinMode":false,"LinkLocalIPv6Address":"","LinkLocalIPv6PrefixLen":0,"Ports":{"3306/tcp":[{"HostIp":"0.0.0.0","HostPort":"49156"},{"HostIp":"::","HostPort":"49156"}],"33060/tcp":null},"SandboxKey":"/var/run/docker/netns/8404ec7d5900","SecondaryIPAddresses":null,"SecondaryIPv6Addresses":null,"EndpointID":"28c851b70d88131a783e3d87b7c50320df5f3250ebca621b1b39353a2424212a","Gateway":"172.17.0.1","GlobalIPv6Address":"","GlobalIPv6PrefixLen":0,"IPAddress":"172.17.0.3","IPPrefixLen":16,"IPv6Gateway":"","MacAddress":"02:42:ac:11:00:03","Networks":{"bridge":{"IPAMConfig":null,"Links":null,"Aliases":null,"NetworkID":"bf06afe94eca8b5ab91eae0dbaa8561a6dd16832d429dcdbaa7ed1e003cfbe56","EndpointID":"28c851b70d88131a783e3d87b7c50320df5f3250ebca621b1b39353a2424212a","Gateway":"172.17.0.1","IPAddress":"172.17.0.3","IPPrefixLen":16,"IPv6Gateway":"","GlobalIPv6Address":"","GlobalIPv6PrefixLen":0,"MacAddress":"02:42:ac:11:00:03","DriverOpts":null}}}}[\n]"
18:30:12.768 [Test worker] DEBUG com.github.dockerjava.zerodep.shaded.org.apache.hc.client5.http.wire - http-outgoing-1 << "[\r][\n]"
18:30:12.768 [Test worker] DEBUG com.github.dockerjava.zerodep.shaded.org.apache.hc.client5.http.wire - http-outgoing-1 << "0[\r][\n]"
18:30:12.768 [Test worker] DEBUG com.github.dockerjava.zerodep.shaded.org.apache.hc.client5.http.wire - http-outgoing-1 << "[\r][\n]"
18:30:12.768 [Test worker] DEBUG com.github.dockerjava.zerodep.shaded.org.apache.hc.client5.http.headers - http-outgoing-1 << HTTP/1.1 200 OK
18:30:12.768 [Test worker] DEBUG com.github.dockerjava.zerodep.shaded.org.apache.hc.client5.http.headers - http-outgoing-1 << Api-Version: 1.41
18:30:12.768 [Test worker] DEBUG com.github.dockerjava.zerodep.shaded.org.apache.hc.client5.http.headers - http-outgoing-1 << Content-Type: application/json
18:30:12.768 [Test worker] DEBUG com.github.dockerjava.zerodep.shaded.org.apache.hc.client5.http.headers - http-outgoing-1 << Docker-Experimental: false
18:30:12.768 [Test worker] DEBUG com.github.dockerjava.zerodep.shaded.org.apache.hc.client5.http.headers - http-outgoing-1 << Ostype: linux
18:30:12.768 [Test worker] DEBUG com.github.dockerjava.zerodep.shaded.org.apache.hc.client5.http.headers - http-outgoing-1 << Server: Docker/20.10.17 (linux)
18:30:12.768 [Test worker] DEBUG com.github.dockerjava.zerodep.shaded.org.apache.hc.client5.http.headers - http-outgoing-1 << Date: Thu, 08 Dec 2022 21:30:12 GMT
18:30:12.768 [Test worker] DEBUG com.github.dockerjava.zerodep.shaded.org.apache.hc.client5.http.headers - http-outgoing-1 << Transfer-Encoding: chunked
18:30:12.768 [Test worker] DEBUG com.github.dockerjava.zerodep.shaded.org.apache.hc.client5.http.impl.classic.MainClientExec - ex-0000000E: connection can be kept alive for 3 MINUTES
18:30:12.770 [Test worker] DEBUG com.github.dockerjava.zerodep.shaded.org.apache.hc.client5.http.impl.classic.InternalHttpClient - ep-0000000D: releasing valid endpoint
18:30:12.770 [Test worker] DEBUG com.github.dockerjava.zerodep.shaded.org.apache.hc.client5.http.impl.io.PoolingHttpClientConnectionManager - ep-0000000D: releasing endpoint
18:30:12.770 [Test worker] DEBUG com.github.dockerjava.zerodep.shaded.org.apache.hc.client5.http.impl.io.PoolingHttpClientConnectionManager - ep-0000000D: connection http-outgoing-1 can be kept alive for 3 MINUTES
18:30:12.771 [Test worker] DEBUG com.github.dockerjava.zerodep.shaded.org.apache.hc.client5.http.impl.io.PoolingHttpClientConnectionManager - ep-0000000D: connection released [route: {}->unix://localhost:2375][total available: 1; route allocated: 1 of 2147483647; total allocated: 1 of 2147483647]
18:30:12.771 [Test worker] DEBUG ]]>&#x1f433;<![CDATA[ [mysql:latest] - Trying to create JDBC connection using com.mysql.cj.jdbc.Driver to jdbc:mysql://localhost:49156/adm_videos?useSSL=false&allowPublicKeyRetrieval=true with properties: {password=123456, user=root}
18:30:12.873 [Test worker] DEBUG org.testcontainers.shaded.com.github.dockerjava.core.command.AbstrDockerCmd - Cmd: b4fc7afd97457a2a6ec84592488a57f900fa52ed03fcd2dbaf8a116bc1f50ab3,false
18:30:12.874 [Test worker] DEBUG org.testcontainers.shaded.com.github.dockerjava.core.exec.InspectContainerCmdExec - GET: DefaultWebTarget{path=[/containers/b4fc7afd97457a2a6ec84592488a57f900fa52ed03fcd2dbaf8a116bc1f50ab3/json], queryParams={}}
18:30:12.874 [Test worker] DEBUG com.github.dockerjava.zerodep.shaded.org.apache.hc.client5.http.impl.classic.InternalHttpClient - ex-0000000F: preparing request execution
18:30:12.874 [Test worker] DEBUG com.github.dockerjava.zerodep.shaded.org.apache.hc.client5.http.protocol.RequestAddCookies - Cookie spec selected: strict
18:30:12.874 [Test worker] DEBUG com.github.dockerjava.zerodep.shaded.org.apache.hc.client5.http.protocol.RequestAuthCache - Auth cache not set in the context
18:30:12.874 [Test worker] DEBUG com.github.dockerjava.zerodep.shaded.org.apache.hc.client5.http.impl.classic.ProtocolExec - ex-0000000F: target auth state: UNCHALLENGED
18:30:12.874 [Test worker] DEBUG com.github.dockerjava.zerodep.shaded.org.apache.hc.client5.http.impl.classic.ProtocolExec - ex-0000000F: proxy auth state: UNCHALLENGED
18:30:12.874 [Test worker] DEBUG com.github.dockerjava.zerodep.shaded.org.apache.hc.client5.http.impl.classic.ConnectExec - ex-0000000F: acquiring connection with route {}->unix://localhost:2375
18:30:12.874 [Test worker] DEBUG com.github.dockerjava.zerodep.shaded.org.apache.hc.client5.http.impl.classic.InternalHttpClient - ex-0000000F: acquiring endpoint (3 MINUTES)
18:30:12.874 [Test worker] DEBUG com.github.dockerjava.zerodep.shaded.org.apache.hc.client5.http.impl.io.PoolingHttpClientConnectionManager - ex-0000000F: endpoint lease request (3 MINUTES) [route: {}->unix://localhost:2375][total available: 1; route allocated: 1 of 2147483647; total allocated: 1 of 2147483647]
18:30:12.875 [Test worker] DEBUG com.github.dockerjava.zerodep.shaded.org.apache.hc.client5.http.impl.io.PoolingHttpClientConnectionManager - ex-0000000F: endpoint leased [route: {}->unix://localhost:2375][total available: 0; route allocated: 1 of 2147483647; total allocated: 1 of 2147483647]
18:30:12.875 [Test worker] DEBUG com.github.dockerjava.zerodep.shaded.org.apache.hc.client5.http.impl.io.PoolingHttpClientConnectionManager - ex-0000000F: acquired ep-0000000E
18:30:12.875 [Test worker] DEBUG com.github.dockerjava.zerodep.shaded.org.apache.hc.client5.http.impl.classic.InternalHttpClient - ex-0000000F: acquired endpoint ep-0000000E
18:30:12.875 [Test worker] DEBUG com.github.dockerjava.zerodep.shaded.org.apache.hc.client5.http.impl.classic.MainClientExec - ex-0000000F: executing GET /v1.32/containers/b4fc7afd97457a2a6ec84592488a57f900fa52ed03fcd2dbaf8a116bc1f50ab3/json HTTP/1.1
18:30:12.875 [Test worker] DEBUG com.github.dockerjava.zerodep.shaded.org.apache.hc.client5.http.impl.classic.InternalHttpClient - ep-0000000E: start execution ex-0000000F
18:30:12.875 [Test worker] DEBUG com.github.dockerjava.zerodep.shaded.org.apache.hc.client5.http.impl.io.PoolingHttpClientConnectionManager - ep-0000000E: executing exchange ex-0000000F over http-outgoing-1
18:30:12.875 [Test worker] DEBUG com.github.dockerjava.zerodep.shaded.org.apache.hc.client5.http.headers - http-outgoing-1 >> GET /v1.32/containers/b4fc7afd97457a2a6ec84592488a57f900fa52ed03fcd2dbaf8a116bc1f50ab3/json HTTP/1.1
18:30:12.875 [Test worker] DEBUG com.github.dockerjava.zerodep.shaded.org.apache.hc.client5.http.headers - http-outgoing-1 >> accept: application/json
18:30:12.875 [Test worker] DEBUG com.github.dockerjava.zerodep.shaded.org.apache.hc.client5.http.headers - http-outgoing-1 >> x-tc-sid: cdd139c9-cde1-4429-bea7-edb0e651ba16
18:30:12.875 [Test worker] DEBUG com.github.dockerjava.zerodep.shaded.org.apache.hc.client5.http.headers - http-outgoing-1 >> Accept-Encoding: gzip, x-gzip, deflate
18:30:12.875 [Test worker] DEBUG com.github.dockerjava.zerodep.shaded.org.apache.hc.client5.http.headers - http-outgoing-1 >> Host: localhost:2375
18:30:12.875 [Test worker] DEBUG com.github.dockerjava.zerodep.shaded.org.apache.hc.client5.http.headers - http-outgoing-1 >> Connection: keep-alive
18:30:12.875 [Test worker] DEBUG com.github.dockerjava.zerodep.shaded.org.apache.hc.client5.http.headers - http-outgoing-1 >> User-Agent: Apache-HttpClient/5.0.3 (Java/17.0.2)
18:30:12.875 [Test worker] DEBUG com.github.dockerjava.zerodep.shaded.org.apache.hc.client5.http.wire - http-outgoing-1 >> "GET /v1.32/containers/b4fc7afd97457a2a6ec84592488a57f900fa52ed03fcd2dbaf8a116bc1f50ab3/json HTTP/1.1[\r][\n]"
18:30:12.875 [Test worker] DEBUG com.github.dockerjava.zerodep.shaded.org.apache.hc.client5.http.wire - http-outgoing-1 >> "accept: application/json[\r][\n]"
18:30:12.875 [Test worker] DEBUG com.github.dockerjava.zerodep.shaded.org.apache.hc.client5.http.wire - http-outgoing-1 >> "x-tc-sid: cdd139c9-cde1-4429-bea7-edb0e651ba16[\r][\n]"
18:30:12.875 [Test worker] DEBUG com.github.dockerjava.zerodep.shaded.org.apache.hc.client5.http.wire - http-outgoing-1 >> "Accept-Encoding: gzip, x-gzip, deflate[\r][\n]"
18:30:12.875 [Test worker] DEBUG com.github.dockerjava.zerodep.shaded.org.apache.hc.client5.http.wire - http-outgoing-1 >> "Host: localhost:2375[\r][\n]"
18:30:12.876 [Test worker] DEBUG com.github.dockerjava.zerodep.shaded.org.apache.hc.client5.http.wire - http-outgoing-1 >> "Connection: keep-alive[\r][\n]"
18:30:12.876 [Test worker] DEBUG com.github.dockerjava.zerodep.shaded.org.apache.hc.client5.http.wire - http-outgoing-1 >> "User-Agent: Apache-HttpClient/5.0.3 (Java/17.0.2)[\r][\n]"
18:30:12.876 [Test worker] DEBUG com.github.dockerjava.zerodep.shaded.org.apache.hc.client5.http.wire - http-outgoing-1 >> "[\r][\n]"
18:30:12.877 [Test worker] DEBUG com.github.dockerjava.zerodep.shaded.org.apache.hc.client5.http.wire - http-outgoing-1 << "HTTP/1.1 200 OK[\r][\n]"
18:30:12.877 [Test worker] DEBUG com.github.dockerjava.zerodep.shaded.org.apache.hc.client5.http.wire - http-outgoing-1 << "Api-Version: 1.41[\r][\n]"
18:30:12.877 [Test worker] DEBUG com.github.dockerjava.zerodep.shaded.org.apache.hc.client5.http.wire - http-outgoing-1 << "Content-Type: application/json[\r][\n]"
18:30:12.877 [Test worker] DEBUG com.github.dockerjava.zerodep.shaded.org.apache.hc.client5.http.wire - http-outgoing-1 << "Docker-Experimental: false[\r][\n]"
18:30:12.877 [Test worker] DEBUG com.github.dockerjava.zerodep.shaded.org.apache.hc.client5.http.wire - http-outgoing-1 << "Ostype: linux[\r][\n]"
18:30:12.877 [Test worker] DEBUG com.github.dockerjava.zerodep.shaded.org.apache.hc.client5.http.wire - http-outgoing-1 << "Server: Docker/20.10.17 (linux)[\r][\n]"
18:30:12.877 [Test worker] DEBUG com.github.dockerjava.zerodep.shaded.org.apache.hc.client5.http.wire - http-outgoing-1 << "Date: Thu, 08 Dec 2022 21:30:12 GMT[\r][\n]"
18:30:12.877 [Test worker] DEBUG com.github.dockerjava.zerodep.shaded.org.apache.hc.client5.http.wire - http-outgoing-1 << "Transfer-Encoding: chunked[\r][\n]"
18:30:12.877 [Test worker] DEBUG com.github.dockerjava.zerodep.shaded.org.apache.hc.client5.http.wire - http-outgoing-1 << "[\r][\n]"
18:30:12.877 [Test worker] DEBUG com.github.dockerjava.zerodep.shaded.org.apache.hc.client5.http.wire - http-outgoing-1 << "18a6[\r][\n]"
18:30:12.877 [Test worker] DEBUG com.github.dockerjava.zerodep.shaded.org.apache.hc.client5.http.wire - http-outgoing-1 << "{"Id":"b4fc7afd97457a2a6ec84592488a57f900fa52ed03fcd2dbaf8a116bc1f50ab3","Created":"2022-12-08T21:30:11.801619537Z","Path":"docker-entrypoint.sh","Args":["mysqld"],"State":{"Status":"running","Running":true,"Paused":false,"Restarting":false,"OOMKilled":false,"Dead":false,"Pid":148084,"ExitCode":0,"Error":"","StartedAt":"2022-12-08T21:30:12.370762583Z","FinishedAt":"0001-01-01T00:00:00Z"},"Image":"sha256:7484689f290f1defe06b65befc54cb6ad91a667cf0af59a265ffe76c46bd0478","ResolvConfPath":"/var/lib/docker/containers/b4fc7afd97457a2a6ec84592488a57f900fa52ed03fcd2dbaf8a116bc1f50ab3/resolv.conf","HostnamePath":"/var/lib/docker/containers/b4fc7afd97457a2a6ec84592488a57f900fa52ed03fcd2dbaf8a116bc1f50ab3/hostname","HostsPath":"/var/lib/docker/containers/b4fc7afd97457a2a6ec84592488a57f900fa52ed03fcd2dbaf8a116bc1f50ab3/hosts","LogPath":"/var/lib/docker/containers/b4fc7afd97457a2a6ec84592488a57f900fa52ed03fcd2dbaf8a116bc1f50ab3/b4fc7afd97457a2a6ec84592488a57f900fa52ed03fcd2dbaf8a116bc1f50ab3-json.log","Name":"/agitated_ptolemy","RestartCount":0,"Driver":"overlay2","Platform":"linux","MountLabel":"","ProcessLabel":"","AppArmorProfile":"docker-default","ExecIDs":null,"HostConfig":{"Binds":[],"ContainerIDFile":"","LogConfig":{"Type":"json-file","Config":{}},"NetworkMode":"default","PortBindings":{"3306/tcp":[{"HostIp":"","HostPort":""}]},"RestartPolicy":{"Name":"","MaximumRetryCount":0},"AutoRemove":false,"VolumeDriver":"","VolumesFrom":[],"CapAdd":null,"CapDrop":null,"CgroupnsMode":"private","Dns":null,"DnsOptions":null,"DnsSearch":null,"ExtraHosts":[],"GroupAdd":null,"IpcMode":"shareable","Cgroup":"","Links":null,"OomScoreAdj":0,"PidMode":"","Privileged":false,"PublishAllPorts":false,"ReadonlyRootfs":false,"SecurityOpt":null,"UTSMode":"","UsernsMode":"","ShmSize":67108864,"Runtime":"runc","ConsoleSize":[0,0],"Isolation":"","CpuShares":0,"Memory":0,"NanoCpus":0,"CgroupParent":"","BlkioWeight":0,"BlkioWeightDevice":null,"BlkioDeviceReadBps":null,"BlkioDeviceWriteBps":null,"BlkioDeviceReadIOps":null,"BlkioDeviceWriteIOps":null,"CpuPeriod":0,"CpuQuota":0,"CpuRealtimePeriod":0,"CpuRealtimeRuntime":0,"CpusetCpus":"","CpusetMems":"","Devices":null,"DeviceCgroupRules":null,"DeviceRequests":null,"KernelMemory":0,"KernelMemoryTCP":0,"MemoryReservation":0,"MemorySwap":0,"MemorySwappiness":null,"OomKillDisable":null,"PidsLimit":null,"Ulimits":null,"CpuCount":0,"CpuPercent":0,"IOMaximumIOps":0,"IOMaximumBandwidth":0,"MaskedPaths":["/proc/asound","/proc/acpi","/proc/kcore","/proc/keys","/proc/latency_stats","/proc/timer_list","/proc/timer_stats","/proc/sched_debug","/proc/scsi","/sys/firmware"],"ReadonlyPaths":["/proc/bus","/proc/fs","/proc/irq","/proc/sys","/proc/sysrq-trigger"]},"GraphDriver":{"Data":{"LowerDir":"/var/lib/docker/overlay2/05794d51525f65619c615558ef5f93d7c33eef44e12313fdcb3942911d0b5f7d-init/diff:/var/lib/docker/overlay2/f079a69cfd5e80e906b12f05a0c7bfaabc56ce63e947db68b722ae30905f1239/diff:/var/lib/docker/overlay2/9dfb63d6bb556846a13012421dde7951ef83a14d8ce1882287cce66f0f9bd055/diff:/var/lib/docker/overlay2/c4f8874ae33ddd14488f5051cd953acc020fa00ea72d28bd530450c0bc8f9903/diff:/var/lib/docker/overlay2/992683766b46aa5653160e6a34283b579a75000e230890d0ec0a6204af735697/diff:/var/lib/docker/overlay2/6e3fba0e1d6501c91c9bec723bb1364f75599c6c2026a6dc71773c88a49f890a/diff:/var/lib/docker/overlay2/c6c2a366f45a69704761d45d296d71bf2bf315efb15cb06ad88925ed235fad81/diff:/var/lib/docker/overlay2/7555f9b18615244719d04b23296ba418195e5e569d47baf9f1da7c3f053fe194/diff:/var/lib/docker/overlay2/7752eb17f8f8ba44a5ed178f499901fa7eb6f2e031c29ab160ee4eff4db8edaa/diff:/var/lib/docker/overlay2/9683de8b3733106f256bd0eabc7cae13623b14493b9212e863449d42b8a87390/diff:/var/lib/docker/overlay2/f5e28e407d8811526fb7dd82e4fed08d5d3124c0f22f1a9496ed27b2b457d3dd/diff:/var/lib/docker/overlay2/e2980c91c6b3331cff3994ca6f327955bb5feaef0f96bc64edce80631fdbf829/di"
18:30:12.878 [Test worker] DEBUG com.github.dockerjava.zerodep.shaded.org.apache.hc.client5.http.headers - http-outgoing-1 << HTTP/1.1 200 OK
18:30:12.878 [Test worker] DEBUG com.github.dockerjava.zerodep.shaded.org.apache.hc.client5.http.headers - http-outgoing-1 << Api-Version: 1.41
18:30:12.878 [Test worker] DEBUG com.github.dockerjava.zerodep.shaded.org.apache.hc.client5.http.headers - http-outgoing-1 << Content-Type: application/json
18:30:12.878 [Test worker] DEBUG com.github.dockerjava.zerodep.shaded.org.apache.hc.client5.http.headers - http-outgoing-1 << Docker-Experimental: false
18:30:12.878 [Test worker] DEBUG com.github.dockerjava.zerodep.shaded.org.apache.hc.client5.http.headers - http-outgoing-1 << Ostype: linux
18:30:12.878 [Test worker] DEBUG com.github.dockerjava.zerodep.shaded.org.apache.hc.client5.http.headers - http-outgoing-1 << Server: Docker/20.10.17 (linux)
18:30:12.878 [Test worker] DEBUG com.github.dockerjava.zerodep.shaded.org.apache.hc.client5.http.headers - http-outgoing-1 << Date: Thu, 08 Dec 2022 21:30:12 GMT
18:30:12.878 [Test worker] DEBUG com.github.dockerjava.zerodep.shaded.org.apache.hc.client5.http.headers - http-outgoing-1 << Transfer-Encoding: chunked
18:30:12.878 [Test worker] DEBUG com.github.dockerjava.zerodep.shaded.org.apache.hc.client5.http.impl.classic.MainClientExec - ex-0000000F: connection can be kept alive for 3 MINUTES
18:30:12.879 [Test worker] DEBUG com.github.dockerjava.zerodep.shaded.org.apache.hc.client5.http.wire - http-outgoing-1 << "ff","MergedDir":"/var/lib/docker/overlay2/05794d51525f65619c615558ef5f93d7c33eef44e12313fdcb3942911d0b5f7d/merged","UpperDir":"/var/lib/docker/overlay2/05794d51525f65619c615558ef5f93d7c33eef44e12313fdcb3942911d0b5f7d/diff","WorkDir":"/var/lib/docker/overlay2/05794d51525f65619c615558ef5f93d7c33eef44e12313fdcb3942911d0b5f7d/work"},"Name":"overlay2"},"Mounts":[{"Type":"volume","Name":"fe29345a30f82a1c969c40b069133e9d87168ce95967d67ac182ee42c059affb","Source":"/var/lib/docker/volumes/fe29345a30f82a1c969c40b069133e9d87168ce95967d67ac182ee42c059affb/_data","Destination":"/var/lib/mysql","Driver":"local","Mode":"","RW":true,"Propagation":""}],"Config":{"Hostname":"b4fc7afd9745","Domainname":"","User":"","AttachStdin":false,"AttachStdout":false,"AttachStderr":false,"ExposedPorts":{"3306/tcp":{},"33060/tcp":{}},"Tty":false,"OpenStdin":false,"StdinOnce":false,"Env":["MYSQL_DATABASE=adm_videos","MYSQL_PASSWORD=123456","MYSQL_ROOT_PASSWORD=123456","PATH=/usr/local/sbin:/usr/local/bin:/usr/sbin:/usr/bin:/sbin:/bin","GOSU_VERSION=1.14","MYSQL_MAJOR=8.0","MYSQL_VERSION=8.0.31-1.el8","MYSQL_SHELL_VERSION=8.0.31-1.el8"],"Cmd":["mysqld"],"Image":"mysql:latest","Volumes":{"/var/lib/mysql":{}},"WorkingDir":"","Entrypoint":["docker-entrypoint.sh"],"OnBuild":null,"Labels":{"org.testcontainers":"true","org.testcontainers.sessionId":"cdd139c9-cde1-4429-bea7-edb0e651ba16"}},"NetworkSettings":{"Bridge":"","SandboxID":"8404ec7d59006489fa5b6638879180586e9aa24c1c3ae79d40e26a8f453c93b1","HairpinMode":false,"LinkLocalIPv6Address":"","LinkLocalIPv6PrefixLen":0,"Ports":{"3306/tcp":[{"HostIp":"0.0.0.0","HostPort":"49156"},{"HostIp":"::","HostPort":"49156"}],"33060/tcp":null},"SandboxKey":"/var/run/docker/netns/8404ec7d5900","SecondaryIPAddresses":null,"SecondaryIPv6Addresses":null,"EndpointID":"28c851b70d88131a783e3d87b7c50320df5f3250ebca621b1b39353a2424212a","Gateway":"172.17.0.1","GlobalIPv6Address":"","GlobalIPv6PrefixLen":0,"IPAddress":"172.17.0.3","IPPrefixLen":16,"IPv6Gateway":"","MacAddress":"02:42:ac:11:00:03","Networks":{"bridge":{"IPAMConfig":null,"Links":null,"Aliases":null,"NetworkID":"bf06afe94eca8b5ab91eae0dbaa8561a6dd16832d429dcdbaa7ed1e003cfbe56","EndpointID":"28c851b70d88131a783e3d87b7c50320df5f3250ebca621b1b39353a2424212a","Gateway":"172.17.0.1","IPAddress":"172.17.0.3","IPPrefixLen":16,"IPv6Gateway":"","GlobalIPv6Address":"","GlobalIPv6PrefixLen":0,"MacAddress":"02:42:ac:11:00:03","DriverOpts":null}}}}[\n]"
18:30:12.881 [Test worker] DEBUG com.github.dockerjava.zerodep.shaded.org.apache.hc.client5.http.wire - http-outgoing-1 << "[\r][\n]"
18:30:12.881 [Test worker] DEBUG com.github.dockerjava.zerodep.shaded.org.apache.hc.client5.http.wire - http-outgoing-1 << "0[\r][\n]"
18:30:12.881 [Test worker] DEBUG com.github.dockerjava.zerodep.shaded.org.apache.hc.client5.http.wire - http-outgoing-1 << "[\r][\n]"
18:30:12.881 [Test worker] DEBUG com.github.dockerjava.zerodep.shaded.org.apache.hc.client5.http.impl.classic.InternalHttpClient - ep-0000000E: releasing valid endpoint
18:30:12.881 [Test worker] DEBUG com.github.dockerjava.zerodep.shaded.org.apache.hc.client5.http.impl.io.PoolingHttpClientConnectionManager - ep-0000000E: releasing endpoint
18:30:12.881 [Test worker] DEBUG com.github.dockerjava.zerodep.shaded.org.apache.hc.client5.http.impl.io.PoolingHttpClientConnectionManager - ep-0000000E: connection http-outgoing-1 can be kept alive for 3 MINUTES
18:30:12.881 [Test worker] DEBUG com.github.dockerjava.zerodep.shaded.org.apache.hc.client5.http.impl.io.PoolingHttpClientConnectionManager - ep-0000000E: connection released [route: {}->unix://localhost:2375][total available: 1; route allocated: 1 of 2147483647; total allocated: 1 of 2147483647]
18:30:12.881 [Test worker] DEBUG ]]>&#x1f433;<![CDATA[ [mysql:latest] - Trying to create JDBC connection using com.mysql.cj.jdbc.Driver to jdbc:mysql://localhost:49156/adm_videos?useSSL=false&allowPublicKeyRetrieval=true with properties: {password=123456, user=root}
18:30:12.986 [Test worker] DEBUG org.testcontainers.shaded.com.github.dockerjava.core.command.AbstrDockerCmd - Cmd: b4fc7afd97457a2a6ec84592488a57f900fa52ed03fcd2dbaf8a116bc1f50ab3,false
18:30:12.987 [Test worker] DEBUG org.testcontainers.shaded.com.github.dockerjava.core.exec.InspectContainerCmdExec - GET: DefaultWebTarget{path=[/containers/b4fc7afd97457a2a6ec84592488a57f900fa52ed03fcd2dbaf8a116bc1f50ab3/json], queryParams={}}
18:30:12.987 [Test worker] DEBUG com.github.dockerjava.zerodep.shaded.org.apache.hc.client5.http.impl.classic.InternalHttpClient - ex-00000010: preparing request execution
18:30:12.987 [Test worker] DEBUG com.github.dockerjava.zerodep.shaded.org.apache.hc.client5.http.protocol.RequestAddCookies - Cookie spec selected: strict
18:30:12.987 [Test worker] DEBUG com.github.dockerjava.zerodep.shaded.org.apache.hc.client5.http.protocol.RequestAuthCache - Auth cache not set in the context
18:30:12.987 [Test worker] DEBUG com.github.dockerjava.zerodep.shaded.org.apache.hc.client5.http.impl.classic.ProtocolExec - ex-00000010: target auth state: UNCHALLENGED
18:30:12.987 [Test worker] DEBUG com.github.dockerjava.zerodep.shaded.org.apache.hc.client5.http.impl.classic.ProtocolExec - ex-00000010: proxy auth state: UNCHALLENGED
18:30:12.987 [Test worker] DEBUG com.github.dockerjava.zerodep.shaded.org.apache.hc.client5.http.impl.classic.ConnectExec - ex-00000010: acquiring connection with route {}->unix://localhost:2375
18:30:12.987 [Test worker] DEBUG com.github.dockerjava.zerodep.shaded.org.apache.hc.client5.http.impl.classic.InternalHttpClient - ex-00000010: acquiring endpoint (3 MINUTES)
18:30:12.988 [Test worker] DEBUG com.github.dockerjava.zerodep.shaded.org.apache.hc.client5.http.impl.io.PoolingHttpClientConnectionManager - ex-00000010: endpoint lease request (3 MINUTES) [route: {}->unix://localhost:2375][total available: 1; route allocated: 1 of 2147483647; total allocated: 1 of 2147483647]
18:30:12.988 [Test worker] DEBUG com.github.dockerjava.zerodep.shaded.org.apache.hc.client5.http.impl.io.PoolingHttpClientConnectionManager - ex-00000010: endpoint leased [route: {}->unix://localhost:2375][total available: 0; route allocated: 1 of 2147483647; total allocated: 1 of 2147483647]
18:30:12.988 [Test worker] DEBUG com.github.dockerjava.zerodep.shaded.org.apache.hc.client5.http.impl.io.PoolingHttpClientConnectionManager - ex-00000010: acquired ep-0000000F
18:30:12.988 [Test worker] DEBUG com.github.dockerjava.zerodep.shaded.org.apache.hc.client5.http.impl.classic.InternalHttpClient - ex-00000010: acquired endpoint ep-0000000F
18:30:12.988 [Test worker] DEBUG com.github.dockerjava.zerodep.shaded.org.apache.hc.client5.http.impl.classic.MainClientExec - ex-00000010: executing GET /v1.32/containers/b4fc7afd97457a2a6ec84592488a57f900fa52ed03fcd2dbaf8a116bc1f50ab3/json HTTP/1.1
18:30:12.988 [Test worker] DEBUG com.github.dockerjava.zerodep.shaded.org.apache.hc.client5.http.impl.classic.InternalHttpClient - ep-0000000F: start execution ex-00000010
18:30:12.988 [Test worker] DEBUG com.github.dockerjava.zerodep.shaded.org.apache.hc.client5.http.impl.io.PoolingHttpClientConnectionManager - ep-0000000F: executing exchange ex-00000010 over http-outgoing-1
18:30:12.988 [Test worker] DEBUG com.github.dockerjava.zerodep.shaded.org.apache.hc.client5.http.headers - http-outgoing-1 >> GET /v1.32/containers/b4fc7afd97457a2a6ec84592488a57f900fa52ed03fcd2dbaf8a116bc1f50ab3/json HTTP/1.1
18:30:12.988 [Test worker] DEBUG com.github.dockerjava.zerodep.shaded.org.apache.hc.client5.http.headers - http-outgoing-1 >> accept: application/json
18:30:12.988 [Test worker] DEBUG com.github.dockerjava.zerodep.shaded.org.apache.hc.client5.http.headers - http-outgoing-1 >> x-tc-sid: cdd139c9-cde1-4429-bea7-edb0e651ba16
18:30:12.988 [Test worker] DEBUG com.github.dockerjava.zerodep.shaded.org.apache.hc.client5.http.headers - http-outgoing-1 >> Accept-Encoding: gzip, x-gzip, deflate
18:30:12.988 [Test worker] DEBUG com.github.dockerjava.zerodep.shaded.org.apache.hc.client5.http.headers - http-outgoing-1 >> Host: localhost:2375
18:30:12.988 [Test worker] DEBUG com.github.dockerjava.zerodep.shaded.org.apache.hc.client5.http.headers - http-outgoing-1 >> Connection: keep-alive
18:30:12.988 [Test worker] DEBUG com.github.dockerjava.zerodep.shaded.org.apache.hc.client5.http.headers - http-outgoing-1 >> User-Agent: Apache-HttpClient/5.0.3 (Java/17.0.2)
18:30:12.988 [Test worker] DEBUG com.github.dockerjava.zerodep.shaded.org.apache.hc.client5.http.wire - http-outgoing-1 >> "GET /v1.32/containers/b4fc7afd97457a2a6ec84592488a57f900fa52ed03fcd2dbaf8a116bc1f50ab3/json HTTP/1.1[\r][\n]"
18:30:12.988 [Test worker] DEBUG com.github.dockerjava.zerodep.shaded.org.apache.hc.client5.http.wire - http-outgoing-1 >> "accept: application/json[\r][\n]"
18:30:12.988 [Test worker] DEBUG com.github.dockerjava.zerodep.shaded.org.apache.hc.client5.http.wire - http-outgoing-1 >> "x-tc-sid: cdd139c9-cde1-4429-bea7-edb0e651ba16[\r][\n]"
18:30:12.988 [Test worker] DEBUG com.github.dockerjava.zerodep.shaded.org.apache.hc.client5.http.wire - http-outgoing-1 >> "Accept-Encoding: gzip, x-gzip, deflate[\r][\n]"
18:30:12.988 [Test worker] DEBUG com.github.dockerjava.zerodep.shaded.org.apache.hc.client5.http.wire - http-outgoing-1 >> "Host: localhost:2375[\r][\n]"
18:30:12.988 [Test worker] DEBUG com.github.dockerjava.zerodep.shaded.org.apache.hc.client5.http.wire - http-outgoing-1 >> "Connection: keep-alive[\r][\n]"
18:30:12.988 [Test worker] DEBUG com.github.dockerjava.zerodep.shaded.org.apache.hc.client5.http.wire - http-outgoing-1 >> "User-Agent: Apache-HttpClient/5.0.3 (Java/17.0.2)[\r][\n]"
18:30:12.988 [Test worker] DEBUG com.github.dockerjava.zerodep.shaded.org.apache.hc.client5.http.wire - http-outgoing-1 >> "[\r][\n]"
18:30:12.991 [Test worker] DEBUG com.github.dockerjava.zerodep.shaded.org.apache.hc.client5.http.wire - http-outgoing-1 << "HTTP/1.1 200 OK[\r][\n]"
18:30:12.991 [Test worker] DEBUG com.github.dockerjava.zerodep.shaded.org.apache.hc.client5.http.wire - http-outgoing-1 << "Api-Version: 1.41[\r][\n]"
18:30:12.992 [Test worker] DEBUG com.github.dockerjava.zerodep.shaded.org.apache.hc.client5.http.wire - http-outgoing-1 << "Content-Type: application/json[\r][\n]"
18:30:12.992 [Test worker] DEBUG com.github.dockerjava.zerodep.shaded.org.apache.hc.client5.http.wire - http-outgoing-1 << "Docker-Experimental: false[\r][\n]"
18:30:12.992 [Test worker] DEBUG com.github.dockerjava.zerodep.shaded.org.apache.hc.client5.http.wire - http-outgoing-1 << "Ostype: linux[\r][\n]"
18:30:12.992 [Test worker] DEBUG com.github.dockerjava.zerodep.shaded.org.apache.hc.client5.http.wire - http-outgoing-1 << "Server: Docker/20.10.17 (linux)[\r][\n]"
18:30:12.992 [Test worker] DEBUG com.github.dockerjava.zerodep.shaded.org.apache.hc.client5.http.wire - http-outgoing-1 << "Date: Thu, 08 Dec 2022 21:30:12 GMT[\r][\n]"
18:30:12.992 [Test worker] DEBUG com.github.dockerjava.zerodep.shaded.org.apache.hc.client5.http.wire - http-outgoing-1 << "Transfer-Encoding: chunked[\r][\n]"
18:30:12.992 [Test worker] DEBUG com.github.dockerjava.zerodep.shaded.org.apache.hc.client5.http.wire - http-outgoing-1 << "[\r][\n]"
18:30:12.992 [Test worker] DEBUG com.github.dockerjava.zerodep.shaded.org.apache.hc.client5.http.wire - http-outgoing-1 << "18a6[\r][\n]"
18:30:12.992 [Test worker] DEBUG com.github.dockerjava.zerodep.shaded.org.apache.hc.client5.http.wire - http-outgoing-1 << "{"Id":"b4fc7afd97457a2a6ec84592488a57f900fa52ed03fcd2dbaf8a116bc1f50ab3","Created":"2022-12-08T21:30:11.801619537Z","Path":"docker-entrypoint.sh","Args":["mysqld"],"State":{"Status":"running","Running":true,"Paused":false,"Restarting":false,"OOMKilled":false,"Dead":false,"Pid":148084,"ExitCode":0,"Error":"","StartedAt":"2022-12-08T21:30:12.370762583Z","FinishedAt":"0001-01-01T00:00:00Z"},"Image":"sha256:7484689f290f1defe06b65befc54cb6ad91a667cf0af59a265ffe76c46bd0478","ResolvConfPath":"/var/lib/docker/containers/b4fc7afd97457a2a6ec84592488a57f900fa52ed03fcd2dbaf8a116bc1f50ab3/resolv.conf","HostnamePath":"/var/lib/docker/containers/b4fc7afd97457a2a6ec84592488a57f900fa52ed03fcd2dbaf8a116bc1f50ab3/hostname","HostsPath":"/var/lib/docker/containers/b4fc7afd97457a2a6ec84592488a57f900fa52ed03fcd2dbaf8a116bc1f50ab3/hosts","LogPath":"/var/lib/docker/containers/b4fc7afd97457a2a6ec84592488a57f900fa52ed03fcd2dbaf8a116bc1f50ab3/b4fc7afd97457a2a6ec84592488a57f900fa52ed03fcd2dbaf8a116bc1f50ab3-json.log","Name":"/agitated_ptolemy","RestartCount":0,"Driver":"overlay2","Platform":"linux","MountLabel":"","ProcessLabel":"","AppArmorProfile":"docker-default","ExecIDs":null,"HostConfig":{"Binds":[],"ContainerIDFile":"","LogConfig":{"Type":"json-file","Config":{}},"NetworkMode":"default","PortBindings":{"3306/tcp":[{"HostIp":"","HostPort":""}]},"RestartPolicy":{"Name":"","MaximumRetryCount":0},"AutoRemove":false,"VolumeDriver":"","VolumesFrom":[],"CapAdd":null,"CapDrop":null,"CgroupnsMode":"private","Dns":null,"DnsOptions":null,"DnsSearch":null,"ExtraHosts":[],"GroupAdd":null,"IpcMode":"shareable","Cgroup":"","Links":null,"OomScoreAdj":0,"PidMode":"","Privileged":false,"PublishAllPorts":false,"ReadonlyRootfs":false,"SecurityOpt":null,"UTSMode":"","UsernsMode":"","ShmSize":67108864,"Runtime":"runc","ConsoleSize":[0,0],"Isolation":"","CpuShares":0,"Memory":0,"NanoCpus":0,"CgroupParent":"","BlkioWeight":0,"BlkioWeightDevice":null,"BlkioDeviceReadBps":null,"BlkioDeviceWriteBps":null,"BlkioDeviceReadIOps":null,"BlkioDeviceWriteIOps":null,"CpuPeriod":0,"CpuQuota":0,"CpuRealtimePeriod":0,"CpuRealtimeRuntime":0,"CpusetCpus":"","CpusetMems":"","Devices":null,"DeviceCgroupRules":null,"DeviceRequests":null,"KernelMemory":0,"KernelMemoryTCP":0,"MemoryReservation":0,"MemorySwap":0,"MemorySwappiness":null,"OomKillDisable":null,"PidsLimit":null,"Ulimits":null,"CpuCount":0,"CpuPercent":0,"IOMaximumIOps":0,"IOMaximumBandwidth":0,"MaskedPaths":["/proc/asound","/proc/acpi","/proc/kcore","/proc/keys","/proc/latency_stats","/proc/timer_list","/proc/timer_stats","/proc/sched_debug","/proc/scsi","/sys/firmware"],"ReadonlyPaths":["/proc/bus","/proc/fs","/proc/irq","/proc/sys","/proc/sysrq-trigger"]},"GraphDriver":{"Data":{"LowerDir":"/var/lib/docker/overlay2/05794d51525f65619c615558ef5f93d7c33eef44e12313fdcb3942911d0b5f7d-init/diff:/var/lib/docker/overlay2/f079a69cfd5e80e906b12f05a0c7bfaabc56ce63e947db68b722ae30905f1239/diff:/var/lib/docker/overlay2/9dfb63d6bb556846a13012421dde7951ef83a14d8ce1882287cce66f0f9bd055/diff:/var/lib/docker/overlay2/c4f8874ae33ddd14488f5051cd953acc020fa00ea72d28bd530450c0bc8f9903/diff:/var/lib/docker/overlay2/992683766b46aa5653160e6a34283b579a75000e230890d0ec0a6204af735697/diff:/var/lib/docker/overlay2/6e3fba0e1d6501c91c9bec723bb1364f75599c6c2026a6dc71773c88a49f890a/diff:/var/lib/docker/overlay2/c6c2a366f45a69704761d45d296d71bf2bf315efb15cb06ad88925ed235fad81/diff:/var/lib/docker/overlay2/7555f9b18615244719d04b23296ba418195e5e569d47baf9f1da7c3f053fe194/diff:/var/lib/docker/overlay2/7752eb17f8f8ba44a5ed178f499901fa7eb6f2e031c29ab160ee4eff4db8edaa/diff:/var/lib/docker/overlay2/9683de8b3733106f256bd0eabc7cae13623b14493b9212e863449d42b8a87390/diff:/var/lib/docker/overlay2/f5e28e407d8811526fb7dd82e4fed08d5d3124c0f22f1a9496ed27b2b457d3dd/diff:/var/lib/docker/overlay2/e2980c91c6b3331cff3994ca6f327955bb5feaef0f96bc64edce80631fdbf829/diff","MergedDir":"/var/lib/docker/overlay2/05794d51525f65619c615558ef5f93d7c33eef44e12313fdcb3942911d0b5f7d/merged","UpperDir":"/var/lib/docker/overlay2/05794d51525f65619c615558ef5f93d7c33eef44e12313fdcb3942911d0b5f7d/diff","WorkDir":"/var/lib/docker/overlay2/05794d51525f65619c615558ef5f93d7c33eef44e12313fdcb3942911d0b5f7d/work"},"Name":"overlay2"},"Mounts":[{"Type":"volume","Name":"fe29345a30f82a1c969c40b069133e9d87168ce95967d67ac182ee42c059affb","Source":"/var/lib/docker/volumes/fe29345a30f82a1c969c40b069133e9d87168ce95967d67ac182ee42c059affb/_data","Destination":"/var/lib/mysql","Driver":"local","Mode":"","RW":true,"Propagation":""}],"Config":{"Hostname":"b4fc7afd9745","Domainname":"","User":"","AttachStdin":false,"AttachStdout":false,"AttachStderr":false,"ExposedPorts":{"3306/tcp":{},"33060/tcp":{}},"Tty":false,"OpenStdin":false,"StdinOnce":false,"Env":["MYSQL_DATABASE=adm_videos","MYSQL_PASSWORD=123456","MYSQL_ROOT_PASSWORD=123456","PATH=/usr/local/sbin:/usr/local/bin:/usr/sbin:/usr/bin:/sbin:/bin","GOSU_VERSION=1.14","MYSQL_MAJOR=8.0","MYSQL_VERSION=8.0.31-1.el8","MYSQL_SHELL_VERSION=8.0.31-1.el8"],"Cmd":["mysqld"],"Image":"mysql:latest","Volumes":{"/var/lib/mysql":{}},"WorkingDir":"","Entrypoint":["docker-entrypoint.sh"],"OnBuild":null,"Labels":{"org.testcontainers":"true","org.testcontainers.sessionId":"cdd139c9-cde1-4429-bea7-edb0e651ba16"}},"NetworkSettings":{"Bridge":"","SandboxID":"8404ec7d59006489fa5b6638879180586e9aa24c1c3ae79d40e26a8f453c93b1","HairpinMode":false,"LinkLocalIPv6Address":"","LinkLocalIPv6PrefixLen":0,"Ports":{"3306/tcp":[{"HostIp":"0.0.0.0","HostPort":"49156"},{"HostIp":"::","HostPort":"49156"}],"33060/tcp":null},"SandboxKey":"/var/run/docker/netns/8404ec7d5900","SecondaryIPAddresses":null,"SecondaryIPv6Addresses":null,"EndpointID":"28c851b70d88131a783e3d87b7c50320df5f3250ebca621b1b39353a2424212a","Gateway":"172.17.0.1","GlobalIPv6Address":"","GlobalIPv6PrefixLen":0,"IPAddress":"172.17.0.3","IPPrefixLen":16,"IPv6Gateway":"","MacAddress":"02:42:ac:11:00:03","Networks":{"bridge":{"IPAMConfig":null,"Links":null,"Aliases":null,"NetworkID":"bf06afe94eca8b5ab91eae0dbaa8561a6dd16832d429dcdbaa7ed1e003cfbe56","EndpointID":"28c851b70d88131a783e3d87b7c50320df5f3250ebca621b1b39353a2424212a","Gateway":"172.17.0.1","IPAddress":"172.17.0.3","IPPrefixLen":16,"IPv6Gateway":"","GlobalIPv6Address":"","GlobalIPv6PrefixLen":0,"MacAddress":"02:42:ac:11:00:03","DriverOpts":null}}}}[\n]"
18:30:12.992 [Test worker] DEBUG com.github.dockerjava.zerodep.shaded.org.apache.hc.client5.http.wire - http-outgoing-1 << "[\r][\n]"
18:30:12.992 [Test worker] DEBUG com.github.dockerjava.zerodep.shaded.org.apache.hc.client5.http.wire - http-outgoing-1 << "0[\r][\n]"
18:30:12.992 [Test worker] DEBUG com.github.dockerjava.zerodep.shaded.org.apache.hc.client5.http.wire - http-outgoing-1 << "[\r][\n]"
18:30:12.992 [Test worker] DEBUG com.github.dockerjava.zerodep.shaded.org.apache.hc.client5.http.headers - http-outgoing-1 << HTTP/1.1 200 OK
18:30:12.992 [Test worker] DEBUG com.github.dockerjava.zerodep.shaded.org.apache.hc.client5.http.headers - http-outgoing-1 << Api-Version: 1.41
18:30:12.992 [Test worker] DEBUG com.github.dockerjava.zerodep.shaded.org.apache.hc.client5.http.headers - http-outgoing-1 << Content-Type: application/json
18:30:12.992 [Test worker] DEBUG com.github.dockerjava.zerodep.shaded.org.apache.hc.client5.http.headers - http-outgoing-1 << Docker-Experimental: false
18:30:12.992 [Test worker] DEBUG com.github.dockerjava.zerodep.shaded.org.apache.hc.client5.http.headers - http-outgoing-1 << Ostype: linux
18:30:12.992 [Test worker] DEBUG com.github.dockerjava.zerodep.shaded.org.apache.hc.client5.http.headers - http-outgoing-1 << Server: Docker/20.10.17 (linux)
18:30:12.992 [Test worker] DEBUG com.github.dockerjava.zerodep.shaded.org.apache.hc.client5.http.headers - http-outgoing-1 << Date: Thu, 08 Dec 2022 21:30:12 GMT
18:30:12.992 [Test worker] DEBUG com.github.dockerjava.zerodep.shaded.org.apache.hc.client5.http.headers - http-outgoing-1 << Transfer-Encoding: chunked
18:30:12.992 [Test worker] DEBUG com.github.dockerjava.zerodep.shaded.org.apache.hc.client5.http.impl.classic.MainClientExec - ex-00000010: connection can be kept alive for 3 MINUTES
18:30:12.994 [Test worker] DEBUG com.github.dockerjava.zerodep.shaded.org.apache.hc.client5.http.impl.classic.InternalHttpClient - ep-0000000F: releasing valid endpoint
18:30:12.994 [Test worker] DEBUG com.github.dockerjava.zerodep.shaded.org.apache.hc.client5.http.impl.io.PoolingHttpClientConnectionManager - ep-0000000F: releasing endpoint
18:30:12.994 [Test worker] DEBUG com.github.dockerjava.zerodep.shaded.org.apache.hc.client5.http.impl.io.PoolingHttpClientConnectionManager - ep-0000000F: connection http-outgoing-1 can be kept alive for 3 MINUTES
18:30:12.994 [Test worker] DEBUG com.github.dockerjava.zerodep.shaded.org.apache.hc.client5.http.impl.io.PoolingHttpClientConnectionManager - ep-0000000F: connection released [route: {}->unix://localhost:2375][total available: 1; route allocated: 1 of 2147483647; total allocated: 1 of 2147483647]
18:30:12.994 [Test worker] DEBUG ]]>&#x1f433;<![CDATA[ [mysql:latest] - Trying to create JDBC connection using com.mysql.cj.jdbc.Driver to jdbc:mysql://localhost:49156/adm_videos?useSSL=false&allowPublicKeyRetrieval=true with properties: {password=123456, user=root}
18:30:13.099 [Test worker] DEBUG org.testcontainers.shaded.com.github.dockerjava.core.command.AbstrDockerCmd - Cmd: b4fc7afd97457a2a6ec84592488a57f900fa52ed03fcd2dbaf8a116bc1f50ab3,false
18:30:13.099 [Test worker] DEBUG org.testcontainers.shaded.com.github.dockerjava.core.exec.InspectContainerCmdExec - GET: DefaultWebTarget{path=[/containers/b4fc7afd97457a2a6ec84592488a57f900fa52ed03fcd2dbaf8a116bc1f50ab3/json], queryParams={}}
18:30:13.100 [Test worker] DEBUG com.github.dockerjava.zerodep.shaded.org.apache.hc.client5.http.impl.classic.InternalHttpClient - ex-00000011: preparing request execution
18:30:13.100 [Test worker] DEBUG com.github.dockerjava.zerodep.shaded.org.apache.hc.client5.http.protocol.RequestAddCookies - Cookie spec selected: strict
18:30:13.100 [Test worker] DEBUG com.github.dockerjava.zerodep.shaded.org.apache.hc.client5.http.protocol.RequestAuthCache - Auth cache not set in the context
18:30:13.100 [Test worker] DEBUG com.github.dockerjava.zerodep.shaded.org.apache.hc.client5.http.impl.classic.ProtocolExec - ex-00000011: target auth state: UNCHALLENGED
18:30:13.100 [Test worker] DEBUG com.github.dockerjava.zerodep.shaded.org.apache.hc.client5.http.impl.classic.ProtocolExec - ex-00000011: proxy auth state: UNCHALLENGED
18:30:13.100 [Test worker] DEBUG com.github.dockerjava.zerodep.shaded.org.apache.hc.client5.http.impl.classic.ConnectExec - ex-00000011: acquiring connection with route {}->unix://localhost:2375
18:30:13.100 [Test worker] DEBUG com.github.dockerjava.zerodep.shaded.org.apache.hc.client5.http.impl.classic.InternalHttpClient - ex-00000011: acquiring endpoint (3 MINUTES)
18:30:13.100 [Test worker] DEBUG com.github.dockerjava.zerodep.shaded.org.apache.hc.client5.http.impl.io.PoolingHttpClientConnectionManager - ex-00000011: endpoint lease request (3 MINUTES) [route: {}->unix://localhost:2375][total available: 1; route allocated: 1 of 2147483647; total allocated: 1 of 2147483647]
18:30:13.100 [Test worker] DEBUG com.github.dockerjava.zerodep.shaded.org.apache.hc.client5.http.impl.io.PoolingHttpClientConnectionManager - ex-00000011: endpoint leased [route: {}->unix://localhost:2375][total available: 0; route allocated: 1 of 2147483647; total allocated: 1 of 2147483647]
18:30:13.101 [Test worker] DEBUG com.github.dockerjava.zerodep.shaded.org.apache.hc.client5.http.impl.io.PoolingHttpClientConnectionManager - ex-00000011: acquired ep-00000010
18:30:13.101 [Test worker] DEBUG com.github.dockerjava.zerodep.shaded.org.apache.hc.client5.http.impl.classic.InternalHttpClient - ex-00000011: acquired endpoint ep-00000010
18:30:13.101 [Test worker] DEBUG com.github.dockerjava.zerodep.shaded.org.apache.hc.client5.http.impl.classic.MainClientExec - ex-00000011: executing GET /v1.32/containers/b4fc7afd97457a2a6ec84592488a57f900fa52ed03fcd2dbaf8a116bc1f50ab3/json HTTP/1.1
18:30:13.101 [Test worker] DEBUG com.github.dockerjava.zerodep.shaded.org.apache.hc.client5.http.impl.classic.InternalHttpClient - ep-00000010: start execution ex-00000011
18:30:13.101 [Test worker] DEBUG com.github.dockerjava.zerodep.shaded.org.apache.hc.client5.http.impl.io.PoolingHttpClientConnectionManager - ep-00000010: executing exchange ex-00000011 over http-outgoing-1
18:30:13.101 [Test worker] DEBUG com.github.dockerjava.zerodep.shaded.org.apache.hc.client5.http.headers - http-outgoing-1 >> GET /v1.32/containers/b4fc7afd97457a2a6ec84592488a57f900fa52ed03fcd2dbaf8a116bc1f50ab3/json HTTP/1.1
18:30:13.101 [Test worker] DEBUG com.github.dockerjava.zerodep.shaded.org.apache.hc.client5.http.headers - http-outgoing-1 >> accept: application/json
18:30:13.101 [Test worker] DEBUG com.github.dockerjava.zerodep.shaded.org.apache.hc.client5.http.headers - http-outgoing-1 >> x-tc-sid: cdd139c9-cde1-4429-bea7-edb0e651ba16
18:30:13.101 [Test worker] DEBUG com.github.dockerjava.zerodep.shaded.org.apache.hc.client5.http.headers - http-outgoing-1 >> Accept-Encoding: gzip, x-gzip, deflate
18:30:13.101 [Test worker] DEBUG com.github.dockerjava.zerodep.shaded.org.apache.hc.client5.http.headers - http-outgoing-1 >> Host: localhost:2375
18:30:13.101 [Test worker] DEBUG com.github.dockerjava.zerodep.shaded.org.apache.hc.client5.http.headers - http-outgoing-1 >> Connection: keep-alive
18:30:13.101 [Test worker] DEBUG com.github.dockerjava.zerodep.shaded.org.apache.hc.client5.http.headers - http-outgoing-1 >> User-Agent: Apache-HttpClient/5.0.3 (Java/17.0.2)
18:30:13.101 [Test worker] DEBUG com.github.dockerjava.zerodep.shaded.org.apache.hc.client5.http.wire - http-outgoing-1 >> "GET /v1.32/containers/b4fc7afd97457a2a6ec84592488a57f900fa52ed03fcd2dbaf8a116bc1f50ab3/json HTTP/1.1[\r][\n]"
18:30:13.101 [Test worker] DEBUG com.github.dockerjava.zerodep.shaded.org.apache.hc.client5.http.wire - http-outgoing-1 >> "accept: application/json[\r][\n]"
18:30:13.101 [Test worker] DEBUG com.github.dockerjava.zerodep.shaded.org.apache.hc.client5.http.wire - http-outgoing-1 >> "x-tc-sid: cdd139c9-cde1-4429-bea7-edb0e651ba16[\r][\n]"
18:30:13.101 [Test worker] DEBUG com.github.dockerjava.zerodep.shaded.org.apache.hc.client5.http.wire - http-outgoing-1 >> "Accept-Encoding: gzip, x-gzip, deflate[\r][\n]"
18:30:13.101 [Test worker] DEBUG com.github.dockerjava.zerodep.shaded.org.apache.hc.client5.http.wire - http-outgoing-1 >> "Host: localhost:2375[\r][\n]"
18:30:13.101 [Test worker] DEBUG com.github.dockerjava.zerodep.shaded.org.apache.hc.client5.http.wire - http-outgoing-1 >> "Connection: keep-alive[\r][\n]"
18:30:13.101 [Test worker] DEBUG com.github.dockerjava.zerodep.shaded.org.apache.hc.client5.http.wire - http-outgoing-1 >> "User-Agent: Apache-HttpClient/5.0.3 (Java/17.0.2)[\r][\n]"
18:30:13.101 [Test worker] DEBUG com.github.dockerjava.zerodep.shaded.org.apache.hc.client5.http.wire - http-outgoing-1 >> "[\r][\n]"
18:30:13.102 [Test worker] DEBUG com.github.dockerjava.zerodep.shaded.org.apache.hc.client5.http.wire - http-outgoing-1 << "HTTP/1.1 200 OK[\r][\n]"
18:30:13.102 [Test worker] DEBUG com.github.dockerjava.zerodep.shaded.org.apache.hc.client5.http.wire - http-outgoing-1 << "Api-Version: 1.41[\r][\n]"
18:30:13.102 [Test worker] DEBUG com.github.dockerjava.zerodep.shaded.org.apache.hc.client5.http.wire - http-outgoing-1 << "Content-Type: application/json[\r][\n]"
18:30:13.102 [Test worker] DEBUG com.github.dockerjava.zerodep.shaded.org.apache.hc.client5.http.wire - http-outgoing-1 << "Docker-Experimental: false[\r][\n]"
18:30:13.102 [Test worker] DEBUG com.github.dockerjava.zerodep.shaded.org.apache.hc.client5.http.wire - http-outgoing-1 << "Ostype: linux[\r][\n]"
18:30:13.102 [Test worker] DEBUG com.github.dockerjava.zerodep.shaded.org.apache.hc.client5.http.wire - http-outgoing-1 << "Server: Docker/20.10.17 (linux)[\r][\n]"
18:30:13.102 [Test worker] DEBUG com.github.dockerjava.zerodep.shaded.org.apache.hc.client5.http.wire - http-outgoing-1 << "Date: Thu, 08 Dec 2022 21:30:13 GMT[\r][\n]"
18:30:13.102 [Test worker] DEBUG com.github.dockerjava.zerodep.shaded.org.apache.hc.client5.http.wire - http-outgoing-1 << "Transfer-Encoding: chunked[\r][\n]"
18:30:13.102 [Test worker] DEBUG com.github.dockerjava.zerodep.shaded.org.apache.hc.client5.http.wire - http-outgoing-1 << "[\r][\n]"
18:30:13.102 [Test worker] DEBUG com.github.dockerjava.zerodep.shaded.org.apache.hc.client5.http.wire - http-outgoing-1 << "18a6[\r][\n]"
18:30:13.102 [Test worker] DEBUG com.github.dockerjava.zerodep.shaded.org.apache.hc.client5.http.wire - http-outgoing-1 << "{"Id":"b4fc7afd97457a2a6ec84592488a57f900fa52ed03fcd2dbaf8a116bc1f50ab3","Created":"2022-12-08T21:30:11.801619537Z","Path":"docker-entrypoint.sh","Args":["mysqld"],"State":{"Status":"running","Running":true,"Paused":false,"Restarting":false,"OOMKilled":false,"Dead":false,"Pid":148084,"ExitCode":0,"Error":"","StartedAt":"2022-12-08T21:30:12.370762583Z","FinishedAt":"0001-01-01T00:00:00Z"},"Image":"sha256:7484689f290f1defe06b65befc54cb6ad91a667cf0af59a265ffe76c46bd0478","ResolvConfPath":"/var/lib/docker/containers/b4fc7afd97457a2a6ec84592488a57f900fa52ed03fcd2dbaf8a116bc1f50ab3/resolv.conf","HostnamePath":"/var/lib/docker/containers/b4fc7afd97457a2a6ec84592488a57f900fa52ed03fcd2dbaf8a116bc1f50ab3/hostname","HostsPath":"/var/lib/docker/containers/b4fc7afd97457a2a6ec84592488a57f900fa52ed03fcd2dbaf8a116bc1f50ab3/hosts","LogPath":"/var/lib/docker/containers/b4fc7afd97457a2a6ec84592488a57f900fa52ed03fcd2dbaf8a116bc1f50ab3/b4fc7afd97457a2a6ec84592488a57f900fa52ed03fcd2dbaf8a116bc1f50ab3-json.log","Name":"/agitated_ptolemy","RestartCount":0,"Driver":"overlay2","Platform":"linux","MountLabel":"","ProcessLabel":"","AppArmorProfile":"docker-default","ExecIDs":null,"HostConfig":{"Binds":[],"ContainerIDFile":"","LogConfig":{"Type":"json-file","Config":{}},"NetworkMode":"default","PortBindings":{"3306/tcp":[{"HostIp":"","HostPort":""}]},"RestartPolicy":{"Name":"","MaximumRetryCount":0},"AutoRemove":false,"VolumeDriver":"","VolumesFrom":[],"CapAdd":null,"CapDrop":null,"CgroupnsMode":"private","Dns":null,"DnsOptions":null,"DnsSearch":null,"ExtraHosts":[],"GroupAdd":null,"IpcMode":"shareable","Cgroup":"","Links":null,"OomScoreAdj":0,"PidMode":"","Privileged":false,"PublishAllPorts":false,"ReadonlyRootfs":false,"SecurityOpt":null,"UTSMode":"","UsernsMode":"","ShmSize":67108864,"Runtime":"runc","ConsoleSize":[0,0],"Isolation":"","CpuShares":0,"Memory":0,"NanoCpus":0,"CgroupParent":"","BlkioWeight":0,"BlkioWeightDevice":null,"BlkioDeviceReadBps":null,"BlkioDeviceWriteBps":null,"BlkioDeviceReadIOps":null,"BlkioDeviceWriteIOps":null,"CpuPeriod":0,"CpuQuota":0,"CpuRealtimePeriod":0,"CpuRealtimeRuntime":0,"CpusetCpus":"","CpusetMems":"","Devices":null,"DeviceCgroupRules":null,"DeviceRequests":null,"KernelMemory":0,"KernelMemoryTCP":0,"MemoryReservation":0,"MemorySwap":0,"MemorySwappiness":null,"OomKillDisable":null,"PidsLimit":null,"Ulimits":null,"CpuCount":0,"CpuPercent":0,"IOMaximumIOps":0,"IOMaximumBandwidth":0,"MaskedPaths":["/proc/asound","/proc/acpi","/proc/kcore","/proc/keys","/proc/latency_stats","/proc/timer_list","/proc/timer_stats","/proc/sched_debug","/proc/scsi","/sys/firmware"],"ReadonlyPaths":["/proc/bus","/proc/fs","/proc/irq","/proc/sys","/proc/sysrq-trigger"]},"GraphDriver":{"Data":{"LowerDir":"/var/lib/docker/overlay2/05794d51525f65619c615558ef5f93d7c33eef44e12313fdcb3942911d0b5f7d-init/diff:/var/lib/docker/overlay2/f079a69cfd5e80e906b12f05a0c7bfaabc56ce63e947db68b722ae30905f1239/diff:/var/lib/docker/overlay2/9dfb63d6bb556846a13012421dde7951ef83a14d8ce1882287cce66f0f9bd055/diff:/var/lib/docker/overlay2/c4f8874ae33ddd14488f5051cd953acc020fa00ea72d28bd530450c0bc8f9903/diff:/var/lib/docker/overlay2/992683766b46aa5653160e6a34283b579a75000e230890d0ec0a6204af735697/diff:/var/lib/docker/overlay2/6e3fba0e1d6501c91c9bec723bb1364f75599c6c2026a6dc71773c88a49f890a/diff:/var/lib/docker/overlay2/c6c2a366f45a69704761d45d296d71bf2bf315efb15cb06ad88925ed235fad81/diff:/var/lib/docker/overlay2/7555f9b18615244719d04b23296ba418195e5e569d47baf9f1da7c3f053fe194/diff:/var/lib/docker/overlay2/7752eb17f8f8ba44a5ed178f499901fa7eb6f2e031c29ab160ee4eff4db8edaa/diff:/var/lib/docker/overlay2/9683de8b3733106f256bd0eabc7cae13623b14493b9212e863449d42b8a87390/diff:/var/lib/docker/overlay2/f5e28e407d8811526fb7dd82e4fed08d5d3124c0f22f1a9496ed27b2b457d3dd/diff:/var/lib/docker/overlay2/e2980c91c6b3331cff3994ca6f327955bb5feaef0f96bc64edce80631fdbf829/diff","MergedDir":"/var/lib/docker/overlay2/05794d51525f65619c615558ef5f93d7c33eef44e12313fdcb3942911d0b5f7d/merged","UpperDir":"/var/lib/docker/overlay2/05794d51525f65619c615558ef5f93d7c33eef44e12313fdcb3942911d0b5f7d/diff","WorkDir":"/var/lib/docker/overlay2/05794d51525f65619c615558ef5f93d7c33eef44e12313fdcb3942911d0b5f7d/work"},"Name":"overlay2"},"Mounts":[{"Type":"volume","Name":"fe29345a30f82a1c969c40b069133e9d87168ce95967d67ac182ee42c059affb","Source":"/var/lib/docker/volumes/fe29345a30f82a1c969c40b069133e9d87168ce95967d67ac182ee42c059affb/_data","Destination":"/var/lib/mysql","Driver":"local","Mode":"","RW":true,"Propagation":""}],"Config":{"Hostname":"b4fc7afd9745","Domainname":"","User":"","AttachStdin":false,"AttachStdout":false,"AttachStderr":false,"ExposedPorts":{"3306/tcp":{},"33060/tcp":{}},"Tty":false,"OpenStdin":false,"StdinOnce":false,"Env":["MYSQL_DATABASE=adm_videos","MYSQL_PASSWORD=123456","MYSQL_ROOT_PASSWORD=123456","PATH=/usr/local/sbin:/usr/local/bin:/usr/sbin:/usr/bin:/sbin:/bin","GOSU_VERSION=1.14","MYSQL_MAJOR=8.0","MYSQL_VERSION=8.0.31-1.el8","MYSQL_SHELL_VERSION=8.0.31-1.el8"],"Cmd":["mysqld"],"Image":"mysql:latest","Volumes":{"/var/lib/mysql":{}},"WorkingDir":"","Entrypoint":["docker-entrypoint.sh"],"OnBuild":null,"Labels":{"org.testcontainers":"true","org.testcontainers.sessionId":"cdd139c9-cde1-4429-bea7-edb0e651ba16"}},"NetworkSettings":{"Bridge":"","SandboxID":"8404ec7d59006489fa5b6638879180586e9aa24c1c3ae79d40e26a8f453c93b1","HairpinMode":false,"LinkLocalIPv6Address":"","LinkLocalIPv6PrefixLen":0,"Ports":{"3306/tcp":[{"HostIp":"0.0.0.0","HostPort":"49156"},{"HostIp":"::","HostPort":"49156"}],"33060/tcp":null},"SandboxKey":"/var/run/docker/netns/8404ec7d5900","SecondaryIPAddresses":null,"SecondaryIPv6Addresses":null,"EndpointID":"28c851b70d88131a783e3d87b7c50320df5f3250ebca621b1b39353a2424212a","Gateway":"172.17.0.1","GlobalIPv6Address":"","GlobalIPv6PrefixLen":0,"IPAddress":"172.17.0.3","IPPrefixLen":16,"IPv6Gateway":"","MacAddress":"02:42:ac:11:00:03","Networks":{"bridge":{"IPAMConfig":null,"Links":null,"Aliases":null,"NetworkID":"bf06afe94eca8b5ab91eae0dbaa8561a6dd16832d429dcdbaa7ed1e003cfbe56","EndpointID":"28c851b70d88131a783e3d87b7c50320df5f3250ebca621b1b39353a2424212a","Gateway":"172.17.0.1","IPAddress":"172.17.0.3","IPPrefixLen":16,"IPv6Gateway":"","GlobalIPv6Address":"","GlobalIPv6PrefixLen":0,"MacAddress":"02:42:ac:11:00:03","DriverOpts":null}}}}[\n]"
18:30:13.102 [Test worker] DEBUG com.github.dockerjava.zerodep.shaded.org.apache.hc.client5.http.wire - http-outgoing-1 << "[\r][\n]"
18:30:13.102 [Test worker] DEBUG com.github.dockerjava.zerodep.shaded.org.apache.hc.client5.http.wire - http-outgoing-1 << "0[\r][\n]"
18:30:13.102 [Test worker] DEBUG com.github.dockerjava.zerodep.shaded.org.apache.hc.client5.http.wire - http-outgoing-1 << "[\r][\n]"
18:30:13.104 [Test worker] DEBUG com.github.dockerjava.zerodep.shaded.org.apache.hc.client5.http.headers - http-outgoing-1 << HTTP/1.1 200 OK
18:30:13.104 [Test worker] DEBUG com.github.dockerjava.zerodep.shaded.org.apache.hc.client5.http.headers - http-outgoing-1 << Api-Version: 1.41
18:30:13.104 [Test worker] DEBUG com.github.dockerjava.zerodep.shaded.org.apache.hc.client5.http.headers - http-outgoing-1 << Content-Type: application/json
18:30:13.104 [Test worker] DEBUG com.github.dockerjava.zerodep.shaded.org.apache.hc.client5.http.headers - http-outgoing-1 << Docker-Experimental: false
18:30:13.105 [Test worker] DEBUG com.github.dockerjava.zerodep.shaded.org.apache.hc.client5.http.headers - http-outgoing-1 << Ostype: linux
18:30:13.105 [Test worker] DEBUG com.github.dockerjava.zerodep.shaded.org.apache.hc.client5.http.headers - http-outgoing-1 << Server: Docker/20.10.17 (linux)
18:30:13.105 [Test worker] DEBUG com.github.dockerjava.zerodep.shaded.org.apache.hc.client5.http.headers - http-outgoing-1 << Date: Thu, 08 Dec 2022 21:30:13 GMT
18:30:13.105 [Test worker] DEBUG com.github.dockerjava.zerodep.shaded.org.apache.hc.client5.http.headers - http-outgoing-1 << Transfer-Encoding: chunked
18:30:13.105 [Test worker] DEBUG com.github.dockerjava.zerodep.shaded.org.apache.hc.client5.http.impl.classic.MainClientExec - ex-00000011: connection can be kept alive for 3 MINUTES
18:30:13.108 [Test worker] DEBUG com.github.dockerjava.zerodep.shaded.org.apache.hc.client5.http.impl.classic.InternalHttpClient - ep-00000010: releasing valid endpoint
18:30:13.108 [Test worker] DEBUG com.github.dockerjava.zerodep.shaded.org.apache.hc.client5.http.impl.io.PoolingHttpClientConnectionManager - ep-00000010: releasing endpoint
18:30:13.108 [Test worker] DEBUG com.github.dockerjava.zerodep.shaded.org.apache.hc.client5.http.impl.io.PoolingHttpClientConnectionManager - ep-00000010: connection http-outgoing-1 can be kept alive for 3 MINUTES
18:30:13.108 [Test worker] DEBUG com.github.dockerjava.zerodep.shaded.org.apache.hc.client5.http.impl.io.PoolingHttpClientConnectionManager - ep-00000010: connection released [route: {}->unix://localhost:2375][total available: 1; route allocated: 1 of 2147483647; total allocated: 1 of 2147483647]
18:30:13.109 [Test worker] DEBUG ]]>&#x1f433;<![CDATA[ [mysql:latest] - Trying to create JDBC connection using com.mysql.cj.jdbc.Driver to jdbc:mysql://localhost:49156/adm_videos?useSSL=false&allowPublicKeyRetrieval=true with properties: {password=123456, user=root}
18:30:13.213 [Test worker] DEBUG org.testcontainers.shaded.com.github.dockerjava.core.command.AbstrDockerCmd - Cmd: b4fc7afd97457a2a6ec84592488a57f900fa52ed03fcd2dbaf8a116bc1f50ab3,false
18:30:13.214 [Test worker] DEBUG org.testcontainers.shaded.com.github.dockerjava.core.exec.InspectContainerCmdExec - GET: DefaultWebTarget{path=[/containers/b4fc7afd97457a2a6ec84592488a57f900fa52ed03fcd2dbaf8a116bc1f50ab3/json], queryParams={}}
18:30:13.214 [Test worker] DEBUG com.github.dockerjava.zerodep.shaded.org.apache.hc.client5.http.impl.classic.InternalHttpClient - ex-00000012: preparing request execution
18:30:13.214 [Test worker] DEBUG com.github.dockerjava.zerodep.shaded.org.apache.hc.client5.http.protocol.RequestAddCookies - Cookie spec selected: strict
18:30:13.214 [Test worker] DEBUG com.github.dockerjava.zerodep.shaded.org.apache.hc.client5.http.protocol.RequestAuthCache - Auth cache not set in the context
18:30:13.214 [Test worker] DEBUG com.github.dockerjava.zerodep.shaded.org.apache.hc.client5.http.impl.classic.ProtocolExec - ex-00000012: target auth state: UNCHALLENGED
18:30:13.214 [Test worker] DEBUG com.github.dockerjava.zerodep.shaded.org.apache.hc.client5.http.impl.classic.ProtocolExec - ex-00000012: proxy auth state: UNCHALLENGED
18:30:13.214 [Test worker] DEBUG com.github.dockerjava.zerodep.shaded.org.apache.hc.client5.http.impl.classic.ConnectExec - ex-00000012: acquiring connection with route {}->unix://localhost:2375
18:30:13.214 [Test worker] DEBUG com.github.dockerjava.zerodep.shaded.org.apache.hc.client5.http.impl.classic.InternalHttpClient - ex-00000012: acquiring endpoint (3 MINUTES)
18:30:13.215 [Test worker] DEBUG com.github.dockerjava.zerodep.shaded.org.apache.hc.client5.http.impl.io.PoolingHttpClientConnectionManager - ex-00000012: endpoint lease request (3 MINUTES) [route: {}->unix://localhost:2375][total available: 1; route allocated: 1 of 2147483647; total allocated: 1 of 2147483647]
18:30:13.215 [Test worker] DEBUG com.github.dockerjava.zerodep.shaded.org.apache.hc.client5.http.impl.io.PoolingHttpClientConnectionManager - ex-00000012: endpoint leased [route: {}->unix://localhost:2375][total available: 0; route allocated: 1 of 2147483647; total allocated: 1 of 2147483647]
18:30:13.215 [Test worker] DEBUG com.github.dockerjava.zerodep.shaded.org.apache.hc.client5.http.impl.io.PoolingHttpClientConnectionManager - ex-00000012: acquired ep-00000011
18:30:13.215 [Test worker] DEBUG com.github.dockerjava.zerodep.shaded.org.apache.hc.client5.http.impl.classic.InternalHttpClient - ex-00000012: acquired endpoint ep-00000011
18:30:13.215 [Test worker] DEBUG com.github.dockerjava.zerodep.shaded.org.apache.hc.client5.http.impl.classic.MainClientExec - ex-00000012: executing GET /v1.32/containers/b4fc7afd97457a2a6ec84592488a57f900fa52ed03fcd2dbaf8a116bc1f50ab3/json HTTP/1.1
18:30:13.215 [Test worker] DEBUG com.github.dockerjava.zerodep.shaded.org.apache.hc.client5.http.impl.classic.InternalHttpClient - ep-00000011: start execution ex-00000012
18:30:13.215 [Test worker] DEBUG com.github.dockerjava.zerodep.shaded.org.apache.hc.client5.http.impl.io.PoolingHttpClientConnectionManager - ep-00000011: executing exchange ex-00000012 over http-outgoing-1
18:30:13.215 [Test worker] DEBUG com.github.dockerjava.zerodep.shaded.org.apache.hc.client5.http.headers - http-outgoing-1 >> GET /v1.32/containers/b4fc7afd97457a2a6ec84592488a57f900fa52ed03fcd2dbaf8a116bc1f50ab3/json HTTP/1.1
18:30:13.215 [Test worker] DEBUG com.github.dockerjava.zerodep.shaded.org.apache.hc.client5.http.headers - http-outgoing-1 >> accept: application/json
18:30:13.215 [Test worker] DEBUG com.github.dockerjava.zerodep.shaded.org.apache.hc.client5.http.headers - http-outgoing-1 >> x-tc-sid: cdd139c9-cde1-4429-bea7-edb0e651ba16
18:30:13.215 [Test worker] DEBUG com.github.dockerjava.zerodep.shaded.org.apache.hc.client5.http.headers - http-outgoing-1 >> Accept-Encoding: gzip, x-gzip, deflate
18:30:13.215 [Test worker] DEBUG com.github.dockerjava.zerodep.shaded.org.apache.hc.client5.http.headers - http-outgoing-1 >> Host: localhost:2375
18:30:13.215 [Test worker] DEBUG com.github.dockerjava.zerodep.shaded.org.apache.hc.client5.http.headers - http-outgoing-1 >> Connection: keep-alive
18:30:13.215 [Test worker] DEBUG com.github.dockerjava.zerodep.shaded.org.apache.hc.client5.http.headers - http-outgoing-1 >> User-Agent: Apache-HttpClient/5.0.3 (Java/17.0.2)
18:30:13.215 [Test worker] DEBUG com.github.dockerjava.zerodep.shaded.org.apache.hc.client5.http.wire - http-outgoing-1 >> "GET /v1.32/containers/b4fc7afd97457a2a6ec84592488a57f900fa52ed03fcd2dbaf8a116bc1f50ab3/json HTTP/1.1[\r][\n]"
18:30:13.216 [Test worker] DEBUG com.github.dockerjava.zerodep.shaded.org.apache.hc.client5.http.wire - http-outgoing-1 >> "accept: application/json[\r][\n]"
18:30:13.216 [Test worker] DEBUG com.github.dockerjava.zerodep.shaded.org.apache.hc.client5.http.wire - http-outgoing-1 >> "x-tc-sid: cdd139c9-cde1-4429-bea7-edb0e651ba16[\r][\n]"
18:30:13.216 [Test worker] DEBUG com.github.dockerjava.zerodep.shaded.org.apache.hc.client5.http.wire - http-outgoing-1 >> "Accept-Encoding: gzip, x-gzip, deflate[\r][\n]"
18:30:13.216 [Test worker] DEBUG com.github.dockerjava.zerodep.shaded.org.apache.hc.client5.http.wire - http-outgoing-1 >> "Host: localhost:2375[\r][\n]"
18:30:13.216 [Test worker] DEBUG com.github.dockerjava.zerodep.shaded.org.apache.hc.client5.http.wire - http-outgoing-1 >> "Connection: keep-alive[\r][\n]"
18:30:13.216 [Test worker] DEBUG com.github.dockerjava.zerodep.shaded.org.apache.hc.client5.http.wire - http-outgoing-1 >> "User-Agent: Apache-HttpClient/5.0.3 (Java/17.0.2)[\r][\n]"
18:30:13.216 [Test worker] DEBUG com.github.dockerjava.zerodep.shaded.org.apache.hc.client5.http.wire - http-outgoing-1 >> "[\r][\n]"
18:30:13.216 [Test worker] DEBUG com.github.dockerjava.zerodep.shaded.org.apache.hc.client5.http.wire - http-outgoing-1 << "HTTP/1.1 200 OK[\r][\n]"
18:30:13.216 [Test worker] DEBUG com.github.dockerjava.zerodep.shaded.org.apache.hc.client5.http.wire - http-outgoing-1 << "Api-Version: 1.41[\r][\n]"
18:30:13.216 [Test worker] DEBUG com.github.dockerjava.zerodep.shaded.org.apache.hc.client5.http.wire - http-outgoing-1 << "Content-Type: application/json[\r][\n]"
18:30:13.216 [Test worker] DEBUG com.github.dockerjava.zerodep.shaded.org.apache.hc.client5.http.wire - http-outgoing-1 << "Docker-Experimental: false[\r][\n]"
18:30:13.216 [Test worker] DEBUG com.github.dockerjava.zerodep.shaded.org.apache.hc.client5.http.wire - http-outgoing-1 << "Ostype: linux[\r][\n]"
18:30:13.216 [Test worker] DEBUG com.github.dockerjava.zerodep.shaded.org.apache.hc.client5.http.wire - http-outgoing-1 << "Server: Docker/20.10.17 (linux)[\r][\n]"
18:30:13.216 [Test worker] DEBUG com.github.dockerjava.zerodep.shaded.org.apache.hc.client5.http.wire - http-outgoing-1 << "Date: Thu, 08 Dec 2022 21:30:13 GMT[\r][\n]"
18:30:13.216 [Test worker] DEBUG com.github.dockerjava.zerodep.shaded.org.apache.hc.client5.http.wire - http-outgoing-1 << "Transfer-Encoding: chunked[\r][\n]"
18:30:13.216 [Test worker] DEBUG com.github.dockerjava.zerodep.shaded.org.apache.hc.client5.http.wire - http-outgoing-1 << "[\r][\n]"
18:30:13.216 [Test worker] DEBUG com.github.dockerjava.zerodep.shaded.org.apache.hc.client5.http.wire - http-outgoing-1 << "18a6[\r][\n]"
18:30:13.216 [Test worker] DEBUG com.github.dockerjava.zerodep.shaded.org.apache.hc.client5.http.wire - http-outgoing-1 << "{"Id":"b4fc7afd97457a2a6ec84592488a57f900fa52ed03fcd2dbaf8a116bc1f50ab3","Created":"2022-12-08T21:30:11.801619537Z","Path":"docker-entrypoint.sh","Args":["mysqld"],"State":{"Status":"running","Running":true,"Paused":false,"Restarting":false,"OOMKilled":false,"Dead":false,"Pid":148084,"ExitCode":0,"Error":"","StartedAt":"2022-12-08T21:30:12.370762583Z","FinishedAt":"0001-01-01T00:00:00Z"},"Image":"sha256:7484689f290f1defe06b65befc54cb6ad91a667cf0af59a265ffe76c46bd0478","ResolvConfPath":"/var/lib/docker/containers/b4fc7afd97457a2a6ec84592488a57f900fa52ed03fcd2dbaf8a116bc1f50ab3/resolv.conf","HostnamePath":"/var/lib/docker/containers/b4fc7afd97457a2a6ec84592488a57f900fa52ed03fcd2dbaf8a116bc1f50ab3/hostname","HostsPath":"/var/lib/docker/containers/b4fc7afd97457a2a6ec84592488a57f900fa52ed03fcd2dbaf8a116bc1f50ab3/hosts","LogPath":"/var/lib/docker/containers/b4fc7afd97457a2a6ec84592488a57f900fa52ed03fcd2dbaf8a116bc1f50ab3/b4fc7afd97457a2a6ec84592488a57f900fa52ed03fcd2dbaf8a116bc1f50ab3-json.log","Name":"/agitated_ptolemy","RestartCount":0,"Driver":"overlay2","Platform":"linux","MountLabel":"","ProcessLabel":"","AppArmorProfile":"docker-default","ExecIDs":null,"HostConfig":{"Binds":[],"ContainerIDFile":"","LogConfig":{"Type":"json-file","Config":{}},"NetworkMode":"default","PortBindings":{"3306/tcp":[{"HostIp":"","HostPort":""}]},"RestartPolicy":{"Name":"","MaximumRetryCount":0},"AutoRemove":false,"VolumeDriver":"","VolumesFrom":[],"CapAdd":null,"CapDrop":null,"CgroupnsMode":"private","Dns":null,"DnsOptions":null,"DnsSearch":null,"ExtraHosts":[],"GroupAdd":null,"IpcMode":"shareable","Cgroup":"","Links":null,"OomScoreAdj":0,"PidMode":"","Privileged":false,"PublishAllPorts":false,"ReadonlyRootfs":false,"SecurityOpt":null,"UTSMode":"","UsernsMode":"","ShmSize":67108864,"Runtime":"runc","ConsoleSize":[0,0],"Isolation":"","CpuShares":0,"Memory":0,"NanoCpus":0,"CgroupParent":"","BlkioWeight":0,"BlkioWeightDevice":null,"BlkioDeviceReadBps":null,"BlkioDeviceWriteBps":null,"BlkioDeviceReadIOps":null,"BlkioDeviceWriteIOps":null,"CpuPeriod":0,"CpuQuota":0,"CpuRealtimePeriod":0,"CpuRealtimeRuntime":0,"CpusetCpus":"","CpusetMems":"","Devices":null,"DeviceCgroupRules":null,"DeviceRequests":null,"KernelMemory":0,"KernelMemoryTCP":0,"MemoryReservation":0,"MemorySwap":0,"MemorySwappiness":null,"OomKillDisable":null,"PidsLimit":null,"Ulimits":null,"CpuCount":0,"CpuPercent":0,"IOMaximumIOps":0,"IOMaximumBandwidth":0,"MaskedPaths":["/proc/asound","/proc/acpi","/proc/kcore","/proc/keys","/proc/latency_stats","/proc/timer_list","/proc/timer_stats","/proc/sched_debug","/proc/scsi","/sys/firmware"],"ReadonlyPaths":["/proc/bus","/proc/fs","/proc/irq","/proc/sys","/proc/sysrq-trigger"]},"GraphDriver":{"Data":{"LowerDir":"/var/lib/docker/overlay2/05794d51525f65619c615558ef5f93d7c33eef44e12313fdcb3942911d0b5f7d-init/diff:/var/lib/docker/overlay2/f079a69cfd5e80e906b12f05a0c7bfaabc56ce63e947db68b722ae30905f1239/diff:/var/lib/docker/overlay2/9dfb63d6bb556846a13012421dde7951ef83a14d8ce1882287cce66f0f9bd055/diff:/var/lib/docker/overlay2/c4f8874ae33ddd14488f5051cd953acc020fa00ea72d28bd530450c0bc8f9903/diff:/var/lib/docker/overlay2/992683766b46aa5653160e6a34283b579a75000e230890d0ec0a6204af735697/diff:/var/lib/docker/overlay2/6e3fba0e1d6501c91c9bec723bb1364f75599c6c2026a6dc71773c88a49f890a/diff:/var/lib/docker/overlay2/c6c2a366f45a69704761d45d296d71bf2bf315efb15cb06ad88925ed235fad81/diff:/var/lib/docker/overlay2/7555f9b18615244719d04b23296ba418195e5e569d47baf9f1da7c3f053fe194/diff:/var/lib/docker/overlay2/7752eb17f8f8ba44a5ed178f499901fa7eb6f2e031c29ab160ee4eff4db8edaa/diff:/var/lib/docker/overlay2/9683de8b3733106f256bd0eabc7cae13623b14493b9212e863449d42b8a87390/diff:/var/lib/docker/overlay2/f5e28e407d8811526fb7dd82e4fed08d5d3124c0f22f1a9496ed27b2b457d3dd/diff:/var/lib/docker/overlay2/e2980c91c6b3331cff3994ca6f327955bb5feaef0f96bc64edce80631fdbf829/diff","MergedDir":"/var/lib/docker/overlay2/05794d51525f65619c615558ef5f93d7c33eef44e12313fdcb3942911d0b5f7d/merged","UpperDir":"/var/lib/docker/overlay2/05794d51525f65619c615558ef5f93d7c33eef44e12313fdcb3942911d0b5f7d/diff","WorkDir":"/var/lib/docker/overlay2/05794d51525f65619c615558ef5f93d7c33eef44e12313fdcb3942911d0b5f7d/work"},"Name":"overlay2"},"Mounts":[{"Type":"volume","Name":"fe29345a30f82a1c969c40b069133e9d87168ce95967d67ac182ee42c059affb","Source":"/var/lib/docker/volumes/fe29345a30f82a1c969c40b069133e9d87168ce95967d67ac182ee42c059affb/_data","Destination":"/var/lib/mysql","Driver":"local","Mode":"","RW":true,"Propagation":""}],"Config":{"Hostname":"b4fc7afd9745","Domainname":"","User":"","AttachStdin":false,"AttachStdout":false,"AttachStderr":false,"ExposedPorts":{"3306/tcp":{},"33060/tcp":{}},"Tty":false,"OpenStdin":false,"StdinOnce":false,"Env":["MYSQL_DATABASE=adm_videos","MYSQL_PASSWORD=123456","MYSQL_ROOT_PASSWORD=123456","PATH=/usr/local/sbin:/usr/local/bin:/usr/sbin:/usr/bin:/sbin:/bin","GOSU_VERSION=1.14","MYSQL_MAJOR=8.0","MYSQL_VERSION=8.0.31-1.el8","MYSQL_SHELL_VERSION=8.0.31-1.el8"],"Cmd":["mysqld"],"Image":"mysql:latest","Volumes":{"/var/lib/mysql":{}},"WorkingDir":"","Entrypoint":["docker-entrypoint.sh"],"OnBuild":null,"Labels":{"org.testcontainers":"true","org.testcontainers.sessionId":"cdd139c9-cde1-4429-bea7-edb0e651ba16"}},"NetworkSettings":{"Bridge":"","SandboxID":"8404ec7d59006489fa5b6638879180586e9aa24c1c3ae79d40e26a8f453c93b1","HairpinMode":false,"LinkLocalIPv6Address":"","LinkLocalIPv6PrefixLen":0,"Ports":{"3306/tcp":[{"HostIp":"0.0.0.0","HostPort":"49156"},{"HostIp":"::","HostPort":"49156"}],"33060/tcp":null},"SandboxKey":"/var/run/docker/netns/8404ec7d5900","SecondaryIPAddresses":null,"SecondaryIPv6Addresses":null,"EndpointID":"28c851b70d88131a783e3d87b7c50320df5f3250ebca621b1b39353a2424212a","Gateway":"172.17.0.1","GlobalIPv6Address":"","GlobalIPv6PrefixLen":0,"IPAddress":"172.17.0.3","IPPrefixLen":16,"IPv6Gateway":"","MacAddress":"02:42:ac:11:00:03","Networks":{"bridge":{"IPAMConfig":null,"Links":null,"Aliases":null,"NetworkID":"bf06afe94eca8b5ab91eae0dbaa8561a6dd16832d429dcdbaa7ed1e003cfbe56","EndpointID":"28c851b70d88131a783e3d87b7c50320df5f3250ebca621b1b39353a2424212a","Gateway":"172.17.0.1","IPAddress":"172.17.0.3","IPPrefixLen":16,"IPv6Gateway":"","GlobalIPv6Address":"","GlobalIPv6PrefixLen":0,"MacAddress":"02:42:ac:11:00:03","DriverOpts":null}}}}[\n]"
18:30:13.216 [Test worker] DEBUG com.github.dockerjava.zerodep.shaded.org.apache.hc.client5.http.wire - http-outgoing-1 << "[\r][\n]"
18:30:13.216 [Test worker] DEBUG com.github.dockerjava.zerodep.shaded.org.apache.hc.client5.http.wire - http-outgoing-1 << "0[\r][\n]"
18:30:13.216 [Test worker] DEBUG com.github.dockerjava.zerodep.shaded.org.apache.hc.client5.http.wire - http-outgoing-1 << "[\r][\n]"
18:30:13.216 [Test worker] DEBUG com.github.dockerjava.zerodep.shaded.org.apache.hc.client5.http.headers - http-outgoing-1 << HTTP/1.1 200 OK
18:30:13.216 [Test worker] DEBUG com.github.dockerjava.zerodep.shaded.org.apache.hc.client5.http.headers - http-outgoing-1 << Api-Version: 1.41
18:30:13.216 [Test worker] DEBUG com.github.dockerjava.zerodep.shaded.org.apache.hc.client5.http.headers - http-outgoing-1 << Content-Type: application/json
18:30:13.216 [Test worker] DEBUG com.github.dockerjava.zerodep.shaded.org.apache.hc.client5.http.headers - http-outgoing-1 << Docker-Experimental: false
18:30:13.216 [Test worker] DEBUG com.github.dockerjava.zerodep.shaded.org.apache.hc.client5.http.headers - http-outgoing-1 << Ostype: linux
18:30:13.216 [Test worker] DEBUG com.github.dockerjava.zerodep.shaded.org.apache.hc.client5.http.headers - http-outgoing-1 << Server: Docker/20.10.17 (linux)
18:30:13.216 [Test worker] DEBUG com.github.dockerjava.zerodep.shaded.org.apache.hc.client5.http.headers - http-outgoing-1 << Date: Thu, 08 Dec 2022 21:30:13 GMT
18:30:13.216 [Test worker] DEBUG com.github.dockerjava.zerodep.shaded.org.apache.hc.client5.http.headers - http-outgoing-1 << Transfer-Encoding: chunked
18:30:13.217 [Test worker] DEBUG com.github.dockerjava.zerodep.shaded.org.apache.hc.client5.http.impl.classic.MainClientExec - ex-00000012: connection can be kept alive for 3 MINUTES
18:30:13.218 [Test worker] DEBUG com.github.dockerjava.zerodep.shaded.org.apache.hc.client5.http.impl.classic.InternalHttpClient - ep-00000011: releasing valid endpoint
18:30:13.218 [Test worker] DEBUG com.github.dockerjava.zerodep.shaded.org.apache.hc.client5.http.impl.io.PoolingHttpClientConnectionManager - ep-00000011: releasing endpoint
18:30:13.218 [Test worker] DEBUG com.github.dockerjava.zerodep.shaded.org.apache.hc.client5.http.impl.io.PoolingHttpClientConnectionManager - ep-00000011: connection http-outgoing-1 can be kept alive for 3 MINUTES
18:30:13.218 [Test worker] DEBUG com.github.dockerjava.zerodep.shaded.org.apache.hc.client5.http.impl.io.PoolingHttpClientConnectionManager - ep-00000011: connection released [route: {}->unix://localhost:2375][total available: 1; route allocated: 1 of 2147483647; total allocated: 1 of 2147483647]
18:30:13.218 [Test worker] DEBUG ]]>&#x1f433;<![CDATA[ [mysql:latest] - Trying to create JDBC connection using com.mysql.cj.jdbc.Driver to jdbc:mysql://localhost:49156/adm_videos?useSSL=false&allowPublicKeyRetrieval=true with properties: {password=123456, user=root}
18:30:13.320 [Test worker] DEBUG org.testcontainers.shaded.com.github.dockerjava.core.command.AbstrDockerCmd - Cmd: b4fc7afd97457a2a6ec84592488a57f900fa52ed03fcd2dbaf8a116bc1f50ab3,false
18:30:13.320 [Test worker] DEBUG org.testcontainers.shaded.com.github.dockerjava.core.exec.InspectContainerCmdExec - GET: DefaultWebTarget{path=[/containers/b4fc7afd97457a2a6ec84592488a57f900fa52ed03fcd2dbaf8a116bc1f50ab3/json], queryParams={}}
18:30:13.321 [Test worker] DEBUG com.github.dockerjava.zerodep.shaded.org.apache.hc.client5.http.impl.classic.InternalHttpClient - ex-00000013: preparing request execution
18:30:13.321 [Test worker] DEBUG com.github.dockerjava.zerodep.shaded.org.apache.hc.client5.http.protocol.RequestAddCookies - Cookie spec selected: strict
18:30:13.321 [Test worker] DEBUG com.github.dockerjava.zerodep.shaded.org.apache.hc.client5.http.protocol.RequestAuthCache - Auth cache not set in the context
18:30:13.321 [Test worker] DEBUG com.github.dockerjava.zerodep.shaded.org.apache.hc.client5.http.impl.classic.ProtocolExec - ex-00000013: target auth state: UNCHALLENGED
18:30:13.321 [Test worker] DEBUG com.github.dockerjava.zerodep.shaded.org.apache.hc.client5.http.impl.classic.ProtocolExec - ex-00000013: proxy auth state: UNCHALLENGED
18:30:13.321 [Test worker] DEBUG com.github.dockerjava.zerodep.shaded.org.apache.hc.client5.http.impl.classic.ConnectExec - ex-00000013: acquiring connection with route {}->unix://localhost:2375
18:30:13.321 [Test worker] DEBUG com.github.dockerjava.zerodep.shaded.org.apache.hc.client5.http.impl.classic.InternalHttpClient - ex-00000013: acquiring endpoint (3 MINUTES)
18:30:13.321 [Test worker] DEBUG com.github.dockerjava.zerodep.shaded.org.apache.hc.client5.http.impl.io.PoolingHttpClientConnectionManager - ex-00000013: endpoint lease request (3 MINUTES) [route: {}->unix://localhost:2375][total available: 1; route allocated: 1 of 2147483647; total allocated: 1 of 2147483647]
18:30:13.321 [Test worker] DEBUG com.github.dockerjava.zerodep.shaded.org.apache.hc.client5.http.impl.io.PoolingHttpClientConnectionManager - ex-00000013: endpoint leased [route: {}->unix://localhost:2375][total available: 0; route allocated: 1 of 2147483647; total allocated: 1 of 2147483647]
18:30:13.321 [Test worker] DEBUG com.github.dockerjava.zerodep.shaded.org.apache.hc.client5.http.impl.io.PoolingHttpClientConnectionManager - ex-00000013: acquired ep-00000012
18:30:13.321 [Test worker] DEBUG com.github.dockerjava.zerodep.shaded.org.apache.hc.client5.http.impl.classic.InternalHttpClient - ex-00000013: acquired endpoint ep-00000012
18:30:13.321 [Test worker] DEBUG com.github.dockerjava.zerodep.shaded.org.apache.hc.client5.http.impl.classic.MainClientExec - ex-00000013: executing GET /v1.32/containers/b4fc7afd97457a2a6ec84592488a57f900fa52ed03fcd2dbaf8a116bc1f50ab3/json HTTP/1.1
18:30:13.321 [Test worker] DEBUG com.github.dockerjava.zerodep.shaded.org.apache.hc.client5.http.impl.classic.InternalHttpClient - ep-00000012: start execution ex-00000013
18:30:13.321 [Test worker] DEBUG com.github.dockerjava.zerodep.shaded.org.apache.hc.client5.http.impl.io.PoolingHttpClientConnectionManager - ep-00000012: executing exchange ex-00000013 over http-outgoing-1
18:30:13.321 [Test worker] DEBUG com.github.dockerjava.zerodep.shaded.org.apache.hc.client5.http.headers - http-outgoing-1 >> GET /v1.32/containers/b4fc7afd97457a2a6ec84592488a57f900fa52ed03fcd2dbaf8a116bc1f50ab3/json HTTP/1.1
18:30:13.321 [Test worker] DEBUG com.github.dockerjava.zerodep.shaded.org.apache.hc.client5.http.headers - http-outgoing-1 >> accept: application/json
18:30:13.321 [Test worker] DEBUG com.github.dockerjava.zerodep.shaded.org.apache.hc.client5.http.headers - http-outgoing-1 >> x-tc-sid: cdd139c9-cde1-4429-bea7-edb0e651ba16
18:30:13.321 [Test worker] DEBUG com.github.dockerjava.zerodep.shaded.org.apache.hc.client5.http.headers - http-outgoing-1 >> Accept-Encoding: gzip, x-gzip, deflate
18:30:13.321 [Test worker] DEBUG com.github.dockerjava.zerodep.shaded.org.apache.hc.client5.http.headers - http-outgoing-1 >> Host: localhost:2375
18:30:13.321 [Test worker] DEBUG com.github.dockerjava.zerodep.shaded.org.apache.hc.client5.http.headers - http-outgoing-1 >> Connection: keep-alive
18:30:13.321 [Test worker] DEBUG com.github.dockerjava.zerodep.shaded.org.apache.hc.client5.http.headers - http-outgoing-1 >> User-Agent: Apache-HttpClient/5.0.3 (Java/17.0.2)
18:30:13.321 [Test worker] DEBUG com.github.dockerjava.zerodep.shaded.org.apache.hc.client5.http.wire - http-outgoing-1 >> "GET /v1.32/containers/b4fc7afd97457a2a6ec84592488a57f900fa52ed03fcd2dbaf8a116bc1f50ab3/json HTTP/1.1[\r][\n]"
18:30:13.321 [Test worker] DEBUG com.github.dockerjava.zerodep.shaded.org.apache.hc.client5.http.wire - http-outgoing-1 >> "accept: application/json[\r][\n]"
18:30:13.321 [Test worker] DEBUG com.github.dockerjava.zerodep.shaded.org.apache.hc.client5.http.wire - http-outgoing-1 >> "x-tc-sid: cdd139c9-cde1-4429-bea7-edb0e651ba16[\r][\n]"
18:30:13.321 [Test worker] DEBUG com.github.dockerjava.zerodep.shaded.org.apache.hc.client5.http.wire - http-outgoing-1 >> "Accept-Encoding: gzip, x-gzip, deflate[\r][\n]"
18:30:13.321 [Test worker] DEBUG com.github.dockerjava.zerodep.shaded.org.apache.hc.client5.http.wire - http-outgoing-1 >> "Host: localhost:2375[\r][\n]"
18:30:13.321 [Test worker] DEBUG com.github.dockerjava.zerodep.shaded.org.apache.hc.client5.http.wire - http-outgoing-1 >> "Connection: keep-alive[\r][\n]"
18:30:13.321 [Test worker] DEBUG com.github.dockerjava.zerodep.shaded.org.apache.hc.client5.http.wire - http-outgoing-1 >> "User-Agent: Apache-HttpClient/5.0.3 (Java/17.0.2)[\r][\n]"
18:30:13.321 [Test worker] DEBUG com.github.dockerjava.zerodep.shaded.org.apache.hc.client5.http.wire - http-outgoing-1 >> "[\r][\n]"
18:30:13.322 [Test worker] DEBUG com.github.dockerjava.zerodep.shaded.org.apache.hc.client5.http.wire - http-outgoing-1 << "HTTP/1.1 200 OK[\r][\n]"
18:30:13.322 [Test worker] DEBUG com.github.dockerjava.zerodep.shaded.org.apache.hc.client5.http.wire - http-outgoing-1 << "Api-Version: 1.41[\r][\n]"
18:30:13.322 [Test worker] DEBUG com.github.dockerjava.zerodep.shaded.org.apache.hc.client5.http.wire - http-outgoing-1 << "Content-Type: application/json[\r][\n]"
18:30:13.322 [Test worker] DEBUG com.github.dockerjava.zerodep.shaded.org.apache.hc.client5.http.wire - http-outgoing-1 << "Docker-Experimental: false[\r][\n]"
18:30:13.322 [Test worker] DEBUG com.github.dockerjava.zerodep.shaded.org.apache.hc.client5.http.wire - http-outgoing-1 << "Ostype: linux[\r][\n]"
18:30:13.322 [Test worker] DEBUG com.github.dockerjava.zerodep.shaded.org.apache.hc.client5.http.wire - http-outgoing-1 << "Server: Docker/20.10.17 (linux)[\r][\n]"
18:30:13.322 [Test worker] DEBUG com.github.dockerjava.zerodep.shaded.org.apache.hc.client5.http.wire - http-outgoing-1 << "Date: Thu, 08 Dec 2022 21:30:13 GMT[\r][\n]"
18:30:13.322 [Test worker] DEBUG com.github.dockerjava.zerodep.shaded.org.apache.hc.client5.http.wire - http-outgoing-1 << "Transfer-Encoding: chunked[\r][\n]"
18:30:13.322 [Test worker] DEBUG com.github.dockerjava.zerodep.shaded.org.apache.hc.client5.http.wire - http-outgoing-1 << "[\r][\n]"
18:30:13.322 [Test worker] DEBUG com.github.dockerjava.zerodep.shaded.org.apache.hc.client5.http.wire - http-outgoing-1 << "18a6[\r][\n]"
18:30:13.322 [Test worker] DEBUG com.github.dockerjava.zerodep.shaded.org.apache.hc.client5.http.wire - http-outgoing-1 << "{"Id":"b4fc7afd97457a2a6ec84592488a57f900fa52ed03fcd2dbaf8a116bc1f50ab3","Created":"2022-12-08T21:30:11.801619537Z","Path":"docker-entrypoint.sh","Args":["mysqld"],"State":{"Status":"running","Running":true,"Paused":false,"Restarting":false,"OOMKilled":false,"Dead":false,"Pid":148084,"ExitCode":0,"Error":"","StartedAt":"2022-12-08T21:30:12.370762583Z","FinishedAt":"0001-01-01T00:00:00Z"},"Image":"sha256:7484689f290f1defe06b65befc54cb6ad91a667cf0af59a265ffe76c46bd0478","ResolvConfPath":"/var/lib/docker/containers/b4fc7afd97457a2a6ec84592488a57f900fa52ed03fcd2dbaf8a116bc1f50ab3/resolv.conf","HostnamePath":"/var/lib/docker/containers/b4fc7afd97457a2a6ec84592488a57f900fa52ed03fcd2dbaf8a116bc1f50ab3/hostname","HostsPath":"/var/lib/docker/containers/b4fc7afd97457a2a6ec84592488a57f900fa52ed03fcd2dbaf8a116bc1f50ab3/hosts","LogPath":"/var/lib/docker/containers/b4fc7afd97457a2a6ec84592488a57f900fa52ed03fcd2dbaf8a116bc1f50ab3/b4fc7afd97457a2a6ec84592488a57f900fa52ed03fcd2dbaf8a116bc1f50ab3-json.log","Name":"/agitated_ptolemy","RestartCount":0,"Driver":"overlay2","Platform":"linux","MountLabel":"","ProcessLabel":"","AppArmorProfile":"docker-default","ExecIDs":null,"HostConfig":{"Binds":[],"ContainerIDFile":"","LogConfig":{"Type":"json-file","Config":{}},"NetworkMode":"default","PortBindings":{"3306/tcp":[{"HostIp":"","HostPort":""}]},"RestartPolicy":{"Name":"","MaximumRetryCount":0},"AutoRemove":false,"VolumeDriver":"","VolumesFrom":[],"CapAdd":null,"CapDrop":null,"CgroupnsMode":"private","Dns":null,"DnsOptions":null,"DnsSearch":null,"ExtraHosts":[],"GroupAdd":null,"IpcMode":"shareable","Cgroup":"","Links":null,"OomScoreAdj":0,"PidMode":"","Privileged":false,"PublishAllPorts":false,"ReadonlyRootfs":false,"SecurityOpt":null,"UTSMode":"","UsernsMode":"","ShmSize":67108864,"Runtime":"runc","ConsoleSize":[0,0],"Isolation":"","CpuShares":0,"Memory":0,"NanoCpus":0,"CgroupParent":"","BlkioWeight":0,"BlkioWeightDevice":null,"BlkioDeviceReadBps":null,"BlkioDeviceWriteBps":null,"BlkioDeviceReadIOps":null,"BlkioDeviceWriteIOps":null,"CpuPeriod":0,"CpuQuota":0,"CpuRealtimePeriod":0,"CpuRealtimeRuntime":0,"CpusetCpus":"","CpusetMems":"","Devices":null,"DeviceCgroupRules":null,"DeviceRequests":null,"KernelMemory":0,"KernelMemoryTCP":0,"MemoryReservation":0,"MemorySwap":0,"MemorySwappiness":null,"OomKillDisable":null,"PidsLimit":null,"Ulimits":null,"CpuCount":0,"CpuPercent":0,"IOMaximumIOps":0,"IOMaximumBandwidth":0,"MaskedPaths":["/proc/asound","/proc/acpi","/proc/kcore","/proc/keys","/proc/latency_stats","/proc/timer_list","/proc/timer_stats","/proc/sched_debug","/proc/scsi","/sys/firmware"],"ReadonlyPaths":["/proc/bus","/proc/fs","/proc/irq","/proc/sys","/proc/sysrq-trigger"]},"GraphDriver":{"Data":{"LowerDir":"/var/lib/docker/overlay2/05794d51525f65619c615558ef5f93d7c33eef44e12313fdcb3942911d0b5f7d-init/diff:/var/lib/docker/overlay2/f079a69cfd5e80e906b12f05a0c7bfaabc56ce63e947db68b722ae30905f1239/diff:/var/lib/docker/overlay2/9dfb63d6bb556846a13012421dde7951ef83a14d8ce1882287cce66f0f9bd055/diff:/var/lib/docker/overlay2/c4f8874ae33ddd14488f5051cd953acc020fa00ea72d28bd530450c0bc8f9903/diff:/var/lib/docker/overlay2/992683766b46aa5653160e6a34283b579a75000e230890d0ec0a6204af735697/diff:/var/lib/docker/overlay2/6e3fba0e1d6501c91c9bec723bb1364f75599c6c2026a6dc71773c88a49f890a/diff:/var/lib/docker/overlay2/c6c2a366f45a69704761d45d296d71bf2bf315efb15cb06ad88925ed235fad81/diff:/var/lib/docker/overlay2/7555f9b18615244719d04b23296ba418195e5e569d47baf9f1da7c3f053fe194/diff:/var/lib/docker/overlay2/7752eb17f8f8ba44a5ed178f499901fa7eb6f2e031c29ab160ee4eff4db8edaa/diff:/var/lib/docker/overlay2/9683de8b3733106f256bd0eabc7cae13623b14493b9212e863449d42b8a87390/diff:/var/lib/docker/overlay2/f5e28e407d8811526fb7dd82e4fed08d5d3124c0f22f1a9496ed27b2b457d3dd/diff:/var/lib/docker/overlay2/e2980c91c6b3331cff3994ca6f327955bb5feaef0f96bc64edce80631fdbf829/diff","MergedDir":"/var/lib/docker/overlay2/05794d51525f65619c615558ef5f93d7c33eef44e12313fdcb3942911d0b5f7d/merged","UpperDir":"/var/lib/docker/overlay2/05794d51525f65619c615558ef5f93d7c33eef44e12313fdcb3942911d0b5f7d/diff","WorkDir":"/var/lib/docker/overlay2/05794d51525f65619c615558ef5f93d7c33eef44e12313fdcb3942911d0b5f7d/work"},"Name":"overlay2"},"Mounts":[{"Type":"volume","Name":"fe29345a30f82a1c969c40b069133e9d87168ce95967d67ac182ee42c059affb","Source":"/var/lib/docker/volumes/fe29345a30f82a1c969c40b069133e9d87168ce95967d67ac182ee42c059affb/_data","Destination":"/var/lib/mysql","Driver":"local","Mode":"","RW":true,"Propagation":""}],"Config":{"Hostname":"b4fc7afd9745","Domainname":"","User":"","AttachStdin":false,"AttachStdout":false,"AttachStderr":false,"ExposedPorts":{"3306/tcp":{},"33060/tcp":{}},"Tty":false,"OpenStdin":false,"StdinOnce":false,"Env":["MYSQL_DATABASE=adm_videos","MYSQL_PASSWORD=123456","MYSQL_ROOT_PASSWORD=123456","PATH=/usr/local/sbin:/usr/local/bin:/usr/sbin:/usr/bin:/sbin:/bin","GOSU_VERSION=1.14","MYSQL_MAJOR=8.0","MYSQL_VERSION=8.0.31-1.el8","MYSQL_SHELL_VERSION=8.0.31-1.el8"],"Cmd":["mysqld"],"Image":"mysql:latest","Volumes":{"/var/lib/mysql":{}},"WorkingDir":"","Entrypoint":["docker-entrypoint.sh"],"OnBuild":null,"Labels":{"org.testcontainers":"true","org.testcontainers.sessionId":"cdd139c9-cde1-4429-bea7-edb0e651ba16"}},"NetworkSettings":{"Bridge":"","SandboxID":"8404ec7d59006489fa5b6638879180586e9aa24c1c3ae79d40e26a8f453c93b1","HairpinMode":false,"LinkLocalIPv6Address":"","LinkLocalIPv6PrefixLen":0,"Ports":{"3306/tcp":[{"HostIp":"0.0.0.0","HostPort":"49156"},{"HostIp":"::","HostPort":"49156"}],"33060/tcp":null},"SandboxKey":"/var/run/docker/netns/8404ec7d5900","SecondaryIPAddresses":null,"SecondaryIPv6Addresses":null,"EndpointID":"28c851b70d88131a783e3d87b7c50320df5f3250ebca621b1b39353a2424212a","Gateway":"172.17.0.1","GlobalIPv6Address":"","GlobalIPv6PrefixLen":0,"IPAddress":"172.17.0.3","IPPrefixLen":16,"IPv6Gateway":"","MacAddress":"02:42:ac:11:00:03","Networks":{"bridge":{"IPAMConfig":null,"Links":null,"Aliases":null,"NetworkID":"bf06afe94eca8b5ab91eae0dbaa8561a6dd16832d429dcdbaa7ed1e003cfbe56","EndpointID":"28c851b70d88131a783e3d87b7c50320df5f3250ebca621b1b39353a2424212a","Gateway":"172.17.0.1","IPAddress":"172.17.0.3","IPPrefixLen":16,"IPv6Gateway":"","GlobalIPv6Address":"","GlobalIPv6PrefixLen":0,"MacAddress":"02:42:ac:11:00:03","DriverOpts":null}}}}[\n]"
18:30:13.322 [Test worker] DEBUG com.github.dockerjava.zerodep.shaded.org.apache.hc.client5.http.wire - http-outgoing-1 << "[\r][\n]"
18:30:13.322 [Test worker] DEBUG com.github.dockerjava.zerodep.shaded.org.apache.hc.client5.http.wire - http-outgoing-1 << "0[\r][\n]"
18:30:13.322 [Test worker] DEBUG com.github.dockerjava.zerodep.shaded.org.apache.hc.client5.http.wire - http-outgoing-1 << "[\r][\n]"
18:30:13.322 [Test worker] DEBUG com.github.dockerjava.zerodep.shaded.org.apache.hc.client5.http.headers - http-outgoing-1 << HTTP/1.1 200 OK
18:30:13.322 [Test worker] DEBUG com.github.dockerjava.zerodep.shaded.org.apache.hc.client5.http.headers - http-outgoing-1 << Api-Version: 1.41
18:30:13.323 [Test worker] DEBUG com.github.dockerjava.zerodep.shaded.org.apache.hc.client5.http.headers - http-outgoing-1 << Content-Type: application/json
18:30:13.323 [Test worker] DEBUG com.github.dockerjava.zerodep.shaded.org.apache.hc.client5.http.headers - http-outgoing-1 << Docker-Experimental: false
18:30:13.323 [Test worker] DEBUG com.github.dockerjava.zerodep.shaded.org.apache.hc.client5.http.headers - http-outgoing-1 << Ostype: linux
18:30:13.323 [Test worker] DEBUG com.github.dockerjava.zerodep.shaded.org.apache.hc.client5.http.headers - http-outgoing-1 << Server: Docker/20.10.17 (linux)
18:30:13.323 [Test worker] DEBUG com.github.dockerjava.zerodep.shaded.org.apache.hc.client5.http.headers - http-outgoing-1 << Date: Thu, 08 Dec 2022 21:30:13 GMT
18:30:13.323 [Test worker] DEBUG com.github.dockerjava.zerodep.shaded.org.apache.hc.client5.http.headers - http-outgoing-1 << Transfer-Encoding: chunked
18:30:13.323 [Test worker] DEBUG com.github.dockerjava.zerodep.shaded.org.apache.hc.client5.http.impl.classic.MainClientExec - ex-00000013: connection can be kept alive for 3 MINUTES
18:30:13.324 [Test worker] DEBUG com.github.dockerjava.zerodep.shaded.org.apache.hc.client5.http.impl.classic.InternalHttpClient - ep-00000012: releasing valid endpoint
18:30:13.324 [Test worker] DEBUG com.github.dockerjava.zerodep.shaded.org.apache.hc.client5.http.impl.io.PoolingHttpClientConnectionManager - ep-00000012: releasing endpoint
18:30:13.324 [Test worker] DEBUG com.github.dockerjava.zerodep.shaded.org.apache.hc.client5.http.impl.io.PoolingHttpClientConnectionManager - ep-00000012: connection http-outgoing-1 can be kept alive for 3 MINUTES
18:30:13.325 [Test worker] DEBUG com.github.dockerjava.zerodep.shaded.org.apache.hc.client5.http.impl.io.PoolingHttpClientConnectionManager - ep-00000012: connection released [route: {}->unix://localhost:2375][total available: 1; route allocated: 1 of 2147483647; total allocated: 1 of 2147483647]
18:30:13.325 [Test worker] DEBUG ]]>&#x1f433;<![CDATA[ [mysql:latest] - Trying to create JDBC connection using com.mysql.cj.jdbc.Driver to jdbc:mysql://localhost:49156/adm_videos?useSSL=false&allowPublicKeyRetrieval=true with properties: {password=123456, user=root}
18:30:13.429 [Test worker] DEBUG org.testcontainers.shaded.com.github.dockerjava.core.command.AbstrDockerCmd - Cmd: b4fc7afd97457a2a6ec84592488a57f900fa52ed03fcd2dbaf8a116bc1f50ab3,false
18:30:13.429 [Test worker] DEBUG org.testcontainers.shaded.com.github.dockerjava.core.exec.InspectContainerCmdExec - GET: DefaultWebTarget{path=[/containers/b4fc7afd97457a2a6ec84592488a57f900fa52ed03fcd2dbaf8a116bc1f50ab3/json], queryParams={}}
18:30:13.430 [Test worker] DEBUG com.github.dockerjava.zerodep.shaded.org.apache.hc.client5.http.impl.classic.InternalHttpClient - ex-00000014: preparing request execution
18:30:13.430 [Test worker] DEBUG com.github.dockerjava.zerodep.shaded.org.apache.hc.client5.http.protocol.RequestAddCookies - Cookie spec selected: strict
18:30:13.431 [Test worker] DEBUG com.github.dockerjava.zerodep.shaded.org.apache.hc.client5.http.protocol.RequestAuthCache - Auth cache not set in the context
18:30:13.431 [Test worker] DEBUG com.github.dockerjava.zerodep.shaded.org.apache.hc.client5.http.impl.classic.ProtocolExec - ex-00000014: target auth state: UNCHALLENGED
18:30:13.431 [Test worker] DEBUG com.github.dockerjava.zerodep.shaded.org.apache.hc.client5.http.impl.classic.ProtocolExec - ex-00000014: proxy auth state: UNCHALLENGED
18:30:13.431 [Test worker] DEBUG com.github.dockerjava.zerodep.shaded.org.apache.hc.client5.http.impl.classic.ConnectExec - ex-00000014: acquiring connection with route {}->unix://localhost:2375
18:30:13.431 [Test worker] DEBUG com.github.dockerjava.zerodep.shaded.org.apache.hc.client5.http.impl.classic.InternalHttpClient - ex-00000014: acquiring endpoint (3 MINUTES)
18:30:13.431 [Test worker] DEBUG com.github.dockerjava.zerodep.shaded.org.apache.hc.client5.http.impl.io.PoolingHttpClientConnectionManager - ex-00000014: endpoint lease request (3 MINUTES) [route: {}->unix://localhost:2375][total available: 1; route allocated: 1 of 2147483647; total allocated: 1 of 2147483647]
18:30:13.431 [Test worker] DEBUG com.github.dockerjava.zerodep.shaded.org.apache.hc.client5.http.impl.io.PoolingHttpClientConnectionManager - ex-00000014: endpoint leased [route: {}->unix://localhost:2375][total available: 0; route allocated: 1 of 2147483647; total allocated: 1 of 2147483647]
18:30:13.431 [Test worker] DEBUG com.github.dockerjava.zerodep.shaded.org.apache.hc.client5.http.impl.io.PoolingHttpClientConnectionManager - ex-00000014: acquired ep-00000013
18:30:13.431 [Test worker] DEBUG com.github.dockerjava.zerodep.shaded.org.apache.hc.client5.http.impl.classic.InternalHttpClient - ex-00000014: acquired endpoint ep-00000013
18:30:13.431 [Test worker] DEBUG com.github.dockerjava.zerodep.shaded.org.apache.hc.client5.http.impl.classic.MainClientExec - ex-00000014: executing GET /v1.32/containers/b4fc7afd97457a2a6ec84592488a57f900fa52ed03fcd2dbaf8a116bc1f50ab3/json HTTP/1.1
18:30:13.431 [Test worker] DEBUG com.github.dockerjava.zerodep.shaded.org.apache.hc.client5.http.impl.classic.InternalHttpClient - ep-00000013: start execution ex-00000014
18:30:13.431 [Test worker] DEBUG com.github.dockerjava.zerodep.shaded.org.apache.hc.client5.http.impl.io.PoolingHttpClientConnectionManager - ep-00000013: executing exchange ex-00000014 over http-outgoing-1
18:30:13.432 [Test worker] DEBUG com.github.dockerjava.zerodep.shaded.org.apache.hc.client5.http.headers - http-outgoing-1 >> GET /v1.32/containers/b4fc7afd97457a2a6ec84592488a57f900fa52ed03fcd2dbaf8a116bc1f50ab3/json HTTP/1.1
18:30:13.432 [Test worker] DEBUG com.github.dockerjava.zerodep.shaded.org.apache.hc.client5.http.headers - http-outgoing-1 >> accept: application/json
18:30:13.432 [Test worker] DEBUG com.github.dockerjava.zerodep.shaded.org.apache.hc.client5.http.headers - http-outgoing-1 >> x-tc-sid: cdd139c9-cde1-4429-bea7-edb0e651ba16
18:30:13.432 [Test worker] DEBUG com.github.dockerjava.zerodep.shaded.org.apache.hc.client5.http.headers - http-outgoing-1 >> Accept-Encoding: gzip, x-gzip, deflate
18:30:13.432 [Test worker] DEBUG com.github.dockerjava.zerodep.shaded.org.apache.hc.client5.http.headers - http-outgoing-1 >> Host: localhost:2375
18:30:13.432 [Test worker] DEBUG com.github.dockerjava.zerodep.shaded.org.apache.hc.client5.http.headers - http-outgoing-1 >> Connection: keep-alive
18:30:13.432 [Test worker] DEBUG com.github.dockerjava.zerodep.shaded.org.apache.hc.client5.http.headers - http-outgoing-1 >> User-Agent: Apache-HttpClient/5.0.3 (Java/17.0.2)
18:30:13.432 [Test worker] DEBUG com.github.dockerjava.zerodep.shaded.org.apache.hc.client5.http.wire - http-outgoing-1 >> "GET /v1.32/containers/b4fc7afd97457a2a6ec84592488a57f900fa52ed03fcd2dbaf8a116bc1f50ab3/json HTTP/1.1[\r][\n]"
18:30:13.432 [Test worker] DEBUG com.github.dockerjava.zerodep.shaded.org.apache.hc.client5.http.wire - http-outgoing-1 >> "accept: application/json[\r][\n]"
18:30:13.432 [Test worker] DEBUG com.github.dockerjava.zerodep.shaded.org.apache.hc.client5.http.wire - http-outgoing-1 >> "x-tc-sid: cdd139c9-cde1-4429-bea7-edb0e651ba16[\r][\n]"
18:30:13.432 [Test worker] DEBUG com.github.dockerjava.zerodep.shaded.org.apache.hc.client5.http.wire - http-outgoing-1 >> "Accept-Encoding: gzip, x-gzip, deflate[\r][\n]"
18:30:13.432 [Test worker] DEBUG com.github.dockerjava.zerodep.shaded.org.apache.hc.client5.http.wire - http-outgoing-1 >> "Host: localhost:2375[\r][\n]"
18:30:13.432 [Test worker] DEBUG com.github.dockerjava.zerodep.shaded.org.apache.hc.client5.http.wire - http-outgoing-1 >> "Connection: keep-alive[\r][\n]"
18:30:13.432 [Test worker] DEBUG com.github.dockerjava.zerodep.shaded.org.apache.hc.client5.http.wire - http-outgoing-1 >> "User-Agent: Apache-HttpClient/5.0.3 (Java/17.0.2)[\r][\n]"
18:30:13.432 [Test worker] DEBUG com.github.dockerjava.zerodep.shaded.org.apache.hc.client5.http.wire - http-outgoing-1 >> "[\r][\n]"
18:30:13.432 [Test worker] DEBUG com.github.dockerjava.zerodep.shaded.org.apache.hc.client5.http.wire - http-outgoing-1 << "HTTP/1.1 200 OK[\r][\n]"
18:30:13.433 [Test worker] DEBUG com.github.dockerjava.zerodep.shaded.org.apache.hc.client5.http.wire - http-outgoing-1 << "Api-Version: 1.41[\r][\n]"
18:30:13.433 [Test worker] DEBUG com.github.dockerjava.zerodep.shaded.org.apache.hc.client5.http.wire - http-outgoing-1 << "Content-Type: application/json[\r][\n]"
18:30:13.433 [Test worker] DEBUG com.github.dockerjava.zerodep.shaded.org.apache.hc.client5.http.wire - http-outgoing-1 << "Docker-Experimental: false[\r][\n]"
18:30:13.433 [Test worker] DEBUG com.github.dockerjava.zerodep.shaded.org.apache.hc.client5.http.wire - http-outgoing-1 << "Ostype: linux[\r][\n]"
18:30:13.433 [Test worker] DEBUG com.github.dockerjava.zerodep.shaded.org.apache.hc.client5.http.wire - http-outgoing-1 << "Server: Docker/20.10.17 (linux)[\r][\n]"
18:30:13.433 [Test worker] DEBUG com.github.dockerjava.zerodep.shaded.org.apache.hc.client5.http.wire - http-outgoing-1 << "Date: Thu, 08 Dec 2022 21:30:13 GMT[\r][\n]"
18:30:13.433 [Test worker] DEBUG com.github.dockerjava.zerodep.shaded.org.apache.hc.client5.http.wire - http-outgoing-1 << "Transfer-Encoding: chunked[\r][\n]"
18:30:13.433 [Test worker] DEBUG com.github.dockerjava.zerodep.shaded.org.apache.hc.client5.http.wire - http-outgoing-1 << "[\r][\n]"
18:30:13.433 [Test worker] DEBUG com.github.dockerjava.zerodep.shaded.org.apache.hc.client5.http.wire - http-outgoing-1 << "18a6[\r][\n]"
18:30:13.433 [Test worker] DEBUG com.github.dockerjava.zerodep.shaded.org.apache.hc.client5.http.wire - http-outgoing-1 << "{"Id":"b4fc7afd97457a2a6ec84592488a57f900fa52ed03fcd2dbaf8a116bc1f50ab3","Created":"2022-12-08T21:30:11.801619537Z","Path":"docker-entrypoint.sh","Args":["mysqld"],"State":{"Status":"running","Running":true,"Paused":false,"Restarting":false,"OOMKilled":false,"Dead":false,"Pid":148084,"ExitCode":0,"Error":"","StartedAt":"2022-12-08T21:30:12.370762583Z","FinishedAt":"0001-01-01T00:00:00Z"},"Image":"sha256:7484689f290f1defe06b65befc54cb6ad91a667cf0af59a265ffe76c46bd0478","ResolvConfPath":"/var/lib/docker/containers/b4fc7afd97457a2a6ec84592488a57f900fa52ed03fcd2dbaf8a116bc1f50ab3/resolv.conf","HostnamePath":"/var/lib/docker/containers/b4fc7afd97457a2a6ec84592488a57f900fa52ed03fcd2dbaf8a116bc1f50ab3/hostname","HostsPath":"/var/lib/docker/containers/b4fc7afd97457a2a6ec84592488a57f900fa52ed03fcd2dbaf8a116bc1f50ab3/hosts","LogPath":"/var/lib/docker/containers/b4fc7afd97457a2a6ec84592488a57f900fa52ed03fcd2dbaf8a116bc1f50ab3/b4fc7afd97457a2a6ec84592488a57f900fa52ed03fcd2dbaf8a116bc1f50ab3-json.log","Name":"/agitated_ptolemy","RestartCount":0,"Driver":"overlay2","Platform":"linux","MountLabel":"","ProcessLabel":"","AppArmorProfile":"docker-default","ExecIDs":null,"HostConfig":{"Binds":[],"ContainerIDFile":"","LogConfig":{"Type":"json-file","Config":{}},"NetworkMode":"default","PortBindings":{"3306/tcp":[{"HostIp":"","HostPort":""}]},"RestartPolicy":{"Name":"","MaximumRetryCount":0},"AutoRemove":false,"VolumeDriver":"","VolumesFrom":[],"CapAdd":null,"CapDrop":null,"CgroupnsMode":"private","Dns":null,"DnsOptions":null,"DnsSearch":null,"ExtraHosts":[],"GroupAdd":null,"IpcMode":"shareable","Cgroup":"","Links":null,"OomScoreAdj":0,"PidMode":"","Privileged":false,"PublishAllPorts":false,"ReadonlyRootfs":false,"SecurityOpt":null,"UTSMode":"","UsernsMode":"","ShmSize":67108864,"Runtime":"runc","ConsoleSize":[0,0],"Isolation":"","CpuShares":0,"Memory":0,"NanoCpus":0,"CgroupParent":"","BlkioWeight":0,"BlkioWeightDevice":null,"BlkioDeviceReadBps":null,"BlkioDeviceWriteBps":null,"BlkioDeviceReadIOps":null,"BlkioDeviceWriteIOps":null,"CpuPeriod":0,"CpuQuota":0,"CpuRealtimePeriod":0,"CpuRealtimeRuntime":0,"CpusetCpus":"","CpusetMems":"","Devices":null,"DeviceCgroupRules":null,"DeviceRequests":null,"KernelMemory":0,"KernelMemoryTCP":0,"MemoryReservation":0,"MemorySwap":0,"MemorySwappiness":null,"OomKillDisable":null,"PidsLimit":null,"Ulimits":null,"CpuCount":0,"CpuPercent":0,"IOMaximumIOps":0,"IOMaximumBandwidth":0,"MaskedPaths":["/proc/asound","/proc/acpi","/proc/kcore","/proc/keys","/proc/latency_stats","/proc/timer_list","/proc/timer_stats","/proc/sched_debug","/proc/scsi","/sys/firmware"],"ReadonlyPaths":["/proc/bus","/proc/fs","/proc/irq","/proc/sys","/proc/sysrq-trigger"]},"GraphDriver":{"Data":{"LowerDir":"/var/lib/docker/overlay2/05794d51525f65619c615558ef5f93d7c33eef44e12313fdcb3942911d0b5f7d-init/diff:/var/lib/docker/overlay2/f079a69cfd5e80e906b12f05a0c7bfaabc56ce63e947db68b722ae30905f1239/diff:/var/lib/docker/overlay2/9dfb63d6bb556846a13012421dde7951ef83a14d8ce1882287cce66f0f9bd055/diff:/var/lib/docker/overlay2/c4f8874ae33ddd14488f5051cd953acc020fa00ea72d28bd530450c0bc8f9903/diff:/var/lib/docker/overlay2/992683766b46aa5653160e6a34283b579a75000e230890d0ec0a6204af735697/diff:/var/lib/docker/overlay2/6e3fba0e1d6501c91c9bec723bb1364f75599c6c2026a6dc71773c88a49f890a/diff:/var/lib/docker/overlay2/c6c2a366f45a69704761d45d296d71bf2bf315efb15cb06ad88925ed235fad81/diff:/var/lib/docker/overlay2/7555f9b18615244719d04b23296ba418195e5e569d47baf9f1da7c3f053fe194/diff:/var/lib/docker/overlay2/7752eb17f8f8ba44a5ed178f499901fa7eb6f2e031c29ab160ee4eff4db8edaa/diff:/var/lib/docker/overlay2/9683de8b3733106f256bd0eabc7cae13623b14493b9212e863449d42b8a87390/diff:/var/lib/docker/overlay2/f5e28e407d8811526fb7dd82e4fed08d5d3124c0f22f1a9496ed27b2b457d3dd/diff:/var/lib/docker/overlay2/e2980c91c6b3331cff3994ca6f327955bb5feaef0f96bc64edce80631fdbf829/diff","MergedDir":"/var/lib/docker/overlay2/05794d51525f65619c615558ef5f93d7c33eef44e12313fdcb3942911d0b5f7d/merged","UpperDir":"/var/lib/docker/overlay2/05794d51525f65619c615558ef5f93d7c33eef44e12313fdcb3942911d0b5f7d/diff","WorkDir":"/var/lib/docker/overlay2/05794d51525f65619c615558ef5f93d7c33eef44e12313fdcb3942911d0b5f7d/work"},"Name":"overlay2"},"Mounts":[{"Type":"volume","Name":"fe29345a30f82a1c969c40b069133e9d87168ce95967d67ac182ee42c059affb","Source":"/var/lib/docker/volumes/fe29345a30f82a1c969c40b069133e9d87168ce95967d67ac182ee42c059affb/_data","Destination":"/var/lib/mysql","Driver":"local","Mode":"","RW":true,"Propagation":""}],"Config":{"Hostname":"b4fc7afd9745","Domainname":"","User":"","AttachStdin":false,"AttachStdout":false,"AttachStderr":false,"ExposedPorts":{"3306/tcp":{},"33060/tcp":{}},"Tty":false,"OpenStdin":false,"StdinOnce":false,"Env":["MYSQL_DATABASE=adm_videos","MYSQL_PASSWORD=123456","MYSQL_ROOT_PASSWORD=123456","PATH=/usr/local/sbin:/usr/local/bin:/usr/sbin:/usr/bin:/sbin:/bin","GOSU_VERSION=1.14","MYSQL_MAJOR=8.0","MYSQL_VERSION=8.0.31-1.el8","MYSQL_SHELL_VERSION=8.0.31-1.el8"],"Cmd":["mysqld"],"Image":"mysql:latest","Volumes":{"/var/lib/mysql":{}},"WorkingDir":"","Entrypoint":["docker-entrypoint.sh"],"OnBuild":null,"Labels":{"org.testcontainers":"true","org.testcontainers.sessionId":"cdd139c9-cde1-4429-bea7-edb0e651ba16"}},"NetworkSettings":{"Bridge":"","SandboxID":"8404ec7d59006489fa5b6638879180586e9aa24c1c3ae79d40e26a8f453c93b1","HairpinMode":false,"LinkLocalIPv6Address":"","LinkLocalIPv6PrefixLen":0,"Ports":{"3306/tcp":[{"HostIp":"0.0.0.0","HostPort":"49156"},{"HostIp":"::","HostPort":"49156"}],"33060/tcp":null},"SandboxKey":"/var/run/docker/netns/8404ec7d5900","SecondaryIPAddresses":null,"SecondaryIPv6Addresses":null,"EndpointID":"28c851b70d88131a783e3d87b7c50320df5f3250ebca621b1b39353a2424212a","Gateway":"172.17.0.1","GlobalIPv6Address":"","GlobalIPv6PrefixLen":0,"IPAddress":"172.17.0.3","IPPrefixLen":16,"IPv6Gateway":"","MacAddress":"02:42:ac:11:00:03","Networks":{"bridge":{"IPAMConfig":null,"Links":null,"Aliases":null,"NetworkID":"bf06afe94eca8b5ab91eae0dbaa8561a6dd16832d429dcdbaa7ed1e003cfbe56","EndpointID":"28c851b70d88131a783e3d87b7c50320df5f3250ebca621b1b39353a2424212a","Gateway":"172.17.0.1","IPAddress":"172.17.0.3","IPPrefixLen":16,"IPv6Gateway":"","GlobalIPv6Address":"","GlobalIPv6PrefixLen":0,"MacAddress":"02:42:ac:11:00:03","DriverOpts":null}}}}[\n]"
18:30:13.433 [Test worker] DEBUG com.github.dockerjava.zerodep.shaded.org.apache.hc.client5.http.wire - http-outgoing-1 << "[\r][\n]"
18:30:13.433 [Test worker] DEBUG com.github.dockerjava.zerodep.shaded.org.apache.hc.client5.http.wire - http-outgoing-1 << "0[\r][\n]"
18:30:13.433 [Test worker] DEBUG com.github.dockerjava.zerodep.shaded.org.apache.hc.client5.http.wire - http-outgoing-1 << "[\r][\n]"
18:30:13.433 [Test worker] DEBUG com.github.dockerjava.zerodep.shaded.org.apache.hc.client5.http.headers - http-outgoing-1 << HTTP/1.1 200 OK
18:30:13.433 [Test worker] DEBUG com.github.dockerjava.zerodep.shaded.org.apache.hc.client5.http.headers - http-outgoing-1 << Api-Version: 1.41
18:30:13.433 [Test worker] DEBUG com.github.dockerjava.zerodep.shaded.org.apache.hc.client5.http.headers - http-outgoing-1 << Content-Type: application/json
18:30:13.433 [Test worker] DEBUG com.github.dockerjava.zerodep.shaded.org.apache.hc.client5.http.headers - http-outgoing-1 << Docker-Experimental: false
18:30:13.433 [Test worker] DEBUG com.github.dockerjava.zerodep.shaded.org.apache.hc.client5.http.headers - http-outgoing-1 << Ostype: linux
18:30:13.433 [Test worker] DEBUG com.github.dockerjava.zerodep.shaded.org.apache.hc.client5.http.headers - http-outgoing-1 << Server: Docker/20.10.17 (linux)
18:30:13.433 [Test worker] DEBUG com.github.dockerjava.zerodep.shaded.org.apache.hc.client5.http.headers - http-outgoing-1 << Date: Thu, 08 Dec 2022 21:30:13 GMT
18:30:13.433 [Test worker] DEBUG com.github.dockerjava.zerodep.shaded.org.apache.hc.client5.http.headers - http-outgoing-1 << Transfer-Encoding: chunked
18:30:13.434 [Test worker] DEBUG com.github.dockerjava.zerodep.shaded.org.apache.hc.client5.http.impl.classic.MainClientExec - ex-00000014: connection can be kept alive for 3 MINUTES
18:30:13.435 [Test worker] DEBUG com.github.dockerjava.zerodep.shaded.org.apache.hc.client5.http.impl.classic.InternalHttpClient - ep-00000013: releasing valid endpoint
18:30:13.435 [Test worker] DEBUG com.github.dockerjava.zerodep.shaded.org.apache.hc.client5.http.impl.io.PoolingHttpClientConnectionManager - ep-00000013: releasing endpoint
18:30:13.435 [Test worker] DEBUG com.github.dockerjava.zerodep.shaded.org.apache.hc.client5.http.impl.io.PoolingHttpClientConnectionManager - ep-00000013: connection http-outgoing-1 can be kept alive for 3 MINUTES
18:30:13.435 [Test worker] DEBUG com.github.dockerjava.zerodep.shaded.org.apache.hc.client5.http.impl.io.PoolingHttpClientConnectionManager - ep-00000013: connection released [route: {}->unix://localhost:2375][total available: 1; route allocated: 1 of 2147483647; total allocated: 1 of 2147483647]
18:30:13.436 [Test worker] DEBUG ]]>&#x1f433;<![CDATA[ [mysql:latest] - Trying to create JDBC connection using com.mysql.cj.jdbc.Driver to jdbc:mysql://localhost:49156/adm_videos?useSSL=false&allowPublicKeyRetrieval=true with properties: {password=123456, user=root}
18:30:13.537 [Test worker] DEBUG org.testcontainers.shaded.com.github.dockerjava.core.command.AbstrDockerCmd - Cmd: b4fc7afd97457a2a6ec84592488a57f900fa52ed03fcd2dbaf8a116bc1f50ab3,false
18:30:13.538 [Test worker] DEBUG org.testcontainers.shaded.com.github.dockerjava.core.exec.InspectContainerCmdExec - GET: DefaultWebTarget{path=[/containers/b4fc7afd97457a2a6ec84592488a57f900fa52ed03fcd2dbaf8a116bc1f50ab3/json], queryParams={}}
18:30:13.538 [Test worker] DEBUG com.github.dockerjava.zerodep.shaded.org.apache.hc.client5.http.impl.classic.InternalHttpClient - ex-00000015: preparing request execution
18:30:13.538 [Test worker] DEBUG com.github.dockerjava.zerodep.shaded.org.apache.hc.client5.http.protocol.RequestAddCookies - Cookie spec selected: strict
18:30:13.538 [Test worker] DEBUG com.github.dockerjava.zerodep.shaded.org.apache.hc.client5.http.protocol.RequestAuthCache - Auth cache not set in the context
18:30:13.538 [Test worker] DEBUG com.github.dockerjava.zerodep.shaded.org.apache.hc.client5.http.impl.classic.ProtocolExec - ex-00000015: target auth state: UNCHALLENGED
18:30:13.538 [Test worker] DEBUG com.github.dockerjava.zerodep.shaded.org.apache.hc.client5.http.impl.classic.ProtocolExec - ex-00000015: proxy auth state: UNCHALLENGED
18:30:13.538 [Test worker] DEBUG com.github.dockerjava.zerodep.shaded.org.apache.hc.client5.http.impl.classic.ConnectExec - ex-00000015: acquiring connection with route {}->unix://localhost:2375
18:30:13.538 [Test worker] DEBUG com.github.dockerjava.zerodep.shaded.org.apache.hc.client5.http.impl.classic.InternalHttpClient - ex-00000015: acquiring endpoint (3 MINUTES)
18:30:13.538 [Test worker] DEBUG com.github.dockerjava.zerodep.shaded.org.apache.hc.client5.http.impl.io.PoolingHttpClientConnectionManager - ex-00000015: endpoint lease request (3 MINUTES) [route: {}->unix://localhost:2375][total available: 1; route allocated: 1 of 2147483647; total allocated: 1 of 2147483647]
18:30:13.539 [Test worker] DEBUG com.github.dockerjava.zerodep.shaded.org.apache.hc.client5.http.impl.io.PoolingHttpClientConnectionManager - ex-00000015: endpoint leased [route: {}->unix://localhost:2375][total available: 0; route allocated: 1 of 2147483647; total allocated: 1 of 2147483647]
18:30:13.539 [Test worker] DEBUG com.github.dockerjava.zerodep.shaded.org.apache.hc.client5.http.impl.io.PoolingHttpClientConnectionManager - ex-00000015: acquired ep-00000014
18:30:13.539 [Test worker] DEBUG com.github.dockerjava.zerodep.shaded.org.apache.hc.client5.http.impl.classic.InternalHttpClient - ex-00000015: acquired endpoint ep-00000014
18:30:13.539 [Test worker] DEBUG com.github.dockerjava.zerodep.shaded.org.apache.hc.client5.http.impl.classic.MainClientExec - ex-00000015: executing GET /v1.32/containers/b4fc7afd97457a2a6ec84592488a57f900fa52ed03fcd2dbaf8a116bc1f50ab3/json HTTP/1.1
18:30:13.539 [Test worker] DEBUG com.github.dockerjava.zerodep.shaded.org.apache.hc.client5.http.impl.classic.InternalHttpClient - ep-00000014: start execution ex-00000015
18:30:13.539 [Test worker] DEBUG com.github.dockerjava.zerodep.shaded.org.apache.hc.client5.http.impl.io.PoolingHttpClientConnectionManager - ep-00000014: executing exchange ex-00000015 over http-outgoing-1
18:30:13.539 [Test worker] DEBUG com.github.dockerjava.zerodep.shaded.org.apache.hc.client5.http.headers - http-outgoing-1 >> GET /v1.32/containers/b4fc7afd97457a2a6ec84592488a57f900fa52ed03fcd2dbaf8a116bc1f50ab3/json HTTP/1.1
18:30:13.539 [Test worker] DEBUG com.github.dockerjava.zerodep.shaded.org.apache.hc.client5.http.headers - http-outgoing-1 >> accept: application/json
18:30:13.539 [Test worker] DEBUG com.github.dockerjava.zerodep.shaded.org.apache.hc.client5.http.headers - http-outgoing-1 >> x-tc-sid: cdd139c9-cde1-4429-bea7-edb0e651ba16
18:30:13.539 [Test worker] DEBUG com.github.dockerjava.zerodep.shaded.org.apache.hc.client5.http.headers - http-outgoing-1 >> Accept-Encoding: gzip, x-gzip, deflate
18:30:13.539 [Test worker] DEBUG com.github.dockerjava.zerodep.shaded.org.apache.hc.client5.http.headers - http-outgoing-1 >> Host: localhost:2375
18:30:13.539 [Test worker] DEBUG com.github.dockerjava.zerodep.shaded.org.apache.hc.client5.http.headers - http-outgoing-1 >> Connection: keep-alive
18:30:13.539 [Test worker] DEBUG com.github.dockerjava.zerodep.shaded.org.apache.hc.client5.http.headers - http-outgoing-1 >> User-Agent: Apache-HttpClient/5.0.3 (Java/17.0.2)
18:30:13.539 [Test worker] DEBUG com.github.dockerjava.zerodep.shaded.org.apache.hc.client5.http.wire - http-outgoing-1 >> "GET /v1.32/containers/b4fc7afd97457a2a6ec84592488a57f900fa52ed03fcd2dbaf8a116bc1f50ab3/json HTTP/1.1[\r][\n]"
18:30:13.539 [Test worker] DEBUG com.github.dockerjava.zerodep.shaded.org.apache.hc.client5.http.wire - http-outgoing-1 >> "accept: application/json[\r][\n]"
18:30:13.539 [Test worker] DEBUG com.github.dockerjava.zerodep.shaded.org.apache.hc.client5.http.wire - http-outgoing-1 >> "x-tc-sid: cdd139c9-cde1-4429-bea7-edb0e651ba16[\r][\n]"
18:30:13.539 [Test worker] DEBUG com.github.dockerjava.zerodep.shaded.org.apache.hc.client5.http.wire - http-outgoing-1 >> "Accept-Encoding: gzip, x-gzip, deflate[\r][\n]"
18:30:13.539 [Test worker] DEBUG com.github.dockerjava.zerodep.shaded.org.apache.hc.client5.http.wire - http-outgoing-1 >> "Host: localhost:2375[\r][\n]"
18:30:13.539 [Test worker] DEBUG com.github.dockerjava.zerodep.shaded.org.apache.hc.client5.http.wire - http-outgoing-1 >> "Connection: keep-alive[\r][\n]"
18:30:13.539 [Test worker] DEBUG com.github.dockerjava.zerodep.shaded.org.apache.hc.client5.http.wire - http-outgoing-1 >> "User-Agent: Apache-HttpClient/5.0.3 (Java/17.0.2)[\r][\n]"
18:30:13.539 [Test worker] DEBUG com.github.dockerjava.zerodep.shaded.org.apache.hc.client5.http.wire - http-outgoing-1 >> "[\r][\n]"
18:30:13.540 [Test worker] DEBUG com.github.dockerjava.zerodep.shaded.org.apache.hc.client5.http.wire - http-outgoing-1 << "HTTP/1.1 200 OK[\r][\n]"
18:30:13.540 [Test worker] DEBUG com.github.dockerjava.zerodep.shaded.org.apache.hc.client5.http.wire - http-outgoing-1 << "Api-Version: 1.41[\r][\n]"
18:30:13.540 [Test worker] DEBUG com.github.dockerjava.zerodep.shaded.org.apache.hc.client5.http.wire - http-outgoing-1 << "Content-Type: application/json[\r][\n]"
18:30:13.540 [Test worker] DEBUG com.github.dockerjava.zerodep.shaded.org.apache.hc.client5.http.wire - http-outgoing-1 << "Docker-Experimental: false[\r][\n]"
18:30:13.540 [Test worker] DEBUG com.github.dockerjava.zerodep.shaded.org.apache.hc.client5.http.wire - http-outgoing-1 << "Ostype: linux[\r][\n]"
18:30:13.540 [Test worker] DEBUG com.github.dockerjava.zerodep.shaded.org.apache.hc.client5.http.wire - http-outgoing-1 << "Server: Docker/20.10.17 (linux)[\r][\n]"
18:30:13.540 [Test worker] DEBUG com.github.dockerjava.zerodep.shaded.org.apache.hc.client5.http.wire - http-outgoing-1 << "Date: Thu, 08 Dec 2022 21:30:13 GMT[\r][\n]"
18:30:13.540 [Test worker] DEBUG com.github.dockerjava.zerodep.shaded.org.apache.hc.client5.http.wire - http-outgoing-1 << "Transfer-Encoding: chunked[\r][\n]"
18:30:13.540 [Test worker] DEBUG com.github.dockerjava.zerodep.shaded.org.apache.hc.client5.http.wire - http-outgoing-1 << "[\r][\n]"
18:30:13.540 [Test worker] DEBUG com.github.dockerjava.zerodep.shaded.org.apache.hc.client5.http.wire - http-outgoing-1 << "18a6[\r][\n]"
18:30:13.540 [Test worker] DEBUG com.github.dockerjava.zerodep.shaded.org.apache.hc.client5.http.wire - http-outgoing-1 << "{"Id":"b4fc7afd97457a2a6ec84592488a57f900fa52ed03fcd2dbaf8a116bc1f50ab3","Created":"2022-12-08T21:30:11.801619537Z","Path":"docker-entrypoint.sh","Args":["mysqld"],"State":{"Status":"running","Running":true,"Paused":false,"Restarting":false,"OOMKilled":false,"Dead":false,"Pid":148084,"ExitCode":0,"Error":"","StartedAt":"2022-12-08T21:30:12.370762583Z","FinishedAt":"0001-01-01T00:00:00Z"},"Image":"sha256:7484689f290f1defe06b65befc54cb6ad91a667cf0af59a265ffe76c46bd0478","ResolvConfPath":"/var/lib/docker/containers/b4fc7afd97457a2a6ec84592488a57f900fa52ed03fcd2dbaf8a116bc1f50ab3/resolv.conf","HostnamePath":"/var/lib/docker/containers/b4fc7afd97457a2a6ec84592488a57f900fa52ed03fcd2dbaf8a116bc1f50ab3/hostname","HostsPath":"/var/lib/docker/containers/b4fc7afd97457a2a6ec84592488a57f900fa52ed03fcd2dbaf8a116bc1f50ab3/hosts","LogPath":"/var/lib/docker/containers/b4fc7afd97457a2a6ec84592488a57f900fa52ed03fcd2dbaf8a116bc1f50ab3/b4fc7afd97457a2a6ec84592488a57f900fa52ed03fcd2dbaf8a116bc1f50ab3-json.log","Name":"/agitated_ptolemy","RestartCount":0,"Driver":"overlay2","Platform":"linux","MountLabel":"","ProcessLabel":"","AppArmorProfile":"docker-default","ExecIDs":null,"HostConfig":{"Binds":[],"ContainerIDFile":"","LogConfig":{"Type":"json-file","Config":{}},"NetworkMode":"default","PortBindings":{"3306/tcp":[{"HostIp":"","HostPort":""}]},"RestartPolicy":{"Name":"","MaximumRetryCount":0},"AutoRemove":false,"VolumeDriver":"","VolumesFrom":[],"CapAdd":null,"CapDrop":null,"CgroupnsMode":"private","Dns":null,"DnsOptions":null,"DnsSearch":null,"ExtraHosts":[],"GroupAdd":null,"IpcMode":"shareable","Cgroup":"","Links":null,"OomScoreAdj":0,"PidMode":"","Privileged":false,"PublishAllPorts":false,"ReadonlyRootfs":false,"SecurityOpt":null,"UTSMode":"","UsernsMode":"","ShmSize":67108864,"Runtime":"runc","ConsoleSize":[0,0],"Isolation":"","CpuShares":0,"Memory":0,"NanoCpus":0,"CgroupParent":"","BlkioWeight":0,"BlkioWeightDevice":null,"BlkioDeviceReadBps":null,"BlkioDeviceWriteBps":null,"BlkioDeviceReadIOps":null,"BlkioDeviceWriteIOps":null,"CpuPeriod":0,"CpuQuota":0,"CpuRealtimePeriod":0,"CpuRealtimeRuntime":0,"CpusetCpus":"","CpusetMems":"","Devices":null,"DeviceCgroupRules":null,"DeviceRequests":null,"KernelMemory":0,"KernelMemoryTCP":0,"MemoryReservation":0,"MemorySwap":0,"MemorySwappiness":null,"OomKillDisable":null,"PidsLimit":null,"Ulimits":null,"CpuCount":0,"CpuPercent":0,"IOMaximumIOps":0,"IOMaximumBandwidth":0,"MaskedPaths":["/proc/asound","/proc/acpi","/proc/kcore","/proc/keys","/proc/latency_stats","/proc/timer_list","/proc/timer_stats","/proc/sched_debug","/proc/scsi","/sys/firmware"],"ReadonlyPaths":["/proc/bus","/proc/fs","/proc/irq","/proc/sys","/proc/sysrq-trigger"]},"GraphDriver":{"Data":{"LowerDir":"/var/lib/docker/overlay2/05794d51525f65619c615558ef5f93d7c33eef44e12313fdcb3942911d0b5f7d-init/diff:/var/lib/docker/overlay2/f079a69cfd5e80e906b12f05a0c7bfaabc56ce63e947db68b722ae30905f1239/diff:/var/lib/docker/overlay2/9dfb63d6bb556846a13012421dde7951ef83a14d8ce1882287cce66f0f9bd055/diff:/var/lib/docker/overlay2/c4f8874ae33ddd14488f5051cd953acc020fa00ea72d28bd530450c0bc8f9903/diff:/var/lib/docker/overlay2/992683766b46aa5653160e6a34283b579a75000e230890d0ec0a6204af735697/diff:/var/lib/docker/overlay2/6e3fba0e1d6501c91c9bec723bb1364f75599c6c2026a6dc71773c88a49f890a/diff:/var/lib/docker/overlay2/c6c2a366f45a69704761d45d296d71bf2bf315efb15cb06ad88925ed235fad81/diff:/var/lib/docker/overlay2/7555f9b18615244719d04b23296ba418195e5e569d47baf9f1da7c3f053fe194/diff:/var/lib/docker/overlay2/7752eb17f8f8ba44a5ed178f499901fa7eb6f2e031c29ab160ee4eff4db8edaa/diff:/var/lib/docker/overlay2/9683de8b3733106f256bd0eabc7cae13623b14493b9212e863449d42b8a87390/diff:/var/lib/docker/overlay2/f5e28e407d8811526fb7dd82e4fed08d5d3124c0f22f1a9496ed27b2b457d3dd/diff:/var/lib/docker/overlay2/e2980c91c6b3331cff3994ca6f327955bb5feaef0f96bc64edce80631fdbf829/diff","MergedDir":"/var/lib/docker/overlay2/05794d51525f65619c615558ef5f93d7c33eef44e12313fdcb3942911d0b5f7d/merged","UpperDir":"/var/lib/docker/overlay2/05794d51525f65619c615558ef5f93d7c33eef44e12313fdcb3942911d0b5f7d/diff","WorkDir":"/var/lib/docker/overlay2/05794d51525f65619c615558ef5f93d7c33eef44e12313fdcb3942911d0b5f7d/work"},"Name":"overlay2"},"Mounts":[{"Type":"volume","Name":"fe29345a30f82a1c969c40b069133e9d87168ce95967d67ac182ee42c059affb","Source":"/var/lib/docker/volumes/fe29345a30f82a1c969c40b069133e9d87168ce95967d67ac182ee42c059affb/_data","Destination":"/var/lib/mysql","Driver":"local","Mode":"","RW":true,"Propagation":""}],"Config":{"Hostname":"b4fc7afd9745","Domainname":"","User":"","AttachStdin":false,"AttachStdout":false,"AttachStderr":false,"ExposedPorts":{"3306/tcp":{},"33060/tcp":{}},"Tty":false,"OpenStdin":false,"StdinOnce":false,"Env":["MYSQL_DATABASE=adm_videos","MYSQL_PASSWORD=123456","MYSQL_ROOT_PASSWORD=123456","PATH=/usr/local/sbin:/usr/local/bin:/usr/sbin:/usr/bin:/sbin:/bin","GOSU_VERSION=1.14","MYSQL_MAJOR=8.0","MYSQL_VERSION=8.0.31-1.el8","MYSQL_SHELL_VERSION=8.0.31-1.el8"],"Cmd":["mysqld"],"Image":"mysql:latest","Volumes":{"/var/lib/mysql":{}},"WorkingDir":"","Entrypoint":["docker-entrypoint.sh"],"OnBuild":null,"Labels":{"org.testcontainers":"true","org.testcontainers.sessionId":"cdd139c9-cde1-4429-bea7-edb0e651ba16"}},"NetworkSettings":{"Bridge":"","SandboxID":"8404ec7d59006489fa5b6638879180586e9aa24c1c3ae79d40e26a8f453c93b1","HairpinMode":false,"LinkLocalIPv6Address":"","LinkLocalIPv6PrefixLen":0,"Ports":{"3306/tcp":[{"HostIp":"0.0.0.0","HostPort":"49156"},{"HostIp":"::","HostPort":"49156"}],"33060/tcp":null},"SandboxKey":"/var/run/docker/netns/8404ec7d5900","SecondaryIPAddresses":null,"SecondaryIPv6Addresses":null,"EndpointID":"28c851b70d88131a783e3d87b7c50320df5f3250ebca621b1b39353a2424212a","Gateway":"172.17.0.1","GlobalIPv6Address":"","GlobalIPv6PrefixLen":0,"IPAddress":"172.17.0.3","IPPrefixLen":16,"IPv6Gateway":"","MacAddress":"02:42:ac:11:00:03","Networks":{"bridge":{"IPAMConfig":null,"Links":null,"Aliases":null,"NetworkID":"bf06afe94eca8b5ab91eae0dbaa8561a6dd16832d429dcdbaa7ed1e003cfbe56","EndpointID":"28c851b70d88131a783e3d87b7c50320df5f3250ebca621b1b39353a2424212a","Gateway":"172.17.0.1","IPAddress":"172.17.0.3","IPPrefixLen":16,"IPv6Gateway":"","GlobalIPv6Address":"","GlobalIPv6PrefixLen":0,"MacAddress":"02:42:ac:11:00:03","DriverOpts":null}}}}[\n]"
18:30:13.540 [Test worker] DEBUG com.github.dockerjava.zerodep.shaded.org.apache.hc.client5.http.wire - http-outgoing-1 << "[\r][\n]"
18:30:13.540 [Test worker] DEBUG com.github.dockerjava.zerodep.shaded.org.apache.hc.client5.http.wire - http-outgoing-1 << "0[\r][\n]"
18:30:13.540 [Test worker] DEBUG com.github.dockerjava.zerodep.shaded.org.apache.hc.client5.http.wire - http-outgoing-1 << "[\r][\n]"
18:30:13.540 [Test worker] DEBUG com.github.dockerjava.zerodep.shaded.org.apache.hc.client5.http.headers - http-outgoing-1 << HTTP/1.1 200 OK
18:30:13.540 [Test worker] DEBUG com.github.dockerjava.zerodep.shaded.org.apache.hc.client5.http.headers - http-outgoing-1 << Api-Version: 1.41
18:30:13.540 [Test worker] DEBUG com.github.dockerjava.zerodep.shaded.org.apache.hc.client5.http.headers - http-outgoing-1 << Content-Type: application/json
18:30:13.540 [Test worker] DEBUG com.github.dockerjava.zerodep.shaded.org.apache.hc.client5.http.headers - http-outgoing-1 << Docker-Experimental: false
18:30:13.540 [Test worker] DEBUG com.github.dockerjava.zerodep.shaded.org.apache.hc.client5.http.headers - http-outgoing-1 << Ostype: linux
18:30:13.540 [Test worker] DEBUG com.github.dockerjava.zerodep.shaded.org.apache.hc.client5.http.headers - http-outgoing-1 << Server: Docker/20.10.17 (linux)
18:30:13.540 [Test worker] DEBUG com.github.dockerjava.zerodep.shaded.org.apache.hc.client5.http.headers - http-outgoing-1 << Date: Thu, 08 Dec 2022 21:30:13 GMT
18:30:13.540 [Test worker] DEBUG com.github.dockerjava.zerodep.shaded.org.apache.hc.client5.http.headers - http-outgoing-1 << Transfer-Encoding: chunked
18:30:13.540 [Test worker] DEBUG com.github.dockerjava.zerodep.shaded.org.apache.hc.client5.http.impl.classic.MainClientExec - ex-00000015: connection can be kept alive for 3 MINUTES
18:30:13.542 [Test worker] DEBUG com.github.dockerjava.zerodep.shaded.org.apache.hc.client5.http.impl.classic.InternalHttpClient - ep-00000014: releasing valid endpoint
18:30:13.543 [Test worker] DEBUG com.github.dockerjava.zerodep.shaded.org.apache.hc.client5.http.impl.io.PoolingHttpClientConnectionManager - ep-00000014: releasing endpoint
18:30:13.543 [Test worker] DEBUG com.github.dockerjava.zerodep.shaded.org.apache.hc.client5.http.impl.io.PoolingHttpClientConnectionManager - ep-00000014: connection http-outgoing-1 can be kept alive for 3 MINUTES
18:30:13.544 [Test worker] DEBUG com.github.dockerjava.zerodep.shaded.org.apache.hc.client5.http.impl.io.PoolingHttpClientConnectionManager - ep-00000014: connection released [route: {}->unix://localhost:2375][total available: 1; route allocated: 1 of 2147483647; total allocated: 1 of 2147483647]
18:30:13.545 [Test worker] DEBUG ]]>&#x1f433;<![CDATA[ [mysql:latest] - Trying to create JDBC connection using com.mysql.cj.jdbc.Driver to jdbc:mysql://localhost:49156/adm_videos?useSSL=false&allowPublicKeyRetrieval=true with properties: {password=123456, user=root}
18:30:13.650 [Test worker] DEBUG org.testcontainers.shaded.com.github.dockerjava.core.command.AbstrDockerCmd - Cmd: b4fc7afd97457a2a6ec84592488a57f900fa52ed03fcd2dbaf8a116bc1f50ab3,false
18:30:13.650 [Test worker] DEBUG org.testcontainers.shaded.com.github.dockerjava.core.exec.InspectContainerCmdExec - GET: DefaultWebTarget{path=[/containers/b4fc7afd97457a2a6ec84592488a57f900fa52ed03fcd2dbaf8a116bc1f50ab3/json], queryParams={}}
18:30:13.650 [Test worker] DEBUG com.github.dockerjava.zerodep.shaded.org.apache.hc.client5.http.impl.classic.InternalHttpClient - ex-00000016: preparing request execution
18:30:13.650 [Test worker] DEBUG com.github.dockerjava.zerodep.shaded.org.apache.hc.client5.http.protocol.RequestAddCookies - Cookie spec selected: strict
18:30:13.651 [Test worker] DEBUG com.github.dockerjava.zerodep.shaded.org.apache.hc.client5.http.protocol.RequestAuthCache - Auth cache not set in the context
18:30:13.651 [Test worker] DEBUG com.github.dockerjava.zerodep.shaded.org.apache.hc.client5.http.impl.classic.ProtocolExec - ex-00000016: target auth state: UNCHALLENGED
18:30:13.651 [Test worker] DEBUG com.github.dockerjava.zerodep.shaded.org.apache.hc.client5.http.impl.classic.ProtocolExec - ex-00000016: proxy auth state: UNCHALLENGED
18:30:13.651 [Test worker] DEBUG com.github.dockerjava.zerodep.shaded.org.apache.hc.client5.http.impl.classic.ConnectExec - ex-00000016: acquiring connection with route {}->unix://localhost:2375
18:30:13.651 [Test worker] DEBUG com.github.dockerjava.zerodep.shaded.org.apache.hc.client5.http.impl.classic.InternalHttpClient - ex-00000016: acquiring endpoint (3 MINUTES)
18:30:13.651 [Test worker] DEBUG com.github.dockerjava.zerodep.shaded.org.apache.hc.client5.http.impl.io.PoolingHttpClientConnectionManager - ex-00000016: endpoint lease request (3 MINUTES) [route: {}->unix://localhost:2375][total available: 1; route allocated: 1 of 2147483647; total allocated: 1 of 2147483647]
18:30:13.651 [Test worker] DEBUG com.github.dockerjava.zerodep.shaded.org.apache.hc.client5.http.impl.io.PoolingHttpClientConnectionManager - ex-00000016: endpoint leased [route: {}->unix://localhost:2375][total available: 0; route allocated: 1 of 2147483647; total allocated: 1 of 2147483647]
18:30:13.651 [Test worker] DEBUG com.github.dockerjava.zerodep.shaded.org.apache.hc.client5.http.impl.io.PoolingHttpClientConnectionManager - ex-00000016: acquired ep-00000015
18:30:13.651 [Test worker] DEBUG com.github.dockerjava.zerodep.shaded.org.apache.hc.client5.http.impl.classic.InternalHttpClient - ex-00000016: acquired endpoint ep-00000015
18:30:13.651 [Test worker] DEBUG com.github.dockerjava.zerodep.shaded.org.apache.hc.client5.http.impl.classic.MainClientExec - ex-00000016: executing GET /v1.32/containers/b4fc7afd97457a2a6ec84592488a57f900fa52ed03fcd2dbaf8a116bc1f50ab3/json HTTP/1.1
18:30:13.651 [Test worker] DEBUG com.github.dockerjava.zerodep.shaded.org.apache.hc.client5.http.impl.classic.InternalHttpClient - ep-00000015: start execution ex-00000016
18:30:13.651 [Test worker] DEBUG com.github.dockerjava.zerodep.shaded.org.apache.hc.client5.http.impl.io.PoolingHttpClientConnectionManager - ep-00000015: executing exchange ex-00000016 over http-outgoing-1
18:30:13.651 [Test worker] DEBUG com.github.dockerjava.zerodep.shaded.org.apache.hc.client5.http.headers - http-outgoing-1 >> GET /v1.32/containers/b4fc7afd97457a2a6ec84592488a57f900fa52ed03fcd2dbaf8a116bc1f50ab3/json HTTP/1.1
18:30:13.651 [Test worker] DEBUG com.github.dockerjava.zerodep.shaded.org.apache.hc.client5.http.headers - http-outgoing-1 >> accept: application/json
18:30:13.651 [Test worker] DEBUG com.github.dockerjava.zerodep.shaded.org.apache.hc.client5.http.headers - http-outgoing-1 >> x-tc-sid: cdd139c9-cde1-4429-bea7-edb0e651ba16
18:30:13.651 [Test worker] DEBUG com.github.dockerjava.zerodep.shaded.org.apache.hc.client5.http.headers - http-outgoing-1 >> Accept-Encoding: gzip, x-gzip, deflate
18:30:13.651 [Test worker] DEBUG com.github.dockerjava.zerodep.shaded.org.apache.hc.client5.http.headers - http-outgoing-1 >> Host: localhost:2375
18:30:13.651 [Test worker] DEBUG com.github.dockerjava.zerodep.shaded.org.apache.hc.client5.http.headers - http-outgoing-1 >> Connection: keep-alive
18:30:13.651 [Test worker] DEBUG com.github.dockerjava.zerodep.shaded.org.apache.hc.client5.http.headers - http-outgoing-1 >> User-Agent: Apache-HttpClient/5.0.3 (Java/17.0.2)
18:30:13.651 [Test worker] DEBUG com.github.dockerjava.zerodep.shaded.org.apache.hc.client5.http.wire - http-outgoing-1 >> "GET /v1.32/containers/b4fc7afd97457a2a6ec84592488a57f900fa52ed03fcd2dbaf8a116bc1f50ab3/json HTTP/1.1[\r][\n]"
18:30:13.651 [Test worker] DEBUG com.github.dockerjava.zerodep.shaded.org.apache.hc.client5.http.wire - http-outgoing-1 >> "accept: application/json[\r][\n]"
18:30:13.651 [Test worker] DEBUG com.github.dockerjava.zerodep.shaded.org.apache.hc.client5.http.wire - http-outgoing-1 >> "x-tc-sid: cdd139c9-cde1-4429-bea7-edb0e651ba16[\r][\n]"
18:30:13.651 [Test worker] DEBUG com.github.dockerjava.zerodep.shaded.org.apache.hc.client5.http.wire - http-outgoing-1 >> "Accept-Encoding: gzip, x-gzip, deflate[\r][\n]"
18:30:13.651 [Test worker] DEBUG com.github.dockerjava.zerodep.shaded.org.apache.hc.client5.http.wire - http-outgoing-1 >> "Host: localhost:2375[\r][\n]"
18:30:13.651 [Test worker] DEBUG com.github.dockerjava.zerodep.shaded.org.apache.hc.client5.http.wire - http-outgoing-1 >> "Connection: keep-alive[\r][\n]"
18:30:13.651 [Test worker] DEBUG com.github.dockerjava.zerodep.shaded.org.apache.hc.client5.http.wire - http-outgoing-1 >> "User-Agent: Apache-HttpClient/5.0.3 (Java/17.0.2)[\r][\n]"
18:30:13.651 [Test worker] DEBUG com.github.dockerjava.zerodep.shaded.org.apache.hc.client5.http.wire - http-outgoing-1 >> "[\r][\n]"
18:30:13.652 [Test worker] DEBUG com.github.dockerjava.zerodep.shaded.org.apache.hc.client5.http.wire - http-outgoing-1 << "HTTP/1.1 200 OK[\r][\n]"
18:30:13.652 [Test worker] DEBUG com.github.dockerjava.zerodep.shaded.org.apache.hc.client5.http.wire - http-outgoing-1 << "Api-Version: 1.41[\r][\n]"
18:30:13.652 [Test worker] DEBUG com.github.dockerjava.zerodep.shaded.org.apache.hc.client5.http.wire - http-outgoing-1 << "Content-Type: application/json[\r][\n]"
18:30:13.652 [Test worker] DEBUG com.github.dockerjava.zerodep.shaded.org.apache.hc.client5.http.wire - http-outgoing-1 << "Docker-Experimental: false[\r][\n]"
18:30:13.652 [Test worker] DEBUG com.github.dockerjava.zerodep.shaded.org.apache.hc.client5.http.wire - http-outgoing-1 << "Ostype: linux[\r][\n]"
18:30:13.652 [Test worker] DEBUG com.github.dockerjava.zerodep.shaded.org.apache.hc.client5.http.wire - http-outgoing-1 << "Server: Docker/20.10.17 (linux)[\r][\n]"
18:30:13.652 [Test worker] DEBUG com.github.dockerjava.zerodep.shaded.org.apache.hc.client5.http.wire - http-outgoing-1 << "Date: Thu, 08 Dec 2022 21:30:13 GMT[\r][\n]"
18:30:13.652 [Test worker] DEBUG com.github.dockerjava.zerodep.shaded.org.apache.hc.client5.http.wire - http-outgoing-1 << "Transfer-Encoding: chunked[\r][\n]"
18:30:13.652 [Test worker] DEBUG com.github.dockerjava.zerodep.shaded.org.apache.hc.client5.http.wire - http-outgoing-1 << "[\r][\n]"
18:30:13.652 [Test worker] DEBUG com.github.dockerjava.zerodep.shaded.org.apache.hc.client5.http.wire - http-outgoing-1 << "18a6[\r][\n]"
18:30:13.652 [Test worker] DEBUG com.github.dockerjava.zerodep.shaded.org.apache.hc.client5.http.wire - http-outgoing-1 << "{"Id":"b4fc7afd97457a2a6ec84592488a57f900fa52ed03fcd2dbaf8a116bc1f50ab3","Created":"2022-12-08T21:30:11.801619537Z","Path":"docker-entrypoint.sh","Args":["mysqld"],"State":{"Status":"running","Running":true,"Paused":false,"Restarting":false,"OOMKilled":false,"Dead":false,"Pid":148084,"ExitCode":0,"Error":"","StartedAt":"2022-12-08T21:30:12.370762583Z","FinishedAt":"0001-01-01T00:00:00Z"},"Image":"sha256:7484689f290f1defe06b65befc54cb6ad91a667cf0af59a265ffe76c46bd0478","ResolvConfPath":"/var/lib/docker/containers/b4fc7afd97457a2a6ec84592488a57f900fa52ed03fcd2dbaf8a116bc1f50ab3/resolv.conf","HostnamePath":"/var/lib/docker/containers/b4fc7afd97457a2a6ec84592488a57f900fa52ed03fcd2dbaf8a116bc1f50ab3/hostname","HostsPath":"/var/lib/docker/containers/b4fc7afd97457a2a6ec84592488a57f900fa52ed03fcd2dbaf8a116bc1f50ab3/hosts","LogPath":"/var/lib/docker/containers/b4fc7afd97457a2a6ec84592488a57f900fa52ed03fcd2dbaf8a116bc1f50ab3/b4fc7afd97457a2a6ec84592488a57f900fa52ed03fcd2dbaf8a116bc1f50ab3-json.log","Name":"/agitated_ptolemy","RestartCount":0,"Driver":"overlay2","Platform":"linux","MountLabel":"","ProcessLabel":"","AppArmorProfile":"docker-default","ExecIDs":null,"HostConfig":{"Binds":[],"ContainerIDFile":"","LogConfig":{"Type":"json-file","Config":{}},"NetworkMode":"default","PortBindings":{"3306/tcp":[{"HostIp":"","HostPort":""}]},"RestartPolicy":{"Name":"","MaximumRetryCount":0},"AutoRemove":false,"VolumeDriver":"","VolumesFrom":[],"CapAdd":null,"CapDrop":null,"CgroupnsMode":"private","Dns":null,"DnsOptions":null,"DnsSearch":null,"ExtraHosts":[],"GroupAdd":null,"IpcMode":"shareable","Cgroup":"","Links":null,"OomScoreAdj":0,"PidMode":"","Privileged":false,"PublishAllPorts":false,"ReadonlyRootfs":false,"SecurityOpt":null,"UTSMode":"","UsernsMode":"","ShmSize":67108864,"Runtime":"runc","ConsoleSize":[0,0],"Isolation":"","CpuShares":0,"Memory":0,"NanoCpus":0,"CgroupParent":"","BlkioWeight":0,"BlkioWeightDevice":null,"BlkioDeviceReadBps":null,"BlkioDeviceWriteBps":null,"BlkioDeviceReadIOps":null,"BlkioDeviceWriteIOps":null,"CpuPeriod":0,"CpuQuota":0,"CpuRealtimePeriod":0,"CpuRealtimeRuntime":0,"CpusetCpus":"","CpusetMems":"","Devices":null,"DeviceCgroupRules":null,"DeviceRequests":null,"KernelMemory":0,"KernelMemoryTCP":0,"MemoryReservation":0,"MemorySwap":0,"MemorySwappiness":null,"OomKillDisable":null,"PidsLimit":null,"Ulimits":null,"CpuCount":0,"CpuPercent":0,"IOMaximumIOps":0,"IOMaximumBandwidth":0,"MaskedPaths":["/proc/asound","/proc/acpi","/proc/kcore","/proc/keys","/proc/latency_stats","/proc/timer_list","/proc/timer_stats","/proc/sched_debug","/proc/scsi","/sys/firmware"],"ReadonlyPaths":["/proc/bus","/proc/fs","/proc/irq","/proc/sys","/proc/sysrq-trigger"]},"GraphDriver":{"Data":{"LowerDir":"/var/lib/docker/overlay2/05794d51525f65619c615558ef5f93d7c33eef44e12313fdcb3942911d0b5f7d-init/diff:/var/lib/docker/overlay2/f079a69cfd5e80e906b12f05a0c7bfaabc56ce63e947db68b722ae30905f1239/diff:/var/lib/docker/overlay2/9dfb63d6bb556846a13012421dde7951ef83a14d8ce1882287cce66f0f9bd055/diff:/var/lib/docker/overlay2/c4f8874ae33ddd14488f5051cd953acc020fa00ea72d28bd530450c0bc8f9903/diff:/var/lib/docker/overlay2/992683766b46aa5653160e6a34283b579a75000e230890d0ec0a6204af735697/diff:/var/lib/docker/overlay2/6e3fba0e1d6501c91c9bec723bb1364f75599c6c2026a6dc71773c88a49f890a/diff:/var/lib/docker/overlay2/c6c2a366f45a69704761d45d296d71bf2bf315efb15cb06ad88925ed235fad81/diff:/var/lib/docker/overlay2/7555f9b18615244719d04b23296ba418195e5e569d47baf9f1da7c3f053fe194/diff:/var/lib/docker/overlay2/7752eb17f8f8ba44a5ed178f499901fa7eb6f2e031c29ab160ee4eff4db8edaa/diff:/var/lib/docker/overlay2/9683de8b3733106f256bd0eabc7cae13623b14493b9212e863449d42b8a87390/diff:/var/lib/docker/overlay2/f5e28e407d8811526fb7dd82e4fed08d5d3124c0f22f1a9496ed27b2b457d3dd/diff:/var/lib/docker/overlay2/e2980c91c6b3331cff3994ca6f327955bb5feaef0f96bc64edce80631fdbf829/diff","MergedDir":"/var/lib/docker/overlay2/05794d51525f65619c615558ef5f93d7c33eef44e12313fdcb3942911d0b5f7d/merged","UpperDir":"/var/lib/docker/overlay2/05794d51525f65619c615558ef5f93d7c33eef44e12313fdcb3942911d0b5f7d/diff","WorkDir":"/var/lib/docker/overlay2/05794d51525f65619c615558ef5f93d7c33eef44e12313fdcb3942911d0b5f7d/work"},"Name":"overlay2"},"Mounts":[{"Type":"volume","Name":"fe29345a30f82a1c969c40b069133e9d87168ce95967d67ac182ee42c059affb","Source":"/var/lib/docker/volumes/fe29345a30f82a1c969c40b069133e9d87168ce95967d67ac182ee42c059affb/_data","Destination":"/var/lib/mysql","Driver":"local","Mode":"","RW":true,"Propagation":""}],"Config":{"Hostname":"b4fc7afd9745","Domainname":"","User":"","AttachStdin":false,"AttachStdout":false,"AttachStderr":false,"ExposedPorts":{"3306/tcp":{},"33060/tcp":{}},"Tty":false,"OpenStdin":false,"StdinOnce":false,"Env":["MYSQL_DATABASE=adm_videos","MYSQL_PASSWORD=123456","MYSQL_ROOT_PASSWORD=123456","PATH=/usr/local/sbin:/usr/local/bin:/usr/sbin:/usr/bin:/sbin:/bin","GOSU_VERSION=1.14","MYSQL_MAJOR=8.0","MYSQL_VERSION=8.0.31-1.el8","MYSQL_SHELL_VERSION=8.0.31-1.el8"],"Cmd":["mysqld"],"Image":"mysql:latest","Volumes":{"/var/lib/mysql":{}},"WorkingDir":"","Entrypoint":["docker-entrypoint.sh"],"OnBuild":null,"Labels":{"org.testcontainers":"true","org.testcontainers.sessionId":"cdd139c9-cde1-4429-bea7-edb0e651ba16"}},"NetworkSettings":{"Bridge":"","SandboxID":"8404ec7d59006489fa5b6638879180586e9aa24c1c3ae79d40e26a8f453c93b1","HairpinMode":false,"LinkLocalIPv6Address":"","LinkLocalIPv6PrefixLen":0,"Ports":{"3306/tcp":[{"HostIp":"0.0.0.0","HostPort":"49156"},{"HostIp":"::","HostPort":"49156"}],"33060/tcp":null},"SandboxKey":"/var/run/docker/netns/8404ec7d5900","SecondaryIPAddresses":null,"SecondaryIPv6Addresses":null,"EndpointID":"28c851b70d88131a783e3d87b7c50320df5f3250ebca621b1b39353a2424212a","Gateway":"172.17.0.1","GlobalIPv6Address":"","GlobalIPv6PrefixLen":0,"IPAddress":"172.17.0.3","IPPrefixLen":16,"IPv6Gateway":"","MacAddress":"02:42:ac:11:00:03","Networks":{"bridge":{"IPAMConfig":null,"Links":null,"Aliases":null,"NetworkID":"bf06afe94eca8b5ab91eae0dbaa8561a6dd16832d429dcdbaa7ed1e003cfbe56","EndpointID":"28c851b70d88131a783e3d87b7c50320df5f3250ebca621b1b39353a2424212a","Gateway":"172.17.0.1","IPAddress":"172.17.0.3","IPPrefixLen":16,"IPv6Gateway":"","GlobalIPv6Address":"","GlobalIPv6PrefixLen":0,"MacAddress":"02:42:ac:11:00:03","DriverOpts":null}}}}[\n]"
18:30:13.652 [Test worker] DEBUG com.github.dockerjava.zerodep.shaded.org.apache.hc.client5.http.wire - http-outgoing-1 << "[\r][\n]"
18:30:13.652 [Test worker] DEBUG com.github.dockerjava.zerodep.shaded.org.apache.hc.client5.http.wire - http-outgoing-1 << "0[\r][\n]"
18:30:13.652 [Test worker] DEBUG com.github.dockerjava.zerodep.shaded.org.apache.hc.client5.http.wire - http-outgoing-1 << "[\r][\n]"
18:30:13.652 [Test worker] DEBUG com.github.dockerjava.zerodep.shaded.org.apache.hc.client5.http.headers - http-outgoing-1 << HTTP/1.1 200 OK
18:30:13.652 [Test worker] DEBUG com.github.dockerjava.zerodep.shaded.org.apache.hc.client5.http.headers - http-outgoing-1 << Api-Version: 1.41
18:30:13.652 [Test worker] DEBUG com.github.dockerjava.zerodep.shaded.org.apache.hc.client5.http.headers - http-outgoing-1 << Content-Type: application/json
18:30:13.652 [Test worker] DEBUG com.github.dockerjava.zerodep.shaded.org.apache.hc.client5.http.headers - http-outgoing-1 << Docker-Experimental: false
18:30:13.652 [Test worker] DEBUG com.github.dockerjava.zerodep.shaded.org.apache.hc.client5.http.headers - http-outgoing-1 << Ostype: linux
18:30:13.652 [Test worker] DEBUG com.github.dockerjava.zerodep.shaded.org.apache.hc.client5.http.headers - http-outgoing-1 << Server: Docker/20.10.17 (linux)
18:30:13.652 [Test worker] DEBUG com.github.dockerjava.zerodep.shaded.org.apache.hc.client5.http.headers - http-outgoing-1 << Date: Thu, 08 Dec 2022 21:30:13 GMT
18:30:13.652 [Test worker] DEBUG com.github.dockerjava.zerodep.shaded.org.apache.hc.client5.http.headers - http-outgoing-1 << Transfer-Encoding: chunked
18:30:13.652 [Test worker] DEBUG com.github.dockerjava.zerodep.shaded.org.apache.hc.client5.http.impl.classic.MainClientExec - ex-00000016: connection can be kept alive for 3 MINUTES
18:30:13.653 [Test worker] DEBUG com.github.dockerjava.zerodep.shaded.org.apache.hc.client5.http.impl.classic.InternalHttpClient - ep-00000015: releasing valid endpoint
18:30:13.653 [Test worker] DEBUG com.github.dockerjava.zerodep.shaded.org.apache.hc.client5.http.impl.io.PoolingHttpClientConnectionManager - ep-00000015: releasing endpoint
18:30:13.654 [Test worker] DEBUG com.github.dockerjava.zerodep.shaded.org.apache.hc.client5.http.impl.io.PoolingHttpClientConnectionManager - ep-00000015: connection http-outgoing-1 can be kept alive for 3 MINUTES
18:30:13.654 [Test worker] DEBUG com.github.dockerjava.zerodep.shaded.org.apache.hc.client5.http.impl.io.PoolingHttpClientConnectionManager - ep-00000015: connection released [route: {}->unix://localhost:2375][total available: 1; route allocated: 1 of 2147483647; total allocated: 1 of 2147483647]
18:30:13.654 [Test worker] DEBUG ]]>&#x1f433;<![CDATA[ [mysql:latest] - Trying to create JDBC connection using com.mysql.cj.jdbc.Driver to jdbc:mysql://localhost:49156/adm_videos?useSSL=false&allowPublicKeyRetrieval=true with properties: {password=123456, user=root}
18:30:13.755 [Test worker] DEBUG org.testcontainers.shaded.com.github.dockerjava.core.command.AbstrDockerCmd - Cmd: b4fc7afd97457a2a6ec84592488a57f900fa52ed03fcd2dbaf8a116bc1f50ab3,false
18:30:13.755 [Test worker] DEBUG org.testcontainers.shaded.com.github.dockerjava.core.exec.InspectContainerCmdExec - GET: DefaultWebTarget{path=[/containers/b4fc7afd97457a2a6ec84592488a57f900fa52ed03fcd2dbaf8a116bc1f50ab3/json], queryParams={}}
18:30:13.756 [Test worker] DEBUG com.github.dockerjava.zerodep.shaded.org.apache.hc.client5.http.impl.classic.InternalHttpClient - ex-00000017: preparing request execution
18:30:13.756 [Test worker] DEBUG com.github.dockerjava.zerodep.shaded.org.apache.hc.client5.http.protocol.RequestAddCookies - Cookie spec selected: strict
18:30:13.756 [Test worker] DEBUG com.github.dockerjava.zerodep.shaded.org.apache.hc.client5.http.protocol.RequestAuthCache - Auth cache not set in the context
18:30:13.756 [Test worker] DEBUG com.github.dockerjava.zerodep.shaded.org.apache.hc.client5.http.impl.classic.ProtocolExec - ex-00000017: target auth state: UNCHALLENGED
18:30:13.756 [Test worker] DEBUG com.github.dockerjava.zerodep.shaded.org.apache.hc.client5.http.impl.classic.ProtocolExec - ex-00000017: proxy auth state: UNCHALLENGED
18:30:13.756 [Test worker] DEBUG com.github.dockerjava.zerodep.shaded.org.apache.hc.client5.http.impl.classic.ConnectExec - ex-00000017: acquiring connection with route {}->unix://localhost:2375
18:30:13.756 [Test worker] DEBUG com.github.dockerjava.zerodep.shaded.org.apache.hc.client5.http.impl.classic.InternalHttpClient - ex-00000017: acquiring endpoint (3 MINUTES)
18:30:13.756 [Test worker] DEBUG com.github.dockerjava.zerodep.shaded.org.apache.hc.client5.http.impl.io.PoolingHttpClientConnectionManager - ex-00000017: endpoint lease request (3 MINUTES) [route: {}->unix://localhost:2375][total available: 1; route allocated: 1 of 2147483647; total allocated: 1 of 2147483647]
18:30:13.756 [Test worker] DEBUG com.github.dockerjava.zerodep.shaded.org.apache.hc.client5.http.impl.io.PoolingHttpClientConnectionManager - ex-00000017: endpoint leased [route: {}->unix://localhost:2375][total available: 0; route allocated: 1 of 2147483647; total allocated: 1 of 2147483647]
18:30:13.756 [Test worker] DEBUG com.github.dockerjava.zerodep.shaded.org.apache.hc.client5.http.impl.io.PoolingHttpClientConnectionManager - ex-00000017: acquired ep-00000016
18:30:13.756 [Test worker] DEBUG com.github.dockerjava.zerodep.shaded.org.apache.hc.client5.http.impl.classic.InternalHttpClient - ex-00000017: acquired endpoint ep-00000016
18:30:13.756 [Test worker] DEBUG com.github.dockerjava.zerodep.shaded.org.apache.hc.client5.http.impl.classic.MainClientExec - ex-00000017: executing GET /v1.32/containers/b4fc7afd97457a2a6ec84592488a57f900fa52ed03fcd2dbaf8a116bc1f50ab3/json HTTP/1.1
18:30:13.757 [Test worker] DEBUG com.github.dockerjava.zerodep.shaded.org.apache.hc.client5.http.impl.classic.InternalHttpClient - ep-00000016: start execution ex-00000017
18:30:13.757 [Test worker] DEBUG com.github.dockerjava.zerodep.shaded.org.apache.hc.client5.http.impl.io.PoolingHttpClientConnectionManager - ep-00000016: executing exchange ex-00000017 over http-outgoing-1
18:30:13.757 [Test worker] DEBUG com.github.dockerjava.zerodep.shaded.org.apache.hc.client5.http.headers - http-outgoing-1 >> GET /v1.32/containers/b4fc7afd97457a2a6ec84592488a57f900fa52ed03fcd2dbaf8a116bc1f50ab3/json HTTP/1.1
18:30:13.757 [Test worker] DEBUG com.github.dockerjava.zerodep.shaded.org.apache.hc.client5.http.headers - http-outgoing-1 >> accept: application/json
18:30:13.757 [Test worker] DEBUG com.github.dockerjava.zerodep.shaded.org.apache.hc.client5.http.headers - http-outgoing-1 >> x-tc-sid: cdd139c9-cde1-4429-bea7-edb0e651ba16
18:30:13.757 [Test worker] DEBUG com.github.dockerjava.zerodep.shaded.org.apache.hc.client5.http.headers - http-outgoing-1 >> Accept-Encoding: gzip, x-gzip, deflate
18:30:13.757 [Test worker] DEBUG com.github.dockerjava.zerodep.shaded.org.apache.hc.client5.http.headers - http-outgoing-1 >> Host: localhost:2375
18:30:13.757 [Test worker] DEBUG com.github.dockerjava.zerodep.shaded.org.apache.hc.client5.http.headers - http-outgoing-1 >> Connection: keep-alive
18:30:13.757 [Test worker] DEBUG com.github.dockerjava.zerodep.shaded.org.apache.hc.client5.http.headers - http-outgoing-1 >> User-Agent: Apache-HttpClient/5.0.3 (Java/17.0.2)
18:30:13.757 [Test worker] DEBUG com.github.dockerjava.zerodep.shaded.org.apache.hc.client5.http.wire - http-outgoing-1 >> "GET /v1.32/containers/b4fc7afd97457a2a6ec84592488a57f900fa52ed03fcd2dbaf8a116bc1f50ab3/json HTTP/1.1[\r][\n]"
18:30:13.757 [Test worker] DEBUG com.github.dockerjava.zerodep.shaded.org.apache.hc.client5.http.wire - http-outgoing-1 >> "accept: application/json[\r][\n]"
18:30:13.757 [Test worker] DEBUG com.github.dockerjava.zerodep.shaded.org.apache.hc.client5.http.wire - http-outgoing-1 >> "x-tc-sid: cdd139c9-cde1-4429-bea7-edb0e651ba16[\r][\n]"
18:30:13.757 [Test worker] DEBUG com.github.dockerjava.zerodep.shaded.org.apache.hc.client5.http.wire - http-outgoing-1 >> "Accept-Encoding: gzip, x-gzip, deflate[\r][\n]"
18:30:13.757 [Test worker] DEBUG com.github.dockerjava.zerodep.shaded.org.apache.hc.client5.http.wire - http-outgoing-1 >> "Host: localhost:2375[\r][\n]"
18:30:13.757 [Test worker] DEBUG com.github.dockerjava.zerodep.shaded.org.apache.hc.client5.http.wire - http-outgoing-1 >> "Connection: keep-alive[\r][\n]"
18:30:13.757 [Test worker] DEBUG com.github.dockerjava.zerodep.shaded.org.apache.hc.client5.http.wire - http-outgoing-1 >> "User-Agent: Apache-HttpClient/5.0.3 (Java/17.0.2)[\r][\n]"
18:30:13.757 [Test worker] DEBUG com.github.dockerjava.zerodep.shaded.org.apache.hc.client5.http.wire - http-outgoing-1 >> "[\r][\n]"
18:30:13.758 [Test worker] DEBUG com.github.dockerjava.zerodep.shaded.org.apache.hc.client5.http.wire - http-outgoing-1 << "HTTP/1.1 200 OK[\r][\n]"
18:30:13.758 [Test worker] DEBUG com.github.dockerjava.zerodep.shaded.org.apache.hc.client5.http.wire - http-outgoing-1 << "Api-Version: 1.41[\r][\n]"
18:30:13.758 [Test worker] DEBUG com.github.dockerjava.zerodep.shaded.org.apache.hc.client5.http.wire - http-outgoing-1 << "Content-Type: application/json[\r][\n]"
18:30:13.758 [Test worker] DEBUG com.github.dockerjava.zerodep.shaded.org.apache.hc.client5.http.wire - http-outgoing-1 << "Docker-Experimental: false[\r][\n]"
18:30:13.758 [Test worker] DEBUG com.github.dockerjava.zerodep.shaded.org.apache.hc.client5.http.wire - http-outgoing-1 << "Ostype: linux[\r][\n]"
18:30:13.758 [Test worker] DEBUG com.github.dockerjava.zerodep.shaded.org.apache.hc.client5.http.wire - http-outgoing-1 << "Server: Docker/20.10.17 (linux)[\r][\n]"
18:30:13.758 [Test worker] DEBUG com.github.dockerjava.zerodep.shaded.org.apache.hc.client5.http.wire - http-outgoing-1 << "Date: Thu, 08 Dec 2022 21:30:13 GMT[\r][\n]"
18:30:13.758 [Test worker] DEBUG com.github.dockerjava.zerodep.shaded.org.apache.hc.client5.http.wire - http-outgoing-1 << "Transfer-Encoding: chunked[\r][\n]"
18:30:13.758 [Test worker] DEBUG com.github.dockerjava.zerodep.shaded.org.apache.hc.client5.http.wire - http-outgoing-1 << "[\r][\n]"
18:30:13.758 [Test worker] DEBUG com.github.dockerjava.zerodep.shaded.org.apache.hc.client5.http.wire - http-outgoing-1 << "18a6[\r][\n]"
18:30:13.759 [Test worker] DEBUG com.github.dockerjava.zerodep.shaded.org.apache.hc.client5.http.wire - http-outgoing-1 << "{"Id":"b4fc7afd97457a2a6ec84592488a57f900fa52ed03fcd2dbaf8a116bc1f50ab3","Created":"2022-12-08T21:30:11.801619537Z","Path":"docker-entrypoint.sh","Args":["mysqld"],"State":{"Status":"running","Running":true,"Paused":false,"Restarting":false,"OOMKilled":false,"Dead":false,"Pid":148084,"ExitCode":0,"Error":"","StartedAt":"2022-12-08T21:30:12.370762583Z","FinishedAt":"0001-01-01T00:00:00Z"},"Image":"sha256:7484689f290f1defe06b65befc54cb6ad91a667cf0af59a265ffe76c46bd0478","ResolvConfPath":"/var/lib/docker/containers/b4fc7afd97457a2a6ec84592488a57f900fa52ed03fcd2dbaf8a116bc1f50ab3/resolv.conf","HostnamePath":"/var/lib/docker/containers/b4fc7afd97457a2a6ec84592488a57f900fa52ed03fcd2dbaf8a116bc1f50ab3/hostname","HostsPath":"/var/lib/docker/containers/b4fc7afd97457a2a6ec84592488a57f900fa52ed03fcd2dbaf8a116bc1f50ab3/hosts","LogPath":"/var/lib/docker/containers/b4fc7afd97457a2a6ec84592488a57f900fa52ed03fcd2dbaf8a116bc1f50ab3/b4fc7afd97457a2a6ec84592488a57f900fa52ed03fcd2dbaf8a116bc1f50ab3-json.log","Name":"/agitated_ptolemy","RestartCount":0,"Driver":"overlay2","Platform":"linux","MountLabel":"","ProcessLabel":"","AppArmorProfile":"docker-default","ExecIDs":null,"HostConfig":{"Binds":[],"ContainerIDFile":"","LogConfig":{"Type":"json-file","Config":{}},"NetworkMode":"default","PortBindings":{"3306/tcp":[{"HostIp":"","HostPort":""}]},"RestartPolicy":{"Name":"","MaximumRetryCount":0},"AutoRemove":false,"VolumeDriver":"","VolumesFrom":[],"CapAdd":null,"CapDrop":null,"CgroupnsMode":"private","Dns":null,"DnsOptions":null,"DnsSearch":null,"ExtraHosts":[],"GroupAdd":null,"IpcMode":"shareable","Cgroup":"","Links":null,"OomScoreAdj":0,"PidMode":"","Privileged":false,"PublishAllPorts":false,"ReadonlyRootfs":false,"SecurityOpt":null,"UTSMode":"","UsernsMode":"","ShmSize":67108864,"Runtime":"runc","ConsoleSize":[0,0],"Isolation":"","CpuShares":0,"Memory":0,"NanoCpus":0,"CgroupParent":"","BlkioWeight":0,"BlkioWeightDevice":null,"BlkioDeviceReadBps":null,"BlkioDeviceWriteBps":null,"BlkioDeviceReadIOps":null,"BlkioDeviceWriteIOps":null,"CpuPeriod":0,"CpuQuota":0,"CpuRealtimePeriod":0,"CpuRealtimeRuntime":0,"CpusetCpus":"","CpusetMems":"","Devices":null,"DeviceCgroupRules":null,"DeviceRequests":null,"KernelMemory":0,"KernelMemoryTCP":0,"MemoryReservation":0,"MemorySwap":0,"MemorySwappiness":null,"OomKillDisable":null,"PidsLimit":null,"Ulimits":null,"CpuCount":0,"CpuPercent":0,"IOMaximumIOps":0,"IOMaximumBandwidth":0,"MaskedPaths":["/proc/asound","/proc/acpi","/proc/kcore","/proc/keys","/proc/latency_stats","/proc/timer_list","/proc/timer_stats","/proc/sched_debug","/proc/scsi","/sys/firmware"],"ReadonlyPaths":["/proc/bus","/proc/fs","/proc/irq","/proc/sys","/proc/sysrq-trigger"]},"GraphDriver":{"Data":{"LowerDir":"/var/lib/docker/overlay2/05794d51525f65619c615558ef5f93d7c33eef44e12313fdcb3942911d0b5f7d-init/diff:/var/lib/docker/overlay2/f079a69cfd5e80e906b12f05a0c7bfaabc56ce63e947db68b722ae30905f1239/diff:/var/lib/docker/overlay2/9dfb63d6bb556846a13012421dde7951ef83a14d8ce1882287cce66f0f9bd055/diff:/var/lib/docker/overlay2/c4f8874ae33ddd14488f5051cd953acc020fa00ea72d28bd530450c0bc8f9903/diff:/var/lib/docker/overlay2/992683766b46aa5653160e6a34283b579a75000e230890d0ec0a6204af735697/diff:/var/lib/docker/overlay2/6e3fba0e1d6501c91c9bec723bb1364f75599c6c2026a6dc71773c88a49f890a/diff:/var/lib/docker/overlay2/c6c2a366f45a69704761d45d296d71bf2bf315efb15cb06ad88925ed235fad81/diff:/var/lib/docker/overlay2/7555f9b18615244719d04b23296ba418195e5e569d47baf9f1da7c3f053fe194/diff:/var/lib/docker/overlay2/7752eb17f8f8ba44a5ed178f499901fa7eb6f2e031c29ab160ee4eff4db8edaa/diff:/var/lib/docker/overlay2/9683de8b3733106f256bd0eabc7cae13623b14493b9212e863449d42b8a87390/diff:/var/lib/docker/overlay2/f5e28e407d8811526fb7dd82e4fed08d5d3124c0f22f1a9496ed27b2b457d3dd/diff:/var/lib/docker/overlay2/e2980c91c6b3331cff3994ca6f327955bb5feaef0f96bc64edce80631fdbf829/diff","MergedDir":"/var/lib/docker/overlay2/05794d51525f65619c615558ef5f93d7c33eef44e12313fdcb3942911d0b5f7d/merged","UpperDir":"/var/lib/docker/overlay2/05794d51525f65619c615558ef5f93d7c33eef44e12313fdcb3942911d0b5f7d/diff","WorkDir":"/var/lib/docker/overlay2/05794d51525f65619c615558ef5f93d7c33eef44e12313fdcb3942911d0b5f7d/work"},"Name":"overlay2"},"Mounts":[{"Type":"volume","Name":"fe29345a30f82a1c969c40b069133e9d87168ce95967d67ac182ee42c059affb","Source":"/var/lib/docker/volumes/fe29345a30f82a1c969c40b069133e9d87168ce95967d67ac182ee42c059affb/_data","Destination":"/var/lib/mysql","Driver":"local","Mode":"","RW":true,"Propagation":""}],"Config":{"Hostname":"b4fc7afd9745","Domainname":"","User":"","AttachStdin":false,"AttachStdout":false,"AttachStderr":false,"ExposedPorts":{"3306/tcp":{},"33060/tcp":{}},"Tty":false,"OpenStdin":false,"StdinOnce":false,"Env":["MYSQL_DATABASE=adm_videos","MYSQL_PASSWORD=123456","MYSQL_ROOT_PASSWORD=123456","PATH=/usr/local/sbin:/usr/local/bin:/usr/sbin:/usr/bin:/sbin:/bin","GOSU_VERSION=1.14","MYSQL_MAJOR=8.0","MYSQL_VERSION=8.0.31-1.el8","MYSQL_SHELL_VERSION=8.0.31-1.el8"],"Cmd":["mysqld"],"Image":"mysql:latest","Volumes":{"/var/lib/mysql":{}},"WorkingDir":"","Entrypoint":["docker-entrypoint.sh"],"OnBuild":null,"Labels":{"org.testcontainers":"true","org.testcontainers.sessionId":"cdd139c9-cde1-4429-bea7-edb0e651ba16"}},"NetworkSettings":{"Bridge":"","SandboxID":"8404ec7d59006489fa5b6638879180586e9aa24c1c3ae79d40e26a8f453c93b1","HairpinMode":false,"LinkLocalIPv6Address":"","LinkLocalIPv6PrefixLen":0,"Ports":{"3306/tcp":[{"HostIp":"0.0.0.0","HostPort":"49156"},{"HostIp":"::","HostPort":"49156"}],"33060/tcp":null},"SandboxKey":"/var/run/docker/netns/8404ec7d5900","SecondaryIPAddresses":null,"SecondaryIPv6Addresses":null,"EndpointID":"28c851b70d88131a783e3d87b7c50320df5f3250ebca621b1b39353a2424212a","Gateway":"172.17.0.1","GlobalIPv6Address":"","GlobalIPv6PrefixLen":0,"IPAddress":"172.17.0.3","IPPrefixLen":16,"IPv6Gateway":"","MacAddress":"02:42:ac:11:00:03","Networks":{"bridge":{"IPAMConfig":null,"Links":null,"Aliases":null,"NetworkID":"bf06afe94eca8b5ab91eae0dbaa8561a6dd16832d429dcdbaa7ed1e003cfbe56","EndpointID":"28c851b70d88131a783e3d87b7c50320df5f3250ebca621b1b39353a2424212a","Gateway":"172.17.0.1","IPAddress":"172.17.0.3","IPPrefixLen":16,"IPv6Gateway":"","GlobalIPv6Address":"","GlobalIPv6PrefixLen":0,"MacAddress":"02:42:ac:11:00:03","DriverOpts":null}}}}[\n]"
18:30:13.759 [Test worker] DEBUG com.github.dockerjava.zerodep.shaded.org.apache.hc.client5.http.wire - http-outgoing-1 << "[\r][\n]"
18:30:13.759 [Test worker] DEBUG com.github.dockerjava.zerodep.shaded.org.apache.hc.client5.http.wire - http-outgoing-1 << "0[\r][\n]"
18:30:13.759 [Test worker] DEBUG com.github.dockerjava.zerodep.shaded.org.apache.hc.client5.http.wire - http-outgoing-1 << "[\r][\n]"
18:30:13.759 [Test worker] DEBUG com.github.dockerjava.zerodep.shaded.org.apache.hc.client5.http.headers - http-outgoing-1 << HTTP/1.1 200 OK
18:30:13.760 [Test worker] DEBUG com.github.dockerjava.zerodep.shaded.org.apache.hc.client5.http.headers - http-outgoing-1 << Api-Version: 1.41
18:30:13.760 [Test worker] DEBUG com.github.dockerjava.zerodep.shaded.org.apache.hc.client5.http.headers - http-outgoing-1 << Content-Type: application/json
18:30:13.760 [Test worker] DEBUG com.github.dockerjava.zerodep.shaded.org.apache.hc.client5.http.headers - http-outgoing-1 << Docker-Experimental: false
18:30:13.760 [Test worker] DEBUG com.github.dockerjava.zerodep.shaded.org.apache.hc.client5.http.headers - http-outgoing-1 << Ostype: linux
18:30:13.760 [Test worker] DEBUG com.github.dockerjava.zerodep.shaded.org.apache.hc.client5.http.headers - http-outgoing-1 << Server: Docker/20.10.17 (linux)
18:30:13.760 [Test worker] DEBUG com.github.dockerjava.zerodep.shaded.org.apache.hc.client5.http.headers - http-outgoing-1 << Date: Thu, 08 Dec 2022 21:30:13 GMT
18:30:13.760 [Test worker] DEBUG com.github.dockerjava.zerodep.shaded.org.apache.hc.client5.http.headers - http-outgoing-1 << Transfer-Encoding: chunked
18:30:13.760 [Test worker] DEBUG com.github.dockerjava.zerodep.shaded.org.apache.hc.client5.http.impl.classic.MainClientExec - ex-00000017: connection can be kept alive for 3 MINUTES
18:30:13.763 [Test worker] DEBUG com.github.dockerjava.zerodep.shaded.org.apache.hc.client5.http.impl.classic.InternalHttpClient - ep-00000016: releasing valid endpoint
18:30:13.763 [Test worker] DEBUG com.github.dockerjava.zerodep.shaded.org.apache.hc.client5.http.impl.io.PoolingHttpClientConnectionManager - ep-00000016: releasing endpoint
18:30:13.763 [Test worker] DEBUG com.github.dockerjava.zerodep.shaded.org.apache.hc.client5.http.impl.io.PoolingHttpClientConnectionManager - ep-00000016: connection http-outgoing-1 can be kept alive for 3 MINUTES
18:30:13.763 [Test worker] DEBUG com.github.dockerjava.zerodep.shaded.org.apache.hc.client5.http.impl.io.PoolingHttpClientConnectionManager - ep-00000016: connection released [route: {}->unix://localhost:2375][total available: 1; route allocated: 1 of 2147483647; total allocated: 1 of 2147483647]
18:30:13.763 [Test worker] DEBUG ]]>&#x1f433;<![CDATA[ [mysql:latest] - Trying to create JDBC connection using com.mysql.cj.jdbc.Driver to jdbc:mysql://localhost:49156/adm_videos?useSSL=false&allowPublicKeyRetrieval=true with properties: {password=123456, user=root}
18:30:13.866 [Test worker] DEBUG org.testcontainers.shaded.com.github.dockerjava.core.command.AbstrDockerCmd - Cmd: b4fc7afd97457a2a6ec84592488a57f900fa52ed03fcd2dbaf8a116bc1f50ab3,false
18:30:13.866 [Test worker] DEBUG org.testcontainers.shaded.com.github.dockerjava.core.exec.InspectContainerCmdExec - GET: DefaultWebTarget{path=[/containers/b4fc7afd97457a2a6ec84592488a57f900fa52ed03fcd2dbaf8a116bc1f50ab3/json], queryParams={}}
18:30:13.866 [Test worker] DEBUG com.github.dockerjava.zerodep.shaded.org.apache.hc.client5.http.impl.classic.InternalHttpClient - ex-00000018: preparing request execution
18:30:13.866 [Test worker] DEBUG com.github.dockerjava.zerodep.shaded.org.apache.hc.client5.http.protocol.RequestAddCookies - Cookie spec selected: strict
18:30:13.866 [Test worker] DEBUG com.github.dockerjava.zerodep.shaded.org.apache.hc.client5.http.protocol.RequestAuthCache - Auth cache not set in the context
18:30:13.866 [Test worker] DEBUG com.github.dockerjava.zerodep.shaded.org.apache.hc.client5.http.impl.classic.ProtocolExec - ex-00000018: target auth state: UNCHALLENGED
18:30:13.866 [Test worker] DEBUG com.github.dockerjava.zerodep.shaded.org.apache.hc.client5.http.impl.classic.ProtocolExec - ex-00000018: proxy auth state: UNCHALLENGED
18:30:13.866 [Test worker] DEBUG com.github.dockerjava.zerodep.shaded.org.apache.hc.client5.http.impl.classic.ConnectExec - ex-00000018: acquiring connection with route {}->unix://localhost:2375
18:30:13.866 [Test worker] DEBUG com.github.dockerjava.zerodep.shaded.org.apache.hc.client5.http.impl.classic.InternalHttpClient - ex-00000018: acquiring endpoint (3 MINUTES)
18:30:13.866 [Test worker] DEBUG com.github.dockerjava.zerodep.shaded.org.apache.hc.client5.http.impl.io.PoolingHttpClientConnectionManager - ex-00000018: endpoint lease request (3 MINUTES) [route: {}->unix://localhost:2375][total available: 1; route allocated: 1 of 2147483647; total allocated: 1 of 2147483647]
18:30:13.867 [Test worker] DEBUG com.github.dockerjava.zerodep.shaded.org.apache.hc.client5.http.impl.io.PoolingHttpClientConnectionManager - ex-00000018: endpoint leased [route: {}->unix://localhost:2375][total available: 0; route allocated: 1 of 2147483647; total allocated: 1 of 2147483647]
18:30:13.867 [Test worker] DEBUG com.github.dockerjava.zerodep.shaded.org.apache.hc.client5.http.impl.io.PoolingHttpClientConnectionManager - ex-00000018: acquired ep-00000017
18:30:13.867 [Test worker] DEBUG com.github.dockerjava.zerodep.shaded.org.apache.hc.client5.http.impl.classic.InternalHttpClient - ex-00000018: acquired endpoint ep-00000017
18:30:13.867 [Test worker] DEBUG com.github.dockerjava.zerodep.shaded.org.apache.hc.client5.http.impl.classic.MainClientExec - ex-00000018: executing GET /v1.32/containers/b4fc7afd97457a2a6ec84592488a57f900fa52ed03fcd2dbaf8a116bc1f50ab3/json HTTP/1.1
18:30:13.867 [Test worker] DEBUG com.github.dockerjava.zerodep.shaded.org.apache.hc.client5.http.impl.classic.InternalHttpClient - ep-00000017: start execution ex-00000018
18:30:13.867 [Test worker] DEBUG com.github.dockerjava.zerodep.shaded.org.apache.hc.client5.http.impl.io.PoolingHttpClientConnectionManager - ep-00000017: executing exchange ex-00000018 over http-outgoing-1
18:30:13.867 [Test worker] DEBUG com.github.dockerjava.zerodep.shaded.org.apache.hc.client5.http.headers - http-outgoing-1 >> GET /v1.32/containers/b4fc7afd97457a2a6ec84592488a57f900fa52ed03fcd2dbaf8a116bc1f50ab3/json HTTP/1.1
18:30:13.867 [Test worker] DEBUG com.github.dockerjava.zerodep.shaded.org.apache.hc.client5.http.headers - http-outgoing-1 >> accept: application/json
18:30:13.867 [Test worker] DEBUG com.github.dockerjava.zerodep.shaded.org.apache.hc.client5.http.headers - http-outgoing-1 >> x-tc-sid: cdd139c9-cde1-4429-bea7-edb0e651ba16
18:30:13.867 [Test worker] DEBUG com.github.dockerjava.zerodep.shaded.org.apache.hc.client5.http.headers - http-outgoing-1 >> Accept-Encoding: gzip, x-gzip, deflate
18:30:13.867 [Test worker] DEBUG com.github.dockerjava.zerodep.shaded.org.apache.hc.client5.http.headers - http-outgoing-1 >> Host: localhost:2375
18:30:13.867 [Test worker] DEBUG com.github.dockerjava.zerodep.shaded.org.apache.hc.client5.http.headers - http-outgoing-1 >> Connection: keep-alive
18:30:13.867 [Test worker] DEBUG com.github.dockerjava.zerodep.shaded.org.apache.hc.client5.http.headers - http-outgoing-1 >> User-Agent: Apache-HttpClient/5.0.3 (Java/17.0.2)
18:30:13.867 [Test worker] DEBUG com.github.dockerjava.zerodep.shaded.org.apache.hc.client5.http.wire - http-outgoing-1 >> "GET /v1.32/containers/b4fc7afd97457a2a6ec84592488a57f900fa52ed03fcd2dbaf8a116bc1f50ab3/json HTTP/1.1[\r][\n]"
18:30:13.867 [Test worker] DEBUG com.github.dockerjava.zerodep.shaded.org.apache.hc.client5.http.wire - http-outgoing-1 >> "accept: application/json[\r][\n]"
18:30:13.867 [Test worker] DEBUG com.github.dockerjava.zerodep.shaded.org.apache.hc.client5.http.wire - http-outgoing-1 >> "x-tc-sid: cdd139c9-cde1-4429-bea7-edb0e651ba16[\r][\n]"
18:30:13.867 [Test worker] DEBUG com.github.dockerjava.zerodep.shaded.org.apache.hc.client5.http.wire - http-outgoing-1 >> "Accept-Encoding: gzip, x-gzip, deflate[\r][\n]"
18:30:13.867 [Test worker] DEBUG com.github.dockerjava.zerodep.shaded.org.apache.hc.client5.http.wire - http-outgoing-1 >> "Host: localhost:2375[\r][\n]"
18:30:13.867 [Test worker] DEBUG com.github.dockerjava.zerodep.shaded.org.apache.hc.client5.http.wire - http-outgoing-1 >> "Connection: keep-alive[\r][\n]"
18:30:13.867 [Test worker] DEBUG com.github.dockerjava.zerodep.shaded.org.apache.hc.client5.http.wire - http-outgoing-1 >> "User-Agent: Apache-HttpClient/5.0.3 (Java/17.0.2)[\r][\n]"
18:30:13.867 [Test worker] DEBUG com.github.dockerjava.zerodep.shaded.org.apache.hc.client5.http.wire - http-outgoing-1 >> "[\r][\n]"
18:30:13.868 [Test worker] DEBUG com.github.dockerjava.zerodep.shaded.org.apache.hc.client5.http.wire - http-outgoing-1 << "HTTP/1.1 200 OK[\r][\n]"
18:30:13.868 [Test worker] DEBUG com.github.dockerjava.zerodep.shaded.org.apache.hc.client5.http.wire - http-outgoing-1 << "Api-Version: 1.41[\r][\n]"
18:30:13.868 [Test worker] DEBUG com.github.dockerjava.zerodep.shaded.org.apache.hc.client5.http.wire - http-outgoing-1 << "Content-Type: application/json[\r][\n]"
18:30:13.868 [Test worker] DEBUG com.github.dockerjava.zerodep.shaded.org.apache.hc.client5.http.wire - http-outgoing-1 << "Docker-Experimental: false[\r][\n]"
18:30:13.868 [Test worker] DEBUG com.github.dockerjava.zerodep.shaded.org.apache.hc.client5.http.wire - http-outgoing-1 << "Ostype: linux[\r][\n]"
18:30:13.868 [Test worker] DEBUG com.github.dockerjava.zerodep.shaded.org.apache.hc.client5.http.wire - http-outgoing-1 << "Server: Docker/20.10.17 (linux)[\r][\n]"
18:30:13.868 [Test worker] DEBUG com.github.dockerjava.zerodep.shaded.org.apache.hc.client5.http.wire - http-outgoing-1 << "Date: Thu, 08 Dec 2022 21:30:13 GMT[\r][\n]"
18:30:13.868 [Test worker] DEBUG com.github.dockerjava.zerodep.shaded.org.apache.hc.client5.http.wire - http-outgoing-1 << "Transfer-Encoding: chunked[\r][\n]"
18:30:13.868 [Test worker] DEBUG com.github.dockerjava.zerodep.shaded.org.apache.hc.client5.http.wire - http-outgoing-1 << "[\r][\n]"
18:30:13.868 [Test worker] DEBUG com.github.dockerjava.zerodep.shaded.org.apache.hc.client5.http.wire - http-outgoing-1 << "18a6[\r][\n]"
18:30:13.868 [Test worker] DEBUG com.github.dockerjava.zerodep.shaded.org.apache.hc.client5.http.wire - http-outgoing-1 << "{"Id":"b4fc7afd97457a2a6ec84592488a57f900fa52ed03fcd2dbaf8a116bc1f50ab3","Created":"2022-12-08T21:30:11.801619537Z","Path":"docker-entrypoint.sh","Args":["mysqld"],"State":{"Status":"running","Running":true,"Paused":false,"Restarting":false,"OOMKilled":false,"Dead":false,"Pid":148084,"ExitCode":0,"Error":"","StartedAt":"2022-12-08T21:30:12.370762583Z","FinishedAt":"0001-01-01T00:00:00Z"},"Image":"sha256:7484689f290f1defe06b65befc54cb6ad91a667cf0af59a265ffe76c46bd0478","ResolvConfPath":"/var/lib/docker/containers/b4fc7afd97457a2a6ec84592488a57f900fa52ed03fcd2dbaf8a116bc1f50ab3/resolv.conf","HostnamePath":"/var/lib/docker/containers/b4fc7afd97457a2a6ec84592488a57f900fa52ed03fcd2dbaf8a116bc1f50ab3/hostname","HostsPath":"/var/lib/docker/containers/b4fc7afd97457a2a6ec84592488a57f900fa52ed03fcd2dbaf8a116bc1f50ab3/hosts","LogPath":"/var/lib/docker/containers/b4fc7afd97457a2a6ec84592488a57f900fa52ed03fcd2dbaf8a116bc1f50ab3/b4fc7afd97457a2a6ec84592488a57f900fa52ed03fcd2dbaf8a116bc1f50ab3-json.log","Name":"/agitated_ptolemy","RestartCount":0,"Driver":"overlay2","Platform":"linux","MountLabel":"","ProcessLabel":"","AppArmorProfile":"docker-default","ExecIDs":null,"HostConfig":{"Binds":[],"ContainerIDFile":"","LogConfig":{"Type":"json-file","Config":{}},"NetworkMode":"default","PortBindings":{"3306/tcp":[{"HostIp":"","HostPort":""}]},"RestartPolicy":{"Name":"","MaximumRetryCount":0},"AutoRemove":false,"VolumeDriver":"","VolumesFrom":[],"CapAdd":null,"CapDrop":null,"CgroupnsMode":"private","Dns":null,"DnsOptions":null,"DnsSearch":null,"ExtraHosts":[],"GroupAdd":null,"IpcMode":"shareable","Cgroup":"","Links":null,"OomScoreAdj":0,"PidMode":"","Privileged":false,"PublishAllPorts":false,"ReadonlyRootfs":false,"SecurityOpt":null,"UTSMode":"","UsernsMode":"","ShmSize":67108864,"Runtime":"runc","ConsoleSize":[0,0],"Isolation":"","CpuShares":0,"Memory":0,"NanoCpus":0,"CgroupParent":"","BlkioWeight":0,"BlkioWeightDevice":null,"BlkioDeviceReadBps":null,"BlkioDeviceWriteBps":null,"BlkioDeviceReadIOps":null,"BlkioDeviceWriteIOps":null,"CpuPeriod":0,"CpuQuota":0,"CpuRealtimePeriod":0,"CpuRealtimeRuntime":0,"CpusetCpus":"","CpusetMems":"","Devices":null,"DeviceCgroupRules":null,"DeviceRequests":null,"KernelMemory":0,"KernelMemoryTCP":0,"MemoryReservation":0,"MemorySwap":0,"MemorySwappiness":null,"OomKillDisable":null,"PidsLimit":null,"Ulimits":null,"CpuCount":0,"CpuPercent":0,"IOMaximumIOps":0,"IOMaximumBandwidth":0,"MaskedPaths":["/proc/asound","/proc/acpi","/proc/kcore","/proc/keys","/proc/latency_stats","/proc/timer_list","/proc/timer_stats","/proc/sched_debug","/proc/scsi","/sys/firmware"],"ReadonlyPaths":["/proc/bus","/proc/fs","/proc/irq","/proc/sys","/proc/sysrq-trigger"]},"GraphDriver":{"Data":{"LowerDir":"/var/lib/docker/overlay2/05794d51525f65619c615558ef5f93d7c33eef44e12313fdcb3942911d0b5f7d-init/diff:/var/lib/docker/overlay2/f079a69cfd5e80e906b12f05a0c7bfaabc56ce63e947db68b722ae30905f1239/diff:/var/lib/docker/overlay2/9dfb63d6bb556846a13012421dde7951ef83a14d8ce1882287cce66f0f9bd055/diff:/var/lib/docker/overlay2/c4f8874ae33ddd14488f5051cd953acc020fa00ea72d28bd530450c0bc8f9903/diff:/var/lib/docker/overlay2/992683766b46aa5653160e6a34283b579a75000e230890d0ec0a6204af735697/diff:/var/lib/docker/overlay2/6e3fba0e1d6501c91c9bec723bb1364f75599c6c2026a6dc71773c88a49f890a/diff:/var/lib/docker/overlay2/c6c2a366f45a69704761d45d296d71bf2bf315efb15cb06ad88925ed235fad81/diff:/var/lib/docker/overlay2/7555f9b18615244719d04b23296ba418195e5e569d47baf9f1da7c3f053fe194/diff:/var/lib/docker/overlay2/7752eb17f8f8ba44a5ed178f499901fa7eb6f2e031c29ab160ee4eff4db8edaa/diff:/var/lib/docker/overlay2/9683de8b3733106f256bd0eabc7cae13623b14493b9212e863449d42b8a87390/diff:/var/lib/docker/overlay2/f5e28e407d8811526fb7dd82e4fed08d5d3124c0f22f1a9496ed27b2b457d3dd/diff:/var/lib/docker/overlay2/e2980c91c6b3331cff3994ca6f327955bb5feaef0f96bc64edce80631fdbf829/diff","MergedDir":"/var/lib/docker/overlay2/05794d51525f65619c615558ef5f93d7c33eef44e12313fdcb3942911d0b5f7d/merged","UpperDir":"/var/lib/docker/overlay2/05794d51525f65619c615558ef5f93d7c33eef44e12313fdcb3942911d0b5f7d/diff","WorkDir":"/var/lib/docker/overlay2/05794d51525f65619c615558ef5f93d7c33eef44e12313fdcb3942911d0b5f7d/work"},"Name":"overlay2"},"Mounts":[{"Type":"volume","Name":"fe29345a30f82a1c969c40b069133e9d87168ce95967d67ac182ee42c059affb","Source":"/var/lib/docker/volumes/fe29345a30f82a1c969c40b069133e9d87168ce95967d67ac182ee42c059affb/_data","Destination":"/var/lib/mysql","Driver":"local","Mode":"","RW":true,"Propagation":""}],"Config":{"Hostname":"b4fc7afd9745","Domainname":"","User":"","AttachStdin":false,"AttachStdout":false,"AttachStderr":false,"ExposedPorts":{"3306/tcp":{},"33060/tcp":{}},"Tty":false,"OpenStdin":false,"StdinOnce":false,"Env":["MYSQL_DATABASE=adm_videos","MYSQL_PASSWORD=123456","MYSQL_ROOT_PASSWORD=123456","PATH=/usr/local/sbin:/usr/local/bin:/usr/sbin:/usr/bin:/sbin:/bin","GOSU_VERSION=1.14","MYSQL_MAJOR=8.0","MYSQL_VERSION=8.0.31-1.el8","MYSQL_SHELL_VERSION=8.0.31-1.el8"],"Cmd":["mysqld"],"Image":"mysql:latest","Volumes":{"/var/lib/mysql":{}},"WorkingDir":"","Entrypoint":["docker-entrypoint.sh"],"OnBuild":null,"Labels":{"org.testcontainers":"true","org.testcontainers.sessionId":"cdd139c9-cde1-4429-bea7-edb0e651ba16"}},"NetworkSettings":{"Bridge":"","SandboxID":"8404ec7d59006489fa5b6638879180586e9aa24c1c3ae79d40e26a8f453c93b1","HairpinMode":false,"LinkLocalIPv6Address":"","LinkLocalIPv6PrefixLen":0,"Ports":{"3306/tcp":[{"HostIp":"0.0.0.0","HostPort":"49156"},{"HostIp":"::","HostPort":"49156"}],"33060/tcp":null},"SandboxKey":"/var/run/docker/netns/8404ec7d5900","SecondaryIPAddresses":null,"SecondaryIPv6Addresses":null,"EndpointID":"28c851b70d88131a783e3d87b7c50320df5f3250ebca621b1b39353a2424212a","Gateway":"172.17.0.1","GlobalIPv6Address":"","GlobalIPv6PrefixLen":0,"IPAddress":"172.17.0.3","IPPrefixLen":16,"IPv6Gateway":"","MacAddress":"02:42:ac:11:00:03","Networks":{"bridge":{"IPAMConfig":null,"Links":null,"Aliases":null,"NetworkID":"bf06afe94eca8b5ab91eae0dbaa8561a6dd16832d429dcdbaa7ed1e003cfbe56","EndpointID":"28c851b70d88131a783e3d87b7c50320df5f3250ebca621b1b39353a2424212a","Gateway":"172.17.0.1","IPAddress":"172.17.0.3","IPPrefixLen":16,"IPv6Gateway":"","GlobalIPv6Address":"","GlobalIPv6PrefixLen":0,"MacAddress":"02:42:ac:11:00:03","DriverOpts":null}}}}[\n]"
18:30:13.868 [Test worker] DEBUG com.github.dockerjava.zerodep.shaded.org.apache.hc.client5.http.wire - http-outgoing-1 << "[\r][\n]"
18:30:13.868 [Test worker] DEBUG com.github.dockerjava.zerodep.shaded.org.apache.hc.client5.http.wire - http-outgoing-1 << "0[\r][\n]"
18:30:13.868 [Test worker] DEBUG com.github.dockerjava.zerodep.shaded.org.apache.hc.client5.http.wire - http-outgoing-1 << "[\r][\n]"
18:30:13.868 [Test worker] DEBUG com.github.dockerjava.zerodep.shaded.org.apache.hc.client5.http.headers - http-outgoing-1 << HTTP/1.1 200 OK
18:30:13.868 [Test worker] DEBUG com.github.dockerjava.zerodep.shaded.org.apache.hc.client5.http.headers - http-outgoing-1 << Api-Version: 1.41
18:30:13.868 [Test worker] DEBUG com.github.dockerjava.zerodep.shaded.org.apache.hc.client5.http.headers - http-outgoing-1 << Content-Type: application/json
18:30:13.868 [Test worker] DEBUG com.github.dockerjava.zerodep.shaded.org.apache.hc.client5.http.headers - http-outgoing-1 << Docker-Experimental: false
18:30:13.868 [Test worker] DEBUG com.github.dockerjava.zerodep.shaded.org.apache.hc.client5.http.headers - http-outgoing-1 << Ostype: linux
18:30:13.868 [Test worker] DEBUG com.github.dockerjava.zerodep.shaded.org.apache.hc.client5.http.headers - http-outgoing-1 << Server: Docker/20.10.17 (linux)
18:30:13.868 [Test worker] DEBUG com.github.dockerjava.zerodep.shaded.org.apache.hc.client5.http.headers - http-outgoing-1 << Date: Thu, 08 Dec 2022 21:30:13 GMT
18:30:13.868 [Test worker] DEBUG com.github.dockerjava.zerodep.shaded.org.apache.hc.client5.http.headers - http-outgoing-1 << Transfer-Encoding: chunked
18:30:13.868 [Test worker] DEBUG com.github.dockerjava.zerodep.shaded.org.apache.hc.client5.http.impl.classic.MainClientExec - ex-00000018: connection can be kept alive for 3 MINUTES
18:30:13.870 [Test worker] DEBUG com.github.dockerjava.zerodep.shaded.org.apache.hc.client5.http.impl.classic.InternalHttpClient - ep-00000017: releasing valid endpoint
18:30:13.870 [Test worker] DEBUG com.github.dockerjava.zerodep.shaded.org.apache.hc.client5.http.impl.io.PoolingHttpClientConnectionManager - ep-00000017: releasing endpoint
18:30:13.870 [Test worker] DEBUG com.github.dockerjava.zerodep.shaded.org.apache.hc.client5.http.impl.io.PoolingHttpClientConnectionManager - ep-00000017: connection http-outgoing-1 can be kept alive for 3 MINUTES
18:30:13.870 [Test worker] DEBUG com.github.dockerjava.zerodep.shaded.org.apache.hc.client5.http.impl.io.PoolingHttpClientConnectionManager - ep-00000017: connection released [route: {}->unix://localhost:2375][total available: 1; route allocated: 1 of 2147483647; total allocated: 1 of 2147483647]
18:30:13.870 [Test worker] DEBUG ]]>&#x1f433;<![CDATA[ [mysql:latest] - Trying to create JDBC connection using com.mysql.cj.jdbc.Driver to jdbc:mysql://localhost:49156/adm_videos?useSSL=false&allowPublicKeyRetrieval=true with properties: {password=123456, user=root}
18:30:13.972 [Test worker] DEBUG org.testcontainers.shaded.com.github.dockerjava.core.command.AbstrDockerCmd - Cmd: b4fc7afd97457a2a6ec84592488a57f900fa52ed03fcd2dbaf8a116bc1f50ab3,false
18:30:13.972 [Test worker] DEBUG org.testcontainers.shaded.com.github.dockerjava.core.exec.InspectContainerCmdExec - GET: DefaultWebTarget{path=[/containers/b4fc7afd97457a2a6ec84592488a57f900fa52ed03fcd2dbaf8a116bc1f50ab3/json], queryParams={}}
18:30:13.973 [Test worker] DEBUG com.github.dockerjava.zerodep.shaded.org.apache.hc.client5.http.impl.classic.InternalHttpClient - ex-00000019: preparing request execution
18:30:13.973 [Test worker] DEBUG com.github.dockerjava.zerodep.shaded.org.apache.hc.client5.http.protocol.RequestAddCookies - Cookie spec selected: strict
18:30:13.973 [Test worker] DEBUG com.github.dockerjava.zerodep.shaded.org.apache.hc.client5.http.protocol.RequestAuthCache - Auth cache not set in the context
18:30:13.973 [Test worker] DEBUG com.github.dockerjava.zerodep.shaded.org.apache.hc.client5.http.impl.classic.ProtocolExec - ex-00000019: target auth state: UNCHALLENGED
18:30:13.973 [Test worker] DEBUG com.github.dockerjava.zerodep.shaded.org.apache.hc.client5.http.impl.classic.ProtocolExec - ex-00000019: proxy auth state: UNCHALLENGED
18:30:13.973 [Test worker] DEBUG com.github.dockerjava.zerodep.shaded.org.apache.hc.client5.http.impl.classic.ConnectExec - ex-00000019: acquiring connection with route {}->unix://localhost:2375
18:30:13.973 [Test worker] DEBUG com.github.dockerjava.zerodep.shaded.org.apache.hc.client5.http.impl.classic.InternalHttpClient - ex-00000019: acquiring endpoint (3 MINUTES)
18:30:13.973 [Test worker] DEBUG com.github.dockerjava.zerodep.shaded.org.apache.hc.client5.http.impl.io.PoolingHttpClientConnectionManager - ex-00000019: endpoint lease request (3 MINUTES) [route: {}->unix://localhost:2375][total available: 1; route allocated: 1 of 2147483647; total allocated: 1 of 2147483647]
18:30:13.973 [Test worker] DEBUG com.github.dockerjava.zerodep.shaded.org.apache.hc.client5.http.impl.io.PoolingHttpClientConnectionManager - ex-00000019: endpoint leased [route: {}->unix://localhost:2375][total available: 0; route allocated: 1 of 2147483647; total allocated: 1 of 2147483647]
18:30:13.973 [Test worker] DEBUG com.github.dockerjava.zerodep.shaded.org.apache.hc.client5.http.impl.io.PoolingHttpClientConnectionManager - ex-00000019: acquired ep-00000018
18:30:13.973 [Test worker] DEBUG com.github.dockerjava.zerodep.shaded.org.apache.hc.client5.http.impl.classic.InternalHttpClient - ex-00000019: acquired endpoint ep-00000018
18:30:13.973 [Test worker] DEBUG com.github.dockerjava.zerodep.shaded.org.apache.hc.client5.http.impl.classic.MainClientExec - ex-00000019: executing GET /v1.32/containers/b4fc7afd97457a2a6ec84592488a57f900fa52ed03fcd2dbaf8a116bc1f50ab3/json HTTP/1.1
18:30:13.973 [Test worker] DEBUG com.github.dockerjava.zerodep.shaded.org.apache.hc.client5.http.impl.classic.InternalHttpClient - ep-00000018: start execution ex-00000019
18:30:13.973 [Test worker] DEBUG com.github.dockerjava.zerodep.shaded.org.apache.hc.client5.http.impl.io.PoolingHttpClientConnectionManager - ep-00000018: executing exchange ex-00000019 over http-outgoing-1
18:30:13.973 [Test worker] DEBUG com.github.dockerjava.zerodep.shaded.org.apache.hc.client5.http.headers - http-outgoing-1 >> GET /v1.32/containers/b4fc7afd97457a2a6ec84592488a57f900fa52ed03fcd2dbaf8a116bc1f50ab3/json HTTP/1.1
18:30:13.973 [Test worker] DEBUG com.github.dockerjava.zerodep.shaded.org.apache.hc.client5.http.headers - http-outgoing-1 >> accept: application/json
18:30:13.973 [Test worker] DEBUG com.github.dockerjava.zerodep.shaded.org.apache.hc.client5.http.headers - http-outgoing-1 >> x-tc-sid: cdd139c9-cde1-4429-bea7-edb0e651ba16
18:30:13.973 [Test worker] DEBUG com.github.dockerjava.zerodep.shaded.org.apache.hc.client5.http.headers - http-outgoing-1 >> Accept-Encoding: gzip, x-gzip, deflate
18:30:13.973 [Test worker] DEBUG com.github.dockerjava.zerodep.shaded.org.apache.hc.client5.http.headers - http-outgoing-1 >> Host: localhost:2375
18:30:13.973 [Test worker] DEBUG com.github.dockerjava.zerodep.shaded.org.apache.hc.client5.http.headers - http-outgoing-1 >> Connection: keep-alive
18:30:13.973 [Test worker] DEBUG com.github.dockerjava.zerodep.shaded.org.apache.hc.client5.http.headers - http-outgoing-1 >> User-Agent: Apache-HttpClient/5.0.3 (Java/17.0.2)
18:30:13.974 [Test worker] DEBUG com.github.dockerjava.zerodep.shaded.org.apache.hc.client5.http.wire - http-outgoing-1 >> "GET /v1.32/containers/b4fc7afd97457a2a6ec84592488a57f900fa52ed03fcd2dbaf8a116bc1f50ab3/json HTTP/1.1[\r][\n]"
18:30:13.974 [Test worker] DEBUG com.github.dockerjava.zerodep.shaded.org.apache.hc.client5.http.wire - http-outgoing-1 >> "accept: application/json[\r][\n]"
18:30:13.974 [Test worker] DEBUG com.github.dockerjava.zerodep.shaded.org.apache.hc.client5.http.wire - http-outgoing-1 >> "x-tc-sid: cdd139c9-cde1-4429-bea7-edb0e651ba16[\r][\n]"
18:30:13.974 [Test worker] DEBUG com.github.dockerjava.zerodep.shaded.org.apache.hc.client5.http.wire - http-outgoing-1 >> "Accept-Encoding: gzip, x-gzip, deflate[\r][\n]"
18:30:13.974 [Test worker] DEBUG com.github.dockerjava.zerodep.shaded.org.apache.hc.client5.http.wire - http-outgoing-1 >> "Host: localhost:2375[\r][\n]"
18:30:13.974 [Test worker] DEBUG com.github.dockerjava.zerodep.shaded.org.apache.hc.client5.http.wire - http-outgoing-1 >> "Connection: keep-alive[\r][\n]"
18:30:13.974 [Test worker] DEBUG com.github.dockerjava.zerodep.shaded.org.apache.hc.client5.http.wire - http-outgoing-1 >> "User-Agent: Apache-HttpClient/5.0.3 (Java/17.0.2)[\r][\n]"
18:30:13.974 [Test worker] DEBUG com.github.dockerjava.zerodep.shaded.org.apache.hc.client5.http.wire - http-outgoing-1 >> "[\r][\n]"
18:30:13.974 [Test worker] DEBUG com.github.dockerjava.zerodep.shaded.org.apache.hc.client5.http.wire - http-outgoing-1 << "HTTP/1.1 200 OK[\r][\n]"
18:30:13.974 [Test worker] DEBUG com.github.dockerjava.zerodep.shaded.org.apache.hc.client5.http.wire - http-outgoing-1 << "Api-Version: 1.41[\r][\n]"
18:30:13.974 [Test worker] DEBUG com.github.dockerjava.zerodep.shaded.org.apache.hc.client5.http.wire - http-outgoing-1 << "Content-Type: application/json[\r][\n]"
18:30:13.974 [Test worker] DEBUG com.github.dockerjava.zerodep.shaded.org.apache.hc.client5.http.wire - http-outgoing-1 << "Docker-Experimental: false[\r][\n]"
18:30:13.974 [Test worker] DEBUG com.github.dockerjava.zerodep.shaded.org.apache.hc.client5.http.wire - http-outgoing-1 << "Ostype: linux[\r][\n]"
18:30:13.974 [Test worker] DEBUG com.github.dockerjava.zerodep.shaded.org.apache.hc.client5.http.wire - http-outgoing-1 << "Server: Docker/20.10.17 (linux)[\r][\n]"
18:30:13.974 [Test worker] DEBUG com.github.dockerjava.zerodep.shaded.org.apache.hc.client5.http.wire - http-outgoing-1 << "Date: Thu, 08 Dec 2022 21:30:13 GMT[\r][\n]"
18:30:13.974 [Test worker] DEBUG com.github.dockerjava.zerodep.shaded.org.apache.hc.client5.http.wire - http-outgoing-1 << "Transfer-Encoding: chunked[\r][\n]"
18:30:13.974 [Test worker] DEBUG com.github.dockerjava.zerodep.shaded.org.apache.hc.client5.http.wire - http-outgoing-1 << "[\r][\n]"
18:30:13.974 [Test worker] DEBUG com.github.dockerjava.zerodep.shaded.org.apache.hc.client5.http.wire - http-outgoing-1 << "18a6[\r][\n]"
18:30:13.974 [Test worker] DEBUG com.github.dockerjava.zerodep.shaded.org.apache.hc.client5.http.wire - http-outgoing-1 << "{"Id":"b4fc7afd97457a2a6ec84592488a57f900fa52ed03fcd2dbaf8a116bc1f50ab3","Created":"2022-12-08T21:30:11.801619537Z","Path":"docker-entrypoint.sh","Args":["mysqld"],"State":{"Status":"running","Running":true,"Paused":false,"Restarting":false,"OOMKilled":false,"Dead":false,"Pid":148084,"ExitCode":0,"Error":"","StartedAt":"2022-12-08T21:30:12.370762583Z","FinishedAt":"0001-01-01T00:00:00Z"},"Image":"sha256:7484689f290f1defe06b65befc54cb6ad91a667cf0af59a265ffe76c46bd0478","ResolvConfPath":"/var/lib/docker/containers/b4fc7afd97457a2a6ec84592488a57f900fa52ed03fcd2dbaf8a116bc1f50ab3/resolv.conf","HostnamePath":"/var/lib/docker/containers/b4fc7afd97457a2a6ec84592488a57f900fa52ed03fcd2dbaf8a116bc1f50ab3/hostname","HostsPath":"/var/lib/docker/containers/b4fc7afd97457a2a6ec84592488a57f900fa52ed03fcd2dbaf8a116bc1f50ab3/hosts","LogPath":"/var/lib/docker/containers/b4fc7afd97457a2a6ec84592488a57f900fa52ed03fcd2dbaf8a116bc1f50ab3/b4fc7afd97457a2a6ec84592488a57f900fa52ed03fcd2dbaf8a116bc1f50ab3-json.log","Name":"/agitated_ptolemy","RestartCount":0,"Driver":"overlay2","Platform":"linux","MountLabel":"","ProcessLabel":"","AppArmorProfile":"docker-default","ExecIDs":null,"HostConfig":{"Binds":[],"ContainerIDFile":"","LogConfig":{"Type":"json-file","Config":{}},"NetworkMode":"default","PortBindings":{"3306/tcp":[{"HostIp":"","HostPort":""}]},"RestartPolicy":{"Name":"","MaximumRetryCount":0},"AutoRemove":false,"VolumeDriver":"","VolumesFrom":[],"CapAdd":null,"CapDrop":null,"CgroupnsMode":"private","Dns":null,"DnsOptions":null,"DnsSearch":null,"ExtraHosts":[],"GroupAdd":null,"IpcMode":"shareable","Cgroup":"","Links":null,"OomScoreAdj":0,"PidMode":"","Privileged":false,"PublishAllPorts":false,"ReadonlyRootfs":false,"SecurityOpt":null,"UTSMode":"","UsernsMode":"","ShmSize":67108864,"Runtime":"runc","ConsoleSize":[0,0],"Isolation":"","CpuShares":0,"Memory":0,"NanoCpus":0,"CgroupParent":"","BlkioWeight":0,"BlkioWeightDevice":null,"BlkioDeviceReadBps":null,"BlkioDeviceWriteBps":null,"BlkioDeviceReadIOps":null,"BlkioDeviceWriteIOps":null,"CpuPeriod":0,"CpuQuota":0,"CpuRealtimePeriod":0,"CpuRealtimeRuntime":0,"CpusetCpus":"","CpusetMems":"","Devices":null,"DeviceCgroupRules":null,"DeviceRequests":null,"KernelMemory":0,"KernelMemoryTCP":0,"MemoryReservation":0,"MemorySwap":0,"MemorySwappiness":null,"OomKillDisable":null,"PidsLimit":null,"Ulimits":null,"CpuCount":0,"CpuPercent":0,"IOMaximumIOps":0,"IOMaximumBandwidth":0,"MaskedPaths":["/proc/asound","/proc/acpi","/proc/kcore","/proc/keys","/proc/latency_stats","/proc/timer_list","/proc/timer_stats","/proc/sched_debug","/proc/scsi","/sys/firmware"],"ReadonlyPaths":["/proc/bus","/proc/fs","/proc/irq","/proc/sys","/proc/sysrq-trigger"]},"GraphDriver":{"Data":{"LowerDir":"/var/lib/docker/overlay2/05794d51525f65619c615558ef5f93d7c33eef44e12313fdcb3942911d0b5f7d-init/diff:/var/lib/docker/overlay2/f079a69cfd5e80e906b12f05a0c7bfaabc56ce63e947db68b722ae30905f1239/diff:/var/lib/docker/overlay2/9dfb63d6bb556846a13012421dde7951ef83a14d8ce1882287cce66f0f9bd055/diff:/var/lib/docker/overlay2/c4f8874ae33ddd14488f5051cd953acc020fa00ea72d28bd530450c0bc8f9903/diff:/var/lib/docker/overlay2/992683766b46aa5653160e6a34283b579a75000e230890d0ec0a6204af735697/diff:/var/lib/docker/overlay2/6e3fba0e1d6501c91c9bec723bb1364f75599c6c2026a6dc71773c88a49f890a/diff:/var/lib/docker/overlay2/c6c2a366f45a69704761d45d296d71bf2bf315efb15cb06ad88925ed235fad81/diff:/var/lib/docker/overlay2/7555f9b18615244719d04b23296ba418195e5e569d47baf9f1da7c3f053fe194/diff:/var/lib/docker/overlay2/7752eb17f8f8ba44a5ed178f499901fa7eb6f2e031c29ab160ee4eff4db8edaa/diff:/var/lib/docker/overlay2/9683de8b3733106f256bd0eabc7cae13623b14493b9212e863449d42b8a87390/diff:/var/lib/docker/overlay2/f5e28e407d8811526fb7dd82e4fed08d5d3124c0f22f1a9496ed27b2b457d3dd/diff:/var/lib/docker/overlay2/e2980c91c6b3331cff3994ca6f327955bb5feaef0f96bc64edce80631fdbf829/di"
18:30:13.975 [Test worker] DEBUG com.github.dockerjava.zerodep.shaded.org.apache.hc.client5.http.headers - http-outgoing-1 << HTTP/1.1 200 OK
18:30:13.975 [Test worker] DEBUG com.github.dockerjava.zerodep.shaded.org.apache.hc.client5.http.headers - http-outgoing-1 << Api-Version: 1.41
18:30:13.975 [Test worker] DEBUG com.github.dockerjava.zerodep.shaded.org.apache.hc.client5.http.headers - http-outgoing-1 << Content-Type: application/json
18:30:13.975 [Test worker] DEBUG com.github.dockerjava.zerodep.shaded.org.apache.hc.client5.http.headers - http-outgoing-1 << Docker-Experimental: false
18:30:13.975 [Test worker] DEBUG com.github.dockerjava.zerodep.shaded.org.apache.hc.client5.http.headers - http-outgoing-1 << Ostype: linux
18:30:13.975 [Test worker] DEBUG com.github.dockerjava.zerodep.shaded.org.apache.hc.client5.http.headers - http-outgoing-1 << Server: Docker/20.10.17 (linux)
18:30:13.975 [Test worker] DEBUG com.github.dockerjava.zerodep.shaded.org.apache.hc.client5.http.headers - http-outgoing-1 << Date: Thu, 08 Dec 2022 21:30:13 GMT
18:30:13.975 [Test worker] DEBUG com.github.dockerjava.zerodep.shaded.org.apache.hc.client5.http.headers - http-outgoing-1 << Transfer-Encoding: chunked
18:30:13.975 [Test worker] DEBUG com.github.dockerjava.zerodep.shaded.org.apache.hc.client5.http.impl.classic.MainClientExec - ex-00000019: connection can be kept alive for 3 MINUTES
18:30:13.976 [Test worker] DEBUG com.github.dockerjava.zerodep.shaded.org.apache.hc.client5.http.wire - http-outgoing-1 << "ff","MergedDir":"/var/lib/docker/overlay2/05794d51525f65619c615558ef5f93d7c33eef44e12313fdcb3942911d0b5f7d/merged","UpperDir":"/var/lib/docker/overlay2/05794d51525f65619c615558ef5f93d7c33eef44e12313fdcb3942911d0b5f7d/diff","WorkDir":"/var/lib/docker/overlay2/05794d51525f65619c615558ef5f93d7c33eef44e12313fdcb3942911d0b5f7d/work"},"Name":"overlay2"},"Mounts":[{"Type":"volume","Name":"fe29345a30f82a1c969c40b069133e9d87168ce95967d67ac182ee42c059affb","Source":"/var/lib/docker/volumes/fe29345a30f82a1c969c40b069133e9d87168ce95967d67ac182ee42c059affb/_data","Destination":"/var/lib/mysql","Driver":"local","Mode":"","RW":true,"Propagation":""}],"Config":{"Hostname":"b4fc7afd9745","Domainname":"","User":"","AttachStdin":false,"AttachStdout":false,"AttachStderr":false,"ExposedPorts":{"3306/tcp":{},"33060/tcp":{}},"Tty":false,"OpenStdin":false,"StdinOnce":false,"Env":["MYSQL_DATABASE=adm_videos","MYSQL_PASSWORD=123456","MYSQL_ROOT_PASSWORD=123456","PATH=/usr/local/sbin:/usr/local/bin:/usr/sbin:/usr/bin:/sbin:/bin","GOSU_VERSION=1.14","MYSQL_MAJOR=8.0","MYSQL_VERSION=8.0.31-1.el8","MYSQL_SHELL_VERSION=8.0.31-1.el8"],"Cmd":["mysqld"],"Image":"mysql:latest","Volumes":{"/var/lib/mysql":{}},"WorkingDir":"","Entrypoint":["docker-entrypoint.sh"],"OnBuild":null,"Labels":{"org.testcontainers":"true","org.testcontainers.sessionId":"cdd139c9-cde1-4429-bea7-edb0e651ba16"}},"NetworkSettings":{"Bridge":"","SandboxID":"8404ec7d59006489fa5b6638879180586e9aa24c1c3ae79d40e26a8f453c93b1","HairpinMode":false,"LinkLocalIPv6Address":"","LinkLocalIPv6PrefixLen":0,"Ports":{"3306/tcp":[{"HostIp":"0.0.0.0","HostPort":"49156"},{"HostIp":"::","HostPort":"49156"}],"33060/tcp":null},"SandboxKey":"/var/run/docker/netns/8404ec7d5900","SecondaryIPAddresses":null,"SecondaryIPv6Addresses":null,"EndpointID":"28c851b70d88131a783e3d87b7c50320df5f3250ebca621b1b39353a2424212a","Gateway":"172.17.0.1","GlobalIPv6Address":"","GlobalIPv6PrefixLen":0,"IPAddress":"172.17.0.3","IPPrefixLen":16,"IPv6Gateway":"","MacAddress":"02:42:ac:11:00:03","Networks":{"bridge":{"IPAMConfig":null,"Links":null,"Aliases":null,"NetworkID":"bf06afe94eca8b5ab91eae0dbaa8561a6dd16832d429dcdbaa7ed1e003cfbe56","EndpointID":"28c851b70d88131a783e3d87b7c50320df5f3250ebca621b1b39353a2424212a","Gateway":"172.17.0.1","IPAddress":"172.17.0.3","IPPrefixLen":16,"IPv6Gateway":"","GlobalIPv6Address":"","GlobalIPv6PrefixLen":0,"MacAddress":"02:42:ac:11:00:03","DriverOpts":null}}}}[\n]"
18:30:13.989 [Test worker] DEBUG com.github.dockerjava.zerodep.shaded.org.apache.hc.client5.http.wire - http-outgoing-1 << "[\r][\n]"
18:30:13.989 [Test worker] DEBUG com.github.dockerjava.zerodep.shaded.org.apache.hc.client5.http.wire - http-outgoing-1 << "0[\r][\n]"
18:30:13.989 [Test worker] DEBUG com.github.dockerjava.zerodep.shaded.org.apache.hc.client5.http.wire - http-outgoing-1 << "[\r][\n]"
18:30:13.989 [Test worker] DEBUG com.github.dockerjava.zerodep.shaded.org.apache.hc.client5.http.impl.classic.InternalHttpClient - ep-00000018: releasing valid endpoint
18:30:13.989 [Test worker] DEBUG com.github.dockerjava.zerodep.shaded.org.apache.hc.client5.http.impl.io.PoolingHttpClientConnectionManager - ep-00000018: releasing endpoint
18:30:13.989 [Test worker] DEBUG com.github.dockerjava.zerodep.shaded.org.apache.hc.client5.http.impl.io.PoolingHttpClientConnectionManager - ep-00000018: connection http-outgoing-1 can be kept alive for 3 MINUTES
18:30:13.989 [Test worker] DEBUG com.github.dockerjava.zerodep.shaded.org.apache.hc.client5.http.impl.io.PoolingHttpClientConnectionManager - ep-00000018: connection released [route: {}->unix://localhost:2375][total available: 1; route allocated: 1 of 2147483647; total allocated: 1 of 2147483647]
18:30:13.989 [Test worker] DEBUG ]]>&#x1f433;<![CDATA[ [mysql:latest] - Trying to create JDBC connection using com.mysql.cj.jdbc.Driver to jdbc:mysql://localhost:49156/adm_videos?useSSL=false&allowPublicKeyRetrieval=true with properties: {password=123456, user=root}
18:30:14.093 [Test worker] DEBUG org.testcontainers.shaded.com.github.dockerjava.core.command.AbstrDockerCmd - Cmd: b4fc7afd97457a2a6ec84592488a57f900fa52ed03fcd2dbaf8a116bc1f50ab3,false
18:30:14.094 [Test worker] DEBUG org.testcontainers.shaded.com.github.dockerjava.core.exec.InspectContainerCmdExec - GET: DefaultWebTarget{path=[/containers/b4fc7afd97457a2a6ec84592488a57f900fa52ed03fcd2dbaf8a116bc1f50ab3/json], queryParams={}}
18:30:14.094 [Test worker] DEBUG com.github.dockerjava.zerodep.shaded.org.apache.hc.client5.http.impl.classic.InternalHttpClient - ex-0000001A: preparing request execution
18:30:14.094 [Test worker] DEBUG com.github.dockerjava.zerodep.shaded.org.apache.hc.client5.http.protocol.RequestAddCookies - Cookie spec selected: strict
18:30:14.094 [Test worker] DEBUG com.github.dockerjava.zerodep.shaded.org.apache.hc.client5.http.protocol.RequestAuthCache - Auth cache not set in the context
18:30:14.094 [Test worker] DEBUG com.github.dockerjava.zerodep.shaded.org.apache.hc.client5.http.impl.classic.ProtocolExec - ex-0000001A: target auth state: UNCHALLENGED
18:30:14.094 [Test worker] DEBUG com.github.dockerjava.zerodep.shaded.org.apache.hc.client5.http.impl.classic.ProtocolExec - ex-0000001A: proxy auth state: UNCHALLENGED
18:30:14.094 [Test worker] DEBUG com.github.dockerjava.zerodep.shaded.org.apache.hc.client5.http.impl.classic.ConnectExec - ex-0000001A: acquiring connection with route {}->unix://localhost:2375
18:30:14.094 [Test worker] DEBUG com.github.dockerjava.zerodep.shaded.org.apache.hc.client5.http.impl.classic.InternalHttpClient - ex-0000001A: acquiring endpoint (3 MINUTES)
18:30:14.094 [Test worker] DEBUG com.github.dockerjava.zerodep.shaded.org.apache.hc.client5.http.impl.io.PoolingHttpClientConnectionManager - ex-0000001A: endpoint lease request (3 MINUTES) [route: {}->unix://localhost:2375][total available: 1; route allocated: 1 of 2147483647; total allocated: 1 of 2147483647]
18:30:14.095 [Test worker] DEBUG com.github.dockerjava.zerodep.shaded.org.apache.hc.client5.http.impl.io.PoolingHttpClientConnectionManager - ex-0000001A: endpoint leased [route: {}->unix://localhost:2375][total available: 0; route allocated: 1 of 2147483647; total allocated: 1 of 2147483647]
18:30:14.095 [Test worker] DEBUG com.github.dockerjava.zerodep.shaded.org.apache.hc.client5.http.impl.io.PoolingHttpClientConnectionManager - ex-0000001A: acquired ep-00000019
18:30:14.095 [Test worker] DEBUG com.github.dockerjava.zerodep.shaded.org.apache.hc.client5.http.impl.classic.InternalHttpClient - ex-0000001A: acquired endpoint ep-00000019
18:30:14.095 [Test worker] DEBUG com.github.dockerjava.zerodep.shaded.org.apache.hc.client5.http.impl.classic.MainClientExec - ex-0000001A: executing GET /v1.32/containers/b4fc7afd97457a2a6ec84592488a57f900fa52ed03fcd2dbaf8a116bc1f50ab3/json HTTP/1.1
18:30:14.095 [Test worker] DEBUG com.github.dockerjava.zerodep.shaded.org.apache.hc.client5.http.impl.classic.InternalHttpClient - ep-00000019: start execution ex-0000001A
18:30:14.095 [Test worker] DEBUG com.github.dockerjava.zerodep.shaded.org.apache.hc.client5.http.impl.io.PoolingHttpClientConnectionManager - ep-00000019: executing exchange ex-0000001A over http-outgoing-1
18:30:14.095 [Test worker] DEBUG com.github.dockerjava.zerodep.shaded.org.apache.hc.client5.http.headers - http-outgoing-1 >> GET /v1.32/containers/b4fc7afd97457a2a6ec84592488a57f900fa52ed03fcd2dbaf8a116bc1f50ab3/json HTTP/1.1
18:30:14.095 [Test worker] DEBUG com.github.dockerjava.zerodep.shaded.org.apache.hc.client5.http.headers - http-outgoing-1 >> accept: application/json
18:30:14.095 [Test worker] DEBUG com.github.dockerjava.zerodep.shaded.org.apache.hc.client5.http.headers - http-outgoing-1 >> x-tc-sid: cdd139c9-cde1-4429-bea7-edb0e651ba16
18:30:14.095 [Test worker] DEBUG com.github.dockerjava.zerodep.shaded.org.apache.hc.client5.http.headers - http-outgoing-1 >> Accept-Encoding: gzip, x-gzip, deflate
18:30:14.095 [Test worker] DEBUG com.github.dockerjava.zerodep.shaded.org.apache.hc.client5.http.headers - http-outgoing-1 >> Host: localhost:2375
18:30:14.095 [Test worker] DEBUG com.github.dockerjava.zerodep.shaded.org.apache.hc.client5.http.headers - http-outgoing-1 >> Connection: keep-alive
18:30:14.095 [Test worker] DEBUG com.github.dockerjava.zerodep.shaded.org.apache.hc.client5.http.headers - http-outgoing-1 >> User-Agent: Apache-HttpClient/5.0.3 (Java/17.0.2)
18:30:14.095 [Test worker] DEBUG com.github.dockerjava.zerodep.shaded.org.apache.hc.client5.http.wire - http-outgoing-1 >> "GET /v1.32/containers/b4fc7afd97457a2a6ec84592488a57f900fa52ed03fcd2dbaf8a116bc1f50ab3/json HTTP/1.1[\r][\n]"
18:30:14.095 [Test worker] DEBUG com.github.dockerjava.zerodep.shaded.org.apache.hc.client5.http.wire - http-outgoing-1 >> "accept: application/json[\r][\n]"
18:30:14.095 [Test worker] DEBUG com.github.dockerjava.zerodep.shaded.org.apache.hc.client5.http.wire - http-outgoing-1 >> "x-tc-sid: cdd139c9-cde1-4429-bea7-edb0e651ba16[\r][\n]"
18:30:14.095 [Test worker] DEBUG com.github.dockerjava.zerodep.shaded.org.apache.hc.client5.http.wire - http-outgoing-1 >> "Accept-Encoding: gzip, x-gzip, deflate[\r][\n]"
18:30:14.095 [Test worker] DEBUG com.github.dockerjava.zerodep.shaded.org.apache.hc.client5.http.wire - http-outgoing-1 >> "Host: localhost:2375[\r][\n]"
18:30:14.095 [Test worker] DEBUG com.github.dockerjava.zerodep.shaded.org.apache.hc.client5.http.wire - http-outgoing-1 >> "Connection: keep-alive[\r][\n]"
18:30:14.095 [Test worker] DEBUG com.github.dockerjava.zerodep.shaded.org.apache.hc.client5.http.wire - http-outgoing-1 >> "User-Agent: Apache-HttpClient/5.0.3 (Java/17.0.2)[\r][\n]"
18:30:14.095 [Test worker] DEBUG com.github.dockerjava.zerodep.shaded.org.apache.hc.client5.http.wire - http-outgoing-1 >> "[\r][\n]"
18:30:14.096 [Test worker] DEBUG com.github.dockerjava.zerodep.shaded.org.apache.hc.client5.http.wire - http-outgoing-1 << "HTTP/1.1 200 OK[\r][\n]"
18:30:14.096 [Test worker] DEBUG com.github.dockerjava.zerodep.shaded.org.apache.hc.client5.http.wire - http-outgoing-1 << "Api-Version: 1.41[\r][\n]"
18:30:14.096 [Test worker] DEBUG com.github.dockerjava.zerodep.shaded.org.apache.hc.client5.http.wire - http-outgoing-1 << "Content-Type: application/json[\r][\n]"
18:30:14.096 [Test worker] DEBUG com.github.dockerjava.zerodep.shaded.org.apache.hc.client5.http.wire - http-outgoing-1 << "Docker-Experimental: false[\r][\n]"
18:30:14.096 [Test worker] DEBUG com.github.dockerjava.zerodep.shaded.org.apache.hc.client5.http.wire - http-outgoing-1 << "Ostype: linux[\r][\n]"
18:30:14.096 [Test worker] DEBUG com.github.dockerjava.zerodep.shaded.org.apache.hc.client5.http.wire - http-outgoing-1 << "Server: Docker/20.10.17 (linux)[\r][\n]"
18:30:14.096 [Test worker] DEBUG com.github.dockerjava.zerodep.shaded.org.apache.hc.client5.http.wire - http-outgoing-1 << "Date: Thu, 08 Dec 2022 21:30:14 GMT[\r][\n]"
18:30:14.096 [Test worker] DEBUG com.github.dockerjava.zerodep.shaded.org.apache.hc.client5.http.wire - http-outgoing-1 << "Transfer-Encoding: chunked[\r][\n]"
18:30:14.096 [Test worker] DEBUG com.github.dockerjava.zerodep.shaded.org.apache.hc.client5.http.wire - http-outgoing-1 << "[\r][\n]"
18:30:14.096 [Test worker] DEBUG com.github.dockerjava.zerodep.shaded.org.apache.hc.client5.http.wire - http-outgoing-1 << "18a6[\r][\n]"
18:30:14.096 [Test worker] DEBUG com.github.dockerjava.zerodep.shaded.org.apache.hc.client5.http.wire - http-outgoing-1 << "{"Id":"b4fc7afd97457a2a6ec84592488a57f900fa52ed03fcd2dbaf8a116bc1f50ab3","Created":"2022-12-08T21:30:11.801619537Z","Path":"docker-entrypoint.sh","Args":["mysqld"],"State":{"Status":"running","Running":true,"Paused":false,"Restarting":false,"OOMKilled":false,"Dead":false,"Pid":148084,"ExitCode":0,"Error":"","StartedAt":"2022-12-08T21:30:12.370762583Z","FinishedAt":"0001-01-01T00:00:00Z"},"Image":"sha256:7484689f290f1defe06b65befc54cb6ad91a667cf0af59a265ffe76c46bd0478","ResolvConfPath":"/var/lib/docker/containers/b4fc7afd97457a2a6ec84592488a57f900fa52ed03fcd2dbaf8a116bc1f50ab3/resolv.conf","HostnamePath":"/var/lib/docker/containers/b4fc7afd97457a2a6ec84592488a57f900fa52ed03fcd2dbaf8a116bc1f50ab3/hostname","HostsPath":"/var/lib/docker/containers/b4fc7afd97457a2a6ec84592488a57f900fa52ed03fcd2dbaf8a116bc1f50ab3/hosts","LogPath":"/var/lib/docker/containers/b4fc7afd97457a2a6ec84592488a57f900fa52ed03fcd2dbaf8a116bc1f50ab3/b4fc7afd97457a2a6ec84592488a57f900fa52ed03fcd2dbaf8a116bc1f50ab3-json.log","Name":"/agitated_ptolemy","RestartCount":0,"Driver":"overlay2","Platform":"linux","MountLabel":"","ProcessLabel":"","AppArmorProfile":"docker-default","ExecIDs":null,"HostConfig":{"Binds":[],"ContainerIDFile":"","LogConfig":{"Type":"json-file","Config":{}},"NetworkMode":"default","PortBindings":{"3306/tcp":[{"HostIp":"","HostPort":""}]},"RestartPolicy":{"Name":"","MaximumRetryCount":0},"AutoRemove":false,"VolumeDriver":"","VolumesFrom":[],"CapAdd":null,"CapDrop":null,"CgroupnsMode":"private","Dns":null,"DnsOptions":null,"DnsSearch":null,"ExtraHosts":[],"GroupAdd":null,"IpcMode":"shareable","Cgroup":"","Links":null,"OomScoreAdj":0,"PidMode":"","Privileged":false,"PublishAllPorts":false,"ReadonlyRootfs":false,"SecurityOpt":null,"UTSMode":"","UsernsMode":"","ShmSize":67108864,"Runtime":"runc","ConsoleSize":[0,0],"Isolation":"","CpuShares":0,"Memory":0,"NanoCpus":0,"CgroupParent":"","BlkioWeight":0,"BlkioWeightDevice":null,"BlkioDeviceReadBps":null,"BlkioDeviceWriteBps":null,"BlkioDeviceReadIOps":null,"BlkioDeviceWriteIOps":null,"CpuPeriod":0,"CpuQuota":0,"CpuRealtimePeriod":0,"CpuRealtimeRuntime":0,"CpusetCpus":"","CpusetMems":"","Devices":null,"DeviceCgroupRules":null,"DeviceRequests":null,"KernelMemory":0,"KernelMemoryTCP":0,"MemoryReservation":0,"MemorySwap":0,"MemorySwappiness":null,"OomKillDisable":null,"PidsLimit":null,"Ulimits":null,"CpuCount":0,"CpuPercent":0,"IOMaximumIOps":0,"IOMaximumBandwidth":0,"MaskedPaths":["/proc/asound","/proc/acpi","/proc/kcore","/proc/keys","/proc/latency_stats","/proc/timer_list","/proc/timer_stats","/proc/sched_debug","/proc/scsi","/sys/firmware"],"ReadonlyPaths":["/proc/bus","/proc/fs","/proc/irq","/proc/sys","/proc/sysrq-trigger"]},"GraphDriver":{"Data":{"LowerDir":"/var/lib/docker/overlay2/05794d51525f65619c615558ef5f93d7c33eef44e12313fdcb3942911d0b5f7d-init/diff:/var/lib/docker/overlay2/f079a69cfd5e80e906b12f05a0c7bfaabc56ce63e947db68b722ae30905f1239/diff:/var/lib/docker/overlay2/9dfb63d6bb556846a13012421dde7951ef83a14d8ce1882287cce66f0f9bd055/diff:/var/lib/docker/overlay2/c4f8874ae33ddd14488f5051cd953acc020fa00ea72d28bd530450c0bc8f9903/diff:/var/lib/docker/overlay2/992683766b46aa5653160e6a34283b579a75000e230890d0ec0a6204af735697/diff:/var/lib/docker/overlay2/6e3fba0e1d6501c91c9bec723bb1364f75599c6c2026a6dc71773c88a49f890a/diff:/var/lib/docker/overlay2/c6c2a366f45a69704761d45d296d71bf2bf315efb15cb06ad88925ed235fad81/diff:/var/lib/docker/overlay2/7555f9b18615244719d04b23296ba418195e5e569d47baf9f1da7c3f053fe194/diff:/var/lib/docker/overlay2/7752eb17f8f8ba44a5ed178f499901fa7eb6f2e031c29ab160ee4eff4db8edaa/diff:/var/lib/docker/overlay2/9683de8b3733106f256bd0eabc7cae13623b14493b9212e863449d42b8a87390/diff:/var/lib/docker/overlay2/f5e28e407d8811526fb7dd82e4fed08d5d3124c0f22f1a9496ed27b2b457d3dd/diff:/var/lib/docker/overlay2/e2980c91c6b3331cff3994ca6f327955bb5feaef0f96bc64edce80631fdbf829/diff","MergedDir":"/var/lib/docker/overlay2/05794d51525f65619c615558ef5f93d7c33eef44e12313fdcb3942911d0b5f7d/merged","UpperDir":"/var/lib/docker/overlay2/05794d51525f65619c615558ef5f93d7c33eef44e12313fdcb3942911d0b5f7d/diff","WorkDir":"/var/lib/docker/overlay2/05794d51525f65619c615558ef5f93d7c33eef44e12313fdcb3942911d0b5f7d/work"},"Name":"overlay2"},"Mounts":[{"Type":"volume","Name":"fe29345a30f82a1c969c40b069133e9d87168ce95967d67ac182ee42c059affb","Source":"/var/lib/docker/volumes/fe29345a30f82a1c969c40b069133e9d87168ce95967d67ac182ee42c059affb/_data","Destination":"/var/lib/mysql","Driver":"local","Mode":"","RW":true,"Propagation":""}],"Config":{"Hostname":"b4fc7afd9745","Domainname":"","User":"","AttachStdin":false,"AttachStdout":false,"AttachStderr":false,"ExposedPorts":{"3306/tcp":{},"33060/tcp":{}},"Tty":false,"OpenStdin":false,"StdinOnce":false,"Env":["MYSQL_DATABASE=adm_videos","MYSQL_PASSWORD=123456","MYSQL_ROOT_PASSWORD=123456","PATH=/usr/local/sbin:/usr/local/bin:/usr/sbin:/usr/bin:/sbin:/bin","GOSU_VERSION=1.14","MYSQL_MAJOR=8.0","MYSQL_VERSION=8.0.31-1.el8","MYSQL_SHELL_VERSION=8.0.31-1.el8"],"Cmd":["mysqld"],"Image":"mysql:latest","Volumes":{"/var/lib/mysql":{}},"WorkingDir":"","Entrypoint":["docker-entrypoint.sh"],"OnBuild":null,"Labels":{"org.testcontainers":"true","org.testcontainers.sessionId":"cdd139c9-cde1-4429-bea7-edb0e651ba16"}},"NetworkSettings":{"Bridge":"","SandboxID":"8404ec7d59006489fa5b6638879180586e9aa24c1c3ae79d40e26a8f453c93b1","HairpinMode":false,"LinkLocalIPv6Address":"","LinkLocalIPv6PrefixLen":0,"Ports":{"3306/tcp":[{"HostIp":"0.0.0.0","HostPort":"49156"},{"HostIp":"::","HostPort":"49156"}],"33060/tcp":null},"SandboxKey":"/var/run/docker/netns/8404ec7d5900","SecondaryIPAddresses":null,"SecondaryIPv6Addresses":null,"EndpointID":"28c851b70d88131a783e3d87b7c50320df5f3250ebca621b1b39353a2424212a","Gateway":"172.17.0.1","GlobalIPv6Address":"","GlobalIPv6PrefixLen":0,"IPAddress":"172.17.0.3","IPPrefixLen":16,"IPv6Gateway":"","MacAddress":"02:42:ac:11:00:03","Networks":{"bridge":{"IPAMConfig":null,"Links":null,"Aliases":null,"NetworkID":"bf06afe94eca8b5ab91eae0dbaa8561a6dd16832d429dcdbaa7ed1e003cfbe56","EndpointID":"28c851b70d88131a783e3d87b7c50320df5f3250ebca621b1b39353a2424212a","Gateway":"172.17.0.1","IPAddress":"172.17.0.3","IPPrefixLen":16,"IPv6Gateway":"","GlobalIPv6Address":"","GlobalIPv6PrefixLen":0,"MacAddress":"02:42:ac:11:00:03","DriverOpts":null}}}}[\n]"
18:30:14.096 [Test worker] DEBUG com.github.dockerjava.zerodep.shaded.org.apache.hc.client5.http.wire - http-outgoing-1 << "[\r][\n]"
18:30:14.096 [Test worker] DEBUG com.github.dockerjava.zerodep.shaded.org.apache.hc.client5.http.wire - http-outgoing-1 << "0[\r][\n]"
18:30:14.096 [Test worker] DEBUG com.github.dockerjava.zerodep.shaded.org.apache.hc.client5.http.wire - http-outgoing-1 << "[\r][\n]"
18:30:14.096 [Test worker] DEBUG com.github.dockerjava.zerodep.shaded.org.apache.hc.client5.http.headers - http-outgoing-1 << HTTP/1.1 200 OK
18:30:14.096 [Test worker] DEBUG com.github.dockerjava.zerodep.shaded.org.apache.hc.client5.http.headers - http-outgoing-1 << Api-Version: 1.41
18:30:14.096 [Test worker] DEBUG com.github.dockerjava.zerodep.shaded.org.apache.hc.client5.http.headers - http-outgoing-1 << Content-Type: application/json
18:30:14.096 [Test worker] DEBUG com.github.dockerjava.zerodep.shaded.org.apache.hc.client5.http.headers - http-outgoing-1 << Docker-Experimental: false
18:30:14.096 [Test worker] DEBUG com.github.dockerjava.zerodep.shaded.org.apache.hc.client5.http.headers - http-outgoing-1 << Ostype: linux
18:30:14.096 [Test worker] DEBUG com.github.dockerjava.zerodep.shaded.org.apache.hc.client5.http.headers - http-outgoing-1 << Server: Docker/20.10.17 (linux)
18:30:14.096 [Test worker] DEBUG com.github.dockerjava.zerodep.shaded.org.apache.hc.client5.http.headers - http-outgoing-1 << Date: Thu, 08 Dec 2022 21:30:14 GMT
18:30:14.096 [Test worker] DEBUG com.github.dockerjava.zerodep.shaded.org.apache.hc.client5.http.headers - http-outgoing-1 << Transfer-Encoding: chunked
18:30:14.097 [Test worker] DEBUG com.github.dockerjava.zerodep.shaded.org.apache.hc.client5.http.impl.classic.MainClientExec - ex-0000001A: connection can be kept alive for 3 MINUTES
18:30:14.098 [Test worker] DEBUG com.github.dockerjava.zerodep.shaded.org.apache.hc.client5.http.impl.classic.InternalHttpClient - ep-00000019: releasing valid endpoint
18:30:14.099 [Test worker] DEBUG com.github.dockerjava.zerodep.shaded.org.apache.hc.client5.http.impl.io.PoolingHttpClientConnectionManager - ep-00000019: releasing endpoint
18:30:14.099 [Test worker] DEBUG com.github.dockerjava.zerodep.shaded.org.apache.hc.client5.http.impl.io.PoolingHttpClientConnectionManager - ep-00000019: connection http-outgoing-1 can be kept alive for 3 MINUTES
18:30:14.099 [Test worker] DEBUG com.github.dockerjava.zerodep.shaded.org.apache.hc.client5.http.impl.io.PoolingHttpClientConnectionManager - ep-00000019: connection released [route: {}->unix://localhost:2375][total available: 1; route allocated: 1 of 2147483647; total allocated: 1 of 2147483647]
18:30:14.099 [Test worker] DEBUG ]]>&#x1f433;<![CDATA[ [mysql:latest] - Trying to create JDBC connection using com.mysql.cj.jdbc.Driver to jdbc:mysql://localhost:49156/adm_videos?useSSL=false&allowPublicKeyRetrieval=true with properties: {password=123456, user=root}
18:30:14.201 [Test worker] DEBUG org.testcontainers.shaded.com.github.dockerjava.core.command.AbstrDockerCmd - Cmd: b4fc7afd97457a2a6ec84592488a57f900fa52ed03fcd2dbaf8a116bc1f50ab3,false
18:30:14.202 [Test worker] DEBUG org.testcontainers.shaded.com.github.dockerjava.core.exec.InspectContainerCmdExec - GET: DefaultWebTarget{path=[/containers/b4fc7afd97457a2a6ec84592488a57f900fa52ed03fcd2dbaf8a116bc1f50ab3/json], queryParams={}}
18:30:14.202 [Test worker] DEBUG com.github.dockerjava.zerodep.shaded.org.apache.hc.client5.http.impl.classic.InternalHttpClient - ex-0000001B: preparing request execution
18:30:14.202 [Test worker] DEBUG com.github.dockerjava.zerodep.shaded.org.apache.hc.client5.http.protocol.RequestAddCookies - Cookie spec selected: strict
18:30:14.202 [Test worker] DEBUG com.github.dockerjava.zerodep.shaded.org.apache.hc.client5.http.protocol.RequestAuthCache - Auth cache not set in the context
18:30:14.202 [Test worker] DEBUG com.github.dockerjava.zerodep.shaded.org.apache.hc.client5.http.impl.classic.ProtocolExec - ex-0000001B: target auth state: UNCHALLENGED
18:30:14.202 [Test worker] DEBUG com.github.dockerjava.zerodep.shaded.org.apache.hc.client5.http.impl.classic.ProtocolExec - ex-0000001B: proxy auth state: UNCHALLENGED
18:30:14.202 [Test worker] DEBUG com.github.dockerjava.zerodep.shaded.org.apache.hc.client5.http.impl.classic.ConnectExec - ex-0000001B: acquiring connection with route {}->unix://localhost:2375
18:30:14.202 [Test worker] DEBUG com.github.dockerjava.zerodep.shaded.org.apache.hc.client5.http.impl.classic.InternalHttpClient - ex-0000001B: acquiring endpoint (3 MINUTES)
18:30:14.203 [Test worker] DEBUG com.github.dockerjava.zerodep.shaded.org.apache.hc.client5.http.impl.io.PoolingHttpClientConnectionManager - ex-0000001B: endpoint lease request (3 MINUTES) [route: {}->unix://localhost:2375][total available: 1; route allocated: 1 of 2147483647; total allocated: 1 of 2147483647]
18:30:14.203 [Test worker] DEBUG com.github.dockerjava.zerodep.shaded.org.apache.hc.client5.http.impl.io.PoolingHttpClientConnectionManager - ex-0000001B: endpoint leased [route: {}->unix://localhost:2375][total available: 0; route allocated: 1 of 2147483647; total allocated: 1 of 2147483647]
18:30:14.203 [Test worker] DEBUG com.github.dockerjava.zerodep.shaded.org.apache.hc.client5.http.impl.io.PoolingHttpClientConnectionManager - ex-0000001B: acquired ep-0000001A
18:30:14.203 [Test worker] DEBUG com.github.dockerjava.zerodep.shaded.org.apache.hc.client5.http.impl.classic.InternalHttpClient - ex-0000001B: acquired endpoint ep-0000001A
18:30:14.203 [Test worker] DEBUG com.github.dockerjava.zerodep.shaded.org.apache.hc.client5.http.impl.classic.MainClientExec - ex-0000001B: executing GET /v1.32/containers/b4fc7afd97457a2a6ec84592488a57f900fa52ed03fcd2dbaf8a116bc1f50ab3/json HTTP/1.1
18:30:14.203 [Test worker] DEBUG com.github.dockerjava.zerodep.shaded.org.apache.hc.client5.http.impl.classic.InternalHttpClient - ep-0000001A: start execution ex-0000001B
18:30:14.203 [Test worker] DEBUG com.github.dockerjava.zerodep.shaded.org.apache.hc.client5.http.impl.io.PoolingHttpClientConnectionManager - ep-0000001A: executing exchange ex-0000001B over http-outgoing-1
18:30:14.203 [Test worker] DEBUG com.github.dockerjava.zerodep.shaded.org.apache.hc.client5.http.headers - http-outgoing-1 >> GET /v1.32/containers/b4fc7afd97457a2a6ec84592488a57f900fa52ed03fcd2dbaf8a116bc1f50ab3/json HTTP/1.1
18:30:14.203 [Test worker] DEBUG com.github.dockerjava.zerodep.shaded.org.apache.hc.client5.http.headers - http-outgoing-1 >> accept: application/json
18:30:14.203 [Test worker] DEBUG com.github.dockerjava.zerodep.shaded.org.apache.hc.client5.http.headers - http-outgoing-1 >> x-tc-sid: cdd139c9-cde1-4429-bea7-edb0e651ba16
18:30:14.203 [Test worker] DEBUG com.github.dockerjava.zerodep.shaded.org.apache.hc.client5.http.headers - http-outgoing-1 >> Accept-Encoding: gzip, x-gzip, deflate
18:30:14.203 [Test worker] DEBUG com.github.dockerjava.zerodep.shaded.org.apache.hc.client5.http.headers - http-outgoing-1 >> Host: localhost:2375
18:30:14.203 [Test worker] DEBUG com.github.dockerjava.zerodep.shaded.org.apache.hc.client5.http.headers - http-outgoing-1 >> Connection: keep-alive
18:30:14.203 [Test worker] DEBUG com.github.dockerjava.zerodep.shaded.org.apache.hc.client5.http.headers - http-outgoing-1 >> User-Agent: Apache-HttpClient/5.0.3 (Java/17.0.2)
18:30:14.203 [Test worker] DEBUG com.github.dockerjava.zerodep.shaded.org.apache.hc.client5.http.wire - http-outgoing-1 >> "GET /v1.32/containers/b4fc7afd97457a2a6ec84592488a57f900fa52ed03fcd2dbaf8a116bc1f50ab3/json HTTP/1.1[\r][\n]"
18:30:14.203 [Test worker] DEBUG com.github.dockerjava.zerodep.shaded.org.apache.hc.client5.http.wire - http-outgoing-1 >> "accept: application/json[\r][\n]"
18:30:14.203 [Test worker] DEBUG com.github.dockerjava.zerodep.shaded.org.apache.hc.client5.http.wire - http-outgoing-1 >> "x-tc-sid: cdd139c9-cde1-4429-bea7-edb0e651ba16[\r][\n]"
18:30:14.203 [Test worker] DEBUG com.github.dockerjava.zerodep.shaded.org.apache.hc.client5.http.wire - http-outgoing-1 >> "Accept-Encoding: gzip, x-gzip, deflate[\r][\n]"
18:30:14.203 [Test worker] DEBUG com.github.dockerjava.zerodep.shaded.org.apache.hc.client5.http.wire - http-outgoing-1 >> "Host: localhost:2375[\r][\n]"
18:30:14.203 [Test worker] DEBUG com.github.dockerjava.zerodep.shaded.org.apache.hc.client5.http.wire - http-outgoing-1 >> "Connection: keep-alive[\r][\n]"
18:30:14.203 [Test worker] DEBUG com.github.dockerjava.zerodep.shaded.org.apache.hc.client5.http.wire - http-outgoing-1 >> "User-Agent: Apache-HttpClient/5.0.3 (Java/17.0.2)[\r][\n]"
18:30:14.203 [Test worker] DEBUG com.github.dockerjava.zerodep.shaded.org.apache.hc.client5.http.wire - http-outgoing-1 >> "[\r][\n]"
18:30:14.204 [Test worker] DEBUG com.github.dockerjava.zerodep.shaded.org.apache.hc.client5.http.wire - http-outgoing-1 << "HTTP/1.1 200 OK[\r][\n]"
18:30:14.204 [Test worker] DEBUG com.github.dockerjava.zerodep.shaded.org.apache.hc.client5.http.wire - http-outgoing-1 << "Api-Version: 1.41[\r][\n]"
18:30:14.204 [Test worker] DEBUG com.github.dockerjava.zerodep.shaded.org.apache.hc.client5.http.wire - http-outgoing-1 << "Content-Type: application/json[\r][\n]"
18:30:14.204 [Test worker] DEBUG com.github.dockerjava.zerodep.shaded.org.apache.hc.client5.http.wire - http-outgoing-1 << "Docker-Experimental: false[\r][\n]"
18:30:14.204 [Test worker] DEBUG com.github.dockerjava.zerodep.shaded.org.apache.hc.client5.http.wire - http-outgoing-1 << "Ostype: linux[\r][\n]"
18:30:14.204 [Test worker] DEBUG com.github.dockerjava.zerodep.shaded.org.apache.hc.client5.http.wire - http-outgoing-1 << "Server: Docker/20.10.17 (linux)[\r][\n]"
18:30:14.204 [Test worker] DEBUG com.github.dockerjava.zerodep.shaded.org.apache.hc.client5.http.wire - http-outgoing-1 << "Date: Thu, 08 Dec 2022 21:30:14 GMT[\r][\n]"
18:30:14.204 [Test worker] DEBUG com.github.dockerjava.zerodep.shaded.org.apache.hc.client5.http.wire - http-outgoing-1 << "Transfer-Encoding: chunked[\r][\n]"
18:30:14.204 [Test worker] DEBUG com.github.dockerjava.zerodep.shaded.org.apache.hc.client5.http.wire - http-outgoing-1 << "[\r][\n]"
18:30:14.204 [Test worker] DEBUG com.github.dockerjava.zerodep.shaded.org.apache.hc.client5.http.wire - http-outgoing-1 << "18a6[\r][\n]"
18:30:14.204 [Test worker] DEBUG com.github.dockerjava.zerodep.shaded.org.apache.hc.client5.http.wire - http-outgoing-1 << "{"Id":"b4fc7afd97457a2a6ec84592488a57f900fa52ed03fcd2dbaf8a116bc1f50ab3","Created":"2022-12-08T21:30:11.801619537Z","Path":"docker-entrypoint.sh","Args":["mysqld"],"State":{"Status":"running","Running":true,"Paused":false,"Restarting":false,"OOMKilled":false,"Dead":false,"Pid":148084,"ExitCode":0,"Error":"","StartedAt":"2022-12-08T21:30:12.370762583Z","FinishedAt":"0001-01-01T00:00:00Z"},"Image":"sha256:7484689f290f1defe06b65befc54cb6ad91a667cf0af59a265ffe76c46bd0478","ResolvConfPath":"/var/lib/docker/containers/b4fc7afd97457a2a6ec84592488a57f900fa52ed03fcd2dbaf8a116bc1f50ab3/resolv.conf","HostnamePath":"/var/lib/docker/containers/b4fc7afd97457a2a6ec84592488a57f900fa52ed03fcd2dbaf8a116bc1f50ab3/hostname","HostsPath":"/var/lib/docker/containers/b4fc7afd97457a2a6ec84592488a57f900fa52ed03fcd2dbaf8a116bc1f50ab3/hosts","LogPath":"/var/lib/docker/containers/b4fc7afd97457a2a6ec84592488a57f900fa52ed03fcd2dbaf8a116bc1f50ab3/b4fc7afd97457a2a6ec84592488a57f900fa52ed03fcd2dbaf8a116bc1f50ab3-json.log","Name":"/agitated_ptolemy","RestartCount":0,"Driver":"overlay2","Platform":"linux","MountLabel":"","ProcessLabel":"","AppArmorProfile":"docker-default","ExecIDs":null,"HostConfig":{"Binds":[],"ContainerIDFile":"","LogConfig":{"Type":"json-file","Config":{}},"NetworkMode":"default","PortBindings":{"3306/tcp":[{"HostIp":"","HostPort":""}]},"RestartPolicy":{"Name":"","MaximumRetryCount":0},"AutoRemove":false,"VolumeDriver":"","VolumesFrom":[],"CapAdd":null,"CapDrop":null,"CgroupnsMode":"private","Dns":null,"DnsOptions":null,"DnsSearch":null,"ExtraHosts":[],"GroupAdd":null,"IpcMode":"shareable","Cgroup":"","Links":null,"OomScoreAdj":0,"PidMode":"","Privileged":false,"PublishAllPorts":false,"ReadonlyRootfs":false,"SecurityOpt":null,"UTSMode":"","UsernsMode":"","ShmSize":67108864,"Runtime":"runc","ConsoleSize":[0,0],"Isolation":"","CpuShares":0,"Memory":0,"NanoCpus":0,"CgroupParent":"","BlkioWeight":0,"BlkioWeightDevice":null,"BlkioDeviceReadBps":null,"BlkioDeviceWriteBps":null,"BlkioDeviceReadIOps":null,"BlkioDeviceWriteIOps":null,"CpuPeriod":0,"CpuQuota":0,"CpuRealtimePeriod":0,"CpuRealtimeRuntime":0,"CpusetCpus":"","CpusetMems":"","Devices":null,"DeviceCgroupRules":null,"DeviceRequests":null,"KernelMemory":0,"KernelMemoryTCP":0,"MemoryReservation":0,"MemorySwap":0,"MemorySwappiness":null,"OomKillDisable":null,"PidsLimit":null,"Ulimits":null,"CpuCount":0,"CpuPercent":0,"IOMaximumIOps":0,"IOMaximumBandwidth":0,"MaskedPaths":["/proc/asound","/proc/acpi","/proc/kcore","/proc/keys","/proc/latency_stats","/proc/timer_list","/proc/timer_stats","/proc/sched_debug","/proc/scsi","/sys/firmware"],"ReadonlyPaths":["/proc/bus","/proc/fs","/proc/irq","/proc/sys","/proc/sysrq-trigger"]},"GraphDriver":{"Data":{"LowerDir":"/var/lib/docker/overlay2/05794d51525f65619c615558ef5f93d7c33eef44e12313fdcb3942911d0b5f7d-init/diff:/var/lib/docker/overlay2/f079a69cfd5e80e906b12f05a0c7bfaabc56ce63e947db68b722ae30905f1239/diff:/var/lib/docker/overlay2/9dfb63d6bb556846a13012421dde7951ef83a14d8ce1882287cce66f0f9bd055/diff:/var/lib/docker/overlay2/c4f8874ae33ddd14488f5051cd953acc020fa00ea72d28bd530450c0bc8f9903/diff:/var/lib/docker/overlay2/992683766b46aa5653160e6a34283b579a75000e230890d0ec0a6204af735697/diff:/var/lib/docker/overlay2/6e3fba0e1d6501c91c9bec723bb1364f75599c6c2026a6dc71773c88a49f890a/diff:/var/lib/docker/overlay2/c6c2a366f45a69704761d45d296d71bf2bf315efb15cb06ad88925ed235fad81/diff:/var/lib/docker/overlay2/7555f9b18615244719d04b23296ba418195e5e569d47baf9f1da7c3f053fe194/diff:/var/lib/docker/overlay2/7752eb17f8f8ba44a5ed178f499901fa7eb6f2e031c29ab160ee4eff4db8edaa/diff:/var/lib/docker/overlay2/9683de8b3733106f256bd0eabc7cae13623b14493b9212e863449d42b8a87390/diff:/var/lib/docker/overlay2/f5e28e407d8811526fb7dd82e4fed08d5d3124c0f22f1a9496ed27b2b457d3dd/diff:/var/lib/docker/overlay2/e2980c91c6b3331cff3994ca6f327955bb5feaef0f96bc64edce80631fdbf829/diff","MergedDir":"/var/lib/docker/overlay2/05794d51525f65619c615558ef5f93d7c33eef44e12313fdcb3942911d0b5f7d/merged","UpperDir":"/var/lib/docker/overlay2/05794d51525f65619c615558ef5f93d7c33eef44e12313fdcb3942911d0b5f7d/diff","WorkDir":"/var/lib/docker/overlay2/05794d51525f65619c615558ef5f93d7c33eef44e12313fdcb3942911d0b5f7d/work"},"Name":"overlay2"},"Mounts":[{"Type":"volume","Name":"fe29345a30f82a1c969c40b069133e9d87168ce95967d67ac182ee42c059affb","Source":"/var/lib/docker/volumes/fe29345a30f82a1c969c40b069133e9d87168ce95967d67ac182ee42c059affb/_data","Destination":"/var/lib/mysql","Driver":"local","Mode":"","RW":true,"Propagation":""}],"Config":{"Hostname":"b4fc7afd9745","Domainname":"","User":"","AttachStdin":false,"AttachStdout":false,"AttachStderr":false,"ExposedPorts":{"3306/tcp":{},"33060/tcp":{}},"Tty":false,"OpenStdin":false,"StdinOnce":false,"Env":["MYSQL_DATABASE=adm_videos","MYSQL_PASSWORD=123456","MYSQL_ROOT_PASSWORD=123456","PATH=/usr/local/sbin:/usr/local/bin:/usr/sbin:/usr/bin:/sbin:/bin","GOSU_VERSION=1.14","MYSQL_MAJOR=8.0","MYSQL_VERSION=8.0.31-1.el8","MYSQL_SHELL_VERSION=8.0.31-1.el8"],"Cmd":["mysqld"],"Image":"mysql:latest","Volumes":{"/var/lib/mysql":{}},"WorkingDir":"","Entrypoint":["docker-entrypoint.sh"],"OnBuild":null,"Labels":{"org.testcontainers":"true","org.testcontainers.sessionId":"cdd139c9-cde1-4429-bea7-edb0e651ba16"}},"NetworkSettings":{"Bridge":"","SandboxID":"8404ec7d59006489fa5b6638879180586e9aa24c1c3ae79d40e26a8f453c93b1","HairpinMode":false,"LinkLocalIPv6Address":"","LinkLocalIPv6PrefixLen":0,"Ports":{"3306/tcp":[{"HostIp":"0.0.0.0","HostPort":"49156"},{"HostIp":"::","HostPort":"49156"}],"33060/tcp":null},"SandboxKey":"/var/run/docker/netns/8404ec7d5900","SecondaryIPAddresses":null,"SecondaryIPv6Addresses":null,"EndpointID":"28c851b70d88131a783e3d87b7c50320df5f3250ebca621b1b39353a2424212a","Gateway":"172.17.0.1","GlobalIPv6Address":"","GlobalIPv6PrefixLen":0,"IPAddress":"172.17.0.3","IPPrefixLen":16,"IPv6Gateway":"","MacAddress":"02:42:ac:11:00:03","Networks":{"bridge":{"IPAMConfig":null,"Links":null,"Aliases":null,"NetworkID":"bf06afe94eca8b5ab91eae0dbaa8561a6dd16832d429dcdbaa7ed1e003cfbe56","EndpointID":"28c851b70d88131a783e3d87b7c50320df5f3250ebca621b1b39353a2424212a","Gateway":"172.17.0.1","IPAddress":"172.17.0.3","IPPrefixLen":16,"IPv6Gateway":"","GlobalIPv6Address":"","GlobalIPv6PrefixLen":0,"MacAddress":"02:42:ac:11:00:03","DriverOpts":null}}}}[\n]"
18:30:14.204 [Test worker] DEBUG com.github.dockerjava.zerodep.shaded.org.apache.hc.client5.http.wire - http-outgoing-1 << "[\r][\n]"
18:30:14.204 [Test worker] DEBUG com.github.dockerjava.zerodep.shaded.org.apache.hc.client5.http.wire - http-outgoing-1 << "0[\r][\n]"
18:30:14.204 [Test worker] DEBUG com.github.dockerjava.zerodep.shaded.org.apache.hc.client5.http.wire - http-outgoing-1 << "[\r][\n]"
18:30:14.204 [Test worker] DEBUG com.github.dockerjava.zerodep.shaded.org.apache.hc.client5.http.headers - http-outgoing-1 << HTTP/1.1 200 OK
18:30:14.205 [Test worker] DEBUG com.github.dockerjava.zerodep.shaded.org.apache.hc.client5.http.headers - http-outgoing-1 << Api-Version: 1.41
18:30:14.205 [Test worker] DEBUG com.github.dockerjava.zerodep.shaded.org.apache.hc.client5.http.headers - http-outgoing-1 << Content-Type: application/json
18:30:14.205 [Test worker] DEBUG com.github.dockerjava.zerodep.shaded.org.apache.hc.client5.http.headers - http-outgoing-1 << Docker-Experimental: false
18:30:14.205 [Test worker] DEBUG com.github.dockerjava.zerodep.shaded.org.apache.hc.client5.http.headers - http-outgoing-1 << Ostype: linux
18:30:14.205 [Test worker] DEBUG com.github.dockerjava.zerodep.shaded.org.apache.hc.client5.http.headers - http-outgoing-1 << Server: Docker/20.10.17 (linux)
18:30:14.205 [Test worker] DEBUG com.github.dockerjava.zerodep.shaded.org.apache.hc.client5.http.headers - http-outgoing-1 << Date: Thu, 08 Dec 2022 21:30:14 GMT
18:30:14.205 [Test worker] DEBUG com.github.dockerjava.zerodep.shaded.org.apache.hc.client5.http.headers - http-outgoing-1 << Transfer-Encoding: chunked
18:30:14.205 [Test worker] DEBUG com.github.dockerjava.zerodep.shaded.org.apache.hc.client5.http.impl.classic.MainClientExec - ex-0000001B: connection can be kept alive for 3 MINUTES
18:30:14.207 [Test worker] DEBUG com.github.dockerjava.zerodep.shaded.org.apache.hc.client5.http.impl.classic.InternalHttpClient - ep-0000001A: releasing valid endpoint
18:30:14.207 [Test worker] DEBUG com.github.dockerjava.zerodep.shaded.org.apache.hc.client5.http.impl.io.PoolingHttpClientConnectionManager - ep-0000001A: releasing endpoint
18:30:14.207 [Test worker] DEBUG com.github.dockerjava.zerodep.shaded.org.apache.hc.client5.http.impl.io.PoolingHttpClientConnectionManager - ep-0000001A: connection http-outgoing-1 can be kept alive for 3 MINUTES
18:30:14.207 [Test worker] DEBUG com.github.dockerjava.zerodep.shaded.org.apache.hc.client5.http.impl.io.PoolingHttpClientConnectionManager - ep-0000001A: connection released [route: {}->unix://localhost:2375][total available: 1; route allocated: 1 of 2147483647; total allocated: 1 of 2147483647]
18:30:14.208 [Test worker] DEBUG ]]>&#x1f433;<![CDATA[ [mysql:latest] - Trying to create JDBC connection using com.mysql.cj.jdbc.Driver to jdbc:mysql://localhost:49156/adm_videos?useSSL=false&allowPublicKeyRetrieval=true with properties: {password=123456, user=root}
18:30:14.312 [Test worker] DEBUG org.testcontainers.shaded.com.github.dockerjava.core.command.AbstrDockerCmd - Cmd: b4fc7afd97457a2a6ec84592488a57f900fa52ed03fcd2dbaf8a116bc1f50ab3,false
18:30:14.315 [Test worker] DEBUG org.testcontainers.shaded.com.github.dockerjava.core.exec.InspectContainerCmdExec - GET: DefaultWebTarget{path=[/containers/b4fc7afd97457a2a6ec84592488a57f900fa52ed03fcd2dbaf8a116bc1f50ab3/json], queryParams={}}
18:30:14.316 [Test worker] DEBUG com.github.dockerjava.zerodep.shaded.org.apache.hc.client5.http.impl.classic.InternalHttpClient - ex-0000001C: preparing request execution
18:30:14.316 [Test worker] DEBUG com.github.dockerjava.zerodep.shaded.org.apache.hc.client5.http.protocol.RequestAddCookies - Cookie spec selected: strict
18:30:14.316 [Test worker] DEBUG com.github.dockerjava.zerodep.shaded.org.apache.hc.client5.http.protocol.RequestAuthCache - Auth cache not set in the context
18:30:14.317 [Test worker] DEBUG com.github.dockerjava.zerodep.shaded.org.apache.hc.client5.http.impl.classic.ProtocolExec - ex-0000001C: target auth state: UNCHALLENGED
18:30:14.317 [Test worker] DEBUG com.github.dockerjava.zerodep.shaded.org.apache.hc.client5.http.impl.classic.ProtocolExec - ex-0000001C: proxy auth state: UNCHALLENGED
18:30:14.317 [Test worker] DEBUG com.github.dockerjava.zerodep.shaded.org.apache.hc.client5.http.impl.classic.ConnectExec - ex-0000001C: acquiring connection with route {}->unix://localhost:2375
18:30:14.317 [Test worker] DEBUG com.github.dockerjava.zerodep.shaded.org.apache.hc.client5.http.impl.classic.InternalHttpClient - ex-0000001C: acquiring endpoint (3 MINUTES)
18:30:14.317 [Test worker] DEBUG com.github.dockerjava.zerodep.shaded.org.apache.hc.client5.http.impl.io.PoolingHttpClientConnectionManager - ex-0000001C: endpoint lease request (3 MINUTES) [route: {}->unix://localhost:2375][total available: 1; route allocated: 1 of 2147483647; total allocated: 1 of 2147483647]
18:30:14.318 [Test worker] DEBUG com.github.dockerjava.zerodep.shaded.org.apache.hc.client5.http.impl.io.PoolingHttpClientConnectionManager - ex-0000001C: endpoint leased [route: {}->unix://localhost:2375][total available: 0; route allocated: 1 of 2147483647; total allocated: 1 of 2147483647]
18:30:14.319 [Test worker] DEBUG com.github.dockerjava.zerodep.shaded.org.apache.hc.client5.http.impl.io.PoolingHttpClientConnectionManager - ex-0000001C: acquired ep-0000001B
18:30:14.319 [Test worker] DEBUG com.github.dockerjava.zerodep.shaded.org.apache.hc.client5.http.impl.classic.InternalHttpClient - ex-0000001C: acquired endpoint ep-0000001B
18:30:14.319 [Test worker] DEBUG com.github.dockerjava.zerodep.shaded.org.apache.hc.client5.http.impl.classic.MainClientExec - ex-0000001C: executing GET /v1.32/containers/b4fc7afd97457a2a6ec84592488a57f900fa52ed03fcd2dbaf8a116bc1f50ab3/json HTTP/1.1
18:30:14.319 [Test worker] DEBUG com.github.dockerjava.zerodep.shaded.org.apache.hc.client5.http.impl.classic.InternalHttpClient - ep-0000001B: start execution ex-0000001C
18:30:14.319 [Test worker] DEBUG com.github.dockerjava.zerodep.shaded.org.apache.hc.client5.http.impl.io.PoolingHttpClientConnectionManager - ep-0000001B: executing exchange ex-0000001C over http-outgoing-1
18:30:14.319 [Test worker] DEBUG com.github.dockerjava.zerodep.shaded.org.apache.hc.client5.http.headers - http-outgoing-1 >> GET /v1.32/containers/b4fc7afd97457a2a6ec84592488a57f900fa52ed03fcd2dbaf8a116bc1f50ab3/json HTTP/1.1
18:30:14.319 [Test worker] DEBUG com.github.dockerjava.zerodep.shaded.org.apache.hc.client5.http.headers - http-outgoing-1 >> accept: application/json
18:30:14.319 [Test worker] DEBUG com.github.dockerjava.zerodep.shaded.org.apache.hc.client5.http.headers - http-outgoing-1 >> x-tc-sid: cdd139c9-cde1-4429-bea7-edb0e651ba16
18:30:14.320 [Test worker] DEBUG com.github.dockerjava.zerodep.shaded.org.apache.hc.client5.http.headers - http-outgoing-1 >> Accept-Encoding: gzip, x-gzip, deflate
18:30:14.320 [Test worker] DEBUG com.github.dockerjava.zerodep.shaded.org.apache.hc.client5.http.headers - http-outgoing-1 >> Host: localhost:2375
18:30:14.320 [Test worker] DEBUG com.github.dockerjava.zerodep.shaded.org.apache.hc.client5.http.headers - http-outgoing-1 >> Connection: keep-alive
18:30:14.320 [Test worker] DEBUG com.github.dockerjava.zerodep.shaded.org.apache.hc.client5.http.headers - http-outgoing-1 >> User-Agent: Apache-HttpClient/5.0.3 (Java/17.0.2)
18:30:14.320 [Test worker] DEBUG com.github.dockerjava.zerodep.shaded.org.apache.hc.client5.http.wire - http-outgoing-1 >> "GET /v1.32/containers/b4fc7afd97457a2a6ec84592488a57f900fa52ed03fcd2dbaf8a116bc1f50ab3/json HTTP/1.1[\r][\n]"
18:30:14.320 [Test worker] DEBUG com.github.dockerjava.zerodep.shaded.org.apache.hc.client5.http.wire - http-outgoing-1 >> "accept: application/json[\r][\n]"
18:30:14.320 [Test worker] DEBUG com.github.dockerjava.zerodep.shaded.org.apache.hc.client5.http.wire - http-outgoing-1 >> "x-tc-sid: cdd139c9-cde1-4429-bea7-edb0e651ba16[\r][\n]"
18:30:14.320 [Test worker] DEBUG com.github.dockerjava.zerodep.shaded.org.apache.hc.client5.http.wire - http-outgoing-1 >> "Accept-Encoding: gzip, x-gzip, deflate[\r][\n]"
18:30:14.320 [Test worker] DEBUG com.github.dockerjava.zerodep.shaded.org.apache.hc.client5.http.wire - http-outgoing-1 >> "Host: localhost:2375[\r][\n]"
18:30:14.320 [Test worker] DEBUG com.github.dockerjava.zerodep.shaded.org.apache.hc.client5.http.wire - http-outgoing-1 >> "Connection: keep-alive[\r][\n]"
18:30:14.320 [Test worker] DEBUG com.github.dockerjava.zerodep.shaded.org.apache.hc.client5.http.wire - http-outgoing-1 >> "User-Agent: Apache-HttpClient/5.0.3 (Java/17.0.2)[\r][\n]"
18:30:14.320 [Test worker] DEBUG com.github.dockerjava.zerodep.shaded.org.apache.hc.client5.http.wire - http-outgoing-1 >> "[\r][\n]"
18:30:14.321 [Test worker] DEBUG com.github.dockerjava.zerodep.shaded.org.apache.hc.client5.http.wire - http-outgoing-1 << "HTTP/1.1 200 OK[\r][\n]"
18:30:14.321 [Test worker] DEBUG com.github.dockerjava.zerodep.shaded.org.apache.hc.client5.http.wire - http-outgoing-1 << "Api-Version: 1.41[\r][\n]"
18:30:14.321 [Test worker] DEBUG com.github.dockerjava.zerodep.shaded.org.apache.hc.client5.http.wire - http-outgoing-1 << "Content-Type: application/json[\r][\n]"
18:30:14.322 [Test worker] DEBUG com.github.dockerjava.zerodep.shaded.org.apache.hc.client5.http.wire - http-outgoing-1 << "Docker-Experimental: false[\r][\n]"
18:30:14.322 [Test worker] DEBUG com.github.dockerjava.zerodep.shaded.org.apache.hc.client5.http.wire - http-outgoing-1 << "Ostype: linux[\r][\n]"
18:30:14.322 [Test worker] DEBUG com.github.dockerjava.zerodep.shaded.org.apache.hc.client5.http.wire - http-outgoing-1 << "Server: Docker/20.10.17 (linux)[\r][\n]"
18:30:14.322 [Test worker] DEBUG com.github.dockerjava.zerodep.shaded.org.apache.hc.client5.http.wire - http-outgoing-1 << "Date: Thu, 08 Dec 2022 21:30:14 GMT[\r][\n]"
18:30:14.322 [Test worker] DEBUG com.github.dockerjava.zerodep.shaded.org.apache.hc.client5.http.wire - http-outgoing-1 << "Transfer-Encoding: chunked[\r][\n]"
18:30:14.322 [Test worker] DEBUG com.github.dockerjava.zerodep.shaded.org.apache.hc.client5.http.wire - http-outgoing-1 << "[\r][\n]"
18:30:14.322 [Test worker] DEBUG com.github.dockerjava.zerodep.shaded.org.apache.hc.client5.http.wire - http-outgoing-1 << "18a6[\r][\n]"
18:30:14.322 [Test worker] DEBUG com.github.dockerjava.zerodep.shaded.org.apache.hc.client5.http.wire - http-outgoing-1 << "{"Id":"b4fc7afd97457a2a6ec84592488a57f900fa52ed03fcd2dbaf8a116bc1f50ab3","Created":"2022-12-08T21:30:11.801619537Z","Path":"docker-entrypoint.sh","Args":["mysqld"],"State":{"Status":"running","Running":true,"Paused":false,"Restarting":false,"OOMKilled":false,"Dead":false,"Pid":148084,"ExitCode":0,"Error":"","StartedAt":"2022-12-08T21:30:12.370762583Z","FinishedAt":"0001-01-01T00:00:00Z"},"Image":"sha256:7484689f290f1defe06b65befc54cb6ad91a667cf0af59a265ffe76c46bd0478","ResolvConfPath":"/var/lib/docker/containers/b4fc7afd97457a2a6ec84592488a57f900fa52ed03fcd2dbaf8a116bc1f50ab3/resolv.conf","HostnamePath":"/var/lib/docker/containers/b4fc7afd97457a2a6ec84592488a57f900fa52ed03fcd2dbaf8a116bc1f50ab3/hostname","HostsPath":"/var/lib/docker/containers/b4fc7afd97457a2a6ec84592488a57f900fa52ed03fcd2dbaf8a116bc1f50ab3/hosts","LogPath":"/var/lib/docker/containers/b4fc7afd97457a2a6ec84592488a57f900fa52ed03fcd2dbaf8a116bc1f50ab3/b4fc7afd97457a2a6ec84592488a57f900fa52ed03fcd2dbaf8a116bc1f50ab3-json.log","Name":"/agitated_ptolemy","RestartCount":0,"Driver":"overlay2","Platform":"linux","MountLabel":"","ProcessLabel":"","AppArmorProfile":"docker-default","ExecIDs":null,"HostConfig":{"Binds":[],"ContainerIDFile":"","LogConfig":{"Type":"json-file","Config":{}},"NetworkMode":"default","PortBindings":{"3306/tcp":[{"HostIp":"","HostPort":""}]},"RestartPolicy":{"Name":"","MaximumRetryCount":0},"AutoRemove":false,"VolumeDriver":"","VolumesFrom":[],"CapAdd":null,"CapDrop":null,"CgroupnsMode":"private","Dns":null,"DnsOptions":null,"DnsSearch":null,"ExtraHosts":[],"GroupAdd":null,"IpcMode":"shareable","Cgroup":"","Links":null,"OomScoreAdj":0,"PidMode":"","Privileged":false,"PublishAllPorts":false,"ReadonlyRootfs":false,"SecurityOpt":null,"UTSMode":"","UsernsMode":"","ShmSize":67108864,"Runtime":"runc","ConsoleSize":[0,0],"Isolation":"","CpuShares":0,"Memory":0,"NanoCpus":0,"CgroupParent":"","BlkioWeight":0,"BlkioWeightDevice":null,"BlkioDeviceReadBps":null,"BlkioDeviceWriteBps":null,"BlkioDeviceReadIOps":null,"BlkioDeviceWriteIOps":null,"CpuPeriod":0,"CpuQuota":0,"CpuRealtimePeriod":0,"CpuRealtimeRuntime":0,"CpusetCpus":"","CpusetMems":"","Devices":null,"DeviceCgroupRules":null,"DeviceRequests":null,"KernelMemory":0,"KernelMemoryTCP":0,"MemoryReservation":0,"MemorySwap":0,"MemorySwappiness":null,"OomKillDisable":null,"PidsLimit":null,"Ulimits":null,"CpuCount":0,"CpuPercent":0,"IOMaximumIOps":0,"IOMaximumBandwidth":0,"MaskedPaths":["/proc/asound","/proc/acpi","/proc/kcore","/proc/keys","/proc/latency_stats","/proc/timer_list","/proc/timer_stats","/proc/sched_debug","/proc/scsi","/sys/firmware"],"ReadonlyPaths":["/proc/bus","/proc/fs","/proc/irq","/proc/sys","/proc/sysrq-trigger"]},"GraphDriver":{"Data":{"LowerDir":"/var/lib/docker/overlay2/05794d51525f65619c615558ef5f93d7c33eef44e12313fdcb3942911d0b5f7d-init/diff:/var/lib/docker/overlay2/f079a69cfd5e80e906b12f05a0c7bfaabc56ce63e947db68b722ae30905f1239/diff:/var/lib/docker/overlay2/9dfb63d6bb556846a13012421dde7951ef83a14d8ce1882287cce66f0f9bd055/diff:/var/lib/docker/overlay2/c4f8874ae33ddd14488f5051cd953acc020fa00ea72d28bd530450c0bc8f9903/diff:/var/lib/docker/overlay2/992683766b46aa5653160e6a34283b579a75000e230890d0ec0a6204af735697/diff:/var/lib/docker/overlay2/6e3fba0e1d6501c91c9bec723bb1364f75599c6c2026a6dc71773c88a49f890a/diff:/var/lib/docker/overlay2/c6c2a366f45a69704761d45d296d71bf2bf315efb15cb06ad88925ed235fad81/diff:/var/lib/docker/overlay2/7555f9b18615244719d04b23296ba418195e5e569d47baf9f1da7c3f053fe194/diff:/var/lib/docker/overlay2/7752eb17f8f8ba44a5ed178f499901fa7eb6f2e031c29ab160ee4eff4db8edaa/diff:/var/lib/docker/overlay2/9683de8b3733106f256bd0eabc7cae13623b14493b9212e863449d42b8a87390/diff:/var/lib/docker/overlay2/f5e28e407d8811526fb7dd82e4fed08d5d3124c0f22f1a9496ed27b2b457d3dd/diff:/var/lib/docker/overlay2/e2980c91c6b3331cff3994ca6f327955bb5feaef0f96bc64edce80631fdbf829/diff","MergedDir":"/var/lib/docker/overlay2/05794d51525f65619c615558ef5f93d7c33eef44e12313fdcb3942911d0b5f7d/merged","UpperDir":"/var/lib/docker/overlay2/05794d51525f65619c615558ef5f93d7c33eef44e12313fdcb3942911d0b5f7d/diff","WorkDir":"/var/lib/docker/overlay2/05794d51525f65619c615558ef5f93d7c33eef44e12313fdcb3942911d0b5f7d/work"},"Name":"overlay2"},"Mounts":[{"Type":"volume","Name":"fe29345a30f82a1c969c40b069133e9d87168ce95967d67ac182ee42c059affb","Source":"/var/lib/docker/volumes/fe29345a30f82a1c969c40b069133e9d87168ce95967d67ac182ee42c059affb/_data","Destination":"/var/lib/mysql","Driver":"local","Mode":"","RW":true,"Propagation":""}],"Config":{"Hostname":"b4fc7afd9745","Domainname":"","User":"","AttachStdin":false,"AttachStdout":false,"AttachStderr":false,"ExposedPorts":{"3306/tcp":{},"33060/tcp":{}},"Tty":false,"OpenStdin":false,"StdinOnce":false,"Env":["MYSQL_DATABASE=adm_videos","MYSQL_PASSWORD=123456","MYSQL_ROOT_PASSWORD=123456","PATH=/usr/local/sbin:/usr/local/bin:/usr/sbin:/usr/bin:/sbin:/bin","GOSU_VERSION=1.14","MYSQL_MAJOR=8.0","MYSQL_VERSION=8.0.31-1.el8","MYSQL_SHELL_VERSION=8.0.31-1.el8"],"Cmd":["mysqld"],"Image":"mysql:latest","Volumes":{"/var/lib/mysql":{}},"WorkingDir":"","Entrypoint":["docker-entrypoint.sh"],"OnBuild":null,"Labels":{"org.testcontainers":"true","org.testcontainers.sessionId":"cdd139c9-cde1-4429-bea7-edb0e651ba16"}},"NetworkSettings":{"Bridge":"","SandboxID":"8404ec7d59006489fa5b6638879180586e9aa24c1c3ae79d40e26a8f453c93b1","HairpinMode":false,"LinkLocalIPv6Address":"","LinkLocalIPv6PrefixLen":0,"Ports":{"3306/tcp":[{"HostIp":"0.0.0.0","HostPort":"49156"},{"HostIp":"::","HostPort":"49156"}],"33060/tcp":null},"SandboxKey":"/var/run/docker/netns/8404ec7d5900","SecondaryIPAddresses":null,"SecondaryIPv6Addresses":null,"EndpointID":"28c851b70d88131a783e3d87b7c50320df5f3250ebca621b1b39353a2424212a","Gateway":"172.17.0.1","GlobalIPv6Address":"","GlobalIPv6PrefixLen":0,"IPAddress":"172.17.0.3","IPPrefixLen":16,"IPv6Gateway":"","MacAddress":"02:42:ac:11:00:03","Networks":{"bridge":{"IPAMConfig":null,"Links":null,"Aliases":null,"NetworkID":"bf06afe94eca8b5ab91eae0dbaa8561a6dd16832d429dcdbaa7ed1e003cfbe56","EndpointID":"28c851b70d88131a783e3d87b7c50320df5f3250ebca621b1b39353a2424212a","Gateway":"172.17.0.1","IPAddress":"172.17.0.3","IPPrefixLen":16,"IPv6Gateway":"","GlobalIPv6Address":"","GlobalIPv6PrefixLen":0,"MacAddress":"02:42:ac:11:00:03","DriverOpts":null}}}}[\n]"
18:30:14.322 [Test worker] DEBUG com.github.dockerjava.zerodep.shaded.org.apache.hc.client5.http.wire - http-outgoing-1 << "[\r][\n]"
18:30:14.322 [Test worker] DEBUG com.github.dockerjava.zerodep.shaded.org.apache.hc.client5.http.wire - http-outgoing-1 << "0[\r][\n]"
18:30:14.322 [Test worker] DEBUG com.github.dockerjava.zerodep.shaded.org.apache.hc.client5.http.wire - http-outgoing-1 << "[\r][\n]"
18:30:14.323 [Test worker] DEBUG com.github.dockerjava.zerodep.shaded.org.apache.hc.client5.http.headers - http-outgoing-1 << HTTP/1.1 200 OK
18:30:14.323 [Test worker] DEBUG com.github.dockerjava.zerodep.shaded.org.apache.hc.client5.http.headers - http-outgoing-1 << Api-Version: 1.41
18:30:14.323 [Test worker] DEBUG com.github.dockerjava.zerodep.shaded.org.apache.hc.client5.http.headers - http-outgoing-1 << Content-Type: application/json
18:30:14.323 [Test worker] DEBUG com.github.dockerjava.zerodep.shaded.org.apache.hc.client5.http.headers - http-outgoing-1 << Docker-Experimental: false
18:30:14.324 [Test worker] DEBUG com.github.dockerjava.zerodep.shaded.org.apache.hc.client5.http.headers - http-outgoing-1 << Ostype: linux
18:30:14.324 [Test worker] DEBUG com.github.dockerjava.zerodep.shaded.org.apache.hc.client5.http.headers - http-outgoing-1 << Server: Docker/20.10.17 (linux)
18:30:14.324 [Test worker] DEBUG com.github.dockerjava.zerodep.shaded.org.apache.hc.client5.http.headers - http-outgoing-1 << Date: Thu, 08 Dec 2022 21:30:14 GMT
18:30:14.324 [Test worker] DEBUG com.github.dockerjava.zerodep.shaded.org.apache.hc.client5.http.headers - http-outgoing-1 << Transfer-Encoding: chunked
18:30:14.324 [Test worker] DEBUG com.github.dockerjava.zerodep.shaded.org.apache.hc.client5.http.impl.classic.MainClientExec - ex-0000001C: connection can be kept alive for 3 MINUTES
18:30:14.326 [Test worker] DEBUG com.github.dockerjava.zerodep.shaded.org.apache.hc.client5.http.impl.classic.InternalHttpClient - ep-0000001B: releasing valid endpoint
18:30:14.326 [Test worker] DEBUG com.github.dockerjava.zerodep.shaded.org.apache.hc.client5.http.impl.io.PoolingHttpClientConnectionManager - ep-0000001B: releasing endpoint
18:30:14.327 [Test worker] DEBUG com.github.dockerjava.zerodep.shaded.org.apache.hc.client5.http.impl.io.PoolingHttpClientConnectionManager - ep-0000001B: connection http-outgoing-1 can be kept alive for 3 MINUTES
18:30:14.327 [Test worker] DEBUG com.github.dockerjava.zerodep.shaded.org.apache.hc.client5.http.impl.io.PoolingHttpClientConnectionManager - ep-0000001B: connection released [route: {}->unix://localhost:2375][total available: 1; route allocated: 1 of 2147483647; total allocated: 1 of 2147483647]
18:30:14.327 [Test worker] DEBUG ]]>&#x1f433;<![CDATA[ [mysql:latest] - Trying to create JDBC connection using com.mysql.cj.jdbc.Driver to jdbc:mysql://localhost:49156/adm_videos?useSSL=false&allowPublicKeyRetrieval=true with properties: {password=123456, user=root}
18:30:14.431 [Test worker] DEBUG org.testcontainers.shaded.com.github.dockerjava.core.command.AbstrDockerCmd - Cmd: b4fc7afd97457a2a6ec84592488a57f900fa52ed03fcd2dbaf8a116bc1f50ab3,false
18:30:14.431 [Test worker] DEBUG org.testcontainers.shaded.com.github.dockerjava.core.exec.InspectContainerCmdExec - GET: DefaultWebTarget{path=[/containers/b4fc7afd97457a2a6ec84592488a57f900fa52ed03fcd2dbaf8a116bc1f50ab3/json], queryParams={}}
18:30:14.432 [Test worker] DEBUG com.github.dockerjava.zerodep.shaded.org.apache.hc.client5.http.impl.classic.InternalHttpClient - ex-0000001D: preparing request execution
18:30:14.433 [Test worker] DEBUG com.github.dockerjava.zerodep.shaded.org.apache.hc.client5.http.protocol.RequestAddCookies - Cookie spec selected: strict
18:30:14.434 [Test worker] DEBUG com.github.dockerjava.zerodep.shaded.org.apache.hc.client5.http.protocol.RequestAuthCache - Auth cache not set in the context
18:30:14.434 [Test worker] DEBUG com.github.dockerjava.zerodep.shaded.org.apache.hc.client5.http.impl.classic.ProtocolExec - ex-0000001D: target auth state: UNCHALLENGED
18:30:14.434 [Test worker] DEBUG com.github.dockerjava.zerodep.shaded.org.apache.hc.client5.http.impl.classic.ProtocolExec - ex-0000001D: proxy auth state: UNCHALLENGED
18:30:14.434 [Test worker] DEBUG com.github.dockerjava.zerodep.shaded.org.apache.hc.client5.http.impl.classic.ConnectExec - ex-0000001D: acquiring connection with route {}->unix://localhost:2375
18:30:14.434 [Test worker] DEBUG com.github.dockerjava.zerodep.shaded.org.apache.hc.client5.http.impl.classic.InternalHttpClient - ex-0000001D: acquiring endpoint (3 MINUTES)
18:30:14.434 [Test worker] DEBUG com.github.dockerjava.zerodep.shaded.org.apache.hc.client5.http.impl.io.PoolingHttpClientConnectionManager - ex-0000001D: endpoint lease request (3 MINUTES) [route: {}->unix://localhost:2375][total available: 1; route allocated: 1 of 2147483647; total allocated: 1 of 2147483647]
18:30:14.435 [Test worker] DEBUG com.github.dockerjava.zerodep.shaded.org.apache.hc.client5.http.impl.io.PoolingHttpClientConnectionManager - ex-0000001D: endpoint leased [route: {}->unix://localhost:2375][total available: 0; route allocated: 1 of 2147483647; total allocated: 1 of 2147483647]
18:30:14.435 [Test worker] DEBUG com.github.dockerjava.zerodep.shaded.org.apache.hc.client5.http.impl.io.PoolingHttpClientConnectionManager - ex-0000001D: acquired ep-0000001C
18:30:14.436 [Test worker] DEBUG com.github.dockerjava.zerodep.shaded.org.apache.hc.client5.http.impl.classic.InternalHttpClient - ex-0000001D: acquired endpoint ep-0000001C
18:30:14.436 [Test worker] DEBUG com.github.dockerjava.zerodep.shaded.org.apache.hc.client5.http.impl.classic.MainClientExec - ex-0000001D: executing GET /v1.32/containers/b4fc7afd97457a2a6ec84592488a57f900fa52ed03fcd2dbaf8a116bc1f50ab3/json HTTP/1.1
18:30:14.436 [Test worker] DEBUG com.github.dockerjava.zerodep.shaded.org.apache.hc.client5.http.impl.classic.InternalHttpClient - ep-0000001C: start execution ex-0000001D
18:30:14.436 [Test worker] DEBUG com.github.dockerjava.zerodep.shaded.org.apache.hc.client5.http.impl.io.PoolingHttpClientConnectionManager - ep-0000001C: executing exchange ex-0000001D over http-outgoing-1
18:30:14.436 [Test worker] DEBUG com.github.dockerjava.zerodep.shaded.org.apache.hc.client5.http.headers - http-outgoing-1 >> GET /v1.32/containers/b4fc7afd97457a2a6ec84592488a57f900fa52ed03fcd2dbaf8a116bc1f50ab3/json HTTP/1.1
18:30:14.436 [Test worker] DEBUG com.github.dockerjava.zerodep.shaded.org.apache.hc.client5.http.headers - http-outgoing-1 >> accept: application/json
18:30:14.436 [Test worker] DEBUG com.github.dockerjava.zerodep.shaded.org.apache.hc.client5.http.headers - http-outgoing-1 >> x-tc-sid: cdd139c9-cde1-4429-bea7-edb0e651ba16
18:30:14.436 [Test worker] DEBUG com.github.dockerjava.zerodep.shaded.org.apache.hc.client5.http.headers - http-outgoing-1 >> Accept-Encoding: gzip, x-gzip, deflate
18:30:14.436 [Test worker] DEBUG com.github.dockerjava.zerodep.shaded.org.apache.hc.client5.http.headers - http-outgoing-1 >> Host: localhost:2375
18:30:14.436 [Test worker] DEBUG com.github.dockerjava.zerodep.shaded.org.apache.hc.client5.http.headers - http-outgoing-1 >> Connection: keep-alive
18:30:14.436 [Test worker] DEBUG com.github.dockerjava.zerodep.shaded.org.apache.hc.client5.http.headers - http-outgoing-1 >> User-Agent: Apache-HttpClient/5.0.3 (Java/17.0.2)
18:30:14.436 [Test worker] DEBUG com.github.dockerjava.zerodep.shaded.org.apache.hc.client5.http.wire - http-outgoing-1 >> "GET /v1.32/containers/b4fc7afd97457a2a6ec84592488a57f900fa52ed03fcd2dbaf8a116bc1f50ab3/json HTTP/1.1[\r][\n]"
18:30:14.436 [Test worker] DEBUG com.github.dockerjava.zerodep.shaded.org.apache.hc.client5.http.wire - http-outgoing-1 >> "accept: application/json[\r][\n]"
18:30:14.436 [Test worker] DEBUG com.github.dockerjava.zerodep.shaded.org.apache.hc.client5.http.wire - http-outgoing-1 >> "x-tc-sid: cdd139c9-cde1-4429-bea7-edb0e651ba16[\r][\n]"
18:30:14.436 [Test worker] DEBUG com.github.dockerjava.zerodep.shaded.org.apache.hc.client5.http.wire - http-outgoing-1 >> "Accept-Encoding: gzip, x-gzip, deflate[\r][\n]"
18:30:14.436 [Test worker] DEBUG com.github.dockerjava.zerodep.shaded.org.apache.hc.client5.http.wire - http-outgoing-1 >> "Host: localhost:2375[\r][\n]"
18:30:14.436 [Test worker] DEBUG com.github.dockerjava.zerodep.shaded.org.apache.hc.client5.http.wire - http-outgoing-1 >> "Connection: keep-alive[\r][\n]"
18:30:14.436 [Test worker] DEBUG com.github.dockerjava.zerodep.shaded.org.apache.hc.client5.http.wire - http-outgoing-1 >> "User-Agent: Apache-HttpClient/5.0.3 (Java/17.0.2)[\r][\n]"
18:30:14.436 [Test worker] DEBUG com.github.dockerjava.zerodep.shaded.org.apache.hc.client5.http.wire - http-outgoing-1 >> "[\r][\n]"
18:30:14.437 [Test worker] DEBUG com.github.dockerjava.zerodep.shaded.org.apache.hc.client5.http.wire - http-outgoing-1 << "HTTP/1.1 200 OK[\r][\n]"
18:30:14.437 [Test worker] DEBUG com.github.dockerjava.zerodep.shaded.org.apache.hc.client5.http.wire - http-outgoing-1 << "Api-Version: 1.41[\r][\n]"
18:30:14.437 [Test worker] DEBUG com.github.dockerjava.zerodep.shaded.org.apache.hc.client5.http.wire - http-outgoing-1 << "Content-Type: application/json[\r][\n]"
18:30:14.437 [Test worker] DEBUG com.github.dockerjava.zerodep.shaded.org.apache.hc.client5.http.wire - http-outgoing-1 << "Docker-Experimental: false[\r][\n]"
18:30:14.437 [Test worker] DEBUG com.github.dockerjava.zerodep.shaded.org.apache.hc.client5.http.wire - http-outgoing-1 << "Ostype: linux[\r][\n]"
18:30:14.437 [Test worker] DEBUG com.github.dockerjava.zerodep.shaded.org.apache.hc.client5.http.wire - http-outgoing-1 << "Server: Docker/20.10.17 (linux)[\r][\n]"
18:30:14.437 [Test worker] DEBUG com.github.dockerjava.zerodep.shaded.org.apache.hc.client5.http.wire - http-outgoing-1 << "Date: Thu, 08 Dec 2022 21:30:14 GMT[\r][\n]"
18:30:14.437 [Test worker] DEBUG com.github.dockerjava.zerodep.shaded.org.apache.hc.client5.http.wire - http-outgoing-1 << "Transfer-Encoding: chunked[\r][\n]"
18:30:14.437 [Test worker] DEBUG com.github.dockerjava.zerodep.shaded.org.apache.hc.client5.http.wire - http-outgoing-1 << "[\r][\n]"
18:30:14.437 [Test worker] DEBUG com.github.dockerjava.zerodep.shaded.org.apache.hc.client5.http.wire - http-outgoing-1 << "18a6[\r][\n]"
18:30:14.437 [Test worker] DEBUG com.github.dockerjava.zerodep.shaded.org.apache.hc.client5.http.wire - http-outgoing-1 << "{"Id":"b4fc7afd97457a2a6ec84592488a57f900fa52ed03fcd2dbaf8a116bc1f50ab3","Created":"2022-12-08T21:30:11.801619537Z","Path":"docker-entrypoint.sh","Args":["mysqld"],"State":{"Status":"running","Running":true,"Paused":false,"Restarting":false,"OOMKilled":false,"Dead":false,"Pid":148084,"ExitCode":0,"Error":"","StartedAt":"2022-12-08T21:30:12.370762583Z","FinishedAt":"0001-01-01T00:00:00Z"},"Image":"sha256:7484689f290f1defe06b65befc54cb6ad91a667cf0af59a265ffe76c46bd0478","ResolvConfPath":"/var/lib/docker/containers/b4fc7afd97457a2a6ec84592488a57f900fa52ed03fcd2dbaf8a116bc1f50ab3/resolv.conf","HostnamePath":"/var/lib/docker/containers/b4fc7afd97457a2a6ec84592488a57f900fa52ed03fcd2dbaf8a116bc1f50ab3/hostname","HostsPath":"/var/lib/docker/containers/b4fc7afd97457a2a6ec84592488a57f900fa52ed03fcd2dbaf8a116bc1f50ab3/hosts","LogPath":"/var/lib/docker/containers/b4fc7afd97457a2a6ec84592488a57f900fa52ed03fcd2dbaf8a116bc1f50ab3/b4fc7afd97457a2a6ec84592488a57f900fa52ed03fcd2dbaf8a116bc1f50ab3-json.log","Name":"/agitated_ptolemy","RestartCount":0,"Driver":"overlay2","Platform":"linux","MountLabel":"","ProcessLabel":"","AppArmorProfile":"docker-default","ExecIDs":null,"HostConfig":{"Binds":[],"ContainerIDFile":"","LogConfig":{"Type":"json-file","Config":{}},"NetworkMode":"default","PortBindings":{"3306/tcp":[{"HostIp":"","HostPort":""}]},"RestartPolicy":{"Name":"","MaximumRetryCount":0},"AutoRemove":false,"VolumeDriver":"","VolumesFrom":[],"CapAdd":null,"CapDrop":null,"CgroupnsMode":"private","Dns":null,"DnsOptions":null,"DnsSearch":null,"ExtraHosts":[],"GroupAdd":null,"IpcMode":"shareable","Cgroup":"","Links":null,"OomScoreAdj":0,"PidMode":"","Privileged":false,"PublishAllPorts":false,"ReadonlyRootfs":false,"SecurityOpt":null,"UTSMode":"","UsernsMode":"","ShmSize":67108864,"Runtime":"runc","ConsoleSize":[0,0],"Isolation":"","CpuShares":0,"Memory":0,"NanoCpus":0,"CgroupParent":"","BlkioWeight":0,"BlkioWeightDevice":null,"BlkioDeviceReadBps":null,"BlkioDeviceWriteBps":null,"BlkioDeviceReadIOps":null,"BlkioDeviceWriteIOps":null,"CpuPeriod":0,"CpuQuota":0,"CpuRealtimePeriod":0,"CpuRealtimeRuntime":0,"CpusetCpus":"","CpusetMems":"","Devices":null,"DeviceCgroupRules":null,"DeviceRequests":null,"KernelMemory":0,"KernelMemoryTCP":0,"MemoryReservation":0,"MemorySwap":0,"MemorySwappiness":null,"OomKillDisable":null,"PidsLimit":null,"Ulimits":null,"CpuCount":0,"CpuPercent":0,"IOMaximumIOps":0,"IOMaximumBandwidth":0,"MaskedPaths":["/proc/asound","/proc/acpi","/proc/kcore","/proc/keys","/proc/latency_stats","/proc/timer_list","/proc/timer_stats","/proc/sched_debug","/proc/scsi","/sys/firmware"],"ReadonlyPaths":["/proc/bus","/proc/fs","/proc/irq","/proc/sys","/proc/sysrq-trigger"]},"GraphDriver":{"Data":{"LowerDir":"/var/lib/docker/overlay2/05794d51525f65619c615558ef5f93d7c33eef44e12313fdcb3942911d0b5f7d-init/diff:/var/lib/docker/overlay2/f079a69cfd5e80e906b12f05a0c7bfaabc56ce63e947db68b722ae30905f1239/diff:/var/lib/docker/overlay2/9dfb63d6bb556846a13012421dde7951ef83a14d8ce1882287cce66f0f9bd055/diff:/var/lib/docker/overlay2/c4f8874ae33ddd14488f5051cd953acc020fa00ea72d28bd530450c0bc8f9903/diff:/var/lib/docker/overlay2/992683766b46aa5653160e6a34283b579a75000e230890d0ec0a6204af735697/diff:/var/lib/docker/overlay2/6e3fba0e1d6501c91c9bec723bb1364f75599c6c2026a6dc71773c88a49f890a/diff:/var/lib/docker/overlay2/c6c2a366f45a69704761d45d296d71bf2bf315efb15cb06ad88925ed235fad81/diff:/var/lib/docker/overlay2/7555f9b18615244719d04b23296ba418195e5e569d47baf9f1da7c3f053fe194/diff:/var/lib/docker/overlay2/7752eb17f8f8ba44a5ed178f499901fa7eb6f2e031c29ab160ee4eff4db8edaa/diff:/var/lib/docker/overlay2/9683de8b3733106f256bd0eabc7cae13623b14493b9212e863449d42b8a87390/diff:/var/lib/docker/overlay2/f5e28e407d8811526fb7dd82e4fed08d5d3124c0f22f1a9496ed27b2b457d3dd/diff:/var/lib/docker/overlay2/e2980c91c6b3331cff3994ca6f327955bb5feaef0f96bc64edce80631fdbf829/diff","MergedDir":"/var/lib/docker/overlay2/05794d51525f65619c615558ef5f93d7c33eef44e12313fdcb3942911d0b5f7d/merged","UpperDir":"/var/lib/docker/overlay2/05794d51525f65619c615558ef5f93d7c33eef44e12313fdcb3942911d0b5f7d/diff","WorkDir":"/var/lib/docker/overlay2/05794d51525f65619c615558ef5f93d7c33eef44e12313fdcb3942911d0b5f7d/work"},"Name":"overlay2"},"Mounts":[{"Type":"volume","Name":"fe29345a30f82a1c969c40b069133e9d87168ce95967d67ac182ee42c059affb","Source":"/var/lib/docker/volumes/fe29345a30f82a1c969c40b069133e9d87168ce95967d67ac182ee42c059affb/_data","Destination":"/var/lib/mysql","Driver":"local","Mode":"","RW":true,"Propagation":""}],"Config":{"Hostname":"b4fc7afd9745","Domainname":"","User":"","AttachStdin":false,"AttachStdout":false,"AttachStderr":false,"ExposedPorts":{"3306/tcp":{},"33060/tcp":{}},"Tty":false,"OpenStdin":false,"StdinOnce":false,"Env":["MYSQL_DATABASE=adm_videos","MYSQL_PASSWORD=123456","MYSQL_ROOT_PASSWORD=123456","PATH=/usr/local/sbin:/usr/local/bin:/usr/sbin:/usr/bin:/sbin:/bin","GOSU_VERSION=1.14","MYSQL_MAJOR=8.0","MYSQL_VERSION=8.0.31-1.el8","MYSQL_SHELL_VERSION=8.0.31-1.el8"],"Cmd":["mysqld"],"Image":"mysql:latest","Volumes":{"/var/lib/mysql":{}},"WorkingDir":"","Entrypoint":["docker-entrypoint.sh"],"OnBuild":null,"Labels":{"org.testcontainers":"true","org.testcontainers.sessionId":"cdd139c9-cde1-4429-bea7-edb0e651ba16"}},"NetworkSettings":{"Bridge":"","SandboxID":"8404ec7d59006489fa5b6638879180586e9aa24c1c3ae79d40e26a8f453c93b1","HairpinMode":false,"LinkLocalIPv6Address":"","LinkLocalIPv6PrefixLen":0,"Ports":{"3306/tcp":[{"HostIp":"0.0.0.0","HostPort":"49156"},{"HostIp":"::","HostPort":"49156"}],"33060/tcp":null},"SandboxKey":"/var/run/docker/netns/8404ec7d5900","SecondaryIPAddresses":null,"SecondaryIPv6Addresses":null,"EndpointID":"28c851b70d88131a783e3d87b7c50320df5f3250ebca621b1b39353a2424212a","Gateway":"172.17.0.1","GlobalIPv6Address":"","GlobalIPv6PrefixLen":0,"IPAddress":"172.17.0.3","IPPrefixLen":16,"IPv6Gateway":"","MacAddress":"02:42:ac:11:00:03","Networks":{"bridge":{"IPAMConfig":null,"Links":null,"Aliases":null,"NetworkID":"bf06afe94eca8b5ab91eae0dbaa8561a6dd16832d429dcdbaa7ed1e003cfbe56","EndpointID":"28c851b70d88131a783e3d87b7c50320df5f3250ebca621b1b39353a2424212a","Gateway":"172.17.0.1","IPAddress":"172.17.0.3","IPPrefixLen":16,"IPv6Gateway":"","GlobalIPv6Address":"","GlobalIPv6PrefixLen":0,"MacAddress":"02:42:ac:11:00:03","DriverOpts":null}}}}[\n]"
18:30:14.437 [Test worker] DEBUG com.github.dockerjava.zerodep.shaded.org.apache.hc.client5.http.wire - http-outgoing-1 << "[\r][\n]"
18:30:14.437 [Test worker] DEBUG com.github.dockerjava.zerodep.shaded.org.apache.hc.client5.http.wire - http-outgoing-1 << "0[\r][\n]"
18:30:14.437 [Test worker] DEBUG com.github.dockerjava.zerodep.shaded.org.apache.hc.client5.http.wire - http-outgoing-1 << "[\r][\n]"
18:30:14.438 [Test worker] DEBUG com.github.dockerjava.zerodep.shaded.org.apache.hc.client5.http.headers - http-outgoing-1 << HTTP/1.1 200 OK
18:30:14.438 [Test worker] DEBUG com.github.dockerjava.zerodep.shaded.org.apache.hc.client5.http.headers - http-outgoing-1 << Api-Version: 1.41
18:30:14.438 [Test worker] DEBUG com.github.dockerjava.zerodep.shaded.org.apache.hc.client5.http.headers - http-outgoing-1 << Content-Type: application/json
18:30:14.438 [Test worker] DEBUG com.github.dockerjava.zerodep.shaded.org.apache.hc.client5.http.headers - http-outgoing-1 << Docker-Experimental: false
18:30:14.438 [Test worker] DEBUG com.github.dockerjava.zerodep.shaded.org.apache.hc.client5.http.headers - http-outgoing-1 << Ostype: linux
18:30:14.438 [Test worker] DEBUG com.github.dockerjava.zerodep.shaded.org.apache.hc.client5.http.headers - http-outgoing-1 << Server: Docker/20.10.17 (linux)
18:30:14.438 [Test worker] DEBUG com.github.dockerjava.zerodep.shaded.org.apache.hc.client5.http.headers - http-outgoing-1 << Date: Thu, 08 Dec 2022 21:30:14 GMT
18:30:14.438 [Test worker] DEBUG com.github.dockerjava.zerodep.shaded.org.apache.hc.client5.http.headers - http-outgoing-1 << Transfer-Encoding: chunked
18:30:14.438 [Test worker] DEBUG com.github.dockerjava.zerodep.shaded.org.apache.hc.client5.http.impl.classic.MainClientExec - ex-0000001D: connection can be kept alive for 3 MINUTES
18:30:14.440 [Test worker] DEBUG com.github.dockerjava.zerodep.shaded.org.apache.hc.client5.http.impl.classic.InternalHttpClient - ep-0000001C: releasing valid endpoint
18:30:14.440 [Test worker] DEBUG com.github.dockerjava.zerodep.shaded.org.apache.hc.client5.http.impl.io.PoolingHttpClientConnectionManager - ep-0000001C: releasing endpoint
18:30:14.441 [Test worker] DEBUG com.github.dockerjava.zerodep.shaded.org.apache.hc.client5.http.impl.io.PoolingHttpClientConnectionManager - ep-0000001C: connection http-outgoing-1 can be kept alive for 3 MINUTES
18:30:14.441 [Test worker] DEBUG com.github.dockerjava.zerodep.shaded.org.apache.hc.client5.http.impl.io.PoolingHttpClientConnectionManager - ep-0000001C: connection released [route: {}->unix://localhost:2375][total available: 1; route allocated: 1 of 2147483647; total allocated: 1 of 2147483647]
18:30:14.441 [Test worker] DEBUG ]]>&#x1f433;<![CDATA[ [mysql:latest] - Trying to create JDBC connection using com.mysql.cj.jdbc.Driver to jdbc:mysql://localhost:49156/adm_videos?useSSL=false&allowPublicKeyRetrieval=true with properties: {password=123456, user=root}
18:30:14.545 [Test worker] DEBUG org.testcontainers.shaded.com.github.dockerjava.core.command.AbstrDockerCmd - Cmd: b4fc7afd97457a2a6ec84592488a57f900fa52ed03fcd2dbaf8a116bc1f50ab3,false
18:30:14.546 [Test worker] DEBUG org.testcontainers.shaded.com.github.dockerjava.core.exec.InspectContainerCmdExec - GET: DefaultWebTarget{path=[/containers/b4fc7afd97457a2a6ec84592488a57f900fa52ed03fcd2dbaf8a116bc1f50ab3/json], queryParams={}}
18:30:14.546 [Test worker] DEBUG com.github.dockerjava.zerodep.shaded.org.apache.hc.client5.http.impl.classic.InternalHttpClient - ex-0000001E: preparing request execution
18:30:14.546 [Test worker] DEBUG com.github.dockerjava.zerodep.shaded.org.apache.hc.client5.http.protocol.RequestAddCookies - Cookie spec selected: strict
18:30:14.546 [Test worker] DEBUG com.github.dockerjava.zerodep.shaded.org.apache.hc.client5.http.protocol.RequestAuthCache - Auth cache not set in the context
18:30:14.546 [Test worker] DEBUG com.github.dockerjava.zerodep.shaded.org.apache.hc.client5.http.impl.classic.ProtocolExec - ex-0000001E: target auth state: UNCHALLENGED
18:30:14.546 [Test worker] DEBUG com.github.dockerjava.zerodep.shaded.org.apache.hc.client5.http.impl.classic.ProtocolExec - ex-0000001E: proxy auth state: UNCHALLENGED
18:30:14.546 [Test worker] DEBUG com.github.dockerjava.zerodep.shaded.org.apache.hc.client5.http.impl.classic.ConnectExec - ex-0000001E: acquiring connection with route {}->unix://localhost:2375
18:30:14.546 [Test worker] DEBUG com.github.dockerjava.zerodep.shaded.org.apache.hc.client5.http.impl.classic.InternalHttpClient - ex-0000001E: acquiring endpoint (3 MINUTES)
18:30:14.546 [Test worker] DEBUG com.github.dockerjava.zerodep.shaded.org.apache.hc.client5.http.impl.io.PoolingHttpClientConnectionManager - ex-0000001E: endpoint lease request (3 MINUTES) [route: {}->unix://localhost:2375][total available: 1; route allocated: 1 of 2147483647; total allocated: 1 of 2147483647]
18:30:14.549 [Test worker] DEBUG com.github.dockerjava.zerodep.shaded.org.apache.hc.client5.http.impl.io.PoolingHttpClientConnectionManager - ex-0000001E: endpoint leased [route: {}->unix://localhost:2375][total available: 0; route allocated: 1 of 2147483647; total allocated: 1 of 2147483647]
18:30:14.550 [Test worker] DEBUG com.github.dockerjava.zerodep.shaded.org.apache.hc.client5.http.impl.io.PoolingHttpClientConnectionManager - ex-0000001E: acquired ep-0000001D
18:30:14.550 [Test worker] DEBUG com.github.dockerjava.zerodep.shaded.org.apache.hc.client5.http.impl.classic.InternalHttpClient - ex-0000001E: acquired endpoint ep-0000001D
18:30:14.550 [Test worker] DEBUG com.github.dockerjava.zerodep.shaded.org.apache.hc.client5.http.impl.classic.MainClientExec - ex-0000001E: executing GET /v1.32/containers/b4fc7afd97457a2a6ec84592488a57f900fa52ed03fcd2dbaf8a116bc1f50ab3/json HTTP/1.1
18:30:14.550 [Test worker] DEBUG com.github.dockerjava.zerodep.shaded.org.apache.hc.client5.http.impl.classic.InternalHttpClient - ep-0000001D: start execution ex-0000001E
18:30:14.550 [Test worker] DEBUG com.github.dockerjava.zerodep.shaded.org.apache.hc.client5.http.impl.io.PoolingHttpClientConnectionManager - ep-0000001D: executing exchange ex-0000001E over http-outgoing-1
18:30:14.550 [Test worker] DEBUG com.github.dockerjava.zerodep.shaded.org.apache.hc.client5.http.headers - http-outgoing-1 >> GET /v1.32/containers/b4fc7afd97457a2a6ec84592488a57f900fa52ed03fcd2dbaf8a116bc1f50ab3/json HTTP/1.1
18:30:14.550 [Test worker] DEBUG com.github.dockerjava.zerodep.shaded.org.apache.hc.client5.http.headers - http-outgoing-1 >> accept: application/json
18:30:14.550 [Test worker] DEBUG com.github.dockerjava.zerodep.shaded.org.apache.hc.client5.http.headers - http-outgoing-1 >> x-tc-sid: cdd139c9-cde1-4429-bea7-edb0e651ba16
18:30:14.550 [Test worker] DEBUG com.github.dockerjava.zerodep.shaded.org.apache.hc.client5.http.headers - http-outgoing-1 >> Accept-Encoding: gzip, x-gzip, deflate
18:30:14.550 [Test worker] DEBUG com.github.dockerjava.zerodep.shaded.org.apache.hc.client5.http.headers - http-outgoing-1 >> Host: localhost:2375
18:30:14.550 [Test worker] DEBUG com.github.dockerjava.zerodep.shaded.org.apache.hc.client5.http.headers - http-outgoing-1 >> Connection: keep-alive
18:30:14.550 [Test worker] DEBUG com.github.dockerjava.zerodep.shaded.org.apache.hc.client5.http.headers - http-outgoing-1 >> User-Agent: Apache-HttpClient/5.0.3 (Java/17.0.2)
18:30:14.550 [Test worker] DEBUG com.github.dockerjava.zerodep.shaded.org.apache.hc.client5.http.wire - http-outgoing-1 >> "GET /v1.32/containers/b4fc7afd97457a2a6ec84592488a57f900fa52ed03fcd2dbaf8a116bc1f50ab3/json HTTP/1.1[\r][\n]"
18:30:14.550 [Test worker] DEBUG com.github.dockerjava.zerodep.shaded.org.apache.hc.client5.http.wire - http-outgoing-1 >> "accept: application/json[\r][\n]"
18:30:14.550 [Test worker] DEBUG com.github.dockerjava.zerodep.shaded.org.apache.hc.client5.http.wire - http-outgoing-1 >> "x-tc-sid: cdd139c9-cde1-4429-bea7-edb0e651ba16[\r][\n]"
18:30:14.550 [Test worker] DEBUG com.github.dockerjava.zerodep.shaded.org.apache.hc.client5.http.wire - http-outgoing-1 >> "Accept-Encoding: gzip, x-gzip, deflate[\r][\n]"
18:30:14.550 [Test worker] DEBUG com.github.dockerjava.zerodep.shaded.org.apache.hc.client5.http.wire - http-outgoing-1 >> "Host: localhost:2375[\r][\n]"
18:30:14.550 [Test worker] DEBUG com.github.dockerjava.zerodep.shaded.org.apache.hc.client5.http.wire - http-outgoing-1 >> "Connection: keep-alive[\r][\n]"
18:30:14.550 [Test worker] DEBUG com.github.dockerjava.zerodep.shaded.org.apache.hc.client5.http.wire - http-outgoing-1 >> "User-Agent: Apache-HttpClient/5.0.3 (Java/17.0.2)[\r][\n]"
18:30:14.550 [Test worker] DEBUG com.github.dockerjava.zerodep.shaded.org.apache.hc.client5.http.wire - http-outgoing-1 >> "[\r][\n]"
18:30:14.550 [Test worker] DEBUG com.github.dockerjava.zerodep.shaded.org.apache.hc.client5.http.wire - http-outgoing-1 << "HTTP/1.1 200 OK[\r][\n]"
18:30:14.550 [Test worker] DEBUG com.github.dockerjava.zerodep.shaded.org.apache.hc.client5.http.wire - http-outgoing-1 << "Api-Version: 1.41[\r][\n]"
18:30:14.550 [Test worker] DEBUG com.github.dockerjava.zerodep.shaded.org.apache.hc.client5.http.wire - http-outgoing-1 << "Content-Type: application/json[\r][\n]"
18:30:14.551 [Test worker] DEBUG com.github.dockerjava.zerodep.shaded.org.apache.hc.client5.http.wire - http-outgoing-1 << "Docker-Experimental: false[\r][\n]"
18:30:14.551 [Test worker] DEBUG com.github.dockerjava.zerodep.shaded.org.apache.hc.client5.http.wire - http-outgoing-1 << "Ostype: linux[\r][\n]"
18:30:14.551 [Test worker] DEBUG com.github.dockerjava.zerodep.shaded.org.apache.hc.client5.http.wire - http-outgoing-1 << "Server: Docker/20.10.17 (linux)[\r][\n]"
18:30:14.551 [Test worker] DEBUG com.github.dockerjava.zerodep.shaded.org.apache.hc.client5.http.wire - http-outgoing-1 << "Date: Thu, 08 Dec 2022 21:30:14 GMT[\r][\n]"
18:30:14.551 [Test worker] DEBUG com.github.dockerjava.zerodep.shaded.org.apache.hc.client5.http.wire - http-outgoing-1 << "Transfer-Encoding: chunked[\r][\n]"
18:30:14.551 [Test worker] DEBUG com.github.dockerjava.zerodep.shaded.org.apache.hc.client5.http.wire - http-outgoing-1 << "[\r][\n]"
18:30:14.551 [Test worker] DEBUG com.github.dockerjava.zerodep.shaded.org.apache.hc.client5.http.wire - http-outgoing-1 << "18a6[\r][\n]"
18:30:14.551 [Test worker] DEBUG com.github.dockerjava.zerodep.shaded.org.apache.hc.client5.http.wire - http-outgoing-1 << "{"Id":"b4fc7afd97457a2a6ec84592488a57f900fa52ed03fcd2dbaf8a116bc1f50ab3","Created":"2022-12-08T21:30:11.801619537Z","Path":"docker-entrypoint.sh","Args":["mysqld"],"State":{"Status":"running","Running":true,"Paused":false,"Restarting":false,"OOMKilled":false,"Dead":false,"Pid":148084,"ExitCode":0,"Error":"","StartedAt":"2022-12-08T21:30:12.370762583Z","FinishedAt":"0001-01-01T00:00:00Z"},"Image":"sha256:7484689f290f1defe06b65befc54cb6ad91a667cf0af59a265ffe76c46bd0478","ResolvConfPath":"/var/lib/docker/containers/b4fc7afd97457a2a6ec84592488a57f900fa52ed03fcd2dbaf8a116bc1f50ab3/resolv.conf","HostnamePath":"/var/lib/docker/containers/b4fc7afd97457a2a6ec84592488a57f900fa52ed03fcd2dbaf8a116bc1f50ab3/hostname","HostsPath":"/var/lib/docker/containers/b4fc7afd97457a2a6ec84592488a57f900fa52ed03fcd2dbaf8a116bc1f50ab3/hosts","LogPath":"/var/lib/docker/containers/b4fc7afd97457a2a6ec84592488a57f900fa52ed03fcd2dbaf8a116bc1f50ab3/b4fc7afd97457a2a6ec84592488a57f900fa52ed03fcd2dbaf8a116bc1f50ab3-json.log","Name":"/agitated_ptolemy","RestartCount":0,"Driver":"overlay2","Platform":"linux","MountLabel":"","ProcessLabel":"","AppArmorProfile":"docker-default","ExecIDs":null,"HostConfig":{"Binds":[],"ContainerIDFile":"","LogConfig":{"Type":"json-file","Config":{}},"NetworkMode":"default","PortBindings":{"3306/tcp":[{"HostIp":"","HostPort":""}]},"RestartPolicy":{"Name":"","MaximumRetryCount":0},"AutoRemove":false,"VolumeDriver":"","VolumesFrom":[],"CapAdd":null,"CapDrop":null,"CgroupnsMode":"private","Dns":null,"DnsOptions":null,"DnsSearch":null,"ExtraHosts":[],"GroupAdd":null,"IpcMode":"shareable","Cgroup":"","Links":null,"OomScoreAdj":0,"PidMode":"","Privileged":false,"PublishAllPorts":false,"ReadonlyRootfs":false,"SecurityOpt":null,"UTSMode":"","UsernsMode":"","ShmSize":67108864,"Runtime":"runc","ConsoleSize":[0,0],"Isolation":"","CpuShares":0,"Memory":0,"NanoCpus":0,"CgroupParent":"","BlkioWeight":0,"BlkioWeightDevice":null,"BlkioDeviceReadBps":null,"BlkioDeviceWriteBps":null,"BlkioDeviceReadIOps":null,"BlkioDeviceWriteIOps":null,"CpuPeriod":0,"CpuQuota":0,"CpuRealtimePeriod":0,"CpuRealtimeRuntime":0,"CpusetCpus":"","CpusetMems":"","Devices":null,"DeviceCgroupRules":null,"DeviceRequests":null,"KernelMemory":0,"KernelMemoryTCP":0,"MemoryReservation":0,"MemorySwap":0,"MemorySwappiness":null,"OomKillDisable":null,"PidsLimit":null,"Ulimits":null,"CpuCount":0,"CpuPercent":0,"IOMaximumIOps":0,"IOMaximumBandwidth":0,"MaskedPaths":["/proc/asound","/proc/acpi","/proc/kcore","/proc/keys","/proc/latency_stats","/proc/timer_list","/proc/timer_stats","/proc/sched_debug","/proc/scsi","/sys/firmware"],"ReadonlyPaths":["/proc/bus","/proc/fs","/proc/irq","/proc/sys","/proc/sysrq-trigger"]},"GraphDriver":{"Data":{"LowerDir":"/var/lib/docker/overlay2/05794d51525f65619c615558ef5f93d7c33eef44e12313fdcb3942911d0b5f7d-init/diff:/var/lib/docker/overlay2/f079a69cfd5e80e906b12f05a0c7bfaabc56ce63e947db68b722ae30905f1239/diff:/var/lib/docker/overlay2/9dfb63d6bb556846a13012421dde7951ef83a14d8ce1882287cce66f0f9bd055/diff:/var/lib/docker/overlay2/c4f8874ae33ddd14488f5051cd953acc020fa00ea72d28bd530450c0bc8f9903/diff:/var/lib/docker/overlay2/992683766b46aa5653160e6a34283b579a75000e230890d0ec0a6204af735697/diff:/var/lib/docker/overlay2/6e3fba0e1d6501c91c9bec723bb1364f75599c6c2026a6dc71773c88a49f890a/diff:/var/lib/docker/overlay2/c6c2a366f45a69704761d45d296d71bf2bf315efb15cb06ad88925ed235fad81/diff:/var/lib/docker/overlay2/7555f9b18615244719d04b23296ba418195e5e569d47baf9f1da7c3f053fe194/diff:/var/lib/docker/overlay2/7752eb17f8f8ba44a5ed178f499901fa7eb6f2e031c29ab160ee4eff4db8edaa/diff:/var/lib/docker/overlay2/9683de8b3733106f256bd0eabc7cae13623b14493b9212e863449d42b8a87390/diff:/var/lib/docker/overlay2/f5e28e407d8811526fb7dd82e4fed08d5d3124c0f22f1a9496ed27b2b457d3dd/diff:/var/lib/docker/overlay2/e2980c91c6b3331cff3994ca6f327955bb5feaef0f96bc64edce80631fdbf829/diff","MergedDir":"/var/lib/docker/overlay2/05794d51525f65619c615558ef5f93d7c33eef44e12313fdcb3942911d0b5f7d/merged","UpperDir":"/var/lib/docker/overlay2/05794d51525f65619c615558ef5f93d7c33eef44e12313fdcb3942911d0b5f7d/diff","WorkDir":"/var/lib/docker/overlay2/05794d51525f65619c615558ef5f93d7c33eef44e12313fdcb3942911d0b5f7d/work"},"Name":"overlay2"},"Mounts":[{"Type":"volume","Name":"fe29345a30f82a1c969c40b069133e9d87168ce95967d67ac182ee42c059affb","Source":"/var/lib/docker/volumes/fe29345a30f82a1c969c40b069133e9d87168ce95967d67ac182ee42c059affb/_data","Destination":"/var/lib/mysql","Driver":"local","Mode":"","RW":true,"Propagation":""}],"Config":{"Hostname":"b4fc7afd9745","Domainname":"","User":"","AttachStdin":false,"AttachStdout":false,"AttachStderr":false,"ExposedPorts":{"3306/tcp":{},"33060/tcp":{}},"Tty":false,"OpenStdin":false,"StdinOnce":false,"Env":["MYSQL_DATABASE=adm_videos","MYSQL_PASSWORD=123456","MYSQL_ROOT_PASSWORD=123456","PATH=/usr/local/sbin:/usr/local/bin:/usr/sbin:/usr/bin:/sbin:/bin","GOSU_VERSION=1.14","MYSQL_MAJOR=8.0","MYSQL_VERSION=8.0.31-1.el8","MYSQL_SHELL_VERSION=8.0.31-1.el8"],"Cmd":["mysqld"],"Image":"mysql:latest","Volumes":{"/var/lib/mysql":{}},"WorkingDir":"","Entrypoint":["docker-entrypoint.sh"],"OnBuild":null,"Labels":{"org.testcontainers":"true","org.testcontainers.sessionId":"cdd139c9-cde1-4429-bea7-edb0e651ba16"}},"NetworkSettings":{"Bridge":"","SandboxID":"8404ec7d59006489fa5b6638879180586e9aa24c1c3ae79d40e26a8f453c93b1","HairpinMode":false,"LinkLocalIPv6Address":"","LinkLocalIPv6PrefixLen":0,"Ports":{"3306/tcp":[{"HostIp":"0.0.0.0","HostPort":"49156"},{"HostIp":"::","HostPort":"49156"}],"33060/tcp":null},"SandboxKey":"/var/run/docker/netns/8404ec7d5900","SecondaryIPAddresses":null,"SecondaryIPv6Addresses":null,"EndpointID":"28c851b70d88131a783e3d87b7c50320df5f3250ebca621b1b39353a2424212a","Gateway":"172.17.0.1","GlobalIPv6Address":"","GlobalIPv6PrefixLen":0,"IPAddress":"172.17.0.3","IPPrefixLen":16,"IPv6Gateway":"","MacAddress":"02:42:ac:11:00:03","Networks":{"bridge":{"IPAMConfig":null,"Links":null,"Aliases":null,"NetworkID":"bf06afe94eca8b5ab91eae0dbaa8561a6dd16832d429dcdbaa7ed1e003cfbe56","EndpointID":"28c851b70d88131a783e3d87b7c50320df5f3250ebca621b1b39353a2424212a","Gateway":"172.17.0.1","IPAddress":"172.17.0.3","IPPrefixLen":16,"IPv6Gateway":"","GlobalIPv6Address":"","GlobalIPv6PrefixLen":0,"MacAddress":"02:42:ac:11:00:03","DriverOpts":null}}}}[\n]"
18:30:14.551 [Test worker] DEBUG com.github.dockerjava.zerodep.shaded.org.apache.hc.client5.http.wire - http-outgoing-1 << "[\r][\n]"
18:30:14.551 [Test worker] DEBUG com.github.dockerjava.zerodep.shaded.org.apache.hc.client5.http.wire - http-outgoing-1 << "0[\r][\n]"
18:30:14.551 [Test worker] DEBUG com.github.dockerjava.zerodep.shaded.org.apache.hc.client5.http.wire - http-outgoing-1 << "[\r][\n]"
18:30:14.551 [Test worker] DEBUG com.github.dockerjava.zerodep.shaded.org.apache.hc.client5.http.headers - http-outgoing-1 << HTTP/1.1 200 OK
18:30:14.551 [Test worker] DEBUG com.github.dockerjava.zerodep.shaded.org.apache.hc.client5.http.headers - http-outgoing-1 << Api-Version: 1.41
18:30:14.551 [Test worker] DEBUG com.github.dockerjava.zerodep.shaded.org.apache.hc.client5.http.headers - http-outgoing-1 << Content-Type: application/json
18:30:14.551 [Test worker] DEBUG com.github.dockerjava.zerodep.shaded.org.apache.hc.client5.http.headers - http-outgoing-1 << Docker-Experimental: false
18:30:14.551 [Test worker] DEBUG com.github.dockerjava.zerodep.shaded.org.apache.hc.client5.http.headers - http-outgoing-1 << Ostype: linux
18:30:14.551 [Test worker] DEBUG com.github.dockerjava.zerodep.shaded.org.apache.hc.client5.http.headers - http-outgoing-1 << Server: Docker/20.10.17 (linux)
18:30:14.551 [Test worker] DEBUG com.github.dockerjava.zerodep.shaded.org.apache.hc.client5.http.headers - http-outgoing-1 << Date: Thu, 08 Dec 2022 21:30:14 GMT
18:30:14.551 [Test worker] DEBUG com.github.dockerjava.zerodep.shaded.org.apache.hc.client5.http.headers - http-outgoing-1 << Transfer-Encoding: chunked
18:30:14.551 [Test worker] DEBUG com.github.dockerjava.zerodep.shaded.org.apache.hc.client5.http.impl.classic.MainClientExec - ex-0000001E: connection can be kept alive for 3 MINUTES
18:30:14.553 [Test worker] DEBUG com.github.dockerjava.zerodep.shaded.org.apache.hc.client5.http.impl.classic.InternalHttpClient - ep-0000001D: releasing valid endpoint
18:30:14.553 [Test worker] DEBUG com.github.dockerjava.zerodep.shaded.org.apache.hc.client5.http.impl.io.PoolingHttpClientConnectionManager - ep-0000001D: releasing endpoint
18:30:14.553 [Test worker] DEBUG com.github.dockerjava.zerodep.shaded.org.apache.hc.client5.http.impl.io.PoolingHttpClientConnectionManager - ep-0000001D: connection http-outgoing-1 can be kept alive for 3 MINUTES
18:30:14.553 [Test worker] DEBUG com.github.dockerjava.zerodep.shaded.org.apache.hc.client5.http.impl.io.PoolingHttpClientConnectionManager - ep-0000001D: connection released [route: {}->unix://localhost:2375][total available: 1; route allocated: 1 of 2147483647; total allocated: 1 of 2147483647]
18:30:14.553 [Test worker] DEBUG ]]>&#x1f433;<![CDATA[ [mysql:latest] - Trying to create JDBC connection using com.mysql.cj.jdbc.Driver to jdbc:mysql://localhost:49156/adm_videos?useSSL=false&allowPublicKeyRetrieval=true with properties: {password=123456, user=root}
18:30:14.656 [Test worker] DEBUG org.testcontainers.shaded.com.github.dockerjava.core.command.AbstrDockerCmd - Cmd: b4fc7afd97457a2a6ec84592488a57f900fa52ed03fcd2dbaf8a116bc1f50ab3,false
18:30:14.656 [Test worker] DEBUG org.testcontainers.shaded.com.github.dockerjava.core.exec.InspectContainerCmdExec - GET: DefaultWebTarget{path=[/containers/b4fc7afd97457a2a6ec84592488a57f900fa52ed03fcd2dbaf8a116bc1f50ab3/json], queryParams={}}
18:30:14.656 [Test worker] DEBUG com.github.dockerjava.zerodep.shaded.org.apache.hc.client5.http.impl.classic.InternalHttpClient - ex-0000001F: preparing request execution
18:30:14.656 [Test worker] DEBUG com.github.dockerjava.zerodep.shaded.org.apache.hc.client5.http.protocol.RequestAddCookies - Cookie spec selected: strict
18:30:14.656 [Test worker] DEBUG com.github.dockerjava.zerodep.shaded.org.apache.hc.client5.http.protocol.RequestAuthCache - Auth cache not set in the context
18:30:14.657 [Test worker] DEBUG com.github.dockerjava.zerodep.shaded.org.apache.hc.client5.http.impl.classic.ProtocolExec - ex-0000001F: target auth state: UNCHALLENGED
18:30:14.657 [Test worker] DEBUG com.github.dockerjava.zerodep.shaded.org.apache.hc.client5.http.impl.classic.ProtocolExec - ex-0000001F: proxy auth state: UNCHALLENGED
18:30:14.657 [Test worker] DEBUG com.github.dockerjava.zerodep.shaded.org.apache.hc.client5.http.impl.classic.ConnectExec - ex-0000001F: acquiring connection with route {}->unix://localhost:2375
18:30:14.657 [Test worker] DEBUG com.github.dockerjava.zerodep.shaded.org.apache.hc.client5.http.impl.classic.InternalHttpClient - ex-0000001F: acquiring endpoint (3 MINUTES)
18:30:14.657 [Test worker] DEBUG com.github.dockerjava.zerodep.shaded.org.apache.hc.client5.http.impl.io.PoolingHttpClientConnectionManager - ex-0000001F: endpoint lease request (3 MINUTES) [route: {}->unix://localhost:2375][total available: 1; route allocated: 1 of 2147483647; total allocated: 1 of 2147483647]
18:30:14.657 [Test worker] DEBUG com.github.dockerjava.zerodep.shaded.org.apache.hc.client5.http.impl.io.PoolingHttpClientConnectionManager - ex-0000001F: endpoint leased [route: {}->unix://localhost:2375][total available: 0; route allocated: 1 of 2147483647; total allocated: 1 of 2147483647]
18:30:14.657 [Test worker] DEBUG com.github.dockerjava.zerodep.shaded.org.apache.hc.client5.http.impl.io.PoolingHttpClientConnectionManager - ex-0000001F: acquired ep-0000001E
18:30:14.657 [Test worker] DEBUG com.github.dockerjava.zerodep.shaded.org.apache.hc.client5.http.impl.classic.InternalHttpClient - ex-0000001F: acquired endpoint ep-0000001E
18:30:14.657 [Test worker] DEBUG com.github.dockerjava.zerodep.shaded.org.apache.hc.client5.http.impl.classic.MainClientExec - ex-0000001F: executing GET /v1.32/containers/b4fc7afd97457a2a6ec84592488a57f900fa52ed03fcd2dbaf8a116bc1f50ab3/json HTTP/1.1
18:30:14.657 [Test worker] DEBUG com.github.dockerjava.zerodep.shaded.org.apache.hc.client5.http.impl.classic.InternalHttpClient - ep-0000001E: start execution ex-0000001F
18:30:14.657 [Test worker] DEBUG com.github.dockerjava.zerodep.shaded.org.apache.hc.client5.http.impl.io.PoolingHttpClientConnectionManager - ep-0000001E: executing exchange ex-0000001F over http-outgoing-1
18:30:14.657 [Test worker] DEBUG com.github.dockerjava.zerodep.shaded.org.apache.hc.client5.http.headers - http-outgoing-1 >> GET /v1.32/containers/b4fc7afd97457a2a6ec84592488a57f900fa52ed03fcd2dbaf8a116bc1f50ab3/json HTTP/1.1
18:30:14.657 [Test worker] DEBUG com.github.dockerjava.zerodep.shaded.org.apache.hc.client5.http.headers - http-outgoing-1 >> accept: application/json
18:30:14.657 [Test worker] DEBUG com.github.dockerjava.zerodep.shaded.org.apache.hc.client5.http.headers - http-outgoing-1 >> x-tc-sid: cdd139c9-cde1-4429-bea7-edb0e651ba16
18:30:14.657 [Test worker] DEBUG com.github.dockerjava.zerodep.shaded.org.apache.hc.client5.http.headers - http-outgoing-1 >> Accept-Encoding: gzip, x-gzip, deflate
18:30:14.657 [Test worker] DEBUG com.github.dockerjava.zerodep.shaded.org.apache.hc.client5.http.headers - http-outgoing-1 >> Host: localhost:2375
18:30:14.657 [Test worker] DEBUG com.github.dockerjava.zerodep.shaded.org.apache.hc.client5.http.headers - http-outgoing-1 >> Connection: keep-alive
18:30:14.657 [Test worker] DEBUG com.github.dockerjava.zerodep.shaded.org.apache.hc.client5.http.headers - http-outgoing-1 >> User-Agent: Apache-HttpClient/5.0.3 (Java/17.0.2)
18:30:14.657 [Test worker] DEBUG com.github.dockerjava.zerodep.shaded.org.apache.hc.client5.http.wire - http-outgoing-1 >> "GET /v1.32/containers/b4fc7afd97457a2a6ec84592488a57f900fa52ed03fcd2dbaf8a116bc1f50ab3/json HTTP/1.1[\r][\n]"
18:30:14.657 [Test worker] DEBUG com.github.dockerjava.zerodep.shaded.org.apache.hc.client5.http.wire - http-outgoing-1 >> "accept: application/json[\r][\n]"
18:30:14.657 [Test worker] DEBUG com.github.dockerjava.zerodep.shaded.org.apache.hc.client5.http.wire - http-outgoing-1 >> "x-tc-sid: cdd139c9-cde1-4429-bea7-edb0e651ba16[\r][\n]"
18:30:14.657 [Test worker] DEBUG com.github.dockerjava.zerodep.shaded.org.apache.hc.client5.http.wire - http-outgoing-1 >> "Accept-Encoding: gzip, x-gzip, deflate[\r][\n]"
18:30:14.657 [Test worker] DEBUG com.github.dockerjava.zerodep.shaded.org.apache.hc.client5.http.wire - http-outgoing-1 >> "Host: localhost:2375[\r][\n]"
18:30:14.657 [Test worker] DEBUG com.github.dockerjava.zerodep.shaded.org.apache.hc.client5.http.wire - http-outgoing-1 >> "Connection: keep-alive[\r][\n]"
18:30:14.657 [Test worker] DEBUG com.github.dockerjava.zerodep.shaded.org.apache.hc.client5.http.wire - http-outgoing-1 >> "User-Agent: Apache-HttpClient/5.0.3 (Java/17.0.2)[\r][\n]"
18:30:14.657 [Test worker] DEBUG com.github.dockerjava.zerodep.shaded.org.apache.hc.client5.http.wire - http-outgoing-1 >> "[\r][\n]"
18:30:14.658 [Test worker] DEBUG com.github.dockerjava.zerodep.shaded.org.apache.hc.client5.http.wire - http-outgoing-1 << "HTTP/1.1 200 OK[\r][\n]"
18:30:14.658 [Test worker] DEBUG com.github.dockerjava.zerodep.shaded.org.apache.hc.client5.http.wire - http-outgoing-1 << "Api-Version: 1.41[\r][\n]"
18:30:14.658 [Test worker] DEBUG com.github.dockerjava.zerodep.shaded.org.apache.hc.client5.http.wire - http-outgoing-1 << "Content-Type: application/json[\r][\n]"
18:30:14.658 [Test worker] DEBUG com.github.dockerjava.zerodep.shaded.org.apache.hc.client5.http.wire - http-outgoing-1 << "Docker-Experimental: false[\r][\n]"
18:30:14.658 [Test worker] DEBUG com.github.dockerjava.zerodep.shaded.org.apache.hc.client5.http.wire - http-outgoing-1 << "Ostype: linux[\r][\n]"
18:30:14.658 [Test worker] DEBUG com.github.dockerjava.zerodep.shaded.org.apache.hc.client5.http.wire - http-outgoing-1 << "Server: Docker/20.10.17 (linux)[\r][\n]"
18:30:14.658 [Test worker] DEBUG com.github.dockerjava.zerodep.shaded.org.apache.hc.client5.http.wire - http-outgoing-1 << "Date: Thu, 08 Dec 2022 21:30:14 GMT[\r][\n]"
18:30:14.658 [Test worker] DEBUG com.github.dockerjava.zerodep.shaded.org.apache.hc.client5.http.wire - http-outgoing-1 << "Transfer-Encoding: chunked[\r][\n]"
18:30:14.658 [Test worker] DEBUG com.github.dockerjava.zerodep.shaded.org.apache.hc.client5.http.wire - http-outgoing-1 << "[\r][\n]"
18:30:14.658 [Test worker] DEBUG com.github.dockerjava.zerodep.shaded.org.apache.hc.client5.http.wire - http-outgoing-1 << "18a6[\r][\n]"
18:30:14.658 [Test worker] DEBUG com.github.dockerjava.zerodep.shaded.org.apache.hc.client5.http.wire - http-outgoing-1 << "{"Id":"b4fc7afd97457a2a6ec84592488a57f900fa52ed03fcd2dbaf8a116bc1f50ab3","Created":"2022-12-08T21:30:11.801619537Z","Path":"docker-entrypoint.sh","Args":["mysqld"],"State":{"Status":"running","Running":true,"Paused":false,"Restarting":false,"OOMKilled":false,"Dead":false,"Pid":148084,"ExitCode":0,"Error":"","StartedAt":"2022-12-08T21:30:12.370762583Z","FinishedAt":"0001-01-01T00:00:00Z"},"Image":"sha256:7484689f290f1defe06b65befc54cb6ad91a667cf0af59a265ffe76c46bd0478","ResolvConfPath":"/var/lib/docker/containers/b4fc7afd97457a2a6ec84592488a57f900fa52ed03fcd2dbaf8a116bc1f50ab3/resolv.conf","HostnamePath":"/var/lib/docker/containers/b4fc7afd97457a2a6ec84592488a57f900fa52ed03fcd2dbaf8a116bc1f50ab3/hostname","HostsPath":"/var/lib/docker/containers/b4fc7afd97457a2a6ec84592488a57f900fa52ed03fcd2dbaf8a116bc1f50ab3/hosts","LogPath":"/var/lib/docker/containers/b4fc7afd97457a2a6ec84592488a57f900fa52ed03fcd2dbaf8a116bc1f50ab3/b4fc7afd97457a2a6ec84592488a57f900fa52ed03fcd2dbaf8a116bc1f50ab3-json.log","Name":"/agitated_ptolemy","RestartCount":0,"Driver":"overlay2","Platform":"linux","MountLabel":"","ProcessLabel":"","AppArmorProfile":"docker-default","ExecIDs":null,"HostConfig":{"Binds":[],"ContainerIDFile":"","LogConfig":{"Type":"json-file","Config":{}},"NetworkMode":"default","PortBindings":{"3306/tcp":[{"HostIp":"","HostPort":""}]},"RestartPolicy":{"Name":"","MaximumRetryCount":0},"AutoRemove":false,"VolumeDriver":"","VolumesFrom":[],"CapAdd":null,"CapDrop":null,"CgroupnsMode":"private","Dns":null,"DnsOptions":null,"DnsSearch":null,"ExtraHosts":[],"GroupAdd":null,"IpcMode":"shareable","Cgroup":"","Links":null,"OomScoreAdj":0,"PidMode":"","Privileged":false,"PublishAllPorts":false,"ReadonlyRootfs":false,"SecurityOpt":null,"UTSMode":"","UsernsMode":"","ShmSize":67108864,"Runtime":"runc","ConsoleSize":[0,0],"Isolation":"","CpuShares":0,"Memory":0,"NanoCpus":0,"CgroupParent":"","BlkioWeight":0,"BlkioWeightDevice":null,"BlkioDeviceReadBps":null,"BlkioDeviceWriteBps":null,"BlkioDeviceReadIOps":null,"BlkioDeviceWriteIOps":null,"CpuPeriod":0,"CpuQuota":0,"CpuRealtimePeriod":0,"CpuRealtimeRuntime":0,"CpusetCpus":"","CpusetMems":"","Devices":null,"DeviceCgroupRules":null,"DeviceRequests":null,"KernelMemory":0,"KernelMemoryTCP":0,"MemoryReservation":0,"MemorySwap":0,"MemorySwappiness":null,"OomKillDisable":null,"PidsLimit":null,"Ulimits":null,"CpuCount":0,"CpuPercent":0,"IOMaximumIOps":0,"IOMaximumBandwidth":0,"MaskedPaths":["/proc/asound","/proc/acpi","/proc/kcore","/proc/keys","/proc/latency_stats","/proc/timer_list","/proc/timer_stats","/proc/sched_debug","/proc/scsi","/sys/firmware"],"ReadonlyPaths":["/proc/bus","/proc/fs","/proc/irq","/proc/sys","/proc/sysrq-trigger"]},"GraphDriver":{"Data":{"LowerDir":"/var/lib/docker/overlay2/05794d51525f65619c615558ef5f93d7c33eef44e12313fdcb3942911d0b5f7d-init/diff:/var/lib/docker/overlay2/f079a69cfd5e80e906b12f05a0c7bfaabc56ce63e947db68b722ae30905f1239/diff:/var/lib/docker/overlay2/9dfb63d6bb556846a13012421dde7951ef83a14d8ce1882287cce66f0f9bd055/diff:/var/lib/docker/overlay2/c4f8874ae33ddd14488f5051cd953acc020fa00ea72d28bd530450c0bc8f9903/diff:/var/lib/docker/overlay2/992683766b46aa5653160e6a34283b579a75000e230890d0ec0a6204af735697/diff:/var/lib/docker/overlay2/6e3fba0e1d6501c91c9bec723bb1364f75599c6c2026a6dc71773c88a49f890a/diff:/var/lib/docker/overlay2/c6c2a366f45a69704761d45d296d71bf2bf315efb15cb06ad88925ed235fad81/diff:/var/lib/docker/overlay2/7555f9b18615244719d04b23296ba418195e5e569d47baf9f1da7c3f053fe194/diff:/var/lib/docker/overlay2/7752eb17f8f8ba44a5ed178f499901fa7eb6f2e031c29ab160ee4eff4db8edaa/diff:/var/lib/docker/overlay2/9683de8b3733106f256bd0eabc7cae13623b14493b9212e863449d42b8a87390/diff:/var/lib/docker/overlay2/f5e28e407d8811526fb7dd82e4fed08d5d3124c0f22f1a9496ed27b2b457d3dd/diff:/var/lib/docker/overlay2/e2980c91c6b3331cff3994ca6f327955bb5feaef0f96bc64edce80631fdbf829/diff","MergedDir":"/var/lib/docker/overlay2/05794d51525f65619c615558ef5f93d7c33eef44e12313fdcb3942911d0b5f7d/merged","UpperDir":"/var/lib/docker/overlay2/05794d51525f65619c615558ef5f93d7c33eef44e12313fdcb3942911d0b5f7d/diff","WorkDir":"/var/lib/docker/overlay2/05794d51525f65619c615558ef5f93d7c33eef44e12313fdcb3942911d0b5f7d/work"},"Name":"overlay2"},"Mounts":[{"Type":"volume","Name":"fe29345a30f82a1c969c40b069133e9d87168ce95967d67ac182ee42c059affb","Source":"/var/lib/docker/volumes/fe29345a30f82a1c969c40b069133e9d87168ce95967d67ac182ee42c059affb/_data","Destination":"/var/lib/mysql","Driver":"local","Mode":"","RW":true,"Propagation":""}],"Config":{"Hostname":"b4fc7afd9745","Domainname":"","User":"","AttachStdin":false,"AttachStdout":false,"AttachStderr":false,"ExposedPorts":{"3306/tcp":{},"33060/tcp":{}},"Tty":false,"OpenStdin":false,"StdinOnce":false,"Env":["MYSQL_DATABASE=adm_videos","MYSQL_PASSWORD=123456","MYSQL_ROOT_PASSWORD=123456","PATH=/usr/local/sbin:/usr/local/bin:/usr/sbin:/usr/bin:/sbin:/bin","GOSU_VERSION=1.14","MYSQL_MAJOR=8.0","MYSQL_VERSION=8.0.31-1.el8","MYSQL_SHELL_VERSION=8.0.31-1.el8"],"Cmd":["mysqld"],"Image":"mysql:latest","Volumes":{"/var/lib/mysql":{}},"WorkingDir":"","Entrypoint":["docker-entrypoint.sh"],"OnBuild":null,"Labels":{"org.testcontainers":"true","org.testcontainers.sessionId":"cdd139c9-cde1-4429-bea7-edb0e651ba16"}},"NetworkSettings":{"Bridge":"","SandboxID":"8404ec7d59006489fa5b6638879180586e9aa24c1c3ae79d40e26a8f453c93b1","HairpinMode":false,"LinkLocalIPv6Address":"","LinkLocalIPv6PrefixLen":0,"Ports":{"3306/tcp":[{"HostIp":"0.0.0.0","HostPort":"49156"},{"HostIp":"::","HostPort":"49156"}],"33060/tcp":null},"SandboxKey":"/var/run/docker/netns/8404ec7d5900","SecondaryIPAddresses":null,"SecondaryIPv6Addresses":null,"EndpointID":"28c851b70d88131a783e3d87b7c50320df5f3250ebca621b1b39353a2424212a","Gateway":"172.17.0.1","GlobalIPv6Address":"","GlobalIPv6PrefixLen":0,"IPAddress":"172.17.0.3","IPPrefixLen":16,"IPv6Gateway":"","MacAddress":"02:42:ac:11:00:03","Networks":{"bridge":{"IPAMConfig":null,"Links":null,"Aliases":null,"NetworkID":"bf06afe94eca8b5ab91eae0dbaa8561a6dd16832d429dcdbaa7ed1e003cfbe56","EndpointID":"28c851b70d88131a783e3d87b7c50320df5f3250ebca621b1b39353a2424212a","Gateway":"172.17.0.1","IPAddress":"172.17.0.3","IPPrefixLen":16,"IPv6Gateway":"","GlobalIPv6Address":"","GlobalIPv6PrefixLen":0,"MacAddress":"02:42:ac:11:00:03","DriverOpts":null}}}}[\n]"
18:30:14.658 [Test worker] DEBUG com.github.dockerjava.zerodep.shaded.org.apache.hc.client5.http.wire - http-outgoing-1 << "[\r][\n]"
18:30:14.658 [Test worker] DEBUG com.github.dockerjava.zerodep.shaded.org.apache.hc.client5.http.wire - http-outgoing-1 << "0[\r][\n]"
18:30:14.658 [Test worker] DEBUG com.github.dockerjava.zerodep.shaded.org.apache.hc.client5.http.wire - http-outgoing-1 << "[\r][\n]"
18:30:14.658 [Test worker] DEBUG com.github.dockerjava.zerodep.shaded.org.apache.hc.client5.http.headers - http-outgoing-1 << HTTP/1.1 200 OK
18:30:14.658 [Test worker] DEBUG com.github.dockerjava.zerodep.shaded.org.apache.hc.client5.http.headers - http-outgoing-1 << Api-Version: 1.41
18:30:14.658 [Test worker] DEBUG com.github.dockerjava.zerodep.shaded.org.apache.hc.client5.http.headers - http-outgoing-1 << Content-Type: application/json
18:30:14.658 [Test worker] DEBUG com.github.dockerjava.zerodep.shaded.org.apache.hc.client5.http.headers - http-outgoing-1 << Docker-Experimental: false
18:30:14.658 [Test worker] DEBUG com.github.dockerjava.zerodep.shaded.org.apache.hc.client5.http.headers - http-outgoing-1 << Ostype: linux
18:30:14.658 [Test worker] DEBUG com.github.dockerjava.zerodep.shaded.org.apache.hc.client5.http.headers - http-outgoing-1 << Server: Docker/20.10.17 (linux)
18:30:14.658 [Test worker] DEBUG com.github.dockerjava.zerodep.shaded.org.apache.hc.client5.http.headers - http-outgoing-1 << Date: Thu, 08 Dec 2022 21:30:14 GMT
18:30:14.658 [Test worker] DEBUG com.github.dockerjava.zerodep.shaded.org.apache.hc.client5.http.headers - http-outgoing-1 << Transfer-Encoding: chunked
18:30:14.658 [Test worker] DEBUG com.github.dockerjava.zerodep.shaded.org.apache.hc.client5.http.impl.classic.MainClientExec - ex-0000001F: connection can be kept alive for 3 MINUTES
18:30:14.659 [Test worker] DEBUG com.github.dockerjava.zerodep.shaded.org.apache.hc.client5.http.impl.classic.InternalHttpClient - ep-0000001E: releasing valid endpoint
18:30:14.659 [Test worker] DEBUG com.github.dockerjava.zerodep.shaded.org.apache.hc.client5.http.impl.io.PoolingHttpClientConnectionManager - ep-0000001E: releasing endpoint
18:30:14.659 [Test worker] DEBUG com.github.dockerjava.zerodep.shaded.org.apache.hc.client5.http.impl.io.PoolingHttpClientConnectionManager - ep-0000001E: connection http-outgoing-1 can be kept alive for 3 MINUTES
18:30:14.659 [Test worker] DEBUG com.github.dockerjava.zerodep.shaded.org.apache.hc.client5.http.impl.io.PoolingHttpClientConnectionManager - ep-0000001E: connection released [route: {}->unix://localhost:2375][total available: 1; route allocated: 1 of 2147483647; total allocated: 1 of 2147483647]
18:30:14.659 [Test worker] DEBUG ]]>&#x1f433;<![CDATA[ [mysql:latest] - Trying to create JDBC connection using com.mysql.cj.jdbc.Driver to jdbc:mysql://localhost:49156/adm_videos?useSSL=false&allowPublicKeyRetrieval=true with properties: {password=123456, user=root}
18:30:14.762 [Test worker] DEBUG org.testcontainers.shaded.com.github.dockerjava.core.command.AbstrDockerCmd - Cmd: b4fc7afd97457a2a6ec84592488a57f900fa52ed03fcd2dbaf8a116bc1f50ab3,false
18:30:14.762 [Test worker] DEBUG org.testcontainers.shaded.com.github.dockerjava.core.exec.InspectContainerCmdExec - GET: DefaultWebTarget{path=[/containers/b4fc7afd97457a2a6ec84592488a57f900fa52ed03fcd2dbaf8a116bc1f50ab3/json], queryParams={}}
18:30:14.762 [Test worker] DEBUG com.github.dockerjava.zerodep.shaded.org.apache.hc.client5.http.impl.classic.InternalHttpClient - ex-00000020: preparing request execution
18:30:14.763 [Test worker] DEBUG com.github.dockerjava.zerodep.shaded.org.apache.hc.client5.http.protocol.RequestAddCookies - Cookie spec selected: strict
18:30:14.763 [Test worker] DEBUG com.github.dockerjava.zerodep.shaded.org.apache.hc.client5.http.protocol.RequestAuthCache - Auth cache not set in the context
18:30:14.763 [Test worker] DEBUG com.github.dockerjava.zerodep.shaded.org.apache.hc.client5.http.impl.classic.ProtocolExec - ex-00000020: target auth state: UNCHALLENGED
18:30:14.763 [Test worker] DEBUG com.github.dockerjava.zerodep.shaded.org.apache.hc.client5.http.impl.classic.ProtocolExec - ex-00000020: proxy auth state: UNCHALLENGED
18:30:14.763 [Test worker] DEBUG com.github.dockerjava.zerodep.shaded.org.apache.hc.client5.http.impl.classic.ConnectExec - ex-00000020: acquiring connection with route {}->unix://localhost:2375
18:30:14.763 [Test worker] DEBUG com.github.dockerjava.zerodep.shaded.org.apache.hc.client5.http.impl.classic.InternalHttpClient - ex-00000020: acquiring endpoint (3 MINUTES)
18:30:14.764 [Test worker] DEBUG com.github.dockerjava.zerodep.shaded.org.apache.hc.client5.http.impl.io.PoolingHttpClientConnectionManager - ex-00000020: endpoint lease request (3 MINUTES) [route: {}->unix://localhost:2375][total available: 1; route allocated: 1 of 2147483647; total allocated: 1 of 2147483647]
18:30:14.764 [Test worker] DEBUG com.github.dockerjava.zerodep.shaded.org.apache.hc.client5.http.impl.io.PoolingHttpClientConnectionManager - ex-00000020: endpoint leased [route: {}->unix://localhost:2375][total available: 0; route allocated: 1 of 2147483647; total allocated: 1 of 2147483647]
18:30:14.764 [Test worker] DEBUG com.github.dockerjava.zerodep.shaded.org.apache.hc.client5.http.impl.io.PoolingHttpClientConnectionManager - ex-00000020: acquired ep-0000001F
18:30:14.764 [Test worker] DEBUG com.github.dockerjava.zerodep.shaded.org.apache.hc.client5.http.impl.classic.InternalHttpClient - ex-00000020: acquired endpoint ep-0000001F
18:30:14.764 [Test worker] DEBUG com.github.dockerjava.zerodep.shaded.org.apache.hc.client5.http.impl.classic.MainClientExec - ex-00000020: executing GET /v1.32/containers/b4fc7afd97457a2a6ec84592488a57f900fa52ed03fcd2dbaf8a116bc1f50ab3/json HTTP/1.1
18:30:14.764 [Test worker] DEBUG com.github.dockerjava.zerodep.shaded.org.apache.hc.client5.http.impl.classic.InternalHttpClient - ep-0000001F: start execution ex-00000020
18:30:14.764 [Test worker] DEBUG com.github.dockerjava.zerodep.shaded.org.apache.hc.client5.http.impl.io.PoolingHttpClientConnectionManager - ep-0000001F: executing exchange ex-00000020 over http-outgoing-1
18:30:14.764 [Test worker] DEBUG com.github.dockerjava.zerodep.shaded.org.apache.hc.client5.http.headers - http-outgoing-1 >> GET /v1.32/containers/b4fc7afd97457a2a6ec84592488a57f900fa52ed03fcd2dbaf8a116bc1f50ab3/json HTTP/1.1
18:30:14.764 [Test worker] DEBUG com.github.dockerjava.zerodep.shaded.org.apache.hc.client5.http.headers - http-outgoing-1 >> accept: application/json
18:30:14.764 [Test worker] DEBUG com.github.dockerjava.zerodep.shaded.org.apache.hc.client5.http.headers - http-outgoing-1 >> x-tc-sid: cdd139c9-cde1-4429-bea7-edb0e651ba16
18:30:14.764 [Test worker] DEBUG com.github.dockerjava.zerodep.shaded.org.apache.hc.client5.http.headers - http-outgoing-1 >> Accept-Encoding: gzip, x-gzip, deflate
18:30:14.764 [Test worker] DEBUG com.github.dockerjava.zerodep.shaded.org.apache.hc.client5.http.headers - http-outgoing-1 >> Host: localhost:2375
18:30:14.764 [Test worker] DEBUG com.github.dockerjava.zerodep.shaded.org.apache.hc.client5.http.headers - http-outgoing-1 >> Connection: keep-alive
18:30:14.764 [Test worker] DEBUG com.github.dockerjava.zerodep.shaded.org.apache.hc.client5.http.headers - http-outgoing-1 >> User-Agent: Apache-HttpClient/5.0.3 (Java/17.0.2)
18:30:14.764 [Test worker] DEBUG com.github.dockerjava.zerodep.shaded.org.apache.hc.client5.http.wire - http-outgoing-1 >> "GET /v1.32/containers/b4fc7afd97457a2a6ec84592488a57f900fa52ed03fcd2dbaf8a116bc1f50ab3/json HTTP/1.1[\r][\n]"
18:30:14.764 [Test worker] DEBUG com.github.dockerjava.zerodep.shaded.org.apache.hc.client5.http.wire - http-outgoing-1 >> "accept: application/json[\r][\n]"
18:30:14.764 [Test worker] DEBUG com.github.dockerjava.zerodep.shaded.org.apache.hc.client5.http.wire - http-outgoing-1 >> "x-tc-sid: cdd139c9-cde1-4429-bea7-edb0e651ba16[\r][\n]"
18:30:14.764 [Test worker] DEBUG com.github.dockerjava.zerodep.shaded.org.apache.hc.client5.http.wire - http-outgoing-1 >> "Accept-Encoding: gzip, x-gzip, deflate[\r][\n]"
18:30:14.764 [Test worker] DEBUG com.github.dockerjava.zerodep.shaded.org.apache.hc.client5.http.wire - http-outgoing-1 >> "Host: localhost:2375[\r][\n]"
18:30:14.764 [Test worker] DEBUG com.github.dockerjava.zerodep.shaded.org.apache.hc.client5.http.wire - http-outgoing-1 >> "Connection: keep-alive[\r][\n]"
18:30:14.764 [Test worker] DEBUG com.github.dockerjava.zerodep.shaded.org.apache.hc.client5.http.wire - http-outgoing-1 >> "User-Agent: Apache-HttpClient/5.0.3 (Java/17.0.2)[\r][\n]"
18:30:14.764 [Test worker] DEBUG com.github.dockerjava.zerodep.shaded.org.apache.hc.client5.http.wire - http-outgoing-1 >> "[\r][\n]"
18:30:14.765 [Test worker] DEBUG com.github.dockerjava.zerodep.shaded.org.apache.hc.client5.http.wire - http-outgoing-1 << "HTTP/1.1 200 OK[\r][\n]"
18:30:14.765 [Test worker] DEBUG com.github.dockerjava.zerodep.shaded.org.apache.hc.client5.http.wire - http-outgoing-1 << "Api-Version: 1.41[\r][\n]"
18:30:14.765 [Test worker] DEBUG com.github.dockerjava.zerodep.shaded.org.apache.hc.client5.http.wire - http-outgoing-1 << "Content-Type: application/json[\r][\n]"
18:30:14.765 [Test worker] DEBUG com.github.dockerjava.zerodep.shaded.org.apache.hc.client5.http.wire - http-outgoing-1 << "Docker-Experimental: false[\r][\n]"
18:30:14.765 [Test worker] DEBUG com.github.dockerjava.zerodep.shaded.org.apache.hc.client5.http.wire - http-outgoing-1 << "Ostype: linux[\r][\n]"
18:30:14.765 [Test worker] DEBUG com.github.dockerjava.zerodep.shaded.org.apache.hc.client5.http.wire - http-outgoing-1 << "Server: Docker/20.10.17 (linux)[\r][\n]"
18:30:14.765 [Test worker] DEBUG com.github.dockerjava.zerodep.shaded.org.apache.hc.client5.http.wire - http-outgoing-1 << "Date: Thu, 08 Dec 2022 21:30:14 GMT[\r][\n]"
18:30:14.765 [Test worker] DEBUG com.github.dockerjava.zerodep.shaded.org.apache.hc.client5.http.wire - http-outgoing-1 << "Transfer-Encoding: chunked[\r][\n]"
18:30:14.765 [Test worker] DEBUG com.github.dockerjava.zerodep.shaded.org.apache.hc.client5.http.wire - http-outgoing-1 << "[\r][\n]"
18:30:14.765 [Test worker] DEBUG com.github.dockerjava.zerodep.shaded.org.apache.hc.client5.http.wire - http-outgoing-1 << "18a6[\r][\n]"
18:30:14.765 [Test worker] DEBUG com.github.dockerjava.zerodep.shaded.org.apache.hc.client5.http.wire - http-outgoing-1 << "{"Id":"b4fc7afd97457a2a6ec84592488a57f900fa52ed03fcd2dbaf8a116bc1f50ab3","Created":"2022-12-08T21:30:11.801619537Z","Path":"docker-entrypoint.sh","Args":["mysqld"],"State":{"Status":"running","Running":true,"Paused":false,"Restarting":false,"OOMKilled":false,"Dead":false,"Pid":148084,"ExitCode":0,"Error":"","StartedAt":"2022-12-08T21:30:12.370762583Z","FinishedAt":"0001-01-01T00:00:00Z"},"Image":"sha256:7484689f290f1defe06b65befc54cb6ad91a667cf0af59a265ffe76c46bd0478","ResolvConfPath":"/var/lib/docker/containers/b4fc7afd97457a2a6ec84592488a57f900fa52ed03fcd2dbaf8a116bc1f50ab3/resolv.conf","HostnamePath":"/var/lib/docker/containers/b4fc7afd97457a2a6ec84592488a57f900fa52ed03fcd2dbaf8a116bc1f50ab3/hostname","HostsPath":"/var/lib/docker/containers/b4fc7afd97457a2a6ec84592488a57f900fa52ed03fcd2dbaf8a116bc1f50ab3/hosts","LogPath":"/var/lib/docker/containers/b4fc7afd97457a2a6ec84592488a57f900fa52ed03fcd2dbaf8a116bc1f50ab3/b4fc7afd97457a2a6ec84592488a57f900fa52ed03fcd2dbaf8a116bc1f50ab3-json.log","Name":"/agitated_ptolemy","RestartCount":0,"Driver":"overlay2","Platform":"linux","MountLabel":"","ProcessLabel":"","AppArmorProfile":"docker-default","ExecIDs":null,"HostConfig":{"Binds":[],"ContainerIDFile":"","LogConfig":{"Type":"json-file","Config":{}},"NetworkMode":"default","PortBindings":{"3306/tcp":[{"HostIp":"","HostPort":""}]},"RestartPolicy":{"Name":"","MaximumRetryCount":0},"AutoRemove":false,"VolumeDriver":"","VolumesFrom":[],"CapAdd":null,"CapDrop":null,"CgroupnsMode":"private","Dns":null,"DnsOptions":null,"DnsSearch":null,"ExtraHosts":[],"GroupAdd":null,"IpcMode":"shareable","Cgroup":"","Links":null,"OomScoreAdj":0,"PidMode":"","Privileged":false,"PublishAllPorts":false,"ReadonlyRootfs":false,"SecurityOpt":null,"UTSMode":"","UsernsMode":"","ShmSize":67108864,"Runtime":"runc","ConsoleSize":[0,0],"Isolation":"","CpuShares":0,"Memory":0,"NanoCpus":0,"CgroupParent":"","BlkioWeight":0,"BlkioWeightDevice":null,"BlkioDeviceReadBps":null,"BlkioDeviceWriteBps":null,"BlkioDeviceReadIOps":null,"BlkioDeviceWriteIOps":null,"CpuPeriod":0,"CpuQuota":0,"CpuRealtimePeriod":0,"CpuRealtimeRuntime":0,"CpusetCpus":"","CpusetMems":"","Devices":null,"DeviceCgroupRules":null,"DeviceRequests":null,"KernelMemory":0,"KernelMemoryTCP":0,"MemoryReservation":0,"MemorySwap":0,"MemorySwappiness":null,"OomKillDisable":null,"PidsLimit":null,"Ulimits":null,"CpuCount":0,"CpuPercent":0,"IOMaximumIOps":0,"IOMaximumBandwidth":0,"MaskedPaths":["/proc/asound","/proc/acpi","/proc/kcore","/proc/keys","/proc/latency_stats","/proc/timer_list","/proc/timer_stats","/proc/sched_debug","/proc/scsi","/sys/firmware"],"ReadonlyPaths":["/proc/bus","/proc/fs","/proc/irq","/proc/sys","/proc/sysrq-trigger"]},"GraphDriver":{"Data":{"LowerDir":"/var/lib/docker/overlay2/05794d51525f65619c615558ef5f93d7c33eef44e12313fdcb3942911d0b5f7d-init/diff:/var/lib/docker/overlay2/f079a69cfd5e80e906b12f05a0c7bfaabc56ce63e947db68b722ae30905f1239/diff:/var/lib/docker/overlay2/9dfb63d6bb556846a13012421dde7951ef83a14d8ce1882287cce66f0f9bd055/diff:/var/lib/docker/overlay2/c4f8874ae33ddd14488f5051cd953acc020fa00ea72d28bd530450c0bc8f9903/diff:/var/lib/docker/overlay2/992683766b46aa5653160e6a34283b579a75000e230890d0ec0a6204af735697/diff:/var/lib/docker/overlay2/6e3fba0e1d6501c91c9bec723bb1364f75599c6c2026a6dc71773c88a49f890a/diff:/var/lib/docker/overlay2/c6c2a366f45a69704761d45d296d71bf2bf315efb15cb06ad88925ed235fad81/diff:/var/lib/docker/overlay2/7555f9b18615244719d04b23296ba418195e5e569d47baf9f1da7c3f053fe194/diff:/var/lib/docker/overlay2/7752eb17f8f8ba44a5ed178f499901fa7eb6f2e031c29ab160ee4eff4db8edaa/diff:/var/lib/docker/overlay2/9683de8b3733106f256bd0eabc7cae13623b14493b9212e863449d42b8a87390/diff:/var/lib/docker/overlay2/f5e28e407d8811526fb7dd82e4fed08d5d3124c0f22f1a9496ed27b2b457d3dd/diff:/var/lib/docker/overlay2/e2980c91c6b3331cff3994ca6f327955bb5feaef0f96bc64edce80631fdbf829/diff","MergedDir":"/var/lib/docker/overlay2/05794d51525f65619c615558ef5f93d7c33eef44e12313fdcb3942911d0b5f7d/merged","UpperDir":"/var/lib/docker/overlay2/05794d51525f65619c615558ef5f93d7c33eef44e12313fdcb3942911d0b5f7d/diff","WorkDir":"/var/lib/docker/overlay2/05794d51525f65619c615558ef5f93d7c33eef44e12313fdcb3942911d0b5f7d/work"},"Name":"overlay2"},"Mounts":[{"Type":"volume","Name":"fe29345a30f82a1c969c40b069133e9d87168ce95967d67ac182ee42c059affb","Source":"/var/lib/docker/volumes/fe29345a30f82a1c969c40b069133e9d87168ce95967d67ac182ee42c059affb/_data","Destination":"/var/lib/mysql","Driver":"local","Mode":"","RW":true,"Propagation":""}],"Config":{"Hostname":"b4fc7afd9745","Domainname":"","User":"","AttachStdin":false,"AttachStdout":false,"AttachStderr":false,"ExposedPorts":{"3306/tcp":{},"33060/tcp":{}},"Tty":false,"OpenStdin":false,"StdinOnce":false,"Env":["MYSQL_DATABASE=adm_videos","MYSQL_PASSWORD=123456","MYSQL_ROOT_PASSWORD=123456","PATH=/usr/local/sbin:/usr/local/bin:/usr/sbin:/usr/bin:/sbin:/bin","GOSU_VERSION=1.14","MYSQL_MAJOR=8.0","MYSQL_VERSION=8.0.31-1.el8","MYSQL_SHELL_VERSION=8.0.31-1.el8"],"Cmd":["mysqld"],"Image":"mysql:latest","Volumes":{"/var/lib/mysql":{}},"WorkingDir":"","Entrypoint":["docker-entrypoint.sh"],"OnBuild":null,"Labels":{"org.testcontainers":"true","org.testcontainers.sessionId":"cdd139c9-cde1-4429-bea7-edb0e651ba16"}},"NetworkSettings":{"Bridge":"","SandboxID":"8404ec7d59006489fa5b6638879180586e9aa24c1c3ae79d40e26a8f453c93b1","HairpinMode":false,"LinkLocalIPv6Address":"","LinkLocalIPv6PrefixLen":0,"Ports":{"3306/tcp":[{"HostIp":"0.0.0.0","HostPort":"49156"},{"HostIp":"::","HostPort":"49156"}],"33060/tcp":null},"SandboxKey":"/var/run/docker/netns/8404ec7d5900","SecondaryIPAddresses":null,"SecondaryIPv6Addresses":null,"EndpointID":"28c851b70d88131a783e3d87b7c50320df5f3250ebca621b1b39353a2424212a","Gateway":"172.17.0.1","GlobalIPv6Address":"","GlobalIPv6PrefixLen":0,"IPAddress":"172.17.0.3","IPPrefixLen":16,"IPv6Gateway":"","MacAddress":"02:42:ac:11:00:03","Networks":{"bridge":{"IPAMConfig":null,"Links":null,"Aliases":null,"NetworkID":"bf06afe94eca8b5ab91eae0dbaa8561a6dd16832d429dcdbaa7ed1e003cfbe56","EndpointID":"28c851b70d88131a783e3d87b7c50320df5f3250ebca621b1b39353a2424212a","Gateway":"172.17.0.1","IPAddress":"172.17.0.3","IPPrefixLen":16,"IPv6Gateway":"","GlobalIPv6Address":"","GlobalIPv6PrefixLen":0,"MacAddress":"02:42:ac:11:00:03","DriverOpts":null}}}}[\n]"
18:30:14.766 [Test worker] DEBUG com.github.dockerjava.zerodep.shaded.org.apache.hc.client5.http.wire - http-outgoing-1 << "[\r][\n]"
18:30:14.766 [Test worker] DEBUG com.github.dockerjava.zerodep.shaded.org.apache.hc.client5.http.wire - http-outgoing-1 << "0[\r][\n]"
18:30:14.766 [Test worker] DEBUG com.github.dockerjava.zerodep.shaded.org.apache.hc.client5.http.wire - http-outgoing-1 << "[\r][\n]"
18:30:14.766 [Test worker] DEBUG com.github.dockerjava.zerodep.shaded.org.apache.hc.client5.http.headers - http-outgoing-1 << HTTP/1.1 200 OK
18:30:14.766 [Test worker] DEBUG com.github.dockerjava.zerodep.shaded.org.apache.hc.client5.http.headers - http-outgoing-1 << Api-Version: 1.41
18:30:14.766 [Test worker] DEBUG com.github.dockerjava.zerodep.shaded.org.apache.hc.client5.http.headers - http-outgoing-1 << Content-Type: application/json
18:30:14.766 [Test worker] DEBUG com.github.dockerjava.zerodep.shaded.org.apache.hc.client5.http.headers - http-outgoing-1 << Docker-Experimental: false
18:30:14.766 [Test worker] DEBUG com.github.dockerjava.zerodep.shaded.org.apache.hc.client5.http.headers - http-outgoing-1 << Ostype: linux
18:30:14.766 [Test worker] DEBUG com.github.dockerjava.zerodep.shaded.org.apache.hc.client5.http.headers - http-outgoing-1 << Server: Docker/20.10.17 (linux)
18:30:14.766 [Test worker] DEBUG com.github.dockerjava.zerodep.shaded.org.apache.hc.client5.http.headers - http-outgoing-1 << Date: Thu, 08 Dec 2022 21:30:14 GMT
18:30:14.766 [Test worker] DEBUG com.github.dockerjava.zerodep.shaded.org.apache.hc.client5.http.headers - http-outgoing-1 << Transfer-Encoding: chunked
18:30:14.766 [Test worker] DEBUG com.github.dockerjava.zerodep.shaded.org.apache.hc.client5.http.impl.classic.MainClientExec - ex-00000020: connection can be kept alive for 3 MINUTES
18:30:14.767 [Test worker] DEBUG com.github.dockerjava.zerodep.shaded.org.apache.hc.client5.http.impl.classic.InternalHttpClient - ep-0000001F: releasing valid endpoint
18:30:14.767 [Test worker] DEBUG com.github.dockerjava.zerodep.shaded.org.apache.hc.client5.http.impl.io.PoolingHttpClientConnectionManager - ep-0000001F: releasing endpoint
18:30:14.767 [Test worker] DEBUG com.github.dockerjava.zerodep.shaded.org.apache.hc.client5.http.impl.io.PoolingHttpClientConnectionManager - ep-0000001F: connection http-outgoing-1 can be kept alive for 3 MINUTES
18:30:14.767 [Test worker] DEBUG com.github.dockerjava.zerodep.shaded.org.apache.hc.client5.http.impl.io.PoolingHttpClientConnectionManager - ep-0000001F: connection released [route: {}->unix://localhost:2375][total available: 1; route allocated: 1 of 2147483647; total allocated: 1 of 2147483647]
18:30:14.768 [Test worker] DEBUG ]]>&#x1f433;<![CDATA[ [mysql:latest] - Trying to create JDBC connection using com.mysql.cj.jdbc.Driver to jdbc:mysql://localhost:49156/adm_videos?useSSL=false&allowPublicKeyRetrieval=true with properties: {password=123456, user=root}
18:30:14.869 [Test worker] DEBUG org.testcontainers.shaded.com.github.dockerjava.core.command.AbstrDockerCmd - Cmd: b4fc7afd97457a2a6ec84592488a57f900fa52ed03fcd2dbaf8a116bc1f50ab3,false
18:30:14.869 [Test worker] DEBUG org.testcontainers.shaded.com.github.dockerjava.core.exec.InspectContainerCmdExec - GET: DefaultWebTarget{path=[/containers/b4fc7afd97457a2a6ec84592488a57f900fa52ed03fcd2dbaf8a116bc1f50ab3/json], queryParams={}}
18:30:14.870 [Test worker] DEBUG com.github.dockerjava.zerodep.shaded.org.apache.hc.client5.http.impl.classic.InternalHttpClient - ex-00000021: preparing request execution
18:30:14.870 [Test worker] DEBUG com.github.dockerjava.zerodep.shaded.org.apache.hc.client5.http.protocol.RequestAddCookies - Cookie spec selected: strict
18:30:14.870 [Test worker] DEBUG com.github.dockerjava.zerodep.shaded.org.apache.hc.client5.http.protocol.RequestAuthCache - Auth cache not set in the context
18:30:14.870 [Test worker] DEBUG com.github.dockerjava.zerodep.shaded.org.apache.hc.client5.http.impl.classic.ProtocolExec - ex-00000021: target auth state: UNCHALLENGED
18:30:14.870 [Test worker] DEBUG com.github.dockerjava.zerodep.shaded.org.apache.hc.client5.http.impl.classic.ProtocolExec - ex-00000021: proxy auth state: UNCHALLENGED
18:30:14.870 [Test worker] DEBUG com.github.dockerjava.zerodep.shaded.org.apache.hc.client5.http.impl.classic.ConnectExec - ex-00000021: acquiring connection with route {}->unix://localhost:2375
18:30:14.870 [Test worker] DEBUG com.github.dockerjava.zerodep.shaded.org.apache.hc.client5.http.impl.classic.InternalHttpClient - ex-00000021: acquiring endpoint (3 MINUTES)
18:30:14.870 [Test worker] DEBUG com.github.dockerjava.zerodep.shaded.org.apache.hc.client5.http.impl.io.PoolingHttpClientConnectionManager - ex-00000021: endpoint lease request (3 MINUTES) [route: {}->unix://localhost:2375][total available: 1; route allocated: 1 of 2147483647; total allocated: 1 of 2147483647]
18:30:14.870 [Test worker] DEBUG com.github.dockerjava.zerodep.shaded.org.apache.hc.client5.http.impl.io.PoolingHttpClientConnectionManager - ex-00000021: endpoint leased [route: {}->unix://localhost:2375][total available: 0; route allocated: 1 of 2147483647; total allocated: 1 of 2147483647]
18:30:14.870 [Test worker] DEBUG com.github.dockerjava.zerodep.shaded.org.apache.hc.client5.http.impl.io.PoolingHttpClientConnectionManager - ex-00000021: acquired ep-00000020
18:30:14.870 [Test worker] DEBUG com.github.dockerjava.zerodep.shaded.org.apache.hc.client5.http.impl.classic.InternalHttpClient - ex-00000021: acquired endpoint ep-00000020
18:30:14.870 [Test worker] DEBUG com.github.dockerjava.zerodep.shaded.org.apache.hc.client5.http.impl.classic.MainClientExec - ex-00000021: executing GET /v1.32/containers/b4fc7afd97457a2a6ec84592488a57f900fa52ed03fcd2dbaf8a116bc1f50ab3/json HTTP/1.1
18:30:14.870 [Test worker] DEBUG com.github.dockerjava.zerodep.shaded.org.apache.hc.client5.http.impl.classic.InternalHttpClient - ep-00000020: start execution ex-00000021
18:30:14.870 [Test worker] DEBUG com.github.dockerjava.zerodep.shaded.org.apache.hc.client5.http.impl.io.PoolingHttpClientConnectionManager - ep-00000020: executing exchange ex-00000021 over http-outgoing-1
18:30:14.870 [Test worker] DEBUG com.github.dockerjava.zerodep.shaded.org.apache.hc.client5.http.headers - http-outgoing-1 >> GET /v1.32/containers/b4fc7afd97457a2a6ec84592488a57f900fa52ed03fcd2dbaf8a116bc1f50ab3/json HTTP/1.1
18:30:14.870 [Test worker] DEBUG com.github.dockerjava.zerodep.shaded.org.apache.hc.client5.http.headers - http-outgoing-1 >> accept: application/json
18:30:14.870 [Test worker] DEBUG com.github.dockerjava.zerodep.shaded.org.apache.hc.client5.http.headers - http-outgoing-1 >> x-tc-sid: cdd139c9-cde1-4429-bea7-edb0e651ba16
18:30:14.870 [Test worker] DEBUG com.github.dockerjava.zerodep.shaded.org.apache.hc.client5.http.headers - http-outgoing-1 >> Accept-Encoding: gzip, x-gzip, deflate
18:30:14.870 [Test worker] DEBUG com.github.dockerjava.zerodep.shaded.org.apache.hc.client5.http.headers - http-outgoing-1 >> Host: localhost:2375
18:30:14.870 [Test worker] DEBUG com.github.dockerjava.zerodep.shaded.org.apache.hc.client5.http.headers - http-outgoing-1 >> Connection: keep-alive
18:30:14.870 [Test worker] DEBUG com.github.dockerjava.zerodep.shaded.org.apache.hc.client5.http.headers - http-outgoing-1 >> User-Agent: Apache-HttpClient/5.0.3 (Java/17.0.2)
18:30:14.870 [Test worker] DEBUG com.github.dockerjava.zerodep.shaded.org.apache.hc.client5.http.wire - http-outgoing-1 >> "GET /v1.32/containers/b4fc7afd97457a2a6ec84592488a57f900fa52ed03fcd2dbaf8a116bc1f50ab3/json HTTP/1.1[\r][\n]"
18:30:14.870 [Test worker] DEBUG com.github.dockerjava.zerodep.shaded.org.apache.hc.client5.http.wire - http-outgoing-1 >> "accept: application/json[\r][\n]"
18:30:14.870 [Test worker] DEBUG com.github.dockerjava.zerodep.shaded.org.apache.hc.client5.http.wire - http-outgoing-1 >> "x-tc-sid: cdd139c9-cde1-4429-bea7-edb0e651ba16[\r][\n]"
18:30:14.870 [Test worker] DEBUG com.github.dockerjava.zerodep.shaded.org.apache.hc.client5.http.wire - http-outgoing-1 >> "Accept-Encoding: gzip, x-gzip, deflate[\r][\n]"
18:30:14.870 [Test worker] DEBUG com.github.dockerjava.zerodep.shaded.org.apache.hc.client5.http.wire - http-outgoing-1 >> "Host: localhost:2375[\r][\n]"
18:30:14.870 [Test worker] DEBUG com.github.dockerjava.zerodep.shaded.org.apache.hc.client5.http.wire - http-outgoing-1 >> "Connection: keep-alive[\r][\n]"
18:30:14.870 [Test worker] DEBUG com.github.dockerjava.zerodep.shaded.org.apache.hc.client5.http.wire - http-outgoing-1 >> "User-Agent: Apache-HttpClient/5.0.3 (Java/17.0.2)[\r][\n]"
18:30:14.870 [Test worker] DEBUG com.github.dockerjava.zerodep.shaded.org.apache.hc.client5.http.wire - http-outgoing-1 >> "[\r][\n]"
18:30:14.871 [Test worker] DEBUG com.github.dockerjava.zerodep.shaded.org.apache.hc.client5.http.wire - http-outgoing-1 << "HTTP/1.1 200 OK[\r][\n]"
18:30:14.871 [Test worker] DEBUG com.github.dockerjava.zerodep.shaded.org.apache.hc.client5.http.wire - http-outgoing-1 << "Api-Version: 1.41[\r][\n]"
18:30:14.871 [Test worker] DEBUG com.github.dockerjava.zerodep.shaded.org.apache.hc.client5.http.wire - http-outgoing-1 << "Content-Type: application/json[\r][\n]"
18:30:14.871 [Test worker] DEBUG com.github.dockerjava.zerodep.shaded.org.apache.hc.client5.http.wire - http-outgoing-1 << "Docker-Experimental: false[\r][\n]"
18:30:14.871 [Test worker] DEBUG com.github.dockerjava.zerodep.shaded.org.apache.hc.client5.http.wire - http-outgoing-1 << "Ostype: linux[\r][\n]"
18:30:14.871 [Test worker] DEBUG com.github.dockerjava.zerodep.shaded.org.apache.hc.client5.http.wire - http-outgoing-1 << "Server: Docker/20.10.17 (linux)[\r][\n]"
18:30:14.871 [Test worker] DEBUG com.github.dockerjava.zerodep.shaded.org.apache.hc.client5.http.wire - http-outgoing-1 << "Date: Thu, 08 Dec 2022 21:30:14 GMT[\r][\n]"
18:30:14.871 [Test worker] DEBUG com.github.dockerjava.zerodep.shaded.org.apache.hc.client5.http.wire - http-outgoing-1 << "Transfer-Encoding: chunked[\r][\n]"
18:30:14.871 [Test worker] DEBUG com.github.dockerjava.zerodep.shaded.org.apache.hc.client5.http.wire - http-outgoing-1 << "[\r][\n]"
18:30:14.871 [Test worker] DEBUG com.github.dockerjava.zerodep.shaded.org.apache.hc.client5.http.wire - http-outgoing-1 << "18a6[\r][\n]"
18:30:14.871 [Test worker] DEBUG com.github.dockerjava.zerodep.shaded.org.apache.hc.client5.http.wire - http-outgoing-1 << "{"Id":"b4fc7afd97457a2a6ec84592488a57f900fa52ed03fcd2dbaf8a116bc1f50ab3","Created":"2022-12-08T21:30:11.801619537Z","Path":"docker-entrypoint.sh","Args":["mysqld"],"State":{"Status":"running","Running":true,"Paused":false,"Restarting":false,"OOMKilled":false,"Dead":false,"Pid":148084,"ExitCode":0,"Error":"","StartedAt":"2022-12-08T21:30:12.370762583Z","FinishedAt":"0001-01-01T00:00:00Z"},"Image":"sha256:7484689f290f1defe06b65befc54cb6ad91a667cf0af59a265ffe76c46bd0478","ResolvConfPath":"/var/lib/docker/containers/b4fc7afd97457a2a6ec84592488a57f900fa52ed03fcd2dbaf8a116bc1f50ab3/resolv.conf","HostnamePath":"/var/lib/docker/containers/b4fc7afd97457a2a6ec84592488a57f900fa52ed03fcd2dbaf8a116bc1f50ab3/hostname","HostsPath":"/var/lib/docker/containers/b4fc7afd97457a2a6ec84592488a57f900fa52ed03fcd2dbaf8a116bc1f50ab3/hosts","LogPath":"/var/lib/docker/containers/b4fc7afd97457a2a6ec84592488a57f900fa52ed03fcd2dbaf8a116bc1f50ab3/b4fc7afd97457a2a6ec84592488a57f900fa52ed03fcd2dbaf8a116bc1f50ab3-json.log","Name":"/agitated_ptolemy","RestartCount":0,"Driver":"overlay2","Platform":"linux","MountLabel":"","ProcessLabel":"","AppArmorProfile":"docker-default","ExecIDs":null,"HostConfig":{"Binds":[],"ContainerIDFile":"","LogConfig":{"Type":"json-file","Config":{}},"NetworkMode":"default","PortBindings":{"3306/tcp":[{"HostIp":"","HostPort":""}]},"RestartPolicy":{"Name":"","MaximumRetryCount":0},"AutoRemove":false,"VolumeDriver":"","VolumesFrom":[],"CapAdd":null,"CapDrop":null,"CgroupnsMode":"private","Dns":null,"DnsOptions":null,"DnsSearch":null,"ExtraHosts":[],"GroupAdd":null,"IpcMode":"shareable","Cgroup":"","Links":null,"OomScoreAdj":0,"PidMode":"","Privileged":false,"PublishAllPorts":false,"ReadonlyRootfs":false,"SecurityOpt":null,"UTSMode":"","UsernsMode":"","ShmSize":67108864,"Runtime":"runc","ConsoleSize":[0,0],"Isolation":"","CpuShares":0,"Memory":0,"NanoCpus":0,"CgroupParent":"","BlkioWeight":0,"BlkioWeightDevice":null,"BlkioDeviceReadBps":null,"BlkioDeviceWriteBps":null,"BlkioDeviceReadIOps":null,"BlkioDeviceWriteIOps":null,"CpuPeriod":0,"CpuQuota":0,"CpuRealtimePeriod":0,"CpuRealtimeRuntime":0,"CpusetCpus":"","CpusetMems":"","Devices":null,"DeviceCgroupRules":null,"DeviceRequests":null,"KernelMemory":0,"KernelMemoryTCP":0,"MemoryReservation":0,"MemorySwap":0,"MemorySwappiness":null,"OomKillDisable":null,"PidsLimit":null,"Ulimits":null,"CpuCount":0,"CpuPercent":0,"IOMaximumIOps":0,"IOMaximumBandwidth":0,"MaskedPaths":["/proc/asound","/proc/acpi","/proc/kcore","/proc/keys","/proc/latency_stats","/proc/timer_list","/proc/timer_stats","/proc/sched_debug","/proc/scsi","/sys/firmware"],"ReadonlyPaths":["/proc/bus","/proc/fs","/proc/irq","/proc/sys","/proc/sysrq-trigger"]},"GraphDriver":{"Data":{"LowerDir":"/var/lib/docker/overlay2/05794d51525f65619c615558ef5f93d7c33eef44e12313fdcb3942911d0b5f7d-init/diff:/var/lib/docker/overlay2/f079a69cfd5e80e906b12f05a0c7bfaabc56ce63e947db68b722ae30905f1239/diff:/var/lib/docker/overlay2/9dfb63d6bb556846a13012421dde7951ef83a14d8ce1882287cce66f0f9bd055/diff:/var/lib/docker/overlay2/c4f8874ae33ddd14488f5051cd953acc020fa00ea72d28bd530450c0bc8f9903/diff:/var/lib/docker/overlay2/992683766b46aa5653160e6a34283b579a75000e230890d0ec0a6204af735697/diff:/var/lib/docker/overlay2/6e3fba0e1d6501c91c9bec723bb1364f75599c6c2026a6dc71773c88a49f890a/diff:/var/lib/docker/overlay2/c6c2a366f45a69704761d45d296d71bf2bf315efb15cb06ad88925ed235fad81/diff:/var/lib/docker/overlay2/7555f9b18615244719d04b23296ba418195e5e569d47baf9f1da7c3f053fe194/diff:/var/lib/docker/overlay2/7752eb17f8f8ba44a5ed178f499901fa7eb6f2e031c29ab160ee4eff4db8edaa/diff:/var/lib/docker/overlay2/9683de8b3733106f256bd0eabc7cae13623b14493b9212e863449d42b8a87390/diff:/var/lib/docker/overlay2/f5e28e407d8811526fb7dd82e4fed08d5d3124c0f22f1a9496ed27b2b457d3dd/diff:/var/lib/docker/overlay2/e2980c91c6b3331cff3994ca6f327955bb5feaef0f96bc64edce80631fdbf829/diff","MergedDir":"/var/lib/docker/overlay2/05794d51525f65619c615558ef5f93d7c33eef44e12313fdcb3942911d0b5f7d/merged","UpperDir":"/var/lib/docker/overlay2/05794d51525f65619c615558ef5f93d7c33eef44e12313fdcb3942911d0b5f7d/diff","WorkDir":"/var/lib/docker/overlay2/05794d51525f65619c615558ef5f93d7c33eef44e12313fdcb3942911d0b5f7d/work"},"Name":"overlay2"},"Mounts":[{"Type":"volume","Name":"fe29345a30f82a1c969c40b069133e9d87168ce95967d67ac182ee42c059affb","Source":"/var/lib/docker/volumes/fe29345a30f82a1c969c40b069133e9d87168ce95967d67ac182ee42c059affb/_data","Destination":"/var/lib/mysql","Driver":"local","Mode":"","RW":true,"Propagation":""}],"Config":{"Hostname":"b4fc7afd9745","Domainname":"","User":"","AttachStdin":false,"AttachStdout":false,"AttachStderr":false,"ExposedPorts":{"3306/tcp":{},"33060/tcp":{}},"Tty":false,"OpenStdin":false,"StdinOnce":false,"Env":["MYSQL_DATABASE=adm_videos","MYSQL_PASSWORD=123456","MYSQL_ROOT_PASSWORD=123456","PATH=/usr/local/sbin:/usr/local/bin:/usr/sbin:/usr/bin:/sbin:/bin","GOSU_VERSION=1.14","MYSQL_MAJOR=8.0","MYSQL_VERSION=8.0.31-1.el8","MYSQL_SHELL_VERSION=8.0.31-1.el8"],"Cmd":["mysqld"],"Image":"mysql:latest","Volumes":{"/var/lib/mysql":{}},"WorkingDir":"","Entrypoint":["docker-entrypoint.sh"],"OnBuild":null,"Labels":{"org.testcontainers":"true","org.testcontainers.sessionId":"cdd139c9-cde1-4429-bea7-edb0e651ba16"}},"NetworkSettings":{"Bridge":"","SandboxID":"8404ec7d59006489fa5b6638879180586e9aa24c1c3ae79d40e26a8f453c93b1","HairpinMode":false,"LinkLocalIPv6Address":"","LinkLocalIPv6PrefixLen":0,"Ports":{"3306/tcp":[{"HostIp":"0.0.0.0","HostPort":"49156"},{"HostIp":"::","HostPort":"49156"}],"33060/tcp":null},"SandboxKey":"/var/run/docker/netns/8404ec7d5900","SecondaryIPAddresses":null,"SecondaryIPv6Addresses":null,"EndpointID":"28c851b70d88131a783e3d87b7c50320df5f3250ebca621b1b39353a2424212a","Gateway":"172.17.0.1","GlobalIPv6Address":"","GlobalIPv6PrefixLen":0,"IPAddress":"172.17.0.3","IPPrefixLen":16,"IPv6Gateway":"","MacAddress":"02:42:ac:11:00:03","Networks":{"bridge":{"IPAMConfig":null,"Links":null,"Aliases":null,"NetworkID":"bf06afe94eca8b5ab91eae0dbaa8561a6dd16832d429dcdbaa7ed1e003cfbe56","EndpointID":"28c851b70d88131a783e3d87b7c50320df5f3250ebca621b1b39353a2424212a","Gateway":"172.17.0.1","IPAddress":"172.17.0.3","IPPrefixLen":16,"IPv6Gateway":"","GlobalIPv6Address":"","GlobalIPv6PrefixLen":0,"MacAddress":"02:42:ac:11:00:03","DriverOpts":null}}}}[\n]"
18:30:14.871 [Test worker] DEBUG com.github.dockerjava.zerodep.shaded.org.apache.hc.client5.http.wire - http-outgoing-1 << "[\r][\n]"
18:30:14.871 [Test worker] DEBUG com.github.dockerjava.zerodep.shaded.org.apache.hc.client5.http.wire - http-outgoing-1 << "0[\r][\n]"
18:30:14.871 [Test worker] DEBUG com.github.dockerjava.zerodep.shaded.org.apache.hc.client5.http.wire - http-outgoing-1 << "[\r][\n]"
18:30:14.871 [Test worker] DEBUG com.github.dockerjava.zerodep.shaded.org.apache.hc.client5.http.headers - http-outgoing-1 << HTTP/1.1 200 OK
18:30:14.871 [Test worker] DEBUG com.github.dockerjava.zerodep.shaded.org.apache.hc.client5.http.headers - http-outgoing-1 << Api-Version: 1.41
18:30:14.871 [Test worker] DEBUG com.github.dockerjava.zerodep.shaded.org.apache.hc.client5.http.headers - http-outgoing-1 << Content-Type: application/json
18:30:14.871 [Test worker] DEBUG com.github.dockerjava.zerodep.shaded.org.apache.hc.client5.http.headers - http-outgoing-1 << Docker-Experimental: false
18:30:14.871 [Test worker] DEBUG com.github.dockerjava.zerodep.shaded.org.apache.hc.client5.http.headers - http-outgoing-1 << Ostype: linux
18:30:14.871 [Test worker] DEBUG com.github.dockerjava.zerodep.shaded.org.apache.hc.client5.http.headers - http-outgoing-1 << Server: Docker/20.10.17 (linux)
18:30:14.871 [Test worker] DEBUG com.github.dockerjava.zerodep.shaded.org.apache.hc.client5.http.headers - http-outgoing-1 << Date: Thu, 08 Dec 2022 21:30:14 GMT
18:30:14.871 [Test worker] DEBUG com.github.dockerjava.zerodep.shaded.org.apache.hc.client5.http.headers - http-outgoing-1 << Transfer-Encoding: chunked
18:30:14.871 [Test worker] DEBUG com.github.dockerjava.zerodep.shaded.org.apache.hc.client5.http.impl.classic.MainClientExec - ex-00000021: connection can be kept alive for 3 MINUTES
18:30:14.872 [Test worker] DEBUG com.github.dockerjava.zerodep.shaded.org.apache.hc.client5.http.impl.classic.InternalHttpClient - ep-00000020: releasing valid endpoint
18:30:14.872 [Test worker] DEBUG com.github.dockerjava.zerodep.shaded.org.apache.hc.client5.http.impl.io.PoolingHttpClientConnectionManager - ep-00000020: releasing endpoint
18:30:14.872 [Test worker] DEBUG com.github.dockerjava.zerodep.shaded.org.apache.hc.client5.http.impl.io.PoolingHttpClientConnectionManager - ep-00000020: connection http-outgoing-1 can be kept alive for 3 MINUTES
18:30:14.872 [Test worker] DEBUG com.github.dockerjava.zerodep.shaded.org.apache.hc.client5.http.impl.io.PoolingHttpClientConnectionManager - ep-00000020: connection released [route: {}->unix://localhost:2375][total available: 1; route allocated: 1 of 2147483647; total allocated: 1 of 2147483647]
18:30:14.872 [Test worker] DEBUG ]]>&#x1f433;<![CDATA[ [mysql:latest] - Trying to create JDBC connection using com.mysql.cj.jdbc.Driver to jdbc:mysql://localhost:49156/adm_videos?useSSL=false&allowPublicKeyRetrieval=true with properties: {password=123456, user=root}
18:30:14.974 [Test worker] DEBUG org.testcontainers.shaded.com.github.dockerjava.core.command.AbstrDockerCmd - Cmd: b4fc7afd97457a2a6ec84592488a57f900fa52ed03fcd2dbaf8a116bc1f50ab3,false
18:30:14.974 [Test worker] DEBUG org.testcontainers.shaded.com.github.dockerjava.core.exec.InspectContainerCmdExec - GET: DefaultWebTarget{path=[/containers/b4fc7afd97457a2a6ec84592488a57f900fa52ed03fcd2dbaf8a116bc1f50ab3/json], queryParams={}}
18:30:14.974 [Test worker] DEBUG com.github.dockerjava.zerodep.shaded.org.apache.hc.client5.http.impl.classic.InternalHttpClient - ex-00000022: preparing request execution
18:30:14.974 [Test worker] DEBUG com.github.dockerjava.zerodep.shaded.org.apache.hc.client5.http.protocol.RequestAddCookies - Cookie spec selected: strict
18:30:14.974 [Test worker] DEBUG com.github.dockerjava.zerodep.shaded.org.apache.hc.client5.http.protocol.RequestAuthCache - Auth cache not set in the context
18:30:14.974 [Test worker] DEBUG com.github.dockerjava.zerodep.shaded.org.apache.hc.client5.http.impl.classic.ProtocolExec - ex-00000022: target auth state: UNCHALLENGED
18:30:14.974 [Test worker] DEBUG com.github.dockerjava.zerodep.shaded.org.apache.hc.client5.http.impl.classic.ProtocolExec - ex-00000022: proxy auth state: UNCHALLENGED
18:30:14.974 [Test worker] DEBUG com.github.dockerjava.zerodep.shaded.org.apache.hc.client5.http.impl.classic.ConnectExec - ex-00000022: acquiring connection with route {}->unix://localhost:2375
18:30:14.975 [Test worker] DEBUG com.github.dockerjava.zerodep.shaded.org.apache.hc.client5.http.impl.classic.InternalHttpClient - ex-00000022: acquiring endpoint (3 MINUTES)
18:30:14.975 [Test worker] DEBUG com.github.dockerjava.zerodep.shaded.org.apache.hc.client5.http.impl.io.PoolingHttpClientConnectionManager - ex-00000022: endpoint lease request (3 MINUTES) [route: {}->unix://localhost:2375][total available: 1; route allocated: 1 of 2147483647; total allocated: 1 of 2147483647]
18:30:14.975 [Test worker] DEBUG com.github.dockerjava.zerodep.shaded.org.apache.hc.client5.http.impl.io.PoolingHttpClientConnectionManager - ex-00000022: endpoint leased [route: {}->unix://localhost:2375][total available: 0; route allocated: 1 of 2147483647; total allocated: 1 of 2147483647]
18:30:14.975 [Test worker] DEBUG com.github.dockerjava.zerodep.shaded.org.apache.hc.client5.http.impl.io.PoolingHttpClientConnectionManager - ex-00000022: acquired ep-00000021
18:30:14.975 [Test worker] DEBUG com.github.dockerjava.zerodep.shaded.org.apache.hc.client5.http.impl.classic.InternalHttpClient - ex-00000022: acquired endpoint ep-00000021
18:30:14.975 [Test worker] DEBUG com.github.dockerjava.zerodep.shaded.org.apache.hc.client5.http.impl.classic.MainClientExec - ex-00000022: executing GET /v1.32/containers/b4fc7afd97457a2a6ec84592488a57f900fa52ed03fcd2dbaf8a116bc1f50ab3/json HTTP/1.1
18:30:14.975 [Test worker] DEBUG com.github.dockerjava.zerodep.shaded.org.apache.hc.client5.http.impl.classic.InternalHttpClient - ep-00000021: start execution ex-00000022
18:30:14.975 [Test worker] DEBUG com.github.dockerjava.zerodep.shaded.org.apache.hc.client5.http.impl.io.PoolingHttpClientConnectionManager - ep-00000021: executing exchange ex-00000022 over http-outgoing-1
18:30:14.975 [Test worker] DEBUG com.github.dockerjava.zerodep.shaded.org.apache.hc.client5.http.headers - http-outgoing-1 >> GET /v1.32/containers/b4fc7afd97457a2a6ec84592488a57f900fa52ed03fcd2dbaf8a116bc1f50ab3/json HTTP/1.1
18:30:14.975 [Test worker] DEBUG com.github.dockerjava.zerodep.shaded.org.apache.hc.client5.http.headers - http-outgoing-1 >> accept: application/json
18:30:14.975 [Test worker] DEBUG com.github.dockerjava.zerodep.shaded.org.apache.hc.client5.http.headers - http-outgoing-1 >> x-tc-sid: cdd139c9-cde1-4429-bea7-edb0e651ba16
18:30:14.975 [Test worker] DEBUG com.github.dockerjava.zerodep.shaded.org.apache.hc.client5.http.headers - http-outgoing-1 >> Accept-Encoding: gzip, x-gzip, deflate
18:30:14.975 [Test worker] DEBUG com.github.dockerjava.zerodep.shaded.org.apache.hc.client5.http.headers - http-outgoing-1 >> Host: localhost:2375
18:30:14.975 [Test worker] DEBUG com.github.dockerjava.zerodep.shaded.org.apache.hc.client5.http.headers - http-outgoing-1 >> Connection: keep-alive
18:30:14.975 [Test worker] DEBUG com.github.dockerjava.zerodep.shaded.org.apache.hc.client5.http.headers - http-outgoing-1 >> User-Agent: Apache-HttpClient/5.0.3 (Java/17.0.2)
18:30:14.975 [Test worker] DEBUG com.github.dockerjava.zerodep.shaded.org.apache.hc.client5.http.wire - http-outgoing-1 >> "GET /v1.32/containers/b4fc7afd97457a2a6ec84592488a57f900fa52ed03fcd2dbaf8a116bc1f50ab3/json HTTP/1.1[\r][\n]"
18:30:14.975 [Test worker] DEBUG com.github.dockerjava.zerodep.shaded.org.apache.hc.client5.http.wire - http-outgoing-1 >> "accept: application/json[\r][\n]"
18:30:14.975 [Test worker] DEBUG com.github.dockerjava.zerodep.shaded.org.apache.hc.client5.http.wire - http-outgoing-1 >> "x-tc-sid: cdd139c9-cde1-4429-bea7-edb0e651ba16[\r][\n]"
18:30:14.975 [Test worker] DEBUG com.github.dockerjava.zerodep.shaded.org.apache.hc.client5.http.wire - http-outgoing-1 >> "Accept-Encoding: gzip, x-gzip, deflate[\r][\n]"
18:30:14.975 [Test worker] DEBUG com.github.dockerjava.zerodep.shaded.org.apache.hc.client5.http.wire - http-outgoing-1 >> "Host: localhost:2375[\r][\n]"
18:30:14.975 [Test worker] DEBUG com.github.dockerjava.zerodep.shaded.org.apache.hc.client5.http.wire - http-outgoing-1 >> "Connection: keep-alive[\r][\n]"
18:30:14.975 [Test worker] DEBUG com.github.dockerjava.zerodep.shaded.org.apache.hc.client5.http.wire - http-outgoing-1 >> "User-Agent: Apache-HttpClient/5.0.3 (Java/17.0.2)[\r][\n]"
18:30:14.975 [Test worker] DEBUG com.github.dockerjava.zerodep.shaded.org.apache.hc.client5.http.wire - http-outgoing-1 >> "[\r][\n]"
18:30:14.977 [Test worker] DEBUG com.github.dockerjava.zerodep.shaded.org.apache.hc.client5.http.wire - http-outgoing-1 << "HTTP/1.1 200 OK[\r][\n]"
18:30:14.977 [Test worker] DEBUG com.github.dockerjava.zerodep.shaded.org.apache.hc.client5.http.wire - http-outgoing-1 << "Api-Version: 1.41[\r][\n]"
18:30:14.977 [Test worker] DEBUG com.github.dockerjava.zerodep.shaded.org.apache.hc.client5.http.wire - http-outgoing-1 << "Content-Type: application/json[\r][\n]"
18:30:14.977 [Test worker] DEBUG com.github.dockerjava.zerodep.shaded.org.apache.hc.client5.http.wire - http-outgoing-1 << "Docker-Experimental: false[\r][\n]"
18:30:14.977 [Test worker] DEBUG com.github.dockerjava.zerodep.shaded.org.apache.hc.client5.http.wire - http-outgoing-1 << "Ostype: linux[\r][\n]"
18:30:14.977 [Test worker] DEBUG com.github.dockerjava.zerodep.shaded.org.apache.hc.client5.http.wire - http-outgoing-1 << "Server: Docker/20.10.17 (linux)[\r][\n]"
18:30:14.977 [Test worker] DEBUG com.github.dockerjava.zerodep.shaded.org.apache.hc.client5.http.wire - http-outgoing-1 << "Date: Thu, 08 Dec 2022 21:30:14 GMT[\r][\n]"
18:30:14.977 [Test worker] DEBUG com.github.dockerjava.zerodep.shaded.org.apache.hc.client5.http.wire - http-outgoing-1 << "Transfer-Encoding: chunked[\r][\n]"
18:30:14.977 [Test worker] DEBUG com.github.dockerjava.zerodep.shaded.org.apache.hc.client5.http.wire - http-outgoing-1 << "[\r][\n]"
18:30:14.977 [Test worker] DEBUG com.github.dockerjava.zerodep.shaded.org.apache.hc.client5.http.wire - http-outgoing-1 << "18a6[\r][\n]"
18:30:14.977 [Test worker] DEBUG com.github.dockerjava.zerodep.shaded.org.apache.hc.client5.http.wire - http-outgoing-1 << "{"Id":"b4fc7afd97457a2a6ec84592488a57f900fa52ed03fcd2dbaf8a116bc1f50ab3","Created":"2022-12-08T21:30:11.801619537Z","Path":"docker-entrypoint.sh","Args":["mysqld"],"State":{"Status":"running","Running":true,"Paused":false,"Restarting":false,"OOMKilled":false,"Dead":false,"Pid":148084,"ExitCode":0,"Error":"","StartedAt":"2022-12-08T21:30:12.370762583Z","FinishedAt":"0001-01-01T00:00:00Z"},"Image":"sha256:7484689f290f1defe06b65befc54cb6ad91a667cf0af59a265ffe76c46bd0478","ResolvConfPath":"/var/lib/docker/containers/b4fc7afd97457a2a6ec84592488a57f900fa52ed03fcd2dbaf8a116bc1f50ab3/resolv.conf","HostnamePath":"/var/lib/docker/containers/b4fc7afd97457a2a6ec84592488a57f900fa52ed03fcd2dbaf8a116bc1f50ab3/hostname","HostsPath":"/var/lib/docker/containers/b4fc7afd97457a2a6ec84592488a57f900fa52ed03fcd2dbaf8a116bc1f50ab3/hosts","LogPath":"/var/lib/docker/containers/b4fc7afd97457a2a6ec84592488a57f900fa52ed03fcd2dbaf8a116bc1f50ab3/b4fc7afd97457a2a6ec84592488a57f900fa52ed03fcd2dbaf8a116bc1f50ab3-json.log","Name":"/agitated_ptolemy","RestartCount":0,"Driver":"overlay2","Platform":"linux","MountLabel":"","ProcessLabel":"","AppArmorProfile":"docker-default","ExecIDs":null,"HostConfig":{"Binds":[],"ContainerIDFile":"","LogConfig":{"Type":"json-file","Config":{}},"NetworkMode":"default","PortBindings":{"3306/tcp":[{"HostIp":"","HostPort":""}]},"RestartPolicy":{"Name":"","MaximumRetryCount":0},"AutoRemove":false,"VolumeDriver":"","VolumesFrom":[],"CapAdd":null,"CapDrop":null,"CgroupnsMode":"private","Dns":null,"DnsOptions":null,"DnsSearch":null,"ExtraHosts":[],"GroupAdd":null,"IpcMode":"shareable","Cgroup":"","Links":null,"OomScoreAdj":0,"PidMode":"","Privileged":false,"PublishAllPorts":false,"ReadonlyRootfs":false,"SecurityOpt":null,"UTSMode":"","UsernsMode":"","ShmSize":67108864,"Runtime":"runc","ConsoleSize":[0,0],"Isolation":"","CpuShares":0,"Memory":0,"NanoCpus":0,"CgroupParent":"","BlkioWeight":0,"BlkioWeightDevice":null,"BlkioDeviceReadBps":null,"BlkioDeviceWriteBps":null,"BlkioDeviceReadIOps":null,"BlkioDeviceWriteIOps":null,"CpuPeriod":0,"CpuQuota":0,"CpuRealtimePeriod":0,"CpuRealtimeRuntime":0,"CpusetCpus":"","CpusetMems":"","Devices":null,"DeviceCgroupRules":null,"DeviceRequests":null,"KernelMemory":0,"KernelMemoryTCP":0,"MemoryReservation":0,"MemorySwap":0,"MemorySwappiness":null,"OomKillDisable":null,"PidsLimit":null,"Ulimits":null,"CpuCount":0,"CpuPercent":0,"IOMaximumIOps":0,"IOMaximumBandwidth":0,"MaskedPaths":["/proc/asound","/proc/acpi","/proc/kcore","/proc/keys","/proc/latency_stats","/proc/timer_list","/proc/timer_stats","/proc/sched_debug","/proc/scsi","/sys/firmware"],"ReadonlyPaths":["/proc/bus","/proc/fs","/proc/irq","/proc/sys","/proc/sysrq-trigger"]},"GraphDriver":{"Data":{"LowerDir":"/var/lib/docker/overlay2/05794d51525f65619c615558ef5f93d7c33eef44e12313fdcb3942911d0b5f7d-init/diff:/var/lib/docker/overlay2/f079a69cfd5e80e906b12f05a0c7bfaabc56ce63e947db68b722ae30905f1239/diff:/var/lib/docker/overlay2/9dfb63d6bb556846a13012421dde7951ef83a14d8ce1882287cce66f0f9bd055/diff:/var/lib/docker/overlay2/c4f8874ae33ddd14488f5051cd953acc020fa00ea72d28bd530450c0bc8f9903/diff:/var/lib/docker/overlay2/992683766b46aa5653160e6a34283b579a75000e230890d0ec0a6204af735697/diff:/var/lib/docker/overlay2/6e3fba0e1d6501c91c9bec723bb1364f75599c6c2026a6dc71773c88a49f890a/diff:/var/lib/docker/overlay2/c6c2a366f45a69704761d45d296d71bf2bf315efb15cb06ad88925ed235fad81/diff:/var/lib/docker/overlay2/7555f9b18615244719d04b23296ba418195e5e569d47baf9f1da7c3f053fe194/diff:/var/lib/docker/overlay2/7752eb17f8f8ba44a5ed178f499901fa7eb6f2e031c29ab160ee4eff4db8edaa/diff:/var/lib/docker/overlay2/9683de8b3733106f256bd0eabc7cae13623b14493b9212e863449d42b8a87390/diff:/var/lib/docker/overlay2/f5e28e407d8811526fb7dd82e4fed08d5d3124c0f22f1a9496ed27b2b457d3dd/diff:/var/lib/docker/overlay2/e2980c91c6b3331cff3994ca6f327955bb5feaef0f96bc64edce80631fdbf829/diff","MergedDir":"/var/lib/docker/overlay2/05794d51525f65619c615558ef5f93d7c33eef44e12313fdcb3942911d0b5f7d/merged","UpperDir":"/var/lib/docker/overlay2/05794d51525f65619c615558ef5f93d7c33eef44e12313fdcb3942911d0b5f7d/diff","WorkDir":"/var/lib/docker/overlay2/05794d51525f65619c615558ef5f93d7c33eef44e12313fdcb3942911d0b5f7d/work"},"Name":"overlay2"},"Mounts":[{"Type":"volume","Name":"fe29345a30f82a1c969c40b069133e9d87168ce95967d67ac182ee42c059affb","Source":"/var/lib/docker/volumes/fe29345a30f82a1c969c40b069133e9d87168ce95967d67ac182ee42c059affb/_data","Destination":"/var/lib/mysql","Driver":"local","Mode":"","RW":true,"Propagation":""}],"Config":{"Hostname":"b4fc7afd9745","Domainname":"","User":"","AttachStdin":false,"AttachStdout":false,"AttachStderr":false,"ExposedPorts":{"3306/tcp":{},"33060/tcp":{}},"Tty":false,"OpenStdin":false,"StdinOnce":false,"Env":["MYSQL_DATABASE=adm_videos","MYSQL_PASSWORD=123456","MYSQL_ROOT_PASSWORD=123456","PATH=/usr/local/sbin:/usr/local/bin:/usr/sbin:/usr/bin:/sbin:/bin","GOSU_VERSION=1.14","MYSQL_MAJOR=8.0","MYSQL_VERSION=8.0.31-1.el8","MYSQL_SHELL_VERSION=8.0.31-1.el8"],"Cmd":["mysqld"],"Image":"mysql:latest","Volumes":{"/var/lib/mysql":{}},"WorkingDir":"","Entrypoint":["docker-entrypoint.sh"],"OnBuild":null,"Labels":{"org.testcontainers":"true","org.testcontainers.sessionId":"cdd139c9-cde1-4429-bea7-edb0e651ba16"}},"NetworkSettings":{"Bridge":"","SandboxID":"8404ec7d59006489fa5b6638879180586e9aa24c1c3ae79d40e26a8f453c93b1","HairpinMode":false,"LinkLocalIPv6Address":"","LinkLocalIPv6PrefixLen":0,"Ports":{"3306/tcp":[{"HostIp":"0.0.0.0","HostPort":"49156"},{"HostIp":"::","HostPort":"49156"}],"33060/tcp":null},"SandboxKey":"/var/run/docker/netns/8404ec7d5900","SecondaryIPAddresses":null,"SecondaryIPv6Addresses":null,"EndpointID":"28c851b70d88131a783e3d87b7c50320df5f3250ebca621b1b39353a2424212a","Gateway":"172.17.0.1","GlobalIPv6Address":"","GlobalIPv6PrefixLen":0,"IPAddress":"172.17.0.3","IPPrefixLen":16,"IPv6Gateway":"","MacAddress":"02:42:ac:11:00:03","Networks":{"bridge":{"IPAMConfig":null,"Links":null,"Aliases":null,"NetworkID":"bf06afe94eca8b5ab91eae0dbaa8561a6dd16832d429dcdbaa7ed1e003cfbe56","EndpointID":"28c851b70d88131a783e3d87b7c50320df5f3250ebca621b1b39353a2424212a","Gateway":"172.17.0.1","IPAddress":"172.17.0.3","IPPrefixLen":16,"IPv6Gateway":"","GlobalIPv6Address":"","GlobalIPv6PrefixLen":0,"MacAddress":"02:42:ac:11:00:03","DriverOpts":null}}}}[\n]"
18:30:14.977 [Test worker] DEBUG com.github.dockerjava.zerodep.shaded.org.apache.hc.client5.http.wire - http-outgoing-1 << "[\r][\n]"
18:30:14.977 [Test worker] DEBUG com.github.dockerjava.zerodep.shaded.org.apache.hc.client5.http.wire - http-outgoing-1 << "0[\r][\n]"
18:30:14.977 [Test worker] DEBUG com.github.dockerjava.zerodep.shaded.org.apache.hc.client5.http.wire - http-outgoing-1 << "[\r][\n]"
18:30:14.977 [Test worker] DEBUG com.github.dockerjava.zerodep.shaded.org.apache.hc.client5.http.headers - http-outgoing-1 << HTTP/1.1 200 OK
18:30:14.977 [Test worker] DEBUG com.github.dockerjava.zerodep.shaded.org.apache.hc.client5.http.headers - http-outgoing-1 << Api-Version: 1.41
18:30:14.977 [Test worker] DEBUG com.github.dockerjava.zerodep.shaded.org.apache.hc.client5.http.headers - http-outgoing-1 << Content-Type: application/json
18:30:14.977 [Test worker] DEBUG com.github.dockerjava.zerodep.shaded.org.apache.hc.client5.http.headers - http-outgoing-1 << Docker-Experimental: false
18:30:14.977 [Test worker] DEBUG com.github.dockerjava.zerodep.shaded.org.apache.hc.client5.http.headers - http-outgoing-1 << Ostype: linux
18:30:14.977 [Test worker] DEBUG com.github.dockerjava.zerodep.shaded.org.apache.hc.client5.http.headers - http-outgoing-1 << Server: Docker/20.10.17 (linux)
18:30:14.977 [Test worker] DEBUG com.github.dockerjava.zerodep.shaded.org.apache.hc.client5.http.headers - http-outgoing-1 << Date: Thu, 08 Dec 2022 21:30:14 GMT
18:30:14.977 [Test worker] DEBUG com.github.dockerjava.zerodep.shaded.org.apache.hc.client5.http.headers - http-outgoing-1 << Transfer-Encoding: chunked
18:30:14.977 [Test worker] DEBUG com.github.dockerjava.zerodep.shaded.org.apache.hc.client5.http.impl.classic.MainClientExec - ex-00000022: connection can be kept alive for 3 MINUTES
18:30:14.981 [Test worker] DEBUG com.github.dockerjava.zerodep.shaded.org.apache.hc.client5.http.impl.classic.InternalHttpClient - ep-00000021: releasing valid endpoint
18:30:14.981 [Test worker] DEBUG com.github.dockerjava.zerodep.shaded.org.apache.hc.client5.http.impl.io.PoolingHttpClientConnectionManager - ep-00000021: releasing endpoint
18:30:14.981 [Test worker] DEBUG com.github.dockerjava.zerodep.shaded.org.apache.hc.client5.http.impl.io.PoolingHttpClientConnectionManager - ep-00000021: connection http-outgoing-1 can be kept alive for 3 MINUTES
18:30:14.982 [Test worker] DEBUG com.github.dockerjava.zerodep.shaded.org.apache.hc.client5.http.impl.io.PoolingHttpClientConnectionManager - ep-00000021: connection released [route: {}->unix://localhost:2375][total available: 1; route allocated: 1 of 2147483647; total allocated: 1 of 2147483647]
18:30:14.982 [Test worker] DEBUG ]]>&#x1f433;<![CDATA[ [mysql:latest] - Trying to create JDBC connection using com.mysql.cj.jdbc.Driver to jdbc:mysql://localhost:49156/adm_videos?useSSL=false&allowPublicKeyRetrieval=true with properties: {password=123456, user=root}
18:30:15.084 [Test worker] DEBUG org.testcontainers.shaded.com.github.dockerjava.core.command.AbstrDockerCmd - Cmd: b4fc7afd97457a2a6ec84592488a57f900fa52ed03fcd2dbaf8a116bc1f50ab3,false
18:30:15.084 [Test worker] DEBUG org.testcontainers.shaded.com.github.dockerjava.core.exec.InspectContainerCmdExec - GET: DefaultWebTarget{path=[/containers/b4fc7afd97457a2a6ec84592488a57f900fa52ed03fcd2dbaf8a116bc1f50ab3/json], queryParams={}}
18:30:15.085 [Test worker] DEBUG com.github.dockerjava.zerodep.shaded.org.apache.hc.client5.http.impl.classic.InternalHttpClient - ex-00000023: preparing request execution
18:30:15.085 [Test worker] DEBUG com.github.dockerjava.zerodep.shaded.org.apache.hc.client5.http.protocol.RequestAddCookies - Cookie spec selected: strict
18:30:15.085 [Test worker] DEBUG com.github.dockerjava.zerodep.shaded.org.apache.hc.client5.http.protocol.RequestAuthCache - Auth cache not set in the context
18:30:15.085 [Test worker] DEBUG com.github.dockerjava.zerodep.shaded.org.apache.hc.client5.http.impl.classic.ProtocolExec - ex-00000023: target auth state: UNCHALLENGED
18:30:15.085 [Test worker] DEBUG com.github.dockerjava.zerodep.shaded.org.apache.hc.client5.http.impl.classic.ProtocolExec - ex-00000023: proxy auth state: UNCHALLENGED
18:30:15.085 [Test worker] DEBUG com.github.dockerjava.zerodep.shaded.org.apache.hc.client5.http.impl.classic.ConnectExec - ex-00000023: acquiring connection with route {}->unix://localhost:2375
18:30:15.085 [Test worker] DEBUG com.github.dockerjava.zerodep.shaded.org.apache.hc.client5.http.impl.classic.InternalHttpClient - ex-00000023: acquiring endpoint (3 MINUTES)
18:30:15.085 [Test worker] DEBUG com.github.dockerjava.zerodep.shaded.org.apache.hc.client5.http.impl.io.PoolingHttpClientConnectionManager - ex-00000023: endpoint lease request (3 MINUTES) [route: {}->unix://localhost:2375][total available: 1; route allocated: 1 of 2147483647; total allocated: 1 of 2147483647]
18:30:15.085 [Test worker] DEBUG com.github.dockerjava.zerodep.shaded.org.apache.hc.client5.http.impl.io.PoolingHttpClientConnectionManager - ex-00000023: endpoint leased [route: {}->unix://localhost:2375][total available: 0; route allocated: 1 of 2147483647; total allocated: 1 of 2147483647]
18:30:15.085 [Test worker] DEBUG com.github.dockerjava.zerodep.shaded.org.apache.hc.client5.http.impl.io.PoolingHttpClientConnectionManager - ex-00000023: acquired ep-00000022
18:30:15.085 [Test worker] DEBUG com.github.dockerjava.zerodep.shaded.org.apache.hc.client5.http.impl.classic.InternalHttpClient - ex-00000023: acquired endpoint ep-00000022
18:30:15.085 [Test worker] DEBUG com.github.dockerjava.zerodep.shaded.org.apache.hc.client5.http.impl.classic.MainClientExec - ex-00000023: executing GET /v1.32/containers/b4fc7afd97457a2a6ec84592488a57f900fa52ed03fcd2dbaf8a116bc1f50ab3/json HTTP/1.1
18:30:15.085 [Test worker] DEBUG com.github.dockerjava.zerodep.shaded.org.apache.hc.client5.http.impl.classic.InternalHttpClient - ep-00000022: start execution ex-00000023
18:30:15.085 [Test worker] DEBUG com.github.dockerjava.zerodep.shaded.org.apache.hc.client5.http.impl.io.PoolingHttpClientConnectionManager - ep-00000022: executing exchange ex-00000023 over http-outgoing-1
18:30:15.085 [Test worker] DEBUG com.github.dockerjava.zerodep.shaded.org.apache.hc.client5.http.headers - http-outgoing-1 >> GET /v1.32/containers/b4fc7afd97457a2a6ec84592488a57f900fa52ed03fcd2dbaf8a116bc1f50ab3/json HTTP/1.1
18:30:15.085 [Test worker] DEBUG com.github.dockerjava.zerodep.shaded.org.apache.hc.client5.http.headers - http-outgoing-1 >> accept: application/json
18:30:15.085 [Test worker] DEBUG com.github.dockerjava.zerodep.shaded.org.apache.hc.client5.http.headers - http-outgoing-1 >> x-tc-sid: cdd139c9-cde1-4429-bea7-edb0e651ba16
18:30:15.085 [Test worker] DEBUG com.github.dockerjava.zerodep.shaded.org.apache.hc.client5.http.headers - http-outgoing-1 >> Accept-Encoding: gzip, x-gzip, deflate
18:30:15.085 [Test worker] DEBUG com.github.dockerjava.zerodep.shaded.org.apache.hc.client5.http.headers - http-outgoing-1 >> Host: localhost:2375
18:30:15.085 [Test worker] DEBUG com.github.dockerjava.zerodep.shaded.org.apache.hc.client5.http.headers - http-outgoing-1 >> Connection: keep-alive
18:30:15.085 [Test worker] DEBUG com.github.dockerjava.zerodep.shaded.org.apache.hc.client5.http.headers - http-outgoing-1 >> User-Agent: Apache-HttpClient/5.0.3 (Java/17.0.2)
18:30:15.085 [Test worker] DEBUG com.github.dockerjava.zerodep.shaded.org.apache.hc.client5.http.wire - http-outgoing-1 >> "GET /v1.32/containers/b4fc7afd97457a2a6ec84592488a57f900fa52ed03fcd2dbaf8a116bc1f50ab3/json HTTP/1.1[\r][\n]"
18:30:15.085 [Test worker] DEBUG com.github.dockerjava.zerodep.shaded.org.apache.hc.client5.http.wire - http-outgoing-1 >> "accept: application/json[\r][\n]"
18:30:15.085 [Test worker] DEBUG com.github.dockerjava.zerodep.shaded.org.apache.hc.client5.http.wire - http-outgoing-1 >> "x-tc-sid: cdd139c9-cde1-4429-bea7-edb0e651ba16[\r][\n]"
18:30:15.085 [Test worker] DEBUG com.github.dockerjava.zerodep.shaded.org.apache.hc.client5.http.wire - http-outgoing-1 >> "Accept-Encoding: gzip, x-gzip, deflate[\r][\n]"
18:30:15.085 [Test worker] DEBUG com.github.dockerjava.zerodep.shaded.org.apache.hc.client5.http.wire - http-outgoing-1 >> "Host: localhost:2375[\r][\n]"
18:30:15.085 [Test worker] DEBUG com.github.dockerjava.zerodep.shaded.org.apache.hc.client5.http.wire - http-outgoing-1 >> "Connection: keep-alive[\r][\n]"
18:30:15.085 [Test worker] DEBUG com.github.dockerjava.zerodep.shaded.org.apache.hc.client5.http.wire - http-outgoing-1 >> "User-Agent: Apache-HttpClient/5.0.3 (Java/17.0.2)[\r][\n]"
18:30:15.085 [Test worker] DEBUG com.github.dockerjava.zerodep.shaded.org.apache.hc.client5.http.wire - http-outgoing-1 >> "[\r][\n]"
18:30:15.086 [Test worker] DEBUG com.github.dockerjava.zerodep.shaded.org.apache.hc.client5.http.wire - http-outgoing-1 << "HTTP/1.1 200 OK[\r][\n]"
18:30:15.086 [Test worker] DEBUG com.github.dockerjava.zerodep.shaded.org.apache.hc.client5.http.wire - http-outgoing-1 << "Api-Version: 1.41[\r][\n]"
18:30:15.086 [Test worker] DEBUG com.github.dockerjava.zerodep.shaded.org.apache.hc.client5.http.wire - http-outgoing-1 << "Content-Type: application/json[\r][\n]"
18:30:15.086 [Test worker] DEBUG com.github.dockerjava.zerodep.shaded.org.apache.hc.client5.http.wire - http-outgoing-1 << "Docker-Experimental: false[\r][\n]"
18:30:15.086 [Test worker] DEBUG com.github.dockerjava.zerodep.shaded.org.apache.hc.client5.http.wire - http-outgoing-1 << "Ostype: linux[\r][\n]"
18:30:15.086 [Test worker] DEBUG com.github.dockerjava.zerodep.shaded.org.apache.hc.client5.http.wire - http-outgoing-1 << "Server: Docker/20.10.17 (linux)[\r][\n]"
18:30:15.086 [Test worker] DEBUG com.github.dockerjava.zerodep.shaded.org.apache.hc.client5.http.wire - http-outgoing-1 << "Date: Thu, 08 Dec 2022 21:30:15 GMT[\r][\n]"
18:30:15.086 [Test worker] DEBUG com.github.dockerjava.zerodep.shaded.org.apache.hc.client5.http.wire - http-outgoing-1 << "Transfer-Encoding: chunked[\r][\n]"
18:30:15.086 [Test worker] DEBUG com.github.dockerjava.zerodep.shaded.org.apache.hc.client5.http.wire - http-outgoing-1 << "[\r][\n]"
18:30:15.086 [Test worker] DEBUG com.github.dockerjava.zerodep.shaded.org.apache.hc.client5.http.wire - http-outgoing-1 << "18a6[\r][\n]"
18:30:15.086 [Test worker] DEBUG com.github.dockerjava.zerodep.shaded.org.apache.hc.client5.http.wire - http-outgoing-1 << "{"Id":"b4fc7afd97457a2a6ec84592488a57f900fa52ed03fcd2dbaf8a116bc1f50ab3","Created":"2022-12-08T21:30:11.801619537Z","Path":"docker-entrypoint.sh","Args":["mysqld"],"State":{"Status":"running","Running":true,"Paused":false,"Restarting":false,"OOMKilled":false,"Dead":false,"Pid":148084,"ExitCode":0,"Error":"","StartedAt":"2022-12-08T21:30:12.370762583Z","FinishedAt":"0001-01-01T00:00:00Z"},"Image":"sha256:7484689f290f1defe06b65befc54cb6ad91a667cf0af59a265ffe76c46bd0478","ResolvConfPath":"/var/lib/docker/containers/b4fc7afd97457a2a6ec84592488a57f900fa52ed03fcd2dbaf8a116bc1f50ab3/resolv.conf","HostnamePath":"/var/lib/docker/containers/b4fc7afd97457a2a6ec84592488a57f900fa52ed03fcd2dbaf8a116bc1f50ab3/hostname","HostsPath":"/var/lib/docker/containers/b4fc7afd97457a2a6ec84592488a57f900fa52ed03fcd2dbaf8a116bc1f50ab3/hosts","LogPath":"/var/lib/docker/containers/b4fc7afd97457a2a6ec84592488a57f900fa52ed03fcd2dbaf8a116bc1f50ab3/b4fc7afd97457a2a6ec84592488a57f900fa52ed03fcd2dbaf8a116bc1f50ab3-json.log","Name":"/agitated_ptolemy","RestartCount":0,"Driver":"overlay2","Platform":"linux","MountLabel":"","ProcessLabel":"","AppArmorProfile":"docker-default","ExecIDs":null,"HostConfig":{"Binds":[],"ContainerIDFile":"","LogConfig":{"Type":"json-file","Config":{}},"NetworkMode":"default","PortBindings":{"3306/tcp":[{"HostIp":"","HostPort":""}]},"RestartPolicy":{"Name":"","MaximumRetryCount":0},"AutoRemove":false,"VolumeDriver":"","VolumesFrom":[],"CapAdd":null,"CapDrop":null,"CgroupnsMode":"private","Dns":null,"DnsOptions":null,"DnsSearch":null,"ExtraHosts":[],"GroupAdd":null,"IpcMode":"shareable","Cgroup":"","Links":null,"OomScoreAdj":0,"PidMode":"","Privileged":false,"PublishAllPorts":false,"ReadonlyRootfs":false,"SecurityOpt":null,"UTSMode":"","UsernsMode":"","ShmSize":67108864,"Runtime":"runc","ConsoleSize":[0,0],"Isolation":"","CpuShares":0,"Memory":0,"NanoCpus":0,"CgroupParent":"","BlkioWeight":0,"BlkioWeightDevice":null,"BlkioDeviceReadBps":null,"BlkioDeviceWriteBps":null,"BlkioDeviceReadIOps":null,"BlkioDeviceWriteIOps":null,"CpuPeriod":0,"CpuQuota":0,"CpuRealtimePeriod":0,"CpuRealtimeRuntime":0,"CpusetCpus":"","CpusetMems":"","Devices":null,"DeviceCgroupRules":null,"DeviceRequests":null,"KernelMemory":0,"KernelMemoryTCP":0,"MemoryReservation":0,"MemorySwap":0,"MemorySwappiness":null,"OomKillDisable":null,"PidsLimit":null,"Ulimits":null,"CpuCount":0,"CpuPercent":0,"IOMaximumIOps":0,"IOMaximumBandwidth":0,"MaskedPaths":["/proc/asound","/proc/acpi","/proc/kcore","/proc/keys","/proc/latency_stats","/proc/timer_list","/proc/timer_stats","/proc/sched_debug","/proc/scsi","/sys/firmware"],"ReadonlyPaths":["/proc/bus","/proc/fs","/proc/irq","/proc/sys","/proc/sysrq-trigger"]},"GraphDriver":{"Data":{"LowerDir":"/var/lib/docker/overlay2/05794d51525f65619c615558ef5f93d7c33eef44e12313fdcb3942911d0b5f7d-init/diff:/var/lib/docker/overlay2/f079a69cfd5e80e906b12f05a0c7bfaabc56ce63e947db68b722ae30905f1239/diff:/var/lib/docker/overlay2/9dfb63d6bb556846a13012421dde7951ef83a14d8ce1882287cce66f0f9bd055/diff:/var/lib/docker/overlay2/c4f8874ae33ddd14488f5051cd953acc020fa00ea72d28bd530450c0bc8f9903/diff:/var/lib/docker/overlay2/992683766b46aa5653160e6a34283b579a75000e230890d0ec0a6204af735697/diff:/var/lib/docker/overlay2/6e3fba0e1d6501c91c9bec723bb1364f75599c6c2026a6dc71773c88a49f890a/diff:/var/lib/docker/overlay2/c6c2a366f45a69704761d45d296d71bf2bf315efb15cb06ad88925ed235fad81/diff:/var/lib/docker/overlay2/7555f9b18615244719d04b23296ba418195e5e569d47baf9f1da7c3f053fe194/diff:/var/lib/docker/overlay2/7752eb17f8f8ba44a5ed178f499901fa7eb6f2e031c29ab160ee4eff4db8edaa/diff:/var/lib/docker/overlay2/9683de8b3733106f256bd0eabc7cae13623b14493b9212e863449d42b8a87390/diff:/var/lib/docker/overlay2/f5e28e407d8811526fb7dd82e4fed08d5d3124c0f22f1a9496ed27b2b457d3dd/diff:/var/lib/docker/overlay2/e2980c91c6b3331cff3994ca6f327955bb5feaef0f96bc64edce80631fdbf829/diff","MergedDir":"/var/lib/docker/overlay2/05794d51525f65619c615558ef5f93d7c33eef44e12313fdcb3942911d0b5f7d/merged","UpperDir":"/var/lib/docker/overlay2/05794d51525f65619c615558ef5f93d7c33eef44e12313fdcb3942911d0b5f7d/diff","WorkDir":"/var/lib/docker/overlay2/05794d51525f65619c615558ef5f93d7c33eef44e12313fdcb3942911d0b5f7d/work"},"Name":"overlay2"},"Mounts":[{"Type":"volume","Name":"fe29345a30f82a1c969c40b069133e9d87168ce95967d67ac182ee42c059affb","Source":"/var/lib/docker/volumes/fe29345a30f82a1c969c40b069133e9d87168ce95967d67ac182ee42c059affb/_data","Destination":"/var/lib/mysql","Driver":"local","Mode":"","RW":true,"Propagation":""}],"Config":{"Hostname":"b4fc7afd9745","Domainname":"","User":"","AttachStdin":false,"AttachStdout":false,"AttachStderr":false,"ExposedPorts":{"3306/tcp":{},"33060/tcp":{}},"Tty":false,"OpenStdin":false,"StdinOnce":false,"Env":["MYSQL_DATABASE=adm_videos","MYSQL_PASSWORD=123456","MYSQL_ROOT_PASSWORD=123456","PATH=/usr/local/sbin:/usr/local/bin:/usr/sbin:/usr/bin:/sbin:/bin","GOSU_VERSION=1.14","MYSQL_MAJOR=8.0","MYSQL_VERSION=8.0.31-1.el8","MYSQL_SHELL_VERSION=8.0.31-1.el8"],"Cmd":["mysqld"],"Image":"mysql:latest","Volumes":{"/var/lib/mysql":{}},"WorkingDir":"","Entrypoint":["docker-entrypoint.sh"],"OnBuild":null,"Labels":{"org.testcontainers":"true","org.testcontainers.sessionId":"cdd139c9-cde1-4429-bea7-edb0e651ba16"}},"NetworkSettings":{"Bridge":"","SandboxID":"8404ec7d59006489fa5b6638879180586e9aa24c1c3ae79d40e26a8f453c93b1","HairpinMode":false,"LinkLocalIPv6Address":"","LinkLocalIPv6PrefixLen":0,"Ports":{"3306/tcp":[{"HostIp":"0.0.0.0","HostPort":"49156"},{"HostIp":"::","HostPort":"49156"}],"33060/tcp":null},"SandboxKey":"/var/run/docker/netns/8404ec7d5900","SecondaryIPAddresses":null,"SecondaryIPv6Addresses":null,"EndpointID":"28c851b70d88131a783e3d87b7c50320df5f3250ebca621b1b39353a2424212a","Gateway":"172.17.0.1","GlobalIPv6Address":"","GlobalIPv6PrefixLen":0,"IPAddress":"172.17.0.3","IPPrefixLen":16,"IPv6Gateway":"","MacAddress":"02:42:ac:11:00:03","Networks":{"bridge":{"IPAMConfig":null,"Links":null,"Aliases":null,"NetworkID":"bf06afe94eca8b5ab91eae0dbaa8561a6dd16832d429dcdbaa7ed1e003cfbe56","EndpointID":"28c851b70d88131a783e3d87b7c50320df5f3250ebca621b1b39353a2424212a","Gateway":"172.17.0.1","IPAddress":"172.17.0.3","IPPrefixLen":16,"IPv6Gateway":"","GlobalIPv6Address":"","GlobalIPv6PrefixLen":0,"MacAddress":"02:42:ac:11:00:03","DriverOpts":null}}}}[\n]"
18:30:15.086 [Test worker] DEBUG com.github.dockerjava.zerodep.shaded.org.apache.hc.client5.http.wire - http-outgoing-1 << "[\r][\n]"
18:30:15.086 [Test worker] DEBUG com.github.dockerjava.zerodep.shaded.org.apache.hc.client5.http.wire - http-outgoing-1 << "0[\r][\n]"
18:30:15.086 [Test worker] DEBUG com.github.dockerjava.zerodep.shaded.org.apache.hc.client5.http.wire - http-outgoing-1 << "[\r][\n]"
18:30:15.086 [Test worker] DEBUG com.github.dockerjava.zerodep.shaded.org.apache.hc.client5.http.headers - http-outgoing-1 << HTTP/1.1 200 OK
18:30:15.086 [Test worker] DEBUG com.github.dockerjava.zerodep.shaded.org.apache.hc.client5.http.headers - http-outgoing-1 << Api-Version: 1.41
18:30:15.086 [Test worker] DEBUG com.github.dockerjava.zerodep.shaded.org.apache.hc.client5.http.headers - http-outgoing-1 << Content-Type: application/json
18:30:15.086 [Test worker] DEBUG com.github.dockerjava.zerodep.shaded.org.apache.hc.client5.http.headers - http-outgoing-1 << Docker-Experimental: false
18:30:15.086 [Test worker] DEBUG com.github.dockerjava.zerodep.shaded.org.apache.hc.client5.http.headers - http-outgoing-1 << Ostype: linux
18:30:15.086 [Test worker] DEBUG com.github.dockerjava.zerodep.shaded.org.apache.hc.client5.http.headers - http-outgoing-1 << Server: Docker/20.10.17 (linux)
18:30:15.086 [Test worker] DEBUG com.github.dockerjava.zerodep.shaded.org.apache.hc.client5.http.headers - http-outgoing-1 << Date: Thu, 08 Dec 2022 21:30:15 GMT
18:30:15.086 [Test worker] DEBUG com.github.dockerjava.zerodep.shaded.org.apache.hc.client5.http.headers - http-outgoing-1 << Transfer-Encoding: chunked
18:30:15.086 [Test worker] DEBUG com.github.dockerjava.zerodep.shaded.org.apache.hc.client5.http.impl.classic.MainClientExec - ex-00000023: connection can be kept alive for 3 MINUTES
18:30:15.087 [Test worker] DEBUG com.github.dockerjava.zerodep.shaded.org.apache.hc.client5.http.impl.classic.InternalHttpClient - ep-00000022: releasing valid endpoint
18:30:15.087 [Test worker] DEBUG com.github.dockerjava.zerodep.shaded.org.apache.hc.client5.http.impl.io.PoolingHttpClientConnectionManager - ep-00000022: releasing endpoint
18:30:15.087 [Test worker] DEBUG com.github.dockerjava.zerodep.shaded.org.apache.hc.client5.http.impl.io.PoolingHttpClientConnectionManager - ep-00000022: connection http-outgoing-1 can be kept alive for 3 MINUTES
18:30:15.087 [Test worker] DEBUG com.github.dockerjava.zerodep.shaded.org.apache.hc.client5.http.impl.io.PoolingHttpClientConnectionManager - ep-00000022: connection released [route: {}->unix://localhost:2375][total available: 1; route allocated: 1 of 2147483647; total allocated: 1 of 2147483647]
18:30:15.087 [Test worker] DEBUG ]]>&#x1f433;<![CDATA[ [mysql:latest] - Trying to create JDBC connection using com.mysql.cj.jdbc.Driver to jdbc:mysql://localhost:49156/adm_videos?useSSL=false&allowPublicKeyRetrieval=true with properties: {password=123456, user=root}
18:30:15.188 [Test worker] DEBUG org.testcontainers.shaded.com.github.dockerjava.core.command.AbstrDockerCmd - Cmd: b4fc7afd97457a2a6ec84592488a57f900fa52ed03fcd2dbaf8a116bc1f50ab3,false
18:30:15.189 [Test worker] DEBUG org.testcontainers.shaded.com.github.dockerjava.core.exec.InspectContainerCmdExec - GET: DefaultWebTarget{path=[/containers/b4fc7afd97457a2a6ec84592488a57f900fa52ed03fcd2dbaf8a116bc1f50ab3/json], queryParams={}}
18:30:15.189 [Test worker] DEBUG com.github.dockerjava.zerodep.shaded.org.apache.hc.client5.http.impl.classic.InternalHttpClient - ex-00000024: preparing request execution
18:30:15.189 [Test worker] DEBUG com.github.dockerjava.zerodep.shaded.org.apache.hc.client5.http.protocol.RequestAddCookies - Cookie spec selected: strict
18:30:15.189 [Test worker] DEBUG com.github.dockerjava.zerodep.shaded.org.apache.hc.client5.http.protocol.RequestAuthCache - Auth cache not set in the context
18:30:15.189 [Test worker] DEBUG com.github.dockerjava.zerodep.shaded.org.apache.hc.client5.http.impl.classic.ProtocolExec - ex-00000024: target auth state: UNCHALLENGED
18:30:15.189 [Test worker] DEBUG com.github.dockerjava.zerodep.shaded.org.apache.hc.client5.http.impl.classic.ProtocolExec - ex-00000024: proxy auth state: UNCHALLENGED
18:30:15.189 [Test worker] DEBUG com.github.dockerjava.zerodep.shaded.org.apache.hc.client5.http.impl.classic.ConnectExec - ex-00000024: acquiring connection with route {}->unix://localhost:2375
18:30:15.189 [Test worker] DEBUG com.github.dockerjava.zerodep.shaded.org.apache.hc.client5.http.impl.classic.InternalHttpClient - ex-00000024: acquiring endpoint (3 MINUTES)
18:30:15.189 [Test worker] DEBUG com.github.dockerjava.zerodep.shaded.org.apache.hc.client5.http.impl.io.PoolingHttpClientConnectionManager - ex-00000024: endpoint lease request (3 MINUTES) [route: {}->unix://localhost:2375][total available: 1; route allocated: 1 of 2147483647; total allocated: 1 of 2147483647]
18:30:15.189 [Test worker] DEBUG com.github.dockerjava.zerodep.shaded.org.apache.hc.client5.http.impl.io.PoolingHttpClientConnectionManager - ex-00000024: endpoint leased [route: {}->unix://localhost:2375][total available: 0; route allocated: 1 of 2147483647; total allocated: 1 of 2147483647]
18:30:15.189 [Test worker] DEBUG com.github.dockerjava.zerodep.shaded.org.apache.hc.client5.http.impl.io.PoolingHttpClientConnectionManager - ex-00000024: acquired ep-00000023
18:30:15.189 [Test worker] DEBUG com.github.dockerjava.zerodep.shaded.org.apache.hc.client5.http.impl.classic.InternalHttpClient - ex-00000024: acquired endpoint ep-00000023
18:30:15.189 [Test worker] DEBUG com.github.dockerjava.zerodep.shaded.org.apache.hc.client5.http.impl.classic.MainClientExec - ex-00000024: executing GET /v1.32/containers/b4fc7afd97457a2a6ec84592488a57f900fa52ed03fcd2dbaf8a116bc1f50ab3/json HTTP/1.1
18:30:15.189 [Test worker] DEBUG com.github.dockerjava.zerodep.shaded.org.apache.hc.client5.http.impl.classic.InternalHttpClient - ep-00000023: start execution ex-00000024
18:30:15.189 [Test worker] DEBUG com.github.dockerjava.zerodep.shaded.org.apache.hc.client5.http.impl.io.PoolingHttpClientConnectionManager - ep-00000023: executing exchange ex-00000024 over http-outgoing-1
18:30:15.189 [Test worker] DEBUG com.github.dockerjava.zerodep.shaded.org.apache.hc.client5.http.headers - http-outgoing-1 >> GET /v1.32/containers/b4fc7afd97457a2a6ec84592488a57f900fa52ed03fcd2dbaf8a116bc1f50ab3/json HTTP/1.1
18:30:15.190 [Test worker] DEBUG com.github.dockerjava.zerodep.shaded.org.apache.hc.client5.http.headers - http-outgoing-1 >> accept: application/json
18:30:15.190 [Test worker] DEBUG com.github.dockerjava.zerodep.shaded.org.apache.hc.client5.http.headers - http-outgoing-1 >> x-tc-sid: cdd139c9-cde1-4429-bea7-edb0e651ba16
18:30:15.190 [Test worker] DEBUG com.github.dockerjava.zerodep.shaded.org.apache.hc.client5.http.headers - http-outgoing-1 >> Accept-Encoding: gzip, x-gzip, deflate
18:30:15.190 [Test worker] DEBUG com.github.dockerjava.zerodep.shaded.org.apache.hc.client5.http.headers - http-outgoing-1 >> Host: localhost:2375
18:30:15.190 [Test worker] DEBUG com.github.dockerjava.zerodep.shaded.org.apache.hc.client5.http.headers - http-outgoing-1 >> Connection: keep-alive
18:30:15.190 [Test worker] DEBUG com.github.dockerjava.zerodep.shaded.org.apache.hc.client5.http.headers - http-outgoing-1 >> User-Agent: Apache-HttpClient/5.0.3 (Java/17.0.2)
18:30:15.190 [Test worker] DEBUG com.github.dockerjava.zerodep.shaded.org.apache.hc.client5.http.wire - http-outgoing-1 >> "GET /v1.32/containers/b4fc7afd97457a2a6ec84592488a57f900fa52ed03fcd2dbaf8a116bc1f50ab3/json HTTP/1.1[\r][\n]"
18:30:15.190 [Test worker] DEBUG com.github.dockerjava.zerodep.shaded.org.apache.hc.client5.http.wire - http-outgoing-1 >> "accept: application/json[\r][\n]"
18:30:15.190 [Test worker] DEBUG com.github.dockerjava.zerodep.shaded.org.apache.hc.client5.http.wire - http-outgoing-1 >> "x-tc-sid: cdd139c9-cde1-4429-bea7-edb0e651ba16[\r][\n]"
18:30:15.190 [Test worker] DEBUG com.github.dockerjava.zerodep.shaded.org.apache.hc.client5.http.wire - http-outgoing-1 >> "Accept-Encoding: gzip, x-gzip, deflate[\r][\n]"
18:30:15.190 [Test worker] DEBUG com.github.dockerjava.zerodep.shaded.org.apache.hc.client5.http.wire - http-outgoing-1 >> "Host: localhost:2375[\r][\n]"
18:30:15.190 [Test worker] DEBUG com.github.dockerjava.zerodep.shaded.org.apache.hc.client5.http.wire - http-outgoing-1 >> "Connection: keep-alive[\r][\n]"
18:30:15.190 [Test worker] DEBUG com.github.dockerjava.zerodep.shaded.org.apache.hc.client5.http.wire - http-outgoing-1 >> "User-Agent: Apache-HttpClient/5.0.3 (Java/17.0.2)[\r][\n]"
18:30:15.190 [Test worker] DEBUG com.github.dockerjava.zerodep.shaded.org.apache.hc.client5.http.wire - http-outgoing-1 >> "[\r][\n]"
18:30:15.191 [Test worker] DEBUG com.github.dockerjava.zerodep.shaded.org.apache.hc.client5.http.wire - http-outgoing-1 << "HTTP/1.1 200 OK[\r][\n]"
18:30:15.191 [Test worker] DEBUG com.github.dockerjava.zerodep.shaded.org.apache.hc.client5.http.wire - http-outgoing-1 << "Api-Version: 1.41[\r][\n]"
18:30:15.191 [Test worker] DEBUG com.github.dockerjava.zerodep.shaded.org.apache.hc.client5.http.wire - http-outgoing-1 << "Content-Type: application/json[\r][\n]"
18:30:15.191 [Test worker] DEBUG com.github.dockerjava.zerodep.shaded.org.apache.hc.client5.http.wire - http-outgoing-1 << "Docker-Experimental: false[\r][\n]"
18:30:15.191 [Test worker] DEBUG com.github.dockerjava.zerodep.shaded.org.apache.hc.client5.http.wire - http-outgoing-1 << "Ostype: linux[\r][\n]"
18:30:15.191 [Test worker] DEBUG com.github.dockerjava.zerodep.shaded.org.apache.hc.client5.http.wire - http-outgoing-1 << "Server: Docker/20.10.17 (linux)[\r][\n]"
18:30:15.191 [Test worker] DEBUG com.github.dockerjava.zerodep.shaded.org.apache.hc.client5.http.wire - http-outgoing-1 << "Date: Thu, 08 Dec 2022 21:30:15 GMT[\r][\n]"
18:30:15.191 [Test worker] DEBUG com.github.dockerjava.zerodep.shaded.org.apache.hc.client5.http.wire - http-outgoing-1 << "Transfer-Encoding: chunked[\r][\n]"
18:30:15.191 [Test worker] DEBUG com.github.dockerjava.zerodep.shaded.org.apache.hc.client5.http.wire - http-outgoing-1 << "[\r][\n]"
18:30:15.191 [Test worker] DEBUG com.github.dockerjava.zerodep.shaded.org.apache.hc.client5.http.wire - http-outgoing-1 << "18a6[\r][\n]"
18:30:15.191 [Test worker] DEBUG com.github.dockerjava.zerodep.shaded.org.apache.hc.client5.http.wire - http-outgoing-1 << "{"Id":"b4fc7afd97457a2a6ec84592488a57f900fa52ed03fcd2dbaf8a116bc1f50ab3","Created":"2022-12-08T21:30:11.801619537Z","Path":"docker-entrypoint.sh","Args":["mysqld"],"State":{"Status":"running","Running":true,"Paused":false,"Restarting":false,"OOMKilled":false,"Dead":false,"Pid":148084,"ExitCode":0,"Error":"","StartedAt":"2022-12-08T21:30:12.370762583Z","FinishedAt":"0001-01-01T00:00:00Z"},"Image":"sha256:7484689f290f1defe06b65befc54cb6ad91a667cf0af59a265ffe76c46bd0478","ResolvConfPath":"/var/lib/docker/containers/b4fc7afd97457a2a6ec84592488a57f900fa52ed03fcd2dbaf8a116bc1f50ab3/resolv.conf","HostnamePath":"/var/lib/docker/containers/b4fc7afd97457a2a6ec84592488a57f900fa52ed03fcd2dbaf8a116bc1f50ab3/hostname","HostsPath":"/var/lib/docker/containers/b4fc7afd97457a2a6ec84592488a57f900fa52ed03fcd2dbaf8a116bc1f50ab3/hosts","LogPath":"/var/lib/docker/containers/b4fc7afd97457a2a6ec84592488a57f900fa52ed03fcd2dbaf8a116bc1f50ab3/b4fc7afd97457a2a6ec84592488a57f900fa52ed03fcd2dbaf8a116bc1f50ab3-json.log","Name":"/agitated_ptolemy","RestartCount":0,"Driver":"overlay2","Platform":"linux","MountLabel":"","ProcessLabel":"","AppArmorProfile":"docker-default","ExecIDs":null,"HostConfig":{"Binds":[],"ContainerIDFile":"","LogConfig":{"Type":"json-file","Config":{}},"NetworkMode":"default","PortBindings":{"3306/tcp":[{"HostIp":"","HostPort":""}]},"RestartPolicy":{"Name":"","MaximumRetryCount":0},"AutoRemove":false,"VolumeDriver":"","VolumesFrom":[],"CapAdd":null,"CapDrop":null,"CgroupnsMode":"private","Dns":null,"DnsOptions":null,"DnsSearch":null,"ExtraHosts":[],"GroupAdd":null,"IpcMode":"shareable","Cgroup":"","Links":null,"OomScoreAdj":0,"PidMode":"","Privileged":false,"PublishAllPorts":false,"ReadonlyRootfs":false,"SecurityOpt":null,"UTSMode":"","UsernsMode":"","ShmSize":67108864,"Runtime":"runc","ConsoleSize":[0,0],"Isolation":"","CpuShares":0,"Memory":0,"NanoCpus":0,"CgroupParent":"","BlkioWeight":0,"BlkioWeightDevice":null,"BlkioDeviceReadBps":null,"BlkioDeviceWriteBps":null,"BlkioDeviceReadIOps":null,"BlkioDeviceWriteIOps":null,"CpuPeriod":0,"CpuQuota":0,"CpuRealtimePeriod":0,"CpuRealtimeRuntime":0,"CpusetCpus":"","CpusetMems":"","Devices":null,"DeviceCgroupRules":null,"DeviceRequests":null,"KernelMemory":0,"KernelMemoryTCP":0,"MemoryReservation":0,"MemorySwap":0,"MemorySwappiness":null,"OomKillDisable":null,"PidsLimit":null,"Ulimits":null,"CpuCount":0,"CpuPercent":0,"IOMaximumIOps":0,"IOMaximumBandwidth":0,"MaskedPaths":["/proc/asound","/proc/acpi","/proc/kcore","/proc/keys","/proc/latency_stats","/proc/timer_list","/proc/timer_stats","/proc/sched_debug","/proc/scsi","/sys/firmware"],"ReadonlyPaths":["/proc/bus","/proc/fs","/proc/irq","/proc/sys","/proc/sysrq-trigger"]},"GraphDriver":{"Data":{"LowerDir":"/var/lib/docker/overlay2/05794d51525f65619c615558ef5f93d7c33eef44e12313fdcb3942911d0b5f7d-init/diff:/var/lib/docker/overlay2/f079a69cfd5e80e906b12f05a0c7bfaabc56ce63e947db68b722ae30905f1239/diff:/var/lib/docker/overlay2/9dfb63d6bb556846a13012421dde7951ef83a14d8ce1882287cce66f0f9bd055/diff:/var/lib/docker/overlay2/c4f8874ae33ddd14488f5051cd953acc020fa00ea72d28bd530450c0bc8f9903/diff:/var/lib/docker/overlay2/992683766b46aa5653160e6a34283b579a75000e230890d0ec0a6204af735697/diff:/var/lib/docker/overlay2/6e3fba0e1d6501c91c9bec723bb1364f75599c6c2026a6dc71773c88a49f890a/diff:/var/lib/docker/overlay2/c6c2a366f45a69704761d45d296d71bf2bf315efb15cb06ad88925ed235fad81/diff:/var/lib/docker/overlay2/7555f9b18615244719d04b23296ba418195e5e569d47baf9f1da7c3f053fe194/diff:/var/lib/docker/overlay2/7752eb17f8f8ba44a5ed178f499901fa7eb6f2e031c29ab160ee4eff4db8edaa/diff:/var/lib/docker/overlay2/9683de8b3733106f256bd0eabc7cae13623b14493b9212e863449d42b8a87390/diff:/var/lib/docker/overlay2/f5e28e407d8811526fb7dd82e4fed08d5d3124c0f22f1a9496ed27b2b457d3dd/diff:/var/lib/docker/overlay2/e2980c91c6b3331cff3994ca6f327955bb5feaef0f96bc64edce80631fdbf829/diff","MergedDir":"/var/lib/docker/overlay2/05794d51525f65619c615558ef5f93d7c33eef44e12313fdcb3942911d0b5f7d/merged","UpperDir":"/var/lib/docker/overlay2/05794d51525f65619c615558ef5f93d7c33eef44e12313fdcb3942911d0b5f7d/diff","WorkDir":"/var/lib/docker/overlay2/05794d51525f65619c615558ef5f93d7c33eef44e12313fdcb3942911d0b5f7d/work"},"Name":"overlay2"},"Mounts":[{"Type":"volume","Name":"fe29345a30f82a1c969c40b069133e9d87168ce95967d67ac182ee42c059affb","Source":"/var/lib/docker/volumes/fe29345a30f82a1c969c40b069133e9d87168ce95967d67ac182ee42c059affb/_data","Destination":"/var/lib/mysql","Driver":"local","Mode":"","RW":true,"Propagation":""}],"Config":{"Hostname":"b4fc7afd9745","Domainname":"","User":"","AttachStdin":false,"AttachStdout":false,"AttachStderr":false,"ExposedPorts":{"3306/tcp":{},"33060/tcp":{}},"Tty":false,"OpenStdin":false,"StdinOnce":false,"Env":["MYSQL_DATABASE=adm_videos","MYSQL_PASSWORD=123456","MYSQL_ROOT_PASSWORD=123456","PATH=/usr/local/sbin:/usr/local/bin:/usr/sbin:/usr/bin:/sbin:/bin","GOSU_VERSION=1.14","MYSQL_MAJOR=8.0","MYSQL_VERSION=8.0.31-1.el8","MYSQL_SHELL_VERSION=8.0.31-1.el8"],"Cmd":["mysqld"],"Image":"mysql:latest","Volumes":{"/var/lib/mysql":{}},"WorkingDir":"","Entrypoint":["docker-entrypoint.sh"],"OnBuild":null,"Labels":{"org.testcontainers":"true","org.testcontainers.sessionId":"cdd139c9-cde1-4429-bea7-edb0e651ba16"}},"NetworkSettings":{"Bridge":"","SandboxID":"8404ec7d59006489fa5b6638879180586e9aa24c1c3ae79d40e26a8f453c93b1","HairpinMode":false,"LinkLocalIPv6Address":"","LinkLocalIPv6PrefixLen":0,"Ports":{"3306/tcp":[{"HostIp":"0.0.0.0","HostPort":"49156"},{"HostIp":"::","HostPort":"49156"}],"33060/tcp":null},"SandboxKey":"/var/run/docker/netns/8404ec7d5900","SecondaryIPAddresses":null,"SecondaryIPv6Addresses":null,"EndpointID":"28c851b70d88131a783e3d87b7c50320df5f3250ebca621b1b39353a2424212a","Gateway":"172.17.0.1","GlobalIPv6Address":"","GlobalIPv6PrefixLen":0,"IPAddress":"172.17.0.3","IPPrefixLen":16,"IPv6Gateway":"","MacAddress":"02:42:ac:11:00:03","Networks":{"bridge":{"IPAMConfig":null,"Links":null,"Aliases":null,"NetworkID":"bf06afe94eca8b5ab91eae0dbaa8561a6dd16832d429dcdbaa7ed1e003cfbe56","EndpointID":"28c851b70d88131a783e3d87b7c50320df5f3250ebca621b1b39353a2424212a","Gateway":"172.17.0.1","IPAddress":"172.17.0.3","IPPrefixLen":16,"IPv6Gateway":"","GlobalIPv6Address":"","GlobalIPv6PrefixLen":0,"MacAddress":"02:42:ac:11:00:03","DriverOpts":null}}}}[\n]"
18:30:15.191 [Test worker] DEBUG com.github.dockerjava.zerodep.shaded.org.apache.hc.client5.http.wire - http-outgoing-1 << "[\r][\n]"
18:30:15.191 [Test worker] DEBUG com.github.dockerjava.zerodep.shaded.org.apache.hc.client5.http.wire - http-outgoing-1 << "0[\r][\n]"
18:30:15.191 [Test worker] DEBUG com.github.dockerjava.zerodep.shaded.org.apache.hc.client5.http.wire - http-outgoing-1 << "[\r][\n]"
18:30:15.191 [Test worker] DEBUG com.github.dockerjava.zerodep.shaded.org.apache.hc.client5.http.headers - http-outgoing-1 << HTTP/1.1 200 OK
18:30:15.191 [Test worker] DEBUG com.github.dockerjava.zerodep.shaded.org.apache.hc.client5.http.headers - http-outgoing-1 << Api-Version: 1.41
18:30:15.191 [Test worker] DEBUG com.github.dockerjava.zerodep.shaded.org.apache.hc.client5.http.headers - http-outgoing-1 << Content-Type: application/json
18:30:15.191 [Test worker] DEBUG com.github.dockerjava.zerodep.shaded.org.apache.hc.client5.http.headers - http-outgoing-1 << Docker-Experimental: false
18:30:15.191 [Test worker] DEBUG com.github.dockerjava.zerodep.shaded.org.apache.hc.client5.http.headers - http-outgoing-1 << Ostype: linux
18:30:15.191 [Test worker] DEBUG com.github.dockerjava.zerodep.shaded.org.apache.hc.client5.http.headers - http-outgoing-1 << Server: Docker/20.10.17 (linux)
18:30:15.191 [Test worker] DEBUG com.github.dockerjava.zerodep.shaded.org.apache.hc.client5.http.headers - http-outgoing-1 << Date: Thu, 08 Dec 2022 21:30:15 GMT
18:30:15.191 [Test worker] DEBUG com.github.dockerjava.zerodep.shaded.org.apache.hc.client5.http.headers - http-outgoing-1 << Transfer-Encoding: chunked
18:30:15.192 [Test worker] DEBUG com.github.dockerjava.zerodep.shaded.org.apache.hc.client5.http.impl.classic.MainClientExec - ex-00000024: connection can be kept alive for 3 MINUTES
18:30:15.193 [Test worker] DEBUG com.github.dockerjava.zerodep.shaded.org.apache.hc.client5.http.impl.classic.InternalHttpClient - ep-00000023: releasing valid endpoint
18:30:15.193 [Test worker] DEBUG com.github.dockerjava.zerodep.shaded.org.apache.hc.client5.http.impl.io.PoolingHttpClientConnectionManager - ep-00000023: releasing endpoint
18:30:15.193 [Test worker] DEBUG com.github.dockerjava.zerodep.shaded.org.apache.hc.client5.http.impl.io.PoolingHttpClientConnectionManager - ep-00000023: connection http-outgoing-1 can be kept alive for 3 MINUTES
18:30:15.193 [Test worker] DEBUG com.github.dockerjava.zerodep.shaded.org.apache.hc.client5.http.impl.io.PoolingHttpClientConnectionManager - ep-00000023: connection released [route: {}->unix://localhost:2375][total available: 1; route allocated: 1 of 2147483647; total allocated: 1 of 2147483647]
18:30:15.193 [Test worker] DEBUG ]]>&#x1f433;<![CDATA[ [mysql:latest] - Trying to create JDBC connection using com.mysql.cj.jdbc.Driver to jdbc:mysql://localhost:49156/adm_videos?useSSL=false&allowPublicKeyRetrieval=true with properties: {password=123456, user=root}
18:30:15.295 [Test worker] DEBUG org.testcontainers.shaded.com.github.dockerjava.core.command.AbstrDockerCmd - Cmd: b4fc7afd97457a2a6ec84592488a57f900fa52ed03fcd2dbaf8a116bc1f50ab3,false
18:30:15.295 [Test worker] DEBUG org.testcontainers.shaded.com.github.dockerjava.core.exec.InspectContainerCmdExec - GET: DefaultWebTarget{path=[/containers/b4fc7afd97457a2a6ec84592488a57f900fa52ed03fcd2dbaf8a116bc1f50ab3/json], queryParams={}}
18:30:15.296 [Test worker] DEBUG com.github.dockerjava.zerodep.shaded.org.apache.hc.client5.http.impl.classic.InternalHttpClient - ex-00000025: preparing request execution
18:30:15.297 [Test worker] DEBUG com.github.dockerjava.zerodep.shaded.org.apache.hc.client5.http.protocol.RequestAddCookies - Cookie spec selected: strict
18:30:15.297 [Test worker] DEBUG com.github.dockerjava.zerodep.shaded.org.apache.hc.client5.http.protocol.RequestAuthCache - Auth cache not set in the context
18:30:15.297 [Test worker] DEBUG com.github.dockerjava.zerodep.shaded.org.apache.hc.client5.http.impl.classic.ProtocolExec - ex-00000025: target auth state: UNCHALLENGED
18:30:15.297 [Test worker] DEBUG com.github.dockerjava.zerodep.shaded.org.apache.hc.client5.http.impl.classic.ProtocolExec - ex-00000025: proxy auth state: UNCHALLENGED
18:30:15.297 [Test worker] DEBUG com.github.dockerjava.zerodep.shaded.org.apache.hc.client5.http.impl.classic.ConnectExec - ex-00000025: acquiring connection with route {}->unix://localhost:2375
18:30:15.297 [Test worker] DEBUG com.github.dockerjava.zerodep.shaded.org.apache.hc.client5.http.impl.classic.InternalHttpClient - ex-00000025: acquiring endpoint (3 MINUTES)
18:30:15.297 [Test worker] DEBUG com.github.dockerjava.zerodep.shaded.org.apache.hc.client5.http.impl.io.PoolingHttpClientConnectionManager - ex-00000025: endpoint lease request (3 MINUTES) [route: {}->unix://localhost:2375][total available: 1; route allocated: 1 of 2147483647; total allocated: 1 of 2147483647]
18:30:15.297 [Test worker] DEBUG com.github.dockerjava.zerodep.shaded.org.apache.hc.client5.http.impl.io.PoolingHttpClientConnectionManager - ex-00000025: endpoint leased [route: {}->unix://localhost:2375][total available: 0; route allocated: 1 of 2147483647; total allocated: 1 of 2147483647]
18:30:15.297 [Test worker] DEBUG com.github.dockerjava.zerodep.shaded.org.apache.hc.client5.http.impl.io.PoolingHttpClientConnectionManager - ex-00000025: acquired ep-00000024
18:30:15.297 [Test worker] DEBUG com.github.dockerjava.zerodep.shaded.org.apache.hc.client5.http.impl.classic.InternalHttpClient - ex-00000025: acquired endpoint ep-00000024
18:30:15.297 [Test worker] DEBUG com.github.dockerjava.zerodep.shaded.org.apache.hc.client5.http.impl.classic.MainClientExec - ex-00000025: executing GET /v1.32/containers/b4fc7afd97457a2a6ec84592488a57f900fa52ed03fcd2dbaf8a116bc1f50ab3/json HTTP/1.1
18:30:15.297 [Test worker] DEBUG com.github.dockerjava.zerodep.shaded.org.apache.hc.client5.http.impl.classic.InternalHttpClient - ep-00000024: start execution ex-00000025
18:30:15.297 [Test worker] DEBUG com.github.dockerjava.zerodep.shaded.org.apache.hc.client5.http.impl.io.PoolingHttpClientConnectionManager - ep-00000024: executing exchange ex-00000025 over http-outgoing-1
18:30:15.297 [Test worker] DEBUG com.github.dockerjava.zerodep.shaded.org.apache.hc.client5.http.headers - http-outgoing-1 >> GET /v1.32/containers/b4fc7afd97457a2a6ec84592488a57f900fa52ed03fcd2dbaf8a116bc1f50ab3/json HTTP/1.1
18:30:15.297 [Test worker] DEBUG com.github.dockerjava.zerodep.shaded.org.apache.hc.client5.http.headers - http-outgoing-1 >> accept: application/json
18:30:15.297 [Test worker] DEBUG com.github.dockerjava.zerodep.shaded.org.apache.hc.client5.http.headers - http-outgoing-1 >> x-tc-sid: cdd139c9-cde1-4429-bea7-edb0e651ba16
18:30:15.297 [Test worker] DEBUG com.github.dockerjava.zerodep.shaded.org.apache.hc.client5.http.headers - http-outgoing-1 >> Accept-Encoding: gzip, x-gzip, deflate
18:30:15.297 [Test worker] DEBUG com.github.dockerjava.zerodep.shaded.org.apache.hc.client5.http.headers - http-outgoing-1 >> Host: localhost:2375
18:30:15.297 [Test worker] DEBUG com.github.dockerjava.zerodep.shaded.org.apache.hc.client5.http.headers - http-outgoing-1 >> Connection: keep-alive
18:30:15.297 [Test worker] DEBUG com.github.dockerjava.zerodep.shaded.org.apache.hc.client5.http.headers - http-outgoing-1 >> User-Agent: Apache-HttpClient/5.0.3 (Java/17.0.2)
18:30:15.297 [Test worker] DEBUG com.github.dockerjava.zerodep.shaded.org.apache.hc.client5.http.wire - http-outgoing-1 >> "GET /v1.32/containers/b4fc7afd97457a2a6ec84592488a57f900fa52ed03fcd2dbaf8a116bc1f50ab3/json HTTP/1.1[\r][\n]"
18:30:15.297 [Test worker] DEBUG com.github.dockerjava.zerodep.shaded.org.apache.hc.client5.http.wire - http-outgoing-1 >> "accept: application/json[\r][\n]"
18:30:15.297 [Test worker] DEBUG com.github.dockerjava.zerodep.shaded.org.apache.hc.client5.http.wire - http-outgoing-1 >> "x-tc-sid: cdd139c9-cde1-4429-bea7-edb0e651ba16[\r][\n]"
18:30:15.297 [Test worker] DEBUG com.github.dockerjava.zerodep.shaded.org.apache.hc.client5.http.wire - http-outgoing-1 >> "Accept-Encoding: gzip, x-gzip, deflate[\r][\n]"
18:30:15.297 [Test worker] DEBUG com.github.dockerjava.zerodep.shaded.org.apache.hc.client5.http.wire - http-outgoing-1 >> "Host: localhost:2375[\r][\n]"
18:30:15.297 [Test worker] DEBUG com.github.dockerjava.zerodep.shaded.org.apache.hc.client5.http.wire - http-outgoing-1 >> "Connection: keep-alive[\r][\n]"
18:30:15.297 [Test worker] DEBUG com.github.dockerjava.zerodep.shaded.org.apache.hc.client5.http.wire - http-outgoing-1 >> "User-Agent: Apache-HttpClient/5.0.3 (Java/17.0.2)[\r][\n]"
18:30:15.297 [Test worker] DEBUG com.github.dockerjava.zerodep.shaded.org.apache.hc.client5.http.wire - http-outgoing-1 >> "[\r][\n]"
18:30:15.298 [Test worker] DEBUG com.github.dockerjava.zerodep.shaded.org.apache.hc.client5.http.wire - http-outgoing-1 << "HTTP/1.1 200 OK[\r][\n]"
18:30:15.298 [Test worker] DEBUG com.github.dockerjava.zerodep.shaded.org.apache.hc.client5.http.wire - http-outgoing-1 << "Api-Version: 1.41[\r][\n]"
18:30:15.298 [Test worker] DEBUG com.github.dockerjava.zerodep.shaded.org.apache.hc.client5.http.wire - http-outgoing-1 << "Content-Type: application/json[\r][\n]"
18:30:15.298 [Test worker] DEBUG com.github.dockerjava.zerodep.shaded.org.apache.hc.client5.http.wire - http-outgoing-1 << "Docker-Experimental: false[\r][\n]"
18:30:15.298 [Test worker] DEBUG com.github.dockerjava.zerodep.shaded.org.apache.hc.client5.http.wire - http-outgoing-1 << "Ostype: linux[\r][\n]"
18:30:15.298 [Test worker] DEBUG com.github.dockerjava.zerodep.shaded.org.apache.hc.client5.http.wire - http-outgoing-1 << "Server: Docker/20.10.17 (linux)[\r][\n]"
18:30:15.298 [Test worker] DEBUG com.github.dockerjava.zerodep.shaded.org.apache.hc.client5.http.wire - http-outgoing-1 << "Date: Thu, 08 Dec 2022 21:30:15 GMT[\r][\n]"
18:30:15.298 [Test worker] DEBUG com.github.dockerjava.zerodep.shaded.org.apache.hc.client5.http.wire - http-outgoing-1 << "Transfer-Encoding: chunked[\r][\n]"
18:30:15.298 [Test worker] DEBUG com.github.dockerjava.zerodep.shaded.org.apache.hc.client5.http.wire - http-outgoing-1 << "[\r][\n]"
18:30:15.298 [Test worker] DEBUG com.github.dockerjava.zerodep.shaded.org.apache.hc.client5.http.wire - http-outgoing-1 << "18a6[\r][\n]"
18:30:15.298 [Test worker] DEBUG com.github.dockerjava.zerodep.shaded.org.apache.hc.client5.http.wire - http-outgoing-1 << "{"Id":"b4fc7afd97457a2a6ec84592488a57f900fa52ed03fcd2dbaf8a116bc1f50ab3","Created":"2022-12-08T21:30:11.801619537Z","Path":"docker-entrypoint.sh","Args":["mysqld"],"State":{"Status":"running","Running":true,"Paused":false,"Restarting":false,"OOMKilled":false,"Dead":false,"Pid":148084,"ExitCode":0,"Error":"","StartedAt":"2022-12-08T21:30:12.370762583Z","FinishedAt":"0001-01-01T00:00:00Z"},"Image":"sha256:7484689f290f1defe06b65befc54cb6ad91a667cf0af59a265ffe76c46bd0478","ResolvConfPath":"/var/lib/docker/containers/b4fc7afd97457a2a6ec84592488a57f900fa52ed03fcd2dbaf8a116bc1f50ab3/resolv.conf","HostnamePath":"/var/lib/docker/containers/b4fc7afd97457a2a6ec84592488a57f900fa52ed03fcd2dbaf8a116bc1f50ab3/hostname","HostsPath":"/var/lib/docker/containers/b4fc7afd97457a2a6ec84592488a57f900fa52ed03fcd2dbaf8a116bc1f50ab3/hosts","LogPath":"/var/lib/docker/containers/b4fc7afd97457a2a6ec84592488a57f900fa52ed03fcd2dbaf8a116bc1f50ab3/b4fc7afd97457a2a6ec84592488a57f900fa52ed03fcd2dbaf8a116bc1f50ab3-json.log","Name":"/agitated_ptolemy","RestartCount":0,"Driver":"overlay2","Platform":"linux","MountLabel":"","ProcessLabel":"","AppArmorProfile":"docker-default","ExecIDs":null,"HostConfig":{"Binds":[],"ContainerIDFile":"","LogConfig":{"Type":"json-file","Config":{}},"NetworkMode":"default","PortBindings":{"3306/tcp":[{"HostIp":"","HostPort":""}]},"RestartPolicy":{"Name":"","MaximumRetryCount":0},"AutoRemove":false,"VolumeDriver":"","VolumesFrom":[],"CapAdd":null,"CapDrop":null,"CgroupnsMode":"private","Dns":null,"DnsOptions":null,"DnsSearch":null,"ExtraHosts":[],"GroupAdd":null,"IpcMode":"shareable","Cgroup":"","Links":null,"OomScoreAdj":0,"PidMode":"","Privileged":false,"PublishAllPorts":false,"ReadonlyRootfs":false,"SecurityOpt":null,"UTSMode":"","UsernsMode":"","ShmSize":67108864,"Runtime":"runc","ConsoleSize":[0,0],"Isolation":"","CpuShares":0,"Memory":0,"NanoCpus":0,"CgroupParent":"","BlkioWeight":0,"BlkioWeightDevice":null,"BlkioDeviceReadBps":null,"BlkioDeviceWriteBps":null,"BlkioDeviceReadIOps":null,"BlkioDeviceWriteIOps":null,"CpuPeriod":0,"CpuQuota":0,"CpuRealtimePeriod":0,"CpuRealtimeRuntime":0,"CpusetCpus":"","CpusetMems":"","Devices":null,"DeviceCgroupRules":null,"DeviceRequests":null,"KernelMemory":0,"KernelMemoryTCP":0,"MemoryReservation":0,"MemorySwap":0,"MemorySwappiness":null,"OomKillDisable":null,"PidsLimit":null,"Ulimits":null,"CpuCount":0,"CpuPercent":0,"IOMaximumIOps":0,"IOMaximumBandwidth":0,"MaskedPaths":["/proc/asound","/proc/acpi","/proc/kcore","/proc/keys","/proc/latency_stats","/proc/timer_list","/proc/timer_stats","/proc/sched_debug","/proc/scsi","/sys/firmware"],"ReadonlyPaths":["/proc/bus","/proc/fs","/proc/irq","/proc/sys","/proc/sysrq-trigger"]},"GraphDriver":{"Data":{"LowerDir":"/var/lib/docker/overlay2/05794d51525f65619c615558ef5f93d7c33eef44e12313fdcb3942911d0b5f7d-init/diff:/var/lib/docker/overlay2/f079a69cfd5e80e906b12f05a0c7bfaabc56ce63e947db68b722ae30905f1239/diff:/var/lib/docker/overlay2/9dfb63d6bb556846a13012421dde7951ef83a14d8ce1882287cce66f0f9bd055/diff:/var/lib/docker/overlay2/c4f8874ae33ddd14488f5051cd953acc020fa00ea72d28bd530450c0bc8f9903/diff:/var/lib/docker/overlay2/992683766b46aa5653160e6a34283b579a75000e230890d0ec0a6204af735697/diff:/var/lib/docker/overlay2/6e3fba0e1d6501c91c9bec723bb1364f75599c6c2026a6dc71773c88a49f890a/diff:/var/lib/docker/overlay2/c6c2a366f45a69704761d45d296d71bf2bf315efb15cb06ad88925ed235fad81/diff:/var/lib/docker/overlay2/7555f9b18615244719d04b23296ba418195e5e569d47baf9f1da7c3f053fe194/diff:/var/lib/docker/overlay2/7752eb17f8f8ba44a5ed178f499901fa7eb6f2e031c29ab160ee4eff4db8edaa/diff:/var/lib/docker/overlay2/9683de8b3733106f256bd0eabc7cae13623b14493b9212e863449d42b8a87390/diff:/var/lib/docker/overlay2/f5e28e407d8811526fb7dd82e4fed08d5d3124c0f22f1a9496ed27b2b457d3dd/diff:/var/lib/docker/overlay2/e2980c91c6b3331cff3994ca6f327955bb5feaef0f96bc64edce80631fdbf829/diff","MergedDir":"/var/lib/docker/overlay2/05794d51525f65619c615558ef5f93d7c33eef44e12313fdcb3942911d0b5f7d/merged","UpperDir":"/var/lib/docker/overlay2/05794d51525f65619c615558ef5f93d7c33eef44e12313fdcb3942911d0b5f7d/diff","WorkDir":"/var/lib/docker/overlay2/05794d51525f65619c615558ef5f93d7c33eef44e12313fdcb3942911d0b5f7d/work"},"Name":"overlay2"},"Mounts":[{"Type":"volume","Name":"fe29345a30f82a1c969c40b069133e9d87168ce95967d67ac182ee42c059affb","Source":"/var/lib/docker/volumes/fe29345a30f82a1c969c40b069133e9d87168ce95967d67ac182ee42c059affb/_data","Destination":"/var/lib/mysql","Driver":"local","Mode":"","RW":true,"Propagation":""}],"Config":{"Hostname":"b4fc7afd9745","Domainname":"","User":"","AttachStdin":false,"AttachStdout":false,"AttachStderr":false,"ExposedPorts":{"3306/tcp":{},"33060/tcp":{}},"Tty":false,"OpenStdin":false,"StdinOnce":false,"Env":["MYSQL_DATABASE=adm_videos","MYSQL_PASSWORD=123456","MYSQL_ROOT_PASSWORD=123456","PATH=/usr/local/sbin:/usr/local/bin:/usr/sbin:/usr/bin:/sbin:/bin","GOSU_VERSION=1.14","MYSQL_MAJOR=8.0","MYSQL_VERSION=8.0.31-1.el8","MYSQL_SHELL_VERSION=8.0.31-1.el8"],"Cmd":["mysqld"],"Image":"mysql:latest","Volumes":{"/var/lib/mysql":{}},"WorkingDir":"","Entrypoint":["docker-entrypoint.sh"],"OnBuild":null,"Labels":{"org.testcontainers":"true","org.testcontainers.sessionId":"cdd139c9-cde1-4429-bea7-edb0e651ba16"}},"NetworkSettings":{"Bridge":"","SandboxID":"8404ec7d59006489fa5b6638879180586e9aa24c1c3ae79d40e26a8f453c93b1","HairpinMode":false,"LinkLocalIPv6Address":"","LinkLocalIPv6PrefixLen":0,"Ports":{"3306/tcp":[{"HostIp":"0.0.0.0","HostPort":"49156"},{"HostIp":"::","HostPort":"49156"}],"33060/tcp":null},"SandboxKey":"/var/run/docker/netns/8404ec7d5900","SecondaryIPAddresses":null,"SecondaryIPv6Addresses":null,"EndpointID":"28c851b70d88131a783e3d87b7c50320df5f3250ebca621b1b39353a2424212a","Gateway":"172.17.0.1","GlobalIPv6Address":"","GlobalIPv6PrefixLen":0,"IPAddress":"172.17.0.3","IPPrefixLen":16,"IPv6Gateway":"","MacAddress":"02:42:ac:11:00:03","Networks":{"bridge":{"IPAMConfig":null,"Links":null,"Aliases":null,"NetworkID":"bf06afe94eca8b5ab91eae0dbaa8561a6dd16832d429dcdbaa7ed1e003cfbe56","EndpointID":"28c851b70d88131a783e3d87b7c50320df5f3250ebca621b1b39353a2424212a","Gateway":"172.17.0.1","IPAddress":"172.17.0.3","IPPrefixLen":16,"IPv6Gateway":"","GlobalIPv6Address":"","GlobalIPv6PrefixLen":0,"MacAddress":"02:42:ac:11:00:03","DriverOpts":null}}}}[\n]"
18:30:15.298 [Test worker] DEBUG com.github.dockerjava.zerodep.shaded.org.apache.hc.client5.http.wire - http-outgoing-1 << "[\r][\n]"
18:30:15.298 [Test worker] DEBUG com.github.dockerjava.zerodep.shaded.org.apache.hc.client5.http.wire - http-outgoing-1 << "0[\r][\n]"
18:30:15.298 [Test worker] DEBUG com.github.dockerjava.zerodep.shaded.org.apache.hc.client5.http.wire - http-outgoing-1 << "[\r][\n]"
18:30:15.298 [Test worker] DEBUG com.github.dockerjava.zerodep.shaded.org.apache.hc.client5.http.headers - http-outgoing-1 << HTTP/1.1 200 OK
18:30:15.299 [Test worker] DEBUG com.github.dockerjava.zerodep.shaded.org.apache.hc.client5.http.headers - http-outgoing-1 << Api-Version: 1.41
18:30:15.299 [Test worker] DEBUG com.github.dockerjava.zerodep.shaded.org.apache.hc.client5.http.headers - http-outgoing-1 << Content-Type: application/json
18:30:15.299 [Test worker] DEBUG com.github.dockerjava.zerodep.shaded.org.apache.hc.client5.http.headers - http-outgoing-1 << Docker-Experimental: false
18:30:15.299 [Test worker] DEBUG com.github.dockerjava.zerodep.shaded.org.apache.hc.client5.http.headers - http-outgoing-1 << Ostype: linux
18:30:15.299 [Test worker] DEBUG com.github.dockerjava.zerodep.shaded.org.apache.hc.client5.http.headers - http-outgoing-1 << Server: Docker/20.10.17 (linux)
18:30:15.299 [Test worker] DEBUG com.github.dockerjava.zerodep.shaded.org.apache.hc.client5.http.headers - http-outgoing-1 << Date: Thu, 08 Dec 2022 21:30:15 GMT
18:30:15.299 [Test worker] DEBUG com.github.dockerjava.zerodep.shaded.org.apache.hc.client5.http.headers - http-outgoing-1 << Transfer-Encoding: chunked
18:30:15.299 [Test worker] DEBUG com.github.dockerjava.zerodep.shaded.org.apache.hc.client5.http.impl.classic.MainClientExec - ex-00000025: connection can be kept alive for 3 MINUTES
18:30:15.300 [Test worker] DEBUG com.github.dockerjava.zerodep.shaded.org.apache.hc.client5.http.impl.classic.InternalHttpClient - ep-00000024: releasing valid endpoint
18:30:15.300 [Test worker] DEBUG com.github.dockerjava.zerodep.shaded.org.apache.hc.client5.http.impl.io.PoolingHttpClientConnectionManager - ep-00000024: releasing endpoint
18:30:15.300 [Test worker] DEBUG com.github.dockerjava.zerodep.shaded.org.apache.hc.client5.http.impl.io.PoolingHttpClientConnectionManager - ep-00000024: connection http-outgoing-1 can be kept alive for 3 MINUTES
18:30:15.300 [Test worker] DEBUG com.github.dockerjava.zerodep.shaded.org.apache.hc.client5.http.impl.io.PoolingHttpClientConnectionManager - ep-00000024: connection released [route: {}->unix://localhost:2375][total available: 1; route allocated: 1 of 2147483647; total allocated: 1 of 2147483647]
18:30:15.300 [Test worker] DEBUG ]]>&#x1f433;<![CDATA[ [mysql:latest] - Trying to create JDBC connection using com.mysql.cj.jdbc.Driver to jdbc:mysql://localhost:49156/adm_videos?useSSL=false&allowPublicKeyRetrieval=true with properties: {password=123456, user=root}
18:30:15.402 [Test worker] DEBUG org.testcontainers.shaded.com.github.dockerjava.core.command.AbstrDockerCmd - Cmd: b4fc7afd97457a2a6ec84592488a57f900fa52ed03fcd2dbaf8a116bc1f50ab3,false
18:30:15.402 [Test worker] DEBUG org.testcontainers.shaded.com.github.dockerjava.core.exec.InspectContainerCmdExec - GET: DefaultWebTarget{path=[/containers/b4fc7afd97457a2a6ec84592488a57f900fa52ed03fcd2dbaf8a116bc1f50ab3/json], queryParams={}}
18:30:15.402 [Test worker] DEBUG com.github.dockerjava.zerodep.shaded.org.apache.hc.client5.http.impl.classic.InternalHttpClient - ex-00000026: preparing request execution
18:30:15.402 [Test worker] DEBUG com.github.dockerjava.zerodep.shaded.org.apache.hc.client5.http.protocol.RequestAddCookies - Cookie spec selected: strict
18:30:15.402 [Test worker] DEBUG com.github.dockerjava.zerodep.shaded.org.apache.hc.client5.http.protocol.RequestAuthCache - Auth cache not set in the context
18:30:15.402 [Test worker] DEBUG com.github.dockerjava.zerodep.shaded.org.apache.hc.client5.http.impl.classic.ProtocolExec - ex-00000026: target auth state: UNCHALLENGED
18:30:15.402 [Test worker] DEBUG com.github.dockerjava.zerodep.shaded.org.apache.hc.client5.http.impl.classic.ProtocolExec - ex-00000026: proxy auth state: UNCHALLENGED
18:30:15.402 [Test worker] DEBUG com.github.dockerjava.zerodep.shaded.org.apache.hc.client5.http.impl.classic.ConnectExec - ex-00000026: acquiring connection with route {}->unix://localhost:2375
18:30:15.402 [Test worker] DEBUG com.github.dockerjava.zerodep.shaded.org.apache.hc.client5.http.impl.classic.InternalHttpClient - ex-00000026: acquiring endpoint (3 MINUTES)
18:30:15.403 [Test worker] DEBUG com.github.dockerjava.zerodep.shaded.org.apache.hc.client5.http.impl.io.PoolingHttpClientConnectionManager - ex-00000026: endpoint lease request (3 MINUTES) [route: {}->unix://localhost:2375][total available: 1; route allocated: 1 of 2147483647; total allocated: 1 of 2147483647]
18:30:15.403 [Test worker] DEBUG com.github.dockerjava.zerodep.shaded.org.apache.hc.client5.http.impl.io.PoolingHttpClientConnectionManager - ex-00000026: endpoint leased [route: {}->unix://localhost:2375][total available: 0; route allocated: 1 of 2147483647; total allocated: 1 of 2147483647]
18:30:15.403 [Test worker] DEBUG com.github.dockerjava.zerodep.shaded.org.apache.hc.client5.http.impl.io.PoolingHttpClientConnectionManager - ex-00000026: acquired ep-00000025
18:30:15.403 [Test worker] DEBUG com.github.dockerjava.zerodep.shaded.org.apache.hc.client5.http.impl.classic.InternalHttpClient - ex-00000026: acquired endpoint ep-00000025
18:30:15.403 [Test worker] DEBUG com.github.dockerjava.zerodep.shaded.org.apache.hc.client5.http.impl.classic.MainClientExec - ex-00000026: executing GET /v1.32/containers/b4fc7afd97457a2a6ec84592488a57f900fa52ed03fcd2dbaf8a116bc1f50ab3/json HTTP/1.1
18:30:15.403 [Test worker] DEBUG com.github.dockerjava.zerodep.shaded.org.apache.hc.client5.http.impl.classic.InternalHttpClient - ep-00000025: start execution ex-00000026
18:30:15.403 [Test worker] DEBUG com.github.dockerjava.zerodep.shaded.org.apache.hc.client5.http.impl.io.PoolingHttpClientConnectionManager - ep-00000025: executing exchange ex-00000026 over http-outgoing-1
18:30:15.403 [Test worker] DEBUG com.github.dockerjava.zerodep.shaded.org.apache.hc.client5.http.headers - http-outgoing-1 >> GET /v1.32/containers/b4fc7afd97457a2a6ec84592488a57f900fa52ed03fcd2dbaf8a116bc1f50ab3/json HTTP/1.1
18:30:15.403 [Test worker] DEBUG com.github.dockerjava.zerodep.shaded.org.apache.hc.client5.http.headers - http-outgoing-1 >> accept: application/json
18:30:15.403 [Test worker] DEBUG com.github.dockerjava.zerodep.shaded.org.apache.hc.client5.http.headers - http-outgoing-1 >> x-tc-sid: cdd139c9-cde1-4429-bea7-edb0e651ba16
18:30:15.403 [Test worker] DEBUG com.github.dockerjava.zerodep.shaded.org.apache.hc.client5.http.headers - http-outgoing-1 >> Accept-Encoding: gzip, x-gzip, deflate
18:30:15.403 [Test worker] DEBUG com.github.dockerjava.zerodep.shaded.org.apache.hc.client5.http.headers - http-outgoing-1 >> Host: localhost:2375
18:30:15.403 [Test worker] DEBUG com.github.dockerjava.zerodep.shaded.org.apache.hc.client5.http.headers - http-outgoing-1 >> Connection: keep-alive
18:30:15.403 [Test worker] DEBUG com.github.dockerjava.zerodep.shaded.org.apache.hc.client5.http.headers - http-outgoing-1 >> User-Agent: Apache-HttpClient/5.0.3 (Java/17.0.2)
18:30:15.403 [Test worker] DEBUG com.github.dockerjava.zerodep.shaded.org.apache.hc.client5.http.wire - http-outgoing-1 >> "GET /v1.32/containers/b4fc7afd97457a2a6ec84592488a57f900fa52ed03fcd2dbaf8a116bc1f50ab3/json HTTP/1.1[\r][\n]"
18:30:15.403 [Test worker] DEBUG com.github.dockerjava.zerodep.shaded.org.apache.hc.client5.http.wire - http-outgoing-1 >> "accept: application/json[\r][\n]"
18:30:15.403 [Test worker] DEBUG com.github.dockerjava.zerodep.shaded.org.apache.hc.client5.http.wire - http-outgoing-1 >> "x-tc-sid: cdd139c9-cde1-4429-bea7-edb0e651ba16[\r][\n]"
18:30:15.403 [Test worker] DEBUG com.github.dockerjava.zerodep.shaded.org.apache.hc.client5.http.wire - http-outgoing-1 >> "Accept-Encoding: gzip, x-gzip, deflate[\r][\n]"
18:30:15.403 [Test worker] DEBUG com.github.dockerjava.zerodep.shaded.org.apache.hc.client5.http.wire - http-outgoing-1 >> "Host: localhost:2375[\r][\n]"
18:30:15.403 [Test worker] DEBUG com.github.dockerjava.zerodep.shaded.org.apache.hc.client5.http.wire - http-outgoing-1 >> "Connection: keep-alive[\r][\n]"
18:30:15.403 [Test worker] DEBUG com.github.dockerjava.zerodep.shaded.org.apache.hc.client5.http.wire - http-outgoing-1 >> "User-Agent: Apache-HttpClient/5.0.3 (Java/17.0.2)[\r][\n]"
18:30:15.403 [Test worker] DEBUG com.github.dockerjava.zerodep.shaded.org.apache.hc.client5.http.wire - http-outgoing-1 >> "[\r][\n]"
18:30:15.404 [Test worker] DEBUG com.github.dockerjava.zerodep.shaded.org.apache.hc.client5.http.wire - http-outgoing-1 << "HTTP/1.1 200 OK[\r][\n]"
18:30:15.404 [Test worker] DEBUG com.github.dockerjava.zerodep.shaded.org.apache.hc.client5.http.wire - http-outgoing-1 << "Api-Version: 1.41[\r][\n]"
18:30:15.404 [Test worker] DEBUG com.github.dockerjava.zerodep.shaded.org.apache.hc.client5.http.wire - http-outgoing-1 << "Content-Type: application/json[\r][\n]"
18:30:15.404 [Test worker] DEBUG com.github.dockerjava.zerodep.shaded.org.apache.hc.client5.http.wire - http-outgoing-1 << "Docker-Experimental: false[\r][\n]"
18:30:15.404 [Test worker] DEBUG com.github.dockerjava.zerodep.shaded.org.apache.hc.client5.http.wire - http-outgoing-1 << "Ostype: linux[\r][\n]"
18:30:15.404 [Test worker] DEBUG com.github.dockerjava.zerodep.shaded.org.apache.hc.client5.http.wire - http-outgoing-1 << "Server: Docker/20.10.17 (linux)[\r][\n]"
18:30:15.404 [Test worker] DEBUG com.github.dockerjava.zerodep.shaded.org.apache.hc.client5.http.wire - http-outgoing-1 << "Date: Thu, 08 Dec 2022 21:30:15 GMT[\r][\n]"
18:30:15.404 [Test worker] DEBUG com.github.dockerjava.zerodep.shaded.org.apache.hc.client5.http.wire - http-outgoing-1 << "Transfer-Encoding: chunked[\r][\n]"
18:30:15.404 [Test worker] DEBUG com.github.dockerjava.zerodep.shaded.org.apache.hc.client5.http.wire - http-outgoing-1 << "[\r][\n]"
18:30:15.404 [Test worker] DEBUG com.github.dockerjava.zerodep.shaded.org.apache.hc.client5.http.wire - http-outgoing-1 << "18a6[\r][\n]"
18:30:15.404 [Test worker] DEBUG com.github.dockerjava.zerodep.shaded.org.apache.hc.client5.http.wire - http-outgoing-1 << "{"Id":"b4fc7afd97457a2a6ec84592488a57f900fa52ed03fcd2dbaf8a116bc1f50ab3","Created":"2022-12-08T21:30:11.801619537Z","Path":"docker-entrypoint.sh","Args":["mysqld"],"State":{"Status":"running","Running":true,"Paused":false,"Restarting":false,"OOMKilled":false,"Dead":false,"Pid":148084,"ExitCode":0,"Error":"","StartedAt":"2022-12-08T21:30:12.370762583Z","FinishedAt":"0001-01-01T00:00:00Z"},"Image":"sha256:7484689f290f1defe06b65befc54cb6ad91a667cf0af59a265ffe76c46bd0478","ResolvConfPath":"/var/lib/docker/containers/b4fc7afd97457a2a6ec84592488a57f900fa52ed03fcd2dbaf8a116bc1f50ab3/resolv.conf","HostnamePath":"/var/lib/docker/containers/b4fc7afd97457a2a6ec84592488a57f900fa52ed03fcd2dbaf8a116bc1f50ab3/hostname","HostsPath":"/var/lib/docker/containers/b4fc7afd97457a2a6ec84592488a57f900fa52ed03fcd2dbaf8a116bc1f50ab3/hosts","LogPath":"/var/lib/docker/containers/b4fc7afd97457a2a6ec84592488a57f900fa52ed03fcd2dbaf8a116bc1f50ab3/b4fc7afd97457a2a6ec84592488a57f900fa52ed03fcd2dbaf8a116bc1f50ab3-json.log","Name":"/agitated_ptolemy","RestartCount":0,"Driver":"overlay2","Platform":"linux","MountLabel":"","ProcessLabel":"","AppArmorProfile":"docker-default","ExecIDs":null,"HostConfig":{"Binds":[],"ContainerIDFile":"","LogConfig":{"Type":"json-file","Config":{}},"NetworkMode":"default","PortBindings":{"3306/tcp":[{"HostIp":"","HostPort":""}]},"RestartPolicy":{"Name":"","MaximumRetryCount":0},"AutoRemove":false,"VolumeDriver":"","VolumesFrom":[],"CapAdd":null,"CapDrop":null,"CgroupnsMode":"private","Dns":null,"DnsOptions":null,"DnsSearch":null,"ExtraHosts":[],"GroupAdd":null,"IpcMode":"shareable","Cgroup":"","Links":null,"OomScoreAdj":0,"PidMode":"","Privileged":false,"PublishAllPorts":false,"ReadonlyRootfs":false,"SecurityOpt":null,"UTSMode":"","UsernsMode":"","ShmSize":67108864,"Runtime":"runc","ConsoleSize":[0,0],"Isolation":"","CpuShares":0,"Memory":0,"NanoCpus":0,"CgroupParent":"","BlkioWeight":0,"BlkioWeightDevice":null,"BlkioDeviceReadBps":null,"BlkioDeviceWriteBps":null,"BlkioDeviceReadIOps":null,"BlkioDeviceWriteIOps":null,"CpuPeriod":0,"CpuQuota":0,"CpuRealtimePeriod":0,"CpuRealtimeRuntime":0,"CpusetCpus":"","CpusetMems":"","Devices":null,"DeviceCgroupRules":null,"DeviceRequests":null,"KernelMemory":0,"KernelMemoryTCP":0,"MemoryReservation":0,"MemorySwap":0,"MemorySwappiness":null,"OomKillDisable":null,"PidsLimit":null,"Ulimits":null,"CpuCount":0,"CpuPercent":0,"IOMaximumIOps":0,"IOMaximumBandwidth":0,"MaskedPaths":["/proc/asound","/proc/acpi","/proc/kcore","/proc/keys","/proc/latency_stats","/proc/timer_list","/proc/timer_stats","/proc/sched_debug","/proc/scsi","/sys/firmware"],"ReadonlyPaths":["/proc/bus","/proc/fs","/proc/irq","/proc/sys","/proc/sysrq-trigger"]},"GraphDriver":{"Data":{"LowerDir":"/var/lib/docker/overlay2/05794d51525f65619c615558ef5f93d7c33eef44e12313fdcb3942911d0b5f7d-init/diff:/var/lib/docker/overlay2/f079a69cfd5e80e906b12f05a0c7bfaabc56ce63e947db68b722ae30905f1239/diff:/var/lib/docker/overlay2/9dfb63d6bb556846a13012421dde7951ef83a14d8ce1882287cce66f0f9bd055/diff:/var/lib/docker/overlay2/c4f8874ae33ddd14488f5051cd953acc020fa00ea72d28bd530450c0bc8f9903/diff:/var/lib/docker/overlay2/992683766b46aa5653160e6a34283b579a75000e230890d0ec0a6204af735697/diff:/var/lib/docker/overlay2/6e3fba0e1d6501c91c9bec723bb1364f75599c6c2026a6dc71773c88a49f890a/diff:/var/lib/docker/overlay2/c6c2a366f45a69704761d45d296d71bf2bf315efb15cb06ad88925ed235fad81/diff:/var/lib/docker/overlay2/7555f9b18615244719d04b23296ba418195e5e569d47baf9f1da7c3f053fe194/diff:/var/lib/docker/overlay2/7752eb17f8f8ba44a5ed178f499901fa7eb6f2e031c29ab160ee4eff4db8edaa/diff:/var/lib/docker/overlay2/9683de8b3733106f256bd0eabc7cae13623b14493b9212e863449d42b8a87390/diff:/var/lib/docker/overlay2/f5e28e407d8811526fb7dd82e4fed08d5d3124c0f22f1a9496ed27b2b457d3dd/diff:/var/lib/docker/overlay2/e2980c91c6b3331cff3994ca6f327955bb5feaef0f96bc64edce80631fdbf829/diff","MergedDir":"/var/lib/docker/overlay2/05794d51525f65619c615558ef5f93d7c33eef44e12313fdcb3942911d0b5f7d/merged","UpperDir":"/var/lib/docker/overlay2/05794d51525f65619c615558ef5f93d7c33eef44e12313fdcb3942911d0b5f7d/diff","WorkDir":"/var/lib/docker/overlay2/05794d51525f65619c615558ef5f93d7c33eef44e12313fdcb3942911d0b5f7d/work"},"Name":"overlay2"},"Mounts":[{"Type":"volume","Name":"fe29345a30f82a1c969c40b069133e9d87168ce95967d67ac182ee42c059affb","Source":"/var/lib/docker/volumes/fe29345a30f82a1c969c40b069133e9d87168ce95967d67ac182ee42c059affb/_data","Destination":"/var/lib/mysql","Driver":"local","Mode":"","RW":true,"Propagation":""}],"Config":{"Hostname":"b4fc7afd9745","Domainname":"","User":"","AttachStdin":false,"AttachStdout":false,"AttachStderr":false,"ExposedPorts":{"3306/tcp":{},"33060/tcp":{}},"Tty":false,"OpenStdin":false,"StdinOnce":false,"Env":["MYSQL_DATABASE=adm_videos","MYSQL_PASSWORD=123456","MYSQL_ROOT_PASSWORD=123456","PATH=/usr/local/sbin:/usr/local/bin:/usr/sbin:/usr/bin:/sbin:/bin","GOSU_VERSION=1.14","MYSQL_MAJOR=8.0","MYSQL_VERSION=8.0.31-1.el8","MYSQL_SHELL_VERSION=8.0.31-1.el8"],"Cmd":["mysqld"],"Image":"mysql:latest","Volumes":{"/var/lib/mysql":{}},"WorkingDir":"","Entrypoint":["docker-entrypoint.sh"],"OnBuild":null,"Labels":{"org.testcontainers":"true","org.testcontainers.sessionId":"cdd139c9-cde1-4429-bea7-edb0e651ba16"}},"NetworkSettings":{"Bridge":"","SandboxID":"8404ec7d59006489fa5b6638879180586e9aa24c1c3ae79d40e26a8f453c93b1","HairpinMode":false,"LinkLocalIPv6Address":"","LinkLocalIPv6PrefixLen":0,"Ports":{"3306/tcp":[{"HostIp":"0.0.0.0","HostPort":"49156"},{"HostIp":"::","HostPort":"49156"}],"33060/tcp":null},"SandboxKey":"/var/run/docker/netns/8404ec7d5900","SecondaryIPAddresses":null,"SecondaryIPv6Addresses":null,"EndpointID":"28c851b70d88131a783e3d87b7c50320df5f3250ebca621b1b39353a2424212a","Gateway":"172.17.0.1","GlobalIPv6Address":"","GlobalIPv6PrefixLen":0,"IPAddress":"172.17.0.3","IPPrefixLen":16,"IPv6Gateway":"","MacAddress":"02:42:ac:11:00:03","Networks":{"bridge":{"IPAMConfig":null,"Links":null,"Aliases":null,"NetworkID":"bf06afe94eca8b5ab91eae0dbaa8561a6dd16832d429dcdbaa7ed1e003cfbe56","EndpointID":"28c851b70d88131a783e3d87b7c50320df5f3250ebca621b1b39353a2424212a","Gateway":"172.17.0.1","IPAddress":"172.17.0.3","IPPrefixLen":16,"IPv6Gateway":"","GlobalIPv6Address":"","GlobalIPv6PrefixLen":0,"MacAddress":"02:42:ac:11:00:03","DriverOpts":null}}}}[\n]"
18:30:15.404 [Test worker] DEBUG com.github.dockerjava.zerodep.shaded.org.apache.hc.client5.http.wire - http-outgoing-1 << "[\r][\n]"
18:30:15.404 [Test worker] DEBUG com.github.dockerjava.zerodep.shaded.org.apache.hc.client5.http.wire - http-outgoing-1 << "0[\r][\n]"
18:30:15.404 [Test worker] DEBUG com.github.dockerjava.zerodep.shaded.org.apache.hc.client5.http.wire - http-outgoing-1 << "[\r][\n]"
18:30:15.404 [Test worker] DEBUG com.github.dockerjava.zerodep.shaded.org.apache.hc.client5.http.headers - http-outgoing-1 << HTTP/1.1 200 OK
18:30:15.404 [Test worker] DEBUG com.github.dockerjava.zerodep.shaded.org.apache.hc.client5.http.headers - http-outgoing-1 << Api-Version: 1.41
18:30:15.404 [Test worker] DEBUG com.github.dockerjava.zerodep.shaded.org.apache.hc.client5.http.headers - http-outgoing-1 << Content-Type: application/json
18:30:15.404 [Test worker] DEBUG com.github.dockerjava.zerodep.shaded.org.apache.hc.client5.http.headers - http-outgoing-1 << Docker-Experimental: false
18:30:15.404 [Test worker] DEBUG com.github.dockerjava.zerodep.shaded.org.apache.hc.client5.http.headers - http-outgoing-1 << Ostype: linux
18:30:15.404 [Test worker] DEBUG com.github.dockerjava.zerodep.shaded.org.apache.hc.client5.http.headers - http-outgoing-1 << Server: Docker/20.10.17 (linux)
18:30:15.404 [Test worker] DEBUG com.github.dockerjava.zerodep.shaded.org.apache.hc.client5.http.headers - http-outgoing-1 << Date: Thu, 08 Dec 2022 21:30:15 GMT
18:30:15.404 [Test worker] DEBUG com.github.dockerjava.zerodep.shaded.org.apache.hc.client5.http.headers - http-outgoing-1 << Transfer-Encoding: chunked
18:30:15.404 [Test worker] DEBUG com.github.dockerjava.zerodep.shaded.org.apache.hc.client5.http.impl.classic.MainClientExec - ex-00000026: connection can be kept alive for 3 MINUTES
18:30:15.405 [Test worker] DEBUG com.github.dockerjava.zerodep.shaded.org.apache.hc.client5.http.impl.classic.InternalHttpClient - ep-00000025: releasing valid endpoint
18:30:15.405 [Test worker] DEBUG com.github.dockerjava.zerodep.shaded.org.apache.hc.client5.http.impl.io.PoolingHttpClientConnectionManager - ep-00000025: releasing endpoint
18:30:15.405 [Test worker] DEBUG com.github.dockerjava.zerodep.shaded.org.apache.hc.client5.http.impl.io.PoolingHttpClientConnectionManager - ep-00000025: connection http-outgoing-1 can be kept alive for 3 MINUTES
18:30:15.405 [Test worker] DEBUG com.github.dockerjava.zerodep.shaded.org.apache.hc.client5.http.impl.io.PoolingHttpClientConnectionManager - ep-00000025: connection released [route: {}->unix://localhost:2375][total available: 1; route allocated: 1 of 2147483647; total allocated: 1 of 2147483647]
18:30:15.405 [Test worker] DEBUG ]]>&#x1f433;<![CDATA[ [mysql:latest] - Trying to create JDBC connection using com.mysql.cj.jdbc.Driver to jdbc:mysql://localhost:49156/adm_videos?useSSL=false&allowPublicKeyRetrieval=true with properties: {password=123456, user=root}
18:30:15.507 [Test worker] DEBUG org.testcontainers.shaded.com.github.dockerjava.core.command.AbstrDockerCmd - Cmd: b4fc7afd97457a2a6ec84592488a57f900fa52ed03fcd2dbaf8a116bc1f50ab3,false
18:30:15.507 [Test worker] DEBUG org.testcontainers.shaded.com.github.dockerjava.core.exec.InspectContainerCmdExec - GET: DefaultWebTarget{path=[/containers/b4fc7afd97457a2a6ec84592488a57f900fa52ed03fcd2dbaf8a116bc1f50ab3/json], queryParams={}}
18:30:15.508 [Test worker] DEBUG com.github.dockerjava.zerodep.shaded.org.apache.hc.client5.http.impl.classic.InternalHttpClient - ex-00000027: preparing request execution
18:30:15.508 [Test worker] DEBUG com.github.dockerjava.zerodep.shaded.org.apache.hc.client5.http.protocol.RequestAddCookies - Cookie spec selected: strict
18:30:15.508 [Test worker] DEBUG com.github.dockerjava.zerodep.shaded.org.apache.hc.client5.http.protocol.RequestAuthCache - Auth cache not set in the context
18:30:15.508 [Test worker] DEBUG com.github.dockerjava.zerodep.shaded.org.apache.hc.client5.http.impl.classic.ProtocolExec - ex-00000027: target auth state: UNCHALLENGED
18:30:15.508 [Test worker] DEBUG com.github.dockerjava.zerodep.shaded.org.apache.hc.client5.http.impl.classic.ProtocolExec - ex-00000027: proxy auth state: UNCHALLENGED
18:30:15.508 [Test worker] DEBUG com.github.dockerjava.zerodep.shaded.org.apache.hc.client5.http.impl.classic.ConnectExec - ex-00000027: acquiring connection with route {}->unix://localhost:2375
18:30:15.508 [Test worker] DEBUG com.github.dockerjava.zerodep.shaded.org.apache.hc.client5.http.impl.classic.InternalHttpClient - ex-00000027: acquiring endpoint (3 MINUTES)
18:30:15.508 [Test worker] DEBUG com.github.dockerjava.zerodep.shaded.org.apache.hc.client5.http.impl.io.PoolingHttpClientConnectionManager - ex-00000027: endpoint lease request (3 MINUTES) [route: {}->unix://localhost:2375][total available: 1; route allocated: 1 of 2147483647; total allocated: 1 of 2147483647]
18:30:15.508 [Test worker] DEBUG com.github.dockerjava.zerodep.shaded.org.apache.hc.client5.http.impl.io.PoolingHttpClientConnectionManager - ex-00000027: endpoint leased [route: {}->unix://localhost:2375][total available: 0; route allocated: 1 of 2147483647; total allocated: 1 of 2147483647]
18:30:15.508 [Test worker] DEBUG com.github.dockerjava.zerodep.shaded.org.apache.hc.client5.http.impl.io.PoolingHttpClientConnectionManager - ex-00000027: acquired ep-00000026
18:30:15.508 [Test worker] DEBUG com.github.dockerjava.zerodep.shaded.org.apache.hc.client5.http.impl.classic.InternalHttpClient - ex-00000027: acquired endpoint ep-00000026
18:30:15.508 [Test worker] DEBUG com.github.dockerjava.zerodep.shaded.org.apache.hc.client5.http.impl.classic.MainClientExec - ex-00000027: executing GET /v1.32/containers/b4fc7afd97457a2a6ec84592488a57f900fa52ed03fcd2dbaf8a116bc1f50ab3/json HTTP/1.1
18:30:15.508 [Test worker] DEBUG com.github.dockerjava.zerodep.shaded.org.apache.hc.client5.http.impl.classic.InternalHttpClient - ep-00000026: start execution ex-00000027
18:30:15.508 [Test worker] DEBUG com.github.dockerjava.zerodep.shaded.org.apache.hc.client5.http.impl.io.PoolingHttpClientConnectionManager - ep-00000026: executing exchange ex-00000027 over http-outgoing-1
18:30:15.508 [Test worker] DEBUG com.github.dockerjava.zerodep.shaded.org.apache.hc.client5.http.headers - http-outgoing-1 >> GET /v1.32/containers/b4fc7afd97457a2a6ec84592488a57f900fa52ed03fcd2dbaf8a116bc1f50ab3/json HTTP/1.1
18:30:15.508 [Test worker] DEBUG com.github.dockerjava.zerodep.shaded.org.apache.hc.client5.http.headers - http-outgoing-1 >> accept: application/json
18:30:15.508 [Test worker] DEBUG com.github.dockerjava.zerodep.shaded.org.apache.hc.client5.http.headers - http-outgoing-1 >> x-tc-sid: cdd139c9-cde1-4429-bea7-edb0e651ba16
18:30:15.508 [Test worker] DEBUG com.github.dockerjava.zerodep.shaded.org.apache.hc.client5.http.headers - http-outgoing-1 >> Accept-Encoding: gzip, x-gzip, deflate
18:30:15.508 [Test worker] DEBUG com.github.dockerjava.zerodep.shaded.org.apache.hc.client5.http.headers - http-outgoing-1 >> Host: localhost:2375
18:30:15.508 [Test worker] DEBUG com.github.dockerjava.zerodep.shaded.org.apache.hc.client5.http.headers - http-outgoing-1 >> Connection: keep-alive
18:30:15.508 [Test worker] DEBUG com.github.dockerjava.zerodep.shaded.org.apache.hc.client5.http.headers - http-outgoing-1 >> User-Agent: Apache-HttpClient/5.0.3 (Java/17.0.2)
18:30:15.509 [Test worker] DEBUG com.github.dockerjava.zerodep.shaded.org.apache.hc.client5.http.wire - http-outgoing-1 >> "GET /v1.32/containers/b4fc7afd97457a2a6ec84592488a57f900fa52ed03fcd2dbaf8a116bc1f50ab3/json HTTP/1.1[\r][\n]"
18:30:15.509 [Test worker] DEBUG com.github.dockerjava.zerodep.shaded.org.apache.hc.client5.http.wire - http-outgoing-1 >> "accept: application/json[\r][\n]"
18:30:15.509 [Test worker] DEBUG com.github.dockerjava.zerodep.shaded.org.apache.hc.client5.http.wire - http-outgoing-1 >> "x-tc-sid: cdd139c9-cde1-4429-bea7-edb0e651ba16[\r][\n]"
18:30:15.509 [Test worker] DEBUG com.github.dockerjava.zerodep.shaded.org.apache.hc.client5.http.wire - http-outgoing-1 >> "Accept-Encoding: gzip, x-gzip, deflate[\r][\n]"
18:30:15.509 [Test worker] DEBUG com.github.dockerjava.zerodep.shaded.org.apache.hc.client5.http.wire - http-outgoing-1 >> "Host: localhost:2375[\r][\n]"
18:30:15.509 [Test worker] DEBUG com.github.dockerjava.zerodep.shaded.org.apache.hc.client5.http.wire - http-outgoing-1 >> "Connection: keep-alive[\r][\n]"
18:30:15.509 [Test worker] DEBUG com.github.dockerjava.zerodep.shaded.org.apache.hc.client5.http.wire - http-outgoing-1 >> "User-Agent: Apache-HttpClient/5.0.3 (Java/17.0.2)[\r][\n]"
18:30:15.509 [Test worker] DEBUG com.github.dockerjava.zerodep.shaded.org.apache.hc.client5.http.wire - http-outgoing-1 >> "[\r][\n]"
18:30:15.510 [Test worker] DEBUG com.github.dockerjava.zerodep.shaded.org.apache.hc.client5.http.wire - http-outgoing-1 << "HTTP/1.1 200 OK[\r][\n]"
18:30:15.510 [Test worker] DEBUG com.github.dockerjava.zerodep.shaded.org.apache.hc.client5.http.wire - http-outgoing-1 << "Api-Version: 1.41[\r][\n]"
18:30:15.510 [Test worker] DEBUG com.github.dockerjava.zerodep.shaded.org.apache.hc.client5.http.wire - http-outgoing-1 << "Content-Type: application/json[\r][\n]"
18:30:15.510 [Test worker] DEBUG com.github.dockerjava.zerodep.shaded.org.apache.hc.client5.http.wire - http-outgoing-1 << "Docker-Experimental: false[\r][\n]"
18:30:15.510 [Test worker] DEBUG com.github.dockerjava.zerodep.shaded.org.apache.hc.client5.http.wire - http-outgoing-1 << "Ostype: linux[\r][\n]"
18:30:15.510 [Test worker] DEBUG com.github.dockerjava.zerodep.shaded.org.apache.hc.client5.http.wire - http-outgoing-1 << "Server: Docker/20.10.17 (linux)[\r][\n]"
18:30:15.510 [Test worker] DEBUG com.github.dockerjava.zerodep.shaded.org.apache.hc.client5.http.wire - http-outgoing-1 << "Date: Thu, 08 Dec 2022 21:30:15 GMT[\r][\n]"
18:30:15.510 [Test worker] DEBUG com.github.dockerjava.zerodep.shaded.org.apache.hc.client5.http.wire - http-outgoing-1 << "Transfer-Encoding: chunked[\r][\n]"
18:30:15.510 [Test worker] DEBUG com.github.dockerjava.zerodep.shaded.org.apache.hc.client5.http.wire - http-outgoing-1 << "[\r][\n]"
18:30:15.510 [Test worker] DEBUG com.github.dockerjava.zerodep.shaded.org.apache.hc.client5.http.wire - http-outgoing-1 << "18a6[\r][\n]"
18:30:15.510 [Test worker] DEBUG com.github.dockerjava.zerodep.shaded.org.apache.hc.client5.http.wire - http-outgoing-1 << "{"Id":"b4fc7afd97457a2a6ec84592488a57f900fa52ed03fcd2dbaf8a116bc1f50ab3","Created":"2022-12-08T21:30:11.801619537Z","Path":"docker-entrypoint.sh","Args":["mysqld"],"State":{"Status":"running","Running":true,"Paused":false,"Restarting":false,"OOMKilled":false,"Dead":false,"Pid":148084,"ExitCode":0,"Error":"","StartedAt":"2022-12-08T21:30:12.370762583Z","FinishedAt":"0001-01-01T00:00:00Z"},"Image":"sha256:7484689f290f1defe06b65befc54cb6ad91a667cf0af59a265ffe76c46bd0478","ResolvConfPath":"/var/lib/docker/containers/b4fc7afd97457a2a6ec84592488a57f900fa52ed03fcd2dbaf8a116bc1f50ab3/resolv.conf","HostnamePath":"/var/lib/docker/containers/b4fc7afd97457a2a6ec84592488a57f900fa52ed03fcd2dbaf8a116bc1f50ab3/hostname","HostsPath":"/var/lib/docker/containers/b4fc7afd97457a2a6ec84592488a57f900fa52ed03fcd2dbaf8a116bc1f50ab3/hosts","LogPath":"/var/lib/docker/containers/b4fc7afd97457a2a6ec84592488a57f900fa52ed03fcd2dbaf8a116bc1f50ab3/b4fc7afd97457a2a6ec84592488a57f900fa52ed03fcd2dbaf8a116bc1f50ab3-json.log","Name":"/agitated_ptolemy","RestartCount":0,"Driver":"overlay2","Platform":"linux","MountLabel":"","ProcessLabel":"","AppArmorProfile":"docker-default","ExecIDs":null,"HostConfig":{"Binds":[],"ContainerIDFile":"","LogConfig":{"Type":"json-file","Config":{}},"NetworkMode":"default","PortBindings":{"3306/tcp":[{"HostIp":"","HostPort":""}]},"RestartPolicy":{"Name":"","MaximumRetryCount":0},"AutoRemove":false,"VolumeDriver":"","VolumesFrom":[],"CapAdd":null,"CapDrop":null,"CgroupnsMode":"private","Dns":null,"DnsOptions":null,"DnsSearch":null,"ExtraHosts":[],"GroupAdd":null,"IpcMode":"shareable","Cgroup":"","Links":null,"OomScoreAdj":0,"PidMode":"","Privileged":false,"PublishAllPorts":false,"ReadonlyRootfs":false,"SecurityOpt":null,"UTSMode":"","UsernsMode":"","ShmSize":67108864,"Runtime":"runc","ConsoleSize":[0,0],"Isolation":"","CpuShares":0,"Memory":0,"NanoCpus":0,"CgroupParent":"","BlkioWeight":0,"BlkioWeightDevice":null,"BlkioDeviceReadBps":null,"BlkioDeviceWriteBps":null,"BlkioDeviceReadIOps":null,"BlkioDeviceWriteIOps":null,"CpuPeriod":0,"CpuQuota":0,"CpuRealtimePeriod":0,"CpuRealtimeRuntime":0,"CpusetCpus":"","CpusetMems":"","Devices":null,"DeviceCgroupRules":null,"DeviceRequests":null,"KernelMemory":0,"KernelMemoryTCP":0,"MemoryReservation":0,"MemorySwap":0,"MemorySwappiness":null,"OomKillDisable":null,"PidsLimit":null,"Ulimits":null,"CpuCount":0,"CpuPercent":0,"IOMaximumIOps":0,"IOMaximumBandwidth":0,"MaskedPaths":["/proc/asound","/proc/acpi","/proc/kcore","/proc/keys","/proc/latency_stats","/proc/timer_list","/proc/timer_stats","/proc/sched_debug","/proc/scsi","/sys/firmware"],"ReadonlyPaths":["/proc/bus","/proc/fs","/proc/irq","/proc/sys","/proc/sysrq-trigger"]},"GraphDriver":{"Data":{"LowerDir":"/var/lib/docker/overlay2/05794d51525f65619c615558ef5f93d7c33eef44e12313fdcb3942911d0b5f7d-init/diff:/var/lib/docker/overlay2/f079a69cfd5e80e906b12f05a0c7bfaabc56ce63e947db68b722ae30905f1239/diff:/var/lib/docker/overlay2/9dfb63d6bb556846a13012421dde7951ef83a14d8ce1882287cce66f0f9bd055/diff:/var/lib/docker/overlay2/c4f8874ae33ddd14488f5051cd953acc020fa00ea72d28bd530450c0bc8f9903/diff:/var/lib/docker/overlay2/992683766b46aa5653160e6a34283b579a75000e230890d0ec0a6204af735697/diff:/var/lib/docker/overlay2/6e3fba0e1d6501c91c9bec723bb1364f75599c6c2026a6dc71773c88a49f890a/diff:/var/lib/docker/overlay2/c6c2a366f45a69704761d45d296d71bf2bf315efb15cb06ad88925ed235fad81/diff:/var/lib/docker/overlay2/7555f9b18615244719d04b23296ba418195e5e569d47baf9f1da7c3f053fe194/diff:/var/lib/docker/overlay2/7752eb17f8f8ba44a5ed178f499901fa7eb6f2e031c29ab160ee4eff4db8edaa/diff:/var/lib/docker/overlay2/9683de8b3733106f256bd0eabc7cae13623b14493b9212e863449d42b8a87390/diff:/var/lib/docker/overlay2/f5e28e407d8811526fb7dd82e4fed08d5d3124c0f22f1a9496ed27b2b457d3dd/diff:/var/lib/docker/overlay2/e2980c91c6b3331cff3994ca6f327955bb5feaef0f96bc64edce80631fdbf829/diff","MergedDir":"/var/lib/docker/overlay2/05794d51525f65619c615558ef5f93d7c33eef44e12313fdcb3942911d0b5f7d/merged","UpperDir":"/var/lib/docker/overlay2/05794d51525f65619c615558ef5f93d7c33eef44e12313fdcb3942911d0b5f7d/diff","WorkDir":"/var/lib/docker/overlay2/05794d51525f65619c615558ef5f93d7c33eef44e12313fdcb3942911d0b5f7d/work"},"Name":"overlay2"},"Mounts":[{"Type":"volume","Name":"fe29345a30f82a1c969c40b069133e9d87168ce95967d67ac182ee42c059affb","Source":"/var/lib/docker/volumes/fe29345a30f82a1c969c40b069133e9d87168ce95967d67ac182ee42c059affb/_data","Destination":"/var/lib/mysql","Driver":"local","Mode":"","RW":true,"Propagation":""}],"Config":{"Hostname":"b4fc7afd9745","Domainname":"","User":"","AttachStdin":false,"AttachStdout":false,"AttachStderr":false,"ExposedPorts":{"3306/tcp":{},"33060/tcp":{}},"Tty":false,"OpenStdin":false,"StdinOnce":false,"Env":["MYSQL_DATABASE=adm_videos","MYSQL_PASSWORD=123456","MYSQL_ROOT_PASSWORD=123456","PATH=/usr/local/sbin:/usr/local/bin:/usr/sbin:/usr/bin:/sbin:/bin","GOSU_VERSION=1.14","MYSQL_MAJOR=8.0","MYSQL_VERSION=8.0.31-1.el8","MYSQL_SHELL_VERSION=8.0.31-1.el8"],"Cmd":["mysqld"],"Image":"mysql:latest","Volumes":{"/var/lib/mysql":{}},"WorkingDir":"","Entrypoint":["docker-entrypoint.sh"],"OnBuild":null,"Labels":{"org.testcontainers":"true","org.testcontainers.sessionId":"cdd139c9-cde1-4429-bea7-edb0e651ba16"}},"NetworkSettings":{"Bridge":"","SandboxID":"8404ec7d59006489fa5b6638879180586e9aa24c1c3ae79d40e26a8f453c93b1","HairpinMode":false,"LinkLocalIPv6Address":"","LinkLocalIPv6PrefixLen":0,"Ports":{"3306/tcp":[{"HostIp":"0.0.0.0","HostPort":"49156"},{"HostIp":"::","HostPort":"49156"}],"33060/tcp":null},"SandboxKey":"/var/run/docker/netns/8404ec7d5900","SecondaryIPAddresses":null,"SecondaryIPv6Addresses":null,"EndpointID":"28c851b70d88131a783e3d87b7c50320df5f3250ebca621b1b39353a2424212a","Gateway":"172.17.0.1","GlobalIPv6Address":"","GlobalIPv6PrefixLen":0,"IPAddress":"172.17.0.3","IPPrefixLen":16,"IPv6Gateway":"","MacAddress":"02:42:ac:11:00:03","Networks":{"bridge":{"IPAMConfig":null,"Links":null,"Aliases":null,"NetworkID":"bf06afe94eca8b5ab91eae0dbaa8561a6dd16832d429dcdbaa7ed1e003cfbe56","EndpointID":"28c851b70d88131a783e3d87b7c50320df5f3250ebca621b1b39353a2424212a","Gateway":"172.17.0.1","IPAddress":"172.17.0.3","IPPrefixLen":16,"IPv6Gateway":"","GlobalIPv6Address":"","GlobalIPv6PrefixLen":0,"MacAddress":"02:42:ac:11:00:03","DriverOpts":null}}}}[\n]"
18:30:15.511 [Test worker] DEBUG com.github.dockerjava.zerodep.shaded.org.apache.hc.client5.http.wire - http-outgoing-1 << "[\r][\n]"
18:30:15.511 [Test worker] DEBUG com.github.dockerjava.zerodep.shaded.org.apache.hc.client5.http.wire - http-outgoing-1 << "0[\r][\n]"
18:30:15.511 [Test worker] DEBUG com.github.dockerjava.zerodep.shaded.org.apache.hc.client5.http.wire - http-outgoing-1 << "[\r][\n]"
18:30:15.511 [Test worker] DEBUG com.github.dockerjava.zerodep.shaded.org.apache.hc.client5.http.headers - http-outgoing-1 << HTTP/1.1 200 OK
18:30:15.512 [Test worker] DEBUG com.github.dockerjava.zerodep.shaded.org.apache.hc.client5.http.headers - http-outgoing-1 << Api-Version: 1.41
18:30:15.512 [Test worker] DEBUG com.github.dockerjava.zerodep.shaded.org.apache.hc.client5.http.headers - http-outgoing-1 << Content-Type: application/json
18:30:15.512 [Test worker] DEBUG com.github.dockerjava.zerodep.shaded.org.apache.hc.client5.http.headers - http-outgoing-1 << Docker-Experimental: false
18:30:15.512 [Test worker] DEBUG com.github.dockerjava.zerodep.shaded.org.apache.hc.client5.http.headers - http-outgoing-1 << Ostype: linux
18:30:15.512 [Test worker] DEBUG com.github.dockerjava.zerodep.shaded.org.apache.hc.client5.http.headers - http-outgoing-1 << Server: Docker/20.10.17 (linux)
18:30:15.512 [Test worker] DEBUG com.github.dockerjava.zerodep.shaded.org.apache.hc.client5.http.headers - http-outgoing-1 << Date: Thu, 08 Dec 2022 21:30:15 GMT
18:30:15.512 [Test worker] DEBUG com.github.dockerjava.zerodep.shaded.org.apache.hc.client5.http.headers - http-outgoing-1 << Transfer-Encoding: chunked
18:30:15.513 [Test worker] DEBUG com.github.dockerjava.zerodep.shaded.org.apache.hc.client5.http.impl.classic.MainClientExec - ex-00000027: connection can be kept alive for 3 MINUTES
18:30:15.514 [Test worker] DEBUG com.github.dockerjava.zerodep.shaded.org.apache.hc.client5.http.impl.classic.InternalHttpClient - ep-00000026: releasing valid endpoint
18:30:15.514 [Test worker] DEBUG com.github.dockerjava.zerodep.shaded.org.apache.hc.client5.http.impl.io.PoolingHttpClientConnectionManager - ep-00000026: releasing endpoint
18:30:15.514 [Test worker] DEBUG com.github.dockerjava.zerodep.shaded.org.apache.hc.client5.http.impl.io.PoolingHttpClientConnectionManager - ep-00000026: connection http-outgoing-1 can be kept alive for 3 MINUTES
18:30:15.515 [Test worker] DEBUG com.github.dockerjava.zerodep.shaded.org.apache.hc.client5.http.impl.io.PoolingHttpClientConnectionManager - ep-00000026: connection released [route: {}->unix://localhost:2375][total available: 1; route allocated: 1 of 2147483647; total allocated: 1 of 2147483647]
18:30:15.515 [Test worker] DEBUG ]]>&#x1f433;<![CDATA[ [mysql:latest] - Trying to create JDBC connection using com.mysql.cj.jdbc.Driver to jdbc:mysql://localhost:49156/adm_videos?useSSL=false&allowPublicKeyRetrieval=true with properties: {password=123456, user=root}
18:30:15.622 [Test worker] DEBUG org.testcontainers.shaded.com.github.dockerjava.core.command.AbstrDockerCmd - Cmd: b4fc7afd97457a2a6ec84592488a57f900fa52ed03fcd2dbaf8a116bc1f50ab3,false
18:30:15.623 [Test worker] DEBUG org.testcontainers.shaded.com.github.dockerjava.core.exec.InspectContainerCmdExec - GET: DefaultWebTarget{path=[/containers/b4fc7afd97457a2a6ec84592488a57f900fa52ed03fcd2dbaf8a116bc1f50ab3/json], queryParams={}}
18:30:15.624 [Test worker] DEBUG com.github.dockerjava.zerodep.shaded.org.apache.hc.client5.http.impl.classic.InternalHttpClient - ex-00000028: preparing request execution
18:30:15.624 [Test worker] DEBUG com.github.dockerjava.zerodep.shaded.org.apache.hc.client5.http.protocol.RequestAddCookies - Cookie spec selected: strict
18:30:15.624 [Test worker] DEBUG com.github.dockerjava.zerodep.shaded.org.apache.hc.client5.http.protocol.RequestAuthCache - Auth cache not set in the context
18:30:15.624 [Test worker] DEBUG com.github.dockerjava.zerodep.shaded.org.apache.hc.client5.http.impl.classic.ProtocolExec - ex-00000028: target auth state: UNCHALLENGED
18:30:15.624 [Test worker] DEBUG com.github.dockerjava.zerodep.shaded.org.apache.hc.client5.http.impl.classic.ProtocolExec - ex-00000028: proxy auth state: UNCHALLENGED
18:30:15.624 [Test worker] DEBUG com.github.dockerjava.zerodep.shaded.org.apache.hc.client5.http.impl.classic.ConnectExec - ex-00000028: acquiring connection with route {}->unix://localhost:2375
18:30:15.624 [Test worker] DEBUG com.github.dockerjava.zerodep.shaded.org.apache.hc.client5.http.impl.classic.InternalHttpClient - ex-00000028: acquiring endpoint (3 MINUTES)
18:30:15.624 [Test worker] DEBUG com.github.dockerjava.zerodep.shaded.org.apache.hc.client5.http.impl.io.PoolingHttpClientConnectionManager - ex-00000028: endpoint lease request (3 MINUTES) [route: {}->unix://localhost:2375][total available: 1; route allocated: 1 of 2147483647; total allocated: 1 of 2147483647]
18:30:15.625 [Test worker] DEBUG com.github.dockerjava.zerodep.shaded.org.apache.hc.client5.http.impl.io.PoolingHttpClientConnectionManager - ex-00000028: endpoint leased [route: {}->unix://localhost:2375][total available: 0; route allocated: 1 of 2147483647; total allocated: 1 of 2147483647]
18:30:15.625 [Test worker] DEBUG com.github.dockerjava.zerodep.shaded.org.apache.hc.client5.http.impl.io.PoolingHttpClientConnectionManager - ex-00000028: acquired ep-00000027
18:30:15.625 [Test worker] DEBUG com.github.dockerjava.zerodep.shaded.org.apache.hc.client5.http.impl.classic.InternalHttpClient - ex-00000028: acquired endpoint ep-00000027
18:30:15.625 [Test worker] DEBUG com.github.dockerjava.zerodep.shaded.org.apache.hc.client5.http.impl.classic.MainClientExec - ex-00000028: executing GET /v1.32/containers/b4fc7afd97457a2a6ec84592488a57f900fa52ed03fcd2dbaf8a116bc1f50ab3/json HTTP/1.1
18:30:15.625 [Test worker] DEBUG com.github.dockerjava.zerodep.shaded.org.apache.hc.client5.http.impl.classic.InternalHttpClient - ep-00000027: start execution ex-00000028
18:30:15.625 [Test worker] DEBUG com.github.dockerjava.zerodep.shaded.org.apache.hc.client5.http.impl.io.PoolingHttpClientConnectionManager - ep-00000027: executing exchange ex-00000028 over http-outgoing-1
18:30:15.625 [Test worker] DEBUG com.github.dockerjava.zerodep.shaded.org.apache.hc.client5.http.headers - http-outgoing-1 >> GET /v1.32/containers/b4fc7afd97457a2a6ec84592488a57f900fa52ed03fcd2dbaf8a116bc1f50ab3/json HTTP/1.1
18:30:15.625 [Test worker] DEBUG com.github.dockerjava.zerodep.shaded.org.apache.hc.client5.http.headers - http-outgoing-1 >> accept: application/json
18:30:15.625 [Test worker] DEBUG com.github.dockerjava.zerodep.shaded.org.apache.hc.client5.http.headers - http-outgoing-1 >> x-tc-sid: cdd139c9-cde1-4429-bea7-edb0e651ba16
18:30:15.625 [Test worker] DEBUG com.github.dockerjava.zerodep.shaded.org.apache.hc.client5.http.headers - http-outgoing-1 >> Accept-Encoding: gzip, x-gzip, deflate
18:30:15.625 [Test worker] DEBUG com.github.dockerjava.zerodep.shaded.org.apache.hc.client5.http.headers - http-outgoing-1 >> Host: localhost:2375
18:30:15.625 [Test worker] DEBUG com.github.dockerjava.zerodep.shaded.org.apache.hc.client5.http.headers - http-outgoing-1 >> Connection: keep-alive
18:30:15.625 [Test worker] DEBUG com.github.dockerjava.zerodep.shaded.org.apache.hc.client5.http.headers - http-outgoing-1 >> User-Agent: Apache-HttpClient/5.0.3 (Java/17.0.2)
18:30:15.625 [Test worker] DEBUG com.github.dockerjava.zerodep.shaded.org.apache.hc.client5.http.wire - http-outgoing-1 >> "GET /v1.32/containers/b4fc7afd97457a2a6ec84592488a57f900fa52ed03fcd2dbaf8a116bc1f50ab3/json HTTP/1.1[\r][\n]"
18:30:15.625 [Test worker] DEBUG com.github.dockerjava.zerodep.shaded.org.apache.hc.client5.http.wire - http-outgoing-1 >> "accept: application/json[\r][\n]"
18:30:15.625 [Test worker] DEBUG com.github.dockerjava.zerodep.shaded.org.apache.hc.client5.http.wire - http-outgoing-1 >> "x-tc-sid: cdd139c9-cde1-4429-bea7-edb0e651ba16[\r][\n]"
18:30:15.625 [Test worker] DEBUG com.github.dockerjava.zerodep.shaded.org.apache.hc.client5.http.wire - http-outgoing-1 >> "Accept-Encoding: gzip, x-gzip, deflate[\r][\n]"
18:30:15.625 [Test worker] DEBUG com.github.dockerjava.zerodep.shaded.org.apache.hc.client5.http.wire - http-outgoing-1 >> "Host: localhost:2375[\r][\n]"
18:30:15.625 [Test worker] DEBUG com.github.dockerjava.zerodep.shaded.org.apache.hc.client5.http.wire - http-outgoing-1 >> "Connection: keep-alive[\r][\n]"
18:30:15.625 [Test worker] DEBUG com.github.dockerjava.zerodep.shaded.org.apache.hc.client5.http.wire - http-outgoing-1 >> "User-Agent: Apache-HttpClient/5.0.3 (Java/17.0.2)[\r][\n]"
18:30:15.625 [Test worker] DEBUG com.github.dockerjava.zerodep.shaded.org.apache.hc.client5.http.wire - http-outgoing-1 >> "[\r][\n]"
18:30:15.626 [Test worker] DEBUG com.github.dockerjava.zerodep.shaded.org.apache.hc.client5.http.wire - http-outgoing-1 << "HTTP/1.1 200 OK[\r][\n]"
18:30:15.626 [Test worker] DEBUG com.github.dockerjava.zerodep.shaded.org.apache.hc.client5.http.wire - http-outgoing-1 << "Api-Version: 1.41[\r][\n]"
18:30:15.626 [Test worker] DEBUG com.github.dockerjava.zerodep.shaded.org.apache.hc.client5.http.wire - http-outgoing-1 << "Content-Type: application/json[\r][\n]"
18:30:15.626 [Test worker] DEBUG com.github.dockerjava.zerodep.shaded.org.apache.hc.client5.http.wire - http-outgoing-1 << "Docker-Experimental: false[\r][\n]"
18:30:15.626 [Test worker] DEBUG com.github.dockerjava.zerodep.shaded.org.apache.hc.client5.http.wire - http-outgoing-1 << "Ostype: linux[\r][\n]"
18:30:15.626 [Test worker] DEBUG com.github.dockerjava.zerodep.shaded.org.apache.hc.client5.http.wire - http-outgoing-1 << "Server: Docker/20.10.17 (linux)[\r][\n]"
18:30:15.626 [Test worker] DEBUG com.github.dockerjava.zerodep.shaded.org.apache.hc.client5.http.wire - http-outgoing-1 << "Date: Thu, 08 Dec 2022 21:30:15 GMT[\r][\n]"
18:30:15.626 [Test worker] DEBUG com.github.dockerjava.zerodep.shaded.org.apache.hc.client5.http.wire - http-outgoing-1 << "Transfer-Encoding: chunked[\r][\n]"
18:30:15.626 [Test worker] DEBUG com.github.dockerjava.zerodep.shaded.org.apache.hc.client5.http.wire - http-outgoing-1 << "[\r][\n]"
18:30:15.626 [Test worker] DEBUG com.github.dockerjava.zerodep.shaded.org.apache.hc.client5.http.wire - http-outgoing-1 << "18a6[\r][\n]"
18:30:15.626 [Test worker] DEBUG com.github.dockerjava.zerodep.shaded.org.apache.hc.client5.http.wire - http-outgoing-1 << "{"Id":"b4fc7afd97457a2a6ec84592488a57f900fa52ed03fcd2dbaf8a116bc1f50ab3","Created":"2022-12-08T21:30:11.801619537Z","Path":"docker-entrypoint.sh","Args":["mysqld"],"State":{"Status":"running","Running":true,"Paused":false,"Restarting":false,"OOMKilled":false,"Dead":false,"Pid":148084,"ExitCode":0,"Error":"","StartedAt":"2022-12-08T21:30:12.370762583Z","FinishedAt":"0001-01-01T00:00:00Z"},"Image":"sha256:7484689f290f1defe06b65befc54cb6ad91a667cf0af59a265ffe76c46bd0478","ResolvConfPath":"/var/lib/docker/containers/b4fc7afd97457a2a6ec84592488a57f900fa52ed03fcd2dbaf8a116bc1f50ab3/resolv.conf","HostnamePath":"/var/lib/docker/containers/b4fc7afd97457a2a6ec84592488a57f900fa52ed03fcd2dbaf8a116bc1f50ab3/hostname","HostsPath":"/var/lib/docker/containers/b4fc7afd97457a2a6ec84592488a57f900fa52ed03fcd2dbaf8a116bc1f50ab3/hosts","LogPath":"/var/lib/docker/containers/b4fc7afd97457a2a6ec84592488a57f900fa52ed03fcd2dbaf8a116bc1f50ab3/b4fc7afd97457a2a6ec84592488a57f900fa52ed03fcd2dbaf8a116bc1f50ab3-json.log","Name":"/agitated_ptolemy","RestartCount":0,"Driver":"overlay2","Platform":"linux","MountLabel":"","ProcessLabel":"","AppArmorProfile":"docker-default","ExecIDs":null,"HostConfig":{"Binds":[],"ContainerIDFile":"","LogConfig":{"Type":"json-file","Config":{}},"NetworkMode":"default","PortBindings":{"3306/tcp":[{"HostIp":"","HostPort":""}]},"RestartPolicy":{"Name":"","MaximumRetryCount":0},"AutoRemove":false,"VolumeDriver":"","VolumesFrom":[],"CapAdd":null,"CapDrop":null,"CgroupnsMode":"private","Dns":null,"DnsOptions":null,"DnsSearch":null,"ExtraHosts":[],"GroupAdd":null,"IpcMode":"shareable","Cgroup":"","Links":null,"OomScoreAdj":0,"PidMode":"","Privileged":false,"PublishAllPorts":false,"ReadonlyRootfs":false,"SecurityOpt":null,"UTSMode":"","UsernsMode":"","ShmSize":67108864,"Runtime":"runc","ConsoleSize":[0,0],"Isolation":"","CpuShares":0,"Memory":0,"NanoCpus":0,"CgroupParent":"","BlkioWeight":0,"BlkioWeightDevice":null,"BlkioDeviceReadBps":null,"BlkioDeviceWriteBps":null,"BlkioDeviceReadIOps":null,"BlkioDeviceWriteIOps":null,"CpuPeriod":0,"CpuQuota":0,"CpuRealtimePeriod":0,"CpuRealtimeRuntime":0,"CpusetCpus":"","CpusetMems":"","Devices":null,"DeviceCgroupRules":null,"DeviceRequests":null,"KernelMemory":0,"KernelMemoryTCP":0,"MemoryReservation":0,"MemorySwap":0,"MemorySwappiness":null,"OomKillDisable":null,"PidsLimit":null,"Ulimits":null,"CpuCount":0,"CpuPercent":0,"IOMaximumIOps":0,"IOMaximumBandwidth":0,"MaskedPaths":["/proc/asound","/proc/acpi","/proc/kcore","/proc/keys","/proc/latency_stats","/proc/timer_list","/proc/timer_stats","/proc/sched_debug","/proc/scsi","/sys/firmware"],"ReadonlyPaths":["/proc/bus","/proc/fs","/proc/irq","/proc/sys","/proc/sysrq-trigger"]},"GraphDriver":{"Data":{"LowerDir":"/var/lib/docker/overlay2/05794d51525f65619c615558ef5f93d7c33eef44e12313fdcb3942911d0b5f7d-init/diff:/var/lib/docker/overlay2/f079a69cfd5e80e906b12f05a0c7bfaabc56ce63e947db68b722ae30905f1239/diff:/var/lib/docker/overlay2/9dfb63d6bb556846a13012421dde7951ef83a14d8ce1882287cce66f0f9bd055/diff:/var/lib/docker/overlay2/c4f8874ae33ddd14488f5051cd953acc020fa00ea72d28bd530450c0bc8f9903/diff:/var/lib/docker/overlay2/992683766b46aa5653160e6a34283b579a75000e230890d0ec0a6204af735697/diff:/var/lib/docker/overlay2/6e3fba0e1d6501c91c9bec723bb1364f75599c6c2026a6dc71773c88a49f890a/diff:/var/lib/docker/overlay2/c6c2a366f45a69704761d45d296d71bf2bf315efb15cb06ad88925ed235fad81/diff:/var/lib/docker/overlay2/7555f9b18615244719d04b23296ba418195e5e569d47baf9f1da7c3f053fe194/diff:/var/lib/docker/overlay2/7752eb17f8f8ba44a5ed178f499901fa7eb6f2e031c29ab160ee4eff4db8edaa/diff:/var/lib/docker/overlay2/9683de8b3733106f256bd0eabc7cae13623b14493b9212e863449d42b8a87390/diff:/var/lib/docker/overlay2/f5e28e407d8811526fb7dd82e4fed08d5d3124c0f22f1a9496ed27b2b457d3dd/diff:/var/lib/docker/overlay2/e2980c91c6b3331cff3994ca6f327955bb5feaef0f96bc64edce80631fdbf829/diff","MergedDir":"/var/lib/docker/overlay2/05794d51525f65619c615558ef5f93d7c33eef44e12313fdcb3942911d0b5f7d/merged","UpperDir":"/var/lib/docker/overlay2/05794d51525f65619c615558ef5f93d7c33eef44e12313fdcb3942911d0b5f7d/diff","WorkDir":"/var/lib/docker/overlay2/05794d51525f65619c615558ef5f93d7c33eef44e12313fdcb3942911d0b5f7d/work"},"Name":"overlay2"},"Mounts":[{"Type":"volume","Name":"fe29345a30f82a1c969c40b069133e9d87168ce95967d67ac182ee42c059affb","Source":"/var/lib/docker/volumes/fe29345a30f82a1c969c40b069133e9d87168ce95967d67ac182ee42c059affb/_data","Destination":"/var/lib/mysql","Driver":"local","Mode":"","RW":true,"Propagation":""}],"Config":{"Hostname":"b4fc7afd9745","Domainname":"","User":"","AttachStdin":false,"AttachStdout":false,"AttachStderr":false,"ExposedPorts":{"3306/tcp":{},"33060/tcp":{}},"Tty":false,"OpenStdin":false,"StdinOnce":false,"Env":["MYSQL_DATABASE=adm_videos","MYSQL_PASSWORD=123456","MYSQL_ROOT_PASSWORD=123456","PATH=/usr/local/sbin:/usr/local/bin:/usr/sbin:/usr/bin:/sbin:/bin","GOSU_VERSION=1.14","MYSQL_MAJOR=8.0","MYSQL_VERSION=8.0.31-1.el8","MYSQL_SHELL_VERSION=8.0.31-1.el8"],"Cmd":["mysqld"],"Image":"mysql:latest","Volumes":{"/var/lib/mysql":{}},"WorkingDir":"","Entrypoint":["docker-entrypoint.sh"],"OnBuild":null,"Labels":{"org.testcontainers":"true","org.testcontainers.sessionId":"cdd139c9-cde1-4429-bea7-edb0e651ba16"}},"NetworkSettings":{"Bridge":"","SandboxID":"8404ec7d59006489fa5b6638879180586e9aa24c1c3ae79d40e26a8f453c93b1","HairpinMode":false,"LinkLocalIPv6Address":"","LinkLocalIPv6PrefixLen":0,"Ports":{"3306/tcp":[{"HostIp":"0.0.0.0","HostPort":"49156"},{"HostIp":"::","HostPort":"49156"}],"33060/tcp":null},"SandboxKey":"/var/run/docker/netns/8404ec7d5900","SecondaryIPAddresses":null,"SecondaryIPv6Addresses":null,"EndpointID":"28c851b70d88131a783e3d87b7c50320df5f3250ebca621b1b39353a2424212a","Gateway":"172.17.0.1","GlobalIPv6Address":"","GlobalIPv6PrefixLen":0,"IPAddress":"172.17.0.3","IPPrefixLen":16,"IPv6Gateway":"","MacAddress":"02:42:ac:11:00:03","Networks":{"bridge":{"IPAMConfig":null,"Links":null,"Aliases":null,"NetworkID":"bf06afe94eca8b5ab91eae0dbaa8561a6dd16832d429dcdbaa7ed1e003cfbe56","EndpointID":"28c851b70d88131a783e3d87b7c50320df5f3250ebca621b1b39353a2424212a","Gateway":"172.17.0.1","IPAddress":"172.17.0.3","IPPrefixLen":16,"IPv6Gateway":"","GlobalIPv6Address":"","GlobalIPv6PrefixLen":0,"MacAddress":"02:42:ac:11:00:03","DriverOpts":null}}}}[\n]"
18:30:15.626 [Test worker] DEBUG com.github.dockerjava.zerodep.shaded.org.apache.hc.client5.http.wire - http-outgoing-1 << "[\r][\n]"
18:30:15.626 [Test worker] DEBUG com.github.dockerjava.zerodep.shaded.org.apache.hc.client5.http.wire - http-outgoing-1 << "0[\r][\n]"
18:30:15.627 [Test worker] DEBUG com.github.dockerjava.zerodep.shaded.org.apache.hc.client5.http.wire - http-outgoing-1 << "[\r][\n]"
18:30:15.627 [Test worker] DEBUG com.github.dockerjava.zerodep.shaded.org.apache.hc.client5.http.headers - http-outgoing-1 << HTTP/1.1 200 OK
18:30:15.627 [Test worker] DEBUG com.github.dockerjava.zerodep.shaded.org.apache.hc.client5.http.headers - http-outgoing-1 << Api-Version: 1.41
18:30:15.628 [Test worker] DEBUG com.github.dockerjava.zerodep.shaded.org.apache.hc.client5.http.headers - http-outgoing-1 << Content-Type: application/json
18:30:15.628 [Test worker] DEBUG com.github.dockerjava.zerodep.shaded.org.apache.hc.client5.http.headers - http-outgoing-1 << Docker-Experimental: false
18:30:15.628 [Test worker] DEBUG com.github.dockerjava.zerodep.shaded.org.apache.hc.client5.http.headers - http-outgoing-1 << Ostype: linux
18:30:15.628 [Test worker] DEBUG com.github.dockerjava.zerodep.shaded.org.apache.hc.client5.http.headers - http-outgoing-1 << Server: Docker/20.10.17 (linux)
18:30:15.628 [Test worker] DEBUG com.github.dockerjava.zerodep.shaded.org.apache.hc.client5.http.headers - http-outgoing-1 << Date: Thu, 08 Dec 2022 21:30:15 GMT
18:30:15.628 [Test worker] DEBUG com.github.dockerjava.zerodep.shaded.org.apache.hc.client5.http.headers - http-outgoing-1 << Transfer-Encoding: chunked
18:30:15.628 [Test worker] DEBUG com.github.dockerjava.zerodep.shaded.org.apache.hc.client5.http.impl.classic.MainClientExec - ex-00000028: connection can be kept alive for 3 MINUTES
18:30:15.630 [Test worker] DEBUG com.github.dockerjava.zerodep.shaded.org.apache.hc.client5.http.impl.classic.InternalHttpClient - ep-00000027: releasing valid endpoint
18:30:15.631 [Test worker] DEBUG com.github.dockerjava.zerodep.shaded.org.apache.hc.client5.http.impl.io.PoolingHttpClientConnectionManager - ep-00000027: releasing endpoint
18:30:15.631 [Test worker] DEBUG com.github.dockerjava.zerodep.shaded.org.apache.hc.client5.http.impl.io.PoolingHttpClientConnectionManager - ep-00000027: connection http-outgoing-1 can be kept alive for 3 MINUTES
18:30:15.632 [Test worker] DEBUG com.github.dockerjava.zerodep.shaded.org.apache.hc.client5.http.impl.io.PoolingHttpClientConnectionManager - ep-00000027: connection released [route: {}->unix://localhost:2375][total available: 1; route allocated: 1 of 2147483647; total allocated: 1 of 2147483647]
18:30:15.632 [Test worker] DEBUG ]]>&#x1f433;<![CDATA[ [mysql:latest] - Trying to create JDBC connection using com.mysql.cj.jdbc.Driver to jdbc:mysql://localhost:49156/adm_videos?useSSL=false&allowPublicKeyRetrieval=true with properties: {password=123456, user=root}
18:30:15.735 [Test worker] DEBUG org.testcontainers.shaded.com.github.dockerjava.core.command.AbstrDockerCmd - Cmd: b4fc7afd97457a2a6ec84592488a57f900fa52ed03fcd2dbaf8a116bc1f50ab3,false
18:30:15.736 [Test worker] DEBUG org.testcontainers.shaded.com.github.dockerjava.core.exec.InspectContainerCmdExec - GET: DefaultWebTarget{path=[/containers/b4fc7afd97457a2a6ec84592488a57f900fa52ed03fcd2dbaf8a116bc1f50ab3/json], queryParams={}}
18:30:15.736 [Test worker] DEBUG com.github.dockerjava.zerodep.shaded.org.apache.hc.client5.http.impl.classic.InternalHttpClient - ex-00000029: preparing request execution
18:30:15.736 [Test worker] DEBUG com.github.dockerjava.zerodep.shaded.org.apache.hc.client5.http.protocol.RequestAddCookies - Cookie spec selected: strict
18:30:15.736 [Test worker] DEBUG com.github.dockerjava.zerodep.shaded.org.apache.hc.client5.http.protocol.RequestAuthCache - Auth cache not set in the context
18:30:15.736 [Test worker] DEBUG com.github.dockerjava.zerodep.shaded.org.apache.hc.client5.http.impl.classic.ProtocolExec - ex-00000029: target auth state: UNCHALLENGED
18:30:15.736 [Test worker] DEBUG com.github.dockerjava.zerodep.shaded.org.apache.hc.client5.http.impl.classic.ProtocolExec - ex-00000029: proxy auth state: UNCHALLENGED
18:30:15.736 [Test worker] DEBUG com.github.dockerjava.zerodep.shaded.org.apache.hc.client5.http.impl.classic.ConnectExec - ex-00000029: acquiring connection with route {}->unix://localhost:2375
18:30:15.736 [Test worker] DEBUG com.github.dockerjava.zerodep.shaded.org.apache.hc.client5.http.impl.classic.InternalHttpClient - ex-00000029: acquiring endpoint (3 MINUTES)
18:30:15.736 [Test worker] DEBUG com.github.dockerjava.zerodep.shaded.org.apache.hc.client5.http.impl.io.PoolingHttpClientConnectionManager - ex-00000029: endpoint lease request (3 MINUTES) [route: {}->unix://localhost:2375][total available: 1; route allocated: 1 of 2147483647; total allocated: 1 of 2147483647]
18:30:15.736 [Test worker] DEBUG com.github.dockerjava.zerodep.shaded.org.apache.hc.client5.http.impl.io.PoolingHttpClientConnectionManager - ex-00000029: endpoint leased [route: {}->unix://localhost:2375][total available: 0; route allocated: 1 of 2147483647; total allocated: 1 of 2147483647]
18:30:15.736 [Test worker] DEBUG com.github.dockerjava.zerodep.shaded.org.apache.hc.client5.http.impl.io.PoolingHttpClientConnectionManager - ex-00000029: acquired ep-00000028
18:30:15.736 [Test worker] DEBUG com.github.dockerjava.zerodep.shaded.org.apache.hc.client5.http.impl.classic.InternalHttpClient - ex-00000029: acquired endpoint ep-00000028
18:30:15.736 [Test worker] DEBUG com.github.dockerjava.zerodep.shaded.org.apache.hc.client5.http.impl.classic.MainClientExec - ex-00000029: executing GET /v1.32/containers/b4fc7afd97457a2a6ec84592488a57f900fa52ed03fcd2dbaf8a116bc1f50ab3/json HTTP/1.1
18:30:15.736 [Test worker] DEBUG com.github.dockerjava.zerodep.shaded.org.apache.hc.client5.http.impl.classic.InternalHttpClient - ep-00000028: start execution ex-00000029
18:30:15.736 [Test worker] DEBUG com.github.dockerjava.zerodep.shaded.org.apache.hc.client5.http.impl.io.PoolingHttpClientConnectionManager - ep-00000028: executing exchange ex-00000029 over http-outgoing-1
18:30:15.736 [Test worker] DEBUG com.github.dockerjava.zerodep.shaded.org.apache.hc.client5.http.headers - http-outgoing-1 >> GET /v1.32/containers/b4fc7afd97457a2a6ec84592488a57f900fa52ed03fcd2dbaf8a116bc1f50ab3/json HTTP/1.1
18:30:15.736 [Test worker] DEBUG com.github.dockerjava.zerodep.shaded.org.apache.hc.client5.http.headers - http-outgoing-1 >> accept: application/json
18:30:15.736 [Test worker] DEBUG com.github.dockerjava.zerodep.shaded.org.apache.hc.client5.http.headers - http-outgoing-1 >> x-tc-sid: cdd139c9-cde1-4429-bea7-edb0e651ba16
18:30:15.736 [Test worker] DEBUG com.github.dockerjava.zerodep.shaded.org.apache.hc.client5.http.headers - http-outgoing-1 >> Accept-Encoding: gzip, x-gzip, deflate
18:30:15.736 [Test worker] DEBUG com.github.dockerjava.zerodep.shaded.org.apache.hc.client5.http.headers - http-outgoing-1 >> Host: localhost:2375
18:30:15.736 [Test worker] DEBUG com.github.dockerjava.zerodep.shaded.org.apache.hc.client5.http.headers - http-outgoing-1 >> Connection: keep-alive
18:30:15.736 [Test worker] DEBUG com.github.dockerjava.zerodep.shaded.org.apache.hc.client5.http.headers - http-outgoing-1 >> User-Agent: Apache-HttpClient/5.0.3 (Java/17.0.2)
18:30:15.736 [Test worker] DEBUG com.github.dockerjava.zerodep.shaded.org.apache.hc.client5.http.wire - http-outgoing-1 >> "GET /v1.32/containers/b4fc7afd97457a2a6ec84592488a57f900fa52ed03fcd2dbaf8a116bc1f50ab3/json HTTP/1.1[\r][\n]"
18:30:15.736 [Test worker] DEBUG com.github.dockerjava.zerodep.shaded.org.apache.hc.client5.http.wire - http-outgoing-1 >> "accept: application/json[\r][\n]"
18:30:15.736 [Test worker] DEBUG com.github.dockerjava.zerodep.shaded.org.apache.hc.client5.http.wire - http-outgoing-1 >> "x-tc-sid: cdd139c9-cde1-4429-bea7-edb0e651ba16[\r][\n]"
18:30:15.737 [Test worker] DEBUG com.github.dockerjava.zerodep.shaded.org.apache.hc.client5.http.wire - http-outgoing-1 >> "Accept-Encoding: gzip, x-gzip, deflate[\r][\n]"
18:30:15.737 [Test worker] DEBUG com.github.dockerjava.zerodep.shaded.org.apache.hc.client5.http.wire - http-outgoing-1 >> "Host: localhost:2375[\r][\n]"
18:30:15.737 [Test worker] DEBUG com.github.dockerjava.zerodep.shaded.org.apache.hc.client5.http.wire - http-outgoing-1 >> "Connection: keep-alive[\r][\n]"
18:30:15.737 [Test worker] DEBUG com.github.dockerjava.zerodep.shaded.org.apache.hc.client5.http.wire - http-outgoing-1 >> "User-Agent: Apache-HttpClient/5.0.3 (Java/17.0.2)[\r][\n]"
18:30:15.737 [Test worker] DEBUG com.github.dockerjava.zerodep.shaded.org.apache.hc.client5.http.wire - http-outgoing-1 >> "[\r][\n]"
18:30:15.737 [Test worker] DEBUG com.github.dockerjava.zerodep.shaded.org.apache.hc.client5.http.wire - http-outgoing-1 << "HTTP/1.1 200 OK[\r][\n]"
18:30:15.737 [Test worker] DEBUG com.github.dockerjava.zerodep.shaded.org.apache.hc.client5.http.wire - http-outgoing-1 << "Api-Version: 1.41[\r][\n]"
18:30:15.737 [Test worker] DEBUG com.github.dockerjava.zerodep.shaded.org.apache.hc.client5.http.wire - http-outgoing-1 << "Content-Type: application/json[\r][\n]"
18:30:15.737 [Test worker] DEBUG com.github.dockerjava.zerodep.shaded.org.apache.hc.client5.http.wire - http-outgoing-1 << "Docker-Experimental: false[\r][\n]"
18:30:15.737 [Test worker] DEBUG com.github.dockerjava.zerodep.shaded.org.apache.hc.client5.http.wire - http-outgoing-1 << "Ostype: linux[\r][\n]"
18:30:15.737 [Test worker] DEBUG com.github.dockerjava.zerodep.shaded.org.apache.hc.client5.http.wire - http-outgoing-1 << "Server: Docker/20.10.17 (linux)[\r][\n]"
18:30:15.737 [Test worker] DEBUG com.github.dockerjava.zerodep.shaded.org.apache.hc.client5.http.wire - http-outgoing-1 << "Date: Thu, 08 Dec 2022 21:30:15 GMT[\r][\n]"
18:30:15.737 [Test worker] DEBUG com.github.dockerjava.zerodep.shaded.org.apache.hc.client5.http.wire - http-outgoing-1 << "Transfer-Encoding: chunked[\r][\n]"
18:30:15.737 [Test worker] DEBUG com.github.dockerjava.zerodep.shaded.org.apache.hc.client5.http.wire - http-outgoing-1 << "[\r][\n]"
18:30:15.737 [Test worker] DEBUG com.github.dockerjava.zerodep.shaded.org.apache.hc.client5.http.wire - http-outgoing-1 << "18a6[\r][\n]"
18:30:15.737 [Test worker] DEBUG com.github.dockerjava.zerodep.shaded.org.apache.hc.client5.http.wire - http-outgoing-1 << "{"Id":"b4fc7afd97457a2a6ec84592488a57f900fa52ed03fcd2dbaf8a116bc1f50ab3","Created":"2022-12-08T21:30:11.801619537Z","Path":"docker-entrypoint.sh","Args":["mysqld"],"State":{"Status":"running","Running":true,"Paused":false,"Restarting":false,"OOMKilled":false,"Dead":false,"Pid":148084,"ExitCode":0,"Error":"","StartedAt":"2022-12-08T21:30:12.370762583Z","FinishedAt":"0001-01-01T00:00:00Z"},"Image":"sha256:7484689f290f1defe06b65befc54cb6ad91a667cf0af59a265ffe76c46bd0478","ResolvConfPath":"/var/lib/docker/containers/b4fc7afd97457a2a6ec84592488a57f900fa52ed03fcd2dbaf8a116bc1f50ab3/resolv.conf","HostnamePath":"/var/lib/docker/containers/b4fc7afd97457a2a6ec84592488a57f900fa52ed03fcd2dbaf8a116bc1f50ab3/hostname","HostsPath":"/var/lib/docker/containers/b4fc7afd97457a2a6ec84592488a57f900fa52ed03fcd2dbaf8a116bc1f50ab3/hosts","LogPath":"/var/lib/docker/containers/b4fc7afd97457a2a6ec84592488a57f900fa52ed03fcd2dbaf8a116bc1f50ab3/b4fc7afd97457a2a6ec84592488a57f900fa52ed03fcd2dbaf8a116bc1f50ab3-json.log","Name":"/agitated_ptolemy","RestartCount":0,"Driver":"overlay2","Platform":"linux","MountLabel":"","ProcessLabel":"","AppArmorProfile":"docker-default","ExecIDs":null,"HostConfig":{"Binds":[],"ContainerIDFile":"","LogConfig":{"Type":"json-file","Config":{}},"NetworkMode":"default","PortBindings":{"3306/tcp":[{"HostIp":"","HostPort":""}]},"RestartPolicy":{"Name":"","MaximumRetryCount":0},"AutoRemove":false,"VolumeDriver":"","VolumesFrom":[],"CapAdd":null,"CapDrop":null,"CgroupnsMode":"private","Dns":null,"DnsOptions":null,"DnsSearch":null,"ExtraHosts":[],"GroupAdd":null,"IpcMode":"shareable","Cgroup":"","Links":null,"OomScoreAdj":0,"PidMode":"","Privileged":false,"PublishAllPorts":false,"ReadonlyRootfs":false,"SecurityOpt":null,"UTSMode":"","UsernsMode":"","ShmSize":67108864,"Runtime":"runc","ConsoleSize":[0,0],"Isolation":"","CpuShares":0,"Memory":0,"NanoCpus":0,"CgroupParent":"","BlkioWeight":0,"BlkioWeightDevice":null,"BlkioDeviceReadBps":null,"BlkioDeviceWriteBps":null,"BlkioDeviceReadIOps":null,"BlkioDeviceWriteIOps":null,"CpuPeriod":0,"CpuQuota":0,"CpuRealtimePeriod":0,"CpuRealtimeRuntime":0,"CpusetCpus":"","CpusetMems":"","Devices":null,"DeviceCgroupRules":null,"DeviceRequests":null,"KernelMemory":0,"KernelMemoryTCP":0,"MemoryReservation":0,"MemorySwap":0,"MemorySwappiness":null,"OomKillDisable":null,"PidsLimit":null,"Ulimits":null,"CpuCount":0,"CpuPercent":0,"IOMaximumIOps":0,"IOMaximumBandwidth":0,"MaskedPaths":["/proc/asound","/proc/acpi","/proc/kcore","/proc/keys","/proc/latency_stats","/proc/timer_list","/proc/timer_stats","/proc/sched_debug","/proc/scsi","/sys/firmware"],"ReadonlyPaths":["/proc/bus","/proc/fs","/proc/irq","/proc/sys","/proc/sysrq-trigger"]},"GraphDriver":{"Data":{"LowerDir":"/var/lib/docker/overlay2/05794d51525f65619c615558ef5f93d7c33eef44e12313fdcb3942911d0b5f7d-init/diff:/var/lib/docker/overlay2/f079a69cfd5e80e906b12f05a0c7bfaabc56ce63e947db68b722ae30905f1239/diff:/var/lib/docker/overlay2/9dfb63d6bb556846a13012421dde7951ef83a14d8ce1882287cce66f0f9bd055/diff:/var/lib/docker/overlay2/c4f8874ae33ddd14488f5051cd953acc020fa00ea72d28bd530450c0bc8f9903/diff:/var/lib/docker/overlay2/992683766b46aa5653160e6a34283b579a75000e230890d0ec0a6204af735697/diff:/var/lib/docker/overlay2/6e3fba0e1d6501c91c9bec723bb1364f75599c6c2026a6dc71773c88a49f890a/diff:/var/lib/docker/overlay2/c6c2a366f45a69704761d45d296d71bf2bf315efb15cb06ad88925ed235fad81/diff:/var/lib/docker/overlay2/7555f9b18615244719d04b23296ba418195e5e569d47baf9f1da7c3f053fe194/diff:/var/lib/docker/overlay2/7752eb17f8f8ba44a5ed178f499901fa7eb6f2e031c29ab160ee4eff4db8edaa/diff:/var/lib/docker/overlay2/9683de8b3733106f256bd0eabc7cae13623b14493b9212e863449d42b8a87390/diff:/var/lib/docker/overlay2/f5e28e407d8811526fb7dd82e4fed08d5d3124c0f22f1a9496ed27b2b457d3dd/diff:/var/lib/docker/overlay2/e2980c91c6b3331cff3994ca6f327955bb5feaef0f96bc64edce80631fdbf829/diff","MergedDir":"/var/lib/docker/overlay2/05794d51525f65619c615558ef5f93d7c33eef44e12313fdcb3942911d0b5f7d/merged","UpperDir":"/var/lib/docker/overlay2/05794d51525f65619c615558ef5f93d7c33eef44e12313fdcb3942911d0b5f7d/diff","WorkDir":"/var/lib/docker/overlay2/05794d51525f65619c615558ef5f93d7c33eef44e12313fdcb3942911d0b5f7d/work"},"Name":"overlay2"},"Mounts":[{"Type":"volume","Name":"fe29345a30f82a1c969c40b069133e9d87168ce95967d67ac182ee42c059affb","Source":"/var/lib/docker/volumes/fe29345a30f82a1c969c40b069133e9d87168ce95967d67ac182ee42c059affb/_data","Destination":"/var/lib/mysql","Driver":"local","Mode":"","RW":true,"Propagation":""}],"Config":{"Hostname":"b4fc7afd9745","Domainname":"","User":"","AttachStdin":false,"AttachStdout":false,"AttachStderr":false,"ExposedPorts":{"3306/tcp":{},"33060/tcp":{}},"Tty":false,"OpenStdin":false,"StdinOnce":false,"Env":["MYSQL_DATABASE=adm_videos","MYSQL_PASSWORD=123456","MYSQL_ROOT_PASSWORD=123456","PATH=/usr/local/sbin:/usr/local/bin:/usr/sbin:/usr/bin:/sbin:/bin","GOSU_VERSION=1.14","MYSQL_MAJOR=8.0","MYSQL_VERSION=8.0.31-1.el8","MYSQL_SHELL_VERSION=8.0.31-1.el8"],"Cmd":["mysqld"],"Image":"mysql:latest","Volumes":{"/var/lib/mysql":{}},"WorkingDir":"","Entrypoint":["docker-entrypoint.sh"],"OnBuild":null,"Labels":{"org.testcontainers":"true","org.testcontainers.sessionId":"cdd139c9-cde1-4429-bea7-edb0e651ba16"}},"NetworkSettings":{"Bridge":"","SandboxID":"8404ec7d59006489fa5b6638879180586e9aa24c1c3ae79d40e26a8f453c93b1","HairpinMode":false,"LinkLocalIPv6Address":"","LinkLocalIPv6PrefixLen":0,"Ports":{"3306/tcp":[{"HostIp":"0.0.0.0","HostPort":"49156"},{"HostIp":"::","HostPort":"49156"}],"33060/tcp":null},"SandboxKey":"/var/run/docker/netns/8404ec7d5900","SecondaryIPAddresses":null,"SecondaryIPv6Addresses":null,"EndpointID":"28c851b70d88131a783e3d87b7c50320df5f3250ebca621b1b39353a2424212a","Gateway":"172.17.0.1","GlobalIPv6Address":"","GlobalIPv6PrefixLen":0,"IPAddress":"172.17.0.3","IPPrefixLen":16,"IPv6Gateway":"","MacAddress":"02:42:ac:11:00:03","Networks":{"bridge":{"IPAMConfig":null,"Links":null,"Aliases":null,"NetworkID":"bf06afe94eca8b5ab91eae0dbaa8561a6dd16832d429dcdbaa7ed1e003cfbe56","EndpointID":"28c851b70d88131a783e3d87b7c50320df5f3250ebca621b1b39353a2424212a","Gateway":"172.17.0.1","IPAddress":"172.17.0.3","IPPrefixLen":16,"IPv6Gateway":"","GlobalIPv6Address":"","GlobalIPv6PrefixLen":0,"MacAddress":"02:42:ac:11:00:03","DriverOpts":null}}}}[\n]"
18:30:15.737 [Test worker] DEBUG com.github.dockerjava.zerodep.shaded.org.apache.hc.client5.http.wire - http-outgoing-1 << "[\r][\n]"
18:30:15.737 [Test worker] DEBUG com.github.dockerjava.zerodep.shaded.org.apache.hc.client5.http.wire - http-outgoing-1 << "0[\r][\n]"
18:30:15.737 [Test worker] DEBUG com.github.dockerjava.zerodep.shaded.org.apache.hc.client5.http.wire - http-outgoing-1 << "[\r][\n]"
18:30:15.737 [Test worker] DEBUG com.github.dockerjava.zerodep.shaded.org.apache.hc.client5.http.headers - http-outgoing-1 << HTTP/1.1 200 OK
18:30:15.737 [Test worker] DEBUG com.github.dockerjava.zerodep.shaded.org.apache.hc.client5.http.headers - http-outgoing-1 << Api-Version: 1.41
18:30:15.737 [Test worker] DEBUG com.github.dockerjava.zerodep.shaded.org.apache.hc.client5.http.headers - http-outgoing-1 << Content-Type: application/json
18:30:15.737 [Test worker] DEBUG com.github.dockerjava.zerodep.shaded.org.apache.hc.client5.http.headers - http-outgoing-1 << Docker-Experimental: false
18:30:15.737 [Test worker] DEBUG com.github.dockerjava.zerodep.shaded.org.apache.hc.client5.http.headers - http-outgoing-1 << Ostype: linux
18:30:15.737 [Test worker] DEBUG com.github.dockerjava.zerodep.shaded.org.apache.hc.client5.http.headers - http-outgoing-1 << Server: Docker/20.10.17 (linux)
18:30:15.737 [Test worker] DEBUG com.github.dockerjava.zerodep.shaded.org.apache.hc.client5.http.headers - http-outgoing-1 << Date: Thu, 08 Dec 2022 21:30:15 GMT
18:30:15.737 [Test worker] DEBUG com.github.dockerjava.zerodep.shaded.org.apache.hc.client5.http.headers - http-outgoing-1 << Transfer-Encoding: chunked
18:30:15.737 [Test worker] DEBUG com.github.dockerjava.zerodep.shaded.org.apache.hc.client5.http.impl.classic.MainClientExec - ex-00000029: connection can be kept alive for 3 MINUTES
18:30:15.740 [Test worker] DEBUG com.github.dockerjava.zerodep.shaded.org.apache.hc.client5.http.impl.classic.InternalHttpClient - ep-00000028: releasing valid endpoint
18:30:15.741 [Test worker] DEBUG com.github.dockerjava.zerodep.shaded.org.apache.hc.client5.http.impl.io.PoolingHttpClientConnectionManager - ep-00000028: releasing endpoint
18:30:15.741 [Test worker] DEBUG com.github.dockerjava.zerodep.shaded.org.apache.hc.client5.http.impl.io.PoolingHttpClientConnectionManager - ep-00000028: connection http-outgoing-1 can be kept alive for 3 MINUTES
18:30:15.741 [Test worker] DEBUG com.github.dockerjava.zerodep.shaded.org.apache.hc.client5.http.impl.io.PoolingHttpClientConnectionManager - ep-00000028: connection released [route: {}->unix://localhost:2375][total available: 1; route allocated: 1 of 2147483647; total allocated: 1 of 2147483647]
18:30:15.741 [Test worker] DEBUG ]]>&#x1f433;<![CDATA[ [mysql:latest] - Trying to create JDBC connection using com.mysql.cj.jdbc.Driver to jdbc:mysql://localhost:49156/adm_videos?useSSL=false&allowPublicKeyRetrieval=true with properties: {password=123456, user=root}
18:30:15.844 [Test worker] DEBUG org.testcontainers.shaded.com.github.dockerjava.core.command.AbstrDockerCmd - Cmd: b4fc7afd97457a2a6ec84592488a57f900fa52ed03fcd2dbaf8a116bc1f50ab3,false
18:30:15.846 [Test worker] DEBUG org.testcontainers.shaded.com.github.dockerjava.core.exec.InspectContainerCmdExec - GET: DefaultWebTarget{path=[/containers/b4fc7afd97457a2a6ec84592488a57f900fa52ed03fcd2dbaf8a116bc1f50ab3/json], queryParams={}}
18:30:15.847 [Test worker] DEBUG com.github.dockerjava.zerodep.shaded.org.apache.hc.client5.http.impl.classic.InternalHttpClient - ex-0000002A: preparing request execution
18:30:15.847 [Test worker] DEBUG com.github.dockerjava.zerodep.shaded.org.apache.hc.client5.http.protocol.RequestAddCookies - Cookie spec selected: strict
18:30:15.847 [Test worker] DEBUG com.github.dockerjava.zerodep.shaded.org.apache.hc.client5.http.protocol.RequestAuthCache - Auth cache not set in the context
18:30:15.847 [Test worker] DEBUG com.github.dockerjava.zerodep.shaded.org.apache.hc.client5.http.impl.classic.ProtocolExec - ex-0000002A: target auth state: UNCHALLENGED
18:30:15.847 [Test worker] DEBUG com.github.dockerjava.zerodep.shaded.org.apache.hc.client5.http.impl.classic.ProtocolExec - ex-0000002A: proxy auth state: UNCHALLENGED
18:30:15.847 [Test worker] DEBUG com.github.dockerjava.zerodep.shaded.org.apache.hc.client5.http.impl.classic.ConnectExec - ex-0000002A: acquiring connection with route {}->unix://localhost:2375
18:30:15.847 [Test worker] DEBUG com.github.dockerjava.zerodep.shaded.org.apache.hc.client5.http.impl.classic.InternalHttpClient - ex-0000002A: acquiring endpoint (3 MINUTES)
18:30:15.847 [Test worker] DEBUG com.github.dockerjava.zerodep.shaded.org.apache.hc.client5.http.impl.io.PoolingHttpClientConnectionManager - ex-0000002A: endpoint lease request (3 MINUTES) [route: {}->unix://localhost:2375][total available: 1; route allocated: 1 of 2147483647; total allocated: 1 of 2147483647]
18:30:15.847 [Test worker] DEBUG com.github.dockerjava.zerodep.shaded.org.apache.hc.client5.http.impl.io.PoolingHttpClientConnectionManager - ex-0000002A: endpoint leased [route: {}->unix://localhost:2375][total available: 0; route allocated: 1 of 2147483647; total allocated: 1 of 2147483647]
18:30:15.847 [Test worker] DEBUG com.github.dockerjava.zerodep.shaded.org.apache.hc.client5.http.impl.io.PoolingHttpClientConnectionManager - ex-0000002A: acquired ep-00000029
18:30:15.847 [Test worker] DEBUG com.github.dockerjava.zerodep.shaded.org.apache.hc.client5.http.impl.classic.InternalHttpClient - ex-0000002A: acquired endpoint ep-00000029
18:30:15.847 [Test worker] DEBUG com.github.dockerjava.zerodep.shaded.org.apache.hc.client5.http.impl.classic.MainClientExec - ex-0000002A: executing GET /v1.32/containers/b4fc7afd97457a2a6ec84592488a57f900fa52ed03fcd2dbaf8a116bc1f50ab3/json HTTP/1.1
18:30:15.847 [Test worker] DEBUG com.github.dockerjava.zerodep.shaded.org.apache.hc.client5.http.impl.classic.InternalHttpClient - ep-00000029: start execution ex-0000002A
18:30:15.848 [Test worker] DEBUG com.github.dockerjava.zerodep.shaded.org.apache.hc.client5.http.impl.io.PoolingHttpClientConnectionManager - ep-00000029: executing exchange ex-0000002A over http-outgoing-1
18:30:15.848 [Test worker] DEBUG com.github.dockerjava.zerodep.shaded.org.apache.hc.client5.http.headers - http-outgoing-1 >> GET /v1.32/containers/b4fc7afd97457a2a6ec84592488a57f900fa52ed03fcd2dbaf8a116bc1f50ab3/json HTTP/1.1
18:30:15.848 [Test worker] DEBUG com.github.dockerjava.zerodep.shaded.org.apache.hc.client5.http.headers - http-outgoing-1 >> accept: application/json
18:30:15.848 [Test worker] DEBUG com.github.dockerjava.zerodep.shaded.org.apache.hc.client5.http.headers - http-outgoing-1 >> x-tc-sid: cdd139c9-cde1-4429-bea7-edb0e651ba16
18:30:15.848 [Test worker] DEBUG com.github.dockerjava.zerodep.shaded.org.apache.hc.client5.http.headers - http-outgoing-1 >> Accept-Encoding: gzip, x-gzip, deflate
18:30:15.848 [Test worker] DEBUG com.github.dockerjava.zerodep.shaded.org.apache.hc.client5.http.headers - http-outgoing-1 >> Host: localhost:2375
18:30:15.848 [Test worker] DEBUG com.github.dockerjava.zerodep.shaded.org.apache.hc.client5.http.headers - http-outgoing-1 >> Connection: keep-alive
18:30:15.848 [Test worker] DEBUG com.github.dockerjava.zerodep.shaded.org.apache.hc.client5.http.headers - http-outgoing-1 >> User-Agent: Apache-HttpClient/5.0.3 (Java/17.0.2)
18:30:15.848 [Test worker] DEBUG com.github.dockerjava.zerodep.shaded.org.apache.hc.client5.http.wire - http-outgoing-1 >> "GET /v1.32/containers/b4fc7afd97457a2a6ec84592488a57f900fa52ed03fcd2dbaf8a116bc1f50ab3/json HTTP/1.1[\r][\n]"
18:30:15.848 [Test worker] DEBUG com.github.dockerjava.zerodep.shaded.org.apache.hc.client5.http.wire - http-outgoing-1 >> "accept: application/json[\r][\n]"
18:30:15.848 [Test worker] DEBUG com.github.dockerjava.zerodep.shaded.org.apache.hc.client5.http.wire - http-outgoing-1 >> "x-tc-sid: cdd139c9-cde1-4429-bea7-edb0e651ba16[\r][\n]"
18:30:15.848 [Test worker] DEBUG com.github.dockerjava.zerodep.shaded.org.apache.hc.client5.http.wire - http-outgoing-1 >> "Accept-Encoding: gzip, x-gzip, deflate[\r][\n]"
18:30:15.848 [Test worker] DEBUG com.github.dockerjava.zerodep.shaded.org.apache.hc.client5.http.wire - http-outgoing-1 >> "Host: localhost:2375[\r][\n]"
18:30:15.848 [Test worker] DEBUG com.github.dockerjava.zerodep.shaded.org.apache.hc.client5.http.wire - http-outgoing-1 >> "Connection: keep-alive[\r][\n]"
18:30:15.848 [Test worker] DEBUG com.github.dockerjava.zerodep.shaded.org.apache.hc.client5.http.wire - http-outgoing-1 >> "User-Agent: Apache-HttpClient/5.0.3 (Java/17.0.2)[\r][\n]"
18:30:15.848 [Test worker] DEBUG com.github.dockerjava.zerodep.shaded.org.apache.hc.client5.http.wire - http-outgoing-1 >> "[\r][\n]"
18:30:15.848 [Test worker] DEBUG com.github.dockerjava.zerodep.shaded.org.apache.hc.client5.http.wire - http-outgoing-1 << "HTTP/1.1 200 OK[\r][\n]"
18:30:15.848 [Test worker] DEBUG com.github.dockerjava.zerodep.shaded.org.apache.hc.client5.http.wire - http-outgoing-1 << "Api-Version: 1.41[\r][\n]"
18:30:15.848 [Test worker] DEBUG com.github.dockerjava.zerodep.shaded.org.apache.hc.client5.http.wire - http-outgoing-1 << "Content-Type: application/json[\r][\n]"
18:30:15.848 [Test worker] DEBUG com.github.dockerjava.zerodep.shaded.org.apache.hc.client5.http.wire - http-outgoing-1 << "Docker-Experimental: false[\r][\n]"
18:30:15.848 [Test worker] DEBUG com.github.dockerjava.zerodep.shaded.org.apache.hc.client5.http.wire - http-outgoing-1 << "Ostype: linux[\r][\n]"
18:30:15.848 [Test worker] DEBUG com.github.dockerjava.zerodep.shaded.org.apache.hc.client5.http.wire - http-outgoing-1 << "Server: Docker/20.10.17 (linux)[\r][\n]"
18:30:15.848 [Test worker] DEBUG com.github.dockerjava.zerodep.shaded.org.apache.hc.client5.http.wire - http-outgoing-1 << "Date: Thu, 08 Dec 2022 21:30:15 GMT[\r][\n]"
18:30:15.848 [Test worker] DEBUG com.github.dockerjava.zerodep.shaded.org.apache.hc.client5.http.wire - http-outgoing-1 << "Transfer-Encoding: chunked[\r][\n]"
18:30:15.848 [Test worker] DEBUG com.github.dockerjava.zerodep.shaded.org.apache.hc.client5.http.wire - http-outgoing-1 << "[\r][\n]"
18:30:15.848 [Test worker] DEBUG com.github.dockerjava.zerodep.shaded.org.apache.hc.client5.http.wire - http-outgoing-1 << "18a6[\r][\n]"
18:30:15.848 [Test worker] DEBUG com.github.dockerjava.zerodep.shaded.org.apache.hc.client5.http.wire - http-outgoing-1 << "{"Id":"b4fc7afd97457a2a6ec84592488a57f900fa52ed03fcd2dbaf8a116bc1f50ab3","Created":"2022-12-08T21:30:11.801619537Z","Path":"docker-entrypoint.sh","Args":["mysqld"],"State":{"Status":"running","Running":true,"Paused":false,"Restarting":false,"OOMKilled":false,"Dead":false,"Pid":148084,"ExitCode":0,"Error":"","StartedAt":"2022-12-08T21:30:12.370762583Z","FinishedAt":"0001-01-01T00:00:00Z"},"Image":"sha256:7484689f290f1defe06b65befc54cb6ad91a667cf0af59a265ffe76c46bd0478","ResolvConfPath":"/var/lib/docker/containers/b4fc7afd97457a2a6ec84592488a57f900fa52ed03fcd2dbaf8a116bc1f50ab3/resolv.conf","HostnamePath":"/var/lib/docker/containers/b4fc7afd97457a2a6ec84592488a57f900fa52ed03fcd2dbaf8a116bc1f50ab3/hostname","HostsPath":"/var/lib/docker/containers/b4fc7afd97457a2a6ec84592488a57f900fa52ed03fcd2dbaf8a116bc1f50ab3/hosts","LogPath":"/var/lib/docker/containers/b4fc7afd97457a2a6ec84592488a57f900fa52ed03fcd2dbaf8a116bc1f50ab3/b4fc7afd97457a2a6ec84592488a57f900fa52ed03fcd2dbaf8a116bc1f50ab3-json.log","Name":"/agitated_ptolemy","RestartCount":0,"Driver":"overlay2","Platform":"linux","MountLabel":"","ProcessLabel":"","AppArmorProfile":"docker-default","ExecIDs":null,"HostConfig":{"Binds":[],"ContainerIDFile":"","LogConfig":{"Type":"json-file","Config":{}},"NetworkMode":"default","PortBindings":{"3306/tcp":[{"HostIp":"","HostPort":""}]},"RestartPolicy":{"Name":"","MaximumRetryCount":0},"AutoRemove":false,"VolumeDriver":"","VolumesFrom":[],"CapAdd":null,"CapDrop":null,"CgroupnsMode":"private","Dns":null,"DnsOptions":null,"DnsSearch":null,"ExtraHosts":[],"GroupAdd":null,"IpcMode":"shareable","Cgroup":"","Links":null,"OomScoreAdj":0,"PidMode":"","Privileged":false,"PublishAllPorts":false,"ReadonlyRootfs":false,"SecurityOpt":null,"UTSMode":"","UsernsMode":"","ShmSize":67108864,"Runtime":"runc","ConsoleSize":[0,0],"Isolation":"","CpuShares":0,"Memory":0,"NanoCpus":0,"CgroupParent":"","BlkioWeight":0,"BlkioWeightDevice":null,"BlkioDeviceReadBps":null,"BlkioDeviceWriteBps":null,"BlkioDeviceReadIOps":null,"BlkioDeviceWriteIOps":null,"CpuPeriod":0,"CpuQuota":0,"CpuRealtimePeriod":0,"CpuRealtimeRuntime":0,"CpusetCpus":"","CpusetMems":"","Devices":null,"DeviceCgroupRules":null,"DeviceRequests":null,"KernelMemory":0,"KernelMemoryTCP":0,"MemoryReservation":0,"MemorySwap":0,"MemorySwappiness":null,"OomKillDisable":null,"PidsLimit":null,"Ulimits":null,"CpuCount":0,"CpuPercent":0,"IOMaximumIOps":0,"IOMaximumBandwidth":0,"MaskedPaths":["/proc/asound","/proc/acpi","/proc/kcore","/proc/keys","/proc/latency_stats","/proc/timer_list","/proc/timer_stats","/proc/sched_debug","/proc/scsi","/sys/firmware"],"ReadonlyPaths":["/proc/bus","/proc/fs","/proc/irq","/proc/sys","/proc/sysrq-trigger"]},"GraphDriver":{"Data":{"LowerDir":"/var/lib/docker/overlay2/05794d51525f65619c615558ef5f93d7c33eef44e12313fdcb3942911d0b5f7d-init/diff:/var/lib/docker/overlay2/f079a69cfd5e80e906b12f05a0c7bfaabc56ce63e947db68b722ae30905f1239/diff:/var/lib/docker/overlay2/9dfb63d6bb556846a13012421dde7951ef83a14d8ce1882287cce66f0f9bd055/diff:/var/lib/docker/overlay2/c4f8874ae33ddd14488f5051cd953acc020fa00ea72d28bd530450c0bc8f9903/diff:/var/lib/docker/overlay2/992683766b46aa5653160e6a34283b579a75000e230890d0ec0a6204af735697/diff:/var/lib/docker/overlay2/6e3fba0e1d6501c91c9bec723bb1364f75599c6c2026a6dc71773c88a49f890a/diff:/var/lib/docker/overlay2/c6c2a366f45a69704761d45d296d71bf2bf315efb15cb06ad88925ed235fad81/diff:/var/lib/docker/overlay2/7555f9b18615244719d04b23296ba418195e5e569d47baf9f1da7c3f053fe194/diff:/var/lib/docker/overlay2/7752eb17f8f8ba44a5ed178f499901fa7eb6f2e031c29ab160ee4eff4db8edaa/diff:/var/lib/docker/overlay2/9683de8b3733106f256bd0eabc7cae13623b14493b9212e863449d42b8a87390/diff:/var/lib/docker/overlay2/f5e28e407d8811526fb7dd82e4fed08d5d3124c0f22f1a9496ed27b2b457d3dd/diff:/var/lib/docker/overlay2/e2980c91c6b3331cff3994ca6f327955bb5feaef0f96bc64edce80631fdbf829/diff","MergedDir":"/var/lib/docker/overlay2/05794d51525f65619c615558ef5f93d7c33eef44e12313fdcb3942911d0b5f7d/merged","UpperDir":"/var/lib/docker/overlay2/05794d51525f65619c615558ef5f93d7c33eef44e12313fdcb3942911d0b5f7d/diff","WorkDir":"/var/lib/docker/overlay2/05794d51525f65619c615558ef5f93d7c33eef44e12313fdcb3942911d0b5f7d/work"},"Name":"overlay2"},"Mounts":[{"Type":"volume","Name":"fe29345a30f82a1c969c40b069133e9d87168ce95967d67ac182ee42c059affb","Source":"/var/lib/docker/volumes/fe29345a30f82a1c969c40b069133e9d87168ce95967d67ac182ee42c059affb/_data","Destination":"/var/lib/mysql","Driver":"local","Mode":"","RW":true,"Propagation":""}],"Config":{"Hostname":"b4fc7afd9745","Domainname":"","User":"","AttachStdin":false,"AttachStdout":false,"AttachStderr":false,"ExposedPorts":{"3306/tcp":{},"33060/tcp":{}},"Tty":false,"OpenStdin":false,"StdinOnce":false,"Env":["MYSQL_DATABASE=adm_videos","MYSQL_PASSWORD=123456","MYSQL_ROOT_PASSWORD=123456","PATH=/usr/local/sbin:/usr/local/bin:/usr/sbin:/usr/bin:/sbin:/bin","GOSU_VERSION=1.14","MYSQL_MAJOR=8.0","MYSQL_VERSION=8.0.31-1.el8","MYSQL_SHELL_VERSION=8.0.31-1.el8"],"Cmd":["mysqld"],"Image":"mysql:latest","Volumes":{"/var/lib/mysql":{}},"WorkingDir":"","Entrypoint":["docker-entrypoint.sh"],"OnBuild":null,"Labels":{"org.testcontainers":"true","org.testcontainers.sessionId":"cdd139c9-cde1-4429-bea7-edb0e651ba16"}},"NetworkSettings":{"Bridge":"","SandboxID":"8404ec7d59006489fa5b6638879180586e9aa24c1c3ae79d40e26a8f453c93b1","HairpinMode":false,"LinkLocalIPv6Address":"","LinkLocalIPv6PrefixLen":0,"Ports":{"3306/tcp":[{"HostIp":"0.0.0.0","HostPort":"49156"},{"HostIp":"::","HostPort":"49156"}],"33060/tcp":null},"SandboxKey":"/var/run/docker/netns/8404ec7d5900","SecondaryIPAddresses":null,"SecondaryIPv6Addresses":null,"EndpointID":"28c851b70d88131a783e3d87b7c50320df5f3250ebca621b1b39353a2424212a","Gateway":"172.17.0.1","GlobalIPv6Address":"","GlobalIPv6PrefixLen":0,"IPAddress":"172.17.0.3","IPPrefixLen":16,"IPv6Gateway":"","MacAddress":"02:42:ac:11:00:03","Networks":{"bridge":{"IPAMConfig":null,"Links":null,"Aliases":null,"NetworkID":"bf06afe94eca8b5ab91eae0dbaa8561a6dd16832d429dcdbaa7ed1e003cfbe56","EndpointID":"28c851b70d88131a783e3d87b7c50320df5f3250ebca621b1b39353a2424212a","Gateway":"172.17.0.1","IPAddress":"172.17.0.3","IPPrefixLen":16,"IPv6Gateway":"","GlobalIPv6Address":"","GlobalIPv6PrefixLen":0,"MacAddress":"02:42:ac:11:00:03","DriverOpts":null}}}}[\n]"
18:30:15.849 [Test worker] DEBUG com.github.dockerjava.zerodep.shaded.org.apache.hc.client5.http.wire - http-outgoing-1 << "[\r][\n]"
18:30:15.849 [Test worker] DEBUG com.github.dockerjava.zerodep.shaded.org.apache.hc.client5.http.wire - http-outgoing-1 << "0[\r][\n]"
18:30:15.849 [Test worker] DEBUG com.github.dockerjava.zerodep.shaded.org.apache.hc.client5.http.wire - http-outgoing-1 << "[\r][\n]"
18:30:15.849 [Test worker] DEBUG com.github.dockerjava.zerodep.shaded.org.apache.hc.client5.http.headers - http-outgoing-1 << HTTP/1.1 200 OK
18:30:15.849 [Test worker] DEBUG com.github.dockerjava.zerodep.shaded.org.apache.hc.client5.http.headers - http-outgoing-1 << Api-Version: 1.41
18:30:15.849 [Test worker] DEBUG com.github.dockerjava.zerodep.shaded.org.apache.hc.client5.http.headers - http-outgoing-1 << Content-Type: application/json
18:30:15.849 [Test worker] DEBUG com.github.dockerjava.zerodep.shaded.org.apache.hc.client5.http.headers - http-outgoing-1 << Docker-Experimental: false
18:30:15.849 [Test worker] DEBUG com.github.dockerjava.zerodep.shaded.org.apache.hc.client5.http.headers - http-outgoing-1 << Ostype: linux
18:30:15.849 [Test worker] DEBUG com.github.dockerjava.zerodep.shaded.org.apache.hc.client5.http.headers - http-outgoing-1 << Server: Docker/20.10.17 (linux)
18:30:15.849 [Test worker] DEBUG com.github.dockerjava.zerodep.shaded.org.apache.hc.client5.http.headers - http-outgoing-1 << Date: Thu, 08 Dec 2022 21:30:15 GMT
18:30:15.849 [Test worker] DEBUG com.github.dockerjava.zerodep.shaded.org.apache.hc.client5.http.headers - http-outgoing-1 << Transfer-Encoding: chunked
18:30:15.849 [Test worker] DEBUG com.github.dockerjava.zerodep.shaded.org.apache.hc.client5.http.impl.classic.MainClientExec - ex-0000002A: connection can be kept alive for 3 MINUTES
18:30:15.850 [Test worker] DEBUG com.github.dockerjava.zerodep.shaded.org.apache.hc.client5.http.impl.classic.InternalHttpClient - ep-00000029: releasing valid endpoint
18:30:15.850 [Test worker] DEBUG com.github.dockerjava.zerodep.shaded.org.apache.hc.client5.http.impl.io.PoolingHttpClientConnectionManager - ep-00000029: releasing endpoint
18:30:15.850 [Test worker] DEBUG com.github.dockerjava.zerodep.shaded.org.apache.hc.client5.http.impl.io.PoolingHttpClientConnectionManager - ep-00000029: connection http-outgoing-1 can be kept alive for 3 MINUTES
18:30:15.850 [Test worker] DEBUG com.github.dockerjava.zerodep.shaded.org.apache.hc.client5.http.impl.io.PoolingHttpClientConnectionManager - ep-00000029: connection released [route: {}->unix://localhost:2375][total available: 1; route allocated: 1 of 2147483647; total allocated: 1 of 2147483647]
18:30:15.850 [Test worker] DEBUG ]]>&#x1f433;<![CDATA[ [mysql:latest] - Trying to create JDBC connection using com.mysql.cj.jdbc.Driver to jdbc:mysql://localhost:49156/adm_videos?useSSL=false&allowPublicKeyRetrieval=true with properties: {password=123456, user=root}
18:30:15.952 [Test worker] DEBUG org.testcontainers.shaded.com.github.dockerjava.core.command.AbstrDockerCmd - Cmd: b4fc7afd97457a2a6ec84592488a57f900fa52ed03fcd2dbaf8a116bc1f50ab3,false
18:30:15.952 [Test worker] DEBUG org.testcontainers.shaded.com.github.dockerjava.core.exec.InspectContainerCmdExec - GET: DefaultWebTarget{path=[/containers/b4fc7afd97457a2a6ec84592488a57f900fa52ed03fcd2dbaf8a116bc1f50ab3/json], queryParams={}}
18:30:15.953 [Test worker] DEBUG com.github.dockerjava.zerodep.shaded.org.apache.hc.client5.http.impl.classic.InternalHttpClient - ex-0000002B: preparing request execution
18:30:15.953 [Test worker] DEBUG com.github.dockerjava.zerodep.shaded.org.apache.hc.client5.http.protocol.RequestAddCookies - Cookie spec selected: strict
18:30:15.953 [Test worker] DEBUG com.github.dockerjava.zerodep.shaded.org.apache.hc.client5.http.protocol.RequestAuthCache - Auth cache not set in the context
18:30:15.953 [Test worker] DEBUG com.github.dockerjava.zerodep.shaded.org.apache.hc.client5.http.impl.classic.ProtocolExec - ex-0000002B: target auth state: UNCHALLENGED
18:30:15.953 [Test worker] DEBUG com.github.dockerjava.zerodep.shaded.org.apache.hc.client5.http.impl.classic.ProtocolExec - ex-0000002B: proxy auth state: UNCHALLENGED
18:30:15.953 [Test worker] DEBUG com.github.dockerjava.zerodep.shaded.org.apache.hc.client5.http.impl.classic.ConnectExec - ex-0000002B: acquiring connection with route {}->unix://localhost:2375
18:30:15.953 [Test worker] DEBUG com.github.dockerjava.zerodep.shaded.org.apache.hc.client5.http.impl.classic.InternalHttpClient - ex-0000002B: acquiring endpoint (3 MINUTES)
18:30:15.953 [Test worker] DEBUG com.github.dockerjava.zerodep.shaded.org.apache.hc.client5.http.impl.io.PoolingHttpClientConnectionManager - ex-0000002B: endpoint lease request (3 MINUTES) [route: {}->unix://localhost:2375][total available: 1; route allocated: 1 of 2147483647; total allocated: 1 of 2147483647]
18:30:15.953 [Test worker] DEBUG com.github.dockerjava.zerodep.shaded.org.apache.hc.client5.http.impl.io.PoolingHttpClientConnectionManager - ex-0000002B: endpoint leased [route: {}->unix://localhost:2375][total available: 0; route allocated: 1 of 2147483647; total allocated: 1 of 2147483647]
18:30:15.953 [Test worker] DEBUG com.github.dockerjava.zerodep.shaded.org.apache.hc.client5.http.impl.io.PoolingHttpClientConnectionManager - ex-0000002B: acquired ep-0000002A
18:30:15.953 [Test worker] DEBUG com.github.dockerjava.zerodep.shaded.org.apache.hc.client5.http.impl.classic.InternalHttpClient - ex-0000002B: acquired endpoint ep-0000002A
18:30:15.953 [Test worker] DEBUG com.github.dockerjava.zerodep.shaded.org.apache.hc.client5.http.impl.classic.MainClientExec - ex-0000002B: executing GET /v1.32/containers/b4fc7afd97457a2a6ec84592488a57f900fa52ed03fcd2dbaf8a116bc1f50ab3/json HTTP/1.1
18:30:15.953 [Test worker] DEBUG com.github.dockerjava.zerodep.shaded.org.apache.hc.client5.http.impl.classic.InternalHttpClient - ep-0000002A: start execution ex-0000002B
18:30:15.953 [Test worker] DEBUG com.github.dockerjava.zerodep.shaded.org.apache.hc.client5.http.impl.io.PoolingHttpClientConnectionManager - ep-0000002A: executing exchange ex-0000002B over http-outgoing-1
18:30:15.953 [Test worker] DEBUG com.github.dockerjava.zerodep.shaded.org.apache.hc.client5.http.headers - http-outgoing-1 >> GET /v1.32/containers/b4fc7afd97457a2a6ec84592488a57f900fa52ed03fcd2dbaf8a116bc1f50ab3/json HTTP/1.1
18:30:15.953 [Test worker] DEBUG com.github.dockerjava.zerodep.shaded.org.apache.hc.client5.http.headers - http-outgoing-1 >> accept: application/json
18:30:15.953 [Test worker] DEBUG com.github.dockerjava.zerodep.shaded.org.apache.hc.client5.http.headers - http-outgoing-1 >> x-tc-sid: cdd139c9-cde1-4429-bea7-edb0e651ba16
18:30:15.953 [Test worker] DEBUG com.github.dockerjava.zerodep.shaded.org.apache.hc.client5.http.headers - http-outgoing-1 >> Accept-Encoding: gzip, x-gzip, deflate
18:30:15.953 [Test worker] DEBUG com.github.dockerjava.zerodep.shaded.org.apache.hc.client5.http.headers - http-outgoing-1 >> Host: localhost:2375
18:30:15.953 [Test worker] DEBUG com.github.dockerjava.zerodep.shaded.org.apache.hc.client5.http.headers - http-outgoing-1 >> Connection: keep-alive
18:30:15.953 [Test worker] DEBUG com.github.dockerjava.zerodep.shaded.org.apache.hc.client5.http.headers - http-outgoing-1 >> User-Agent: Apache-HttpClient/5.0.3 (Java/17.0.2)
18:30:15.953 [Test worker] DEBUG com.github.dockerjava.zerodep.shaded.org.apache.hc.client5.http.wire - http-outgoing-1 >> "GET /v1.32/containers/b4fc7afd97457a2a6ec84592488a57f900fa52ed03fcd2dbaf8a116bc1f50ab3/json HTTP/1.1[\r][\n]"
18:30:15.953 [Test worker] DEBUG com.github.dockerjava.zerodep.shaded.org.apache.hc.client5.http.wire - http-outgoing-1 >> "accept: application/json[\r][\n]"
18:30:15.953 [Test worker] DEBUG com.github.dockerjava.zerodep.shaded.org.apache.hc.client5.http.wire - http-outgoing-1 >> "x-tc-sid: cdd139c9-cde1-4429-bea7-edb0e651ba16[\r][\n]"
18:30:15.953 [Test worker] DEBUG com.github.dockerjava.zerodep.shaded.org.apache.hc.client5.http.wire - http-outgoing-1 >> "Accept-Encoding: gzip, x-gzip, deflate[\r][\n]"
18:30:15.953 [Test worker] DEBUG com.github.dockerjava.zerodep.shaded.org.apache.hc.client5.http.wire - http-outgoing-1 >> "Host: localhost:2375[\r][\n]"
18:30:15.953 [Test worker] DEBUG com.github.dockerjava.zerodep.shaded.org.apache.hc.client5.http.wire - http-outgoing-1 >> "Connection: keep-alive[\r][\n]"
18:30:15.953 [Test worker] DEBUG com.github.dockerjava.zerodep.shaded.org.apache.hc.client5.http.wire - http-outgoing-1 >> "User-Agent: Apache-HttpClient/5.0.3 (Java/17.0.2)[\r][\n]"
18:30:15.953 [Test worker] DEBUG com.github.dockerjava.zerodep.shaded.org.apache.hc.client5.http.wire - http-outgoing-1 >> "[\r][\n]"
18:30:15.954 [Test worker] DEBUG com.github.dockerjava.zerodep.shaded.org.apache.hc.client5.http.wire - http-outgoing-1 << "HTTP/1.1 200 OK[\r][\n]"
18:30:15.954 [Test worker] DEBUG com.github.dockerjava.zerodep.shaded.org.apache.hc.client5.http.wire - http-outgoing-1 << "Api-Version: 1.41[\r][\n]"
18:30:15.954 [Test worker] DEBUG com.github.dockerjava.zerodep.shaded.org.apache.hc.client5.http.wire - http-outgoing-1 << "Content-Type: application/json[\r][\n]"
18:30:15.954 [Test worker] DEBUG com.github.dockerjava.zerodep.shaded.org.apache.hc.client5.http.wire - http-outgoing-1 << "Docker-Experimental: false[\r][\n]"
18:30:15.954 [Test worker] DEBUG com.github.dockerjava.zerodep.shaded.org.apache.hc.client5.http.wire - http-outgoing-1 << "Ostype: linux[\r][\n]"
18:30:15.954 [Test worker] DEBUG com.github.dockerjava.zerodep.shaded.org.apache.hc.client5.http.wire - http-outgoing-1 << "Server: Docker/20.10.17 (linux)[\r][\n]"
18:30:15.954 [Test worker] DEBUG com.github.dockerjava.zerodep.shaded.org.apache.hc.client5.http.wire - http-outgoing-1 << "Date: Thu, 08 Dec 2022 21:30:15 GMT[\r][\n]"
18:30:15.954 [Test worker] DEBUG com.github.dockerjava.zerodep.shaded.org.apache.hc.client5.http.wire - http-outgoing-1 << "Transfer-Encoding: chunked[\r][\n]"
18:30:15.954 [Test worker] DEBUG com.github.dockerjava.zerodep.shaded.org.apache.hc.client5.http.wire - http-outgoing-1 << "[\r][\n]"
18:30:15.954 [Test worker] DEBUG com.github.dockerjava.zerodep.shaded.org.apache.hc.client5.http.wire - http-outgoing-1 << "18a6[\r][\n]"
18:30:15.954 [Test worker] DEBUG com.github.dockerjava.zerodep.shaded.org.apache.hc.client5.http.wire - http-outgoing-1 << "{"Id":"b4fc7afd97457a2a6ec84592488a57f900fa52ed03fcd2dbaf8a116bc1f50ab3","Created":"2022-12-08T21:30:11.801619537Z","Path":"docker-entrypoint.sh","Args":["mysqld"],"State":{"Status":"running","Running":true,"Paused":false,"Restarting":false,"OOMKilled":false,"Dead":false,"Pid":148084,"ExitCode":0,"Error":"","StartedAt":"2022-12-08T21:30:12.370762583Z","FinishedAt":"0001-01-01T00:00:00Z"},"Image":"sha256:7484689f290f1defe06b65befc54cb6ad91a667cf0af59a265ffe76c46bd0478","ResolvConfPath":"/var/lib/docker/containers/b4fc7afd97457a2a6ec84592488a57f900fa52ed03fcd2dbaf8a116bc1f50ab3/resolv.conf","HostnamePath":"/var/lib/docker/containers/b4fc7afd97457a2a6ec84592488a57f900fa52ed03fcd2dbaf8a116bc1f50ab3/hostname","HostsPath":"/var/lib/docker/containers/b4fc7afd97457a2a6ec84592488a57f900fa52ed03fcd2dbaf8a116bc1f50ab3/hosts","LogPath":"/var/lib/docker/containers/b4fc7afd97457a2a6ec84592488a57f900fa52ed03fcd2dbaf8a116bc1f50ab3/b4fc7afd97457a2a6ec84592488a57f900fa52ed03fcd2dbaf8a116bc1f50ab3-json.log","Name":"/agitated_ptolemy","RestartCount":0,"Driver":"overlay2","Platform":"linux","MountLabel":"","ProcessLabel":"","AppArmorProfile":"docker-default","ExecIDs":null,"HostConfig":{"Binds":[],"ContainerIDFile":"","LogConfig":{"Type":"json-file","Config":{}},"NetworkMode":"default","PortBindings":{"3306/tcp":[{"HostIp":"","HostPort":""}]},"RestartPolicy":{"Name":"","MaximumRetryCount":0},"AutoRemove":false,"VolumeDriver":"","VolumesFrom":[],"CapAdd":null,"CapDrop":null,"CgroupnsMode":"private","Dns":null,"DnsOptions":null,"DnsSearch":null,"ExtraHosts":[],"GroupAdd":null,"IpcMode":"shareable","Cgroup":"","Links":null,"OomScoreAdj":0,"PidMode":"","Privileged":false,"PublishAllPorts":false,"ReadonlyRootfs":false,"SecurityOpt":null,"UTSMode":"","UsernsMode":"","ShmSize":67108864,"Runtime":"runc","ConsoleSize":[0,0],"Isolation":"","CpuShares":0,"Memory":0,"NanoCpus":0,"CgroupParent":"","BlkioWeight":0,"BlkioWeightDevice":null,"BlkioDeviceReadBps":null,"BlkioDeviceWriteBps":null,"BlkioDeviceReadIOps":null,"BlkioDeviceWriteIOps":null,"CpuPeriod":0,"CpuQuota":0,"CpuRealtimePeriod":0,"CpuRealtimeRuntime":0,"CpusetCpus":"","CpusetMems":"","Devices":null,"DeviceCgroupRules":null,"DeviceRequests":null,"KernelMemory":0,"KernelMemoryTCP":0,"MemoryReservation":0,"MemorySwap":0,"MemorySwappiness":null,"OomKillDisable":null,"PidsLimit":null,"Ulimits":null,"CpuCount":0,"CpuPercent":0,"IOMaximumIOps":0,"IOMaximumBandwidth":0,"MaskedPaths":["/proc/asound","/proc/acpi","/proc/kcore","/proc/keys","/proc/latency_stats","/proc/timer_list","/proc/timer_stats","/proc/sched_debug","/proc/scsi","/sys/firmware"],"ReadonlyPaths":["/proc/bus","/proc/fs","/proc/irq","/proc/sys","/proc/sysrq-trigger"]},"GraphDriver":{"Data":{"LowerDir":"/var/lib/docker/overlay2/05794d51525f65619c615558ef5f93d7c33eef44e12313fdcb3942911d0b5f7d-init/diff:/var/lib/docker/overlay2/f079a69cfd5e80e906b12f05a0c7bfaabc56ce63e947db68b722ae30905f1239/diff:/var/lib/docker/overlay2/9dfb63d6bb556846a13012421dde7951ef83a14d8ce1882287cce66f0f9bd055/diff:/var/lib/docker/overlay2/c4f8874ae33ddd14488f5051cd953acc020fa00ea72d28bd530450c0bc8f9903/diff:/var/lib/docker/overlay2/992683766b46aa5653160e6a34283b579a75000e230890d0ec0a6204af735697/diff:/var/lib/docker/overlay2/6e3fba0e1d6501c91c9bec723bb1364f75599c6c2026a6dc71773c88a49f890a/diff:/var/lib/docker/overlay2/c6c2a366f45a69704761d45d296d71bf2bf315efb15cb06ad88925ed235fad81/diff:/var/lib/docker/overlay2/7555f9b18615244719d04b23296ba418195e5e569d47baf9f1da7c3f053fe194/diff:/var/lib/docker/overlay2/7752eb17f8f8ba44a5ed178f499901fa7eb6f2e031c29ab160ee4eff4db8edaa/diff:/var/lib/docker/overlay2/9683de8b3733106f256bd0eabc7cae13623b14493b9212e863449d42b8a87390/diff:/var/lib/docker/overlay2/f5e28e407d8811526fb7dd82e4fed08d5d3124c0f22f1a9496ed27b2b457d3dd/diff:/var/lib/docker/overlay2/e2980c91c6b3331cff3994ca6f327955bb5feaef0f96bc64edce80631fdbf829/diff","MergedDir":"/var/lib/docker/overlay2/05794d51525f65619c615558ef5f93d7c33eef44e12313fdcb3942911d0b5f7d/merged","UpperDir":"/var/lib/docker/overlay2/05794d51525f65619c615558ef5f93d7c33eef44e12313fdcb3942911d0b5f7d/diff","WorkDir":"/var/lib/docker/overlay2/05794d51525f65619c615558ef5f93d7c33eef44e12313fdcb3942911d0b5f7d/work"},"Name":"overlay2"},"Mounts":[{"Type":"volume","Name":"fe29345a30f82a1c969c40b069133e9d87168ce95967d67ac182ee42c059affb","Source":"/var/lib/docker/volumes/fe29345a30f82a1c969c40b069133e9d87168ce95967d67ac182ee42c059affb/_data","Destination":"/var/lib/mysql","Driver":"local","Mode":"","RW":true,"Propagation":""}],"Config":{"Hostname":"b4fc7afd9745","Domainname":"","User":"","AttachStdin":false,"AttachStdout":false,"AttachStderr":false,"ExposedPorts":{"3306/tcp":{},"33060/tcp":{}},"Tty":false,"OpenStdin":false,"StdinOnce":false,"Env":["MYSQL_DATABASE=adm_videos","MYSQL_PASSWORD=123456","MYSQL_ROOT_PASSWORD=123456","PATH=/usr/local/sbin:/usr/local/bin:/usr/sbin:/usr/bin:/sbin:/bin","GOSU_VERSION=1.14","MYSQL_MAJOR=8.0","MYSQL_VERSION=8.0.31-1.el8","MYSQL_SHELL_VERSION=8.0.31-1.el8"],"Cmd":["mysqld"],"Image":"mysql:latest","Volumes":{"/var/lib/mysql":{}},"WorkingDir":"","Entrypoint":["docker-entrypoint.sh"],"OnBuild":null,"Labels":{"org.testcontainers":"true","org.testcontainers.sessionId":"cdd139c9-cde1-4429-bea7-edb0e651ba16"}},"NetworkSettings":{"Bridge":"","SandboxID":"8404ec7d59006489fa5b6638879180586e9aa24c1c3ae79d40e26a8f453c93b1","HairpinMode":false,"LinkLocalIPv6Address":"","LinkLocalIPv6PrefixLen":0,"Ports":{"3306/tcp":[{"HostIp":"0.0.0.0","HostPort":"49156"},{"HostIp":"::","HostPort":"49156"}],"33060/tcp":null},"SandboxKey":"/var/run/docker/netns/8404ec7d5900","SecondaryIPAddresses":null,"SecondaryIPv6Addresses":null,"EndpointID":"28c851b70d88131a783e3d87b7c50320df5f3250ebca621b1b39353a2424212a","Gateway":"172.17.0.1","GlobalIPv6Address":"","GlobalIPv6PrefixLen":0,"IPAddress":"172.17.0.3","IPPrefixLen":16,"IPv6Gateway":"","MacAddress":"02:42:ac:11:00:03","Networks":{"bridge":{"IPAMConfig":null,"Links":null,"Aliases":null,"NetworkID":"bf06afe94eca8b5ab91eae0dbaa8561a6dd16832d429dcdbaa7ed1e003cfbe56","EndpointID":"28c851b70d88131a783e3d87b7c50320df5f3250ebca621b1b39353a2424212a","Gateway":"172.17.0.1","IPAddress":"172.17.0.3","IPPrefixLen":16,"IPv6Gateway":"","GlobalIPv6Address":"","GlobalIPv6PrefixLen":0,"MacAddress":"02:42:ac:11:00:03","DriverOpts":null}}}}[\n]"
18:30:15.954 [Test worker] DEBUG com.github.dockerjava.zerodep.shaded.org.apache.hc.client5.http.wire - http-outgoing-1 << "[\r][\n]"
18:30:15.954 [Test worker] DEBUG com.github.dockerjava.zerodep.shaded.org.apache.hc.client5.http.wire - http-outgoing-1 << "0[\r][\n]"
18:30:15.954 [Test worker] DEBUG com.github.dockerjava.zerodep.shaded.org.apache.hc.client5.http.wire - http-outgoing-1 << "[\r][\n]"
18:30:15.954 [Test worker] DEBUG com.github.dockerjava.zerodep.shaded.org.apache.hc.client5.http.headers - http-outgoing-1 << HTTP/1.1 200 OK
18:30:15.954 [Test worker] DEBUG com.github.dockerjava.zerodep.shaded.org.apache.hc.client5.http.headers - http-outgoing-1 << Api-Version: 1.41
18:30:15.954 [Test worker] DEBUG com.github.dockerjava.zerodep.shaded.org.apache.hc.client5.http.headers - http-outgoing-1 << Content-Type: application/json
18:30:15.954 [Test worker] DEBUG com.github.dockerjava.zerodep.shaded.org.apache.hc.client5.http.headers - http-outgoing-1 << Docker-Experimental: false
18:30:15.954 [Test worker] DEBUG com.github.dockerjava.zerodep.shaded.org.apache.hc.client5.http.headers - http-outgoing-1 << Ostype: linux
18:30:15.954 [Test worker] DEBUG com.github.dockerjava.zerodep.shaded.org.apache.hc.client5.http.headers - http-outgoing-1 << Server: Docker/20.10.17 (linux)
18:30:15.954 [Test worker] DEBUG com.github.dockerjava.zerodep.shaded.org.apache.hc.client5.http.headers - http-outgoing-1 << Date: Thu, 08 Dec 2022 21:30:15 GMT
18:30:15.954 [Test worker] DEBUG com.github.dockerjava.zerodep.shaded.org.apache.hc.client5.http.headers - http-outgoing-1 << Transfer-Encoding: chunked
18:30:15.954 [Test worker] DEBUG com.github.dockerjava.zerodep.shaded.org.apache.hc.client5.http.impl.classic.MainClientExec - ex-0000002B: connection can be kept alive for 3 MINUTES
18:30:15.955 [Test worker] DEBUG com.github.dockerjava.zerodep.shaded.org.apache.hc.client5.http.impl.classic.InternalHttpClient - ep-0000002A: releasing valid endpoint
18:30:15.955 [Test worker] DEBUG com.github.dockerjava.zerodep.shaded.org.apache.hc.client5.http.impl.io.PoolingHttpClientConnectionManager - ep-0000002A: releasing endpoint
18:30:15.955 [Test worker] DEBUG com.github.dockerjava.zerodep.shaded.org.apache.hc.client5.http.impl.io.PoolingHttpClientConnectionManager - ep-0000002A: connection http-outgoing-1 can be kept alive for 3 MINUTES
18:30:15.956 [Test worker] DEBUG com.github.dockerjava.zerodep.shaded.org.apache.hc.client5.http.impl.io.PoolingHttpClientConnectionManager - ep-0000002A: connection released [route: {}->unix://localhost:2375][total available: 1; route allocated: 1 of 2147483647; total allocated: 1 of 2147483647]
18:30:15.956 [Test worker] DEBUG ]]>&#x1f433;<![CDATA[ [mysql:latest] - Trying to create JDBC connection using com.mysql.cj.jdbc.Driver to jdbc:mysql://localhost:49156/adm_videos?useSSL=false&allowPublicKeyRetrieval=true with properties: {password=123456, user=root}
18:30:16.057 [Test worker] DEBUG org.testcontainers.shaded.com.github.dockerjava.core.command.AbstrDockerCmd - Cmd: b4fc7afd97457a2a6ec84592488a57f900fa52ed03fcd2dbaf8a116bc1f50ab3,false
18:30:16.058 [Test worker] DEBUG org.testcontainers.shaded.com.github.dockerjava.core.exec.InspectContainerCmdExec - GET: DefaultWebTarget{path=[/containers/b4fc7afd97457a2a6ec84592488a57f900fa52ed03fcd2dbaf8a116bc1f50ab3/json], queryParams={}}
18:30:16.058 [Test worker] DEBUG com.github.dockerjava.zerodep.shaded.org.apache.hc.client5.http.impl.classic.InternalHttpClient - ex-0000002C: preparing request execution
18:30:16.058 [Test worker] DEBUG com.github.dockerjava.zerodep.shaded.org.apache.hc.client5.http.protocol.RequestAddCookies - Cookie spec selected: strict
18:30:16.058 [Test worker] DEBUG com.github.dockerjava.zerodep.shaded.org.apache.hc.client5.http.protocol.RequestAuthCache - Auth cache not set in the context
18:30:16.058 [Test worker] DEBUG com.github.dockerjava.zerodep.shaded.org.apache.hc.client5.http.impl.classic.ProtocolExec - ex-0000002C: target auth state: UNCHALLENGED
18:30:16.058 [Test worker] DEBUG com.github.dockerjava.zerodep.shaded.org.apache.hc.client5.http.impl.classic.ProtocolExec - ex-0000002C: proxy auth state: UNCHALLENGED
18:30:16.058 [Test worker] DEBUG com.github.dockerjava.zerodep.shaded.org.apache.hc.client5.http.impl.classic.ConnectExec - ex-0000002C: acquiring connection with route {}->unix://localhost:2375
18:30:16.058 [Test worker] DEBUG com.github.dockerjava.zerodep.shaded.org.apache.hc.client5.http.impl.classic.InternalHttpClient - ex-0000002C: acquiring endpoint (3 MINUTES)
18:30:16.058 [Test worker] DEBUG com.github.dockerjava.zerodep.shaded.org.apache.hc.client5.http.impl.io.PoolingHttpClientConnectionManager - ex-0000002C: endpoint lease request (3 MINUTES) [route: {}->unix://localhost:2375][total available: 1; route allocated: 1 of 2147483647; total allocated: 1 of 2147483647]
18:30:16.058 [Test worker] DEBUG com.github.dockerjava.zerodep.shaded.org.apache.hc.client5.http.impl.io.PoolingHttpClientConnectionManager - ex-0000002C: endpoint leased [route: {}->unix://localhost:2375][total available: 0; route allocated: 1 of 2147483647; total allocated: 1 of 2147483647]
18:30:16.059 [Test worker] DEBUG com.github.dockerjava.zerodep.shaded.org.apache.hc.client5.http.impl.io.PoolingHttpClientConnectionManager - ex-0000002C: acquired ep-0000002B
18:30:16.059 [Test worker] DEBUG com.github.dockerjava.zerodep.shaded.org.apache.hc.client5.http.impl.classic.InternalHttpClient - ex-0000002C: acquired endpoint ep-0000002B
18:30:16.059 [Test worker] DEBUG com.github.dockerjava.zerodep.shaded.org.apache.hc.client5.http.impl.classic.MainClientExec - ex-0000002C: executing GET /v1.32/containers/b4fc7afd97457a2a6ec84592488a57f900fa52ed03fcd2dbaf8a116bc1f50ab3/json HTTP/1.1
18:30:16.059 [Test worker] DEBUG com.github.dockerjava.zerodep.shaded.org.apache.hc.client5.http.impl.classic.InternalHttpClient - ep-0000002B: start execution ex-0000002C
18:30:16.059 [Test worker] DEBUG com.github.dockerjava.zerodep.shaded.org.apache.hc.client5.http.impl.io.PoolingHttpClientConnectionManager - ep-0000002B: executing exchange ex-0000002C over http-outgoing-1
18:30:16.059 [Test worker] DEBUG com.github.dockerjava.zerodep.shaded.org.apache.hc.client5.http.headers - http-outgoing-1 >> GET /v1.32/containers/b4fc7afd97457a2a6ec84592488a57f900fa52ed03fcd2dbaf8a116bc1f50ab3/json HTTP/1.1
18:30:16.059 [Test worker] DEBUG com.github.dockerjava.zerodep.shaded.org.apache.hc.client5.http.headers - http-outgoing-1 >> accept: application/json
18:30:16.059 [Test worker] DEBUG com.github.dockerjava.zerodep.shaded.org.apache.hc.client5.http.headers - http-outgoing-1 >> x-tc-sid: cdd139c9-cde1-4429-bea7-edb0e651ba16
18:30:16.059 [Test worker] DEBUG com.github.dockerjava.zerodep.shaded.org.apache.hc.client5.http.headers - http-outgoing-1 >> Accept-Encoding: gzip, x-gzip, deflate
18:30:16.059 [Test worker] DEBUG com.github.dockerjava.zerodep.shaded.org.apache.hc.client5.http.headers - http-outgoing-1 >> Host: localhost:2375
18:30:16.059 [Test worker] DEBUG com.github.dockerjava.zerodep.shaded.org.apache.hc.client5.http.headers - http-outgoing-1 >> Connection: keep-alive
18:30:16.059 [Test worker] DEBUG com.github.dockerjava.zerodep.shaded.org.apache.hc.client5.http.headers - http-outgoing-1 >> User-Agent: Apache-HttpClient/5.0.3 (Java/17.0.2)
18:30:16.059 [Test worker] DEBUG com.github.dockerjava.zerodep.shaded.org.apache.hc.client5.http.wire - http-outgoing-1 >> "GET /v1.32/containers/b4fc7afd97457a2a6ec84592488a57f900fa52ed03fcd2dbaf8a116bc1f50ab3/json HTTP/1.1[\r][\n]"
18:30:16.059 [Test worker] DEBUG com.github.dockerjava.zerodep.shaded.org.apache.hc.client5.http.wire - http-outgoing-1 >> "accept: application/json[\r][\n]"
18:30:16.059 [Test worker] DEBUG com.github.dockerjava.zerodep.shaded.org.apache.hc.client5.http.wire - http-outgoing-1 >> "x-tc-sid: cdd139c9-cde1-4429-bea7-edb0e651ba16[\r][\n]"
18:30:16.059 [Test worker] DEBUG com.github.dockerjava.zerodep.shaded.org.apache.hc.client5.http.wire - http-outgoing-1 >> "Accept-Encoding: gzip, x-gzip, deflate[\r][\n]"
18:30:16.059 [Test worker] DEBUG com.github.dockerjava.zerodep.shaded.org.apache.hc.client5.http.wire - http-outgoing-1 >> "Host: localhost:2375[\r][\n]"
18:30:16.059 [Test worker] DEBUG com.github.dockerjava.zerodep.shaded.org.apache.hc.client5.http.wire - http-outgoing-1 >> "Connection: keep-alive[\r][\n]"
18:30:16.059 [Test worker] DEBUG com.github.dockerjava.zerodep.shaded.org.apache.hc.client5.http.wire - http-outgoing-1 >> "User-Agent: Apache-HttpClient/5.0.3 (Java/17.0.2)[\r][\n]"
18:30:16.059 [Test worker] DEBUG com.github.dockerjava.zerodep.shaded.org.apache.hc.client5.http.wire - http-outgoing-1 >> "[\r][\n]"
18:30:16.059 [Test worker] DEBUG com.github.dockerjava.zerodep.shaded.org.apache.hc.client5.http.wire - http-outgoing-1 << "HTTP/1.1 200 OK[\r][\n]"
18:30:16.059 [Test worker] DEBUG com.github.dockerjava.zerodep.shaded.org.apache.hc.client5.http.wire - http-outgoing-1 << "Api-Version: 1.41[\r][\n]"
18:30:16.059 [Test worker] DEBUG com.github.dockerjava.zerodep.shaded.org.apache.hc.client5.http.wire - http-outgoing-1 << "Content-Type: application/json[\r][\n]"
18:30:16.060 [Test worker] DEBUG com.github.dockerjava.zerodep.shaded.org.apache.hc.client5.http.wire - http-outgoing-1 << "Docker-Experimental: false[\r][\n]"
18:30:16.060 [Test worker] DEBUG com.github.dockerjava.zerodep.shaded.org.apache.hc.client5.http.wire - http-outgoing-1 << "Ostype: linux[\r][\n]"
18:30:16.060 [Test worker] DEBUG com.github.dockerjava.zerodep.shaded.org.apache.hc.client5.http.wire - http-outgoing-1 << "Server: Docker/20.10.17 (linux)[\r][\n]"
18:30:16.060 [Test worker] DEBUG com.github.dockerjava.zerodep.shaded.org.apache.hc.client5.http.wire - http-outgoing-1 << "Date: Thu, 08 Dec 2022 21:30:16 GMT[\r][\n]"
18:30:16.060 [Test worker] DEBUG com.github.dockerjava.zerodep.shaded.org.apache.hc.client5.http.wire - http-outgoing-1 << "Transfer-Encoding: chunked[\r][\n]"
18:30:16.060 [Test worker] DEBUG com.github.dockerjava.zerodep.shaded.org.apache.hc.client5.http.wire - http-outgoing-1 << "[\r][\n]"
18:30:16.060 [Test worker] DEBUG com.github.dockerjava.zerodep.shaded.org.apache.hc.client5.http.wire - http-outgoing-1 << "18a6[\r][\n]"
18:30:16.060 [Test worker] DEBUG com.github.dockerjava.zerodep.shaded.org.apache.hc.client5.http.wire - http-outgoing-1 << "{"Id":"b4fc7afd97457a2a6ec84592488a57f900fa52ed03fcd2dbaf8a116bc1f50ab3","Created":"2022-12-08T21:30:11.801619537Z","Path":"docker-entrypoint.sh","Args":["mysqld"],"State":{"Status":"running","Running":true,"Paused":false,"Restarting":false,"OOMKilled":false,"Dead":false,"Pid":148084,"ExitCode":0,"Error":"","StartedAt":"2022-12-08T21:30:12.370762583Z","FinishedAt":"0001-01-01T00:00:00Z"},"Image":"sha256:7484689f290f1defe06b65befc54cb6ad91a667cf0af59a265ffe76c46bd0478","ResolvConfPath":"/var/lib/docker/containers/b4fc7afd97457a2a6ec84592488a57f900fa52ed03fcd2dbaf8a116bc1f50ab3/resolv.conf","HostnamePath":"/var/lib/docker/containers/b4fc7afd97457a2a6ec84592488a57f900fa52ed03fcd2dbaf8a116bc1f50ab3/hostname","HostsPath":"/var/lib/docker/containers/b4fc7afd97457a2a6ec84592488a57f900fa52ed03fcd2dbaf8a116bc1f50ab3/hosts","LogPath":"/var/lib/docker/containers/b4fc7afd97457a2a6ec84592488a57f900fa52ed03fcd2dbaf8a116bc1f50ab3/b4fc7afd97457a2a6ec84592488a57f900fa52ed03fcd2dbaf8a116bc1f50ab3-json.log","Name":"/agitated_ptolemy","RestartCount":0,"Driver":"overlay2","Platform":"linux","MountLabel":"","ProcessLabel":"","AppArmorProfile":"docker-default","ExecIDs":null,"HostConfig":{"Binds":[],"ContainerIDFile":"","LogConfig":{"Type":"json-file","Config":{}},"NetworkMode":"default","PortBindings":{"3306/tcp":[{"HostIp":"","HostPort":""}]},"RestartPolicy":{"Name":"","MaximumRetryCount":0},"AutoRemove":false,"VolumeDriver":"","VolumesFrom":[],"CapAdd":null,"CapDrop":null,"CgroupnsMode":"private","Dns":null,"DnsOptions":null,"DnsSearch":null,"ExtraHosts":[],"GroupAdd":null,"IpcMode":"shareable","Cgroup":"","Links":null,"OomScoreAdj":0,"PidMode":"","Privileged":false,"PublishAllPorts":false,"ReadonlyRootfs":false,"SecurityOpt":null,"UTSMode":"","UsernsMode":"","ShmSize":67108864,"Runtime":"runc","ConsoleSize":[0,0],"Isolation":"","CpuShares":0,"Memory":0,"NanoCpus":0,"CgroupParent":"","BlkioWeight":0,"BlkioWeightDevice":null,"BlkioDeviceReadBps":null,"BlkioDeviceWriteBps":null,"BlkioDeviceReadIOps":null,"BlkioDeviceWriteIOps":null,"CpuPeriod":0,"CpuQuota":0,"CpuRealtimePeriod":0,"CpuRealtimeRuntime":0,"CpusetCpus":"","CpusetMems":"","Devices":null,"DeviceCgroupRules":null,"DeviceRequests":null,"KernelMemory":0,"KernelMemoryTCP":0,"MemoryReservation":0,"MemorySwap":0,"MemorySwappiness":null,"OomKillDisable":null,"PidsLimit":null,"Ulimits":null,"CpuCount":0,"CpuPercent":0,"IOMaximumIOps":0,"IOMaximumBandwidth":0,"MaskedPaths":["/proc/asound","/proc/acpi","/proc/kcore","/proc/keys","/proc/latency_stats","/proc/timer_list","/proc/timer_stats","/proc/sched_debug","/proc/scsi","/sys/firmware"],"ReadonlyPaths":["/proc/bus","/proc/fs","/proc/irq","/proc/sys","/proc/sysrq-trigger"]},"GraphDriver":{"Data":{"LowerDir":"/var/lib/docker/overlay2/05794d51525f65619c615558ef5f93d7c33eef44e12313fdcb3942911d0b5f7d-init/diff:/var/lib/docker/overlay2/f079a69cfd5e80e906b12f05a0c7bfaabc56ce63e947db68b722ae30905f1239/diff:/var/lib/docker/overlay2/9dfb63d6bb556846a13012421dde7951ef83a14d8ce1882287cce66f0f9bd055/diff:/var/lib/docker/overlay2/c4f8874ae33ddd14488f5051cd953acc020fa00ea72d28bd530450c0bc8f9903/diff:/var/lib/docker/overlay2/992683766b46aa5653160e6a34283b579a75000e230890d0ec0a6204af735697/diff:/var/lib/docker/overlay2/6e3fba0e1d6501c91c9bec723bb1364f75599c6c2026a6dc71773c88a49f890a/diff:/var/lib/docker/overlay2/c6c2a366f45a69704761d45d296d71bf2bf315efb15cb06ad88925ed235fad81/diff:/var/lib/docker/overlay2/7555f9b18615244719d04b23296ba418195e5e569d47baf9f1da7c3f053fe194/diff:/var/lib/docker/overlay2/7752eb17f8f8ba44a5ed178f499901fa7eb6f2e031c29ab160ee4eff4db8edaa/diff:/var/lib/docker/overlay2/9683de8b3733106f256bd0eabc7cae13623b14493b9212e863449d42b8a87390/diff:/var/lib/docker/overlay2/f5e28e407d8811526fb7dd82e4fed08d5d3124c0f22f1a9496ed27b2b457d3dd/diff:/var/lib/docker/overlay2/e2980c91c6b3331cff3994ca6f327955bb5feaef0f96bc64edce80631fdbf829/diff","MergedDir":"/var/lib/docker/overlay2/05794d51525f65619c615558ef5f93d7c33eef44e12313fdcb3942911d0b5f7d/merged","UpperDir":"/var/lib/docker/overlay2/05794d51525f65619c615558ef5f93d7c33eef44e12313fdcb3942911d0b5f7d/diff","WorkDir":"/var/lib/docker/overlay2/05794d51525f65619c615558ef5f93d7c33eef44e12313fdcb3942911d0b5f7d/work"},"Name":"overlay2"},"Mounts":[{"Type":"volume","Name":"fe29345a30f82a1c969c40b069133e9d87168ce95967d67ac182ee42c059affb","Source":"/var/lib/docker/volumes/fe29345a30f82a1c969c40b069133e9d87168ce95967d67ac182ee42c059affb/_data","Destination":"/var/lib/mysql","Driver":"local","Mode":"","RW":true,"Propagation":""}],"Config":{"Hostname":"b4fc7afd9745","Domainname":"","User":"","AttachStdin":false,"AttachStdout":false,"AttachStderr":false,"ExposedPorts":{"3306/tcp":{},"33060/tcp":{}},"Tty":false,"OpenStdin":false,"StdinOnce":false,"Env":["MYSQL_DATABASE=adm_videos","MYSQL_PASSWORD=123456","MYSQL_ROOT_PASSWORD=123456","PATH=/usr/local/sbin:/usr/local/bin:/usr/sbin:/usr/bin:/sbin:/bin","GOSU_VERSION=1.14","MYSQL_MAJOR=8.0","MYSQL_VERSION=8.0.31-1.el8","MYSQL_SHELL_VERSION=8.0.31-1.el8"],"Cmd":["mysqld"],"Image":"mysql:latest","Volumes":{"/var/lib/mysql":{}},"WorkingDir":"","Entrypoint":["docker-entrypoint.sh"],"OnBuild":null,"Labels":{"org.testcontainers":"true","org.testcontainers.sessionId":"cdd139c9-cde1-4429-bea7-edb0e651ba16"}},"NetworkSettings":{"Bridge":"","SandboxID":"8404ec7d59006489fa5b6638879180586e9aa24c1c3ae79d40e26a8f453c93b1","HairpinMode":false,"LinkLocalIPv6Address":"","LinkLocalIPv6PrefixLen":0,"Ports":{"3306/tcp":[{"HostIp":"0.0.0.0","HostPort":"49156"},{"HostIp":"::","HostPort":"49156"}],"33060/tcp":null},"SandboxKey":"/var/run/docker/netns/8404ec7d5900","SecondaryIPAddresses":null,"SecondaryIPv6Addresses":null,"EndpointID":"28c851b70d88131a783e3d87b7c50320df5f3250ebca621b1b39353a2424212a","Gateway":"172.17.0.1","GlobalIPv6Address":"","GlobalIPv6PrefixLen":0,"IPAddress":"172.17.0.3","IPPrefixLen":16,"IPv6Gateway":"","MacAddress":"02:42:ac:11:00:03","Networks":{"bridge":{"IPAMConfig":null,"Links":null,"Aliases":null,"NetworkID":"bf06afe94eca8b5ab91eae0dbaa8561a6dd16832d429dcdbaa7ed1e003cfbe56","EndpointID":"28c851b70d88131a783e3d87b7c50320df5f3250ebca621b1b39353a2424212a","Gateway":"172.17.0.1","IPAddress":"172.17.0.3","IPPrefixLen":16,"IPv6Gateway":"","GlobalIPv6Address":"","GlobalIPv6PrefixLen":0,"MacAddress":"02:42:ac:11:00:03","DriverOpts":null}}}}[\n]"
18:30:16.060 [Test worker] DEBUG com.github.dockerjava.zerodep.shaded.org.apache.hc.client5.http.wire - http-outgoing-1 << "[\r][\n]"
18:30:16.060 [Test worker] DEBUG com.github.dockerjava.zerodep.shaded.org.apache.hc.client5.http.wire - http-outgoing-1 << "0[\r][\n]"
18:30:16.060 [Test worker] DEBUG com.github.dockerjava.zerodep.shaded.org.apache.hc.client5.http.wire - http-outgoing-1 << "[\r][\n]"
18:30:16.060 [Test worker] DEBUG com.github.dockerjava.zerodep.shaded.org.apache.hc.client5.http.headers - http-outgoing-1 << HTTP/1.1 200 OK
18:30:16.060 [Test worker] DEBUG com.github.dockerjava.zerodep.shaded.org.apache.hc.client5.http.headers - http-outgoing-1 << Api-Version: 1.41
18:30:16.060 [Test worker] DEBUG com.github.dockerjava.zerodep.shaded.org.apache.hc.client5.http.headers - http-outgoing-1 << Content-Type: application/json
18:30:16.060 [Test worker] DEBUG com.github.dockerjava.zerodep.shaded.org.apache.hc.client5.http.headers - http-outgoing-1 << Docker-Experimental: false
18:30:16.060 [Test worker] DEBUG com.github.dockerjava.zerodep.shaded.org.apache.hc.client5.http.headers - http-outgoing-1 << Ostype: linux
18:30:16.060 [Test worker] DEBUG com.github.dockerjava.zerodep.shaded.org.apache.hc.client5.http.headers - http-outgoing-1 << Server: Docker/20.10.17 (linux)
18:30:16.060 [Test worker] DEBUG com.github.dockerjava.zerodep.shaded.org.apache.hc.client5.http.headers - http-outgoing-1 << Date: Thu, 08 Dec 2022 21:30:16 GMT
18:30:16.060 [Test worker] DEBUG com.github.dockerjava.zerodep.shaded.org.apache.hc.client5.http.headers - http-outgoing-1 << Transfer-Encoding: chunked
18:30:16.061 [Test worker] DEBUG com.github.dockerjava.zerodep.shaded.org.apache.hc.client5.http.impl.classic.MainClientExec - ex-0000002C: connection can be kept alive for 3 MINUTES
18:30:16.062 [Test worker] DEBUG com.github.dockerjava.zerodep.shaded.org.apache.hc.client5.http.impl.classic.InternalHttpClient - ep-0000002B: releasing valid endpoint
18:30:16.062 [Test worker] DEBUG com.github.dockerjava.zerodep.shaded.org.apache.hc.client5.http.impl.io.PoolingHttpClientConnectionManager - ep-0000002B: releasing endpoint
18:30:16.062 [Test worker] DEBUG com.github.dockerjava.zerodep.shaded.org.apache.hc.client5.http.impl.io.PoolingHttpClientConnectionManager - ep-0000002B: connection http-outgoing-1 can be kept alive for 3 MINUTES
18:30:16.062 [Test worker] DEBUG com.github.dockerjava.zerodep.shaded.org.apache.hc.client5.http.impl.io.PoolingHttpClientConnectionManager - ep-0000002B: connection released [route: {}->unix://localhost:2375][total available: 1; route allocated: 1 of 2147483647; total allocated: 1 of 2147483647]
18:30:16.062 [Test worker] DEBUG ]]>&#x1f433;<![CDATA[ [mysql:latest] - Trying to create JDBC connection using com.mysql.cj.jdbc.Driver to jdbc:mysql://localhost:49156/adm_videos?useSSL=false&allowPublicKeyRetrieval=true with properties: {password=123456, user=root}
18:30:16.167 [Test worker] DEBUG org.testcontainers.shaded.com.github.dockerjava.core.command.AbstrDockerCmd - Cmd: b4fc7afd97457a2a6ec84592488a57f900fa52ed03fcd2dbaf8a116bc1f50ab3,false
18:30:16.167 [Test worker] DEBUG org.testcontainers.shaded.com.github.dockerjava.core.exec.InspectContainerCmdExec - GET: DefaultWebTarget{path=[/containers/b4fc7afd97457a2a6ec84592488a57f900fa52ed03fcd2dbaf8a116bc1f50ab3/json], queryParams={}}
18:30:16.167 [Test worker] DEBUG com.github.dockerjava.zerodep.shaded.org.apache.hc.client5.http.impl.classic.InternalHttpClient - ex-0000002D: preparing request execution
18:30:16.167 [Test worker] DEBUG com.github.dockerjava.zerodep.shaded.org.apache.hc.client5.http.protocol.RequestAddCookies - Cookie spec selected: strict
18:30:16.168 [Test worker] DEBUG com.github.dockerjava.zerodep.shaded.org.apache.hc.client5.http.protocol.RequestAuthCache - Auth cache not set in the context
18:30:16.168 [Test worker] DEBUG com.github.dockerjava.zerodep.shaded.org.apache.hc.client5.http.impl.classic.ProtocolExec - ex-0000002D: target auth state: UNCHALLENGED
18:30:16.168 [Test worker] DEBUG com.github.dockerjava.zerodep.shaded.org.apache.hc.client5.http.impl.classic.ProtocolExec - ex-0000002D: proxy auth state: UNCHALLENGED
18:30:16.168 [Test worker] DEBUG com.github.dockerjava.zerodep.shaded.org.apache.hc.client5.http.impl.classic.ConnectExec - ex-0000002D: acquiring connection with route {}->unix://localhost:2375
18:30:16.168 [Test worker] DEBUG com.github.dockerjava.zerodep.shaded.org.apache.hc.client5.http.impl.classic.InternalHttpClient - ex-0000002D: acquiring endpoint (3 MINUTES)
18:30:16.168 [Test worker] DEBUG com.github.dockerjava.zerodep.shaded.org.apache.hc.client5.http.impl.io.PoolingHttpClientConnectionManager - ex-0000002D: endpoint lease request (3 MINUTES) [route: {}->unix://localhost:2375][total available: 1; route allocated: 1 of 2147483647; total allocated: 1 of 2147483647]
18:30:16.168 [Test worker] DEBUG com.github.dockerjava.zerodep.shaded.org.apache.hc.client5.http.impl.io.PoolingHttpClientConnectionManager - ex-0000002D: endpoint leased [route: {}->unix://localhost:2375][total available: 0; route allocated: 1 of 2147483647; total allocated: 1 of 2147483647]
18:30:16.168 [Test worker] DEBUG com.github.dockerjava.zerodep.shaded.org.apache.hc.client5.http.impl.io.PoolingHttpClientConnectionManager - ex-0000002D: acquired ep-0000002C
18:30:16.168 [Test worker] DEBUG com.github.dockerjava.zerodep.shaded.org.apache.hc.client5.http.impl.classic.InternalHttpClient - ex-0000002D: acquired endpoint ep-0000002C
18:30:16.168 [Test worker] DEBUG com.github.dockerjava.zerodep.shaded.org.apache.hc.client5.http.impl.classic.MainClientExec - ex-0000002D: executing GET /v1.32/containers/b4fc7afd97457a2a6ec84592488a57f900fa52ed03fcd2dbaf8a116bc1f50ab3/json HTTP/1.1
18:30:16.168 [Test worker] DEBUG com.github.dockerjava.zerodep.shaded.org.apache.hc.client5.http.impl.classic.InternalHttpClient - ep-0000002C: start execution ex-0000002D
18:30:16.168 [Test worker] DEBUG com.github.dockerjava.zerodep.shaded.org.apache.hc.client5.http.impl.io.PoolingHttpClientConnectionManager - ep-0000002C: executing exchange ex-0000002D over http-outgoing-1
18:30:16.168 [Test worker] DEBUG com.github.dockerjava.zerodep.shaded.org.apache.hc.client5.http.headers - http-outgoing-1 >> GET /v1.32/containers/b4fc7afd97457a2a6ec84592488a57f900fa52ed03fcd2dbaf8a116bc1f50ab3/json HTTP/1.1
18:30:16.168 [Test worker] DEBUG com.github.dockerjava.zerodep.shaded.org.apache.hc.client5.http.headers - http-outgoing-1 >> accept: application/json
18:30:16.168 [Test worker] DEBUG com.github.dockerjava.zerodep.shaded.org.apache.hc.client5.http.headers - http-outgoing-1 >> x-tc-sid: cdd139c9-cde1-4429-bea7-edb0e651ba16
18:30:16.168 [Test worker] DEBUG com.github.dockerjava.zerodep.shaded.org.apache.hc.client5.http.headers - http-outgoing-1 >> Accept-Encoding: gzip, x-gzip, deflate
18:30:16.168 [Test worker] DEBUG com.github.dockerjava.zerodep.shaded.org.apache.hc.client5.http.headers - http-outgoing-1 >> Host: localhost:2375
18:30:16.168 [Test worker] DEBUG com.github.dockerjava.zerodep.shaded.org.apache.hc.client5.http.headers - http-outgoing-1 >> Connection: keep-alive
18:30:16.168 [Test worker] DEBUG com.github.dockerjava.zerodep.shaded.org.apache.hc.client5.http.headers - http-outgoing-1 >> User-Agent: Apache-HttpClient/5.0.3 (Java/17.0.2)
18:30:16.168 [Test worker] DEBUG com.github.dockerjava.zerodep.shaded.org.apache.hc.client5.http.wire - http-outgoing-1 >> "GET /v1.32/containers/b4fc7afd97457a2a6ec84592488a57f900fa52ed03fcd2dbaf8a116bc1f50ab3/json HTTP/1.1[\r][\n]"
18:30:16.168 [Test worker] DEBUG com.github.dockerjava.zerodep.shaded.org.apache.hc.client5.http.wire - http-outgoing-1 >> "accept: application/json[\r][\n]"
18:30:16.168 [Test worker] DEBUG com.github.dockerjava.zerodep.shaded.org.apache.hc.client5.http.wire - http-outgoing-1 >> "x-tc-sid: cdd139c9-cde1-4429-bea7-edb0e651ba16[\r][\n]"
18:30:16.168 [Test worker] DEBUG com.github.dockerjava.zerodep.shaded.org.apache.hc.client5.http.wire - http-outgoing-1 >> "Accept-Encoding: gzip, x-gzip, deflate[\r][\n]"
18:30:16.168 [Test worker] DEBUG com.github.dockerjava.zerodep.shaded.org.apache.hc.client5.http.wire - http-outgoing-1 >> "Host: localhost:2375[\r][\n]"
18:30:16.168 [Test worker] DEBUG com.github.dockerjava.zerodep.shaded.org.apache.hc.client5.http.wire - http-outgoing-1 >> "Connection: keep-alive[\r][\n]"
18:30:16.168 [Test worker] DEBUG com.github.dockerjava.zerodep.shaded.org.apache.hc.client5.http.wire - http-outgoing-1 >> "User-Agent: Apache-HttpClient/5.0.3 (Java/17.0.2)[\r][\n]"
18:30:16.168 [Test worker] DEBUG com.github.dockerjava.zerodep.shaded.org.apache.hc.client5.http.wire - http-outgoing-1 >> "[\r][\n]"
18:30:16.169 [Test worker] DEBUG com.github.dockerjava.zerodep.shaded.org.apache.hc.client5.http.wire - http-outgoing-1 << "HTTP/1.1 200 OK[\r][\n]"
18:30:16.169 [Test worker] DEBUG com.github.dockerjava.zerodep.shaded.org.apache.hc.client5.http.wire - http-outgoing-1 << "Api-Version: 1.41[\r][\n]"
18:30:16.169 [Test worker] DEBUG com.github.dockerjava.zerodep.shaded.org.apache.hc.client5.http.wire - http-outgoing-1 << "Content-Type: application/json[\r][\n]"
18:30:16.169 [Test worker] DEBUG com.github.dockerjava.zerodep.shaded.org.apache.hc.client5.http.wire - http-outgoing-1 << "Docker-Experimental: false[\r][\n]"
18:30:16.169 [Test worker] DEBUG com.github.dockerjava.zerodep.shaded.org.apache.hc.client5.http.wire - http-outgoing-1 << "Ostype: linux[\r][\n]"
18:30:16.169 [Test worker] DEBUG com.github.dockerjava.zerodep.shaded.org.apache.hc.client5.http.wire - http-outgoing-1 << "Server: Docker/20.10.17 (linux)[\r][\n]"
18:30:16.169 [Test worker] DEBUG com.github.dockerjava.zerodep.shaded.org.apache.hc.client5.http.wire - http-outgoing-1 << "Date: Thu, 08 Dec 2022 21:30:16 GMT[\r][\n]"
18:30:16.169 [Test worker] DEBUG com.github.dockerjava.zerodep.shaded.org.apache.hc.client5.http.wire - http-outgoing-1 << "Transfer-Encoding: chunked[\r][\n]"
18:30:16.169 [Test worker] DEBUG com.github.dockerjava.zerodep.shaded.org.apache.hc.client5.http.wire - http-outgoing-1 << "[\r][\n]"
18:30:16.169 [Test worker] DEBUG com.github.dockerjava.zerodep.shaded.org.apache.hc.client5.http.wire - http-outgoing-1 << "18a6[\r][\n]"
18:30:16.169 [Test worker] DEBUG com.github.dockerjava.zerodep.shaded.org.apache.hc.client5.http.wire - http-outgoing-1 << "{"Id":"b4fc7afd97457a2a6ec84592488a57f900fa52ed03fcd2dbaf8a116bc1f50ab3","Created":"2022-12-08T21:30:11.801619537Z","Path":"docker-entrypoint.sh","Args":["mysqld"],"State":{"Status":"running","Running":true,"Paused":false,"Restarting":false,"OOMKilled":false,"Dead":false,"Pid":148084,"ExitCode":0,"Error":"","StartedAt":"2022-12-08T21:30:12.370762583Z","FinishedAt":"0001-01-01T00:00:00Z"},"Image":"sha256:7484689f290f1defe06b65befc54cb6ad91a667cf0af59a265ffe76c46bd0478","ResolvConfPath":"/var/lib/docker/containers/b4fc7afd97457a2a6ec84592488a57f900fa52ed03fcd2dbaf8a116bc1f50ab3/resolv.conf","HostnamePath":"/var/lib/docker/containers/b4fc7afd97457a2a6ec84592488a57f900fa52ed03fcd2dbaf8a116bc1f50ab3/hostname","HostsPath":"/var/lib/docker/containers/b4fc7afd97457a2a6ec84592488a57f900fa52ed03fcd2dbaf8a116bc1f50ab3/hosts","LogPath":"/var/lib/docker/containers/b4fc7afd97457a2a6ec84592488a57f900fa52ed03fcd2dbaf8a116bc1f50ab3/b4fc7afd97457a2a6ec84592488a57f900fa52ed03fcd2dbaf8a116bc1f50ab3-json.log","Name":"/agitated_ptolemy","RestartCount":0,"Driver":"overlay2","Platform":"linux","MountLabel":"","ProcessLabel":"","AppArmorProfile":"docker-default","ExecIDs":null,"HostConfig":{"Binds":[],"ContainerIDFile":"","LogConfig":{"Type":"json-file","Config":{}},"NetworkMode":"default","PortBindings":{"3306/tcp":[{"HostIp":"","HostPort":""}]},"RestartPolicy":{"Name":"","MaximumRetryCount":0},"AutoRemove":false,"VolumeDriver":"","VolumesFrom":[],"CapAdd":null,"CapDrop":null,"CgroupnsMode":"private","Dns":null,"DnsOptions":null,"DnsSearch":null,"ExtraHosts":[],"GroupAdd":null,"IpcMode":"shareable","Cgroup":"","Links":null,"OomScoreAdj":0,"PidMode":"","Privileged":false,"PublishAllPorts":false,"ReadonlyRootfs":false,"SecurityOpt":null,"UTSMode":"","UsernsMode":"","ShmSize":67108864,"Runtime":"runc","ConsoleSize":[0,0],"Isolation":"","CpuShares":0,"Memory":0,"NanoCpus":0,"CgroupParent":"","BlkioWeight":0,"BlkioWeightDevice":null,"BlkioDeviceReadBps":null,"BlkioDeviceWriteBps":null,"BlkioDeviceReadIOps":null,"BlkioDeviceWriteIOps":null,"CpuPeriod":0,"CpuQuota":0,"CpuRealtimePeriod":0,"CpuRealtimeRuntime":0,"CpusetCpus":"","CpusetMems":"","Devices":null,"DeviceCgroupRules":null,"DeviceRequests":null,"KernelMemory":0,"KernelMemoryTCP":0,"MemoryReservation":0,"MemorySwap":0,"MemorySwappiness":null,"OomKillDisable":null,"PidsLimit":null,"Ulimits":null,"CpuCount":0,"CpuPercent":0,"IOMaximumIOps":0,"IOMaximumBandwidth":0,"MaskedPaths":["/proc/asound","/proc/acpi","/proc/kcore","/proc/keys","/proc/latency_stats","/proc/timer_list","/proc/timer_stats","/proc/sched_debug","/proc/scsi","/sys/firmware"],"ReadonlyPaths":["/proc/bus","/proc/fs","/proc/irq","/proc/sys","/proc/sysrq-trigger"]},"GraphDriver":{"Data":{"LowerDir":"/var/lib/docker/overlay2/05794d51525f65619c615558ef5f93d7c33eef44e12313fdcb3942911d0b5f7d-init/diff:/var/lib/docker/overlay2/f079a69cfd5e80e906b12f05a0c7bfaabc56ce63e947db68b722ae30905f1239/diff:/var/lib/docker/overlay2/9dfb63d6bb556846a13012421dde7951ef83a14d8ce1882287cce66f0f9bd055/diff:/var/lib/docker/overlay2/c4f8874ae33ddd14488f5051cd953acc020fa00ea72d28bd530450c0bc8f9903/diff:/var/lib/docker/overlay2/992683766b46aa5653160e6a34283b579a75000e230890d0ec0a6204af735697/diff:/var/lib/docker/overlay2/6e3fba0e1d6501c91c9bec723bb1364f75599c6c2026a6dc71773c88a49f890a/diff:/var/lib/docker/overlay2/c6c2a366f45a69704761d45d296d71bf2bf315efb15cb06ad88925ed235fad81/diff:/var/lib/docker/overlay2/7555f9b18615244719d04b23296ba418195e5e569d47baf9f1da7c3f053fe194/diff:/var/lib/docker/overlay2/7752eb17f8f8ba44a5ed178f499901fa7eb6f2e031c29ab160ee4eff4db8edaa/diff:/var/lib/docker/overlay2/9683de8b3733106f256bd0eabc7cae13623b14493b9212e863449d42b8a87390/diff:/var/lib/docker/overlay2/f5e28e407d8811526fb7dd82e4fed08d5d3124c0f22f1a9496ed27b2b457d3dd/diff:/var/lib/docker/overlay2/e2980c91c6b3331cff3994ca6f327955bb5feaef0f96bc64edce80631fdbf829/diff","MergedDir":"/var/lib/docker/overlay2/05794d51525f65619c615558ef5f93d7c33eef44e12313fdcb3942911d0b5f7d/merged","UpperDir":"/var/lib/docker/overlay2/05794d51525f65619c615558ef5f93d7c33eef44e12313fdcb3942911d0b5f7d/diff","WorkDir":"/var/lib/docker/overlay2/05794d51525f65619c615558ef5f93d7c33eef44e12313fdcb3942911d0b5f7d/work"},"Name":"overlay2"},"Mounts":[{"Type":"volume","Name":"fe29345a30f82a1c969c40b069133e9d87168ce95967d67ac182ee42c059affb","Source":"/var/lib/docker/volumes/fe29345a30f82a1c969c40b069133e9d87168ce95967d67ac182ee42c059affb/_data","Destination":"/var/lib/mysql","Driver":"local","Mode":"","RW":true,"Propagation":""}],"Config":{"Hostname":"b4fc7afd9745","Domainname":"","User":"","AttachStdin":false,"AttachStdout":false,"AttachStderr":false,"ExposedPorts":{"3306/tcp":{},"33060/tcp":{}},"Tty":false,"OpenStdin":false,"StdinOnce":false,"Env":["MYSQL_DATABASE=adm_videos","MYSQL_PASSWORD=123456","MYSQL_ROOT_PASSWORD=123456","PATH=/usr/local/sbin:/usr/local/bin:/usr/sbin:/usr/bin:/sbin:/bin","GOSU_VERSION=1.14","MYSQL_MAJOR=8.0","MYSQL_VERSION=8.0.31-1.el8","MYSQL_SHELL_VERSION=8.0.31-1.el8"],"Cmd":["mysqld"],"Image":"mysql:latest","Volumes":{"/var/lib/mysql":{}},"WorkingDir":"","Entrypoint":["docker-entrypoint.sh"],"OnBuild":null,"Labels":{"org.testcontainers":"true","org.testcontainers.sessionId":"cdd139c9-cde1-4429-bea7-edb0e651ba16"}},"NetworkSettings":{"Bridge":"","SandboxID":"8404ec7d59006489fa5b6638879180586e9aa24c1c3ae79d40e26a8f453c93b1","HairpinMode":false,"LinkLocalIPv6Address":"","LinkLocalIPv6PrefixLen":0,"Ports":{"3306/tcp":[{"HostIp":"0.0.0.0","HostPort":"49156"},{"HostIp":"::","HostPort":"49156"}],"33060/tcp":null},"SandboxKey":"/var/run/docker/netns/8404ec7d5900","SecondaryIPAddresses":null,"SecondaryIPv6Addresses":null,"EndpointID":"28c851b70d88131a783e3d87b7c50320df5f3250ebca621b1b39353a2424212a","Gateway":"172.17.0.1","GlobalIPv6Address":"","GlobalIPv6PrefixLen":0,"IPAddress":"172.17.0.3","IPPrefixLen":16,"IPv6Gateway":"","MacAddress":"02:42:ac:11:00:03","Networks":{"bridge":{"IPAMConfig":null,"Links":null,"Aliases":null,"NetworkID":"bf06afe94eca8b5ab91eae0dbaa8561a6dd16832d429dcdbaa7ed1e003cfbe56","EndpointID":"28c851b70d88131a783e3d87b7c50320df5f3250ebca621b1b39353a2424212a","Gateway":"172.17.0.1","IPAddress":"172.17.0.3","IPPrefixLen":16,"IPv6Gateway":"","GlobalIPv6Address":"","GlobalIPv6PrefixLen":0,"MacAddress":"02:42:ac:11:00:03","DriverOpts":null}}}}[\n]"
18:30:16.169 [Test worker] DEBUG com.github.dockerjava.zerodep.shaded.org.apache.hc.client5.http.wire - http-outgoing-1 << "[\r][\n]"
18:30:16.169 [Test worker] DEBUG com.github.dockerjava.zerodep.shaded.org.apache.hc.client5.http.wire - http-outgoing-1 << "0[\r][\n]"
18:30:16.169 [Test worker] DEBUG com.github.dockerjava.zerodep.shaded.org.apache.hc.client5.http.wire - http-outgoing-1 << "[\r][\n]"
18:30:16.169 [Test worker] DEBUG com.github.dockerjava.zerodep.shaded.org.apache.hc.client5.http.headers - http-outgoing-1 << HTTP/1.1 200 OK
18:30:16.169 [Test worker] DEBUG com.github.dockerjava.zerodep.shaded.org.apache.hc.client5.http.headers - http-outgoing-1 << Api-Version: 1.41
18:30:16.169 [Test worker] DEBUG com.github.dockerjava.zerodep.shaded.org.apache.hc.client5.http.headers - http-outgoing-1 << Content-Type: application/json
18:30:16.169 [Test worker] DEBUG com.github.dockerjava.zerodep.shaded.org.apache.hc.client5.http.headers - http-outgoing-1 << Docker-Experimental: false
18:30:16.169 [Test worker] DEBUG com.github.dockerjava.zerodep.shaded.org.apache.hc.client5.http.headers - http-outgoing-1 << Ostype: linux
18:30:16.169 [Test worker] DEBUG com.github.dockerjava.zerodep.shaded.org.apache.hc.client5.http.headers - http-outgoing-1 << Server: Docker/20.10.17 (linux)
18:30:16.169 [Test worker] DEBUG com.github.dockerjava.zerodep.shaded.org.apache.hc.client5.http.headers - http-outgoing-1 << Date: Thu, 08 Dec 2022 21:30:16 GMT
18:30:16.169 [Test worker] DEBUG com.github.dockerjava.zerodep.shaded.org.apache.hc.client5.http.headers - http-outgoing-1 << Transfer-Encoding: chunked
18:30:16.169 [Test worker] DEBUG com.github.dockerjava.zerodep.shaded.org.apache.hc.client5.http.impl.classic.MainClientExec - ex-0000002D: connection can be kept alive for 3 MINUTES
18:30:16.170 [Test worker] DEBUG com.github.dockerjava.zerodep.shaded.org.apache.hc.client5.http.impl.classic.InternalHttpClient - ep-0000002C: releasing valid endpoint
18:30:16.170 [Test worker] DEBUG com.github.dockerjava.zerodep.shaded.org.apache.hc.client5.http.impl.io.PoolingHttpClientConnectionManager - ep-0000002C: releasing endpoint
18:30:16.170 [Test worker] DEBUG com.github.dockerjava.zerodep.shaded.org.apache.hc.client5.http.impl.io.PoolingHttpClientConnectionManager - ep-0000002C: connection http-outgoing-1 can be kept alive for 3 MINUTES
18:30:16.170 [Test worker] DEBUG com.github.dockerjava.zerodep.shaded.org.apache.hc.client5.http.impl.io.PoolingHttpClientConnectionManager - ep-0000002C: connection released [route: {}->unix://localhost:2375][total available: 1; route allocated: 1 of 2147483647; total allocated: 1 of 2147483647]
18:30:16.170 [Test worker] DEBUG ]]>&#x1f433;<![CDATA[ [mysql:latest] - Trying to create JDBC connection using com.mysql.cj.jdbc.Driver to jdbc:mysql://localhost:49156/adm_videos?useSSL=false&allowPublicKeyRetrieval=true with properties: {password=123456, user=root}
18:30:16.272 [Test worker] DEBUG org.testcontainers.shaded.com.github.dockerjava.core.command.AbstrDockerCmd - Cmd: b4fc7afd97457a2a6ec84592488a57f900fa52ed03fcd2dbaf8a116bc1f50ab3,false
18:30:16.272 [Test worker] DEBUG org.testcontainers.shaded.com.github.dockerjava.core.exec.InspectContainerCmdExec - GET: DefaultWebTarget{path=[/containers/b4fc7afd97457a2a6ec84592488a57f900fa52ed03fcd2dbaf8a116bc1f50ab3/json], queryParams={}}
18:30:16.272 [Test worker] DEBUG com.github.dockerjava.zerodep.shaded.org.apache.hc.client5.http.impl.classic.InternalHttpClient - ex-0000002E: preparing request execution
18:30:16.273 [Test worker] DEBUG com.github.dockerjava.zerodep.shaded.org.apache.hc.client5.http.protocol.RequestAddCookies - Cookie spec selected: strict
18:30:16.273 [Test worker] DEBUG com.github.dockerjava.zerodep.shaded.org.apache.hc.client5.http.protocol.RequestAuthCache - Auth cache not set in the context
18:30:16.273 [Test worker] DEBUG com.github.dockerjava.zerodep.shaded.org.apache.hc.client5.http.impl.classic.ProtocolExec - ex-0000002E: target auth state: UNCHALLENGED
18:30:16.273 [Test worker] DEBUG com.github.dockerjava.zerodep.shaded.org.apache.hc.client5.http.impl.classic.ProtocolExec - ex-0000002E: proxy auth state: UNCHALLENGED
18:30:16.273 [Test worker] DEBUG com.github.dockerjava.zerodep.shaded.org.apache.hc.client5.http.impl.classic.ConnectExec - ex-0000002E: acquiring connection with route {}->unix://localhost:2375
18:30:16.273 [Test worker] DEBUG com.github.dockerjava.zerodep.shaded.org.apache.hc.client5.http.impl.classic.InternalHttpClient - ex-0000002E: acquiring endpoint (3 MINUTES)
18:30:16.273 [Test worker] DEBUG com.github.dockerjava.zerodep.shaded.org.apache.hc.client5.http.impl.io.PoolingHttpClientConnectionManager - ex-0000002E: endpoint lease request (3 MINUTES) [route: {}->unix://localhost:2375][total available: 1; route allocated: 1 of 2147483647; total allocated: 1 of 2147483647]
18:30:16.273 [Test worker] DEBUG com.github.dockerjava.zerodep.shaded.org.apache.hc.client5.http.impl.io.PoolingHttpClientConnectionManager - ex-0000002E: endpoint leased [route: {}->unix://localhost:2375][total available: 0; route allocated: 1 of 2147483647; total allocated: 1 of 2147483647]
18:30:16.273 [Test worker] DEBUG com.github.dockerjava.zerodep.shaded.org.apache.hc.client5.http.impl.io.PoolingHttpClientConnectionManager - ex-0000002E: acquired ep-0000002D
18:30:16.273 [Test worker] DEBUG com.github.dockerjava.zerodep.shaded.org.apache.hc.client5.http.impl.classic.InternalHttpClient - ex-0000002E: acquired endpoint ep-0000002D
18:30:16.273 [Test worker] DEBUG com.github.dockerjava.zerodep.shaded.org.apache.hc.client5.http.impl.classic.MainClientExec - ex-0000002E: executing GET /v1.32/containers/b4fc7afd97457a2a6ec84592488a57f900fa52ed03fcd2dbaf8a116bc1f50ab3/json HTTP/1.1
18:30:16.273 [Test worker] DEBUG com.github.dockerjava.zerodep.shaded.org.apache.hc.client5.http.impl.classic.InternalHttpClient - ep-0000002D: start execution ex-0000002E
18:30:16.273 [Test worker] DEBUG com.github.dockerjava.zerodep.shaded.org.apache.hc.client5.http.impl.io.PoolingHttpClientConnectionManager - ep-0000002D: executing exchange ex-0000002E over http-outgoing-1
18:30:16.273 [Test worker] DEBUG com.github.dockerjava.zerodep.shaded.org.apache.hc.client5.http.headers - http-outgoing-1 >> GET /v1.32/containers/b4fc7afd97457a2a6ec84592488a57f900fa52ed03fcd2dbaf8a116bc1f50ab3/json HTTP/1.1
18:30:16.273 [Test worker] DEBUG com.github.dockerjava.zerodep.shaded.org.apache.hc.client5.http.headers - http-outgoing-1 >> accept: application/json
18:30:16.273 [Test worker] DEBUG com.github.dockerjava.zerodep.shaded.org.apache.hc.client5.http.headers - http-outgoing-1 >> x-tc-sid: cdd139c9-cde1-4429-bea7-edb0e651ba16
18:30:16.273 [Test worker] DEBUG com.github.dockerjava.zerodep.shaded.org.apache.hc.client5.http.headers - http-outgoing-1 >> Accept-Encoding: gzip, x-gzip, deflate
18:30:16.273 [Test worker] DEBUG com.github.dockerjava.zerodep.shaded.org.apache.hc.client5.http.headers - http-outgoing-1 >> Host: localhost:2375
18:30:16.273 [Test worker] DEBUG com.github.dockerjava.zerodep.shaded.org.apache.hc.client5.http.headers - http-outgoing-1 >> Connection: keep-alive
18:30:16.273 [Test worker] DEBUG com.github.dockerjava.zerodep.shaded.org.apache.hc.client5.http.headers - http-outgoing-1 >> User-Agent: Apache-HttpClient/5.0.3 (Java/17.0.2)
18:30:16.273 [Test worker] DEBUG com.github.dockerjava.zerodep.shaded.org.apache.hc.client5.http.wire - http-outgoing-1 >> "GET /v1.32/containers/b4fc7afd97457a2a6ec84592488a57f900fa52ed03fcd2dbaf8a116bc1f50ab3/json HTTP/1.1[\r][\n]"
18:30:16.273 [Test worker] DEBUG com.github.dockerjava.zerodep.shaded.org.apache.hc.client5.http.wire - http-outgoing-1 >> "accept: application/json[\r][\n]"
18:30:16.273 [Test worker] DEBUG com.github.dockerjava.zerodep.shaded.org.apache.hc.client5.http.wire - http-outgoing-1 >> "x-tc-sid: cdd139c9-cde1-4429-bea7-edb0e651ba16[\r][\n]"
18:30:16.273 [Test worker] DEBUG com.github.dockerjava.zerodep.shaded.org.apache.hc.client5.http.wire - http-outgoing-1 >> "Accept-Encoding: gzip, x-gzip, deflate[\r][\n]"
18:30:16.273 [Test worker] DEBUG com.github.dockerjava.zerodep.shaded.org.apache.hc.client5.http.wire - http-outgoing-1 >> "Host: localhost:2375[\r][\n]"
18:30:16.273 [Test worker] DEBUG com.github.dockerjava.zerodep.shaded.org.apache.hc.client5.http.wire - http-outgoing-1 >> "Connection: keep-alive[\r][\n]"
18:30:16.273 [Test worker] DEBUG com.github.dockerjava.zerodep.shaded.org.apache.hc.client5.http.wire - http-outgoing-1 >> "User-Agent: Apache-HttpClient/5.0.3 (Java/17.0.2)[\r][\n]"
18:30:16.273 [Test worker] DEBUG com.github.dockerjava.zerodep.shaded.org.apache.hc.client5.http.wire - http-outgoing-1 >> "[\r][\n]"
18:30:16.274 [Test worker] DEBUG com.github.dockerjava.zerodep.shaded.org.apache.hc.client5.http.wire - http-outgoing-1 << "HTTP/1.1 200 OK[\r][\n]"
18:30:16.274 [Test worker] DEBUG com.github.dockerjava.zerodep.shaded.org.apache.hc.client5.http.wire - http-outgoing-1 << "Api-Version: 1.41[\r][\n]"
18:30:16.274 [Test worker] DEBUG com.github.dockerjava.zerodep.shaded.org.apache.hc.client5.http.wire - http-outgoing-1 << "Content-Type: application/json[\r][\n]"
18:30:16.274 [Test worker] DEBUG com.github.dockerjava.zerodep.shaded.org.apache.hc.client5.http.wire - http-outgoing-1 << "Docker-Experimental: false[\r][\n]"
18:30:16.274 [Test worker] DEBUG com.github.dockerjava.zerodep.shaded.org.apache.hc.client5.http.wire - http-outgoing-1 << "Ostype: linux[\r][\n]"
18:30:16.274 [Test worker] DEBUG com.github.dockerjava.zerodep.shaded.org.apache.hc.client5.http.wire - http-outgoing-1 << "Server: Docker/20.10.17 (linux)[\r][\n]"
18:30:16.274 [Test worker] DEBUG com.github.dockerjava.zerodep.shaded.org.apache.hc.client5.http.wire - http-outgoing-1 << "Date: Thu, 08 Dec 2022 21:30:16 GMT[\r][\n]"
18:30:16.274 [Test worker] DEBUG com.github.dockerjava.zerodep.shaded.org.apache.hc.client5.http.wire - http-outgoing-1 << "Transfer-Encoding: chunked[\r][\n]"
18:30:16.274 [Test worker] DEBUG com.github.dockerjava.zerodep.shaded.org.apache.hc.client5.http.wire - http-outgoing-1 << "[\r][\n]"
18:30:16.274 [Test worker] DEBUG com.github.dockerjava.zerodep.shaded.org.apache.hc.client5.http.wire - http-outgoing-1 << "18a6[\r][\n]"
18:30:16.274 [Test worker] DEBUG com.github.dockerjava.zerodep.shaded.org.apache.hc.client5.http.wire - http-outgoing-1 << "{"Id":"b4fc7afd97457a2a6ec84592488a57f900fa52ed03fcd2dbaf8a116bc1f50ab3","Created":"2022-12-08T21:30:11.801619537Z","Path":"docker-entrypoint.sh","Args":["mysqld"],"State":{"Status":"running","Running":true,"Paused":false,"Restarting":false,"OOMKilled":false,"Dead":false,"Pid":148084,"ExitCode":0,"Error":"","StartedAt":"2022-12-08T21:30:12.370762583Z","FinishedAt":"0001-01-01T00:00:00Z"},"Image":"sha256:7484689f290f1defe06b65befc54cb6ad91a667cf0af59a265ffe76c46bd0478","ResolvConfPath":"/var/lib/docker/containers/b4fc7afd97457a2a6ec84592488a57f900fa52ed03fcd2dbaf8a116bc1f50ab3/resolv.conf","HostnamePath":"/var/lib/docker/containers/b4fc7afd97457a2a6ec84592488a57f900fa52ed03fcd2dbaf8a116bc1f50ab3/hostname","HostsPath":"/var/lib/docker/containers/b4fc7afd97457a2a6ec84592488a57f900fa52ed03fcd2dbaf8a116bc1f50ab3/hosts","LogPath":"/var/lib/docker/containers/b4fc7afd97457a2a6ec84592488a57f900fa52ed03fcd2dbaf8a116bc1f50ab3/b4fc7afd97457a2a6ec84592488a57f900fa52ed03fcd2dbaf8a116bc1f50ab3-json.log","Name":"/agitated_ptolemy","RestartCount":0,"Driver":"overlay2","Platform":"linux","MountLabel":"","ProcessLabel":"","AppArmorProfile":"docker-default","ExecIDs":null,"HostConfig":{"Binds":[],"ContainerIDFile":"","LogConfig":{"Type":"json-file","Config":{}},"NetworkMode":"default","PortBindings":{"3306/tcp":[{"HostIp":"","HostPort":""}]},"RestartPolicy":{"Name":"","MaximumRetryCount":0},"AutoRemove":false,"VolumeDriver":"","VolumesFrom":[],"CapAdd":null,"CapDrop":null,"CgroupnsMode":"private","Dns":null,"DnsOptions":null,"DnsSearch":null,"ExtraHosts":[],"GroupAdd":null,"IpcMode":"shareable","Cgroup":"","Links":null,"OomScoreAdj":0,"PidMode":"","Privileged":false,"PublishAllPorts":false,"ReadonlyRootfs":false,"SecurityOpt":null,"UTSMode":"","UsernsMode":"","ShmSize":67108864,"Runtime":"runc","ConsoleSize":[0,0],"Isolation":"","CpuShares":0,"Memory":0,"NanoCpus":0,"CgroupParent":"","BlkioWeight":0,"BlkioWeightDevice":null,"BlkioDeviceReadBps":null,"BlkioDeviceWriteBps":null,"BlkioDeviceReadIOps":null,"BlkioDeviceWriteIOps":null,"CpuPeriod":0,"CpuQuota":0,"CpuRealtimePeriod":0,"CpuRealtimeRuntime":0,"CpusetCpus":"","CpusetMems":"","Devices":null,"DeviceCgroupRules":null,"DeviceRequests":null,"KernelMemory":0,"KernelMemoryTCP":0,"MemoryReservation":0,"MemorySwap":0,"MemorySwappiness":null,"OomKillDisable":null,"PidsLimit":null,"Ulimits":null,"CpuCount":0,"CpuPercent":0,"IOMaximumIOps":0,"IOMaximumBandwidth":0,"MaskedPaths":["/proc/asound","/proc/acpi","/proc/kcore","/proc/keys","/proc/latency_stats","/proc/timer_list","/proc/timer_stats","/proc/sched_debug","/proc/scsi","/sys/firmware"],"ReadonlyPaths":["/proc/bus","/proc/fs","/proc/irq","/proc/sys","/proc/sysrq-trigger"]},"GraphDriver":{"Data":{"LowerDir":"/var/lib/docker/overlay2/05794d51525f65619c615558ef5f93d7c33eef44e12313fdcb3942911d0b5f7d-init/diff:/var/lib/docker/overlay2/f079a69cfd5e80e906b12f05a0c7bfaabc56ce63e947db68b722ae30905f1239/diff:/var/lib/docker/overlay2/9dfb63d6bb556846a13012421dde7951ef83a14d8ce1882287cce66f0f9bd055/diff:/var/lib/docker/overlay2/c4f8874ae33ddd14488f5051cd953acc020fa00ea72d28bd530450c0bc8f9903/diff:/var/lib/docker/overlay2/992683766b46aa5653160e6a34283b579a75000e230890d0ec0a6204af735697/diff:/var/lib/docker/overlay2/6e3fba0e1d6501c91c9bec723bb1364f75599c6c2026a6dc71773c88a49f890a/diff:/var/lib/docker/overlay2/c6c2a366f45a69704761d45d296d71bf2bf315efb15cb06ad88925ed235fad81/diff:/var/lib/docker/overlay2/7555f9b18615244719d04b23296ba418195e5e569d47baf9f1da7c3f053fe194/diff:/var/lib/docker/overlay2/7752eb17f8f8ba44a5ed178f499901fa7eb6f2e031c29ab160ee4eff4db8edaa/diff:/var/lib/docker/overlay2/9683de8b3733106f256bd0eabc7cae13623b14493b9212e863449d42b8a87390/diff:/var/lib/docker/overlay2/f5e28e407d8811526fb7dd82e4fed08d5d3124c0f22f1a9496ed27b2b457d3dd/diff:/var/lib/docker/overlay2/e2980c91c6b3331cff3994ca6f327955bb5feaef0f96bc64edce80631fdbf829/di"
18:30:16.274 [Test worker] DEBUG com.github.dockerjava.zerodep.shaded.org.apache.hc.client5.http.headers - http-outgoing-1 << HTTP/1.1 200 OK
18:30:16.274 [Test worker] DEBUG com.github.dockerjava.zerodep.shaded.org.apache.hc.client5.http.headers - http-outgoing-1 << Api-Version: 1.41
18:30:16.274 [Test worker] DEBUG com.github.dockerjava.zerodep.shaded.org.apache.hc.client5.http.headers - http-outgoing-1 << Content-Type: application/json
18:30:16.274 [Test worker] DEBUG com.github.dockerjava.zerodep.shaded.org.apache.hc.client5.http.headers - http-outgoing-1 << Docker-Experimental: false
18:30:16.274 [Test worker] DEBUG com.github.dockerjava.zerodep.shaded.org.apache.hc.client5.http.headers - http-outgoing-1 << Ostype: linux
18:30:16.274 [Test worker] DEBUG com.github.dockerjava.zerodep.shaded.org.apache.hc.client5.http.headers - http-outgoing-1 << Server: Docker/20.10.17 (linux)
18:30:16.274 [Test worker] DEBUG com.github.dockerjava.zerodep.shaded.org.apache.hc.client5.http.headers - http-outgoing-1 << Date: Thu, 08 Dec 2022 21:30:16 GMT
18:30:16.274 [Test worker] DEBUG com.github.dockerjava.zerodep.shaded.org.apache.hc.client5.http.headers - http-outgoing-1 << Transfer-Encoding: chunked
18:30:16.274 [Test worker] DEBUG com.github.dockerjava.zerodep.shaded.org.apache.hc.client5.http.impl.classic.MainClientExec - ex-0000002E: connection can be kept alive for 3 MINUTES
18:30:16.274 [Test worker] DEBUG com.github.dockerjava.zerodep.shaded.org.apache.hc.client5.http.wire - http-outgoing-1 << "ff","MergedDir":"/var/lib/docker/overlay2/05794d51525f65619c615558ef5f93d7c33eef44e12313fdcb3942911d0b5f7d/merged","UpperDir":"/var/lib/docker/overlay2/05794d51525f65619c615558ef5f93d7c33eef44e12313fdcb3942911d0b5f7d/diff","WorkDir":"/var/lib/docker/overlay2/05794d51525f65619c615558ef5f93d7c33eef44e12313fdcb3942911d0b5f7d/work"},"Name":"overlay2"},"Mounts":[{"Type":"volume","Name":"fe29345a30f82a1c969c40b069133e9d87168ce95967d67ac182ee42c059affb","Source":"/var/lib/docker/volumes/fe29345a30f82a1c969c40b069133e9d87168ce95967d67ac182ee42c059affb/_data","Destination":"/var/lib/mysql","Driver":"local","Mode":"","RW":true,"Propagation":""}],"Config":{"Hostname":"b4fc7afd9745","Domainname":"","User":"","AttachStdin":false,"AttachStdout":false,"AttachStderr":false,"ExposedPorts":{"3306/tcp":{},"33060/tcp":{}},"Tty":false,"OpenStdin":false,"StdinOnce":false,"Env":["MYSQL_DATABASE=adm_videos","MYSQL_PASSWORD=123456","MYSQL_ROOT_PASSWORD=123456","PATH=/usr/local/sbin:/usr/local/bin:/usr/sbin:/usr/bin:/sbin:/bin","GOSU_VERSION=1.14","MYSQL_MAJOR=8.0","MYSQL_VERSION=8.0.31-1.el8","MYSQL_SHELL_VERSION=8.0.31-1.el8"],"Cmd":["mysqld"],"Image":"mysql:latest","Volumes":{"/var/lib/mysql":{}},"WorkingDir":"","Entrypoint":["docker-entrypoint.sh"],"OnBuild":null,"Labels":{"org.testcontainers":"true","org.testcontainers.sessionId":"cdd139c9-cde1-4429-bea7-edb0e651ba16"}},"NetworkSettings":{"Bridge":"","SandboxID":"8404ec7d59006489fa5b6638879180586e9aa24c1c3ae79d40e26a8f453c93b1","HairpinMode":false,"LinkLocalIPv6Address":"","LinkLocalIPv6PrefixLen":0,"Ports":{"3306/tcp":[{"HostIp":"0.0.0.0","HostPort":"49156"},{"HostIp":"::","HostPort":"49156"}],"33060/tcp":null},"SandboxKey":"/var/run/docker/netns/8404ec7d5900","SecondaryIPAddresses":null,"SecondaryIPv6Addresses":null,"EndpointID":"28c851b70d88131a783e3d87b7c50320df5f3250ebca621b1b39353a2424212a","Gateway":"172.17.0.1","GlobalIPv6Address":"","GlobalIPv6PrefixLen":0,"IPAddress":"172.17.0.3","IPPrefixLen":16,"IPv6Gateway":"","MacAddress":"02:42:ac:11:00:03","Networks":{"bridge":{"IPAMConfig":null,"Links":null,"Aliases":null,"NetworkID":"bf06afe94eca8b5ab91eae0dbaa8561a6dd16832d429dcdbaa7ed1e003cfbe56","EndpointID":"28c851b70d88131a783e3d87b7c50320df5f3250ebca621b1b39353a2424212a","Gateway":"172.17.0.1","IPAddress":"172.17.0.3","IPPrefixLen":16,"IPv6Gateway":"","GlobalIPv6Address":"","GlobalIPv6PrefixLen":0,"MacAddress":"02:42:ac:11:00:03","DriverOpts":null}}}}[\n]"
18:30:16.275 [Test worker] DEBUG com.github.dockerjava.zerodep.shaded.org.apache.hc.client5.http.wire - http-outgoing-1 << "[\r][\n]"
18:30:16.275 [Test worker] DEBUG com.github.dockerjava.zerodep.shaded.org.apache.hc.client5.http.wire - http-outgoing-1 << "0[\r][\n]"
18:30:16.275 [Test worker] DEBUG com.github.dockerjava.zerodep.shaded.org.apache.hc.client5.http.wire - http-outgoing-1 << "[\r][\n]"
18:30:16.275 [Test worker] DEBUG com.github.dockerjava.zerodep.shaded.org.apache.hc.client5.http.impl.classic.InternalHttpClient - ep-0000002D: releasing valid endpoint
18:30:16.275 [Test worker] DEBUG com.github.dockerjava.zerodep.shaded.org.apache.hc.client5.http.impl.io.PoolingHttpClientConnectionManager - ep-0000002D: releasing endpoint
18:30:16.275 [Test worker] DEBUG com.github.dockerjava.zerodep.shaded.org.apache.hc.client5.http.impl.io.PoolingHttpClientConnectionManager - ep-0000002D: connection http-outgoing-1 can be kept alive for 3 MINUTES
18:30:16.275 [Test worker] DEBUG com.github.dockerjava.zerodep.shaded.org.apache.hc.client5.http.impl.io.PoolingHttpClientConnectionManager - ep-0000002D: connection released [route: {}->unix://localhost:2375][total available: 1; route allocated: 1 of 2147483647; total allocated: 1 of 2147483647]
18:30:16.275 [Test worker] DEBUG ]]>&#x1f433;<![CDATA[ [mysql:latest] - Trying to create JDBC connection using com.mysql.cj.jdbc.Driver to jdbc:mysql://localhost:49156/adm_videos?useSSL=false&allowPublicKeyRetrieval=true with properties: {password=123456, user=root}
18:30:16.380 [Test worker] DEBUG org.testcontainers.shaded.com.github.dockerjava.core.command.AbstrDockerCmd - Cmd: b4fc7afd97457a2a6ec84592488a57f900fa52ed03fcd2dbaf8a116bc1f50ab3,false
18:30:16.380 [Test worker] DEBUG org.testcontainers.shaded.com.github.dockerjava.core.exec.InspectContainerCmdExec - GET: DefaultWebTarget{path=[/containers/b4fc7afd97457a2a6ec84592488a57f900fa52ed03fcd2dbaf8a116bc1f50ab3/json], queryParams={}}
18:30:16.381 [Test worker] DEBUG com.github.dockerjava.zerodep.shaded.org.apache.hc.client5.http.impl.classic.InternalHttpClient - ex-0000002F: preparing request execution
18:30:16.381 [Test worker] DEBUG com.github.dockerjava.zerodep.shaded.org.apache.hc.client5.http.protocol.RequestAddCookies - Cookie spec selected: strict
18:30:16.381 [Test worker] DEBUG com.github.dockerjava.zerodep.shaded.org.apache.hc.client5.http.protocol.RequestAuthCache - Auth cache not set in the context
18:30:16.381 [Test worker] DEBUG com.github.dockerjava.zerodep.shaded.org.apache.hc.client5.http.impl.classic.ProtocolExec - ex-0000002F: target auth state: UNCHALLENGED
18:30:16.381 [Test worker] DEBUG com.github.dockerjava.zerodep.shaded.org.apache.hc.client5.http.impl.classic.ProtocolExec - ex-0000002F: proxy auth state: UNCHALLENGED
18:30:16.381 [Test worker] DEBUG com.github.dockerjava.zerodep.shaded.org.apache.hc.client5.http.impl.classic.ConnectExec - ex-0000002F: acquiring connection with route {}->unix://localhost:2375
18:30:16.381 [Test worker] DEBUG com.github.dockerjava.zerodep.shaded.org.apache.hc.client5.http.impl.classic.InternalHttpClient - ex-0000002F: acquiring endpoint (3 MINUTES)
18:30:16.381 [Test worker] DEBUG com.github.dockerjava.zerodep.shaded.org.apache.hc.client5.http.impl.io.PoolingHttpClientConnectionManager - ex-0000002F: endpoint lease request (3 MINUTES) [route: {}->unix://localhost:2375][total available: 1; route allocated: 1 of 2147483647; total allocated: 1 of 2147483647]
18:30:16.381 [Test worker] DEBUG com.github.dockerjava.zerodep.shaded.org.apache.hc.client5.http.impl.io.PoolingHttpClientConnectionManager - ex-0000002F: endpoint leased [route: {}->unix://localhost:2375][total available: 0; route allocated: 1 of 2147483647; total allocated: 1 of 2147483647]
18:30:16.381 [Test worker] DEBUG com.github.dockerjava.zerodep.shaded.org.apache.hc.client5.http.impl.io.PoolingHttpClientConnectionManager - ex-0000002F: acquired ep-0000002E
18:30:16.381 [Test worker] DEBUG com.github.dockerjava.zerodep.shaded.org.apache.hc.client5.http.impl.classic.InternalHttpClient - ex-0000002F: acquired endpoint ep-0000002E
18:30:16.381 [Test worker] DEBUG com.github.dockerjava.zerodep.shaded.org.apache.hc.client5.http.impl.classic.MainClientExec - ex-0000002F: executing GET /v1.32/containers/b4fc7afd97457a2a6ec84592488a57f900fa52ed03fcd2dbaf8a116bc1f50ab3/json HTTP/1.1
18:30:16.381 [Test worker] DEBUG com.github.dockerjava.zerodep.shaded.org.apache.hc.client5.http.impl.classic.InternalHttpClient - ep-0000002E: start execution ex-0000002F
18:30:16.381 [Test worker] DEBUG com.github.dockerjava.zerodep.shaded.org.apache.hc.client5.http.impl.io.PoolingHttpClientConnectionManager - ep-0000002E: executing exchange ex-0000002F over http-outgoing-1
18:30:16.381 [Test worker] DEBUG com.github.dockerjava.zerodep.shaded.org.apache.hc.client5.http.headers - http-outgoing-1 >> GET /v1.32/containers/b4fc7afd97457a2a6ec84592488a57f900fa52ed03fcd2dbaf8a116bc1f50ab3/json HTTP/1.1
18:30:16.381 [Test worker] DEBUG com.github.dockerjava.zerodep.shaded.org.apache.hc.client5.http.headers - http-outgoing-1 >> accept: application/json
18:30:16.381 [Test worker] DEBUG com.github.dockerjava.zerodep.shaded.org.apache.hc.client5.http.headers - http-outgoing-1 >> x-tc-sid: cdd139c9-cde1-4429-bea7-edb0e651ba16
18:30:16.381 [Test worker] DEBUG com.github.dockerjava.zerodep.shaded.org.apache.hc.client5.http.headers - http-outgoing-1 >> Accept-Encoding: gzip, x-gzip, deflate
18:30:16.381 [Test worker] DEBUG com.github.dockerjava.zerodep.shaded.org.apache.hc.client5.http.headers - http-outgoing-1 >> Host: localhost:2375
18:30:16.381 [Test worker] DEBUG com.github.dockerjava.zerodep.shaded.org.apache.hc.client5.http.headers - http-outgoing-1 >> Connection: keep-alive
18:30:16.381 [Test worker] DEBUG com.github.dockerjava.zerodep.shaded.org.apache.hc.client5.http.headers - http-outgoing-1 >> User-Agent: Apache-HttpClient/5.0.3 (Java/17.0.2)
18:30:16.381 [Test worker] DEBUG com.github.dockerjava.zerodep.shaded.org.apache.hc.client5.http.wire - http-outgoing-1 >> "GET /v1.32/containers/b4fc7afd97457a2a6ec84592488a57f900fa52ed03fcd2dbaf8a116bc1f50ab3/json HTTP/1.1[\r][\n]"
18:30:16.381 [Test worker] DEBUG com.github.dockerjava.zerodep.shaded.org.apache.hc.client5.http.wire - http-outgoing-1 >> "accept: application/json[\r][\n]"
18:30:16.381 [Test worker] DEBUG com.github.dockerjava.zerodep.shaded.org.apache.hc.client5.http.wire - http-outgoing-1 >> "x-tc-sid: cdd139c9-cde1-4429-bea7-edb0e651ba16[\r][\n]"
18:30:16.381 [Test worker] DEBUG com.github.dockerjava.zerodep.shaded.org.apache.hc.client5.http.wire - http-outgoing-1 >> "Accept-Encoding: gzip, x-gzip, deflate[\r][\n]"
18:30:16.381 [Test worker] DEBUG com.github.dockerjava.zerodep.shaded.org.apache.hc.client5.http.wire - http-outgoing-1 >> "Host: localhost:2375[\r][\n]"
18:30:16.381 [Test worker] DEBUG com.github.dockerjava.zerodep.shaded.org.apache.hc.client5.http.wire - http-outgoing-1 >> "Connection: keep-alive[\r][\n]"
18:30:16.381 [Test worker] DEBUG com.github.dockerjava.zerodep.shaded.org.apache.hc.client5.http.wire - http-outgoing-1 >> "User-Agent: Apache-HttpClient/5.0.3 (Java/17.0.2)[\r][\n]"
18:30:16.381 [Test worker] DEBUG com.github.dockerjava.zerodep.shaded.org.apache.hc.client5.http.wire - http-outgoing-1 >> "[\r][\n]"
18:30:16.382 [Test worker] DEBUG com.github.dockerjava.zerodep.shaded.org.apache.hc.client5.http.wire - http-outgoing-1 << "HTTP/1.1 200 OK[\r][\n]"
18:30:16.383 [Test worker] DEBUG com.github.dockerjava.zerodep.shaded.org.apache.hc.client5.http.wire - http-outgoing-1 << "Api-Version: 1.41[\r][\n]"
18:30:16.383 [Test worker] DEBUG com.github.dockerjava.zerodep.shaded.org.apache.hc.client5.http.wire - http-outgoing-1 << "Content-Type: application/json[\r][\n]"
18:30:16.383 [Test worker] DEBUG com.github.dockerjava.zerodep.shaded.org.apache.hc.client5.http.wire - http-outgoing-1 << "Docker-Experimental: false[\r][\n]"
18:30:16.383 [Test worker] DEBUG com.github.dockerjava.zerodep.shaded.org.apache.hc.client5.http.wire - http-outgoing-1 << "Ostype: linux[\r][\n]"
18:30:16.383 [Test worker] DEBUG com.github.dockerjava.zerodep.shaded.org.apache.hc.client5.http.wire - http-outgoing-1 << "Server: Docker/20.10.17 (linux)[\r][\n]"
18:30:16.383 [Test worker] DEBUG com.github.dockerjava.zerodep.shaded.org.apache.hc.client5.http.wire - http-outgoing-1 << "Date: Thu, 08 Dec 2022 21:30:16 GMT[\r][\n]"
18:30:16.383 [Test worker] DEBUG com.github.dockerjava.zerodep.shaded.org.apache.hc.client5.http.wire - http-outgoing-1 << "Transfer-Encoding: chunked[\r][\n]"
18:30:16.383 [Test worker] DEBUG com.github.dockerjava.zerodep.shaded.org.apache.hc.client5.http.wire - http-outgoing-1 << "[\r][\n]"
18:30:16.383 [Test worker] DEBUG com.github.dockerjava.zerodep.shaded.org.apache.hc.client5.http.wire - http-outgoing-1 << "18a6[\r][\n]"
18:30:16.383 [Test worker] DEBUG com.github.dockerjava.zerodep.shaded.org.apache.hc.client5.http.wire - http-outgoing-1 << "{"Id":"b4fc7afd97457a2a6ec84592488a57f900fa52ed03fcd2dbaf8a116bc1f50ab3","Created":"2022-12-08T21:30:11.801619537Z","Path":"docker-entrypoint.sh","Args":["mysqld"],"State":{"Status":"running","Running":true,"Paused":false,"Restarting":false,"OOMKilled":false,"Dead":false,"Pid":148084,"ExitCode":0,"Error":"","StartedAt":"2022-12-08T21:30:12.370762583Z","FinishedAt":"0001-01-01T00:00:00Z"},"Image":"sha256:7484689f290f1defe06b65befc54cb6ad91a667cf0af59a265ffe76c46bd0478","ResolvConfPath":"/var/lib/docker/containers/b4fc7afd97457a2a6ec84592488a57f900fa52ed03fcd2dbaf8a116bc1f50ab3/resolv.conf","HostnamePath":"/var/lib/docker/containers/b4fc7afd97457a2a6ec84592488a57f900fa52ed03fcd2dbaf8a116bc1f50ab3/hostname","HostsPath":"/var/lib/docker/containers/b4fc7afd97457a2a6ec84592488a57f900fa52ed03fcd2dbaf8a116bc1f50ab3/hosts","LogPath":"/var/lib/docker/containers/b4fc7afd97457a2a6ec84592488a57f900fa52ed03fcd2dbaf8a116bc1f50ab3/b4fc7afd97457a2a6ec84592488a57f900fa52ed03fcd2dbaf8a116bc1f50ab3-json.log","Name":"/agitated_ptolemy","RestartCount":0,"Driver":"overlay2","Platform":"linux","MountLabel":"","ProcessLabel":"","AppArmorProfile":"docker-default","ExecIDs":null,"HostConfig":{"Binds":[],"ContainerIDFile":"","LogConfig":{"Type":"json-file","Config":{}},"NetworkMode":"default","PortBindings":{"3306/tcp":[{"HostIp":"","HostPort":""}]},"RestartPolicy":{"Name":"","MaximumRetryCount":0},"AutoRemove":false,"VolumeDriver":"","VolumesFrom":[],"CapAdd":null,"CapDrop":null,"CgroupnsMode":"private","Dns":null,"DnsOptions":null,"DnsSearch":null,"ExtraHosts":[],"GroupAdd":null,"IpcMode":"shareable","Cgroup":"","Links":null,"OomScoreAdj":0,"PidMode":"","Privileged":false,"PublishAllPorts":false,"ReadonlyRootfs":false,"SecurityOpt":null,"UTSMode":"","UsernsMode":"","ShmSize":67108864,"Runtime":"runc","ConsoleSize":[0,0],"Isolation":"","CpuShares":0,"Memory":0,"NanoCpus":0,"CgroupParent":"","BlkioWeight":0,"BlkioWeightDevice":null,"BlkioDeviceReadBps":null,"BlkioDeviceWriteBps":null,"BlkioDeviceReadIOps":null,"BlkioDeviceWriteIOps":null,"CpuPeriod":0,"CpuQuota":0,"CpuRealtimePeriod":0,"CpuRealtimeRuntime":0,"CpusetCpus":"","CpusetMems":"","Devices":null,"DeviceCgroupRules":null,"DeviceRequests":null,"KernelMemory":0,"KernelMemoryTCP":0,"MemoryReservation":0,"MemorySwap":0,"MemorySwappiness":null,"OomKillDisable":null,"PidsLimit":null,"Ulimits":null,"CpuCount":0,"CpuPercent":0,"IOMaximumIOps":0,"IOMaximumBandwidth":0,"MaskedPaths":["/proc/asound","/proc/acpi","/proc/kcore","/proc/keys","/proc/latency_stats","/proc/timer_list","/proc/timer_stats","/proc/sched_debug","/proc/scsi","/sys/firmware"],"ReadonlyPaths":["/proc/bus","/proc/fs","/proc/irq","/proc/sys","/proc/sysrq-trigger"]},"GraphDriver":{"Data":{"LowerDir":"/var/lib/docker/overlay2/05794d51525f65619c615558ef5f93d7c33eef44e12313fdcb3942911d0b5f7d-init/diff:/var/lib/docker/overlay2/f079a69cfd5e80e906b12f05a0c7bfaabc56ce63e947db68b722ae30905f1239/diff:/var/lib/docker/overlay2/9dfb63d6bb556846a13012421dde7951ef83a14d8ce1882287cce66f0f9bd055/diff:/var/lib/docker/overlay2/c4f8874ae33ddd14488f5051cd953acc020fa00ea72d28bd530450c0bc8f9903/diff:/var/lib/docker/overlay2/992683766b46aa5653160e6a34283b579a75000e230890d0ec0a6204af735697/diff:/var/lib/docker/overlay2/6e3fba0e1d6501c91c9bec723bb1364f75599c6c2026a6dc71773c88a49f890a/diff:/var/lib/docker/overlay2/c6c2a366f45a69704761d45d296d71bf2bf315efb15cb06ad88925ed235fad81/diff:/var/lib/docker/overlay2/7555f9b18615244719d04b23296ba418195e5e569d47baf9f1da7c3f053fe194/diff:/var/lib/docker/overlay2/7752eb17f8f8ba44a5ed178f499901fa7eb6f2e031c29ab160ee4eff4db8edaa/diff:/var/lib/docker/overlay2/9683de8b3733106f256bd0eabc7cae13623b14493b9212e863449d42b8a87390/diff:/var/lib/docker/overlay2/f5e28e407d8811526fb7dd82e4fed08d5d3124c0f22f1a9496ed27b2b457d3dd/diff:/var/lib/docker/overlay2/e2980c91c6b3331cff3994ca6f327955bb5feaef0f96bc64edce80631fdbf829/diff","MergedDir":"/var/lib/docker/overlay2/05794d51525f65619c615558ef5f93d7c33eef44e12313fdcb3942911d0b5f7d/merged","UpperDir":"/var/lib/docker/overlay2/05794d51525f65619c615558ef5f93d7c33eef44e12313fdcb3942911d0b5f7d/diff","WorkDir":"/var/lib/docker/overlay2/05794d51525f65619c615558ef5f93d7c33eef44e12313fdcb3942911d0b5f7d/work"},"Name":"overlay2"},"Mounts":[{"Type":"volume","Name":"fe29345a30f82a1c969c40b069133e9d87168ce95967d67ac182ee42c059affb","Source":"/var/lib/docker/volumes/fe29345a30f82a1c969c40b069133e9d87168ce95967d67ac182ee42c059affb/_data","Destination":"/var/lib/mysql","Driver":"local","Mode":"","RW":true,"Propagation":""}],"Config":{"Hostname":"b4fc7afd9745","Domainname":"","User":"","AttachStdin":false,"AttachStdout":false,"AttachStderr":false,"ExposedPorts":{"3306/tcp":{},"33060/tcp":{}},"Tty":false,"OpenStdin":false,"StdinOnce":false,"Env":["MYSQL_DATABASE=adm_videos","MYSQL_PASSWORD=123456","MYSQL_ROOT_PASSWORD=123456","PATH=/usr/local/sbin:/usr/local/bin:/usr/sbin:/usr/bin:/sbin:/bin","GOSU_VERSION=1.14","MYSQL_MAJOR=8.0","MYSQL_VERSION=8.0.31-1.el8","MYSQL_SHELL_VERSION=8.0.31-1.el8"],"Cmd":["mysqld"],"Image":"mysql:latest","Volumes":{"/var/lib/mysql":{}},"WorkingDir":"","Entrypoint":["docker-entrypoint.sh"],"OnBuild":null,"Labels":{"org.testcontainers":"true","org.testcontainers.sessionId":"cdd139c9-cde1-4429-bea7-edb0e651ba16"}},"NetworkSettings":{"Bridge":"","SandboxID":"8404ec7d59006489fa5b6638879180586e9aa24c1c3ae79d40e26a8f453c93b1","HairpinMode":false,"LinkLocalIPv6Address":"","LinkLocalIPv6PrefixLen":0,"Ports":{"3306/tcp":[{"HostIp":"0.0.0.0","HostPort":"49156"},{"HostIp":"::","HostPort":"49156"}],"33060/tcp":null},"SandboxKey":"/var/run/docker/netns/8404ec7d5900","SecondaryIPAddresses":null,"SecondaryIPv6Addresses":null,"EndpointID":"28c851b70d88131a783e3d87b7c50320df5f3250ebca621b1b39353a2424212a","Gateway":"172.17.0.1","GlobalIPv6Address":"","GlobalIPv6PrefixLen":0,"IPAddress":"172.17.0.3","IPPrefixLen":16,"IPv6Gateway":"","MacAddress":"02:42:ac:11:00:03","Networks":{"bridge":{"IPAMConfig":null,"Links":null,"Aliases":null,"NetworkID":"bf06afe94eca8b5ab91eae0dbaa8561a6dd16832d429dcdbaa7ed1e003cfbe56","EndpointID":"28c851b70d88131a783e3d87b7c50320df5f3250ebca621b1b39353a2424212a","Gateway":"172.17.0.1","IPAddress":"172.17.0.3","IPPrefixLen":16,"IPv6Gateway":"","GlobalIPv6Address":"","GlobalIPv6PrefixLen":0,"MacAddress":"02:42:ac:11:00:03","DriverOpts":null}}}}[\n]"
18:30:16.383 [Test worker] DEBUG com.github.dockerjava.zerodep.shaded.org.apache.hc.client5.http.wire - http-outgoing-1 << "[\r][\n]"
18:30:16.383 [Test worker] DEBUG com.github.dockerjava.zerodep.shaded.org.apache.hc.client5.http.wire - http-outgoing-1 << "0[\r][\n]"
18:30:16.383 [Test worker] DEBUG com.github.dockerjava.zerodep.shaded.org.apache.hc.client5.http.wire - http-outgoing-1 << "[\r][\n]"
18:30:16.383 [Test worker] DEBUG com.github.dockerjava.zerodep.shaded.org.apache.hc.client5.http.headers - http-outgoing-1 << HTTP/1.1 200 OK
18:30:16.383 [Test worker] DEBUG com.github.dockerjava.zerodep.shaded.org.apache.hc.client5.http.headers - http-outgoing-1 << Api-Version: 1.41
18:30:16.383 [Test worker] DEBUG com.github.dockerjava.zerodep.shaded.org.apache.hc.client5.http.headers - http-outgoing-1 << Content-Type: application/json
18:30:16.383 [Test worker] DEBUG com.github.dockerjava.zerodep.shaded.org.apache.hc.client5.http.headers - http-outgoing-1 << Docker-Experimental: false
18:30:16.383 [Test worker] DEBUG com.github.dockerjava.zerodep.shaded.org.apache.hc.client5.http.headers - http-outgoing-1 << Ostype: linux
18:30:16.383 [Test worker] DEBUG com.github.dockerjava.zerodep.shaded.org.apache.hc.client5.http.headers - http-outgoing-1 << Server: Docker/20.10.17 (linux)
18:30:16.383 [Test worker] DEBUG com.github.dockerjava.zerodep.shaded.org.apache.hc.client5.http.headers - http-outgoing-1 << Date: Thu, 08 Dec 2022 21:30:16 GMT
18:30:16.383 [Test worker] DEBUG com.github.dockerjava.zerodep.shaded.org.apache.hc.client5.http.headers - http-outgoing-1 << Transfer-Encoding: chunked
18:30:16.383 [Test worker] DEBUG com.github.dockerjava.zerodep.shaded.org.apache.hc.client5.http.impl.classic.MainClientExec - ex-0000002F: connection can be kept alive for 3 MINUTES
18:30:16.384 [Test worker] DEBUG com.github.dockerjava.zerodep.shaded.org.apache.hc.client5.http.impl.classic.InternalHttpClient - ep-0000002E: releasing valid endpoint
18:30:16.384 [Test worker] DEBUG com.github.dockerjava.zerodep.shaded.org.apache.hc.client5.http.impl.io.PoolingHttpClientConnectionManager - ep-0000002E: releasing endpoint
18:30:16.384 [Test worker] DEBUG com.github.dockerjava.zerodep.shaded.org.apache.hc.client5.http.impl.io.PoolingHttpClientConnectionManager - ep-0000002E: connection http-outgoing-1 can be kept alive for 3 MINUTES
18:30:16.384 [Test worker] DEBUG com.github.dockerjava.zerodep.shaded.org.apache.hc.client5.http.impl.io.PoolingHttpClientConnectionManager - ep-0000002E: connection released [route: {}->unix://localhost:2375][total available: 1; route allocated: 1 of 2147483647; total allocated: 1 of 2147483647]
18:30:16.385 [Test worker] DEBUG ]]>&#x1f433;<![CDATA[ [mysql:latest] - Trying to create JDBC connection using com.mysql.cj.jdbc.Driver to jdbc:mysql://localhost:49156/adm_videos?useSSL=false&allowPublicKeyRetrieval=true with properties: {password=123456, user=root}
18:30:16.486 [Test worker] DEBUG org.testcontainers.shaded.com.github.dockerjava.core.command.AbstrDockerCmd - Cmd: b4fc7afd97457a2a6ec84592488a57f900fa52ed03fcd2dbaf8a116bc1f50ab3,false
18:30:16.487 [Test worker] DEBUG org.testcontainers.shaded.com.github.dockerjava.core.exec.InspectContainerCmdExec - GET: DefaultWebTarget{path=[/containers/b4fc7afd97457a2a6ec84592488a57f900fa52ed03fcd2dbaf8a116bc1f50ab3/json], queryParams={}}
18:30:16.487 [Test worker] DEBUG com.github.dockerjava.zerodep.shaded.org.apache.hc.client5.http.impl.classic.InternalHttpClient - ex-00000030: preparing request execution
18:30:16.487 [Test worker] DEBUG com.github.dockerjava.zerodep.shaded.org.apache.hc.client5.http.protocol.RequestAddCookies - Cookie spec selected: strict
18:30:16.487 [Test worker] DEBUG com.github.dockerjava.zerodep.shaded.org.apache.hc.client5.http.protocol.RequestAuthCache - Auth cache not set in the context
18:30:16.487 [Test worker] DEBUG com.github.dockerjava.zerodep.shaded.org.apache.hc.client5.http.impl.classic.ProtocolExec - ex-00000030: target auth state: UNCHALLENGED
18:30:16.487 [Test worker] DEBUG com.github.dockerjava.zerodep.shaded.org.apache.hc.client5.http.impl.classic.ProtocolExec - ex-00000030: proxy auth state: UNCHALLENGED
18:30:16.487 [Test worker] DEBUG com.github.dockerjava.zerodep.shaded.org.apache.hc.client5.http.impl.classic.ConnectExec - ex-00000030: acquiring connection with route {}->unix://localhost:2375
18:30:16.487 [Test worker] DEBUG com.github.dockerjava.zerodep.shaded.org.apache.hc.client5.http.impl.classic.InternalHttpClient - ex-00000030: acquiring endpoint (3 MINUTES)
18:30:16.487 [Test worker] DEBUG com.github.dockerjava.zerodep.shaded.org.apache.hc.client5.http.impl.io.PoolingHttpClientConnectionManager - ex-00000030: endpoint lease request (3 MINUTES) [route: {}->unix://localhost:2375][total available: 1; route allocated: 1 of 2147483647; total allocated: 1 of 2147483647]
18:30:16.487 [Test worker] DEBUG com.github.dockerjava.zerodep.shaded.org.apache.hc.client5.http.impl.io.PoolingHttpClientConnectionManager - ex-00000030: endpoint leased [route: {}->unix://localhost:2375][total available: 0; route allocated: 1 of 2147483647; total allocated: 1 of 2147483647]
18:30:16.488 [Test worker] DEBUG com.github.dockerjava.zerodep.shaded.org.apache.hc.client5.http.impl.io.PoolingHttpClientConnectionManager - ex-00000030: acquired ep-0000002F
18:30:16.488 [Test worker] DEBUG com.github.dockerjava.zerodep.shaded.org.apache.hc.client5.http.impl.classic.InternalHttpClient - ex-00000030: acquired endpoint ep-0000002F
18:30:16.488 [Test worker] DEBUG com.github.dockerjava.zerodep.shaded.org.apache.hc.client5.http.impl.classic.MainClientExec - ex-00000030: executing GET /v1.32/containers/b4fc7afd97457a2a6ec84592488a57f900fa52ed03fcd2dbaf8a116bc1f50ab3/json HTTP/1.1
18:30:16.488 [Test worker] DEBUG com.github.dockerjava.zerodep.shaded.org.apache.hc.client5.http.impl.classic.InternalHttpClient - ep-0000002F: start execution ex-00000030
18:30:16.488 [Test worker] DEBUG com.github.dockerjava.zerodep.shaded.org.apache.hc.client5.http.impl.io.PoolingHttpClientConnectionManager - ep-0000002F: executing exchange ex-00000030 over http-outgoing-1
18:30:16.488 [Test worker] DEBUG com.github.dockerjava.zerodep.shaded.org.apache.hc.client5.http.headers - http-outgoing-1 >> GET /v1.32/containers/b4fc7afd97457a2a6ec84592488a57f900fa52ed03fcd2dbaf8a116bc1f50ab3/json HTTP/1.1
18:30:16.488 [Test worker] DEBUG com.github.dockerjava.zerodep.shaded.org.apache.hc.client5.http.headers - http-outgoing-1 >> accept: application/json
18:30:16.488 [Test worker] DEBUG com.github.dockerjava.zerodep.shaded.org.apache.hc.client5.http.headers - http-outgoing-1 >> x-tc-sid: cdd139c9-cde1-4429-bea7-edb0e651ba16
18:30:16.488 [Test worker] DEBUG com.github.dockerjava.zerodep.shaded.org.apache.hc.client5.http.headers - http-outgoing-1 >> Accept-Encoding: gzip, x-gzip, deflate
18:30:16.488 [Test worker] DEBUG com.github.dockerjava.zerodep.shaded.org.apache.hc.client5.http.headers - http-outgoing-1 >> Host: localhost:2375
18:30:16.488 [Test worker] DEBUG com.github.dockerjava.zerodep.shaded.org.apache.hc.client5.http.headers - http-outgoing-1 >> Connection: keep-alive
18:30:16.488 [Test worker] DEBUG com.github.dockerjava.zerodep.shaded.org.apache.hc.client5.http.headers - http-outgoing-1 >> User-Agent: Apache-HttpClient/5.0.3 (Java/17.0.2)
18:30:16.488 [Test worker] DEBUG com.github.dockerjava.zerodep.shaded.org.apache.hc.client5.http.wire - http-outgoing-1 >> "GET /v1.32/containers/b4fc7afd97457a2a6ec84592488a57f900fa52ed03fcd2dbaf8a116bc1f50ab3/json HTTP/1.1[\r][\n]"
18:30:16.488 [Test worker] DEBUG com.github.dockerjava.zerodep.shaded.org.apache.hc.client5.http.wire - http-outgoing-1 >> "accept: application/json[\r][\n]"
18:30:16.488 [Test worker] DEBUG com.github.dockerjava.zerodep.shaded.org.apache.hc.client5.http.wire - http-outgoing-1 >> "x-tc-sid: cdd139c9-cde1-4429-bea7-edb0e651ba16[\r][\n]"
18:30:16.488 [Test worker] DEBUG com.github.dockerjava.zerodep.shaded.org.apache.hc.client5.http.wire - http-outgoing-1 >> "Accept-Encoding: gzip, x-gzip, deflate[\r][\n]"
18:30:16.488 [Test worker] DEBUG com.github.dockerjava.zerodep.shaded.org.apache.hc.client5.http.wire - http-outgoing-1 >> "Host: localhost:2375[\r][\n]"
18:30:16.488 [Test worker] DEBUG com.github.dockerjava.zerodep.shaded.org.apache.hc.client5.http.wire - http-outgoing-1 >> "Connection: keep-alive[\r][\n]"
18:30:16.488 [Test worker] DEBUG com.github.dockerjava.zerodep.shaded.org.apache.hc.client5.http.wire - http-outgoing-1 >> "User-Agent: Apache-HttpClient/5.0.3 (Java/17.0.2)[\r][\n]"
18:30:16.488 [Test worker] DEBUG com.github.dockerjava.zerodep.shaded.org.apache.hc.client5.http.wire - http-outgoing-1 >> "[\r][\n]"
18:30:16.488 [Test worker] DEBUG com.github.dockerjava.zerodep.shaded.org.apache.hc.client5.http.wire - http-outgoing-1 << "HTTP/1.1 200 OK[\r][\n]"
18:30:16.488 [Test worker] DEBUG com.github.dockerjava.zerodep.shaded.org.apache.hc.client5.http.wire - http-outgoing-1 << "Api-Version: 1.41[\r][\n]"
18:30:16.488 [Test worker] DEBUG com.github.dockerjava.zerodep.shaded.org.apache.hc.client5.http.wire - http-outgoing-1 << "Content-Type: application/json[\r][\n]"
18:30:16.488 [Test worker] DEBUG com.github.dockerjava.zerodep.shaded.org.apache.hc.client5.http.wire - http-outgoing-1 << "Docker-Experimental: false[\r][\n]"
18:30:16.488 [Test worker] DEBUG com.github.dockerjava.zerodep.shaded.org.apache.hc.client5.http.wire - http-outgoing-1 << "Ostype: linux[\r][\n]"
18:30:16.488 [Test worker] DEBUG com.github.dockerjava.zerodep.shaded.org.apache.hc.client5.http.wire - http-outgoing-1 << "Server: Docker/20.10.17 (linux)[\r][\n]"
18:30:16.488 [Test worker] DEBUG com.github.dockerjava.zerodep.shaded.org.apache.hc.client5.http.wire - http-outgoing-1 << "Date: Thu, 08 Dec 2022 21:30:16 GMT[\r][\n]"
18:30:16.488 [Test worker] DEBUG com.github.dockerjava.zerodep.shaded.org.apache.hc.client5.http.wire - http-outgoing-1 << "Transfer-Encoding: chunked[\r][\n]"
18:30:16.488 [Test worker] DEBUG com.github.dockerjava.zerodep.shaded.org.apache.hc.client5.http.wire - http-outgoing-1 << "[\r][\n]"
18:30:16.488 [Test worker] DEBUG com.github.dockerjava.zerodep.shaded.org.apache.hc.client5.http.wire - http-outgoing-1 << "18a6[\r][\n]"
18:30:16.488 [Test worker] DEBUG com.github.dockerjava.zerodep.shaded.org.apache.hc.client5.http.wire - http-outgoing-1 << "{"Id":"b4fc7afd97457a2a6ec84592488a57f900fa52ed03fcd2dbaf8a116bc1f50ab3","Created":"2022-12-08T21:30:11.801619537Z","Path":"docker-entrypoint.sh","Args":["mysqld"],"State":{"Status":"running","Running":true,"Paused":false,"Restarting":false,"OOMKilled":false,"Dead":false,"Pid":148084,"ExitCode":0,"Error":"","StartedAt":"2022-12-08T21:30:12.370762583Z","FinishedAt":"0001-01-01T00:00:00Z"},"Image":"sha256:7484689f290f1defe06b65befc54cb6ad91a667cf0af59a265ffe76c46bd0478","ResolvConfPath":"/var/lib/docker/containers/b4fc7afd97457a2a6ec84592488a57f900fa52ed03fcd2dbaf8a116bc1f50ab3/resolv.conf","HostnamePath":"/var/lib/docker/containers/b4fc7afd97457a2a6ec84592488a57f900fa52ed03fcd2dbaf8a116bc1f50ab3/hostname","HostsPath":"/var/lib/docker/containers/b4fc7afd97457a2a6ec84592488a57f900fa52ed03fcd2dbaf8a116bc1f50ab3/hosts","LogPath":"/var/lib/docker/containers/b4fc7afd97457a2a6ec84592488a57f900fa52ed03fcd2dbaf8a116bc1f50ab3/b4fc7afd97457a2a6ec84592488a57f900fa52ed03fcd2dbaf8a116bc1f50ab3-json.log","Name":"/agitated_ptolemy","RestartCount":0,"Driver":"overlay2","Platform":"linux","MountLabel":"","ProcessLabel":"","AppArmorProfile":"docker-default","ExecIDs":null,"HostConfig":{"Binds":[],"ContainerIDFile":"","LogConfig":{"Type":"json-file","Config":{}},"NetworkMode":"default","PortBindings":{"3306/tcp":[{"HostIp":"","HostPort":""}]},"RestartPolicy":{"Name":"","MaximumRetryCount":0},"AutoRemove":false,"VolumeDriver":"","VolumesFrom":[],"CapAdd":null,"CapDrop":null,"CgroupnsMode":"private","Dns":null,"DnsOptions":null,"DnsSearch":null,"ExtraHosts":[],"GroupAdd":null,"IpcMode":"shareable","Cgroup":"","Links":null,"OomScoreAdj":0,"PidMode":"","Privileged":false,"PublishAllPorts":false,"ReadonlyRootfs":false,"SecurityOpt":null,"UTSMode":"","UsernsMode":"","ShmSize":67108864,"Runtime":"runc","ConsoleSize":[0,0],"Isolation":"","CpuShares":0,"Memory":0,"NanoCpus":0,"CgroupParent":"","BlkioWeight":0,"BlkioWeightDevice":null,"BlkioDeviceReadBps":null,"BlkioDeviceWriteBps":null,"BlkioDeviceReadIOps":null,"BlkioDeviceWriteIOps":null,"CpuPeriod":0,"CpuQuota":0,"CpuRealtimePeriod":0,"CpuRealtimeRuntime":0,"CpusetCpus":"","CpusetMems":"","Devices":null,"DeviceCgroupRules":null,"DeviceRequests":null,"KernelMemory":0,"KernelMemoryTCP":0,"MemoryReservation":0,"MemorySwap":0,"MemorySwappiness":null,"OomKillDisable":null,"PidsLimit":null,"Ulimits":null,"CpuCount":0,"CpuPercent":0,"IOMaximumIOps":0,"IOMaximumBandwidth":0,"MaskedPaths":["/proc/asound","/proc/acpi","/proc/kcore","/proc/keys","/proc/latency_stats","/proc/timer_list","/proc/timer_stats","/proc/sched_debug","/proc/scsi","/sys/firmware"],"ReadonlyPaths":["/proc/bus","/proc/fs","/proc/irq","/proc/sys","/proc/sysrq-trigger"]},"GraphDriver":{"Data":{"LowerDir":"/var/lib/docker/overlay2/05794d51525f65619c615558ef5f93d7c33eef44e12313fdcb3942911d0b5f7d-init/diff:/var/lib/docker/overlay2/f079a69cfd5e80e906b12f05a0c7bfaabc56ce63e947db68b722ae30905f1239/diff:/var/lib/docker/overlay2/9dfb63d6bb556846a13012421dde7951ef83a14d8ce1882287cce66f0f9bd055/diff:/var/lib/docker/overlay2/c4f8874ae33ddd14488f5051cd953acc020fa00ea72d28bd530450c0bc8f9903/diff:/var/lib/docker/overlay2/992683766b46aa5653160e6a34283b579a75000e230890d0ec0a6204af735697/diff:/var/lib/docker/overlay2/6e3fba0e1d6501c91c9bec723bb1364f75599c6c2026a6dc71773c88a49f890a/diff:/var/lib/docker/overlay2/c6c2a366f45a69704761d45d296d71bf2bf315efb15cb06ad88925ed235fad81/diff:/var/lib/docker/overlay2/7555f9b18615244719d04b23296ba418195e5e569d47baf9f1da7c3f053fe194/diff:/var/lib/docker/overlay2/7752eb17f8f8ba44a5ed178f499901fa7eb6f2e031c29ab160ee4eff4db8edaa/diff:/var/lib/docker/overlay2/9683de8b3733106f256bd0eabc7cae13623b14493b9212e863449d42b8a87390/diff:/var/lib/docker/overlay2/f5e28e407d8811526fb7dd82e4fed08d5d3124c0f22f1a9496ed27b2b457d3dd/diff:/var/lib/docker/overlay2/e2980c91c6b3331cff3994ca6f327955bb5feaef0f96bc64edce80631fdbf829/di"
18:30:16.488 [Test worker] DEBUG com.github.dockerjava.zerodep.shaded.org.apache.hc.client5.http.headers - http-outgoing-1 << HTTP/1.1 200 OK
18:30:16.488 [Test worker] DEBUG com.github.dockerjava.zerodep.shaded.org.apache.hc.client5.http.headers - http-outgoing-1 << Api-Version: 1.41
18:30:16.488 [Test worker] DEBUG com.github.dockerjava.zerodep.shaded.org.apache.hc.client5.http.headers - http-outgoing-1 << Content-Type: application/json
18:30:16.488 [Test worker] DEBUG com.github.dockerjava.zerodep.shaded.org.apache.hc.client5.http.headers - http-outgoing-1 << Docker-Experimental: false
18:30:16.488 [Test worker] DEBUG com.github.dockerjava.zerodep.shaded.org.apache.hc.client5.http.headers - http-outgoing-1 << Ostype: linux
18:30:16.488 [Test worker] DEBUG com.github.dockerjava.zerodep.shaded.org.apache.hc.client5.http.headers - http-outgoing-1 << Server: Docker/20.10.17 (linux)
18:30:16.488 [Test worker] DEBUG com.github.dockerjava.zerodep.shaded.org.apache.hc.client5.http.headers - http-outgoing-1 << Date: Thu, 08 Dec 2022 21:30:16 GMT
18:30:16.488 [Test worker] DEBUG com.github.dockerjava.zerodep.shaded.org.apache.hc.client5.http.headers - http-outgoing-1 << Transfer-Encoding: chunked
18:30:16.489 [Test worker] DEBUG com.github.dockerjava.zerodep.shaded.org.apache.hc.client5.http.impl.classic.MainClientExec - ex-00000030: connection can be kept alive for 3 MINUTES
18:30:16.489 [Test worker] DEBUG com.github.dockerjava.zerodep.shaded.org.apache.hc.client5.http.wire - http-outgoing-1 << "ff","MergedDir":"/var/lib/docker/overlay2/05794d51525f65619c615558ef5f93d7c33eef44e12313fdcb3942911d0b5f7d/merged","UpperDir":"/var/lib/docker/overlay2/05794d51525f65619c615558ef5f93d7c33eef44e12313fdcb3942911d0b5f7d/diff","WorkDir":"/var/lib/docker/overlay2/05794d51525f65619c615558ef5f93d7c33eef44e12313fdcb3942911d0b5f7d/work"},"Name":"overlay2"},"Mounts":[{"Type":"volume","Name":"fe29345a30f82a1c969c40b069133e9d87168ce95967d67ac182ee42c059affb","Source":"/var/lib/docker/volumes/fe29345a30f82a1c969c40b069133e9d87168ce95967d67ac182ee42c059affb/_data","Destination":"/var/lib/mysql","Driver":"local","Mode":"","RW":true,"Propagation":""}],"Config":{"Hostname":"b4fc7afd9745","Domainname":"","User":"","AttachStdin":false,"AttachStdout":false,"AttachStderr":false,"ExposedPorts":{"3306/tcp":{},"33060/tcp":{}},"Tty":false,"OpenStdin":false,"StdinOnce":false,"Env":["MYSQL_DATABASE=adm_videos","MYSQL_PASSWORD=123456","MYSQL_ROOT_PASSWORD=123456","PATH=/usr/local/sbin:/usr/local/bin:/usr/sbin:/usr/bin:/sbin:/bin","GOSU_VERSION=1.14","MYSQL_MAJOR=8.0","MYSQL_VERSION=8.0.31-1.el8","MYSQL_SHELL_VERSION=8.0.31-1.el8"],"Cmd":["mysqld"],"Image":"mysql:latest","Volumes":{"/var/lib/mysql":{}},"WorkingDir":"","Entrypoint":["docker-entrypoint.sh"],"OnBuild":null,"Labels":{"org.testcontainers":"true","org.testcontainers.sessionId":"cdd139c9-cde1-4429-bea7-edb0e651ba16"}},"NetworkSettings":{"Bridge":"","SandboxID":"8404ec7d59006489fa5b6638879180586e9aa24c1c3ae79d40e26a8f453c93b1","HairpinMode":false,"LinkLocalIPv6Address":"","LinkLocalIPv6PrefixLen":0,"Ports":{"3306/tcp":[{"HostIp":"0.0.0.0","HostPort":"49156"},{"HostIp":"::","HostPort":"49156"}],"33060/tcp":null},"SandboxKey":"/var/run/docker/netns/8404ec7d5900","SecondaryIPAddresses":null,"SecondaryIPv6Addresses":null,"EndpointID":"28c851b70d88131a783e3d87b7c50320df5f3250ebca621b1b39353a2424212a","Gateway":"172.17.0.1","GlobalIPv6Address":"","GlobalIPv6PrefixLen":0,"IPAddress":"172.17.0.3","IPPrefixLen":16,"IPv6Gateway":"","MacAddress":"02:42:ac:11:00:03","Networks":{"bridge":{"IPAMConfig":null,"Links":null,"Aliases":null,"NetworkID":"bf06afe94eca8b5ab91eae0dbaa8561a6dd16832d429dcdbaa7ed1e003cfbe56","EndpointID":"28c851b70d88131a783e3d87b7c50320df5f3250ebca621b1b39353a2424212a","Gateway":"172.17.0.1","IPAddress":"172.17.0.3","IPPrefixLen":16,"IPv6Gateway":"","GlobalIPv6Address":"","GlobalIPv6PrefixLen":0,"MacAddress":"02:42:ac:11:00:03","DriverOpts":null}}}}[\n]"
18:30:16.489 [Test worker] DEBUG com.github.dockerjava.zerodep.shaded.org.apache.hc.client5.http.wire - http-outgoing-1 << "[\r][\n]"
18:30:16.489 [Test worker] DEBUG com.github.dockerjava.zerodep.shaded.org.apache.hc.client5.http.wire - http-outgoing-1 << "0[\r][\n]"
18:30:16.489 [Test worker] DEBUG com.github.dockerjava.zerodep.shaded.org.apache.hc.client5.http.wire - http-outgoing-1 << "[\r][\n]"
18:30:16.489 [Test worker] DEBUG com.github.dockerjava.zerodep.shaded.org.apache.hc.client5.http.impl.classic.InternalHttpClient - ep-0000002F: releasing valid endpoint
18:30:16.489 [Test worker] DEBUG com.github.dockerjava.zerodep.shaded.org.apache.hc.client5.http.impl.io.PoolingHttpClientConnectionManager - ep-0000002F: releasing endpoint
18:30:16.490 [Test worker] DEBUG com.github.dockerjava.zerodep.shaded.org.apache.hc.client5.http.impl.io.PoolingHttpClientConnectionManager - ep-0000002F: connection http-outgoing-1 can be kept alive for 3 MINUTES
18:30:16.490 [Test worker] DEBUG com.github.dockerjava.zerodep.shaded.org.apache.hc.client5.http.impl.io.PoolingHttpClientConnectionManager - ep-0000002F: connection released [route: {}->unix://localhost:2375][total available: 1; route allocated: 1 of 2147483647; total allocated: 1 of 2147483647]
18:30:16.490 [Test worker] DEBUG ]]>&#x1f433;<![CDATA[ [mysql:latest] - Trying to create JDBC connection using com.mysql.cj.jdbc.Driver to jdbc:mysql://localhost:49156/adm_videos?useSSL=false&allowPublicKeyRetrieval=true with properties: {password=123456, user=root}
18:30:16.591 [Test worker] DEBUG org.testcontainers.shaded.com.github.dockerjava.core.command.AbstrDockerCmd - Cmd: b4fc7afd97457a2a6ec84592488a57f900fa52ed03fcd2dbaf8a116bc1f50ab3,false
18:30:16.592 [Test worker] DEBUG org.testcontainers.shaded.com.github.dockerjava.core.exec.InspectContainerCmdExec - GET: DefaultWebTarget{path=[/containers/b4fc7afd97457a2a6ec84592488a57f900fa52ed03fcd2dbaf8a116bc1f50ab3/json], queryParams={}}
18:30:16.592 [Test worker] DEBUG com.github.dockerjava.zerodep.shaded.org.apache.hc.client5.http.impl.classic.InternalHttpClient - ex-00000031: preparing request execution
18:30:16.592 [Test worker] DEBUG com.github.dockerjava.zerodep.shaded.org.apache.hc.client5.http.protocol.RequestAddCookies - Cookie spec selected: strict
18:30:16.592 [Test worker] DEBUG com.github.dockerjava.zerodep.shaded.org.apache.hc.client5.http.protocol.RequestAuthCache - Auth cache not set in the context
18:30:16.592 [Test worker] DEBUG com.github.dockerjava.zerodep.shaded.org.apache.hc.client5.http.impl.classic.ProtocolExec - ex-00000031: target auth state: UNCHALLENGED
18:30:16.592 [Test worker] DEBUG com.github.dockerjava.zerodep.shaded.org.apache.hc.client5.http.impl.classic.ProtocolExec - ex-00000031: proxy auth state: UNCHALLENGED
18:30:16.592 [Test worker] DEBUG com.github.dockerjava.zerodep.shaded.org.apache.hc.client5.http.impl.classic.ConnectExec - ex-00000031: acquiring connection with route {}->unix://localhost:2375
18:30:16.592 [Test worker] DEBUG com.github.dockerjava.zerodep.shaded.org.apache.hc.client5.http.impl.classic.InternalHttpClient - ex-00000031: acquiring endpoint (3 MINUTES)
18:30:16.592 [Test worker] DEBUG com.github.dockerjava.zerodep.shaded.org.apache.hc.client5.http.impl.io.PoolingHttpClientConnectionManager - ex-00000031: endpoint lease request (3 MINUTES) [route: {}->unix://localhost:2375][total available: 1; route allocated: 1 of 2147483647; total allocated: 1 of 2147483647]
18:30:16.592 [Test worker] DEBUG com.github.dockerjava.zerodep.shaded.org.apache.hc.client5.http.impl.io.PoolingHttpClientConnectionManager - ex-00000031: endpoint leased [route: {}->unix://localhost:2375][total available: 0; route allocated: 1 of 2147483647; total allocated: 1 of 2147483647]
18:30:16.592 [Test worker] DEBUG com.github.dockerjava.zerodep.shaded.org.apache.hc.client5.http.impl.io.PoolingHttpClientConnectionManager - ex-00000031: acquired ep-00000030
18:30:16.592 [Test worker] DEBUG com.github.dockerjava.zerodep.shaded.org.apache.hc.client5.http.impl.classic.InternalHttpClient - ex-00000031: acquired endpoint ep-00000030
18:30:16.593 [Test worker] DEBUG com.github.dockerjava.zerodep.shaded.org.apache.hc.client5.http.impl.classic.MainClientExec - ex-00000031: executing GET /v1.32/containers/b4fc7afd97457a2a6ec84592488a57f900fa52ed03fcd2dbaf8a116bc1f50ab3/json HTTP/1.1
18:30:16.593 [Test worker] DEBUG com.github.dockerjava.zerodep.shaded.org.apache.hc.client5.http.impl.classic.InternalHttpClient - ep-00000030: start execution ex-00000031
18:30:16.593 [Test worker] DEBUG com.github.dockerjava.zerodep.shaded.org.apache.hc.client5.http.impl.io.PoolingHttpClientConnectionManager - ep-00000030: executing exchange ex-00000031 over http-outgoing-1
18:30:16.593 [Test worker] DEBUG com.github.dockerjava.zerodep.shaded.org.apache.hc.client5.http.headers - http-outgoing-1 >> GET /v1.32/containers/b4fc7afd97457a2a6ec84592488a57f900fa52ed03fcd2dbaf8a116bc1f50ab3/json HTTP/1.1
18:30:16.593 [Test worker] DEBUG com.github.dockerjava.zerodep.shaded.org.apache.hc.client5.http.headers - http-outgoing-1 >> accept: application/json
18:30:16.593 [Test worker] DEBUG com.github.dockerjava.zerodep.shaded.org.apache.hc.client5.http.headers - http-outgoing-1 >> x-tc-sid: cdd139c9-cde1-4429-bea7-edb0e651ba16
18:30:16.593 [Test worker] DEBUG com.github.dockerjava.zerodep.shaded.org.apache.hc.client5.http.headers - http-outgoing-1 >> Accept-Encoding: gzip, x-gzip, deflate
18:30:16.593 [Test worker] DEBUG com.github.dockerjava.zerodep.shaded.org.apache.hc.client5.http.headers - http-outgoing-1 >> Host: localhost:2375
18:30:16.593 [Test worker] DEBUG com.github.dockerjava.zerodep.shaded.org.apache.hc.client5.http.headers - http-outgoing-1 >> Connection: keep-alive
18:30:16.593 [Test worker] DEBUG com.github.dockerjava.zerodep.shaded.org.apache.hc.client5.http.headers - http-outgoing-1 >> User-Agent: Apache-HttpClient/5.0.3 (Java/17.0.2)
18:30:16.593 [Test worker] DEBUG com.github.dockerjava.zerodep.shaded.org.apache.hc.client5.http.wire - http-outgoing-1 >> "GET /v1.32/containers/b4fc7afd97457a2a6ec84592488a57f900fa52ed03fcd2dbaf8a116bc1f50ab3/json HTTP/1.1[\r][\n]"
18:30:16.593 [Test worker] DEBUG com.github.dockerjava.zerodep.shaded.org.apache.hc.client5.http.wire - http-outgoing-1 >> "accept: application/json[\r][\n]"
18:30:16.593 [Test worker] DEBUG com.github.dockerjava.zerodep.shaded.org.apache.hc.client5.http.wire - http-outgoing-1 >> "x-tc-sid: cdd139c9-cde1-4429-bea7-edb0e651ba16[\r][\n]"
18:30:16.593 [Test worker] DEBUG com.github.dockerjava.zerodep.shaded.org.apache.hc.client5.http.wire - http-outgoing-1 >> "Accept-Encoding: gzip, x-gzip, deflate[\r][\n]"
18:30:16.593 [Test worker] DEBUG com.github.dockerjava.zerodep.shaded.org.apache.hc.client5.http.wire - http-outgoing-1 >> "Host: localhost:2375[\r][\n]"
18:30:16.593 [Test worker] DEBUG com.github.dockerjava.zerodep.shaded.org.apache.hc.client5.http.wire - http-outgoing-1 >> "Connection: keep-alive[\r][\n]"
18:30:16.593 [Test worker] DEBUG com.github.dockerjava.zerodep.shaded.org.apache.hc.client5.http.wire - http-outgoing-1 >> "User-Agent: Apache-HttpClient/5.0.3 (Java/17.0.2)[\r][\n]"
18:30:16.593 [Test worker] DEBUG com.github.dockerjava.zerodep.shaded.org.apache.hc.client5.http.wire - http-outgoing-1 >> "[\r][\n]"
18:30:16.594 [Test worker] DEBUG com.github.dockerjava.zerodep.shaded.org.apache.hc.client5.http.wire - http-outgoing-1 << "HTTP/1.1 200 OK[\r][\n]"
18:30:16.594 [Test worker] DEBUG com.github.dockerjava.zerodep.shaded.org.apache.hc.client5.http.wire - http-outgoing-1 << "Api-Version: 1.41[\r][\n]"
18:30:16.594 [Test worker] DEBUG com.github.dockerjava.zerodep.shaded.org.apache.hc.client5.http.wire - http-outgoing-1 << "Content-Type: application/json[\r][\n]"
18:30:16.594 [Test worker] DEBUG com.github.dockerjava.zerodep.shaded.org.apache.hc.client5.http.wire - http-outgoing-1 << "Docker-Experimental: false[\r][\n]"
18:30:16.594 [Test worker] DEBUG com.github.dockerjava.zerodep.shaded.org.apache.hc.client5.http.wire - http-outgoing-1 << "Ostype: linux[\r][\n]"
18:30:16.594 [Test worker] DEBUG com.github.dockerjava.zerodep.shaded.org.apache.hc.client5.http.wire - http-outgoing-1 << "Server: Docker/20.10.17 (linux)[\r][\n]"
18:30:16.594 [Test worker] DEBUG com.github.dockerjava.zerodep.shaded.org.apache.hc.client5.http.wire - http-outgoing-1 << "Date: Thu, 08 Dec 2022 21:30:16 GMT[\r][\n]"
18:30:16.594 [Test worker] DEBUG com.github.dockerjava.zerodep.shaded.org.apache.hc.client5.http.wire - http-outgoing-1 << "Transfer-Encoding: chunked[\r][\n]"
18:30:16.594 [Test worker] DEBUG com.github.dockerjava.zerodep.shaded.org.apache.hc.client5.http.wire - http-outgoing-1 << "[\r][\n]"
18:30:16.594 [Test worker] DEBUG com.github.dockerjava.zerodep.shaded.org.apache.hc.client5.http.wire - http-outgoing-1 << "18a6[\r][\n]"
18:30:16.594 [Test worker] DEBUG com.github.dockerjava.zerodep.shaded.org.apache.hc.client5.http.wire - http-outgoing-1 << "{"Id":"b4fc7afd97457a2a6ec84592488a57f900fa52ed03fcd2dbaf8a116bc1f50ab3","Created":"2022-12-08T21:30:11.801619537Z","Path":"docker-entrypoint.sh","Args":["mysqld"],"State":{"Status":"running","Running":true,"Paused":false,"Restarting":false,"OOMKilled":false,"Dead":false,"Pid":148084,"ExitCode":0,"Error":"","StartedAt":"2022-12-08T21:30:12.370762583Z","FinishedAt":"0001-01-01T00:00:00Z"},"Image":"sha256:7484689f290f1defe06b65befc54cb6ad91a667cf0af59a265ffe76c46bd0478","ResolvConfPath":"/var/lib/docker/containers/b4fc7afd97457a2a6ec84592488a57f900fa52ed03fcd2dbaf8a116bc1f50ab3/resolv.conf","HostnamePath":"/var/lib/docker/containers/b4fc7afd97457a2a6ec84592488a57f900fa52ed03fcd2dbaf8a116bc1f50ab3/hostname","HostsPath":"/var/lib/docker/containers/b4fc7afd97457a2a6ec84592488a57f900fa52ed03fcd2dbaf8a116bc1f50ab3/hosts","LogPath":"/var/lib/docker/containers/b4fc7afd97457a2a6ec84592488a57f900fa52ed03fcd2dbaf8a116bc1f50ab3/b4fc7afd97457a2a6ec84592488a57f900fa52ed03fcd2dbaf8a116bc1f50ab3-json.log","Name":"/agitated_ptolemy","RestartCount":0,"Driver":"overlay2","Platform":"linux","MountLabel":"","ProcessLabel":"","AppArmorProfile":"docker-default","ExecIDs":null,"HostConfig":{"Binds":[],"ContainerIDFile":"","LogConfig":{"Type":"json-file","Config":{}},"NetworkMode":"default","PortBindings":{"3306/tcp":[{"HostIp":"","HostPort":""}]},"RestartPolicy":{"Name":"","MaximumRetryCount":0},"AutoRemove":false,"VolumeDriver":"","VolumesFrom":[],"CapAdd":null,"CapDrop":null,"CgroupnsMode":"private","Dns":null,"DnsOptions":null,"DnsSearch":null,"ExtraHosts":[],"GroupAdd":null,"IpcMode":"shareable","Cgroup":"","Links":null,"OomScoreAdj":0,"PidMode":"","Privileged":false,"PublishAllPorts":false,"ReadonlyRootfs":false,"SecurityOpt":null,"UTSMode":"","UsernsMode":"","ShmSize":67108864,"Runtime":"runc","ConsoleSize":[0,0],"Isolation":"","CpuShares":0,"Memory":0,"NanoCpus":0,"CgroupParent":"","BlkioWeight":0,"BlkioWeightDevice":null,"BlkioDeviceReadBps":null,"BlkioDeviceWriteBps":null,"BlkioDeviceReadIOps":null,"BlkioDeviceWriteIOps":null,"CpuPeriod":0,"CpuQuota":0,"CpuRealtimePeriod":0,"CpuRealtimeRuntime":0,"CpusetCpus":"","CpusetMems":"","Devices":null,"DeviceCgroupRules":null,"DeviceRequests":null,"KernelMemory":0,"KernelMemoryTCP":0,"MemoryReservation":0,"MemorySwap":0,"MemorySwappiness":null,"OomKillDisable":null,"PidsLimit":null,"Ulimits":null,"CpuCount":0,"CpuPercent":0,"IOMaximumIOps":0,"IOMaximumBandwidth":0,"MaskedPaths":["/proc/asound","/proc/acpi","/proc/kcore","/proc/keys","/proc/latency_stats","/proc/timer_list","/proc/timer_stats","/proc/sched_debug","/proc/scsi","/sys/firmware"],"ReadonlyPaths":["/proc/bus","/proc/fs","/proc/irq","/proc/sys","/proc/sysrq-trigger"]},"GraphDriver":{"Data":{"LowerDir":"/var/lib/docker/overlay2/05794d51525f65619c615558ef5f93d7c33eef44e12313fdcb3942911d0b5f7d-init/diff:/var/lib/docker/overlay2/f079a69cfd5e80e906b12f05a0c7bfaabc56ce63e947db68b722ae30905f1239/diff:/var/lib/docker/overlay2/9dfb63d6bb556846a13012421dde7951ef83a14d8ce1882287cce66f0f9bd055/diff:/var/lib/docker/overlay2/c4f8874ae33ddd14488f5051cd953acc020fa00ea72d28bd530450c0bc8f9903/diff:/var/lib/docker/overlay2/992683766b46aa5653160e6a34283b579a75000e230890d0ec0a6204af735697/diff:/var/lib/docker/overlay2/6e3fba0e1d6501c91c9bec723bb1364f75599c6c2026a6dc71773c88a49f890a/diff:/var/lib/docker/overlay2/c6c2a366f45a69704761d45d296d71bf2bf315efb15cb06ad88925ed235fad81/diff:/var/lib/docker/overlay2/7555f9b18615244719d04b23296ba418195e5e569d47baf9f1da7c3f053fe194/diff:/var/lib/docker/overlay2/7752eb17f8f8ba44a5ed178f499901fa7eb6f2e031c29ab160ee4eff4db8edaa/diff:/var/lib/docker/overlay2/9683de8b3733106f256bd0eabc7cae13623b14493b9212e863449d42b8a87390/diff:/var/lib/docker/overlay2/f5e28e407d8811526fb7dd82e4fed08d5d3124c0f22f1a9496ed27b2b457d3dd/diff:/var/lib/docker/overlay2/e2980c91c6b3331cff3994ca6f327955bb5feaef0f96bc64edce80631fdbf829/diff","MergedDir":"/var/lib/docker/overlay2/05794d51525f65619c615558ef5f93d7c33eef44e12313fdcb3942911d0b5f7d/merged","UpperDir":"/var/lib/docker/overlay2/05794d51525f65619c615558ef5f93d7c33eef44e12313fdcb3942911d0b5f7d/diff","WorkDir":"/var/lib/docker/overlay2/05794d51525f65619c615558ef5f93d7c33eef44e12313fdcb3942911d0b5f7d/work"},"Name":"overlay2"},"Mounts":[{"Type":"volume","Name":"fe29345a30f82a1c969c40b069133e9d87168ce95967d67ac182ee42c059affb","Source":"/var/lib/docker/volumes/fe29345a30f82a1c969c40b069133e9d87168ce95967d67ac182ee42c059affb/_data","Destination":"/var/lib/mysql","Driver":"local","Mode":"","RW":true,"Propagation":""}],"Config":{"Hostname":"b4fc7afd9745","Domainname":"","User":"","AttachStdin":false,"AttachStdout":false,"AttachStderr":false,"ExposedPorts":{"3306/tcp":{},"33060/tcp":{}},"Tty":false,"OpenStdin":false,"StdinOnce":false,"Env":["MYSQL_DATABASE=adm_videos","MYSQL_PASSWORD=123456","MYSQL_ROOT_PASSWORD=123456","PATH=/usr/local/sbin:/usr/local/bin:/usr/sbin:/usr/bin:/sbin:/bin","GOSU_VERSION=1.14","MYSQL_MAJOR=8.0","MYSQL_VERSION=8.0.31-1.el8","MYSQL_SHELL_VERSION=8.0.31-1.el8"],"Cmd":["mysqld"],"Image":"mysql:latest","Volumes":{"/var/lib/mysql":{}},"WorkingDir":"","Entrypoint":["docker-entrypoint.sh"],"OnBuild":null,"Labels":{"org.testcontainers":"true","org.testcontainers.sessionId":"cdd139c9-cde1-4429-bea7-edb0e651ba16"}},"NetworkSettings":{"Bridge":"","SandboxID":"8404ec7d59006489fa5b6638879180586e9aa24c1c3ae79d40e26a8f453c93b1","HairpinMode":false,"LinkLocalIPv6Address":"","LinkLocalIPv6PrefixLen":0,"Ports":{"3306/tcp":[{"HostIp":"0.0.0.0","HostPort":"49156"},{"HostIp":"::","HostPort":"49156"}],"33060/tcp":null},"SandboxKey":"/var/run/docker/netns/8404ec7d5900","SecondaryIPAddresses":null,"SecondaryIPv6Addresses":null,"EndpointID":"28c851b70d88131a783e3d87b7c50320df5f3250ebca621b1b39353a2424212a","Gateway":"172.17.0.1","GlobalIPv6Address":"","GlobalIPv6PrefixLen":0,"IPAddress":"172.17.0.3","IPPrefixLen":16,"IPv6Gateway":"","MacAddress":"02:42:ac:11:00:03","Networks":{"bridge":{"IPAMConfig":null,"Links":null,"Aliases":null,"NetworkID":"bf06afe94eca8b5ab91eae0dbaa8561a6dd16832d429dcdbaa7ed1e003cfbe56","EndpointID":"28c851b70d88131a783e3d87b7c50320df5f3250ebca621b1b39353a2424212a","Gateway":"172.17.0.1","IPAddress":"172.17.0.3","IPPrefixLen":16,"IPv6Gateway":"","GlobalIPv6Address":"","GlobalIPv6PrefixLen":0,"MacAddress":"02:42:ac:11:00:03","DriverOpts":null}}}}[\n]"
18:30:16.594 [Test worker] DEBUG com.github.dockerjava.zerodep.shaded.org.apache.hc.client5.http.wire - http-outgoing-1 << "[\r][\n]"
18:30:16.594 [Test worker] DEBUG com.github.dockerjava.zerodep.shaded.org.apache.hc.client5.http.wire - http-outgoing-1 << "0[\r][\n]"
18:30:16.594 [Test worker] DEBUG com.github.dockerjava.zerodep.shaded.org.apache.hc.client5.http.wire - http-outgoing-1 << "[\r][\n]"
18:30:16.594 [Test worker] DEBUG com.github.dockerjava.zerodep.shaded.org.apache.hc.client5.http.headers - http-outgoing-1 << HTTP/1.1 200 OK
18:30:16.594 [Test worker] DEBUG com.github.dockerjava.zerodep.shaded.org.apache.hc.client5.http.headers - http-outgoing-1 << Api-Version: 1.41
18:30:16.594 [Test worker] DEBUG com.github.dockerjava.zerodep.shaded.org.apache.hc.client5.http.headers - http-outgoing-1 << Content-Type: application/json
18:30:16.594 [Test worker] DEBUG com.github.dockerjava.zerodep.shaded.org.apache.hc.client5.http.headers - http-outgoing-1 << Docker-Experimental: false
18:30:16.594 [Test worker] DEBUG com.github.dockerjava.zerodep.shaded.org.apache.hc.client5.http.headers - http-outgoing-1 << Ostype: linux
18:30:16.594 [Test worker] DEBUG com.github.dockerjava.zerodep.shaded.org.apache.hc.client5.http.headers - http-outgoing-1 << Server: Docker/20.10.17 (linux)
18:30:16.594 [Test worker] DEBUG com.github.dockerjava.zerodep.shaded.org.apache.hc.client5.http.headers - http-outgoing-1 << Date: Thu, 08 Dec 2022 21:30:16 GMT
18:30:16.594 [Test worker] DEBUG com.github.dockerjava.zerodep.shaded.org.apache.hc.client5.http.headers - http-outgoing-1 << Transfer-Encoding: chunked
18:30:16.594 [Test worker] DEBUG com.github.dockerjava.zerodep.shaded.org.apache.hc.client5.http.impl.classic.MainClientExec - ex-00000031: connection can be kept alive for 3 MINUTES
18:30:16.596 [Test worker] DEBUG com.github.dockerjava.zerodep.shaded.org.apache.hc.client5.http.impl.classic.InternalHttpClient - ep-00000030: releasing valid endpoint
18:30:16.596 [Test worker] DEBUG com.github.dockerjava.zerodep.shaded.org.apache.hc.client5.http.impl.io.PoolingHttpClientConnectionManager - ep-00000030: releasing endpoint
18:30:16.597 [Test worker] DEBUG com.github.dockerjava.zerodep.shaded.org.apache.hc.client5.http.impl.io.PoolingHttpClientConnectionManager - ep-00000030: connection http-outgoing-1 can be kept alive for 3 MINUTES
18:30:16.597 [Test worker] DEBUG com.github.dockerjava.zerodep.shaded.org.apache.hc.client5.http.impl.io.PoolingHttpClientConnectionManager - ep-00000030: connection released [route: {}->unix://localhost:2375][total available: 1; route allocated: 1 of 2147483647; total allocated: 1 of 2147483647]
18:30:16.597 [Test worker] DEBUG ]]>&#x1f433;<![CDATA[ [mysql:latest] - Trying to create JDBC connection using com.mysql.cj.jdbc.Driver to jdbc:mysql://localhost:49156/adm_videos?useSSL=false&allowPublicKeyRetrieval=true with properties: {password=123456, user=root}
18:30:16.699 [Test worker] DEBUG org.testcontainers.shaded.com.github.dockerjava.core.command.AbstrDockerCmd - Cmd: b4fc7afd97457a2a6ec84592488a57f900fa52ed03fcd2dbaf8a116bc1f50ab3,false
18:30:16.699 [Test worker] DEBUG org.testcontainers.shaded.com.github.dockerjava.core.exec.InspectContainerCmdExec - GET: DefaultWebTarget{path=[/containers/b4fc7afd97457a2a6ec84592488a57f900fa52ed03fcd2dbaf8a116bc1f50ab3/json], queryParams={}}
18:30:16.700 [Test worker] DEBUG com.github.dockerjava.zerodep.shaded.org.apache.hc.client5.http.impl.classic.InternalHttpClient - ex-00000032: preparing request execution
18:30:16.700 [Test worker] DEBUG com.github.dockerjava.zerodep.shaded.org.apache.hc.client5.http.protocol.RequestAddCookies - Cookie spec selected: strict
18:30:16.700 [Test worker] DEBUG com.github.dockerjava.zerodep.shaded.org.apache.hc.client5.http.protocol.RequestAuthCache - Auth cache not set in the context
18:30:16.700 [Test worker] DEBUG com.github.dockerjava.zerodep.shaded.org.apache.hc.client5.http.impl.classic.ProtocolExec - ex-00000032: target auth state: UNCHALLENGED
18:30:16.700 [Test worker] DEBUG com.github.dockerjava.zerodep.shaded.org.apache.hc.client5.http.impl.classic.ProtocolExec - ex-00000032: proxy auth state: UNCHALLENGED
18:30:16.700 [Test worker] DEBUG com.github.dockerjava.zerodep.shaded.org.apache.hc.client5.http.impl.classic.ConnectExec - ex-00000032: acquiring connection with route {}->unix://localhost:2375
18:30:16.700 [Test worker] DEBUG com.github.dockerjava.zerodep.shaded.org.apache.hc.client5.http.impl.classic.InternalHttpClient - ex-00000032: acquiring endpoint (3 MINUTES)
18:30:16.700 [Test worker] DEBUG com.github.dockerjava.zerodep.shaded.org.apache.hc.client5.http.impl.io.PoolingHttpClientConnectionManager - ex-00000032: endpoint lease request (3 MINUTES) [route: {}->unix://localhost:2375][total available: 1; route allocated: 1 of 2147483647; total allocated: 1 of 2147483647]
18:30:16.700 [Test worker] DEBUG com.github.dockerjava.zerodep.shaded.org.apache.hc.client5.http.impl.io.PoolingHttpClientConnectionManager - ex-00000032: endpoint leased [route: {}->unix://localhost:2375][total available: 0; route allocated: 1 of 2147483647; total allocated: 1 of 2147483647]
18:30:16.700 [Test worker] DEBUG com.github.dockerjava.zerodep.shaded.org.apache.hc.client5.http.impl.io.PoolingHttpClientConnectionManager - ex-00000032: acquired ep-00000031
18:30:16.700 [Test worker] DEBUG com.github.dockerjava.zerodep.shaded.org.apache.hc.client5.http.impl.classic.InternalHttpClient - ex-00000032: acquired endpoint ep-00000031
18:30:16.700 [Test worker] DEBUG com.github.dockerjava.zerodep.shaded.org.apache.hc.client5.http.impl.classic.MainClientExec - ex-00000032: executing GET /v1.32/containers/b4fc7afd97457a2a6ec84592488a57f900fa52ed03fcd2dbaf8a116bc1f50ab3/json HTTP/1.1
18:30:16.700 [Test worker] DEBUG com.github.dockerjava.zerodep.shaded.org.apache.hc.client5.http.impl.classic.InternalHttpClient - ep-00000031: start execution ex-00000032
18:30:16.700 [Test worker] DEBUG com.github.dockerjava.zerodep.shaded.org.apache.hc.client5.http.impl.io.PoolingHttpClientConnectionManager - ep-00000031: executing exchange ex-00000032 over http-outgoing-1
18:30:16.700 [Test worker] DEBUG com.github.dockerjava.zerodep.shaded.org.apache.hc.client5.http.headers - http-outgoing-1 >> GET /v1.32/containers/b4fc7afd97457a2a6ec84592488a57f900fa52ed03fcd2dbaf8a116bc1f50ab3/json HTTP/1.1
18:30:16.700 [Test worker] DEBUG com.github.dockerjava.zerodep.shaded.org.apache.hc.client5.http.headers - http-outgoing-1 >> accept: application/json
18:30:16.700 [Test worker] DEBUG com.github.dockerjava.zerodep.shaded.org.apache.hc.client5.http.headers - http-outgoing-1 >> x-tc-sid: cdd139c9-cde1-4429-bea7-edb0e651ba16
18:30:16.700 [Test worker] DEBUG com.github.dockerjava.zerodep.shaded.org.apache.hc.client5.http.headers - http-outgoing-1 >> Accept-Encoding: gzip, x-gzip, deflate
18:30:16.700 [Test worker] DEBUG com.github.dockerjava.zerodep.shaded.org.apache.hc.client5.http.headers - http-outgoing-1 >> Host: localhost:2375
18:30:16.700 [Test worker] DEBUG com.github.dockerjava.zerodep.shaded.org.apache.hc.client5.http.headers - http-outgoing-1 >> Connection: keep-alive
18:30:16.700 [Test worker] DEBUG com.github.dockerjava.zerodep.shaded.org.apache.hc.client5.http.headers - http-outgoing-1 >> User-Agent: Apache-HttpClient/5.0.3 (Java/17.0.2)
18:30:16.700 [Test worker] DEBUG com.github.dockerjava.zerodep.shaded.org.apache.hc.client5.http.wire - http-outgoing-1 >> "GET /v1.32/containers/b4fc7afd97457a2a6ec84592488a57f900fa52ed03fcd2dbaf8a116bc1f50ab3/json HTTP/1.1[\r][\n]"
18:30:16.700 [Test worker] DEBUG com.github.dockerjava.zerodep.shaded.org.apache.hc.client5.http.wire - http-outgoing-1 >> "accept: application/json[\r][\n]"
18:30:16.700 [Test worker] DEBUG com.github.dockerjava.zerodep.shaded.org.apache.hc.client5.http.wire - http-outgoing-1 >> "x-tc-sid: cdd139c9-cde1-4429-bea7-edb0e651ba16[\r][\n]"
18:30:16.700 [Test worker] DEBUG com.github.dockerjava.zerodep.shaded.org.apache.hc.client5.http.wire - http-outgoing-1 >> "Accept-Encoding: gzip, x-gzip, deflate[\r][\n]"
18:30:16.700 [Test worker] DEBUG com.github.dockerjava.zerodep.shaded.org.apache.hc.client5.http.wire - http-outgoing-1 >> "Host: localhost:2375[\r][\n]"
18:30:16.700 [Test worker] DEBUG com.github.dockerjava.zerodep.shaded.org.apache.hc.client5.http.wire - http-outgoing-1 >> "Connection: keep-alive[\r][\n]"
18:30:16.700 [Test worker] DEBUG com.github.dockerjava.zerodep.shaded.org.apache.hc.client5.http.wire - http-outgoing-1 >> "User-Agent: Apache-HttpClient/5.0.3 (Java/17.0.2)[\r][\n]"
18:30:16.700 [Test worker] DEBUG com.github.dockerjava.zerodep.shaded.org.apache.hc.client5.http.wire - http-outgoing-1 >> "[\r][\n]"
18:30:16.701 [Test worker] DEBUG com.github.dockerjava.zerodep.shaded.org.apache.hc.client5.http.wire - http-outgoing-1 << "HTTP/1.1 200 OK[\r][\n]"
18:30:16.701 [Test worker] DEBUG com.github.dockerjava.zerodep.shaded.org.apache.hc.client5.http.wire - http-outgoing-1 << "Api-Version: 1.41[\r][\n]"
18:30:16.701 [Test worker] DEBUG com.github.dockerjava.zerodep.shaded.org.apache.hc.client5.http.wire - http-outgoing-1 << "Content-Type: application/json[\r][\n]"
18:30:16.701 [Test worker] DEBUG com.github.dockerjava.zerodep.shaded.org.apache.hc.client5.http.wire - http-outgoing-1 << "Docker-Experimental: false[\r][\n]"
18:30:16.701 [Test worker] DEBUG com.github.dockerjava.zerodep.shaded.org.apache.hc.client5.http.wire - http-outgoing-1 << "Ostype: linux[\r][\n]"
18:30:16.701 [Test worker] DEBUG com.github.dockerjava.zerodep.shaded.org.apache.hc.client5.http.wire - http-outgoing-1 << "Server: Docker/20.10.17 (linux)[\r][\n]"
18:30:16.701 [Test worker] DEBUG com.github.dockerjava.zerodep.shaded.org.apache.hc.client5.http.wire - http-outgoing-1 << "Date: Thu, 08 Dec 2022 21:30:16 GMT[\r][\n]"
18:30:16.701 [Test worker] DEBUG com.github.dockerjava.zerodep.shaded.org.apache.hc.client5.http.wire - http-outgoing-1 << "Transfer-Encoding: chunked[\r][\n]"
18:30:16.701 [Test worker] DEBUG com.github.dockerjava.zerodep.shaded.org.apache.hc.client5.http.wire - http-outgoing-1 << "[\r][\n]"
18:30:16.701 [Test worker] DEBUG com.github.dockerjava.zerodep.shaded.org.apache.hc.client5.http.wire - http-outgoing-1 << "18a6[\r][\n]"
18:30:16.701 [Test worker] DEBUG com.github.dockerjava.zerodep.shaded.org.apache.hc.client5.http.wire - http-outgoing-1 << "{"Id":"b4fc7afd97457a2a6ec84592488a57f900fa52ed03fcd2dbaf8a116bc1f50ab3","Created":"2022-12-08T21:30:11.801619537Z","Path":"docker-entrypoint.sh","Args":["mysqld"],"State":{"Status":"running","Running":true,"Paused":false,"Restarting":false,"OOMKilled":false,"Dead":false,"Pid":148084,"ExitCode":0,"Error":"","StartedAt":"2022-12-08T21:30:12.370762583Z","FinishedAt":"0001-01-01T00:00:00Z"},"Image":"sha256:7484689f290f1defe06b65befc54cb6ad91a667cf0af59a265ffe76c46bd0478","ResolvConfPath":"/var/lib/docker/containers/b4fc7afd97457a2a6ec84592488a57f900fa52ed03fcd2dbaf8a116bc1f50ab3/resolv.conf","HostnamePath":"/var/lib/docker/containers/b4fc7afd97457a2a6ec84592488a57f900fa52ed03fcd2dbaf8a116bc1f50ab3/hostname","HostsPath":"/var/lib/docker/containers/b4fc7afd97457a2a6ec84592488a57f900fa52ed03fcd2dbaf8a116bc1f50ab3/hosts","LogPath":"/var/lib/docker/containers/b4fc7afd97457a2a6ec84592488a57f900fa52ed03fcd2dbaf8a116bc1f50ab3/b4fc7afd97457a2a6ec84592488a57f900fa52ed03fcd2dbaf8a116bc1f50ab3-json.log","Name":"/agitated_ptolemy","RestartCount":0,"Driver":"overlay2","Platform":"linux","MountLabel":"","ProcessLabel":"","AppArmorProfile":"docker-default","ExecIDs":null,"HostConfig":{"Binds":[],"ContainerIDFile":"","LogConfig":{"Type":"json-file","Config":{}},"NetworkMode":"default","PortBindings":{"3306/tcp":[{"HostIp":"","HostPort":""}]},"RestartPolicy":{"Name":"","MaximumRetryCount":0},"AutoRemove":false,"VolumeDriver":"","VolumesFrom":[],"CapAdd":null,"CapDrop":null,"CgroupnsMode":"private","Dns":null,"DnsOptions":null,"DnsSearch":null,"ExtraHosts":[],"GroupAdd":null,"IpcMode":"shareable","Cgroup":"","Links":null,"OomScoreAdj":0,"PidMode":"","Privileged":false,"PublishAllPorts":false,"ReadonlyRootfs":false,"SecurityOpt":null,"UTSMode":"","UsernsMode":"","ShmSize":67108864,"Runtime":"runc","ConsoleSize":[0,0],"Isolation":"","CpuShares":0,"Memory":0,"NanoCpus":0,"CgroupParent":"","BlkioWeight":0,"BlkioWeightDevice":null,"BlkioDeviceReadBps":null,"BlkioDeviceWriteBps":null,"BlkioDeviceReadIOps":null,"BlkioDeviceWriteIOps":null,"CpuPeriod":0,"CpuQuota":0,"CpuRealtimePeriod":0,"CpuRealtimeRuntime":0,"CpusetCpus":"","CpusetMems":"","Devices":null,"DeviceCgroupRules":null,"DeviceRequests":null,"KernelMemory":0,"KernelMemoryTCP":0,"MemoryReservation":0,"MemorySwap":0,"MemorySwappiness":null,"OomKillDisable":null,"PidsLimit":null,"Ulimits":null,"CpuCount":0,"CpuPercent":0,"IOMaximumIOps":0,"IOMaximumBandwidth":0,"MaskedPaths":["/proc/asound","/proc/acpi","/proc/kcore","/proc/keys","/proc/latency_stats","/proc/timer_list","/proc/timer_stats","/proc/sched_debug","/proc/scsi","/sys/firmware"],"ReadonlyPaths":["/proc/bus","/proc/fs","/proc/irq","/proc/sys","/proc/sysrq-trigger"]},"GraphDriver":{"Data":{"LowerDir":"/var/lib/docker/overlay2/05794d51525f65619c615558ef5f93d7c33eef44e12313fdcb3942911d0b5f7d-init/diff:/var/lib/docker/overlay2/f079a69cfd5e80e906b12f05a0c7bfaabc56ce63e947db68b722ae30905f1239/diff:/var/lib/docker/overlay2/9dfb63d6bb556846a13012421dde7951ef83a14d8ce1882287cce66f0f9bd055/diff:/var/lib/docker/overlay2/c4f8874ae33ddd14488f5051cd953acc020fa00ea72d28bd530450c0bc8f9903/diff:/var/lib/docker/overlay2/992683766b46aa5653160e6a34283b579a75000e230890d0ec0a6204af735697/diff:/var/lib/docker/overlay2/6e3fba0e1d6501c91c9bec723bb1364f75599c6c2026a6dc71773c88a49f890a/diff:/var/lib/docker/overlay2/c6c2a366f45a69704761d45d296d71bf2bf315efb15cb06ad88925ed235fad81/diff:/var/lib/docker/overlay2/7555f9b18615244719d04b23296ba418195e5e569d47baf9f1da7c3f053fe194/diff:/var/lib/docker/overlay2/7752eb17f8f8ba44a5ed178f499901fa7eb6f2e031c29ab160ee4eff4db8edaa/diff:/var/lib/docker/overlay2/9683de8b3733106f256bd0eabc7cae13623b14493b9212e863449d42b8a87390/diff:/var/lib/docker/overlay2/f5e28e407d8811526fb7dd82e4fed08d5d3124c0f22f1a9496ed27b2b457d3dd/diff:/var/lib/docker/overlay2/e2980c91c6b3331cff3994ca6f327955bb5feaef0f96bc64edce80631fdbf829/diff","MergedDir":"/var/lib/docker/overlay2/05794d51525f65619c615558ef5f93d7c33eef44e12313fdcb3942911d0b5f7d/merged","UpperDir":"/var/lib/docker/overlay2/05794d51525f65619c615558ef5f93d7c33eef44e12313fdcb3942911d0b5f7d/diff","WorkDir":"/var/lib/docker/overlay2/05794d51525f65619c615558ef5f93d7c33eef44e12313fdcb3942911d0b5f7d/work"},"Name":"overlay2"},"Mounts":[{"Type":"volume","Name":"fe29345a30f82a1c969c40b069133e9d87168ce95967d67ac182ee42c059affb","Source":"/var/lib/docker/volumes/fe29345a30f82a1c969c40b069133e9d87168ce95967d67ac182ee42c059affb/_data","Destination":"/var/lib/mysql","Driver":"local","Mode":"","RW":true,"Propagation":""}],"Config":{"Hostname":"b4fc7afd9745","Domainname":"","User":"","AttachStdin":false,"AttachStdout":false,"AttachStderr":false,"ExposedPorts":{"3306/tcp":{},"33060/tcp":{}},"Tty":false,"OpenStdin":false,"StdinOnce":false,"Env":["MYSQL_DATABASE=adm_videos","MYSQL_PASSWORD=123456","MYSQL_ROOT_PASSWORD=123456","PATH=/usr/local/sbin:/usr/local/bin:/usr/sbin:/usr/bin:/sbin:/bin","GOSU_VERSION=1.14","MYSQL_MAJOR=8.0","MYSQL_VERSION=8.0.31-1.el8","MYSQL_SHELL_VERSION=8.0.31-1.el8"],"Cmd":["mysqld"],"Image":"mysql:latest","Volumes":{"/var/lib/mysql":{}},"WorkingDir":"","Entrypoint":["docker-entrypoint.sh"],"OnBuild":null,"Labels":{"org.testcontainers":"true","org.testcontainers.sessionId":"cdd139c9-cde1-4429-bea7-edb0e651ba16"}},"NetworkSettings":{"Bridge":"","SandboxID":"8404ec7d59006489fa5b6638879180586e9aa24c1c3ae79d40e26a8f453c93b1","HairpinMode":false,"LinkLocalIPv6Address":"","LinkLocalIPv6PrefixLen":0,"Ports":{"3306/tcp":[{"HostIp":"0.0.0.0","HostPort":"49156"},{"HostIp":"::","HostPort":"49156"}],"33060/tcp":null},"SandboxKey":"/var/run/docker/netns/8404ec7d5900","SecondaryIPAddresses":null,"SecondaryIPv6Addresses":null,"EndpointID":"28c851b70d88131a783e3d87b7c50320df5f3250ebca621b1b39353a2424212a","Gateway":"172.17.0.1","GlobalIPv6Address":"","GlobalIPv6PrefixLen":0,"IPAddress":"172.17.0.3","IPPrefixLen":16,"IPv6Gateway":"","MacAddress":"02:42:ac:11:00:03","Networks":{"bridge":{"IPAMConfig":null,"Links":null,"Aliases":null,"NetworkID":"bf06afe94eca8b5ab91eae0dbaa8561a6dd16832d429dcdbaa7ed1e003cfbe56","EndpointID":"28c851b70d88131a783e3d87b7c50320df5f3250ebca621b1b39353a2424212a","Gateway":"172.17.0.1","IPAddress":"172.17.0.3","IPPrefixLen":16,"IPv6Gateway":"","GlobalIPv6Address":"","GlobalIPv6PrefixLen":0,"MacAddress":"02:42:ac:11:00:03","DriverOpts":null}}}}[\n]"
18:30:16.701 [Test worker] DEBUG com.github.dockerjava.zerodep.shaded.org.apache.hc.client5.http.wire - http-outgoing-1 << "[\r][\n]"
18:30:16.701 [Test worker] DEBUG com.github.dockerjava.zerodep.shaded.org.apache.hc.client5.http.wire - http-outgoing-1 << "0[\r][\n]"
18:30:16.701 [Test worker] DEBUG com.github.dockerjava.zerodep.shaded.org.apache.hc.client5.http.wire - http-outgoing-1 << "[\r][\n]"
18:30:16.701 [Test worker] DEBUG com.github.dockerjava.zerodep.shaded.org.apache.hc.client5.http.headers - http-outgoing-1 << HTTP/1.1 200 OK
18:30:16.701 [Test worker] DEBUG com.github.dockerjava.zerodep.shaded.org.apache.hc.client5.http.headers - http-outgoing-1 << Api-Version: 1.41
18:30:16.701 [Test worker] DEBUG com.github.dockerjava.zerodep.shaded.org.apache.hc.client5.http.headers - http-outgoing-1 << Content-Type: application/json
18:30:16.701 [Test worker] DEBUG com.github.dockerjava.zerodep.shaded.org.apache.hc.client5.http.headers - http-outgoing-1 << Docker-Experimental: false
18:30:16.701 [Test worker] DEBUG com.github.dockerjava.zerodep.shaded.org.apache.hc.client5.http.headers - http-outgoing-1 << Ostype: linux
18:30:16.701 [Test worker] DEBUG com.github.dockerjava.zerodep.shaded.org.apache.hc.client5.http.headers - http-outgoing-1 << Server: Docker/20.10.17 (linux)
18:30:16.701 [Test worker] DEBUG com.github.dockerjava.zerodep.shaded.org.apache.hc.client5.http.headers - http-outgoing-1 << Date: Thu, 08 Dec 2022 21:30:16 GMT
18:30:16.701 [Test worker] DEBUG com.github.dockerjava.zerodep.shaded.org.apache.hc.client5.http.headers - http-outgoing-1 << Transfer-Encoding: chunked
18:30:16.701 [Test worker] DEBUG com.github.dockerjava.zerodep.shaded.org.apache.hc.client5.http.impl.classic.MainClientExec - ex-00000032: connection can be kept alive for 3 MINUTES
18:30:16.702 [Test worker] DEBUG com.github.dockerjava.zerodep.shaded.org.apache.hc.client5.http.impl.classic.InternalHttpClient - ep-00000031: releasing valid endpoint
18:30:16.702 [Test worker] DEBUG com.github.dockerjava.zerodep.shaded.org.apache.hc.client5.http.impl.io.PoolingHttpClientConnectionManager - ep-00000031: releasing endpoint
18:30:16.702 [Test worker] DEBUG com.github.dockerjava.zerodep.shaded.org.apache.hc.client5.http.impl.io.PoolingHttpClientConnectionManager - ep-00000031: connection http-outgoing-1 can be kept alive for 3 MINUTES
18:30:16.702 [Test worker] DEBUG com.github.dockerjava.zerodep.shaded.org.apache.hc.client5.http.impl.io.PoolingHttpClientConnectionManager - ep-00000031: connection released [route: {}->unix://localhost:2375][total available: 1; route allocated: 1 of 2147483647; total allocated: 1 of 2147483647]
18:30:16.702 [Test worker] DEBUG ]]>&#x1f433;<![CDATA[ [mysql:latest] - Trying to create JDBC connection using com.mysql.cj.jdbc.Driver to jdbc:mysql://localhost:49156/adm_videos?useSSL=false&allowPublicKeyRetrieval=true with properties: {password=123456, user=root}
18:30:16.804 [Test worker] DEBUG org.testcontainers.shaded.com.github.dockerjava.core.command.AbstrDockerCmd - Cmd: b4fc7afd97457a2a6ec84592488a57f900fa52ed03fcd2dbaf8a116bc1f50ab3,false
18:30:16.804 [Test worker] DEBUG org.testcontainers.shaded.com.github.dockerjava.core.exec.InspectContainerCmdExec - GET: DefaultWebTarget{path=[/containers/b4fc7afd97457a2a6ec84592488a57f900fa52ed03fcd2dbaf8a116bc1f50ab3/json], queryParams={}}
18:30:16.805 [Test worker] DEBUG com.github.dockerjava.zerodep.shaded.org.apache.hc.client5.http.impl.classic.InternalHttpClient - ex-00000033: preparing request execution
18:30:16.805 [Test worker] DEBUG com.github.dockerjava.zerodep.shaded.org.apache.hc.client5.http.protocol.RequestAddCookies - Cookie spec selected: strict
18:30:16.805 [Test worker] DEBUG com.github.dockerjava.zerodep.shaded.org.apache.hc.client5.http.protocol.RequestAuthCache - Auth cache not set in the context
18:30:16.805 [Test worker] DEBUG com.github.dockerjava.zerodep.shaded.org.apache.hc.client5.http.impl.classic.ProtocolExec - ex-00000033: target auth state: UNCHALLENGED
18:30:16.805 [Test worker] DEBUG com.github.dockerjava.zerodep.shaded.org.apache.hc.client5.http.impl.classic.ProtocolExec - ex-00000033: proxy auth state: UNCHALLENGED
18:30:16.805 [Test worker] DEBUG com.github.dockerjava.zerodep.shaded.org.apache.hc.client5.http.impl.classic.ConnectExec - ex-00000033: acquiring connection with route {}->unix://localhost:2375
18:30:16.805 [Test worker] DEBUG com.github.dockerjava.zerodep.shaded.org.apache.hc.client5.http.impl.classic.InternalHttpClient - ex-00000033: acquiring endpoint (3 MINUTES)
18:30:16.805 [Test worker] DEBUG com.github.dockerjava.zerodep.shaded.org.apache.hc.client5.http.impl.io.PoolingHttpClientConnectionManager - ex-00000033: endpoint lease request (3 MINUTES) [route: {}->unix://localhost:2375][total available: 1; route allocated: 1 of 2147483647; total allocated: 1 of 2147483647]
18:30:16.805 [Test worker] DEBUG com.github.dockerjava.zerodep.shaded.org.apache.hc.client5.http.impl.io.PoolingHttpClientConnectionManager - ex-00000033: endpoint leased [route: {}->unix://localhost:2375][total available: 0; route allocated: 1 of 2147483647; total allocated: 1 of 2147483647]
18:30:16.805 [Test worker] DEBUG com.github.dockerjava.zerodep.shaded.org.apache.hc.client5.http.impl.io.PoolingHttpClientConnectionManager - ex-00000033: acquired ep-00000032
18:30:16.805 [Test worker] DEBUG com.github.dockerjava.zerodep.shaded.org.apache.hc.client5.http.impl.classic.InternalHttpClient - ex-00000033: acquired endpoint ep-00000032
18:30:16.805 [Test worker] DEBUG com.github.dockerjava.zerodep.shaded.org.apache.hc.client5.http.impl.classic.MainClientExec - ex-00000033: executing GET /v1.32/containers/b4fc7afd97457a2a6ec84592488a57f900fa52ed03fcd2dbaf8a116bc1f50ab3/json HTTP/1.1
18:30:16.805 [Test worker] DEBUG com.github.dockerjava.zerodep.shaded.org.apache.hc.client5.http.impl.classic.InternalHttpClient - ep-00000032: start execution ex-00000033
18:30:16.805 [Test worker] DEBUG com.github.dockerjava.zerodep.shaded.org.apache.hc.client5.http.impl.io.PoolingHttpClientConnectionManager - ep-00000032: executing exchange ex-00000033 over http-outgoing-1
18:30:16.805 [Test worker] DEBUG com.github.dockerjava.zerodep.shaded.org.apache.hc.client5.http.headers - http-outgoing-1 >> GET /v1.32/containers/b4fc7afd97457a2a6ec84592488a57f900fa52ed03fcd2dbaf8a116bc1f50ab3/json HTTP/1.1
18:30:16.805 [Test worker] DEBUG com.github.dockerjava.zerodep.shaded.org.apache.hc.client5.http.headers - http-outgoing-1 >> accept: application/json
18:30:16.805 [Test worker] DEBUG com.github.dockerjava.zerodep.shaded.org.apache.hc.client5.http.headers - http-outgoing-1 >> x-tc-sid: cdd139c9-cde1-4429-bea7-edb0e651ba16
18:30:16.805 [Test worker] DEBUG com.github.dockerjava.zerodep.shaded.org.apache.hc.client5.http.headers - http-outgoing-1 >> Accept-Encoding: gzip, x-gzip, deflate
18:30:16.805 [Test worker] DEBUG com.github.dockerjava.zerodep.shaded.org.apache.hc.client5.http.headers - http-outgoing-1 >> Host: localhost:2375
18:30:16.805 [Test worker] DEBUG com.github.dockerjava.zerodep.shaded.org.apache.hc.client5.http.headers - http-outgoing-1 >> Connection: keep-alive
18:30:16.805 [Test worker] DEBUG com.github.dockerjava.zerodep.shaded.org.apache.hc.client5.http.headers - http-outgoing-1 >> User-Agent: Apache-HttpClient/5.0.3 (Java/17.0.2)
18:30:16.805 [Test worker] DEBUG com.github.dockerjava.zerodep.shaded.org.apache.hc.client5.http.wire - http-outgoing-1 >> "GET /v1.32/containers/b4fc7afd97457a2a6ec84592488a57f900fa52ed03fcd2dbaf8a116bc1f50ab3/json HTTP/1.1[\r][\n]"
18:30:16.805 [Test worker] DEBUG com.github.dockerjava.zerodep.shaded.org.apache.hc.client5.http.wire - http-outgoing-1 >> "accept: application/json[\r][\n]"
18:30:16.805 [Test worker] DEBUG com.github.dockerjava.zerodep.shaded.org.apache.hc.client5.http.wire - http-outgoing-1 >> "x-tc-sid: cdd139c9-cde1-4429-bea7-edb0e651ba16[\r][\n]"
18:30:16.805 [Test worker] DEBUG com.github.dockerjava.zerodep.shaded.org.apache.hc.client5.http.wire - http-outgoing-1 >> "Accept-Encoding: gzip, x-gzip, deflate[\r][\n]"
18:30:16.805 [Test worker] DEBUG com.github.dockerjava.zerodep.shaded.org.apache.hc.client5.http.wire - http-outgoing-1 >> "Host: localhost:2375[\r][\n]"
18:30:16.805 [Test worker] DEBUG com.github.dockerjava.zerodep.shaded.org.apache.hc.client5.http.wire - http-outgoing-1 >> "Connection: keep-alive[\r][\n]"
18:30:16.805 [Test worker] DEBUG com.github.dockerjava.zerodep.shaded.org.apache.hc.client5.http.wire - http-outgoing-1 >> "User-Agent: Apache-HttpClient/5.0.3 (Java/17.0.2)[\r][\n]"
18:30:16.805 [Test worker] DEBUG com.github.dockerjava.zerodep.shaded.org.apache.hc.client5.http.wire - http-outgoing-1 >> "[\r][\n]"
18:30:16.806 [Test worker] DEBUG com.github.dockerjava.zerodep.shaded.org.apache.hc.client5.http.wire - http-outgoing-1 << "HTTP/1.1 200 OK[\r][\n]"
18:30:16.806 [Test worker] DEBUG com.github.dockerjava.zerodep.shaded.org.apache.hc.client5.http.wire - http-outgoing-1 << "Api-Version: 1.41[\r][\n]"
18:30:16.806 [Test worker] DEBUG com.github.dockerjava.zerodep.shaded.org.apache.hc.client5.http.wire - http-outgoing-1 << "Content-Type: application/json[\r][\n]"
18:30:16.806 [Test worker] DEBUG com.github.dockerjava.zerodep.shaded.org.apache.hc.client5.http.wire - http-outgoing-1 << "Docker-Experimental: false[\r][\n]"
18:30:16.806 [Test worker] DEBUG com.github.dockerjava.zerodep.shaded.org.apache.hc.client5.http.wire - http-outgoing-1 << "Ostype: linux[\r][\n]"
18:30:16.806 [Test worker] DEBUG com.github.dockerjava.zerodep.shaded.org.apache.hc.client5.http.wire - http-outgoing-1 << "Server: Docker/20.10.17 (linux)[\r][\n]"
18:30:16.806 [Test worker] DEBUG com.github.dockerjava.zerodep.shaded.org.apache.hc.client5.http.wire - http-outgoing-1 << "Date: Thu, 08 Dec 2022 21:30:16 GMT[\r][\n]"
18:30:16.806 [Test worker] DEBUG com.github.dockerjava.zerodep.shaded.org.apache.hc.client5.http.wire - http-outgoing-1 << "Transfer-Encoding: chunked[\r][\n]"
18:30:16.806 [Test worker] DEBUG com.github.dockerjava.zerodep.shaded.org.apache.hc.client5.http.wire - http-outgoing-1 << "[\r][\n]"
18:30:16.806 [Test worker] DEBUG com.github.dockerjava.zerodep.shaded.org.apache.hc.client5.http.wire - http-outgoing-1 << "18a6[\r][\n]"
18:30:16.806 [Test worker] DEBUG com.github.dockerjava.zerodep.shaded.org.apache.hc.client5.http.wire - http-outgoing-1 << "{"Id":"b4fc7afd97457a2a6ec84592488a57f900fa52ed03fcd2dbaf8a116bc1f50ab3","Created":"2022-12-08T21:30:11.801619537Z","Path":"docker-entrypoint.sh","Args":["mysqld"],"State":{"Status":"running","Running":true,"Paused":false,"Restarting":false,"OOMKilled":false,"Dead":false,"Pid":148084,"ExitCode":0,"Error":"","StartedAt":"2022-12-08T21:30:12.370762583Z","FinishedAt":"0001-01-01T00:00:00Z"},"Image":"sha256:7484689f290f1defe06b65befc54cb6ad91a667cf0af59a265ffe76c46bd0478","ResolvConfPath":"/var/lib/docker/containers/b4fc7afd97457a2a6ec84592488a57f900fa52ed03fcd2dbaf8a116bc1f50ab3/resolv.conf","HostnamePath":"/var/lib/docker/containers/b4fc7afd97457a2a6ec84592488a57f900fa52ed03fcd2dbaf8a116bc1f50ab3/hostname","HostsPath":"/var/lib/docker/containers/b4fc7afd97457a2a6ec84592488a57f900fa52ed03fcd2dbaf8a116bc1f50ab3/hosts","LogPath":"/var/lib/docker/containers/b4fc7afd97457a2a6ec84592488a57f900fa52ed03fcd2dbaf8a116bc1f50ab3/b4fc7afd97457a2a6ec84592488a57f900fa52ed03fcd2dbaf8a116bc1f50ab3-json.log","Name":"/agitated_ptolemy","RestartCount":0,"Driver":"overlay2","Platform":"linux","MountLabel":"","ProcessLabel":"","AppArmorProfile":"docker-default","ExecIDs":null,"HostConfig":{"Binds":[],"ContainerIDFile":"","LogConfig":{"Type":"json-file","Config":{}},"NetworkMode":"default","PortBindings":{"3306/tcp":[{"HostIp":"","HostPort":""}]},"RestartPolicy":{"Name":"","MaximumRetryCount":0},"AutoRemove":false,"VolumeDriver":"","VolumesFrom":[],"CapAdd":null,"CapDrop":null,"CgroupnsMode":"private","Dns":null,"DnsOptions":null,"DnsSearch":null,"ExtraHosts":[],"GroupAdd":null,"IpcMode":"shareable","Cgroup":"","Links":null,"OomScoreAdj":0,"PidMode":"","Privileged":false,"PublishAllPorts":false,"ReadonlyRootfs":false,"SecurityOpt":null,"UTSMode":"","UsernsMode":"","ShmSize":67108864,"Runtime":"runc","ConsoleSize":[0,0],"Isolation":"","CpuShares":0,"Memory":0,"NanoCpus":0,"CgroupParent":"","BlkioWeight":0,"BlkioWeightDevice":null,"BlkioDeviceReadBps":null,"BlkioDeviceWriteBps":null,"BlkioDeviceReadIOps":null,"BlkioDeviceWriteIOps":null,"CpuPeriod":0,"CpuQuota":0,"CpuRealtimePeriod":0,"CpuRealtimeRuntime":0,"CpusetCpus":"","CpusetMems":"","Devices":null,"DeviceCgroupRules":null,"DeviceRequests":null,"KernelMemory":0,"KernelMemoryTCP":0,"MemoryReservation":0,"MemorySwap":0,"MemorySwappiness":null,"OomKillDisable":null,"PidsLimit":null,"Ulimits":null,"CpuCount":0,"CpuPercent":0,"IOMaximumIOps":0,"IOMaximumBandwidth":0,"MaskedPaths":["/proc/asound","/proc/acpi","/proc/kcore","/proc/keys","/proc/latency_stats","/proc/timer_list","/proc/timer_stats","/proc/sched_debug","/proc/scsi","/sys/firmware"],"ReadonlyPaths":["/proc/bus","/proc/fs","/proc/irq","/proc/sys","/proc/sysrq-trigger"]},"GraphDriver":{"Data":{"LowerDir":"/var/lib/docker/overlay2/05794d51525f65619c615558ef5f93d7c33eef44e12313fdcb3942911d0b5f7d-init/diff:/var/lib/docker/overlay2/f079a69cfd5e80e906b12f05a0c7bfaabc56ce63e947db68b722ae30905f1239/diff:/var/lib/docker/overlay2/9dfb63d6bb556846a13012421dde7951ef83a14d8ce1882287cce66f0f9bd055/diff:/var/lib/docker/overlay2/c4f8874ae33ddd14488f5051cd953acc020fa00ea72d28bd530450c0bc8f9903/diff:/var/lib/docker/overlay2/992683766b46aa5653160e6a34283b579a75000e230890d0ec0a6204af735697/diff:/var/lib/docker/overlay2/6e3fba0e1d6501c91c9bec723bb1364f75599c6c2026a6dc71773c88a49f890a/diff:/var/lib/docker/overlay2/c6c2a366f45a69704761d45d296d71bf2bf315efb15cb06ad88925ed235fad81/diff:/var/lib/docker/overlay2/7555f9b18615244719d04b23296ba418195e5e569d47baf9f1da7c3f053fe194/diff:/var/lib/docker/overlay2/7752eb17f8f8ba44a5ed178f499901fa7eb6f2e031c29ab160ee4eff4db8edaa/diff:/var/lib/docker/overlay2/9683de8b3733106f256bd0eabc7cae13623b14493b9212e863449d42b8a87390/diff:/var/lib/docker/overlay2/f5e28e407d8811526fb7dd82e4fed08d5d3124c0f22f1a9496ed27b2b457d3dd/diff:/var/lib/docker/overlay2/e2980c91c6b3331cff3994ca6f327955bb5feaef0f96bc64edce80631fdbf829/diff","MergedDir":"/var/lib/docker/overlay2/05794d51525f65619c615558ef5f93d7c33eef44e12313fdcb3942911d0b5f7d/merged","UpperDir":"/var/lib/docker/overlay2/05794d51525f65619c615558ef5f93d7c33eef44e12313fdcb3942911d0b5f7d/diff","WorkDir":"/var/lib/docker/overlay2/05794d51525f65619c615558ef5f93d7c33eef44e12313fdcb3942911d0b5f7d/work"},"Name":"overlay2"},"Mounts":[{"Type":"volume","Name":"fe29345a30f82a1c969c40b069133e9d87168ce95967d67ac182ee42c059affb","Source":"/var/lib/docker/volumes/fe29345a30f82a1c969c40b069133e9d87168ce95967d67ac182ee42c059affb/_data","Destination":"/var/lib/mysql","Driver":"local","Mode":"","RW":true,"Propagation":""}],"Config":{"Hostname":"b4fc7afd9745","Domainname":"","User":"","AttachStdin":false,"AttachStdout":false,"AttachStderr":false,"ExposedPorts":{"3306/tcp":{},"33060/tcp":{}},"Tty":false,"OpenStdin":false,"StdinOnce":false,"Env":["MYSQL_DATABASE=adm_videos","MYSQL_PASSWORD=123456","MYSQL_ROOT_PASSWORD=123456","PATH=/usr/local/sbin:/usr/local/bin:/usr/sbin:/usr/bin:/sbin:/bin","GOSU_VERSION=1.14","MYSQL_MAJOR=8.0","MYSQL_VERSION=8.0.31-1.el8","MYSQL_SHELL_VERSION=8.0.31-1.el8"],"Cmd":["mysqld"],"Image":"mysql:latest","Volumes":{"/var/lib/mysql":{}},"WorkingDir":"","Entrypoint":["docker-entrypoint.sh"],"OnBuild":null,"Labels":{"org.testcontainers":"true","org.testcontainers.sessionId":"cdd139c9-cde1-4429-bea7-edb0e651ba16"}},"NetworkSettings":{"Bridge":"","SandboxID":"8404ec7d59006489fa5b6638879180586e9aa24c1c3ae79d40e26a8f453c93b1","HairpinMode":false,"LinkLocalIPv6Address":"","LinkLocalIPv6PrefixLen":0,"Ports":{"3306/tcp":[{"HostIp":"0.0.0.0","HostPort":"49156"},{"HostIp":"::","HostPort":"49156"}],"33060/tcp":null},"SandboxKey":"/var/run/docker/netns/8404ec7d5900","SecondaryIPAddresses":null,"SecondaryIPv6Addresses":null,"EndpointID":"28c851b70d88131a783e3d87b7c50320df5f3250ebca621b1b39353a2424212a","Gateway":"172.17.0.1","GlobalIPv6Address":"","GlobalIPv6PrefixLen":0,"IPAddress":"172.17.0.3","IPPrefixLen":16,"IPv6Gateway":"","MacAddress":"02:42:ac:11:00:03","Networks":{"bridge":{"IPAMConfig":null,"Links":null,"Aliases":null,"NetworkID":"bf06afe94eca8b5ab91eae0dbaa8561a6dd16832d429dcdbaa7ed1e003cfbe56","EndpointID":"28c851b70d88131a783e3d87b7c50320df5f3250ebca621b1b39353a2424212a","Gateway":"172.17.0.1","IPAddress":"172.17.0.3","IPPrefixLen":16,"IPv6Gateway":"","GlobalIPv6Address":"","GlobalIPv6PrefixLen":0,"MacAddress":"02:42:ac:11:00:03","DriverOpts":null}}}}[\n]"
18:30:16.806 [Test worker] DEBUG com.github.dockerjava.zerodep.shaded.org.apache.hc.client5.http.wire - http-outgoing-1 << "[\r][\n]"
18:30:16.806 [Test worker] DEBUG com.github.dockerjava.zerodep.shaded.org.apache.hc.client5.http.wire - http-outgoing-1 << "0[\r][\n]"
18:30:16.806 [Test worker] DEBUG com.github.dockerjava.zerodep.shaded.org.apache.hc.client5.http.wire - http-outgoing-1 << "[\r][\n]"
18:30:16.806 [Test worker] DEBUG com.github.dockerjava.zerodep.shaded.org.apache.hc.client5.http.headers - http-outgoing-1 << HTTP/1.1 200 OK
18:30:16.806 [Test worker] DEBUG com.github.dockerjava.zerodep.shaded.org.apache.hc.client5.http.headers - http-outgoing-1 << Api-Version: 1.41
18:30:16.806 [Test worker] DEBUG com.github.dockerjava.zerodep.shaded.org.apache.hc.client5.http.headers - http-outgoing-1 << Content-Type: application/json
18:30:16.806 [Test worker] DEBUG com.github.dockerjava.zerodep.shaded.org.apache.hc.client5.http.headers - http-outgoing-1 << Docker-Experimental: false
18:30:16.806 [Test worker] DEBUG com.github.dockerjava.zerodep.shaded.org.apache.hc.client5.http.headers - http-outgoing-1 << Ostype: linux
18:30:16.806 [Test worker] DEBUG com.github.dockerjava.zerodep.shaded.org.apache.hc.client5.http.headers - http-outgoing-1 << Server: Docker/20.10.17 (linux)
18:30:16.806 [Test worker] DEBUG com.github.dockerjava.zerodep.shaded.org.apache.hc.client5.http.headers - http-outgoing-1 << Date: Thu, 08 Dec 2022 21:30:16 GMT
18:30:16.806 [Test worker] DEBUG com.github.dockerjava.zerodep.shaded.org.apache.hc.client5.http.headers - http-outgoing-1 << Transfer-Encoding: chunked
18:30:16.806 [Test worker] DEBUG com.github.dockerjava.zerodep.shaded.org.apache.hc.client5.http.impl.classic.MainClientExec - ex-00000033: connection can be kept alive for 3 MINUTES
18:30:16.807 [Test worker] DEBUG com.github.dockerjava.zerodep.shaded.org.apache.hc.client5.http.impl.classic.InternalHttpClient - ep-00000032: releasing valid endpoint
18:30:16.807 [Test worker] DEBUG com.github.dockerjava.zerodep.shaded.org.apache.hc.client5.http.impl.io.PoolingHttpClientConnectionManager - ep-00000032: releasing endpoint
18:30:16.807 [Test worker] DEBUG com.github.dockerjava.zerodep.shaded.org.apache.hc.client5.http.impl.io.PoolingHttpClientConnectionManager - ep-00000032: connection http-outgoing-1 can be kept alive for 3 MINUTES
18:30:16.807 [Test worker] DEBUG com.github.dockerjava.zerodep.shaded.org.apache.hc.client5.http.impl.io.PoolingHttpClientConnectionManager - ep-00000032: connection released [route: {}->unix://localhost:2375][total available: 1; route allocated: 1 of 2147483647; total allocated: 1 of 2147483647]
18:30:16.807 [Test worker] DEBUG ]]>&#x1f433;<![CDATA[ [mysql:latest] - Trying to create JDBC connection using com.mysql.cj.jdbc.Driver to jdbc:mysql://localhost:49156/adm_videos?useSSL=false&allowPublicKeyRetrieval=true with properties: {password=123456, user=root}
18:30:16.911 [Test worker] DEBUG org.testcontainers.shaded.com.github.dockerjava.core.command.AbstrDockerCmd - Cmd: b4fc7afd97457a2a6ec84592488a57f900fa52ed03fcd2dbaf8a116bc1f50ab3,false
18:30:16.912 [Test worker] DEBUG org.testcontainers.shaded.com.github.dockerjava.core.exec.InspectContainerCmdExec - GET: DefaultWebTarget{path=[/containers/b4fc7afd97457a2a6ec84592488a57f900fa52ed03fcd2dbaf8a116bc1f50ab3/json], queryParams={}}
18:30:16.913 [Test worker] DEBUG com.github.dockerjava.zerodep.shaded.org.apache.hc.client5.http.impl.classic.InternalHttpClient - ex-00000034: preparing request execution
18:30:16.914 [Test worker] DEBUG com.github.dockerjava.zerodep.shaded.org.apache.hc.client5.http.protocol.RequestAddCookies - Cookie spec selected: strict
18:30:16.914 [Test worker] DEBUG com.github.dockerjava.zerodep.shaded.org.apache.hc.client5.http.protocol.RequestAuthCache - Auth cache not set in the context
18:30:16.914 [Test worker] DEBUG com.github.dockerjava.zerodep.shaded.org.apache.hc.client5.http.impl.classic.ProtocolExec - ex-00000034: target auth state: UNCHALLENGED
18:30:16.914 [Test worker] DEBUG com.github.dockerjava.zerodep.shaded.org.apache.hc.client5.http.impl.classic.ProtocolExec - ex-00000034: proxy auth state: UNCHALLENGED
18:30:16.914 [Test worker] DEBUG com.github.dockerjava.zerodep.shaded.org.apache.hc.client5.http.impl.classic.ConnectExec - ex-00000034: acquiring connection with route {}->unix://localhost:2375
18:30:16.914 [Test worker] DEBUG com.github.dockerjava.zerodep.shaded.org.apache.hc.client5.http.impl.classic.InternalHttpClient - ex-00000034: acquiring endpoint (3 MINUTES)
18:30:16.914 [Test worker] DEBUG com.github.dockerjava.zerodep.shaded.org.apache.hc.client5.http.impl.io.PoolingHttpClientConnectionManager - ex-00000034: endpoint lease request (3 MINUTES) [route: {}->unix://localhost:2375][total available: 1; route allocated: 1 of 2147483647; total allocated: 1 of 2147483647]
18:30:16.914 [Test worker] DEBUG com.github.dockerjava.zerodep.shaded.org.apache.hc.client5.http.impl.io.PoolingHttpClientConnectionManager - ex-00000034: endpoint leased [route: {}->unix://localhost:2375][total available: 0; route allocated: 1 of 2147483647; total allocated: 1 of 2147483647]
18:30:16.915 [Test worker] DEBUG com.github.dockerjava.zerodep.shaded.org.apache.hc.client5.http.impl.io.PoolingHttpClientConnectionManager - ex-00000034: acquired ep-00000033
18:30:16.915 [Test worker] DEBUG com.github.dockerjava.zerodep.shaded.org.apache.hc.client5.http.impl.classic.InternalHttpClient - ex-00000034: acquired endpoint ep-00000033
18:30:16.915 [Test worker] DEBUG com.github.dockerjava.zerodep.shaded.org.apache.hc.client5.http.impl.classic.MainClientExec - ex-00000034: executing GET /v1.32/containers/b4fc7afd97457a2a6ec84592488a57f900fa52ed03fcd2dbaf8a116bc1f50ab3/json HTTP/1.1
18:30:16.915 [Test worker] DEBUG com.github.dockerjava.zerodep.shaded.org.apache.hc.client5.http.impl.classic.InternalHttpClient - ep-00000033: start execution ex-00000034
18:30:16.915 [Test worker] DEBUG com.github.dockerjava.zerodep.shaded.org.apache.hc.client5.http.impl.io.PoolingHttpClientConnectionManager - ep-00000033: executing exchange ex-00000034 over http-outgoing-1
18:30:16.915 [Test worker] DEBUG com.github.dockerjava.zerodep.shaded.org.apache.hc.client5.http.headers - http-outgoing-1 >> GET /v1.32/containers/b4fc7afd97457a2a6ec84592488a57f900fa52ed03fcd2dbaf8a116bc1f50ab3/json HTTP/1.1
18:30:16.915 [Test worker] DEBUG com.github.dockerjava.zerodep.shaded.org.apache.hc.client5.http.headers - http-outgoing-1 >> accept: application/json
18:30:16.915 [Test worker] DEBUG com.github.dockerjava.zerodep.shaded.org.apache.hc.client5.http.headers - http-outgoing-1 >> x-tc-sid: cdd139c9-cde1-4429-bea7-edb0e651ba16
18:30:16.915 [Test worker] DEBUG com.github.dockerjava.zerodep.shaded.org.apache.hc.client5.http.headers - http-outgoing-1 >> Accept-Encoding: gzip, x-gzip, deflate
18:30:16.915 [Test worker] DEBUG com.github.dockerjava.zerodep.shaded.org.apache.hc.client5.http.headers - http-outgoing-1 >> Host: localhost:2375
18:30:16.915 [Test worker] DEBUG com.github.dockerjava.zerodep.shaded.org.apache.hc.client5.http.headers - http-outgoing-1 >> Connection: keep-alive
18:30:16.915 [Test worker] DEBUG com.github.dockerjava.zerodep.shaded.org.apache.hc.client5.http.headers - http-outgoing-1 >> User-Agent: Apache-HttpClient/5.0.3 (Java/17.0.2)
18:30:16.915 [Test worker] DEBUG com.github.dockerjava.zerodep.shaded.org.apache.hc.client5.http.wire - http-outgoing-1 >> "GET /v1.32/containers/b4fc7afd97457a2a6ec84592488a57f900fa52ed03fcd2dbaf8a116bc1f50ab3/json HTTP/1.1[\r][\n]"
18:30:16.915 [Test worker] DEBUG com.github.dockerjava.zerodep.shaded.org.apache.hc.client5.http.wire - http-outgoing-1 >> "accept: application/json[\r][\n]"
18:30:16.915 [Test worker] DEBUG com.github.dockerjava.zerodep.shaded.org.apache.hc.client5.http.wire - http-outgoing-1 >> "x-tc-sid: cdd139c9-cde1-4429-bea7-edb0e651ba16[\r][\n]"
18:30:16.915 [Test worker] DEBUG com.github.dockerjava.zerodep.shaded.org.apache.hc.client5.http.wire - http-outgoing-1 >> "Accept-Encoding: gzip, x-gzip, deflate[\r][\n]"
18:30:16.915 [Test worker] DEBUG com.github.dockerjava.zerodep.shaded.org.apache.hc.client5.http.wire - http-outgoing-1 >> "Host: localhost:2375[\r][\n]"
18:30:16.915 [Test worker] DEBUG com.github.dockerjava.zerodep.shaded.org.apache.hc.client5.http.wire - http-outgoing-1 >> "Connection: keep-alive[\r][\n]"
18:30:16.915 [Test worker] DEBUG com.github.dockerjava.zerodep.shaded.org.apache.hc.client5.http.wire - http-outgoing-1 >> "User-Agent: Apache-HttpClient/5.0.3 (Java/17.0.2)[\r][\n]"
18:30:16.915 [Test worker] DEBUG com.github.dockerjava.zerodep.shaded.org.apache.hc.client5.http.wire - http-outgoing-1 >> "[\r][\n]"
18:30:16.919 [Test worker] DEBUG com.github.dockerjava.zerodep.shaded.org.apache.hc.client5.http.wire - http-outgoing-1 << "HTTP/1.1 200 OK[\r][\n]"
18:30:16.919 [Test worker] DEBUG com.github.dockerjava.zerodep.shaded.org.apache.hc.client5.http.wire - http-outgoing-1 << "Api-Version: 1.41[\r][\n]"
18:30:16.919 [Test worker] DEBUG com.github.dockerjava.zerodep.shaded.org.apache.hc.client5.http.wire - http-outgoing-1 << "Content-Type: application/json[\r][\n]"
18:30:16.919 [Test worker] DEBUG com.github.dockerjava.zerodep.shaded.org.apache.hc.client5.http.wire - http-outgoing-1 << "Docker-Experimental: false[\r][\n]"
18:30:16.919 [Test worker] DEBUG com.github.dockerjava.zerodep.shaded.org.apache.hc.client5.http.wire - http-outgoing-1 << "Ostype: linux[\r][\n]"
18:30:16.919 [Test worker] DEBUG com.github.dockerjava.zerodep.shaded.org.apache.hc.client5.http.wire - http-outgoing-1 << "Server: Docker/20.10.17 (linux)[\r][\n]"
18:30:16.919 [Test worker] DEBUG com.github.dockerjava.zerodep.shaded.org.apache.hc.client5.http.wire - http-outgoing-1 << "Date: Thu, 08 Dec 2022 21:30:16 GMT[\r][\n]"
18:30:16.919 [Test worker] DEBUG com.github.dockerjava.zerodep.shaded.org.apache.hc.client5.http.wire - http-outgoing-1 << "Transfer-Encoding: chunked[\r][\n]"
18:30:16.919 [Test worker] DEBUG com.github.dockerjava.zerodep.shaded.org.apache.hc.client5.http.wire - http-outgoing-1 << "[\r][\n]"
18:30:16.919 [Test worker] DEBUG com.github.dockerjava.zerodep.shaded.org.apache.hc.client5.http.wire - http-outgoing-1 << "18a6[\r][\n]"
18:30:16.920 [Test worker] DEBUG com.github.dockerjava.zerodep.shaded.org.apache.hc.client5.http.wire - http-outgoing-1 << "{"Id":"b4fc7afd97457a2a6ec84592488a57f900fa52ed03fcd2dbaf8a116bc1f50ab3","Created":"2022-12-08T21:30:11.801619537Z","Path":"docker-entrypoint.sh","Args":["mysqld"],"State":{"Status":"running","Running":true,"Paused":false,"Restarting":false,"OOMKilled":false,"Dead":false,"Pid":148084,"ExitCode":0,"Error":"","StartedAt":"2022-12-08T21:30:12.370762583Z","FinishedAt":"0001-01-01T00:00:00Z"},"Image":"sha256:7484689f290f1defe06b65befc54cb6ad91a667cf0af59a265ffe76c46bd0478","ResolvConfPath":"/var/lib/docker/containers/b4fc7afd97457a2a6ec84592488a57f900fa52ed03fcd2dbaf8a116bc1f50ab3/resolv.conf","HostnamePath":"/var/lib/docker/containers/b4fc7afd97457a2a6ec84592488a57f900fa52ed03fcd2dbaf8a116bc1f50ab3/hostname","HostsPath":"/var/lib/docker/containers/b4fc7afd97457a2a6ec84592488a57f900fa52ed03fcd2dbaf8a116bc1f50ab3/hosts","LogPath":"/var/lib/docker/containers/b4fc7afd97457a2a6ec84592488a57f900fa52ed03fcd2dbaf8a116bc1f50ab3/b4fc7afd97457a2a6ec84592488a57f900fa52ed03fcd2dbaf8a116bc1f50ab3-json.log","Name":"/agitated_ptolemy","RestartCount":0,"Driver":"overlay2","Platform":"linux","MountLabel":"","ProcessLabel":"","AppArmorProfile":"docker-default","ExecIDs":null,"HostConfig":{"Binds":[],"ContainerIDFile":"","LogConfig":{"Type":"json-file","Config":{}},"NetworkMode":"default","PortBindings":{"3306/tcp":[{"HostIp":"","HostPort":""}]},"RestartPolicy":{"Name":"","MaximumRetryCount":0},"AutoRemove":false,"VolumeDriver":"","VolumesFrom":[],"CapAdd":null,"CapDrop":null,"CgroupnsMode":"private","Dns":null,"DnsOptions":null,"DnsSearch":null,"ExtraHosts":[],"GroupAdd":null,"IpcMode":"shareable","Cgroup":"","Links":null,"OomScoreAdj":0,"PidMode":"","Privileged":false,"PublishAllPorts":false,"ReadonlyRootfs":false,"SecurityOpt":null,"UTSMode":"","UsernsMode":"","ShmSize":67108864,"Runtime":"runc","ConsoleSize":[0,0],"Isolation":"","CpuShares":0,"Memory":0,"NanoCpus":0,"CgroupParent":"","BlkioWeight":0,"BlkioWeightDevice":null,"BlkioDeviceReadBps":null,"BlkioDeviceWriteBps":null,"BlkioDeviceReadIOps":null,"BlkioDeviceWriteIOps":null,"CpuPeriod":0,"CpuQuota":0,"CpuRealtimePeriod":0,"CpuRealtimeRuntime":0,"CpusetCpus":"","CpusetMems":"","Devices":null,"DeviceCgroupRules":null,"DeviceRequests":null,"KernelMemory":0,"KernelMemoryTCP":0,"MemoryReservation":0,"MemorySwap":0,"MemorySwappiness":null,"OomKillDisable":null,"PidsLimit":null,"Ulimits":null,"CpuCount":0,"CpuPercent":0,"IOMaximumIOps":0,"IOMaximumBandwidth":0,"MaskedPaths":["/proc/asound","/proc/acpi","/proc/kcore","/proc/keys","/proc/latency_stats","/proc/timer_list","/proc/timer_stats","/proc/sched_debug","/proc/scsi","/sys/firmware"],"ReadonlyPaths":["/proc/bus","/proc/fs","/proc/irq","/proc/sys","/proc/sysrq-trigger"]},"GraphDriver":{"Data":{"LowerDir":"/var/lib/docker/overlay2/05794d51525f65619c615558ef5f93d7c33eef44e12313fdcb3942911d0b5f7d-init/diff:/var/lib/docker/overlay2/f079a69cfd5e80e906b12f05a0c7bfaabc56ce63e947db68b722ae30905f1239/diff:/var/lib/docker/overlay2/9dfb63d6bb556846a13012421dde7951ef83a14d8ce1882287cce66f0f9bd055/diff:/var/lib/docker/overlay2/c4f8874ae33ddd14488f5051cd953acc020fa00ea72d28bd530450c0bc8f9903/diff:/var/lib/docker/overlay2/992683766b46aa5653160e6a34283b579a75000e230890d0ec0a6204af735697/diff:/var/lib/docker/overlay2/6e3fba0e1d6501c91c9bec723bb1364f75599c6c2026a6dc71773c88a49f890a/diff:/var/lib/docker/overlay2/c6c2a366f45a69704761d45d296d71bf2bf315efb15cb06ad88925ed235fad81/diff:/var/lib/docker/overlay2/7555f9b18615244719d04b23296ba418195e5e569d47baf9f1da7c3f053fe194/diff:/var/lib/docker/overlay2/7752eb17f8f8ba44a5ed178f499901fa7eb6f2e031c29ab160ee4eff4db8edaa/diff:/var/lib/docker/overlay2/9683de8b3733106f256bd0eabc7cae13623b14493b9212e863449d42b8a87390/diff:/var/lib/docker/overlay2/f5e28e407d8811526fb7dd82e4fed08d5d3124c0f22f1a9496ed27b2b457d3dd/diff:/var/lib/docker/overlay2/e2980c91c6b3331cff3994ca6f327955bb5feaef0f96bc64edce80631fdbf829/diff","MergedDir":"/var/lib/docker/overlay2/05794d51525f65619c615558ef5f93d7c33eef44e12313fdcb3942911d0b5f7d/merged","UpperDir":"/var/lib/docker/overlay2/05794d51525f65619c615558ef5f93d7c33eef44e12313fdcb3942911d0b5f7d/diff","WorkDir":"/var/lib/docker/overlay2/05794d51525f65619c615558ef5f93d7c33eef44e12313fdcb3942911d0b5f7d/work"},"Name":"overlay2"},"Mounts":[{"Type":"volume","Name":"fe29345a30f82a1c969c40b069133e9d87168ce95967d67ac182ee42c059affb","Source":"/var/lib/docker/volumes/fe29345a30f82a1c969c40b069133e9d87168ce95967d67ac182ee42c059affb/_data","Destination":"/var/lib/mysql","Driver":"local","Mode":"","RW":true,"Propagation":""}],"Config":{"Hostname":"b4fc7afd9745","Domainname":"","User":"","AttachStdin":false,"AttachStdout":false,"AttachStderr":false,"ExposedPorts":{"3306/tcp":{},"33060/tcp":{}},"Tty":false,"OpenStdin":false,"StdinOnce":false,"Env":["MYSQL_DATABASE=adm_videos","MYSQL_PASSWORD=123456","MYSQL_ROOT_PASSWORD=123456","PATH=/usr/local/sbin:/usr/local/bin:/usr/sbin:/usr/bin:/sbin:/bin","GOSU_VERSION=1.14","MYSQL_MAJOR=8.0","MYSQL_VERSION=8.0.31-1.el8","MYSQL_SHELL_VERSION=8.0.31-1.el8"],"Cmd":["mysqld"],"Image":"mysql:latest","Volumes":{"/var/lib/mysql":{}},"WorkingDir":"","Entrypoint":["docker-entrypoint.sh"],"OnBuild":null,"Labels":{"org.testcontainers":"true","org.testcontainers.sessionId":"cdd139c9-cde1-4429-bea7-edb0e651ba16"}},"NetworkSettings":{"Bridge":"","SandboxID":"8404ec7d59006489fa5b6638879180586e9aa24c1c3ae79d40e26a8f453c93b1","HairpinMode":false,"LinkLocalIPv6Address":"","LinkLocalIPv6PrefixLen":0,"Ports":{"3306/tcp":[{"HostIp":"0.0.0.0","HostPort":"49156"},{"HostIp":"::","HostPort":"49156"}],"33060/tcp":null},"SandboxKey":"/var/run/docker/netns/8404ec7d5900","SecondaryIPAddresses":null,"SecondaryIPv6Addresses":null,"EndpointID":"28c851b70d88131a783e3d87b7c50320df5f3250ebca621b1b39353a2424212a","Gateway":"172.17.0.1","GlobalIPv6Address":"","GlobalIPv6PrefixLen":0,"IPAddress":"172.17.0.3","IPPrefixLen":16,"IPv6Gateway":"","MacAddress":"02:42:ac:11:00:03","Networks":{"bridge":{"IPAMConfig":null,"Links":null,"Aliases":null,"NetworkID":"bf06afe94eca8b5ab91eae0dbaa8561a6dd16832d429dcdbaa7ed1e003cfbe56","EndpointID":"28c851b70d88131a783e3d87b7c50320df5f3250ebca621b1b39353a2424212a","Gateway":"172.17.0.1","IPAddress":"172.17.0.3","IPPrefixLen":16,"IPv6Gateway":"","GlobalIPv6Address":"","GlobalIPv6PrefixLen":0,"MacAddress":"02:42:ac:11:00:03","DriverOpts":null}}}}[\n]"
18:30:16.920 [Test worker] DEBUG com.github.dockerjava.zerodep.shaded.org.apache.hc.client5.http.wire - http-outgoing-1 << "[\r][\n]"
18:30:16.920 [Test worker] DEBUG com.github.dockerjava.zerodep.shaded.org.apache.hc.client5.http.wire - http-outgoing-1 << "0[\r][\n]"
18:30:16.920 [Test worker] DEBUG com.github.dockerjava.zerodep.shaded.org.apache.hc.client5.http.wire - http-outgoing-1 << "[\r][\n]"
18:30:16.920 [Test worker] DEBUG com.github.dockerjava.zerodep.shaded.org.apache.hc.client5.http.headers - http-outgoing-1 << HTTP/1.1 200 OK
18:30:16.920 [Test worker] DEBUG com.github.dockerjava.zerodep.shaded.org.apache.hc.client5.http.headers - http-outgoing-1 << Api-Version: 1.41
18:30:16.920 [Test worker] DEBUG com.github.dockerjava.zerodep.shaded.org.apache.hc.client5.http.headers - http-outgoing-1 << Content-Type: application/json
18:30:16.920 [Test worker] DEBUG com.github.dockerjava.zerodep.shaded.org.apache.hc.client5.http.headers - http-outgoing-1 << Docker-Experimental: false
18:30:16.920 [Test worker] DEBUG com.github.dockerjava.zerodep.shaded.org.apache.hc.client5.http.headers - http-outgoing-1 << Ostype: linux
18:30:16.920 [Test worker] DEBUG com.github.dockerjava.zerodep.shaded.org.apache.hc.client5.http.headers - http-outgoing-1 << Server: Docker/20.10.17 (linux)
18:30:16.920 [Test worker] DEBUG com.github.dockerjava.zerodep.shaded.org.apache.hc.client5.http.headers - http-outgoing-1 << Date: Thu, 08 Dec 2022 21:30:16 GMT
18:30:16.920 [Test worker] DEBUG com.github.dockerjava.zerodep.shaded.org.apache.hc.client5.http.headers - http-outgoing-1 << Transfer-Encoding: chunked
18:30:16.920 [Test worker] DEBUG com.github.dockerjava.zerodep.shaded.org.apache.hc.client5.http.impl.classic.MainClientExec - ex-00000034: connection can be kept alive for 3 MINUTES
18:30:16.921 [Test worker] DEBUG com.github.dockerjava.zerodep.shaded.org.apache.hc.client5.http.impl.classic.InternalHttpClient - ep-00000033: releasing valid endpoint
18:30:16.921 [Test worker] DEBUG com.github.dockerjava.zerodep.shaded.org.apache.hc.client5.http.impl.io.PoolingHttpClientConnectionManager - ep-00000033: releasing endpoint
18:30:16.921 [Test worker] DEBUG com.github.dockerjava.zerodep.shaded.org.apache.hc.client5.http.impl.io.PoolingHttpClientConnectionManager - ep-00000033: connection http-outgoing-1 can be kept alive for 3 MINUTES
18:30:16.921 [Test worker] DEBUG com.github.dockerjava.zerodep.shaded.org.apache.hc.client5.http.impl.io.PoolingHttpClientConnectionManager - ep-00000033: connection released [route: {}->unix://localhost:2375][total available: 1; route allocated: 1 of 2147483647; total allocated: 1 of 2147483647]
18:30:16.921 [Test worker] DEBUG ]]>&#x1f433;<![CDATA[ [mysql:latest] - Trying to create JDBC connection using com.mysql.cj.jdbc.Driver to jdbc:mysql://localhost:49156/adm_videos?useSSL=false&allowPublicKeyRetrieval=true with properties: {password=123456, user=root}
18:30:17.023 [Test worker] DEBUG org.testcontainers.shaded.com.github.dockerjava.core.command.AbstrDockerCmd - Cmd: b4fc7afd97457a2a6ec84592488a57f900fa52ed03fcd2dbaf8a116bc1f50ab3,false
18:30:17.024 [Test worker] DEBUG org.testcontainers.shaded.com.github.dockerjava.core.exec.InspectContainerCmdExec - GET: DefaultWebTarget{path=[/containers/b4fc7afd97457a2a6ec84592488a57f900fa52ed03fcd2dbaf8a116bc1f50ab3/json], queryParams={}}
18:30:17.024 [Test worker] DEBUG com.github.dockerjava.zerodep.shaded.org.apache.hc.client5.http.impl.classic.InternalHttpClient - ex-00000035: preparing request execution
18:30:17.025 [Test worker] DEBUG com.github.dockerjava.zerodep.shaded.org.apache.hc.client5.http.protocol.RequestAddCookies - Cookie spec selected: strict
18:30:17.025 [Test worker] DEBUG com.github.dockerjava.zerodep.shaded.org.apache.hc.client5.http.protocol.RequestAuthCache - Auth cache not set in the context
18:30:17.025 [Test worker] DEBUG com.github.dockerjava.zerodep.shaded.org.apache.hc.client5.http.impl.classic.ProtocolExec - ex-00000035: target auth state: UNCHALLENGED
18:30:17.025 [Test worker] DEBUG com.github.dockerjava.zerodep.shaded.org.apache.hc.client5.http.impl.classic.ProtocolExec - ex-00000035: proxy auth state: UNCHALLENGED
18:30:17.025 [Test worker] DEBUG com.github.dockerjava.zerodep.shaded.org.apache.hc.client5.http.impl.classic.ConnectExec - ex-00000035: acquiring connection with route {}->unix://localhost:2375
18:30:17.025 [Test worker] DEBUG com.github.dockerjava.zerodep.shaded.org.apache.hc.client5.http.impl.classic.InternalHttpClient - ex-00000035: acquiring endpoint (3 MINUTES)
18:30:17.025 [Test worker] DEBUG com.github.dockerjava.zerodep.shaded.org.apache.hc.client5.http.impl.io.PoolingHttpClientConnectionManager - ex-00000035: endpoint lease request (3 MINUTES) [route: {}->unix://localhost:2375][total available: 1; route allocated: 1 of 2147483647; total allocated: 1 of 2147483647]
18:30:17.025 [Test worker] DEBUG com.github.dockerjava.zerodep.shaded.org.apache.hc.client5.http.impl.io.PoolingHttpClientConnectionManager - ex-00000035: endpoint leased [route: {}->unix://localhost:2375][total available: 0; route allocated: 1 of 2147483647; total allocated: 1 of 2147483647]
18:30:17.025 [Test worker] DEBUG com.github.dockerjava.zerodep.shaded.org.apache.hc.client5.http.impl.io.PoolingHttpClientConnectionManager - ex-00000035: acquired ep-00000034
18:30:17.025 [Test worker] DEBUG com.github.dockerjava.zerodep.shaded.org.apache.hc.client5.http.impl.classic.InternalHttpClient - ex-00000035: acquired endpoint ep-00000034
18:30:17.025 [Test worker] DEBUG com.github.dockerjava.zerodep.shaded.org.apache.hc.client5.http.impl.classic.MainClientExec - ex-00000035: executing GET /v1.32/containers/b4fc7afd97457a2a6ec84592488a57f900fa52ed03fcd2dbaf8a116bc1f50ab3/json HTTP/1.1
18:30:17.025 [Test worker] DEBUG com.github.dockerjava.zerodep.shaded.org.apache.hc.client5.http.impl.classic.InternalHttpClient - ep-00000034: start execution ex-00000035
18:30:17.025 [Test worker] DEBUG com.github.dockerjava.zerodep.shaded.org.apache.hc.client5.http.impl.io.PoolingHttpClientConnectionManager - ep-00000034: executing exchange ex-00000035 over http-outgoing-1
18:30:17.026 [Test worker] DEBUG com.github.dockerjava.zerodep.shaded.org.apache.hc.client5.http.headers - http-outgoing-1 >> GET /v1.32/containers/b4fc7afd97457a2a6ec84592488a57f900fa52ed03fcd2dbaf8a116bc1f50ab3/json HTTP/1.1
18:30:17.026 [Test worker] DEBUG com.github.dockerjava.zerodep.shaded.org.apache.hc.client5.http.headers - http-outgoing-1 >> accept: application/json
18:30:17.026 [Test worker] DEBUG com.github.dockerjava.zerodep.shaded.org.apache.hc.client5.http.headers - http-outgoing-1 >> x-tc-sid: cdd139c9-cde1-4429-bea7-edb0e651ba16
18:30:17.026 [Test worker] DEBUG com.github.dockerjava.zerodep.shaded.org.apache.hc.client5.http.headers - http-outgoing-1 >> Accept-Encoding: gzip, x-gzip, deflate
18:30:17.026 [Test worker] DEBUG com.github.dockerjava.zerodep.shaded.org.apache.hc.client5.http.headers - http-outgoing-1 >> Host: localhost:2375
18:30:17.026 [Test worker] DEBUG com.github.dockerjava.zerodep.shaded.org.apache.hc.client5.http.headers - http-outgoing-1 >> Connection: keep-alive
18:30:17.026 [Test worker] DEBUG com.github.dockerjava.zerodep.shaded.org.apache.hc.client5.http.headers - http-outgoing-1 >> User-Agent: Apache-HttpClient/5.0.3 (Java/17.0.2)
18:30:17.026 [Test worker] DEBUG com.github.dockerjava.zerodep.shaded.org.apache.hc.client5.http.wire - http-outgoing-1 >> "GET /v1.32/containers/b4fc7afd97457a2a6ec84592488a57f900fa52ed03fcd2dbaf8a116bc1f50ab3/json HTTP/1.1[\r][\n]"
18:30:17.026 [Test worker] DEBUG com.github.dockerjava.zerodep.shaded.org.apache.hc.client5.http.wire - http-outgoing-1 >> "accept: application/json[\r][\n]"
18:30:17.026 [Test worker] DEBUG com.github.dockerjava.zerodep.shaded.org.apache.hc.client5.http.wire - http-outgoing-1 >> "x-tc-sid: cdd139c9-cde1-4429-bea7-edb0e651ba16[\r][\n]"
18:30:17.026 [Test worker] DEBUG com.github.dockerjava.zerodep.shaded.org.apache.hc.client5.http.wire - http-outgoing-1 >> "Accept-Encoding: gzip, x-gzip, deflate[\r][\n]"
18:30:17.026 [Test worker] DEBUG com.github.dockerjava.zerodep.shaded.org.apache.hc.client5.http.wire - http-outgoing-1 >> "Host: localhost:2375[\r][\n]"
18:30:17.026 [Test worker] DEBUG com.github.dockerjava.zerodep.shaded.org.apache.hc.client5.http.wire - http-outgoing-1 >> "Connection: keep-alive[\r][\n]"
18:30:17.026 [Test worker] DEBUG com.github.dockerjava.zerodep.shaded.org.apache.hc.client5.http.wire - http-outgoing-1 >> "User-Agent: Apache-HttpClient/5.0.3 (Java/17.0.2)[\r][\n]"
18:30:17.026 [Test worker] DEBUG com.github.dockerjava.zerodep.shaded.org.apache.hc.client5.http.wire - http-outgoing-1 >> "[\r][\n]"
18:30:17.027 [Test worker] DEBUG com.github.dockerjava.zerodep.shaded.org.apache.hc.client5.http.wire - http-outgoing-1 << "HTTP/1.1 200 OK[\r][\n]"
18:30:17.027 [Test worker] DEBUG com.github.dockerjava.zerodep.shaded.org.apache.hc.client5.http.wire - http-outgoing-1 << "Api-Version: 1.41[\r][\n]"
18:30:17.027 [Test worker] DEBUG com.github.dockerjava.zerodep.shaded.org.apache.hc.client5.http.wire - http-outgoing-1 << "Content-Type: application/json[\r][\n]"
18:30:17.027 [Test worker] DEBUG com.github.dockerjava.zerodep.shaded.org.apache.hc.client5.http.wire - http-outgoing-1 << "Docker-Experimental: false[\r][\n]"
18:30:17.027 [Test worker] DEBUG com.github.dockerjava.zerodep.shaded.org.apache.hc.client5.http.wire - http-outgoing-1 << "Ostype: linux[\r][\n]"
18:30:17.027 [Test worker] DEBUG com.github.dockerjava.zerodep.shaded.org.apache.hc.client5.http.wire - http-outgoing-1 << "Server: Docker/20.10.17 (linux)[\r][\n]"
18:30:17.027 [Test worker] DEBUG com.github.dockerjava.zerodep.shaded.org.apache.hc.client5.http.wire - http-outgoing-1 << "Date: Thu, 08 Dec 2022 21:30:17 GMT[\r][\n]"
18:30:17.027 [Test worker] DEBUG com.github.dockerjava.zerodep.shaded.org.apache.hc.client5.http.wire - http-outgoing-1 << "Transfer-Encoding: chunked[\r][\n]"
18:30:17.027 [Test worker] DEBUG com.github.dockerjava.zerodep.shaded.org.apache.hc.client5.http.wire - http-outgoing-1 << "[\r][\n]"
18:30:17.027 [Test worker] DEBUG com.github.dockerjava.zerodep.shaded.org.apache.hc.client5.http.wire - http-outgoing-1 << "18a6[\r][\n]"
18:30:17.027 [Test worker] DEBUG com.github.dockerjava.zerodep.shaded.org.apache.hc.client5.http.wire - http-outgoing-1 << "{"Id":"b4fc7afd97457a2a6ec84592488a57f900fa52ed03fcd2dbaf8a116bc1f50ab3","Created":"2022-12-08T21:30:11.801619537Z","Path":"docker-entrypoint.sh","Args":["mysqld"],"State":{"Status":"running","Running":true,"Paused":false,"Restarting":false,"OOMKilled":false,"Dead":false,"Pid":148084,"ExitCode":0,"Error":"","StartedAt":"2022-12-08T21:30:12.370762583Z","FinishedAt":"0001-01-01T00:00:00Z"},"Image":"sha256:7484689f290f1defe06b65befc54cb6ad91a667cf0af59a265ffe76c46bd0478","ResolvConfPath":"/var/lib/docker/containers/b4fc7afd97457a2a6ec84592488a57f900fa52ed03fcd2dbaf8a116bc1f50ab3/resolv.conf","HostnamePath":"/var/lib/docker/containers/b4fc7afd97457a2a6ec84592488a57f900fa52ed03fcd2dbaf8a116bc1f50ab3/hostname","HostsPath":"/var/lib/docker/containers/b4fc7afd97457a2a6ec84592488a57f900fa52ed03fcd2dbaf8a116bc1f50ab3/hosts","LogPath":"/var/lib/docker/containers/b4fc7afd97457a2a6ec84592488a57f900fa52ed03fcd2dbaf8a116bc1f50ab3/b4fc7afd97457a2a6ec84592488a57f900fa52ed03fcd2dbaf8a116bc1f50ab3-json.log","Name":"/agitated_ptolemy","RestartCount":0,"Driver":"overlay2","Platform":"linux","MountLabel":"","ProcessLabel":"","AppArmorProfile":"docker-default","ExecIDs":null,"HostConfig":{"Binds":[],"ContainerIDFile":"","LogConfig":{"Type":"json-file","Config":{}},"NetworkMode":"default","PortBindings":{"3306/tcp":[{"HostIp":"","HostPort":""}]},"RestartPolicy":{"Name":"","MaximumRetryCount":0},"AutoRemove":false,"VolumeDriver":"","VolumesFrom":[],"CapAdd":null,"CapDrop":null,"CgroupnsMode":"private","Dns":null,"DnsOptions":null,"DnsSearch":null,"ExtraHosts":[],"GroupAdd":null,"IpcMode":"shareable","Cgroup":"","Links":null,"OomScoreAdj":0,"PidMode":"","Privileged":false,"PublishAllPorts":false,"ReadonlyRootfs":false,"SecurityOpt":null,"UTSMode":"","UsernsMode":"","ShmSize":67108864,"Runtime":"runc","ConsoleSize":[0,0],"Isolation":"","CpuShares":0,"Memory":0,"NanoCpus":0,"CgroupParent":"","BlkioWeight":0,"BlkioWeightDevice":null,"BlkioDeviceReadBps":null,"BlkioDeviceWriteBps":null,"BlkioDeviceReadIOps":null,"BlkioDeviceWriteIOps":null,"CpuPeriod":0,"CpuQuota":0,"CpuRealtimePeriod":0,"CpuRealtimeRuntime":0,"CpusetCpus":"","CpusetMems":"","Devices":null,"DeviceCgroupRules":null,"DeviceRequests":null,"KernelMemory":0,"KernelMemoryTCP":0,"MemoryReservation":0,"MemorySwap":0,"MemorySwappiness":null,"OomKillDisable":null,"PidsLimit":null,"Ulimits":null,"CpuCount":0,"CpuPercent":0,"IOMaximumIOps":0,"IOMaximumBandwidth":0,"MaskedPaths":["/proc/asound","/proc/acpi","/proc/kcore","/proc/keys","/proc/latency_stats","/proc/timer_list","/proc/timer_stats","/proc/sched_debug","/proc/scsi","/sys/firmware"],"ReadonlyPaths":["/proc/bus","/proc/fs","/proc/irq","/proc/sys","/proc/sysrq-trigger"]},"GraphDriver":{"Data":{"LowerDir":"/var/lib/docker/overlay2/05794d51525f65619c615558ef5f93d7c33eef44e12313fdcb3942911d0b5f7d-init/diff:/var/lib/docker/overlay2/f079a69cfd5e80e906b12f05a0c7bfaabc56ce63e947db68b722ae30905f1239/diff:/var/lib/docker/overlay2/9dfb63d6bb556846a13012421dde7951ef83a14d8ce1882287cce66f0f9bd055/diff:/var/lib/docker/overlay2/c4f8874ae33ddd14488f5051cd953acc020fa00ea72d28bd530450c0bc8f9903/diff:/var/lib/docker/overlay2/992683766b46aa5653160e6a34283b579a75000e230890d0ec0a6204af735697/diff:/var/lib/docker/overlay2/6e3fba0e1d6501c91c9bec723bb1364f75599c6c2026a6dc71773c88a49f890a/diff:/var/lib/docker/overlay2/c6c2a366f45a69704761d45d296d71bf2bf315efb15cb06ad88925ed235fad81/diff:/var/lib/docker/overlay2/7555f9b18615244719d04b23296ba418195e5e569d47baf9f1da7c3f053fe194/diff:/var/lib/docker/overlay2/7752eb17f8f8ba44a5ed178f499901fa7eb6f2e031c29ab160ee4eff4db8edaa/diff:/var/lib/docker/overlay2/9683de8b3733106f256bd0eabc7cae13623b14493b9212e863449d42b8a87390/diff:/var/lib/docker/overlay2/f5e28e407d8811526fb7dd82e4fed08d5d3124c0f22f1a9496ed27b2b457d3dd/diff:/var/lib/docker/overlay2/e2980c91c6b3331cff3994ca6f327955bb5feaef0f96bc64edce80631fdbf829/diff","MergedDir":"/var/lib/docker/overlay2/05794d51525f65619c615558ef5f93d7c33eef44e12313fdcb3942911d0b5f7d/merged","UpperDir":"/var/lib/docker/overlay2/05794d51525f65619c615558ef5f93d7c33eef44e12313fdcb3942911d0b5f7d/diff","WorkDir":"/var/lib/docker/overlay2/05794d51525f65619c615558ef5f93d7c33eef44e12313fdcb3942911d0b5f7d/work"},"Name":"overlay2"},"Mounts":[{"Type":"volume","Name":"fe29345a30f82a1c969c40b069133e9d87168ce95967d67ac182ee42c059affb","Source":"/var/lib/docker/volumes/fe29345a30f82a1c969c40b069133e9d87168ce95967d67ac182ee42c059affb/_data","Destination":"/var/lib/mysql","Driver":"local","Mode":"","RW":true,"Propagation":""}],"Config":{"Hostname":"b4fc7afd9745","Domainname":"","User":"","AttachStdin":false,"AttachStdout":false,"AttachStderr":false,"ExposedPorts":{"3306/tcp":{},"33060/tcp":{}},"Tty":false,"OpenStdin":false,"StdinOnce":false,"Env":["MYSQL_DATABASE=adm_videos","MYSQL_PASSWORD=123456","MYSQL_ROOT_PASSWORD=123456","PATH=/usr/local/sbin:/usr/local/bin:/usr/sbin:/usr/bin:/sbin:/bin","GOSU_VERSION=1.14","MYSQL_MAJOR=8.0","MYSQL_VERSION=8.0.31-1.el8","MYSQL_SHELL_VERSION=8.0.31-1.el8"],"Cmd":["mysqld"],"Image":"mysql:latest","Volumes":{"/var/lib/mysql":{}},"WorkingDir":"","Entrypoint":["docker-entrypoint.sh"],"OnBuild":null,"Labels":{"org.testcontainers":"true","org.testcontainers.sessionId":"cdd139c9-cde1-4429-bea7-edb0e651ba16"}},"NetworkSettings":{"Bridge":"","SandboxID":"8404ec7d59006489fa5b6638879180586e9aa24c1c3ae79d40e26a8f453c93b1","HairpinMode":false,"LinkLocalIPv6Address":"","LinkLocalIPv6PrefixLen":0,"Ports":{"3306/tcp":[{"HostIp":"0.0.0.0","HostPort":"49156"},{"HostIp":"::","HostPort":"49156"}],"33060/tcp":null},"SandboxKey":"/var/run/docker/netns/8404ec7d5900","SecondaryIPAddresses":null,"SecondaryIPv6Addresses":null,"EndpointID":"28c851b70d88131a783e3d87b7c50320df5f3250ebca621b1b39353a2424212a","Gateway":"172.17.0.1","GlobalIPv6Address":"","GlobalIPv6PrefixLen":0,"IPAddress":"172.17.0.3","IPPrefixLen":16,"IPv6Gateway":"","MacAddress":"02:42:ac:11:00:03","Networks":{"bridge":{"IPAMConfig":null,"Links":null,"Aliases":null,"NetworkID":"bf06afe94eca8b5ab91eae0dbaa8561a6dd16832d429dcdbaa7ed1e003cfbe56","EndpointID":"28c851b70d88131a783e3d87b7c50320df5f3250ebca621b1b39353a2424212a","Gateway":"172.17.0.1","IPAddress":"172.17.0.3","IPPrefixLen":16,"IPv6Gateway":"","GlobalIPv6Address":"","GlobalIPv6PrefixLen":0,"MacAddress":"02:42:ac:11:00:03","DriverOpts":null}}}}[\n]"
18:30:17.027 [Test worker] DEBUG com.github.dockerjava.zerodep.shaded.org.apache.hc.client5.http.wire - http-outgoing-1 << "[\r][\n]"
18:30:17.027 [Test worker] DEBUG com.github.dockerjava.zerodep.shaded.org.apache.hc.client5.http.wire - http-outgoing-1 << "0[\r][\n]"
18:30:17.027 [Test worker] DEBUG com.github.dockerjava.zerodep.shaded.org.apache.hc.client5.http.wire - http-outgoing-1 << "[\r][\n]"
18:30:17.027 [Test worker] DEBUG com.github.dockerjava.zerodep.shaded.org.apache.hc.client5.http.headers - http-outgoing-1 << HTTP/1.1 200 OK
18:30:17.027 [Test worker] DEBUG com.github.dockerjava.zerodep.shaded.org.apache.hc.client5.http.headers - http-outgoing-1 << Api-Version: 1.41
18:30:17.027 [Test worker] DEBUG com.github.dockerjava.zerodep.shaded.org.apache.hc.client5.http.headers - http-outgoing-1 << Content-Type: application/json
18:30:17.027 [Test worker] DEBUG com.github.dockerjava.zerodep.shaded.org.apache.hc.client5.http.headers - http-outgoing-1 << Docker-Experimental: false
18:30:17.027 [Test worker] DEBUG com.github.dockerjava.zerodep.shaded.org.apache.hc.client5.http.headers - http-outgoing-1 << Ostype: linux
18:30:17.027 [Test worker] DEBUG com.github.dockerjava.zerodep.shaded.org.apache.hc.client5.http.headers - http-outgoing-1 << Server: Docker/20.10.17 (linux)
18:30:17.027 [Test worker] DEBUG com.github.dockerjava.zerodep.shaded.org.apache.hc.client5.http.headers - http-outgoing-1 << Date: Thu, 08 Dec 2022 21:30:17 GMT
18:30:17.027 [Test worker] DEBUG com.github.dockerjava.zerodep.shaded.org.apache.hc.client5.http.headers - http-outgoing-1 << Transfer-Encoding: chunked
18:30:17.028 [Test worker] DEBUG com.github.dockerjava.zerodep.shaded.org.apache.hc.client5.http.impl.classic.MainClientExec - ex-00000035: connection can be kept alive for 3 MINUTES
18:30:17.029 [Test worker] DEBUG com.github.dockerjava.zerodep.shaded.org.apache.hc.client5.http.impl.classic.InternalHttpClient - ep-00000034: releasing valid endpoint
18:30:17.029 [Test worker] DEBUG com.github.dockerjava.zerodep.shaded.org.apache.hc.client5.http.impl.io.PoolingHttpClientConnectionManager - ep-00000034: releasing endpoint
18:30:17.029 [Test worker] DEBUG com.github.dockerjava.zerodep.shaded.org.apache.hc.client5.http.impl.io.PoolingHttpClientConnectionManager - ep-00000034: connection http-outgoing-1 can be kept alive for 3 MINUTES
18:30:17.029 [Test worker] DEBUG com.github.dockerjava.zerodep.shaded.org.apache.hc.client5.http.impl.io.PoolingHttpClientConnectionManager - ep-00000034: connection released [route: {}->unix://localhost:2375][total available: 1; route allocated: 1 of 2147483647; total allocated: 1 of 2147483647]
18:30:17.029 [Test worker] DEBUG ]]>&#x1f433;<![CDATA[ [mysql:latest] - Trying to create JDBC connection using com.mysql.cj.jdbc.Driver to jdbc:mysql://localhost:49156/adm_videos?useSSL=false&allowPublicKeyRetrieval=true with properties: {password=123456, user=root}
18:30:17.131 [Test worker] DEBUG org.testcontainers.shaded.com.github.dockerjava.core.command.AbstrDockerCmd - Cmd: b4fc7afd97457a2a6ec84592488a57f900fa52ed03fcd2dbaf8a116bc1f50ab3,false
18:30:17.131 [Test worker] DEBUG org.testcontainers.shaded.com.github.dockerjava.core.exec.InspectContainerCmdExec - GET: DefaultWebTarget{path=[/containers/b4fc7afd97457a2a6ec84592488a57f900fa52ed03fcd2dbaf8a116bc1f50ab3/json], queryParams={}}
18:30:17.132 [Test worker] DEBUG com.github.dockerjava.zerodep.shaded.org.apache.hc.client5.http.impl.classic.InternalHttpClient - ex-00000036: preparing request execution
18:30:17.132 [Test worker] DEBUG com.github.dockerjava.zerodep.shaded.org.apache.hc.client5.http.protocol.RequestAddCookies - Cookie spec selected: strict
18:30:17.132 [Test worker] DEBUG com.github.dockerjava.zerodep.shaded.org.apache.hc.client5.http.protocol.RequestAuthCache - Auth cache not set in the context
18:30:17.132 [Test worker] DEBUG com.github.dockerjava.zerodep.shaded.org.apache.hc.client5.http.impl.classic.ProtocolExec - ex-00000036: target auth state: UNCHALLENGED
18:30:17.132 [Test worker] DEBUG com.github.dockerjava.zerodep.shaded.org.apache.hc.client5.http.impl.classic.ProtocolExec - ex-00000036: proxy auth state: UNCHALLENGED
18:30:17.132 [Test worker] DEBUG com.github.dockerjava.zerodep.shaded.org.apache.hc.client5.http.impl.classic.ConnectExec - ex-00000036: acquiring connection with route {}->unix://localhost:2375
18:30:17.132 [Test worker] DEBUG com.github.dockerjava.zerodep.shaded.org.apache.hc.client5.http.impl.classic.InternalHttpClient - ex-00000036: acquiring endpoint (3 MINUTES)
18:30:17.132 [Test worker] DEBUG com.github.dockerjava.zerodep.shaded.org.apache.hc.client5.http.impl.io.PoolingHttpClientConnectionManager - ex-00000036: endpoint lease request (3 MINUTES) [route: {}->unix://localhost:2375][total available: 1; route allocated: 1 of 2147483647; total allocated: 1 of 2147483647]
18:30:17.132 [Test worker] DEBUG com.github.dockerjava.zerodep.shaded.org.apache.hc.client5.http.impl.io.PoolingHttpClientConnectionManager - ex-00000036: endpoint leased [route: {}->unix://localhost:2375][total available: 0; route allocated: 1 of 2147483647; total allocated: 1 of 2147483647]
18:30:17.132 [Test worker] DEBUG com.github.dockerjava.zerodep.shaded.org.apache.hc.client5.http.impl.io.PoolingHttpClientConnectionManager - ex-00000036: acquired ep-00000035
18:30:17.132 [Test worker] DEBUG com.github.dockerjava.zerodep.shaded.org.apache.hc.client5.http.impl.classic.InternalHttpClient - ex-00000036: acquired endpoint ep-00000035
18:30:17.132 [Test worker] DEBUG com.github.dockerjava.zerodep.shaded.org.apache.hc.client5.http.impl.classic.MainClientExec - ex-00000036: executing GET /v1.32/containers/b4fc7afd97457a2a6ec84592488a57f900fa52ed03fcd2dbaf8a116bc1f50ab3/json HTTP/1.1
18:30:17.132 [Test worker] DEBUG com.github.dockerjava.zerodep.shaded.org.apache.hc.client5.http.impl.classic.InternalHttpClient - ep-00000035: start execution ex-00000036
18:30:17.132 [Test worker] DEBUG com.github.dockerjava.zerodep.shaded.org.apache.hc.client5.http.impl.io.PoolingHttpClientConnectionManager - ep-00000035: executing exchange ex-00000036 over http-outgoing-1
18:30:17.132 [Test worker] DEBUG com.github.dockerjava.zerodep.shaded.org.apache.hc.client5.http.headers - http-outgoing-1 >> GET /v1.32/containers/b4fc7afd97457a2a6ec84592488a57f900fa52ed03fcd2dbaf8a116bc1f50ab3/json HTTP/1.1
18:30:17.132 [Test worker] DEBUG com.github.dockerjava.zerodep.shaded.org.apache.hc.client5.http.headers - http-outgoing-1 >> accept: application/json
18:30:17.132 [Test worker] DEBUG com.github.dockerjava.zerodep.shaded.org.apache.hc.client5.http.headers - http-outgoing-1 >> x-tc-sid: cdd139c9-cde1-4429-bea7-edb0e651ba16
18:30:17.132 [Test worker] DEBUG com.github.dockerjava.zerodep.shaded.org.apache.hc.client5.http.headers - http-outgoing-1 >> Accept-Encoding: gzip, x-gzip, deflate
18:30:17.132 [Test worker] DEBUG com.github.dockerjava.zerodep.shaded.org.apache.hc.client5.http.headers - http-outgoing-1 >> Host: localhost:2375
18:30:17.132 [Test worker] DEBUG com.github.dockerjava.zerodep.shaded.org.apache.hc.client5.http.headers - http-outgoing-1 >> Connection: keep-alive
18:30:17.132 [Test worker] DEBUG com.github.dockerjava.zerodep.shaded.org.apache.hc.client5.http.headers - http-outgoing-1 >> User-Agent: Apache-HttpClient/5.0.3 (Java/17.0.2)
18:30:17.132 [Test worker] DEBUG com.github.dockerjava.zerodep.shaded.org.apache.hc.client5.http.wire - http-outgoing-1 >> "GET /v1.32/containers/b4fc7afd97457a2a6ec84592488a57f900fa52ed03fcd2dbaf8a116bc1f50ab3/json HTTP/1.1[\r][\n]"
18:30:17.132 [Test worker] DEBUG com.github.dockerjava.zerodep.shaded.org.apache.hc.client5.http.wire - http-outgoing-1 >> "accept: application/json[\r][\n]"
18:30:17.132 [Test worker] DEBUG com.github.dockerjava.zerodep.shaded.org.apache.hc.client5.http.wire - http-outgoing-1 >> "x-tc-sid: cdd139c9-cde1-4429-bea7-edb0e651ba16[\r][\n]"
18:30:17.132 [Test worker] DEBUG com.github.dockerjava.zerodep.shaded.org.apache.hc.client5.http.wire - http-outgoing-1 >> "Accept-Encoding: gzip, x-gzip, deflate[\r][\n]"
18:30:17.132 [Test worker] DEBUG com.github.dockerjava.zerodep.shaded.org.apache.hc.client5.http.wire - http-outgoing-1 >> "Host: localhost:2375[\r][\n]"
18:30:17.132 [Test worker] DEBUG com.github.dockerjava.zerodep.shaded.org.apache.hc.client5.http.wire - http-outgoing-1 >> "Connection: keep-alive[\r][\n]"
18:30:17.132 [Test worker] DEBUG com.github.dockerjava.zerodep.shaded.org.apache.hc.client5.http.wire - http-outgoing-1 >> "User-Agent: Apache-HttpClient/5.0.3 (Java/17.0.2)[\r][\n]"
18:30:17.132 [Test worker] DEBUG com.github.dockerjava.zerodep.shaded.org.apache.hc.client5.http.wire - http-outgoing-1 >> "[\r][\n]"
18:30:17.133 [Test worker] DEBUG com.github.dockerjava.zerodep.shaded.org.apache.hc.client5.http.wire - http-outgoing-1 << "HTTP/1.1 200 OK[\r][\n]"
18:30:17.133 [Test worker] DEBUG com.github.dockerjava.zerodep.shaded.org.apache.hc.client5.http.wire - http-outgoing-1 << "Api-Version: 1.41[\r][\n]"
18:30:17.133 [Test worker] DEBUG com.github.dockerjava.zerodep.shaded.org.apache.hc.client5.http.wire - http-outgoing-1 << "Content-Type: application/json[\r][\n]"
18:30:17.133 [Test worker] DEBUG com.github.dockerjava.zerodep.shaded.org.apache.hc.client5.http.wire - http-outgoing-1 << "Docker-Experimental: false[\r][\n]"
18:30:17.133 [Test worker] DEBUG com.github.dockerjava.zerodep.shaded.org.apache.hc.client5.http.wire - http-outgoing-1 << "Ostype: linux[\r][\n]"
18:30:17.133 [Test worker] DEBUG com.github.dockerjava.zerodep.shaded.org.apache.hc.client5.http.wire - http-outgoing-1 << "Server: Docker/20.10.17 (linux)[\r][\n]"
18:30:17.133 [Test worker] DEBUG com.github.dockerjava.zerodep.shaded.org.apache.hc.client5.http.wire - http-outgoing-1 << "Date: Thu, 08 Dec 2022 21:30:17 GMT[\r][\n]"
18:30:17.133 [Test worker] DEBUG com.github.dockerjava.zerodep.shaded.org.apache.hc.client5.http.wire - http-outgoing-1 << "Transfer-Encoding: chunked[\r][\n]"
18:30:17.133 [Test worker] DEBUG com.github.dockerjava.zerodep.shaded.org.apache.hc.client5.http.wire - http-outgoing-1 << "[\r][\n]"
18:30:17.133 [Test worker] DEBUG com.github.dockerjava.zerodep.shaded.org.apache.hc.client5.http.wire - http-outgoing-1 << "18a6[\r][\n]"
18:30:17.133 [Test worker] DEBUG com.github.dockerjava.zerodep.shaded.org.apache.hc.client5.http.wire - http-outgoing-1 << "{"Id":"b4fc7afd97457a2a6ec84592488a57f900fa52ed03fcd2dbaf8a116bc1f50ab3","Created":"2022-12-08T21:30:11.801619537Z","Path":"docker-entrypoint.sh","Args":["mysqld"],"State":{"Status":"running","Running":true,"Paused":false,"Restarting":false,"OOMKilled":false,"Dead":false,"Pid":148084,"ExitCode":0,"Error":"","StartedAt":"2022-12-08T21:30:12.370762583Z","FinishedAt":"0001-01-01T00:00:00Z"},"Image":"sha256:7484689f290f1defe06b65befc54cb6ad91a667cf0af59a265ffe76c46bd0478","ResolvConfPath":"/var/lib/docker/containers/b4fc7afd97457a2a6ec84592488a57f900fa52ed03fcd2dbaf8a116bc1f50ab3/resolv.conf","HostnamePath":"/var/lib/docker/containers/b4fc7afd97457a2a6ec84592488a57f900fa52ed03fcd2dbaf8a116bc1f50ab3/hostname","HostsPath":"/var/lib/docker/containers/b4fc7afd97457a2a6ec84592488a57f900fa52ed03fcd2dbaf8a116bc1f50ab3/hosts","LogPath":"/var/lib/docker/containers/b4fc7afd97457a2a6ec84592488a57f900fa52ed03fcd2dbaf8a116bc1f50ab3/b4fc7afd97457a2a6ec84592488a57f900fa52ed03fcd2dbaf8a116bc1f50ab3-json.log","Name":"/agitated_ptolemy","RestartCount":0,"Driver":"overlay2","Platform":"linux","MountLabel":"","ProcessLabel":"","AppArmorProfile":"docker-default","ExecIDs":null,"HostConfig":{"Binds":[],"ContainerIDFile":"","LogConfig":{"Type":"json-file","Config":{}},"NetworkMode":"default","PortBindings":{"3306/tcp":[{"HostIp":"","HostPort":""}]},"RestartPolicy":{"Name":"","MaximumRetryCount":0},"AutoRemove":false,"VolumeDriver":"","VolumesFrom":[],"CapAdd":null,"CapDrop":null,"CgroupnsMode":"private","Dns":null,"DnsOptions":null,"DnsSearch":null,"ExtraHosts":[],"GroupAdd":null,"IpcMode":"shareable","Cgroup":"","Links":null,"OomScoreAdj":0,"PidMode":"","Privileged":false,"PublishAllPorts":false,"ReadonlyRootfs":false,"SecurityOpt":null,"UTSMode":"","UsernsMode":"","ShmSize":67108864,"Runtime":"runc","ConsoleSize":[0,0],"Isolation":"","CpuShares":0,"Memory":0,"NanoCpus":0,"CgroupParent":"","BlkioWeight":0,"BlkioWeightDevice":null,"BlkioDeviceReadBps":null,"BlkioDeviceWriteBps":null,"BlkioDeviceReadIOps":null,"BlkioDeviceWriteIOps":null,"CpuPeriod":0,"CpuQuota":0,"CpuRealtimePeriod":0,"CpuRealtimeRuntime":0,"CpusetCpus":"","CpusetMems":"","Devices":null,"DeviceCgroupRules":null,"DeviceRequests":null,"KernelMemory":0,"KernelMemoryTCP":0,"MemoryReservation":0,"MemorySwap":0,"MemorySwappiness":null,"OomKillDisable":null,"PidsLimit":null,"Ulimits":null,"CpuCount":0,"CpuPercent":0,"IOMaximumIOps":0,"IOMaximumBandwidth":0,"MaskedPaths":["/proc/asound","/proc/acpi","/proc/kcore","/proc/keys","/proc/latency_stats","/proc/timer_list","/proc/timer_stats","/proc/sched_debug","/proc/scsi","/sys/firmware"],"ReadonlyPaths":["/proc/bus","/proc/fs","/proc/irq","/proc/sys","/proc/sysrq-trigger"]},"GraphDriver":{"Data":{"LowerDir":"/var/lib/docker/overlay2/05794d51525f65619c615558ef5f93d7c33eef44e12313fdcb3942911d0b5f7d-init/diff:/var/lib/docker/overlay2/f079a69cfd5e80e906b12f05a0c7bfaabc56ce63e947db68b722ae30905f1239/diff:/var/lib/docker/overlay2/9dfb63d6bb556846a13012421dde7951ef83a14d8ce1882287cce66f0f9bd055/diff:/var/lib/docker/overlay2/c4f8874ae33ddd14488f5051cd953acc020fa00ea72d28bd530450c0bc8f9903/diff:/var/lib/docker/overlay2/992683766b46aa5653160e6a34283b579a75000e230890d0ec0a6204af735697/diff:/var/lib/docker/overlay2/6e3fba0e1d6501c91c9bec723bb1364f75599c6c2026a6dc71773c88a49f890a/diff:/var/lib/docker/overlay2/c6c2a366f45a69704761d45d296d71bf2bf315efb15cb06ad88925ed235fad81/diff:/var/lib/docker/overlay2/7555f9b18615244719d04b23296ba418195e5e569d47baf9f1da7c3f053fe194/diff:/var/lib/docker/overlay2/7752eb17f8f8ba44a5ed178f499901fa7eb6f2e031c29ab160ee4eff4db8edaa/diff:/var/lib/docker/overlay2/9683de8b3733106f256bd0eabc7cae13623b14493b9212e863449d42b8a87390/diff:/var/lib/docker/overlay2/f5e28e407d8811526fb7dd82e4fed08d5d3124c0f22f1a9496ed27b2b457d3dd/diff:/var/lib/docker/overlay2/e2980c91c6b3331cff3994ca6f327955bb5feaef0f96bc64edce80631fdbf829/diff","MergedDir":"/var/lib/docker/overlay2/05794d51525f65619c615558ef5f93d7c33eef44e12313fdcb3942911d0b5f7d/merged","UpperDir":"/var/lib/docker/overlay2/05794d51525f65619c615558ef5f93d7c33eef44e12313fdcb3942911d0b5f7d/diff","WorkDir":"/var/lib/docker/overlay2/05794d51525f65619c615558ef5f93d7c33eef44e12313fdcb3942911d0b5f7d/work"},"Name":"overlay2"},"Mounts":[{"Type":"volume","Name":"fe29345a30f82a1c969c40b069133e9d87168ce95967d67ac182ee42c059affb","Source":"/var/lib/docker/volumes/fe29345a30f82a1c969c40b069133e9d87168ce95967d67ac182ee42c059affb/_data","Destination":"/var/lib/mysql","Driver":"local","Mode":"","RW":true,"Propagation":""}],"Config":{"Hostname":"b4fc7afd9745","Domainname":"","User":"","AttachStdin":false,"AttachStdout":false,"AttachStderr":false,"ExposedPorts":{"3306/tcp":{},"33060/tcp":{}},"Tty":false,"OpenStdin":false,"StdinOnce":false,"Env":["MYSQL_DATABASE=adm_videos","MYSQL_PASSWORD=123456","MYSQL_ROOT_PASSWORD=123456","PATH=/usr/local/sbin:/usr/local/bin:/usr/sbin:/usr/bin:/sbin:/bin","GOSU_VERSION=1.14","MYSQL_MAJOR=8.0","MYSQL_VERSION=8.0.31-1.el8","MYSQL_SHELL_VERSION=8.0.31-1.el8"],"Cmd":["mysqld"],"Image":"mysql:latest","Volumes":{"/var/lib/mysql":{}},"WorkingDir":"","Entrypoint":["docker-entrypoint.sh"],"OnBuild":null,"Labels":{"org.testcontainers":"true","org.testcontainers.sessionId":"cdd139c9-cde1-4429-bea7-edb0e651ba16"}},"NetworkSettings":{"Bridge":"","SandboxID":"8404ec7d59006489fa5b6638879180586e9aa24c1c3ae79d40e26a8f453c93b1","HairpinMode":false,"LinkLocalIPv6Address":"","LinkLocalIPv6PrefixLen":0,"Ports":{"3306/tcp":[{"HostIp":"0.0.0.0","HostPort":"49156"},{"HostIp":"::","HostPort":"49156"}],"33060/tcp":null},"SandboxKey":"/var/run/docker/netns/8404ec7d5900","SecondaryIPAddresses":null,"SecondaryIPv6Addresses":null,"EndpointID":"28c851b70d88131a783e3d87b7c50320df5f3250ebca621b1b39353a2424212a","Gateway":"172.17.0.1","GlobalIPv6Address":"","GlobalIPv6PrefixLen":0,"IPAddress":"172.17.0.3","IPPrefixLen":16,"IPv6Gateway":"","MacAddress":"02:42:ac:11:00:03","Networks":{"bridge":{"IPAMConfig":null,"Links":null,"Aliases":null,"NetworkID":"bf06afe94eca8b5ab91eae0dbaa8561a6dd16832d429dcdbaa7ed1e003cfbe56","EndpointID":"28c851b70d88131a783e3d87b7c50320df5f3250ebca621b1b39353a2424212a","Gateway":"172.17.0.1","IPAddress":"172.17.0.3","IPPrefixLen":16,"IPv6Gateway":"","GlobalIPv6Address":"","GlobalIPv6PrefixLen":0,"MacAddress":"02:42:ac:11:00:03","DriverOpts":null}}}}[\n]"
18:30:17.133 [Test worker] DEBUG com.github.dockerjava.zerodep.shaded.org.apache.hc.client5.http.wire - http-outgoing-1 << "[\r][\n]"
18:30:17.133 [Test worker] DEBUG com.github.dockerjava.zerodep.shaded.org.apache.hc.client5.http.wire - http-outgoing-1 << "0[\r][\n]"
18:30:17.133 [Test worker] DEBUG com.github.dockerjava.zerodep.shaded.org.apache.hc.client5.http.wire - http-outgoing-1 << "[\r][\n]"
18:30:17.133 [Test worker] DEBUG com.github.dockerjava.zerodep.shaded.org.apache.hc.client5.http.headers - http-outgoing-1 << HTTP/1.1 200 OK
18:30:17.133 [Test worker] DEBUG com.github.dockerjava.zerodep.shaded.org.apache.hc.client5.http.headers - http-outgoing-1 << Api-Version: 1.41
18:30:17.133 [Test worker] DEBUG com.github.dockerjava.zerodep.shaded.org.apache.hc.client5.http.headers - http-outgoing-1 << Content-Type: application/json
18:30:17.133 [Test worker] DEBUG com.github.dockerjava.zerodep.shaded.org.apache.hc.client5.http.headers - http-outgoing-1 << Docker-Experimental: false
18:30:17.133 [Test worker] DEBUG com.github.dockerjava.zerodep.shaded.org.apache.hc.client5.http.headers - http-outgoing-1 << Ostype: linux
18:30:17.133 [Test worker] DEBUG com.github.dockerjava.zerodep.shaded.org.apache.hc.client5.http.headers - http-outgoing-1 << Server: Docker/20.10.17 (linux)
18:30:17.133 [Test worker] DEBUG com.github.dockerjava.zerodep.shaded.org.apache.hc.client5.http.headers - http-outgoing-1 << Date: Thu, 08 Dec 2022 21:30:17 GMT
18:30:17.133 [Test worker] DEBUG com.github.dockerjava.zerodep.shaded.org.apache.hc.client5.http.headers - http-outgoing-1 << Transfer-Encoding: chunked
18:30:17.133 [Test worker] DEBUG com.github.dockerjava.zerodep.shaded.org.apache.hc.client5.http.impl.classic.MainClientExec - ex-00000036: connection can be kept alive for 3 MINUTES
18:30:17.134 [Test worker] DEBUG com.github.dockerjava.zerodep.shaded.org.apache.hc.client5.http.impl.classic.InternalHttpClient - ep-00000035: releasing valid endpoint
18:30:17.134 [Test worker] DEBUG com.github.dockerjava.zerodep.shaded.org.apache.hc.client5.http.impl.io.PoolingHttpClientConnectionManager - ep-00000035: releasing endpoint
18:30:17.134 [Test worker] DEBUG com.github.dockerjava.zerodep.shaded.org.apache.hc.client5.http.impl.io.PoolingHttpClientConnectionManager - ep-00000035: connection http-outgoing-1 can be kept alive for 3 MINUTES
18:30:17.134 [Test worker] DEBUG com.github.dockerjava.zerodep.shaded.org.apache.hc.client5.http.impl.io.PoolingHttpClientConnectionManager - ep-00000035: connection released [route: {}->unix://localhost:2375][total available: 1; route allocated: 1 of 2147483647; total allocated: 1 of 2147483647]
18:30:17.134 [Test worker] DEBUG ]]>&#x1f433;<![CDATA[ [mysql:latest] - Trying to create JDBC connection using com.mysql.cj.jdbc.Driver to jdbc:mysql://localhost:49156/adm_videos?useSSL=false&allowPublicKeyRetrieval=true with properties: {password=123456, user=root}
18:30:17.236 [Test worker] DEBUG org.testcontainers.shaded.com.github.dockerjava.core.command.AbstrDockerCmd - Cmd: b4fc7afd97457a2a6ec84592488a57f900fa52ed03fcd2dbaf8a116bc1f50ab3,false
18:30:17.237 [Test worker] DEBUG org.testcontainers.shaded.com.github.dockerjava.core.exec.InspectContainerCmdExec - GET: DefaultWebTarget{path=[/containers/b4fc7afd97457a2a6ec84592488a57f900fa52ed03fcd2dbaf8a116bc1f50ab3/json], queryParams={}}
18:30:17.237 [Test worker] DEBUG com.github.dockerjava.zerodep.shaded.org.apache.hc.client5.http.impl.classic.InternalHttpClient - ex-00000037: preparing request execution
18:30:17.237 [Test worker] DEBUG com.github.dockerjava.zerodep.shaded.org.apache.hc.client5.http.protocol.RequestAddCookies - Cookie spec selected: strict
18:30:17.237 [Test worker] DEBUG com.github.dockerjava.zerodep.shaded.org.apache.hc.client5.http.protocol.RequestAuthCache - Auth cache not set in the context
18:30:17.237 [Test worker] DEBUG com.github.dockerjava.zerodep.shaded.org.apache.hc.client5.http.impl.classic.ProtocolExec - ex-00000037: target auth state: UNCHALLENGED
18:30:17.237 [Test worker] DEBUG com.github.dockerjava.zerodep.shaded.org.apache.hc.client5.http.impl.classic.ProtocolExec - ex-00000037: proxy auth state: UNCHALLENGED
18:30:17.237 [Test worker] DEBUG com.github.dockerjava.zerodep.shaded.org.apache.hc.client5.http.impl.classic.ConnectExec - ex-00000037: acquiring connection with route {}->unix://localhost:2375
18:30:17.237 [Test worker] DEBUG com.github.dockerjava.zerodep.shaded.org.apache.hc.client5.http.impl.classic.InternalHttpClient - ex-00000037: acquiring endpoint (3 MINUTES)
18:30:17.237 [Test worker] DEBUG com.github.dockerjava.zerodep.shaded.org.apache.hc.client5.http.impl.io.PoolingHttpClientConnectionManager - ex-00000037: endpoint lease request (3 MINUTES) [route: {}->unix://localhost:2375][total available: 1; route allocated: 1 of 2147483647; total allocated: 1 of 2147483647]
18:30:17.237 [Test worker] DEBUG com.github.dockerjava.zerodep.shaded.org.apache.hc.client5.http.impl.io.PoolingHttpClientConnectionManager - ex-00000037: endpoint leased [route: {}->unix://localhost:2375][total available: 0; route allocated: 1 of 2147483647; total allocated: 1 of 2147483647]
18:30:17.237 [Test worker] DEBUG com.github.dockerjava.zerodep.shaded.org.apache.hc.client5.http.impl.io.PoolingHttpClientConnectionManager - ex-00000037: acquired ep-00000036
18:30:17.237 [Test worker] DEBUG com.github.dockerjava.zerodep.shaded.org.apache.hc.client5.http.impl.classic.InternalHttpClient - ex-00000037: acquired endpoint ep-00000036
18:30:17.237 [Test worker] DEBUG com.github.dockerjava.zerodep.shaded.org.apache.hc.client5.http.impl.classic.MainClientExec - ex-00000037: executing GET /v1.32/containers/b4fc7afd97457a2a6ec84592488a57f900fa52ed03fcd2dbaf8a116bc1f50ab3/json HTTP/1.1
18:30:17.237 [Test worker] DEBUG com.github.dockerjava.zerodep.shaded.org.apache.hc.client5.http.impl.classic.InternalHttpClient - ep-00000036: start execution ex-00000037
18:30:17.237 [Test worker] DEBUG com.github.dockerjava.zerodep.shaded.org.apache.hc.client5.http.impl.io.PoolingHttpClientConnectionManager - ep-00000036: executing exchange ex-00000037 over http-outgoing-1
18:30:17.237 [Test worker] DEBUG com.github.dockerjava.zerodep.shaded.org.apache.hc.client5.http.headers - http-outgoing-1 >> GET /v1.32/containers/b4fc7afd97457a2a6ec84592488a57f900fa52ed03fcd2dbaf8a116bc1f50ab3/json HTTP/1.1
18:30:17.237 [Test worker] DEBUG com.github.dockerjava.zerodep.shaded.org.apache.hc.client5.http.headers - http-outgoing-1 >> accept: application/json
18:30:17.237 [Test worker] DEBUG com.github.dockerjava.zerodep.shaded.org.apache.hc.client5.http.headers - http-outgoing-1 >> x-tc-sid: cdd139c9-cde1-4429-bea7-edb0e651ba16
18:30:17.237 [Test worker] DEBUG com.github.dockerjava.zerodep.shaded.org.apache.hc.client5.http.headers - http-outgoing-1 >> Accept-Encoding: gzip, x-gzip, deflate
18:30:17.237 [Test worker] DEBUG com.github.dockerjava.zerodep.shaded.org.apache.hc.client5.http.headers - http-outgoing-1 >> Host: localhost:2375
18:30:17.237 [Test worker] DEBUG com.github.dockerjava.zerodep.shaded.org.apache.hc.client5.http.headers - http-outgoing-1 >> Connection: keep-alive
18:30:17.237 [Test worker] DEBUG com.github.dockerjava.zerodep.shaded.org.apache.hc.client5.http.headers - http-outgoing-1 >> User-Agent: Apache-HttpClient/5.0.3 (Java/17.0.2)
18:30:17.237 [Test worker] DEBUG com.github.dockerjava.zerodep.shaded.org.apache.hc.client5.http.wire - http-outgoing-1 >> "GET /v1.32/containers/b4fc7afd97457a2a6ec84592488a57f900fa52ed03fcd2dbaf8a116bc1f50ab3/json HTTP/1.1[\r][\n]"
18:30:17.237 [Test worker] DEBUG com.github.dockerjava.zerodep.shaded.org.apache.hc.client5.http.wire - http-outgoing-1 >> "accept: application/json[\r][\n]"
18:30:17.237 [Test worker] DEBUG com.github.dockerjava.zerodep.shaded.org.apache.hc.client5.http.wire - http-outgoing-1 >> "x-tc-sid: cdd139c9-cde1-4429-bea7-edb0e651ba16[\r][\n]"
18:30:17.237 [Test worker] DEBUG com.github.dockerjava.zerodep.shaded.org.apache.hc.client5.http.wire - http-outgoing-1 >> "Accept-Encoding: gzip, x-gzip, deflate[\r][\n]"
18:30:17.237 [Test worker] DEBUG com.github.dockerjava.zerodep.shaded.org.apache.hc.client5.http.wire - http-outgoing-1 >> "Host: localhost:2375[\r][\n]"
18:30:17.237 [Test worker] DEBUG com.github.dockerjava.zerodep.shaded.org.apache.hc.client5.http.wire - http-outgoing-1 >> "Connection: keep-alive[\r][\n]"
18:30:17.237 [Test worker] DEBUG com.github.dockerjava.zerodep.shaded.org.apache.hc.client5.http.wire - http-outgoing-1 >> "User-Agent: Apache-HttpClient/5.0.3 (Java/17.0.2)[\r][\n]"
18:30:17.237 [Test worker] DEBUG com.github.dockerjava.zerodep.shaded.org.apache.hc.client5.http.wire - http-outgoing-1 >> "[\r][\n]"
18:30:17.238 [Test worker] DEBUG com.github.dockerjava.zerodep.shaded.org.apache.hc.client5.http.wire - http-outgoing-1 << "HTTP/1.1 200 OK[\r][\n]"
18:30:17.238 [Test worker] DEBUG com.github.dockerjava.zerodep.shaded.org.apache.hc.client5.http.wire - http-outgoing-1 << "Api-Version: 1.41[\r][\n]"
18:30:17.238 [Test worker] DEBUG com.github.dockerjava.zerodep.shaded.org.apache.hc.client5.http.wire - http-outgoing-1 << "Content-Type: application/json[\r][\n]"
18:30:17.238 [Test worker] DEBUG com.github.dockerjava.zerodep.shaded.org.apache.hc.client5.http.wire - http-outgoing-1 << "Docker-Experimental: false[\r][\n]"
18:30:17.238 [Test worker] DEBUG com.github.dockerjava.zerodep.shaded.org.apache.hc.client5.http.wire - http-outgoing-1 << "Ostype: linux[\r][\n]"
18:30:17.238 [Test worker] DEBUG com.github.dockerjava.zerodep.shaded.org.apache.hc.client5.http.wire - http-outgoing-1 << "Server: Docker/20.10.17 (linux)[\r][\n]"
18:30:17.238 [Test worker] DEBUG com.github.dockerjava.zerodep.shaded.org.apache.hc.client5.http.wire - http-outgoing-1 << "Date: Thu, 08 Dec 2022 21:30:17 GMT[\r][\n]"
18:30:17.238 [Test worker] DEBUG com.github.dockerjava.zerodep.shaded.org.apache.hc.client5.http.wire - http-outgoing-1 << "Transfer-Encoding: chunked[\r][\n]"
18:30:17.238 [Test worker] DEBUG com.github.dockerjava.zerodep.shaded.org.apache.hc.client5.http.wire - http-outgoing-1 << "[\r][\n]"
18:30:17.238 [Test worker] DEBUG com.github.dockerjava.zerodep.shaded.org.apache.hc.client5.http.wire - http-outgoing-1 << "18a6[\r][\n]"
18:30:17.238 [Test worker] DEBUG com.github.dockerjava.zerodep.shaded.org.apache.hc.client5.http.wire - http-outgoing-1 << "{"Id":"b4fc7afd97457a2a6ec84592488a57f900fa52ed03fcd2dbaf8a116bc1f50ab3","Created":"2022-12-08T21:30:11.801619537Z","Path":"docker-entrypoint.sh","Args":["mysqld"],"State":{"Status":"running","Running":true,"Paused":false,"Restarting":false,"OOMKilled":false,"Dead":false,"Pid":148084,"ExitCode":0,"Error":"","StartedAt":"2022-12-08T21:30:12.370762583Z","FinishedAt":"0001-01-01T00:00:00Z"},"Image":"sha256:7484689f290f1defe06b65befc54cb6ad91a667cf0af59a265ffe76c46bd0478","ResolvConfPath":"/var/lib/docker/containers/b4fc7afd97457a2a6ec84592488a57f900fa52ed03fcd2dbaf8a116bc1f50ab3/resolv.conf","HostnamePath":"/var/lib/docker/containers/b4fc7afd97457a2a6ec84592488a57f900fa52ed03fcd2dbaf8a116bc1f50ab3/hostname","HostsPath":"/var/lib/docker/containers/b4fc7afd97457a2a6ec84592488a57f900fa52ed03fcd2dbaf8a116bc1f50ab3/hosts","LogPath":"/var/lib/docker/containers/b4fc7afd97457a2a6ec84592488a57f900fa52ed03fcd2dbaf8a116bc1f50ab3/b4fc7afd97457a2a6ec84592488a57f900fa52ed03fcd2dbaf8a116bc1f50ab3-json.log","Name":"/agitated_ptolemy","RestartCount":0,"Driver":"overlay2","Platform":"linux","MountLabel":"","ProcessLabel":"","AppArmorProfile":"docker-default","ExecIDs":null,"HostConfig":{"Binds":[],"ContainerIDFile":"","LogConfig":{"Type":"json-file","Config":{}},"NetworkMode":"default","PortBindings":{"3306/tcp":[{"HostIp":"","HostPort":""}]},"RestartPolicy":{"Name":"","MaximumRetryCount":0},"AutoRemove":false,"VolumeDriver":"","VolumesFrom":[],"CapAdd":null,"CapDrop":null,"CgroupnsMode":"private","Dns":null,"DnsOptions":null,"DnsSearch":null,"ExtraHosts":[],"GroupAdd":null,"IpcMode":"shareable","Cgroup":"","Links":null,"OomScoreAdj":0,"PidMode":"","Privileged":false,"PublishAllPorts":false,"ReadonlyRootfs":false,"SecurityOpt":null,"UTSMode":"","UsernsMode":"","ShmSize":67108864,"Runtime":"runc","ConsoleSize":[0,0],"Isolation":"","CpuShares":0,"Memory":0,"NanoCpus":0,"CgroupParent":"","BlkioWeight":0,"BlkioWeightDevice":null,"BlkioDeviceReadBps":null,"BlkioDeviceWriteBps":null,"BlkioDeviceReadIOps":null,"BlkioDeviceWriteIOps":null,"CpuPeriod":0,"CpuQuota":0,"CpuRealtimePeriod":0,"CpuRealtimeRuntime":0,"CpusetCpus":"","CpusetMems":"","Devices":null,"DeviceCgroupRules":null,"DeviceRequests":null,"KernelMemory":0,"KernelMemoryTCP":0,"MemoryReservation":0,"MemorySwap":0,"MemorySwappiness":null,"OomKillDisable":null,"PidsLimit":null,"Ulimits":null,"CpuCount":0,"CpuPercent":0,"IOMaximumIOps":0,"IOMaximumBandwidth":0,"MaskedPaths":["/proc/asound","/proc/acpi","/proc/kcore","/proc/keys","/proc/latency_stats","/proc/timer_list","/proc/timer_stats","/proc/sched_debug","/proc/scsi","/sys/firmware"],"ReadonlyPaths":["/proc/bus","/proc/fs","/proc/irq","/proc/sys","/proc/sysrq-trigger"]},"GraphDriver":{"Data":{"LowerDir":"/var/lib/docker/overlay2/05794d51525f65619c615558ef5f93d7c33eef44e12313fdcb3942911d0b5f7d-init/diff:/var/lib/docker/overlay2/f079a69cfd5e80e906b12f05a0c7bfaabc56ce63e947db68b722ae30905f1239/diff:/var/lib/docker/overlay2/9dfb63d6bb556846a13012421dde7951ef83a14d8ce1882287cce66f0f9bd055/diff:/var/lib/docker/overlay2/c4f8874ae33ddd14488f5051cd953acc020fa00ea72d28bd530450c0bc8f9903/diff:/var/lib/docker/overlay2/992683766b46aa5653160e6a34283b579a75000e230890d0ec0a6204af735697/diff:/var/lib/docker/overlay2/6e3fba0e1d6501c91c9bec723bb1364f75599c6c2026a6dc71773c88a49f890a/diff:/var/lib/docker/overlay2/c6c2a366f45a69704761d45d296d71bf2bf315efb15cb06ad88925ed235fad81/diff:/var/lib/docker/overlay2/7555f9b18615244719d04b23296ba418195e5e569d47baf9f1da7c3f053fe194/diff:/var/lib/docker/overlay2/7752eb17f8f8ba44a5ed178f499901fa7eb6f2e031c29ab160ee4eff4db8edaa/diff:/var/lib/docker/overlay2/9683de8b3733106f256bd0eabc7cae13623b14493b9212e863449d42b8a87390/diff:/var/lib/docker/overlay2/f5e28e407d8811526fb7dd82e4fed08d5d3124c0f22f1a9496ed27b2b457d3dd/diff:/var/lib/docker/overlay2/e2980c91c6b3331cff3994ca6f327955bb5feaef0f96bc64edce80631fdbf829/diff","MergedDir":"/var/lib/docker/overlay2/05794d51525f65619c615558ef5f93d7c33eef44e12313fdcb3942911d0b5f7d/merged","UpperDir":"/var/lib/docker/overlay2/05794d51525f65619c615558ef5f93d7c33eef44e12313fdcb3942911d0b5f7d/diff","WorkDir":"/var/lib/docker/overlay2/05794d51525f65619c615558ef5f93d7c33eef44e12313fdcb3942911d0b5f7d/work"},"Name":"overlay2"},"Mounts":[{"Type":"volume","Name":"fe29345a30f82a1c969c40b069133e9d87168ce95967d67ac182ee42c059affb","Source":"/var/lib/docker/volumes/fe29345a30f82a1c969c40b069133e9d87168ce95967d67ac182ee42c059affb/_data","Destination":"/var/lib/mysql","Driver":"local","Mode":"","RW":true,"Propagation":""}],"Config":{"Hostname":"b4fc7afd9745","Domainname":"","User":"","AttachStdin":false,"AttachStdout":false,"AttachStderr":false,"ExposedPorts":{"3306/tcp":{},"33060/tcp":{}},"Tty":false,"OpenStdin":false,"StdinOnce":false,"Env":["MYSQL_DATABASE=adm_videos","MYSQL_PASSWORD=123456","MYSQL_ROOT_PASSWORD=123456","PATH=/usr/local/sbin:/usr/local/bin:/usr/sbin:/usr/bin:/sbin:/bin","GOSU_VERSION=1.14","MYSQL_MAJOR=8.0","MYSQL_VERSION=8.0.31-1.el8","MYSQL_SHELL_VERSION=8.0.31-1.el8"],"Cmd":["mysqld"],"Image":"mysql:latest","Volumes":{"/var/lib/mysql":{}},"WorkingDir":"","Entrypoint":["docker-entrypoint.sh"],"OnBuild":null,"Labels":{"org.testcontainers":"true","org.testcontainers.sessionId":"cdd139c9-cde1-4429-bea7-edb0e651ba16"}},"NetworkSettings":{"Bridge":"","SandboxID":"8404ec7d59006489fa5b6638879180586e9aa24c1c3ae79d40e26a8f453c93b1","HairpinMode":false,"LinkLocalIPv6Address":"","LinkLocalIPv6PrefixLen":0,"Ports":{"3306/tcp":[{"HostIp":"0.0.0.0","HostPort":"49156"},{"HostIp":"::","HostPort":"49156"}],"33060/tcp":null},"SandboxKey":"/var/run/docker/netns/8404ec7d5900","SecondaryIPAddresses":null,"SecondaryIPv6Addresses":null,"EndpointID":"28c851b70d88131a783e3d87b7c50320df5f3250ebca621b1b39353a2424212a","Gateway":"172.17.0.1","GlobalIPv6Address":"","GlobalIPv6PrefixLen":0,"IPAddress":"172.17.0.3","IPPrefixLen":16,"IPv6Gateway":"","MacAddress":"02:42:ac:11:00:03","Networks":{"bridge":{"IPAMConfig":null,"Links":null,"Aliases":null,"NetworkID":"bf06afe94eca8b5ab91eae0dbaa8561a6dd16832d429dcdbaa7ed1e003cfbe56","EndpointID":"28c851b70d88131a783e3d87b7c50320df5f3250ebca621b1b39353a2424212a","Gateway":"172.17.0.1","IPAddress":"172.17.0.3","IPPrefixLen":16,"IPv6Gateway":"","GlobalIPv6Address":"","GlobalIPv6PrefixLen":0,"MacAddress":"02:42:ac:11:00:03","DriverOpts":null}}}}[\n]"
18:30:17.238 [Test worker] DEBUG com.github.dockerjava.zerodep.shaded.org.apache.hc.client5.http.wire - http-outgoing-1 << "[\r][\n]"
18:30:17.238 [Test worker] DEBUG com.github.dockerjava.zerodep.shaded.org.apache.hc.client5.http.wire - http-outgoing-1 << "0[\r][\n]"
18:30:17.238 [Test worker] DEBUG com.github.dockerjava.zerodep.shaded.org.apache.hc.client5.http.wire - http-outgoing-1 << "[\r][\n]"
18:30:17.238 [Test worker] DEBUG com.github.dockerjava.zerodep.shaded.org.apache.hc.client5.http.headers - http-outgoing-1 << HTTP/1.1 200 OK
18:30:17.238 [Test worker] DEBUG com.github.dockerjava.zerodep.shaded.org.apache.hc.client5.http.headers - http-outgoing-1 << Api-Version: 1.41
18:30:17.238 [Test worker] DEBUG com.github.dockerjava.zerodep.shaded.org.apache.hc.client5.http.headers - http-outgoing-1 << Content-Type: application/json
18:30:17.238 [Test worker] DEBUG com.github.dockerjava.zerodep.shaded.org.apache.hc.client5.http.headers - http-outgoing-1 << Docker-Experimental: false
18:30:17.238 [Test worker] DEBUG com.github.dockerjava.zerodep.shaded.org.apache.hc.client5.http.headers - http-outgoing-1 << Ostype: linux
18:30:17.238 [Test worker] DEBUG com.github.dockerjava.zerodep.shaded.org.apache.hc.client5.http.headers - http-outgoing-1 << Server: Docker/20.10.17 (linux)
18:30:17.238 [Test worker] DEBUG com.github.dockerjava.zerodep.shaded.org.apache.hc.client5.http.headers - http-outgoing-1 << Date: Thu, 08 Dec 2022 21:30:17 GMT
18:30:17.238 [Test worker] DEBUG com.github.dockerjava.zerodep.shaded.org.apache.hc.client5.http.headers - http-outgoing-1 << Transfer-Encoding: chunked
18:30:17.238 [Test worker] DEBUG com.github.dockerjava.zerodep.shaded.org.apache.hc.client5.http.impl.classic.MainClientExec - ex-00000037: connection can be kept alive for 3 MINUTES
18:30:17.239 [Test worker] DEBUG com.github.dockerjava.zerodep.shaded.org.apache.hc.client5.http.impl.classic.InternalHttpClient - ep-00000036: releasing valid endpoint
18:30:17.239 [Test worker] DEBUG com.github.dockerjava.zerodep.shaded.org.apache.hc.client5.http.impl.io.PoolingHttpClientConnectionManager - ep-00000036: releasing endpoint
18:30:17.239 [Test worker] DEBUG com.github.dockerjava.zerodep.shaded.org.apache.hc.client5.http.impl.io.PoolingHttpClientConnectionManager - ep-00000036: connection http-outgoing-1 can be kept alive for 3 MINUTES
18:30:17.239 [Test worker] DEBUG com.github.dockerjava.zerodep.shaded.org.apache.hc.client5.http.impl.io.PoolingHttpClientConnectionManager - ep-00000036: connection released [route: {}->unix://localhost:2375][total available: 1; route allocated: 1 of 2147483647; total allocated: 1 of 2147483647]
18:30:17.239 [Test worker] DEBUG ]]>&#x1f433;<![CDATA[ [mysql:latest] - Trying to create JDBC connection using com.mysql.cj.jdbc.Driver to jdbc:mysql://localhost:49156/adm_videos?useSSL=false&allowPublicKeyRetrieval=true with properties: {password=123456, user=root}
18:30:17.341 [Test worker] DEBUG org.testcontainers.shaded.com.github.dockerjava.core.command.AbstrDockerCmd - Cmd: b4fc7afd97457a2a6ec84592488a57f900fa52ed03fcd2dbaf8a116bc1f50ab3,false
18:30:17.342 [Test worker] DEBUG org.testcontainers.shaded.com.github.dockerjava.core.exec.InspectContainerCmdExec - GET: DefaultWebTarget{path=[/containers/b4fc7afd97457a2a6ec84592488a57f900fa52ed03fcd2dbaf8a116bc1f50ab3/json], queryParams={}}
18:30:17.343 [Test worker] DEBUG com.github.dockerjava.zerodep.shaded.org.apache.hc.client5.http.impl.classic.InternalHttpClient - ex-00000038: preparing request execution
18:30:17.343 [Test worker] DEBUG com.github.dockerjava.zerodep.shaded.org.apache.hc.client5.http.protocol.RequestAddCookies - Cookie spec selected: strict
18:30:17.343 [Test worker] DEBUG com.github.dockerjava.zerodep.shaded.org.apache.hc.client5.http.protocol.RequestAuthCache - Auth cache not set in the context
18:30:17.343 [Test worker] DEBUG com.github.dockerjava.zerodep.shaded.org.apache.hc.client5.http.impl.classic.ProtocolExec - ex-00000038: target auth state: UNCHALLENGED
18:30:17.343 [Test worker] DEBUG com.github.dockerjava.zerodep.shaded.org.apache.hc.client5.http.impl.classic.ProtocolExec - ex-00000038: proxy auth state: UNCHALLENGED
18:30:17.343 [Test worker] DEBUG com.github.dockerjava.zerodep.shaded.org.apache.hc.client5.http.impl.classic.ConnectExec - ex-00000038: acquiring connection with route {}->unix://localhost:2375
18:30:17.343 [Test worker] DEBUG com.github.dockerjava.zerodep.shaded.org.apache.hc.client5.http.impl.classic.InternalHttpClient - ex-00000038: acquiring endpoint (3 MINUTES)
18:30:17.343 [Test worker] DEBUG com.github.dockerjava.zerodep.shaded.org.apache.hc.client5.http.impl.io.PoolingHttpClientConnectionManager - ex-00000038: endpoint lease request (3 MINUTES) [route: {}->unix://localhost:2375][total available: 1; route allocated: 1 of 2147483647; total allocated: 1 of 2147483647]
18:30:17.343 [Test worker] DEBUG com.github.dockerjava.zerodep.shaded.org.apache.hc.client5.http.impl.io.PoolingHttpClientConnectionManager - ex-00000038: endpoint leased [route: {}->unix://localhost:2375][total available: 0; route allocated: 1 of 2147483647; total allocated: 1 of 2147483647]
18:30:17.343 [Test worker] DEBUG com.github.dockerjava.zerodep.shaded.org.apache.hc.client5.http.impl.io.PoolingHttpClientConnectionManager - ex-00000038: acquired ep-00000037
18:30:17.343 [Test worker] DEBUG com.github.dockerjava.zerodep.shaded.org.apache.hc.client5.http.impl.classic.InternalHttpClient - ex-00000038: acquired endpoint ep-00000037
18:30:17.343 [Test worker] DEBUG com.github.dockerjava.zerodep.shaded.org.apache.hc.client5.http.impl.classic.MainClientExec - ex-00000038: executing GET /v1.32/containers/b4fc7afd97457a2a6ec84592488a57f900fa52ed03fcd2dbaf8a116bc1f50ab3/json HTTP/1.1
18:30:17.343 [Test worker] DEBUG com.github.dockerjava.zerodep.shaded.org.apache.hc.client5.http.impl.classic.InternalHttpClient - ep-00000037: start execution ex-00000038
18:30:17.343 [Test worker] DEBUG com.github.dockerjava.zerodep.shaded.org.apache.hc.client5.http.impl.io.PoolingHttpClientConnectionManager - ep-00000037: executing exchange ex-00000038 over http-outgoing-1
18:30:17.343 [Test worker] DEBUG com.github.dockerjava.zerodep.shaded.org.apache.hc.client5.http.headers - http-outgoing-1 >> GET /v1.32/containers/b4fc7afd97457a2a6ec84592488a57f900fa52ed03fcd2dbaf8a116bc1f50ab3/json HTTP/1.1
18:30:17.343 [Test worker] DEBUG com.github.dockerjava.zerodep.shaded.org.apache.hc.client5.http.headers - http-outgoing-1 >> accept: application/json
18:30:17.343 [Test worker] DEBUG com.github.dockerjava.zerodep.shaded.org.apache.hc.client5.http.headers - http-outgoing-1 >> x-tc-sid: cdd139c9-cde1-4429-bea7-edb0e651ba16
18:30:17.343 [Test worker] DEBUG com.github.dockerjava.zerodep.shaded.org.apache.hc.client5.http.headers - http-outgoing-1 >> Accept-Encoding: gzip, x-gzip, deflate
18:30:17.343 [Test worker] DEBUG com.github.dockerjava.zerodep.shaded.org.apache.hc.client5.http.headers - http-outgoing-1 >> Host: localhost:2375
18:30:17.343 [Test worker] DEBUG com.github.dockerjava.zerodep.shaded.org.apache.hc.client5.http.headers - http-outgoing-1 >> Connection: keep-alive
18:30:17.343 [Test worker] DEBUG com.github.dockerjava.zerodep.shaded.org.apache.hc.client5.http.headers - http-outgoing-1 >> User-Agent: Apache-HttpClient/5.0.3 (Java/17.0.2)
18:30:17.343 [Test worker] DEBUG com.github.dockerjava.zerodep.shaded.org.apache.hc.client5.http.wire - http-outgoing-1 >> "GET /v1.32/containers/b4fc7afd97457a2a6ec84592488a57f900fa52ed03fcd2dbaf8a116bc1f50ab3/json HTTP/1.1[\r][\n]"
18:30:17.344 [Test worker] DEBUG com.github.dockerjava.zerodep.shaded.org.apache.hc.client5.http.wire - http-outgoing-1 >> "accept: application/json[\r][\n]"
18:30:17.344 [Test worker] DEBUG com.github.dockerjava.zerodep.shaded.org.apache.hc.client5.http.wire - http-outgoing-1 >> "x-tc-sid: cdd139c9-cde1-4429-bea7-edb0e651ba16[\r][\n]"
18:30:17.344 [Test worker] DEBUG com.github.dockerjava.zerodep.shaded.org.apache.hc.client5.http.wire - http-outgoing-1 >> "Accept-Encoding: gzip, x-gzip, deflate[\r][\n]"
18:30:17.344 [Test worker] DEBUG com.github.dockerjava.zerodep.shaded.org.apache.hc.client5.http.wire - http-outgoing-1 >> "Host: localhost:2375[\r][\n]"
18:30:17.344 [Test worker] DEBUG com.github.dockerjava.zerodep.shaded.org.apache.hc.client5.http.wire - http-outgoing-1 >> "Connection: keep-alive[\r][\n]"
18:30:17.344 [Test worker] DEBUG com.github.dockerjava.zerodep.shaded.org.apache.hc.client5.http.wire - http-outgoing-1 >> "User-Agent: Apache-HttpClient/5.0.3 (Java/17.0.2)[\r][\n]"
18:30:17.344 [Test worker] DEBUG com.github.dockerjava.zerodep.shaded.org.apache.hc.client5.http.wire - http-outgoing-1 >> "[\r][\n]"
18:30:17.345 [Test worker] DEBUG com.github.dockerjava.zerodep.shaded.org.apache.hc.client5.http.wire - http-outgoing-1 << "HTTP/1.1 200 OK[\r][\n]"
18:30:17.345 [Test worker] DEBUG com.github.dockerjava.zerodep.shaded.org.apache.hc.client5.http.wire - http-outgoing-1 << "Api-Version: 1.41[\r][\n]"
18:30:17.345 [Test worker] DEBUG com.github.dockerjava.zerodep.shaded.org.apache.hc.client5.http.wire - http-outgoing-1 << "Content-Type: application/json[\r][\n]"
18:30:17.345 [Test worker] DEBUG com.github.dockerjava.zerodep.shaded.org.apache.hc.client5.http.wire - http-outgoing-1 << "Docker-Experimental: false[\r][\n]"
18:30:17.345 [Test worker] DEBUG com.github.dockerjava.zerodep.shaded.org.apache.hc.client5.http.wire - http-outgoing-1 << "Ostype: linux[\r][\n]"
18:30:17.345 [Test worker] DEBUG com.github.dockerjava.zerodep.shaded.org.apache.hc.client5.http.wire - http-outgoing-1 << "Server: Docker/20.10.17 (linux)[\r][\n]"
18:30:17.345 [Test worker] DEBUG com.github.dockerjava.zerodep.shaded.org.apache.hc.client5.http.wire - http-outgoing-1 << "Date: Thu, 08 Dec 2022 21:30:17 GMT[\r][\n]"
18:30:17.345 [Test worker] DEBUG com.github.dockerjava.zerodep.shaded.org.apache.hc.client5.http.wire - http-outgoing-1 << "Transfer-Encoding: chunked[\r][\n]"
18:30:17.345 [Test worker] DEBUG com.github.dockerjava.zerodep.shaded.org.apache.hc.client5.http.wire - http-outgoing-1 << "[\r][\n]"
18:30:17.345 [Test worker] DEBUG com.github.dockerjava.zerodep.shaded.org.apache.hc.client5.http.wire - http-outgoing-1 << "18a6[\r][\n]"
18:30:17.345 [Test worker] DEBUG com.github.dockerjava.zerodep.shaded.org.apache.hc.client5.http.wire - http-outgoing-1 << "{"Id":"b4fc7afd97457a2a6ec84592488a57f900fa52ed03fcd2dbaf8a116bc1f50ab3","Created":"2022-12-08T21:30:11.801619537Z","Path":"docker-entrypoint.sh","Args":["mysqld"],"State":{"Status":"running","Running":true,"Paused":false,"Restarting":false,"OOMKilled":false,"Dead":false,"Pid":148084,"ExitCode":0,"Error":"","StartedAt":"2022-12-08T21:30:12.370762583Z","FinishedAt":"0001-01-01T00:00:00Z"},"Image":"sha256:7484689f290f1defe06b65befc54cb6ad91a667cf0af59a265ffe76c46bd0478","ResolvConfPath":"/var/lib/docker/containers/b4fc7afd97457a2a6ec84592488a57f900fa52ed03fcd2dbaf8a116bc1f50ab3/resolv.conf","HostnamePath":"/var/lib/docker/containers/b4fc7afd97457a2a6ec84592488a57f900fa52ed03fcd2dbaf8a116bc1f50ab3/hostname","HostsPath":"/var/lib/docker/containers/b4fc7afd97457a2a6ec84592488a57f900fa52ed03fcd2dbaf8a116bc1f50ab3/hosts","LogPath":"/var/lib/docker/containers/b4fc7afd97457a2a6ec84592488a57f900fa52ed03fcd2dbaf8a116bc1f50ab3/b4fc7afd97457a2a6ec84592488a57f900fa52ed03fcd2dbaf8a116bc1f50ab3-json.log","Name":"/agitated_ptolemy","RestartCount":0,"Driver":"overlay2","Platform":"linux","MountLabel":"","ProcessLabel":"","AppArmorProfile":"docker-default","ExecIDs":null,"HostConfig":{"Binds":[],"ContainerIDFile":"","LogConfig":{"Type":"json-file","Config":{}},"NetworkMode":"default","PortBindings":{"3306/tcp":[{"HostIp":"","HostPort":""}]},"RestartPolicy":{"Name":"","MaximumRetryCount":0},"AutoRemove":false,"VolumeDriver":"","VolumesFrom":[],"CapAdd":null,"CapDrop":null,"CgroupnsMode":"private","Dns":null,"DnsOptions":null,"DnsSearch":null,"ExtraHosts":[],"GroupAdd":null,"IpcMode":"shareable","Cgroup":"","Links":null,"OomScoreAdj":0,"PidMode":"","Privileged":false,"PublishAllPorts":false,"ReadonlyRootfs":false,"SecurityOpt":null,"UTSMode":"","UsernsMode":"","ShmSize":67108864,"Runtime":"runc","ConsoleSize":[0,0],"Isolation":"","CpuShares":0,"Memory":0,"NanoCpus":0,"CgroupParent":"","BlkioWeight":0,"BlkioWeightDevice":null,"BlkioDeviceReadBps":null,"BlkioDeviceWriteBps":null,"BlkioDeviceReadIOps":null,"BlkioDeviceWriteIOps":null,"CpuPeriod":0,"CpuQuota":0,"CpuRealtimePeriod":0,"CpuRealtimeRuntime":0,"CpusetCpus":"","CpusetMems":"","Devices":null,"DeviceCgroupRules":null,"DeviceRequests":null,"KernelMemory":0,"KernelMemoryTCP":0,"MemoryReservation":0,"MemorySwap":0,"MemorySwappiness":null,"OomKillDisable":null,"PidsLimit":null,"Ulimits":null,"CpuCount":0,"CpuPercent":0,"IOMaximumIOps":0,"IOMaximumBandwidth":0,"MaskedPaths":["/proc/asound","/proc/acpi","/proc/kcore","/proc/keys","/proc/latency_stats","/proc/timer_list","/proc/timer_stats","/proc/sched_debug","/proc/scsi","/sys/firmware"],"ReadonlyPaths":["/proc/bus","/proc/fs","/proc/irq","/proc/sys","/proc/sysrq-trigger"]},"GraphDriver":{"Data":{"LowerDir":"/var/lib/docker/overlay2/05794d51525f65619c615558ef5f93d7c33eef44e12313fdcb3942911d0b5f7d-init/diff:/var/lib/docker/overlay2/f079a69cfd5e80e906b12f05a0c7bfaabc56ce63e947db68b722ae30905f1239/diff:/var/lib/docker/overlay2/9dfb63d6bb556846a13012421dde7951ef83a14d8ce1882287cce66f0f9bd055/diff:/var/lib/docker/overlay2/c4f8874ae33ddd14488f5051cd953acc020fa00ea72d28bd530450c0bc8f9903/diff:/var/lib/docker/overlay2/992683766b46aa5653160e6a34283b579a75000e230890d0ec0a6204af735697/diff:/var/lib/docker/overlay2/6e3fba0e1d6501c91c9bec723bb1364f75599c6c2026a6dc71773c88a49f890a/diff:/var/lib/docker/overlay2/c6c2a366f45a69704761d45d296d71bf2bf315efb15cb06ad88925ed235fad81/diff:/var/lib/docker/overlay2/7555f9b18615244719d04b23296ba418195e5e569d47baf9f1da7c3f053fe194/diff:/var/lib/docker/overlay2/7752eb17f8f8ba44a5ed178f499901fa7eb6f2e031c29ab160ee4eff4db8edaa/diff:/var/lib/docker/overlay2/9683de8b3733106f256bd0eabc7cae13623b14493b9212e863449d42b8a87390/diff:/var/lib/docker/overlay2/f5e28e407d8811526fb7dd82e4fed08d5d3124c0f22f1a9496ed27b2b457d3dd/diff:/var/lib/docker/overlay2/e2980c91c6b3331cff3994ca6f327955bb5feaef0f96bc64edce80631fdbf829/di"
18:30:17.346 [Test worker] DEBUG com.github.dockerjava.zerodep.shaded.org.apache.hc.client5.http.headers - http-outgoing-1 << HTTP/1.1 200 OK
18:30:17.346 [Test worker] DEBUG com.github.dockerjava.zerodep.shaded.org.apache.hc.client5.http.headers - http-outgoing-1 << Api-Version: 1.41
18:30:17.346 [Test worker] DEBUG com.github.dockerjava.zerodep.shaded.org.apache.hc.client5.http.headers - http-outgoing-1 << Content-Type: application/json
18:30:17.346 [Test worker] DEBUG com.github.dockerjava.zerodep.shaded.org.apache.hc.client5.http.headers - http-outgoing-1 << Docker-Experimental: false
18:30:17.346 [Test worker] DEBUG com.github.dockerjava.zerodep.shaded.org.apache.hc.client5.http.headers - http-outgoing-1 << Ostype: linux
18:30:17.346 [Test worker] DEBUG com.github.dockerjava.zerodep.shaded.org.apache.hc.client5.http.headers - http-outgoing-1 << Server: Docker/20.10.17 (linux)
18:30:17.346 [Test worker] DEBUG com.github.dockerjava.zerodep.shaded.org.apache.hc.client5.http.headers - http-outgoing-1 << Date: Thu, 08 Dec 2022 21:30:17 GMT
18:30:17.346 [Test worker] DEBUG com.github.dockerjava.zerodep.shaded.org.apache.hc.client5.http.headers - http-outgoing-1 << Transfer-Encoding: chunked
18:30:17.347 [Test worker] DEBUG com.github.dockerjava.zerodep.shaded.org.apache.hc.client5.http.impl.classic.MainClientExec - ex-00000038: connection can be kept alive for 3 MINUTES
18:30:17.347 [Test worker] DEBUG com.github.dockerjava.zerodep.shaded.org.apache.hc.client5.http.wire - http-outgoing-1 << "ff","MergedDir":"/var/lib/docker/overlay2/05794d51525f65619c615558ef5f93d7c33eef44e12313fdcb3942911d0b5f7d/merged","UpperDir":"/var/lib/docker/overlay2/05794d51525f65619c615558ef5f93d7c33eef44e12313fdcb3942911d0b5f7d/diff","WorkDir":"/var/lib/docker/overlay2/05794d51525f65619c615558ef5f93d7c33eef44e12313fdcb3942911d0b5f7d/work"},"Name":"overlay2"},"Mounts":[{"Type":"volume","Name":"fe29345a30f82a1c969c40b069133e9d87168ce95967d67ac182ee42c059affb","Source":"/var/lib/docker/volumes/fe29345a30f82a1c969c40b069133e9d87168ce95967d67ac182ee42c059affb/_data","Destination":"/var/lib/mysql","Driver":"local","Mode":"","RW":true,"Propagation":""}],"Config":{"Hostname":"b4fc7afd9745","Domainname":"","User":"","AttachStdin":false,"AttachStdout":false,"AttachStderr":false,"ExposedPorts":{"3306/tcp":{},"33060/tcp":{}},"Tty":false,"OpenStdin":false,"StdinOnce":false,"Env":["MYSQL_DATABASE=adm_videos","MYSQL_PASSWORD=123456","MYSQL_ROOT_PASSWORD=123456","PATH=/usr/local/sbin:/usr/local/bin:/usr/sbin:/usr/bin:/sbin:/bin","GOSU_VERSION=1.14","MYSQL_MAJOR=8.0","MYSQL_VERSION=8.0.31-1.el8","MYSQL_SHELL_VERSION=8.0.31-1.el8"],"Cmd":["mysqld"],"Image":"mysql:latest","Volumes":{"/var/lib/mysql":{}},"WorkingDir":"","Entrypoint":["docker-entrypoint.sh"],"OnBuild":null,"Labels":{"org.testcontainers":"true","org.testcontainers.sessionId":"cdd139c9-cde1-4429-bea7-edb0e651ba16"}},"NetworkSettings":{"Bridge":"","SandboxID":"8404ec7d59006489fa5b6638879180586e9aa24c1c3ae79d40e26a8f453c93b1","HairpinMode":false,"LinkLocalIPv6Address":"","LinkLocalIPv6PrefixLen":0,"Ports":{"3306/tcp":[{"HostIp":"0.0.0.0","HostPort":"49156"},{"HostIp":"::","HostPort":"49156"}],"33060/tcp":null},"SandboxKey":"/var/run/docker/netns/8404ec7d5900","SecondaryIPAddresses":null,"SecondaryIPv6Addresses":null,"EndpointID":"28c851b70d88131a783e3d87b7c50320df5f3250ebca621b1b39353a2424212a","Gateway":"172.17.0.1","GlobalIPv6Address":"","GlobalIPv6PrefixLen":0,"IPAddress":"172.17.0.3","IPPrefixLen":16,"IPv6Gateway":"","MacAddress":"02:42:ac:11:00:03","Networks":{"bridge":{"IPAMConfig":null,"Links":null,"Aliases":null,"NetworkID":"bf06afe94eca8b5ab91eae0dbaa8561a6dd16832d429dcdbaa7ed1e003cfbe56","EndpointID":"28c851b70d88131a783e3d87b7c50320df5f3250ebca621b1b39353a2424212a","Gateway":"172.17.0.1","IPAddress":"172.17.0.3","IPPrefixLen":16,"IPv6Gateway":"","GlobalIPv6Address":"","GlobalIPv6PrefixLen":0,"MacAddress":"02:42:ac:11:00:03","DriverOpts":null}}}}[\n]"
18:30:17.348 [Test worker] DEBUG com.github.dockerjava.zerodep.shaded.org.apache.hc.client5.http.wire - http-outgoing-1 << "[\r][\n]"
18:30:17.348 [Test worker] DEBUG com.github.dockerjava.zerodep.shaded.org.apache.hc.client5.http.wire - http-outgoing-1 << "0[\r][\n]"
18:30:17.348 [Test worker] DEBUG com.github.dockerjava.zerodep.shaded.org.apache.hc.client5.http.wire - http-outgoing-1 << "[\r][\n]"
18:30:17.348 [Test worker] DEBUG com.github.dockerjava.zerodep.shaded.org.apache.hc.client5.http.impl.classic.InternalHttpClient - ep-00000037: releasing valid endpoint
18:30:17.348 [Test worker] DEBUG com.github.dockerjava.zerodep.shaded.org.apache.hc.client5.http.impl.io.PoolingHttpClientConnectionManager - ep-00000037: releasing endpoint
18:30:17.348 [Test worker] DEBUG com.github.dockerjava.zerodep.shaded.org.apache.hc.client5.http.impl.io.PoolingHttpClientConnectionManager - ep-00000037: connection http-outgoing-1 can be kept alive for 3 MINUTES
18:30:17.348 [Test worker] DEBUG com.github.dockerjava.zerodep.shaded.org.apache.hc.client5.http.impl.io.PoolingHttpClientConnectionManager - ep-00000037: connection released [route: {}->unix://localhost:2375][total available: 1; route allocated: 1 of 2147483647; total allocated: 1 of 2147483647]
18:30:17.348 [Test worker] DEBUG ]]>&#x1f433;<![CDATA[ [mysql:latest] - Trying to create JDBC connection using com.mysql.cj.jdbc.Driver to jdbc:mysql://localhost:49156/adm_videos?useSSL=false&allowPublicKeyRetrieval=true with properties: {password=123456, user=root}
18:30:17.450 [Test worker] DEBUG org.testcontainers.shaded.com.github.dockerjava.core.command.AbstrDockerCmd - Cmd: b4fc7afd97457a2a6ec84592488a57f900fa52ed03fcd2dbaf8a116bc1f50ab3,false
18:30:17.450 [Test worker] DEBUG org.testcontainers.shaded.com.github.dockerjava.core.exec.InspectContainerCmdExec - GET: DefaultWebTarget{path=[/containers/b4fc7afd97457a2a6ec84592488a57f900fa52ed03fcd2dbaf8a116bc1f50ab3/json], queryParams={}}
18:30:17.450 [Test worker] DEBUG com.github.dockerjava.zerodep.shaded.org.apache.hc.client5.http.impl.classic.InternalHttpClient - ex-00000039: preparing request execution
18:30:17.450 [Test worker] DEBUG com.github.dockerjava.zerodep.shaded.org.apache.hc.client5.http.protocol.RequestAddCookies - Cookie spec selected: strict
18:30:17.450 [Test worker] DEBUG com.github.dockerjava.zerodep.shaded.org.apache.hc.client5.http.protocol.RequestAuthCache - Auth cache not set in the context
18:30:17.450 [Test worker] DEBUG com.github.dockerjava.zerodep.shaded.org.apache.hc.client5.http.impl.classic.ProtocolExec - ex-00000039: target auth state: UNCHALLENGED
18:30:17.450 [Test worker] DEBUG com.github.dockerjava.zerodep.shaded.org.apache.hc.client5.http.impl.classic.ProtocolExec - ex-00000039: proxy auth state: UNCHALLENGED
18:30:17.450 [Test worker] DEBUG com.github.dockerjava.zerodep.shaded.org.apache.hc.client5.http.impl.classic.ConnectExec - ex-00000039: acquiring connection with route {}->unix://localhost:2375
18:30:17.450 [Test worker] DEBUG com.github.dockerjava.zerodep.shaded.org.apache.hc.client5.http.impl.classic.InternalHttpClient - ex-00000039: acquiring endpoint (3 MINUTES)
18:30:17.450 [Test worker] DEBUG com.github.dockerjava.zerodep.shaded.org.apache.hc.client5.http.impl.io.PoolingHttpClientConnectionManager - ex-00000039: endpoint lease request (3 MINUTES) [route: {}->unix://localhost:2375][total available: 1; route allocated: 1 of 2147483647; total allocated: 1 of 2147483647]
18:30:17.450 [Test worker] DEBUG com.github.dockerjava.zerodep.shaded.org.apache.hc.client5.http.impl.io.PoolingHttpClientConnectionManager - ex-00000039: endpoint leased [route: {}->unix://localhost:2375][total available: 0; route allocated: 1 of 2147483647; total allocated: 1 of 2147483647]
18:30:17.450 [Test worker] DEBUG com.github.dockerjava.zerodep.shaded.org.apache.hc.client5.http.impl.io.PoolingHttpClientConnectionManager - ex-00000039: acquired ep-00000038
18:30:17.450 [Test worker] DEBUG com.github.dockerjava.zerodep.shaded.org.apache.hc.client5.http.impl.classic.InternalHttpClient - ex-00000039: acquired endpoint ep-00000038
18:30:17.450 [Test worker] DEBUG com.github.dockerjava.zerodep.shaded.org.apache.hc.client5.http.impl.classic.MainClientExec - ex-00000039: executing GET /v1.32/containers/b4fc7afd97457a2a6ec84592488a57f900fa52ed03fcd2dbaf8a116bc1f50ab3/json HTTP/1.1
18:30:17.450 [Test worker] DEBUG com.github.dockerjava.zerodep.shaded.org.apache.hc.client5.http.impl.classic.InternalHttpClient - ep-00000038: start execution ex-00000039
18:30:17.450 [Test worker] DEBUG com.github.dockerjava.zerodep.shaded.org.apache.hc.client5.http.impl.io.PoolingHttpClientConnectionManager - ep-00000038: executing exchange ex-00000039 over http-outgoing-1
18:30:17.450 [Test worker] DEBUG com.github.dockerjava.zerodep.shaded.org.apache.hc.client5.http.headers - http-outgoing-1 >> GET /v1.32/containers/b4fc7afd97457a2a6ec84592488a57f900fa52ed03fcd2dbaf8a116bc1f50ab3/json HTTP/1.1
18:30:17.450 [Test worker] DEBUG com.github.dockerjava.zerodep.shaded.org.apache.hc.client5.http.headers - http-outgoing-1 >> accept: application/json
18:30:17.450 [Test worker] DEBUG com.github.dockerjava.zerodep.shaded.org.apache.hc.client5.http.headers - http-outgoing-1 >> x-tc-sid: cdd139c9-cde1-4429-bea7-edb0e651ba16
18:30:17.450 [Test worker] DEBUG com.github.dockerjava.zerodep.shaded.org.apache.hc.client5.http.headers - http-outgoing-1 >> Accept-Encoding: gzip, x-gzip, deflate
18:30:17.450 [Test worker] DEBUG com.github.dockerjava.zerodep.shaded.org.apache.hc.client5.http.headers - http-outgoing-1 >> Host: localhost:2375
18:30:17.450 [Test worker] DEBUG com.github.dockerjava.zerodep.shaded.org.apache.hc.client5.http.headers - http-outgoing-1 >> Connection: keep-alive
18:30:17.450 [Test worker] DEBUG com.github.dockerjava.zerodep.shaded.org.apache.hc.client5.http.headers - http-outgoing-1 >> User-Agent: Apache-HttpClient/5.0.3 (Java/17.0.2)
18:30:17.450 [Test worker] DEBUG com.github.dockerjava.zerodep.shaded.org.apache.hc.client5.http.wire - http-outgoing-1 >> "GET /v1.32/containers/b4fc7afd97457a2a6ec84592488a57f900fa52ed03fcd2dbaf8a116bc1f50ab3/json HTTP/1.1[\r][\n]"
18:30:17.450 [Test worker] DEBUG com.github.dockerjava.zerodep.shaded.org.apache.hc.client5.http.wire - http-outgoing-1 >> "accept: application/json[\r][\n]"
18:30:17.450 [Test worker] DEBUG com.github.dockerjava.zerodep.shaded.org.apache.hc.client5.http.wire - http-outgoing-1 >> "x-tc-sid: cdd139c9-cde1-4429-bea7-edb0e651ba16[\r][\n]"
18:30:17.450 [Test worker] DEBUG com.github.dockerjava.zerodep.shaded.org.apache.hc.client5.http.wire - http-outgoing-1 >> "Accept-Encoding: gzip, x-gzip, deflate[\r][\n]"
18:30:17.450 [Test worker] DEBUG com.github.dockerjava.zerodep.shaded.org.apache.hc.client5.http.wire - http-outgoing-1 >> "Host: localhost:2375[\r][\n]"
18:30:17.450 [Test worker] DEBUG com.github.dockerjava.zerodep.shaded.org.apache.hc.client5.http.wire - http-outgoing-1 >> "Connection: keep-alive[\r][\n]"
18:30:17.450 [Test worker] DEBUG com.github.dockerjava.zerodep.shaded.org.apache.hc.client5.http.wire - http-outgoing-1 >> "User-Agent: Apache-HttpClient/5.0.3 (Java/17.0.2)[\r][\n]"
18:30:17.450 [Test worker] DEBUG com.github.dockerjava.zerodep.shaded.org.apache.hc.client5.http.wire - http-outgoing-1 >> "[\r][\n]"
18:30:17.451 [Test worker] DEBUG com.github.dockerjava.zerodep.shaded.org.apache.hc.client5.http.wire - http-outgoing-1 << "HTTP/1.1 200 OK[\r][\n]"
18:30:17.451 [Test worker] DEBUG com.github.dockerjava.zerodep.shaded.org.apache.hc.client5.http.wire - http-outgoing-1 << "Api-Version: 1.41[\r][\n]"
18:30:17.451 [Test worker] DEBUG com.github.dockerjava.zerodep.shaded.org.apache.hc.client5.http.wire - http-outgoing-1 << "Content-Type: application/json[\r][\n]"
18:30:17.451 [Test worker] DEBUG com.github.dockerjava.zerodep.shaded.org.apache.hc.client5.http.wire - http-outgoing-1 << "Docker-Experimental: false[\r][\n]"
18:30:17.451 [Test worker] DEBUG com.github.dockerjava.zerodep.shaded.org.apache.hc.client5.http.wire - http-outgoing-1 << "Ostype: linux[\r][\n]"
18:30:17.451 [Test worker] DEBUG com.github.dockerjava.zerodep.shaded.org.apache.hc.client5.http.wire - http-outgoing-1 << "Server: Docker/20.10.17 (linux)[\r][\n]"
18:30:17.451 [Test worker] DEBUG com.github.dockerjava.zerodep.shaded.org.apache.hc.client5.http.wire - http-outgoing-1 << "Date: Thu, 08 Dec 2022 21:30:17 GMT[\r][\n]"
18:30:17.451 [Test worker] DEBUG com.github.dockerjava.zerodep.shaded.org.apache.hc.client5.http.wire - http-outgoing-1 << "Transfer-Encoding: chunked[\r][\n]"
18:30:17.451 [Test worker] DEBUG com.github.dockerjava.zerodep.shaded.org.apache.hc.client5.http.wire - http-outgoing-1 << "[\r][\n]"
18:30:17.451 [Test worker] DEBUG com.github.dockerjava.zerodep.shaded.org.apache.hc.client5.http.wire - http-outgoing-1 << "18a6[\r][\n]"
18:30:17.451 [Test worker] DEBUG com.github.dockerjava.zerodep.shaded.org.apache.hc.client5.http.wire - http-outgoing-1 << "{"Id":"b4fc7afd97457a2a6ec84592488a57f900fa52ed03fcd2dbaf8a116bc1f50ab3","Created":"2022-12-08T21:30:11.801619537Z","Path":"docker-entrypoint.sh","Args":["mysqld"],"State":{"Status":"running","Running":true,"Paused":false,"Restarting":false,"OOMKilled":false,"Dead":false,"Pid":148084,"ExitCode":0,"Error":"","StartedAt":"2022-12-08T21:30:12.370762583Z","FinishedAt":"0001-01-01T00:00:00Z"},"Image":"sha256:7484689f290f1defe06b65befc54cb6ad91a667cf0af59a265ffe76c46bd0478","ResolvConfPath":"/var/lib/docker/containers/b4fc7afd97457a2a6ec84592488a57f900fa52ed03fcd2dbaf8a116bc1f50ab3/resolv.conf","HostnamePath":"/var/lib/docker/containers/b4fc7afd97457a2a6ec84592488a57f900fa52ed03fcd2dbaf8a116bc1f50ab3/hostname","HostsPath":"/var/lib/docker/containers/b4fc7afd97457a2a6ec84592488a57f900fa52ed03fcd2dbaf8a116bc1f50ab3/hosts","LogPath":"/var/lib/docker/containers/b4fc7afd97457a2a6ec84592488a57f900fa52ed03fcd2dbaf8a116bc1f50ab3/b4fc7afd97457a2a6ec84592488a57f900fa52ed03fcd2dbaf8a116bc1f50ab3-json.log","Name":"/agitated_ptolemy","RestartCount":0,"Driver":"overlay2","Platform":"linux","MountLabel":"","ProcessLabel":"","AppArmorProfile":"docker-default","ExecIDs":null,"HostConfig":{"Binds":[],"ContainerIDFile":"","LogConfig":{"Type":"json-file","Config":{}},"NetworkMode":"default","PortBindings":{"3306/tcp":[{"HostIp":"","HostPort":""}]},"RestartPolicy":{"Name":"","MaximumRetryCount":0},"AutoRemove":false,"VolumeDriver":"","VolumesFrom":[],"CapAdd":null,"CapDrop":null,"CgroupnsMode":"private","Dns":null,"DnsOptions":null,"DnsSearch":null,"ExtraHosts":[],"GroupAdd":null,"IpcMode":"shareable","Cgroup":"","Links":null,"OomScoreAdj":0,"PidMode":"","Privileged":false,"PublishAllPorts":false,"ReadonlyRootfs":false,"SecurityOpt":null,"UTSMode":"","UsernsMode":"","ShmSize":67108864,"Runtime":"runc","ConsoleSize":[0,0],"Isolation":"","CpuShares":0,"Memory":0,"NanoCpus":0,"CgroupParent":"","BlkioWeight":0,"BlkioWeightDevice":null,"BlkioDeviceReadBps":null,"BlkioDeviceWriteBps":null,"BlkioDeviceReadIOps":null,"BlkioDeviceWriteIOps":null,"CpuPeriod":0,"CpuQuota":0,"CpuRealtimePeriod":0,"CpuRealtimeRuntime":0,"CpusetCpus":"","CpusetMems":"","Devices":null,"DeviceCgroupRules":null,"DeviceRequests":null,"KernelMemory":0,"KernelMemoryTCP":0,"MemoryReservation":0,"MemorySwap":0,"MemorySwappiness":null,"OomKillDisable":null,"PidsLimit":null,"Ulimits":null,"CpuCount":0,"CpuPercent":0,"IOMaximumIOps":0,"IOMaximumBandwidth":0,"MaskedPaths":["/proc/asound","/proc/acpi","/proc/kcore","/proc/keys","/proc/latency_stats","/proc/timer_list","/proc/timer_stats","/proc/sched_debug","/proc/scsi","/sys/firmware"],"ReadonlyPaths":["/proc/bus","/proc/fs","/proc/irq","/proc/sys","/proc/sysrq-trigger"]},"GraphDriver":{"Data":{"LowerDir":"/var/lib/docker/overlay2/05794d51525f65619c615558ef5f93d7c33eef44e12313fdcb3942911d0b5f7d-init/diff:/var/lib/docker/overlay2/f079a69cfd5e80e906b12f05a0c7bfaabc56ce63e947db68b722ae30905f1239/diff:/var/lib/docker/overlay2/9dfb63d6bb556846a13012421dde7951ef83a14d8ce1882287cce66f0f9bd055/diff:/var/lib/docker/overlay2/c4f8874ae33ddd14488f5051cd953acc020fa00ea72d28bd530450c0bc8f9903/diff:/var/lib/docker/overlay2/992683766b46aa5653160e6a34283b579a75000e230890d0ec0a6204af735697/diff:/var/lib/docker/overlay2/6e3fba0e1d6501c91c9bec723bb1364f75599c6c2026a6dc71773c88a49f890a/diff:/var/lib/docker/overlay2/c6c2a366f45a69704761d45d296d71bf2bf315efb15cb06ad88925ed235fad81/diff:/var/lib/docker/overlay2/7555f9b18615244719d04b23296ba418195e5e569d47baf9f1da7c3f053fe194/diff:/var/lib/docker/overlay2/7752eb17f8f8ba44a5ed178f499901fa7eb6f2e031c29ab160ee4eff4db8edaa/diff:/var/lib/docker/overlay2/9683de8b3733106f256bd0eabc7cae13623b14493b9212e863449d42b8a87390/diff:/var/lib/docker/overlay2/f5e28e407d8811526fb7dd82e4fed08d5d3124c0f22f1a9496ed27b2b457d3dd/diff:/var/lib/docker/overlay2/e2980c91c6b3331cff3994ca6f327955bb5feaef0f96bc64edce80631fdbf829/diff","MergedDir":"/var/lib/docker/overlay2/05794d51525f65619c615558ef5f93d7c33eef44e12313fdcb3942911d0b5f7d/merged","UpperDir":"/var/lib/docker/overlay2/05794d51525f65619c615558ef5f93d7c33eef44e12313fdcb3942911d0b5f7d/diff","WorkDir":"/var/lib/docker/overlay2/05794d51525f65619c615558ef5f93d7c33eef44e12313fdcb3942911d0b5f7d/work"},"Name":"overlay2"},"Mounts":[{"Type":"volume","Name":"fe29345a30f82a1c969c40b069133e9d87168ce95967d67ac182ee42c059affb","Source":"/var/lib/docker/volumes/fe29345a30f82a1c969c40b069133e9d87168ce95967d67ac182ee42c059affb/_data","Destination":"/var/lib/mysql","Driver":"local","Mode":"","RW":true,"Propagation":""}],"Config":{"Hostname":"b4fc7afd9745","Domainname":"","User":"","AttachStdin":false,"AttachStdout":false,"AttachStderr":false,"ExposedPorts":{"3306/tcp":{},"33060/tcp":{}},"Tty":false,"OpenStdin":false,"StdinOnce":false,"Env":["MYSQL_DATABASE=adm_videos","MYSQL_PASSWORD=123456","MYSQL_ROOT_PASSWORD=123456","PATH=/usr/local/sbin:/usr/local/bin:/usr/sbin:/usr/bin:/sbin:/bin","GOSU_VERSION=1.14","MYSQL_MAJOR=8.0","MYSQL_VERSION=8.0.31-1.el8","MYSQL_SHELL_VERSION=8.0.31-1.el8"],"Cmd":["mysqld"],"Image":"mysql:latest","Volumes":{"/var/lib/mysql":{}},"WorkingDir":"","Entrypoint":["docker-entrypoint.sh"],"OnBuild":null,"Labels":{"org.testcontainers":"true","org.testcontainers.sessionId":"cdd139c9-cde1-4429-bea7-edb0e651ba16"}},"NetworkSettings":{"Bridge":"","SandboxID":"8404ec7d59006489fa5b6638879180586e9aa24c1c3ae79d40e26a8f453c93b1","HairpinMode":false,"LinkLocalIPv6Address":"","LinkLocalIPv6PrefixLen":0,"Ports":{"3306/tcp":[{"HostIp":"0.0.0.0","HostPort":"49156"},{"HostIp":"::","HostPort":"49156"}],"33060/tcp":null},"SandboxKey":"/var/run/docker/netns/8404ec7d5900","SecondaryIPAddresses":null,"SecondaryIPv6Addresses":null,"EndpointID":"28c851b70d88131a783e3d87b7c50320df5f3250ebca621b1b39353a2424212a","Gateway":"172.17.0.1","GlobalIPv6Address":"","GlobalIPv6PrefixLen":0,"IPAddress":"172.17.0.3","IPPrefixLen":16,"IPv6Gateway":"","MacAddress":"02:42:ac:11:00:03","Networks":{"bridge":{"IPAMConfig":null,"Links":null,"Aliases":null,"NetworkID":"bf06afe94eca8b5ab91eae0dbaa8561a6dd16832d429dcdbaa7ed1e003cfbe56","EndpointID":"28c851b70d88131a783e3d87b7c50320df5f3250ebca621b1b39353a2424212a","Gateway":"172.17.0.1","IPAddress":"172.17.0.3","IPPrefixLen":16,"IPv6Gateway":"","GlobalIPv6Address":"","GlobalIPv6PrefixLen":0,"MacAddress":"02:42:ac:11:00:03","DriverOpts":null}}}}[\n]"
18:30:17.451 [Test worker] DEBUG com.github.dockerjava.zerodep.shaded.org.apache.hc.client5.http.wire - http-outgoing-1 << "[\r][\n]"
18:30:17.451 [Test worker] DEBUG com.github.dockerjava.zerodep.shaded.org.apache.hc.client5.http.wire - http-outgoing-1 << "0[\r][\n]"
18:30:17.451 [Test worker] DEBUG com.github.dockerjava.zerodep.shaded.org.apache.hc.client5.http.wire - http-outgoing-1 << "[\r][\n]"
18:30:17.451 [Test worker] DEBUG com.github.dockerjava.zerodep.shaded.org.apache.hc.client5.http.headers - http-outgoing-1 << HTTP/1.1 200 OK
18:30:17.451 [Test worker] DEBUG com.github.dockerjava.zerodep.shaded.org.apache.hc.client5.http.headers - http-outgoing-1 << Api-Version: 1.41
18:30:17.451 [Test worker] DEBUG com.github.dockerjava.zerodep.shaded.org.apache.hc.client5.http.headers - http-outgoing-1 << Content-Type: application/json
18:30:17.451 [Test worker] DEBUG com.github.dockerjava.zerodep.shaded.org.apache.hc.client5.http.headers - http-outgoing-1 << Docker-Experimental: false
18:30:17.451 [Test worker] DEBUG com.github.dockerjava.zerodep.shaded.org.apache.hc.client5.http.headers - http-outgoing-1 << Ostype: linux
18:30:17.451 [Test worker] DEBUG com.github.dockerjava.zerodep.shaded.org.apache.hc.client5.http.headers - http-outgoing-1 << Server: Docker/20.10.17 (linux)
18:30:17.451 [Test worker] DEBUG com.github.dockerjava.zerodep.shaded.org.apache.hc.client5.http.headers - http-outgoing-1 << Date: Thu, 08 Dec 2022 21:30:17 GMT
18:30:17.451 [Test worker] DEBUG com.github.dockerjava.zerodep.shaded.org.apache.hc.client5.http.headers - http-outgoing-1 << Transfer-Encoding: chunked
18:30:17.451 [Test worker] DEBUG com.github.dockerjava.zerodep.shaded.org.apache.hc.client5.http.impl.classic.MainClientExec - ex-00000039: connection can be kept alive for 3 MINUTES
18:30:17.452 [Test worker] DEBUG com.github.dockerjava.zerodep.shaded.org.apache.hc.client5.http.impl.classic.InternalHttpClient - ep-00000038: releasing valid endpoint
18:30:17.452 [Test worker] DEBUG com.github.dockerjava.zerodep.shaded.org.apache.hc.client5.http.impl.io.PoolingHttpClientConnectionManager - ep-00000038: releasing endpoint
18:30:17.452 [Test worker] DEBUG com.github.dockerjava.zerodep.shaded.org.apache.hc.client5.http.impl.io.PoolingHttpClientConnectionManager - ep-00000038: connection http-outgoing-1 can be kept alive for 3 MINUTES
18:30:17.452 [Test worker] DEBUG com.github.dockerjava.zerodep.shaded.org.apache.hc.client5.http.impl.io.PoolingHttpClientConnectionManager - ep-00000038: connection released [route: {}->unix://localhost:2375][total available: 1; route allocated: 1 of 2147483647; total allocated: 1 of 2147483647]
18:30:17.452 [Test worker] DEBUG ]]>&#x1f433;<![CDATA[ [mysql:latest] - Trying to create JDBC connection using com.mysql.cj.jdbc.Driver to jdbc:mysql://localhost:49156/adm_videos?useSSL=false&allowPublicKeyRetrieval=true with properties: {password=123456, user=root}
18:30:17.553 [Test worker] DEBUG org.testcontainers.shaded.com.github.dockerjava.core.command.AbstrDockerCmd - Cmd: b4fc7afd97457a2a6ec84592488a57f900fa52ed03fcd2dbaf8a116bc1f50ab3,false
18:30:17.554 [Test worker] DEBUG org.testcontainers.shaded.com.github.dockerjava.core.exec.InspectContainerCmdExec - GET: DefaultWebTarget{path=[/containers/b4fc7afd97457a2a6ec84592488a57f900fa52ed03fcd2dbaf8a116bc1f50ab3/json], queryParams={}}
18:30:17.554 [Test worker] DEBUG com.github.dockerjava.zerodep.shaded.org.apache.hc.client5.http.impl.classic.InternalHttpClient - ex-0000003A: preparing request execution
18:30:17.554 [Test worker] DEBUG com.github.dockerjava.zerodep.shaded.org.apache.hc.client5.http.protocol.RequestAddCookies - Cookie spec selected: strict
18:30:17.554 [Test worker] DEBUG com.github.dockerjava.zerodep.shaded.org.apache.hc.client5.http.protocol.RequestAuthCache - Auth cache not set in the context
18:30:17.554 [Test worker] DEBUG com.github.dockerjava.zerodep.shaded.org.apache.hc.client5.http.impl.classic.ProtocolExec - ex-0000003A: target auth state: UNCHALLENGED
18:30:17.554 [Test worker] DEBUG com.github.dockerjava.zerodep.shaded.org.apache.hc.client5.http.impl.classic.ProtocolExec - ex-0000003A: proxy auth state: UNCHALLENGED
18:30:17.554 [Test worker] DEBUG com.github.dockerjava.zerodep.shaded.org.apache.hc.client5.http.impl.classic.ConnectExec - ex-0000003A: acquiring connection with route {}->unix://localhost:2375
18:30:17.554 [Test worker] DEBUG com.github.dockerjava.zerodep.shaded.org.apache.hc.client5.http.impl.classic.InternalHttpClient - ex-0000003A: acquiring endpoint (3 MINUTES)
18:30:17.554 [Test worker] DEBUG com.github.dockerjava.zerodep.shaded.org.apache.hc.client5.http.impl.io.PoolingHttpClientConnectionManager - ex-0000003A: endpoint lease request (3 MINUTES) [route: {}->unix://localhost:2375][total available: 1; route allocated: 1 of 2147483647; total allocated: 1 of 2147483647]
18:30:17.554 [Test worker] DEBUG com.github.dockerjava.zerodep.shaded.org.apache.hc.client5.http.impl.io.PoolingHttpClientConnectionManager - ex-0000003A: endpoint leased [route: {}->unix://localhost:2375][total available: 0; route allocated: 1 of 2147483647; total allocated: 1 of 2147483647]
18:30:17.554 [Test worker] DEBUG com.github.dockerjava.zerodep.shaded.org.apache.hc.client5.http.impl.io.PoolingHttpClientConnectionManager - ex-0000003A: acquired ep-00000039
18:30:17.554 [Test worker] DEBUG com.github.dockerjava.zerodep.shaded.org.apache.hc.client5.http.impl.classic.InternalHttpClient - ex-0000003A: acquired endpoint ep-00000039
18:30:17.554 [Test worker] DEBUG com.github.dockerjava.zerodep.shaded.org.apache.hc.client5.http.impl.classic.MainClientExec - ex-0000003A: executing GET /v1.32/containers/b4fc7afd97457a2a6ec84592488a57f900fa52ed03fcd2dbaf8a116bc1f50ab3/json HTTP/1.1
18:30:17.554 [Test worker] DEBUG com.github.dockerjava.zerodep.shaded.org.apache.hc.client5.http.impl.classic.InternalHttpClient - ep-00000039: start execution ex-0000003A
18:30:17.554 [Test worker] DEBUG com.github.dockerjava.zerodep.shaded.org.apache.hc.client5.http.impl.io.PoolingHttpClientConnectionManager - ep-00000039: executing exchange ex-0000003A over http-outgoing-1
18:30:17.554 [Test worker] DEBUG com.github.dockerjava.zerodep.shaded.org.apache.hc.client5.http.headers - http-outgoing-1 >> GET /v1.32/containers/b4fc7afd97457a2a6ec84592488a57f900fa52ed03fcd2dbaf8a116bc1f50ab3/json HTTP/1.1
18:30:17.554 [Test worker] DEBUG com.github.dockerjava.zerodep.shaded.org.apache.hc.client5.http.headers - http-outgoing-1 >> accept: application/json
18:30:17.554 [Test worker] DEBUG com.github.dockerjava.zerodep.shaded.org.apache.hc.client5.http.headers - http-outgoing-1 >> x-tc-sid: cdd139c9-cde1-4429-bea7-edb0e651ba16
18:30:17.554 [Test worker] DEBUG com.github.dockerjava.zerodep.shaded.org.apache.hc.client5.http.headers - http-outgoing-1 >> Accept-Encoding: gzip, x-gzip, deflate
18:30:17.554 [Test worker] DEBUG com.github.dockerjava.zerodep.shaded.org.apache.hc.client5.http.headers - http-outgoing-1 >> Host: localhost:2375
18:30:17.554 [Test worker] DEBUG com.github.dockerjava.zerodep.shaded.org.apache.hc.client5.http.headers - http-outgoing-1 >> Connection: keep-alive
18:30:17.554 [Test worker] DEBUG com.github.dockerjava.zerodep.shaded.org.apache.hc.client5.http.headers - http-outgoing-1 >> User-Agent: Apache-HttpClient/5.0.3 (Java/17.0.2)
18:30:17.554 [Test worker] DEBUG com.github.dockerjava.zerodep.shaded.org.apache.hc.client5.http.wire - http-outgoing-1 >> "GET /v1.32/containers/b4fc7afd97457a2a6ec84592488a57f900fa52ed03fcd2dbaf8a116bc1f50ab3/json HTTP/1.1[\r][\n]"
18:30:17.554 [Test worker] DEBUG com.github.dockerjava.zerodep.shaded.org.apache.hc.client5.http.wire - http-outgoing-1 >> "accept: application/json[\r][\n]"
18:30:17.554 [Test worker] DEBUG com.github.dockerjava.zerodep.shaded.org.apache.hc.client5.http.wire - http-outgoing-1 >> "x-tc-sid: cdd139c9-cde1-4429-bea7-edb0e651ba16[\r][\n]"
18:30:17.554 [Test worker] DEBUG com.github.dockerjava.zerodep.shaded.org.apache.hc.client5.http.wire - http-outgoing-1 >> "Accept-Encoding: gzip, x-gzip, deflate[\r][\n]"
18:30:17.554 [Test worker] DEBUG com.github.dockerjava.zerodep.shaded.org.apache.hc.client5.http.wire - http-outgoing-1 >> "Host: localhost:2375[\r][\n]"
18:30:17.554 [Test worker] DEBUG com.github.dockerjava.zerodep.shaded.org.apache.hc.client5.http.wire - http-outgoing-1 >> "Connection: keep-alive[\r][\n]"
18:30:17.554 [Test worker] DEBUG com.github.dockerjava.zerodep.shaded.org.apache.hc.client5.http.wire - http-outgoing-1 >> "User-Agent: Apache-HttpClient/5.0.3 (Java/17.0.2)[\r][\n]"
18:30:17.554 [Test worker] DEBUG com.github.dockerjava.zerodep.shaded.org.apache.hc.client5.http.wire - http-outgoing-1 >> "[\r][\n]"
18:30:17.555 [Test worker] DEBUG com.github.dockerjava.zerodep.shaded.org.apache.hc.client5.http.wire - http-outgoing-1 << "HTTP/1.1 200 OK[\r][\n]"
18:30:17.555 [Test worker] DEBUG com.github.dockerjava.zerodep.shaded.org.apache.hc.client5.http.wire - http-outgoing-1 << "Api-Version: 1.41[\r][\n]"
18:30:17.555 [Test worker] DEBUG com.github.dockerjava.zerodep.shaded.org.apache.hc.client5.http.wire - http-outgoing-1 << "Content-Type: application/json[\r][\n]"
18:30:17.555 [Test worker] DEBUG com.github.dockerjava.zerodep.shaded.org.apache.hc.client5.http.wire - http-outgoing-1 << "Docker-Experimental: false[\r][\n]"
18:30:17.555 [Test worker] DEBUG com.github.dockerjava.zerodep.shaded.org.apache.hc.client5.http.wire - http-outgoing-1 << "Ostype: linux[\r][\n]"
18:30:17.555 [Test worker] DEBUG com.github.dockerjava.zerodep.shaded.org.apache.hc.client5.http.wire - http-outgoing-1 << "Server: Docker/20.10.17 (linux)[\r][\n]"
18:30:17.555 [Test worker] DEBUG com.github.dockerjava.zerodep.shaded.org.apache.hc.client5.http.wire - http-outgoing-1 << "Date: Thu, 08 Dec 2022 21:30:17 GMT[\r][\n]"
18:30:17.555 [Test worker] DEBUG com.github.dockerjava.zerodep.shaded.org.apache.hc.client5.http.wire - http-outgoing-1 << "Transfer-Encoding: chunked[\r][\n]"
18:30:17.555 [Test worker] DEBUG com.github.dockerjava.zerodep.shaded.org.apache.hc.client5.http.wire - http-outgoing-1 << "[\r][\n]"
18:30:17.555 [Test worker] DEBUG com.github.dockerjava.zerodep.shaded.org.apache.hc.client5.http.wire - http-outgoing-1 << "18a6[\r][\n]"
18:30:17.555 [Test worker] DEBUG com.github.dockerjava.zerodep.shaded.org.apache.hc.client5.http.wire - http-outgoing-1 << "{"Id":"b4fc7afd97457a2a6ec84592488a57f900fa52ed03fcd2dbaf8a116bc1f50ab3","Created":"2022-12-08T21:30:11.801619537Z","Path":"docker-entrypoint.sh","Args":["mysqld"],"State":{"Status":"running","Running":true,"Paused":false,"Restarting":false,"OOMKilled":false,"Dead":false,"Pid":148084,"ExitCode":0,"Error":"","StartedAt":"2022-12-08T21:30:12.370762583Z","FinishedAt":"0001-01-01T00:00:00Z"},"Image":"sha256:7484689f290f1defe06b65befc54cb6ad91a667cf0af59a265ffe76c46bd0478","ResolvConfPath":"/var/lib/docker/containers/b4fc7afd97457a2a6ec84592488a57f900fa52ed03fcd2dbaf8a116bc1f50ab3/resolv.conf","HostnamePath":"/var/lib/docker/containers/b4fc7afd97457a2a6ec84592488a57f900fa52ed03fcd2dbaf8a116bc1f50ab3/hostname","HostsPath":"/var/lib/docker/containers/b4fc7afd97457a2a6ec84592488a57f900fa52ed03fcd2dbaf8a116bc1f50ab3/hosts","LogPath":"/var/lib/docker/containers/b4fc7afd97457a2a6ec84592488a57f900fa52ed03fcd2dbaf8a116bc1f50ab3/b4fc7afd97457a2a6ec84592488a57f900fa52ed03fcd2dbaf8a116bc1f50ab3-json.log","Name":"/agitated_ptolemy","RestartCount":0,"Driver":"overlay2","Platform":"linux","MountLabel":"","ProcessLabel":"","AppArmorProfile":"docker-default","ExecIDs":null,"HostConfig":{"Binds":[],"ContainerIDFile":"","LogConfig":{"Type":"json-file","Config":{}},"NetworkMode":"default","PortBindings":{"3306/tcp":[{"HostIp":"","HostPort":""}]},"RestartPolicy":{"Name":"","MaximumRetryCount":0},"AutoRemove":false,"VolumeDriver":"","VolumesFrom":[],"CapAdd":null,"CapDrop":null,"CgroupnsMode":"private","Dns":null,"DnsOptions":null,"DnsSearch":null,"ExtraHosts":[],"GroupAdd":null,"IpcMode":"shareable","Cgroup":"","Links":null,"OomScoreAdj":0,"PidMode":"","Privileged":false,"PublishAllPorts":false,"ReadonlyRootfs":false,"SecurityOpt":null,"UTSMode":"","UsernsMode":"","ShmSize":67108864,"Runtime":"runc","ConsoleSize":[0,0],"Isolation":"","CpuShares":0,"Memory":0,"NanoCpus":0,"CgroupParent":"","BlkioWeight":0,"BlkioWeightDevice":null,"BlkioDeviceReadBps":null,"BlkioDeviceWriteBps":null,"BlkioDeviceReadIOps":null,"BlkioDeviceWriteIOps":null,"CpuPeriod":0,"CpuQuota":0,"CpuRealtimePeriod":0,"CpuRealtimeRuntime":0,"CpusetCpus":"","CpusetMems":"","Devices":null,"DeviceCgroupRules":null,"DeviceRequests":null,"KernelMemory":0,"KernelMemoryTCP":0,"MemoryReservation":0,"MemorySwap":0,"MemorySwappiness":null,"OomKillDisable":null,"PidsLimit":null,"Ulimits":null,"CpuCount":0,"CpuPercent":0,"IOMaximumIOps":0,"IOMaximumBandwidth":0,"MaskedPaths":["/proc/asound","/proc/acpi","/proc/kcore","/proc/keys","/proc/latency_stats","/proc/timer_list","/proc/timer_stats","/proc/sched_debug","/proc/scsi","/sys/firmware"],"ReadonlyPaths":["/proc/bus","/proc/fs","/proc/irq","/proc/sys","/proc/sysrq-trigger"]},"GraphDriver":{"Data":{"LowerDir":"/var/lib/docker/overlay2/05794d51525f65619c615558ef5f93d7c33eef44e12313fdcb3942911d0b5f7d-init/diff:/var/lib/docker/overlay2/f079a69cfd5e80e906b12f05a0c7bfaabc56ce63e947db68b722ae30905f1239/diff:/var/lib/docker/overlay2/9dfb63d6bb556846a13012421dde7951ef83a14d8ce1882287cce66f0f9bd055/diff:/var/lib/docker/overlay2/c4f8874ae33ddd14488f5051cd953acc020fa00ea72d28bd530450c0bc8f9903/diff:/var/lib/docker/overlay2/992683766b46aa5653160e6a34283b579a75000e230890d0ec0a6204af735697/diff:/var/lib/docker/overlay2/6e3fba0e1d6501c91c9bec723bb1364f75599c6c2026a6dc71773c88a49f890a/diff:/var/lib/docker/overlay2/c6c2a366f45a69704761d45d296d71bf2bf315efb15cb06ad88925ed235fad81/diff:/var/lib/docker/overlay2/7555f9b18615244719d04b23296ba418195e5e569d47baf9f1da7c3f053fe194/diff:/var/lib/docker/overlay2/7752eb17f8f8ba44a5ed178f499901fa7eb6f2e031c29ab160ee4eff4db8edaa/diff:/var/lib/docker/overlay2/9683de8b3733106f256bd0eabc7cae13623b14493b9212e863449d42b8a87390/diff:/var/lib/docker/overlay2/f5e28e407d8811526fb7dd82e4fed08d5d3124c0f22f1a9496ed27b2b457d3dd/diff:/var/lib/docker/overlay2/e2980c91c6b3331cff3994ca6f327955bb5feaef0f96bc64edce80631fdbf829/diff","MergedDir":"/var/lib/docker/overlay2/05794d51525f65619c615558ef5f93d7c33eef44e12313fdcb3942911d0b5f7d/merged","UpperDir":"/var/lib/docker/overlay2/05794d51525f65619c615558ef5f93d7c33eef44e12313fdcb3942911d0b5f7d/diff","WorkDir":"/var/lib/docker/overlay2/05794d51525f65619c615558ef5f93d7c33eef44e12313fdcb3942911d0b5f7d/work"},"Name":"overlay2"},"Mounts":[{"Type":"volume","Name":"fe29345a30f82a1c969c40b069133e9d87168ce95967d67ac182ee42c059affb","Source":"/var/lib/docker/volumes/fe29345a30f82a1c969c40b069133e9d87168ce95967d67ac182ee42c059affb/_data","Destination":"/var/lib/mysql","Driver":"local","Mode":"","RW":true,"Propagation":""}],"Config":{"Hostname":"b4fc7afd9745","Domainname":"","User":"","AttachStdin":false,"AttachStdout":false,"AttachStderr":false,"ExposedPorts":{"3306/tcp":{},"33060/tcp":{}},"Tty":false,"OpenStdin":false,"StdinOnce":false,"Env":["MYSQL_DATABASE=adm_videos","MYSQL_PASSWORD=123456","MYSQL_ROOT_PASSWORD=123456","PATH=/usr/local/sbin:/usr/local/bin:/usr/sbin:/usr/bin:/sbin:/bin","GOSU_VERSION=1.14","MYSQL_MAJOR=8.0","MYSQL_VERSION=8.0.31-1.el8","MYSQL_SHELL_VERSION=8.0.31-1.el8"],"Cmd":["mysqld"],"Image":"mysql:latest","Volumes":{"/var/lib/mysql":{}},"WorkingDir":"","Entrypoint":["docker-entrypoint.sh"],"OnBuild":null,"Labels":{"org.testcontainers":"true","org.testcontainers.sessionId":"cdd139c9-cde1-4429-bea7-edb0e651ba16"}},"NetworkSettings":{"Bridge":"","SandboxID":"8404ec7d59006489fa5b6638879180586e9aa24c1c3ae79d40e26a8f453c93b1","HairpinMode":false,"LinkLocalIPv6Address":"","LinkLocalIPv6PrefixLen":0,"Ports":{"3306/tcp":[{"HostIp":"0.0.0.0","HostPort":"49156"},{"HostIp":"::","HostPort":"49156"}],"33060/tcp":null},"SandboxKey":"/var/run/docker/netns/8404ec7d5900","SecondaryIPAddresses":null,"SecondaryIPv6Addresses":null,"EndpointID":"28c851b70d88131a783e3d87b7c50320df5f3250ebca621b1b39353a2424212a","Gateway":"172.17.0.1","GlobalIPv6Address":"","GlobalIPv6PrefixLen":0,"IPAddress":"172.17.0.3","IPPrefixLen":16,"IPv6Gateway":"","MacAddress":"02:42:ac:11:00:03","Networks":{"bridge":{"IPAMConfig":null,"Links":null,"Aliases":null,"NetworkID":"bf06afe94eca8b5ab91eae0dbaa8561a6dd16832d429dcdbaa7ed1e003cfbe56","EndpointID":"28c851b70d88131a783e3d87b7c50320df5f3250ebca621b1b39353a2424212a","Gateway":"172.17.0.1","IPAddress":"172.17.0.3","IPPrefixLen":16,"IPv6Gateway":"","GlobalIPv6Address":"","GlobalIPv6PrefixLen":0,"MacAddress":"02:42:ac:11:00:03","DriverOpts":null}}}}[\n]"
18:30:17.555 [Test worker] DEBUG com.github.dockerjava.zerodep.shaded.org.apache.hc.client5.http.wire - http-outgoing-1 << "[\r][\n]"
18:30:17.555 [Test worker] DEBUG com.github.dockerjava.zerodep.shaded.org.apache.hc.client5.http.wire - http-outgoing-1 << "0[\r][\n]"
18:30:17.555 [Test worker] DEBUG com.github.dockerjava.zerodep.shaded.org.apache.hc.client5.http.wire - http-outgoing-1 << "[\r][\n]"
18:30:17.555 [Test worker] DEBUG com.github.dockerjava.zerodep.shaded.org.apache.hc.client5.http.headers - http-outgoing-1 << HTTP/1.1 200 OK
18:30:17.555 [Test worker] DEBUG com.github.dockerjava.zerodep.shaded.org.apache.hc.client5.http.headers - http-outgoing-1 << Api-Version: 1.41
18:30:17.555 [Test worker] DEBUG com.github.dockerjava.zerodep.shaded.org.apache.hc.client5.http.headers - http-outgoing-1 << Content-Type: application/json
18:30:17.555 [Test worker] DEBUG com.github.dockerjava.zerodep.shaded.org.apache.hc.client5.http.headers - http-outgoing-1 << Docker-Experimental: false
18:30:17.555 [Test worker] DEBUG com.github.dockerjava.zerodep.shaded.org.apache.hc.client5.http.headers - http-outgoing-1 << Ostype: linux
18:30:17.555 [Test worker] DEBUG com.github.dockerjava.zerodep.shaded.org.apache.hc.client5.http.headers - http-outgoing-1 << Server: Docker/20.10.17 (linux)
18:30:17.555 [Test worker] DEBUG com.github.dockerjava.zerodep.shaded.org.apache.hc.client5.http.headers - http-outgoing-1 << Date: Thu, 08 Dec 2022 21:30:17 GMT
18:30:17.555 [Test worker] DEBUG com.github.dockerjava.zerodep.shaded.org.apache.hc.client5.http.headers - http-outgoing-1 << Transfer-Encoding: chunked
18:30:17.555 [Test worker] DEBUG com.github.dockerjava.zerodep.shaded.org.apache.hc.client5.http.impl.classic.MainClientExec - ex-0000003A: connection can be kept alive for 3 MINUTES
18:30:17.563 [Test worker] DEBUG com.github.dockerjava.zerodep.shaded.org.apache.hc.client5.http.impl.classic.InternalHttpClient - ep-00000039: releasing valid endpoint
18:30:17.563 [Test worker] DEBUG com.github.dockerjava.zerodep.shaded.org.apache.hc.client5.http.impl.io.PoolingHttpClientConnectionManager - ep-00000039: releasing endpoint
18:30:17.564 [Test worker] DEBUG com.github.dockerjava.zerodep.shaded.org.apache.hc.client5.http.impl.io.PoolingHttpClientConnectionManager - ep-00000039: connection http-outgoing-1 can be kept alive for 3 MINUTES
18:30:17.564 [Test worker] DEBUG com.github.dockerjava.zerodep.shaded.org.apache.hc.client5.http.impl.io.PoolingHttpClientConnectionManager - ep-00000039: connection released [route: {}->unix://localhost:2375][total available: 1; route allocated: 1 of 2147483647; total allocated: 1 of 2147483647]
18:30:17.564 [Test worker] DEBUG ]]>&#x1f433;<![CDATA[ [mysql:latest] - Trying to create JDBC connection using com.mysql.cj.jdbc.Driver to jdbc:mysql://localhost:49156/adm_videos?useSSL=false&allowPublicKeyRetrieval=true with properties: {password=123456, user=root}
18:30:17.667 [Test worker] DEBUG org.testcontainers.shaded.com.github.dockerjava.core.command.AbstrDockerCmd - Cmd: b4fc7afd97457a2a6ec84592488a57f900fa52ed03fcd2dbaf8a116bc1f50ab3,false
18:30:17.667 [Test worker] DEBUG org.testcontainers.shaded.com.github.dockerjava.core.exec.InspectContainerCmdExec - GET: DefaultWebTarget{path=[/containers/b4fc7afd97457a2a6ec84592488a57f900fa52ed03fcd2dbaf8a116bc1f50ab3/json], queryParams={}}
18:30:17.667 [Test worker] DEBUG com.github.dockerjava.zerodep.shaded.org.apache.hc.client5.http.impl.classic.InternalHttpClient - ex-0000003B: preparing request execution
18:30:17.667 [Test worker] DEBUG com.github.dockerjava.zerodep.shaded.org.apache.hc.client5.http.protocol.RequestAddCookies - Cookie spec selected: strict
18:30:17.667 [Test worker] DEBUG com.github.dockerjava.zerodep.shaded.org.apache.hc.client5.http.protocol.RequestAuthCache - Auth cache not set in the context
18:30:17.667 [Test worker] DEBUG com.github.dockerjava.zerodep.shaded.org.apache.hc.client5.http.impl.classic.ProtocolExec - ex-0000003B: target auth state: UNCHALLENGED
18:30:17.667 [Test worker] DEBUG com.github.dockerjava.zerodep.shaded.org.apache.hc.client5.http.impl.classic.ProtocolExec - ex-0000003B: proxy auth state: UNCHALLENGED
18:30:17.667 [Test worker] DEBUG com.github.dockerjava.zerodep.shaded.org.apache.hc.client5.http.impl.classic.ConnectExec - ex-0000003B: acquiring connection with route {}->unix://localhost:2375
18:30:17.667 [Test worker] DEBUG com.github.dockerjava.zerodep.shaded.org.apache.hc.client5.http.impl.classic.InternalHttpClient - ex-0000003B: acquiring endpoint (3 MINUTES)
18:30:17.667 [Test worker] DEBUG com.github.dockerjava.zerodep.shaded.org.apache.hc.client5.http.impl.io.PoolingHttpClientConnectionManager - ex-0000003B: endpoint lease request (3 MINUTES) [route: {}->unix://localhost:2375][total available: 1; route allocated: 1 of 2147483647; total allocated: 1 of 2147483647]
18:30:17.667 [Test worker] DEBUG com.github.dockerjava.zerodep.shaded.org.apache.hc.client5.http.impl.io.PoolingHttpClientConnectionManager - ex-0000003B: endpoint leased [route: {}->unix://localhost:2375][total available: 0; route allocated: 1 of 2147483647; total allocated: 1 of 2147483647]
18:30:17.668 [Test worker] DEBUG com.github.dockerjava.zerodep.shaded.org.apache.hc.client5.http.impl.io.PoolingHttpClientConnectionManager - ex-0000003B: acquired ep-0000003A
18:30:17.668 [Test worker] DEBUG com.github.dockerjava.zerodep.shaded.org.apache.hc.client5.http.impl.classic.InternalHttpClient - ex-0000003B: acquired endpoint ep-0000003A
18:30:17.668 [Test worker] DEBUG com.github.dockerjava.zerodep.shaded.org.apache.hc.client5.http.impl.classic.MainClientExec - ex-0000003B: executing GET /v1.32/containers/b4fc7afd97457a2a6ec84592488a57f900fa52ed03fcd2dbaf8a116bc1f50ab3/json HTTP/1.1
18:30:17.668 [Test worker] DEBUG com.github.dockerjava.zerodep.shaded.org.apache.hc.client5.http.impl.classic.InternalHttpClient - ep-0000003A: start execution ex-0000003B
18:30:17.668 [Test worker] DEBUG com.github.dockerjava.zerodep.shaded.org.apache.hc.client5.http.impl.io.PoolingHttpClientConnectionManager - ep-0000003A: executing exchange ex-0000003B over http-outgoing-1
18:30:17.668 [Test worker] DEBUG com.github.dockerjava.zerodep.shaded.org.apache.hc.client5.http.headers - http-outgoing-1 >> GET /v1.32/containers/b4fc7afd97457a2a6ec84592488a57f900fa52ed03fcd2dbaf8a116bc1f50ab3/json HTTP/1.1
18:30:17.668 [Test worker] DEBUG com.github.dockerjava.zerodep.shaded.org.apache.hc.client5.http.headers - http-outgoing-1 >> accept: application/json
18:30:17.668 [Test worker] DEBUG com.github.dockerjava.zerodep.shaded.org.apache.hc.client5.http.headers - http-outgoing-1 >> x-tc-sid: cdd139c9-cde1-4429-bea7-edb0e651ba16
18:30:17.668 [Test worker] DEBUG com.github.dockerjava.zerodep.shaded.org.apache.hc.client5.http.headers - http-outgoing-1 >> Accept-Encoding: gzip, x-gzip, deflate
18:30:17.668 [Test worker] DEBUG com.github.dockerjava.zerodep.shaded.org.apache.hc.client5.http.headers - http-outgoing-1 >> Host: localhost:2375
18:30:17.668 [Test worker] DEBUG com.github.dockerjava.zerodep.shaded.org.apache.hc.client5.http.headers - http-outgoing-1 >> Connection: keep-alive
18:30:17.668 [Test worker] DEBUG com.github.dockerjava.zerodep.shaded.org.apache.hc.client5.http.headers - http-outgoing-1 >> User-Agent: Apache-HttpClient/5.0.3 (Java/17.0.2)
18:30:17.668 [Test worker] DEBUG com.github.dockerjava.zerodep.shaded.org.apache.hc.client5.http.wire - http-outgoing-1 >> "GET /v1.32/containers/b4fc7afd97457a2a6ec84592488a57f900fa52ed03fcd2dbaf8a116bc1f50ab3/json HTTP/1.1[\r][\n]"
18:30:17.668 [Test worker] DEBUG com.github.dockerjava.zerodep.shaded.org.apache.hc.client5.http.wire - http-outgoing-1 >> "accept: application/json[\r][\n]"
18:30:17.668 [Test worker] DEBUG com.github.dockerjava.zerodep.shaded.org.apache.hc.client5.http.wire - http-outgoing-1 >> "x-tc-sid: cdd139c9-cde1-4429-bea7-edb0e651ba16[\r][\n]"
18:30:17.668 [Test worker] DEBUG com.github.dockerjava.zerodep.shaded.org.apache.hc.client5.http.wire - http-outgoing-1 >> "Accept-Encoding: gzip, x-gzip, deflate[\r][\n]"
18:30:17.668 [Test worker] DEBUG com.github.dockerjava.zerodep.shaded.org.apache.hc.client5.http.wire - http-outgoing-1 >> "Host: localhost:2375[\r][\n]"
18:30:17.668 [Test worker] DEBUG com.github.dockerjava.zerodep.shaded.org.apache.hc.client5.http.wire - http-outgoing-1 >> "Connection: keep-alive[\r][\n]"
18:30:17.668 [Test worker] DEBUG com.github.dockerjava.zerodep.shaded.org.apache.hc.client5.http.wire - http-outgoing-1 >> "User-Agent: Apache-HttpClient/5.0.3 (Java/17.0.2)[\r][\n]"
18:30:17.668 [Test worker] DEBUG com.github.dockerjava.zerodep.shaded.org.apache.hc.client5.http.wire - http-outgoing-1 >> "[\r][\n]"
18:30:17.668 [Test worker] DEBUG com.github.dockerjava.zerodep.shaded.org.apache.hc.client5.http.wire - http-outgoing-1 << "HTTP/1.1 200 OK[\r][\n]"
18:30:17.668 [Test worker] DEBUG com.github.dockerjava.zerodep.shaded.org.apache.hc.client5.http.wire - http-outgoing-1 << "Api-Version: 1.41[\r][\n]"
18:30:17.668 [Test worker] DEBUG com.github.dockerjava.zerodep.shaded.org.apache.hc.client5.http.wire - http-outgoing-1 << "Content-Type: application/json[\r][\n]"
18:30:17.668 [Test worker] DEBUG com.github.dockerjava.zerodep.shaded.org.apache.hc.client5.http.wire - http-outgoing-1 << "Docker-Experimental: false[\r][\n]"
18:30:17.668 [Test worker] DEBUG com.github.dockerjava.zerodep.shaded.org.apache.hc.client5.http.wire - http-outgoing-1 << "Ostype: linux[\r][\n]"
18:30:17.668 [Test worker] DEBUG com.github.dockerjava.zerodep.shaded.org.apache.hc.client5.http.wire - http-outgoing-1 << "Server: Docker/20.10.17 (linux)[\r][\n]"
18:30:17.668 [Test worker] DEBUG com.github.dockerjava.zerodep.shaded.org.apache.hc.client5.http.wire - http-outgoing-1 << "Date: Thu, 08 Dec 2022 21:30:17 GMT[\r][\n]"
18:30:17.668 [Test worker] DEBUG com.github.dockerjava.zerodep.shaded.org.apache.hc.client5.http.wire - http-outgoing-1 << "Transfer-Encoding: chunked[\r][\n]"
18:30:17.668 [Test worker] DEBUG com.github.dockerjava.zerodep.shaded.org.apache.hc.client5.http.wire - http-outgoing-1 << "[\r][\n]"
18:30:17.668 [Test worker] DEBUG com.github.dockerjava.zerodep.shaded.org.apache.hc.client5.http.wire - http-outgoing-1 << "18a6[\r][\n]"
18:30:17.668 [Test worker] DEBUG com.github.dockerjava.zerodep.shaded.org.apache.hc.client5.http.wire - http-outgoing-1 << "{"Id":"b4fc7afd97457a2a6ec84592488a57f900fa52ed03fcd2dbaf8a116bc1f50ab3","Created":"2022-12-08T21:30:11.801619537Z","Path":"docker-entrypoint.sh","Args":["mysqld"],"State":{"Status":"running","Running":true,"Paused":false,"Restarting":false,"OOMKilled":false,"Dead":false,"Pid":148084,"ExitCode":0,"Error":"","StartedAt":"2022-12-08T21:30:12.370762583Z","FinishedAt":"0001-01-01T00:00:00Z"},"Image":"sha256:7484689f290f1defe06b65befc54cb6ad91a667cf0af59a265ffe76c46bd0478","ResolvConfPath":"/var/lib/docker/containers/b4fc7afd97457a2a6ec84592488a57f900fa52ed03fcd2dbaf8a116bc1f50ab3/resolv.conf","HostnamePath":"/var/lib/docker/containers/b4fc7afd97457a2a6ec84592488a57f900fa52ed03fcd2dbaf8a116bc1f50ab3/hostname","HostsPath":"/var/lib/docker/containers/b4fc7afd97457a2a6ec84592488a57f900fa52ed03fcd2dbaf8a116bc1f50ab3/hosts","LogPath":"/var/lib/docker/containers/b4fc7afd97457a2a6ec84592488a57f900fa52ed03fcd2dbaf8a116bc1f50ab3/b4fc7afd97457a2a6ec84592488a57f900fa52ed03fcd2dbaf8a116bc1f50ab3-json.log","Name":"/agitated_ptolemy","RestartCount":0,"Driver":"overlay2","Platform":"linux","MountLabel":"","ProcessLabel":"","AppArmorProfile":"docker-default","ExecIDs":null,"HostConfig":{"Binds":[],"ContainerIDFile":"","LogConfig":{"Type":"json-file","Config":{}},"NetworkMode":"default","PortBindings":{"3306/tcp":[{"HostIp":"","HostPort":""}]},"RestartPolicy":{"Name":"","MaximumRetryCount":0},"AutoRemove":false,"VolumeDriver":"","VolumesFrom":[],"CapAdd":null,"CapDrop":null,"CgroupnsMode":"private","Dns":null,"DnsOptions":null,"DnsSearch":null,"ExtraHosts":[],"GroupAdd":null,"IpcMode":"shareable","Cgroup":"","Links":null,"OomScoreAdj":0,"PidMode":"","Privileged":false,"PublishAllPorts":false,"ReadonlyRootfs":false,"SecurityOpt":null,"UTSMode":"","UsernsMode":"","ShmSize":67108864,"Runtime":"runc","ConsoleSize":[0,0],"Isolation":"","CpuShares":0,"Memory":0,"NanoCpus":0,"CgroupParent":"","BlkioWeight":0,"BlkioWeightDevice":null,"BlkioDeviceReadBps":null,"BlkioDeviceWriteBps":null,"BlkioDeviceReadIOps":null,"BlkioDeviceWriteIOps":null,"CpuPeriod":0,"CpuQuota":0,"CpuRealtimePeriod":0,"CpuRealtimeRuntime":0,"CpusetCpus":"","CpusetMems":"","Devices":null,"DeviceCgroupRules":null,"DeviceRequests":null,"KernelMemory":0,"KernelMemoryTCP":0,"MemoryReservation":0,"MemorySwap":0,"MemorySwappiness":null,"OomKillDisable":null,"PidsLimit":null,"Ulimits":null,"CpuCount":0,"CpuPercent":0,"IOMaximumIOps":0,"IOMaximumBandwidth":0,"MaskedPaths":["/proc/asound","/proc/acpi","/proc/kcore","/proc/keys","/proc/latency_stats","/proc/timer_list","/proc/timer_stats","/proc/sched_debug","/proc/scsi","/sys/firmware"],"ReadonlyPaths":["/proc/bus","/proc/fs","/proc/irq","/proc/sys","/proc/sysrq-trigger"]},"GraphDriver":{"Data":{"LowerDir":"/var/lib/docker/overlay2/05794d51525f65619c615558ef5f93d7c33eef44e12313fdcb3942911d0b5f7d-init/diff:/var/lib/docker/overlay2/f079a69cfd5e80e906b12f05a0c7bfaabc56ce63e947db68b722ae30905f1239/diff:/var/lib/docker/overlay2/9dfb63d6bb556846a13012421dde7951ef83a14d8ce1882287cce66f0f9bd055/diff:/var/lib/docker/overlay2/c4f8874ae33ddd14488f5051cd953acc020fa00ea72d28bd530450c0bc8f9903/diff:/var/lib/docker/overlay2/992683766b46aa5653160e6a34283b579a75000e230890d0ec0a6204af735697/diff:/var/lib/docker/overlay2/6e3fba0e1d6501c91c9bec723bb1364f75599c6c2026a6dc71773c88a49f890a/diff:/var/lib/docker/overlay2/c6c2a366f45a69704761d45d296d71bf2bf315efb15cb06ad88925ed235fad81/diff:/var/lib/docker/overlay2/7555f9b18615244719d04b23296ba418195e5e569d47baf9f1da7c3f053fe194/diff:/var/lib/docker/overlay2/7752eb17f8f8ba44a5ed178f499901fa7eb6f2e031c29ab160ee4eff4db8edaa/diff:/var/lib/docker/overlay2/9683de8b3733106f256bd0eabc7cae13623b14493b9212e863449d42b8a87390/diff:/var/lib/docker/overlay2/f5e28e407d8811526fb7dd82e4fed08d5d3124c0f22f1a9496ed27b2b457d3dd/diff:/var/lib/docker/overlay2/e2980c91c6b3331cff3994ca6f327955bb5feaef0f96bc64edce80631fdbf829/di"
18:30:17.669 [Test worker] DEBUG com.github.dockerjava.zerodep.shaded.org.apache.hc.client5.http.headers - http-outgoing-1 << HTTP/1.1 200 OK
18:30:17.669 [Test worker] DEBUG com.github.dockerjava.zerodep.shaded.org.apache.hc.client5.http.headers - http-outgoing-1 << Api-Version: 1.41
18:30:17.669 [Test worker] DEBUG com.github.dockerjava.zerodep.shaded.org.apache.hc.client5.http.headers - http-outgoing-1 << Content-Type: application/json
18:30:17.669 [Test worker] DEBUG com.github.dockerjava.zerodep.shaded.org.apache.hc.client5.http.headers - http-outgoing-1 << Docker-Experimental: false
18:30:17.669 [Test worker] DEBUG com.github.dockerjava.zerodep.shaded.org.apache.hc.client5.http.headers - http-outgoing-1 << Ostype: linux
18:30:17.669 [Test worker] DEBUG com.github.dockerjava.zerodep.shaded.org.apache.hc.client5.http.headers - http-outgoing-1 << Server: Docker/20.10.17 (linux)
18:30:17.669 [Test worker] DEBUG com.github.dockerjava.zerodep.shaded.org.apache.hc.client5.http.headers - http-outgoing-1 << Date: Thu, 08 Dec 2022 21:30:17 GMT
18:30:17.669 [Test worker] DEBUG com.github.dockerjava.zerodep.shaded.org.apache.hc.client5.http.headers - http-outgoing-1 << Transfer-Encoding: chunked
18:30:17.669 [Test worker] DEBUG com.github.dockerjava.zerodep.shaded.org.apache.hc.client5.http.impl.classic.MainClientExec - ex-0000003B: connection can be kept alive for 3 MINUTES
18:30:17.669 [Test worker] DEBUG com.github.dockerjava.zerodep.shaded.org.apache.hc.client5.http.wire - http-outgoing-1 << "ff","MergedDir":"/var/lib/docker/overlay2/05794d51525f65619c615558ef5f93d7c33eef44e12313fdcb3942911d0b5f7d/merged","UpperDir":"/var/lib/docker/overlay2/05794d51525f65619c615558ef5f93d7c33eef44e12313fdcb3942911d0b5f7d/diff","WorkDir":"/var/lib/docker/overlay2/05794d51525f65619c615558ef5f93d7c33eef44e12313fdcb3942911d0b5f7d/work"},"Name":"overlay2"},"Mounts":[{"Type":"volume","Name":"fe29345a30f82a1c969c40b069133e9d87168ce95967d67ac182ee42c059affb","Source":"/var/lib/docker/volumes/fe29345a30f82a1c969c40b069133e9d87168ce95967d67ac182ee42c059affb/_data","Destination":"/var/lib/mysql","Driver":"local","Mode":"","RW":true,"Propagation":""}],"Config":{"Hostname":"b4fc7afd9745","Domainname":"","User":"","AttachStdin":false,"AttachStdout":false,"AttachStderr":false,"ExposedPorts":{"3306/tcp":{},"33060/tcp":{}},"Tty":false,"OpenStdin":false,"StdinOnce":false,"Env":["MYSQL_DATABASE=adm_videos","MYSQL_PASSWORD=123456","MYSQL_ROOT_PASSWORD=123456","PATH=/usr/local/sbin:/usr/local/bin:/usr/sbin:/usr/bin:/sbin:/bin","GOSU_VERSION=1.14","MYSQL_MAJOR=8.0","MYSQL_VERSION=8.0.31-1.el8","MYSQL_SHELL_VERSION=8.0.31-1.el8"],"Cmd":["mysqld"],"Image":"mysql:latest","Volumes":{"/var/lib/mysql":{}},"WorkingDir":"","Entrypoint":["docker-entrypoint.sh"],"OnBuild":null,"Labels":{"org.testcontainers":"true","org.testcontainers.sessionId":"cdd139c9-cde1-4429-bea7-edb0e651ba16"}},"NetworkSettings":{"Bridge":"","SandboxID":"8404ec7d59006489fa5b6638879180586e9aa24c1c3ae79d40e26a8f453c93b1","HairpinMode":false,"LinkLocalIPv6Address":"","LinkLocalIPv6PrefixLen":0,"Ports":{"3306/tcp":[{"HostIp":"0.0.0.0","HostPort":"49156"},{"HostIp":"::","HostPort":"49156"}],"33060/tcp":null},"SandboxKey":"/var/run/docker/netns/8404ec7d5900","SecondaryIPAddresses":null,"SecondaryIPv6Addresses":null,"EndpointID":"28c851b70d88131a783e3d87b7c50320df5f3250ebca621b1b39353a2424212a","Gateway":"172.17.0.1","GlobalIPv6Address":"","GlobalIPv6PrefixLen":0,"IPAddress":"172.17.0.3","IPPrefixLen":16,"IPv6Gateway":"","MacAddress":"02:42:ac:11:00:03","Networks":{"bridge":{"IPAMConfig":null,"Links":null,"Aliases":null,"NetworkID":"bf06afe94eca8b5ab91eae0dbaa8561a6dd16832d429dcdbaa7ed1e003cfbe56","EndpointID":"28c851b70d88131a783e3d87b7c50320df5f3250ebca621b1b39353a2424212a","Gateway":"172.17.0.1","IPAddress":"172.17.0.3","IPPrefixLen":16,"IPv6Gateway":"","GlobalIPv6Address":"","GlobalIPv6PrefixLen":0,"MacAddress":"02:42:ac:11:00:03","DriverOpts":null}}}}[\n]"
18:30:17.669 [Test worker] DEBUG com.github.dockerjava.zerodep.shaded.org.apache.hc.client5.http.wire - http-outgoing-1 << "[\r][\n]"
18:30:17.669 [Test worker] DEBUG com.github.dockerjava.zerodep.shaded.org.apache.hc.client5.http.wire - http-outgoing-1 << "0[\r][\n]"
18:30:17.669 [Test worker] DEBUG com.github.dockerjava.zerodep.shaded.org.apache.hc.client5.http.wire - http-outgoing-1 << "[\r][\n]"
18:30:17.669 [Test worker] DEBUG com.github.dockerjava.zerodep.shaded.org.apache.hc.client5.http.impl.classic.InternalHttpClient - ep-0000003A: releasing valid endpoint
18:30:17.669 [Test worker] DEBUG com.github.dockerjava.zerodep.shaded.org.apache.hc.client5.http.impl.io.PoolingHttpClientConnectionManager - ep-0000003A: releasing endpoint
18:30:17.670 [Test worker] DEBUG com.github.dockerjava.zerodep.shaded.org.apache.hc.client5.http.impl.io.PoolingHttpClientConnectionManager - ep-0000003A: connection http-outgoing-1 can be kept alive for 3 MINUTES
18:30:17.670 [Test worker] DEBUG com.github.dockerjava.zerodep.shaded.org.apache.hc.client5.http.impl.io.PoolingHttpClientConnectionManager - ep-0000003A: connection released [route: {}->unix://localhost:2375][total available: 1; route allocated: 1 of 2147483647; total allocated: 1 of 2147483647]
18:30:17.670 [Test worker] DEBUG ]]>&#x1f433;<![CDATA[ [mysql:latest] - Trying to create JDBC connection using com.mysql.cj.jdbc.Driver to jdbc:mysql://localhost:49156/adm_videos?useSSL=false&allowPublicKeyRetrieval=true with properties: {password=123456, user=root}
18:30:17.771 [Test worker] DEBUG org.testcontainers.shaded.com.github.dockerjava.core.command.AbstrDockerCmd - Cmd: b4fc7afd97457a2a6ec84592488a57f900fa52ed03fcd2dbaf8a116bc1f50ab3,false
18:30:17.771 [Test worker] DEBUG org.testcontainers.shaded.com.github.dockerjava.core.exec.InspectContainerCmdExec - GET: DefaultWebTarget{path=[/containers/b4fc7afd97457a2a6ec84592488a57f900fa52ed03fcd2dbaf8a116bc1f50ab3/json], queryParams={}}
18:30:17.772 [Test worker] DEBUG com.github.dockerjava.zerodep.shaded.org.apache.hc.client5.http.impl.classic.InternalHttpClient - ex-0000003C: preparing request execution
18:30:17.772 [Test worker] DEBUG com.github.dockerjava.zerodep.shaded.org.apache.hc.client5.http.protocol.RequestAddCookies - Cookie spec selected: strict
18:30:17.772 [Test worker] DEBUG com.github.dockerjava.zerodep.shaded.org.apache.hc.client5.http.protocol.RequestAuthCache - Auth cache not set in the context
18:30:17.772 [Test worker] DEBUG com.github.dockerjava.zerodep.shaded.org.apache.hc.client5.http.impl.classic.ProtocolExec - ex-0000003C: target auth state: UNCHALLENGED
18:30:17.772 [Test worker] DEBUG com.github.dockerjava.zerodep.shaded.org.apache.hc.client5.http.impl.classic.ProtocolExec - ex-0000003C: proxy auth state: UNCHALLENGED
18:30:17.772 [Test worker] DEBUG com.github.dockerjava.zerodep.shaded.org.apache.hc.client5.http.impl.classic.ConnectExec - ex-0000003C: acquiring connection with route {}->unix://localhost:2375
18:30:17.772 [Test worker] DEBUG com.github.dockerjava.zerodep.shaded.org.apache.hc.client5.http.impl.classic.InternalHttpClient - ex-0000003C: acquiring endpoint (3 MINUTES)
18:30:17.772 [Test worker] DEBUG com.github.dockerjava.zerodep.shaded.org.apache.hc.client5.http.impl.io.PoolingHttpClientConnectionManager - ex-0000003C: endpoint lease request (3 MINUTES) [route: {}->unix://localhost:2375][total available: 1; route allocated: 1 of 2147483647; total allocated: 1 of 2147483647]
18:30:17.772 [Test worker] DEBUG com.github.dockerjava.zerodep.shaded.org.apache.hc.client5.http.impl.io.PoolingHttpClientConnectionManager - ex-0000003C: endpoint leased [route: {}->unix://localhost:2375][total available: 0; route allocated: 1 of 2147483647; total allocated: 1 of 2147483647]
18:30:17.772 [Test worker] DEBUG com.github.dockerjava.zerodep.shaded.org.apache.hc.client5.http.impl.io.PoolingHttpClientConnectionManager - ex-0000003C: acquired ep-0000003B
18:30:17.772 [Test worker] DEBUG com.github.dockerjava.zerodep.shaded.org.apache.hc.client5.http.impl.classic.InternalHttpClient - ex-0000003C: acquired endpoint ep-0000003B
18:30:17.772 [Test worker] DEBUG com.github.dockerjava.zerodep.shaded.org.apache.hc.client5.http.impl.classic.MainClientExec - ex-0000003C: executing GET /v1.32/containers/b4fc7afd97457a2a6ec84592488a57f900fa52ed03fcd2dbaf8a116bc1f50ab3/json HTTP/1.1
18:30:17.772 [Test worker] DEBUG com.github.dockerjava.zerodep.shaded.org.apache.hc.client5.http.impl.classic.InternalHttpClient - ep-0000003B: start execution ex-0000003C
18:30:17.772 [Test worker] DEBUG com.github.dockerjava.zerodep.shaded.org.apache.hc.client5.http.impl.io.PoolingHttpClientConnectionManager - ep-0000003B: executing exchange ex-0000003C over http-outgoing-1
18:30:17.772 [Test worker] DEBUG com.github.dockerjava.zerodep.shaded.org.apache.hc.client5.http.headers - http-outgoing-1 >> GET /v1.32/containers/b4fc7afd97457a2a6ec84592488a57f900fa52ed03fcd2dbaf8a116bc1f50ab3/json HTTP/1.1
18:30:17.772 [Test worker] DEBUG com.github.dockerjava.zerodep.shaded.org.apache.hc.client5.http.headers - http-outgoing-1 >> accept: application/json
18:30:17.772 [Test worker] DEBUG com.github.dockerjava.zerodep.shaded.org.apache.hc.client5.http.headers - http-outgoing-1 >> x-tc-sid: cdd139c9-cde1-4429-bea7-edb0e651ba16
18:30:17.772 [Test worker] DEBUG com.github.dockerjava.zerodep.shaded.org.apache.hc.client5.http.headers - http-outgoing-1 >> Accept-Encoding: gzip, x-gzip, deflate
18:30:17.772 [Test worker] DEBUG com.github.dockerjava.zerodep.shaded.org.apache.hc.client5.http.headers - http-outgoing-1 >> Host: localhost:2375
18:30:17.772 [Test worker] DEBUG com.github.dockerjava.zerodep.shaded.org.apache.hc.client5.http.headers - http-outgoing-1 >> Connection: keep-alive
18:30:17.772 [Test worker] DEBUG com.github.dockerjava.zerodep.shaded.org.apache.hc.client5.http.headers - http-outgoing-1 >> User-Agent: Apache-HttpClient/5.0.3 (Java/17.0.2)
18:30:17.772 [Test worker] DEBUG com.github.dockerjava.zerodep.shaded.org.apache.hc.client5.http.wire - http-outgoing-1 >> "GET /v1.32/containers/b4fc7afd97457a2a6ec84592488a57f900fa52ed03fcd2dbaf8a116bc1f50ab3/json HTTP/1.1[\r][\n]"
18:30:17.772 [Test worker] DEBUG com.github.dockerjava.zerodep.shaded.org.apache.hc.client5.http.wire - http-outgoing-1 >> "accept: application/json[\r][\n]"
18:30:17.772 [Test worker] DEBUG com.github.dockerjava.zerodep.shaded.org.apache.hc.client5.http.wire - http-outgoing-1 >> "x-tc-sid: cdd139c9-cde1-4429-bea7-edb0e651ba16[\r][\n]"
18:30:17.772 [Test worker] DEBUG com.github.dockerjava.zerodep.shaded.org.apache.hc.client5.http.wire - http-outgoing-1 >> "Accept-Encoding: gzip, x-gzip, deflate[\r][\n]"
18:30:17.772 [Test worker] DEBUG com.github.dockerjava.zerodep.shaded.org.apache.hc.client5.http.wire - http-outgoing-1 >> "Host: localhost:2375[\r][\n]"
18:30:17.772 [Test worker] DEBUG com.github.dockerjava.zerodep.shaded.org.apache.hc.client5.http.wire - http-outgoing-1 >> "Connection: keep-alive[\r][\n]"
18:30:17.772 [Test worker] DEBUG com.github.dockerjava.zerodep.shaded.org.apache.hc.client5.http.wire - http-outgoing-1 >> "User-Agent: Apache-HttpClient/5.0.3 (Java/17.0.2)[\r][\n]"
18:30:17.772 [Test worker] DEBUG com.github.dockerjava.zerodep.shaded.org.apache.hc.client5.http.wire - http-outgoing-1 >> "[\r][\n]"
18:30:17.772 [Test worker] DEBUG com.github.dockerjava.zerodep.shaded.org.apache.hc.client5.http.wire - http-outgoing-1 << "HTTP/1.1 200 OK[\r][\n]"
18:30:17.772 [Test worker] DEBUG com.github.dockerjava.zerodep.shaded.org.apache.hc.client5.http.wire - http-outgoing-1 << "Api-Version: 1.41[\r][\n]"
18:30:17.772 [Test worker] DEBUG com.github.dockerjava.zerodep.shaded.org.apache.hc.client5.http.wire - http-outgoing-1 << "Content-Type: application/json[\r][\n]"
18:30:17.772 [Test worker] DEBUG com.github.dockerjava.zerodep.shaded.org.apache.hc.client5.http.wire - http-outgoing-1 << "Docker-Experimental: false[\r][\n]"
18:30:17.772 [Test worker] DEBUG com.github.dockerjava.zerodep.shaded.org.apache.hc.client5.http.wire - http-outgoing-1 << "Ostype: linux[\r][\n]"
18:30:17.772 [Test worker] DEBUG com.github.dockerjava.zerodep.shaded.org.apache.hc.client5.http.wire - http-outgoing-1 << "Server: Docker/20.10.17 (linux)[\r][\n]"
18:30:17.772 [Test worker] DEBUG com.github.dockerjava.zerodep.shaded.org.apache.hc.client5.http.wire - http-outgoing-1 << "Date: Thu, 08 Dec 2022 21:30:17 GMT[\r][\n]"
18:30:17.772 [Test worker] DEBUG com.github.dockerjava.zerodep.shaded.org.apache.hc.client5.http.wire - http-outgoing-1 << "Transfer-Encoding: chunked[\r][\n]"
18:30:17.772 [Test worker] DEBUG com.github.dockerjava.zerodep.shaded.org.apache.hc.client5.http.wire - http-outgoing-1 << "[\r][\n]"
18:30:17.772 [Test worker] DEBUG com.github.dockerjava.zerodep.shaded.org.apache.hc.client5.http.wire - http-outgoing-1 << "18a6[\r][\n]"
18:30:17.773 [Test worker] DEBUG com.github.dockerjava.zerodep.shaded.org.apache.hc.client5.http.wire - http-outgoing-1 << "{"Id":"b4fc7afd97457a2a6ec84592488a57f900fa52ed03fcd2dbaf8a116bc1f50ab3","Created":"2022-12-08T21:30:11.801619537Z","Path":"docker-entrypoint.sh","Args":["mysqld"],"State":{"Status":"running","Running":true,"Paused":false,"Restarting":false,"OOMKilled":false,"Dead":false,"Pid":148084,"ExitCode":0,"Error":"","StartedAt":"2022-12-08T21:30:12.370762583Z","FinishedAt":"0001-01-01T00:00:00Z"},"Image":"sha256:7484689f290f1defe06b65befc54cb6ad91a667cf0af59a265ffe76c46bd0478","ResolvConfPath":"/var/lib/docker/containers/b4fc7afd97457a2a6ec84592488a57f900fa52ed03fcd2dbaf8a116bc1f50ab3/resolv.conf","HostnamePath":"/var/lib/docker/containers/b4fc7afd97457a2a6ec84592488a57f900fa52ed03fcd2dbaf8a116bc1f50ab3/hostname","HostsPath":"/var/lib/docker/containers/b4fc7afd97457a2a6ec84592488a57f900fa52ed03fcd2dbaf8a116bc1f50ab3/hosts","LogPath":"/var/lib/docker/containers/b4fc7afd97457a2a6ec84592488a57f900fa52ed03fcd2dbaf8a116bc1f50ab3/b4fc7afd97457a2a6ec84592488a57f900fa52ed03fcd2dbaf8a116bc1f50ab3-json.log","Name":"/agitated_ptolemy","RestartCount":0,"Driver":"overlay2","Platform":"linux","MountLabel":"","ProcessLabel":"","AppArmorProfile":"docker-default","ExecIDs":null,"HostConfig":{"Binds":[],"ContainerIDFile":"","LogConfig":{"Type":"json-file","Config":{}},"NetworkMode":"default","PortBindings":{"3306/tcp":[{"HostIp":"","HostPort":""}]},"RestartPolicy":{"Name":"","MaximumRetryCount":0},"AutoRemove":false,"VolumeDriver":"","VolumesFrom":[],"CapAdd":null,"CapDrop":null,"CgroupnsMode":"private","Dns":null,"DnsOptions":null,"DnsSearch":null,"ExtraHosts":[],"GroupAdd":null,"IpcMode":"shareable","Cgroup":"","Links":null,"OomScoreAdj":0,"PidMode":"","Privileged":false,"PublishAllPorts":false,"ReadonlyRootfs":false,"SecurityOpt":null,"UTSMode":"","UsernsMode":"","ShmSize":67108864,"Runtime":"runc","ConsoleSize":[0,0],"Isolation":"","CpuShares":0,"Memory":0,"NanoCpus":0,"CgroupParent":"","BlkioWeight":0,"BlkioWeightDevice":null,"BlkioDeviceReadBps":null,"BlkioDeviceWriteBps":null,"BlkioDeviceReadIOps":null,"BlkioDeviceWriteIOps":null,"CpuPeriod":0,"CpuQuota":0,"CpuRealtimePeriod":0,"CpuRealtimeRuntime":0,"CpusetCpus":"","CpusetMems":"","Devices":null,"DeviceCgroupRules":null,"DeviceRequests":null,"KernelMemory":0,"KernelMemoryTCP":0,"MemoryReservation":0,"MemorySwap":0,"MemorySwappiness":null,"OomKillDisable":null,"PidsLimit":null,"Ulimits":null,"CpuCount":0,"CpuPercent":0,"IOMaximumIOps":0,"IOMaximumBandwidth":0,"MaskedPaths":["/proc/asound","/proc/acpi","/proc/kcore","/proc/keys","/proc/latency_stats","/proc/timer_list","/proc/timer_stats","/proc/sched_debug","/proc/scsi","/sys/firmware"],"ReadonlyPaths":["/proc/bus","/proc/fs","/proc/irq","/proc/sys","/proc/sysrq-trigger"]},"GraphDriver":{"Data":{"LowerDir":"/var/lib/docker/overlay2/05794d51525f65619c615558ef5f93d7c33eef44e12313fdcb3942911d0b5f7d-init/diff:/var/lib/docker/overlay2/f079a69cfd5e80e906b12f05a0c7bfaabc56ce63e947db68b722ae30905f1239/diff:/var/lib/docker/overlay2/9dfb63d6bb556846a13012421dde7951ef83a14d8ce1882287cce66f0f9bd055/diff:/var/lib/docker/overlay2/c4f8874ae33ddd14488f5051cd953acc020fa00ea72d28bd530450c0bc8f9903/diff:/var/lib/docker/overlay2/992683766b46aa5653160e6a34283b579a75000e230890d0ec0a6204af735697/diff:/var/lib/docker/overlay2/6e3fba0e1d6501c91c9bec723bb1364f75599c6c2026a6dc71773c88a49f890a/diff:/var/lib/docker/overlay2/c6c2a366f45a69704761d45d296d71bf2bf315efb15cb06ad88925ed235fad81/diff:/var/lib/docker/overlay2/7555f9b18615244719d04b23296ba418195e5e569d47baf9f1da7c3f053fe194/diff:/var/lib/docker/overlay2/7752eb17f8f8ba44a5ed178f499901fa7eb6f2e031c29ab160ee4eff4db8edaa/diff:/var/lib/docker/overlay2/9683de8b3733106f256bd0eabc7cae13623b14493b9212e863449d42b8a87390/diff:/var/lib/docker/overlay2/f5e28e407d8811526fb7dd82e4fed08d5d3124c0f22f1a9496ed27b2b457d3dd/diff:/var/lib/docker/overlay2/e2980c91c6b3331cff3994ca6f327955bb5feaef0f96bc64edce80631fdbf829/diff","MergedDir":"/var/lib/docker/overlay2/05794d51525f65619c615558ef5f93d7c33eef44e12313fdcb3942911d0b5f7d/merged","UpperDir":"/var/lib/docker/overlay2/05794d51525f65619c615558ef5f93d7c33eef44e12313fdcb3942911d0b5f7d/diff","WorkDir":"/var/lib/docker/overlay2/05794d51525f65619c615558ef5f93d7c33eef44e12313fdcb3942911d0b5f7d/work"},"Name":"overlay2"},"Mounts":[{"Type":"volume","Name":"fe29345a30f82a1c969c40b069133e9d87168ce95967d67ac182ee42c059affb","Source":"/var/lib/docker/volumes/fe29345a30f82a1c969c40b069133e9d87168ce95967d67ac182ee42c059affb/_data","Destination":"/var/lib/mysql","Driver":"local","Mode":"","RW":true,"Propagation":""}],"Config":{"Hostname":"b4fc7afd9745","Domainname":"","User":"","AttachStdin":false,"AttachStdout":false,"AttachStderr":false,"ExposedPorts":{"3306/tcp":{},"33060/tcp":{}},"Tty":false,"OpenStdin":false,"StdinOnce":false,"Env":["MYSQL_DATABASE=adm_videos","MYSQL_PASSWORD=123456","MYSQL_ROOT_PASSWORD=123456","PATH=/usr/local/sbin:/usr/local/bin:/usr/sbin:/usr/bin:/sbin:/bin","GOSU_VERSION=1.14","MYSQL_MAJOR=8.0","MYSQL_VERSION=8.0.31-1.el8","MYSQL_SHELL_VERSION=8.0.31-1.el8"],"Cmd":["mysqld"],"Image":"mysql:latest","Volumes":{"/var/lib/mysql":{}},"WorkingDir":"","Entrypoint":["docker-entrypoint.sh"],"OnBuild":null,"Labels":{"org.testcontainers":"true","org.testcontainers.sessionId":"cdd139c9-cde1-4429-bea7-edb0e651ba16"}},"NetworkSettings":{"Bridge":"","SandboxID":"8404ec7d59006489fa5b6638879180586e9aa24c1c3ae79d40e26a8f453c93b1","HairpinMode":false,"LinkLocalIPv6Address":"","LinkLocalIPv6PrefixLen":0,"Ports":{"3306/tcp":[{"HostIp":"0.0.0.0","HostPort":"49156"},{"HostIp":"::","HostPort":"49156"}],"33060/tcp":null},"SandboxKey":"/var/run/docker/netns/8404ec7d5900","SecondaryIPAddresses":null,"SecondaryIPv6Addresses":null,"EndpointID":"28c851b70d88131a783e3d87b7c50320df5f3250ebca621b1b39353a2424212a","Gateway":"172.17.0.1","GlobalIPv6Address":"","GlobalIPv6PrefixLen":0,"IPAddress":"172.17.0.3","IPPrefixLen":16,"IPv6Gateway":"","MacAddress":"02:42:ac:11:00:03","Networks":{"bridge":{"IPAMConfig":null,"Links":null,"Aliases":null,"NetworkID":"bf06afe94eca8b5ab91eae0dbaa8561a6dd16832d429dcdbaa7ed1e003cfbe56","EndpointID":"28c851b70d88131a783e3d87b7c50320df5f3250ebca621b1b39353a2424212a","Gateway":"172.17.0.1","IPAddress":"172.17.0.3","IPPrefixLen":16,"IPv6Gateway":"","GlobalIPv6Address":"","GlobalIPv6PrefixLen":0,"MacAddress":"02:42:ac:11:00:03","DriverOpts":null}}}}[\n]"
18:30:17.773 [Test worker] DEBUG com.github.dockerjava.zerodep.shaded.org.apache.hc.client5.http.wire - http-outgoing-1 << "[\r][\n]"
18:30:17.773 [Test worker] DEBUG com.github.dockerjava.zerodep.shaded.org.apache.hc.client5.http.wire - http-outgoing-1 << "0[\r][\n]"
18:30:17.773 [Test worker] DEBUG com.github.dockerjava.zerodep.shaded.org.apache.hc.client5.http.wire - http-outgoing-1 << "[\r][\n]"
18:30:17.773 [Test worker] DEBUG com.github.dockerjava.zerodep.shaded.org.apache.hc.client5.http.headers - http-outgoing-1 << HTTP/1.1 200 OK
18:30:17.773 [Test worker] DEBUG com.github.dockerjava.zerodep.shaded.org.apache.hc.client5.http.headers - http-outgoing-1 << Api-Version: 1.41
18:30:17.773 [Test worker] DEBUG com.github.dockerjava.zerodep.shaded.org.apache.hc.client5.http.headers - http-outgoing-1 << Content-Type: application/json
18:30:17.773 [Test worker] DEBUG com.github.dockerjava.zerodep.shaded.org.apache.hc.client5.http.headers - http-outgoing-1 << Docker-Experimental: false
18:30:17.773 [Test worker] DEBUG com.github.dockerjava.zerodep.shaded.org.apache.hc.client5.http.headers - http-outgoing-1 << Ostype: linux
18:30:17.773 [Test worker] DEBUG com.github.dockerjava.zerodep.shaded.org.apache.hc.client5.http.headers - http-outgoing-1 << Server: Docker/20.10.17 (linux)
18:30:17.773 [Test worker] DEBUG com.github.dockerjava.zerodep.shaded.org.apache.hc.client5.http.headers - http-outgoing-1 << Date: Thu, 08 Dec 2022 21:30:17 GMT
18:30:17.773 [Test worker] DEBUG com.github.dockerjava.zerodep.shaded.org.apache.hc.client5.http.headers - http-outgoing-1 << Transfer-Encoding: chunked
18:30:17.773 [Test worker] DEBUG com.github.dockerjava.zerodep.shaded.org.apache.hc.client5.http.impl.classic.MainClientExec - ex-0000003C: connection can be kept alive for 3 MINUTES
18:30:17.773 [Test worker] DEBUG com.github.dockerjava.zerodep.shaded.org.apache.hc.client5.http.impl.classic.InternalHttpClient - ep-0000003B: releasing valid endpoint
18:30:17.773 [Test worker] DEBUG com.github.dockerjava.zerodep.shaded.org.apache.hc.client5.http.impl.io.PoolingHttpClientConnectionManager - ep-0000003B: releasing endpoint
18:30:17.773 [Test worker] DEBUG com.github.dockerjava.zerodep.shaded.org.apache.hc.client5.http.impl.io.PoolingHttpClientConnectionManager - ep-0000003B: connection http-outgoing-1 can be kept alive for 3 MINUTES
18:30:17.773 [Test worker] DEBUG com.github.dockerjava.zerodep.shaded.org.apache.hc.client5.http.impl.io.PoolingHttpClientConnectionManager - ep-0000003B: connection released [route: {}->unix://localhost:2375][total available: 1; route allocated: 1 of 2147483647; total allocated: 1 of 2147483647]
18:30:17.773 [Test worker] DEBUG ]]>&#x1f433;<![CDATA[ [mysql:latest] - Trying to create JDBC connection using com.mysql.cj.jdbc.Driver to jdbc:mysql://localhost:49156/adm_videos?useSSL=false&allowPublicKeyRetrieval=true with properties: {password=123456, user=root}
18:30:17.876 [Test worker] DEBUG org.testcontainers.shaded.com.github.dockerjava.core.command.AbstrDockerCmd - Cmd: b4fc7afd97457a2a6ec84592488a57f900fa52ed03fcd2dbaf8a116bc1f50ab3,false
18:30:17.876 [Test worker] DEBUG org.testcontainers.shaded.com.github.dockerjava.core.exec.InspectContainerCmdExec - GET: DefaultWebTarget{path=[/containers/b4fc7afd97457a2a6ec84592488a57f900fa52ed03fcd2dbaf8a116bc1f50ab3/json], queryParams={}}
18:30:17.877 [Test worker] DEBUG com.github.dockerjava.zerodep.shaded.org.apache.hc.client5.http.impl.classic.InternalHttpClient - ex-0000003D: preparing request execution
18:30:17.877 [Test worker] DEBUG com.github.dockerjava.zerodep.shaded.org.apache.hc.client5.http.protocol.RequestAddCookies - Cookie spec selected: strict
18:30:17.877 [Test worker] DEBUG com.github.dockerjava.zerodep.shaded.org.apache.hc.client5.http.protocol.RequestAuthCache - Auth cache not set in the context
18:30:17.877 [Test worker] DEBUG com.github.dockerjava.zerodep.shaded.org.apache.hc.client5.http.impl.classic.ProtocolExec - ex-0000003D: target auth state: UNCHALLENGED
18:30:17.877 [Test worker] DEBUG com.github.dockerjava.zerodep.shaded.org.apache.hc.client5.http.impl.classic.ProtocolExec - ex-0000003D: proxy auth state: UNCHALLENGED
18:30:17.877 [Test worker] DEBUG com.github.dockerjava.zerodep.shaded.org.apache.hc.client5.http.impl.classic.ConnectExec - ex-0000003D: acquiring connection with route {}->unix://localhost:2375
18:30:17.877 [Test worker] DEBUG com.github.dockerjava.zerodep.shaded.org.apache.hc.client5.http.impl.classic.InternalHttpClient - ex-0000003D: acquiring endpoint (3 MINUTES)
18:30:17.877 [Test worker] DEBUG com.github.dockerjava.zerodep.shaded.org.apache.hc.client5.http.impl.io.PoolingHttpClientConnectionManager - ex-0000003D: endpoint lease request (3 MINUTES) [route: {}->unix://localhost:2375][total available: 1; route allocated: 1 of 2147483647; total allocated: 1 of 2147483647]
18:30:17.877 [Test worker] DEBUG com.github.dockerjava.zerodep.shaded.org.apache.hc.client5.http.impl.io.PoolingHttpClientConnectionManager - ex-0000003D: endpoint leased [route: {}->unix://localhost:2375][total available: 0; route allocated: 1 of 2147483647; total allocated: 1 of 2147483647]
18:30:17.877 [Test worker] DEBUG com.github.dockerjava.zerodep.shaded.org.apache.hc.client5.http.impl.io.PoolingHttpClientConnectionManager - ex-0000003D: acquired ep-0000003C
18:30:17.877 [Test worker] DEBUG com.github.dockerjava.zerodep.shaded.org.apache.hc.client5.http.impl.classic.InternalHttpClient - ex-0000003D: acquired endpoint ep-0000003C
18:30:17.877 [Test worker] DEBUG com.github.dockerjava.zerodep.shaded.org.apache.hc.client5.http.impl.classic.MainClientExec - ex-0000003D: executing GET /v1.32/containers/b4fc7afd97457a2a6ec84592488a57f900fa52ed03fcd2dbaf8a116bc1f50ab3/json HTTP/1.1
18:30:17.877 [Test worker] DEBUG com.github.dockerjava.zerodep.shaded.org.apache.hc.client5.http.impl.classic.InternalHttpClient - ep-0000003C: start execution ex-0000003D
18:30:17.877 [Test worker] DEBUG com.github.dockerjava.zerodep.shaded.org.apache.hc.client5.http.impl.io.PoolingHttpClientConnectionManager - ep-0000003C: executing exchange ex-0000003D over http-outgoing-1
18:30:17.877 [Test worker] DEBUG com.github.dockerjava.zerodep.shaded.org.apache.hc.client5.http.headers - http-outgoing-1 >> GET /v1.32/containers/b4fc7afd97457a2a6ec84592488a57f900fa52ed03fcd2dbaf8a116bc1f50ab3/json HTTP/1.1
18:30:17.878 [Test worker] DEBUG com.github.dockerjava.zerodep.shaded.org.apache.hc.client5.http.headers - http-outgoing-1 >> accept: application/json
18:30:17.878 [Test worker] DEBUG com.github.dockerjava.zerodep.shaded.org.apache.hc.client5.http.headers - http-outgoing-1 >> x-tc-sid: cdd139c9-cde1-4429-bea7-edb0e651ba16
18:30:17.878 [Test worker] DEBUG com.github.dockerjava.zerodep.shaded.org.apache.hc.client5.http.headers - http-outgoing-1 >> Accept-Encoding: gzip, x-gzip, deflate
18:30:17.878 [Test worker] DEBUG com.github.dockerjava.zerodep.shaded.org.apache.hc.client5.http.headers - http-outgoing-1 >> Host: localhost:2375
18:30:17.878 [Test worker] DEBUG com.github.dockerjava.zerodep.shaded.org.apache.hc.client5.http.headers - http-outgoing-1 >> Connection: keep-alive
18:30:17.878 [Test worker] DEBUG com.github.dockerjava.zerodep.shaded.org.apache.hc.client5.http.headers - http-outgoing-1 >> User-Agent: Apache-HttpClient/5.0.3 (Java/17.0.2)
18:30:17.878 [Test worker] DEBUG com.github.dockerjava.zerodep.shaded.org.apache.hc.client5.http.wire - http-outgoing-1 >> "GET /v1.32/containers/b4fc7afd97457a2a6ec84592488a57f900fa52ed03fcd2dbaf8a116bc1f50ab3/json HTTP/1.1[\r][\n]"
18:30:17.878 [Test worker] DEBUG com.github.dockerjava.zerodep.shaded.org.apache.hc.client5.http.wire - http-outgoing-1 >> "accept: application/json[\r][\n]"
18:30:17.878 [Test worker] DEBUG com.github.dockerjava.zerodep.shaded.org.apache.hc.client5.http.wire - http-outgoing-1 >> "x-tc-sid: cdd139c9-cde1-4429-bea7-edb0e651ba16[\r][\n]"
18:30:17.878 [Test worker] DEBUG com.github.dockerjava.zerodep.shaded.org.apache.hc.client5.http.wire - http-outgoing-1 >> "Accept-Encoding: gzip, x-gzip, deflate[\r][\n]"
18:30:17.878 [Test worker] DEBUG com.github.dockerjava.zerodep.shaded.org.apache.hc.client5.http.wire - http-outgoing-1 >> "Host: localhost:2375[\r][\n]"
18:30:17.878 [Test worker] DEBUG com.github.dockerjava.zerodep.shaded.org.apache.hc.client5.http.wire - http-outgoing-1 >> "Connection: keep-alive[\r][\n]"
18:30:17.878 [Test worker] DEBUG com.github.dockerjava.zerodep.shaded.org.apache.hc.client5.http.wire - http-outgoing-1 >> "User-Agent: Apache-HttpClient/5.0.3 (Java/17.0.2)[\r][\n]"
18:30:17.878 [Test worker] DEBUG com.github.dockerjava.zerodep.shaded.org.apache.hc.client5.http.wire - http-outgoing-1 >> "[\r][\n]"
18:30:17.878 [Test worker] DEBUG com.github.dockerjava.zerodep.shaded.org.apache.hc.client5.http.wire - http-outgoing-1 << "HTTP/1.1 200 OK[\r][\n]"
18:30:17.878 [Test worker] DEBUG com.github.dockerjava.zerodep.shaded.org.apache.hc.client5.http.wire - http-outgoing-1 << "Api-Version: 1.41[\r][\n]"
18:30:17.878 [Test worker] DEBUG com.github.dockerjava.zerodep.shaded.org.apache.hc.client5.http.wire - http-outgoing-1 << "Content-Type: application/json[\r][\n]"
18:30:17.878 [Test worker] DEBUG com.github.dockerjava.zerodep.shaded.org.apache.hc.client5.http.wire - http-outgoing-1 << "Docker-Experimental: false[\r][\n]"
18:30:17.878 [Test worker] DEBUG com.github.dockerjava.zerodep.shaded.org.apache.hc.client5.http.wire - http-outgoing-1 << "Ostype: linux[\r][\n]"
18:30:17.878 [Test worker] DEBUG com.github.dockerjava.zerodep.shaded.org.apache.hc.client5.http.wire - http-outgoing-1 << "Server: Docker/20.10.17 (linux)[\r][\n]"
18:30:17.878 [Test worker] DEBUG com.github.dockerjava.zerodep.shaded.org.apache.hc.client5.http.wire - http-outgoing-1 << "Date: Thu, 08 Dec 2022 21:30:17 GMT[\r][\n]"
18:30:17.878 [Test worker] DEBUG com.github.dockerjava.zerodep.shaded.org.apache.hc.client5.http.wire - http-outgoing-1 << "Transfer-Encoding: chunked[\r][\n]"
18:30:17.878 [Test worker] DEBUG com.github.dockerjava.zerodep.shaded.org.apache.hc.client5.http.wire - http-outgoing-1 << "[\r][\n]"
18:30:17.878 [Test worker] DEBUG com.github.dockerjava.zerodep.shaded.org.apache.hc.client5.http.wire - http-outgoing-1 << "18a6[\r][\n]"
18:30:17.883 [Test worker] DEBUG com.github.dockerjava.zerodep.shaded.org.apache.hc.client5.http.wire - http-outgoing-1 << "{"Id":"b4fc7afd97457a2a6ec84592488a57f900fa52ed03fcd2dbaf8a116bc1f50ab3","Created":"2022-12-08T21:30:11.801619537Z","Path":"docker-entrypoint.sh","Args":["mysqld"],"State":{"Status":"running","Running":true,"Paused":false,"Restarting":false,"OOMKilled":false,"Dead":false,"Pid":148084,"ExitCode":0,"Error":"","StartedAt":"2022-12-08T21:30:12.370762583Z","FinishedAt":"0001-01-01T00:00:00Z"},"Image":"sha256:7484689f290f1defe06b65befc54cb6ad91a667cf0af59a265ffe76c46bd0478","ResolvConfPath":"/var/lib/docker/containers/b4fc7afd97457a2a6ec84592488a57f900fa52ed03fcd2dbaf8a116bc1f50ab3/resolv.conf","HostnamePath":"/var/lib/docker/containers/b4fc7afd97457a2a6ec84592488a57f900fa52ed03fcd2dbaf8a116bc1f50ab3/hostname","HostsPath":"/var/lib/docker/containers/b4fc7afd97457a2a6ec84592488a57f900fa52ed03fcd2dbaf8a116bc1f50ab3/hosts","LogPath":"/var/lib/docker/containers/b4fc7afd97457a2a6ec84592488a57f900fa52ed03fcd2dbaf8a116bc1f50ab3/b4fc7afd97457a2a6ec84592488a57f900fa52ed03fcd2dbaf8a116bc1f50ab3-json.log","Name":"/agitated_ptolemy","RestartCount":0,"Driver":"overlay2","Platform":"linux","MountLabel":"","ProcessLabel":"","AppArmorProfile":"docker-default","ExecIDs":null,"HostConfig":{"Binds":[],"ContainerIDFile":"","LogConfig":{"Type":"json-file","Config":{}},"NetworkMode":"default","PortBindings":{"3306/tcp":[{"HostIp":"","HostPort":""}]},"RestartPolicy":{"Name":"","MaximumRetryCount":0},"AutoRemove":false,"VolumeDriver":"","VolumesFrom":[],"CapAdd":null,"CapDrop":null,"CgroupnsMode":"private","Dns":null,"DnsOptions":null,"DnsSearch":null,"ExtraHosts":[],"GroupAdd":null,"IpcMode":"shareable","Cgroup":"","Links":null,"OomScoreAdj":0,"PidMode":"","Privileged":false,"PublishAllPorts":false,"ReadonlyRootfs":false,"SecurityOpt":null,"UTSMode":"","UsernsMode":"","ShmSize":67108864,"Runtime":"runc","ConsoleSize":[0,0],"Isolation":"","CpuShares":0,"Memory":0,"NanoCpus":0,"CgroupParent":"","BlkioWeight":0,"BlkioWeightDevice":null,"BlkioDeviceReadBps":null,"BlkioDeviceWriteBps":null,"BlkioDeviceReadIOps":null,"BlkioDeviceWriteIOps":null,"CpuPeriod":0,"CpuQuota":0,"CpuRealtimePeriod":0,"CpuRealtimeRuntime":0,"CpusetCpus":"","CpusetMems":"","Devices":null,"DeviceCgroupRules":null,"DeviceRequests":null,"KernelMemory":0,"KernelMemoryTCP":0,"MemoryReservation":0,"MemorySwap":0,"MemorySwappiness":null,"OomKillDisable":null,"PidsLimit":null,"Ulimits":null,"CpuCount":0,"CpuPercent":0,"IOMaximumIOps":0,"IOMaximumBandwidth":0,"MaskedPaths":["/proc/asound","/proc/acpi","/proc/kcore","/proc/keys","/proc/latency_stats","/proc/timer_list","/proc/timer_stats","/proc/sched_debug","/proc/scsi","/sys/firmware"],"ReadonlyPaths":["/proc/bus","/proc/fs","/proc/irq","/proc/sys","/proc/sysrq-trigger"]},"GraphDriver":{"Data":{"LowerDir":"/var/lib/docker/overlay2/05794d51525f65619c615558ef5f93d7c33eef44e12313fdcb3942911d0b5f7d-init/diff:/var/lib/docker/overlay2/f079a69cfd5e80e906b12f05a0c7bfaabc56ce63e947db68b722ae30905f1239/diff:/var/lib/docker/overlay2/9dfb63d6bb556846a13012421dde7951ef83a14d8ce1882287cce66f0f9bd055/diff:/var/lib/docker/overlay2/c4f8874ae33ddd14488f5051cd953acc020fa00ea72d28bd530450c0bc8f9903/diff:/var/lib/docker/overlay2/992683766b46aa5653160e6a34283b579a75000e230890d0ec0a6204af735697/diff:/var/lib/docker/overlay2/6e3fba0e1d6501c91c9bec723bb1364f75599c6c2026a6dc71773c88a49f890a/diff:/var/lib/docker/overlay2/c6c2a366f45a69704761d45d296d71bf2bf315efb15cb06ad88925ed235fad81/diff:/var/lib/docker/overlay2/7555f9b18615244719d04b23296ba418195e5e569d47baf9f1da7c3f053fe194/diff:/var/lib/docker/overlay2/7752eb17f8f8ba44a5ed178f499901fa7eb6f2e031c29ab160ee4eff4db8edaa/diff:/var/lib/docker/overlay2/9683de8b3733106f256bd0eabc7cae13623b14493b9212e863449d42b8a87390/diff:/var/lib/docker/overlay2/f5e28e407d8811526fb7dd82e4fed08d5d3124c0f22f1a9496ed27b2b457d3dd/diff:/var/lib/docker/overlay2/e2980c91c6b3331cff3994ca6f327955bb5feaef0f96bc64edce80631fdbf829/di"
18:30:17.883 [Test worker] DEBUG com.github.dockerjava.zerodep.shaded.org.apache.hc.client5.http.headers - http-outgoing-1 << HTTP/1.1 200 OK
18:30:17.883 [Test worker] DEBUG com.github.dockerjava.zerodep.shaded.org.apache.hc.client5.http.headers - http-outgoing-1 << Api-Version: 1.41
18:30:17.883 [Test worker] DEBUG com.github.dockerjava.zerodep.shaded.org.apache.hc.client5.http.headers - http-outgoing-1 << Content-Type: application/json
18:30:17.883 [Test worker] DEBUG com.github.dockerjava.zerodep.shaded.org.apache.hc.client5.http.headers - http-outgoing-1 << Docker-Experimental: false
18:30:17.883 [Test worker] DEBUG com.github.dockerjava.zerodep.shaded.org.apache.hc.client5.http.headers - http-outgoing-1 << Ostype: linux
18:30:17.883 [Test worker] DEBUG com.github.dockerjava.zerodep.shaded.org.apache.hc.client5.http.headers - http-outgoing-1 << Server: Docker/20.10.17 (linux)
18:30:17.883 [Test worker] DEBUG com.github.dockerjava.zerodep.shaded.org.apache.hc.client5.http.headers - http-outgoing-1 << Date: Thu, 08 Dec 2022 21:30:17 GMT
18:30:17.883 [Test worker] DEBUG com.github.dockerjava.zerodep.shaded.org.apache.hc.client5.http.headers - http-outgoing-1 << Transfer-Encoding: chunked
18:30:17.883 [Test worker] DEBUG com.github.dockerjava.zerodep.shaded.org.apache.hc.client5.http.impl.classic.MainClientExec - ex-0000003D: connection can be kept alive for 3 MINUTES
18:30:17.883 [Test worker] DEBUG com.github.dockerjava.zerodep.shaded.org.apache.hc.client5.http.wire - http-outgoing-1 << "ff","MergedDir":"/var/lib/docker/overlay2/05794d51525f65619c615558ef5f93d7c33eef44e12313fdcb3942911d0b5f7d/merged","UpperDir":"/var/lib/docker/overlay2/05794d51525f65619c615558ef5f93d7c33eef44e12313fdcb3942911d0b5f7d/diff","WorkDir":"/var/lib/docker/overlay2/05794d51525f65619c615558ef5f93d7c33eef44e12313fdcb3942911d0b5f7d/work"},"Name":"overlay2"},"Mounts":[{"Type":"volume","Name":"fe29345a30f82a1c969c40b069133e9d87168ce95967d67ac182ee42c059affb","Source":"/var/lib/docker/volumes/fe29345a30f82a1c969c40b069133e9d87168ce95967d67ac182ee42c059affb/_data","Destination":"/var/lib/mysql","Driver":"local","Mode":"","RW":true,"Propagation":""}],"Config":{"Hostname":"b4fc7afd9745","Domainname":"","User":"","AttachStdin":false,"AttachStdout":false,"AttachStderr":false,"ExposedPorts":{"3306/tcp":{},"33060/tcp":{}},"Tty":false,"OpenStdin":false,"StdinOnce":false,"Env":["MYSQL_DATABASE=adm_videos","MYSQL_PASSWORD=123456","MYSQL_ROOT_PASSWORD=123456","PATH=/usr/local/sbin:/usr/local/bin:/usr/sbin:/usr/bin:/sbin:/bin","GOSU_VERSION=1.14","MYSQL_MAJOR=8.0","MYSQL_VERSION=8.0.31-1.el8","MYSQL_SHELL_VERSION=8.0.31-1.el8"],"Cmd":["mysqld"],"Image":"mysql:latest","Volumes":{"/var/lib/mysql":{}},"WorkingDir":"","Entrypoint":["docker-entrypoint.sh"],"OnBuild":null,"Labels":{"org.testcontainers":"true","org.testcontainers.sessionId":"cdd139c9-cde1-4429-bea7-edb0e651ba16"}},"NetworkSettings":{"Bridge":"","SandboxID":"8404ec7d59006489fa5b6638879180586e9aa24c1c3ae79d40e26a8f453c93b1","HairpinMode":false,"LinkLocalIPv6Address":"","LinkLocalIPv6PrefixLen":0,"Ports":{"3306/tcp":[{"HostIp":"0.0.0.0","HostPort":"49156"},{"HostIp":"::","HostPort":"49156"}],"33060/tcp":null},"SandboxKey":"/var/run/docker/netns/8404ec7d5900","SecondaryIPAddresses":null,"SecondaryIPv6Addresses":null,"EndpointID":"28c851b70d88131a783e3d87b7c50320df5f3250ebca621b1b39353a2424212a","Gateway":"172.17.0.1","GlobalIPv6Address":"","GlobalIPv6PrefixLen":0,"IPAddress":"172.17.0.3","IPPrefixLen":16,"IPv6Gateway":"","MacAddress":"02:42:ac:11:00:03","Networks":{"bridge":{"IPAMConfig":null,"Links":null,"Aliases":null,"NetworkID":"bf06afe94eca8b5ab91eae0dbaa8561a6dd16832d429dcdbaa7ed1e003cfbe56","EndpointID":"28c851b70d88131a783e3d87b7c50320df5f3250ebca621b1b39353a2424212a","Gateway":"172.17.0.1","IPAddress":"172.17.0.3","IPPrefixLen":16,"IPv6Gateway":"","GlobalIPv6Address":"","GlobalIPv6PrefixLen":0,"MacAddress":"02:42:ac:11:00:03","DriverOpts":null}}}}[\n]"
18:30:17.884 [Test worker] DEBUG com.github.dockerjava.zerodep.shaded.org.apache.hc.client5.http.wire - http-outgoing-1 << "[\r][\n]"
18:30:17.884 [Test worker] DEBUG com.github.dockerjava.zerodep.shaded.org.apache.hc.client5.http.wire - http-outgoing-1 << "0[\r][\n]"
18:30:17.884 [Test worker] DEBUG com.github.dockerjava.zerodep.shaded.org.apache.hc.client5.http.wire - http-outgoing-1 << "[\r][\n]"
18:30:17.884 [Test worker] DEBUG com.github.dockerjava.zerodep.shaded.org.apache.hc.client5.http.impl.classic.InternalHttpClient - ep-0000003C: releasing valid endpoint
18:30:17.884 [Test worker] DEBUG com.github.dockerjava.zerodep.shaded.org.apache.hc.client5.http.impl.io.PoolingHttpClientConnectionManager - ep-0000003C: releasing endpoint
18:30:17.884 [Test worker] DEBUG com.github.dockerjava.zerodep.shaded.org.apache.hc.client5.http.impl.io.PoolingHttpClientConnectionManager - ep-0000003C: connection http-outgoing-1 can be kept alive for 3 MINUTES
18:30:17.884 [Test worker] DEBUG com.github.dockerjava.zerodep.shaded.org.apache.hc.client5.http.impl.io.PoolingHttpClientConnectionManager - ep-0000003C: connection released [route: {}->unix://localhost:2375][total available: 1; route allocated: 1 of 2147483647; total allocated: 1 of 2147483647]
18:30:17.884 [Test worker] DEBUG ]]>&#x1f433;<![CDATA[ [mysql:latest] - Trying to create JDBC connection using com.mysql.cj.jdbc.Driver to jdbc:mysql://localhost:49156/adm_videos?useSSL=false&allowPublicKeyRetrieval=true with properties: {password=123456, user=root}
18:30:17.985 [Test worker] DEBUG org.testcontainers.shaded.com.github.dockerjava.core.command.AbstrDockerCmd - Cmd: b4fc7afd97457a2a6ec84592488a57f900fa52ed03fcd2dbaf8a116bc1f50ab3,false
18:30:17.986 [Test worker] DEBUG org.testcontainers.shaded.com.github.dockerjava.core.exec.InspectContainerCmdExec - GET: DefaultWebTarget{path=[/containers/b4fc7afd97457a2a6ec84592488a57f900fa52ed03fcd2dbaf8a116bc1f50ab3/json], queryParams={}}
18:30:17.986 [Test worker] DEBUG com.github.dockerjava.zerodep.shaded.org.apache.hc.client5.http.impl.classic.InternalHttpClient - ex-0000003E: preparing request execution
18:30:17.986 [Test worker] DEBUG com.github.dockerjava.zerodep.shaded.org.apache.hc.client5.http.protocol.RequestAddCookies - Cookie spec selected: strict
18:30:17.986 [Test worker] DEBUG com.github.dockerjava.zerodep.shaded.org.apache.hc.client5.http.protocol.RequestAuthCache - Auth cache not set in the context
18:30:17.986 [Test worker] DEBUG com.github.dockerjava.zerodep.shaded.org.apache.hc.client5.http.impl.classic.ProtocolExec - ex-0000003E: target auth state: UNCHALLENGED
18:30:17.986 [Test worker] DEBUG com.github.dockerjava.zerodep.shaded.org.apache.hc.client5.http.impl.classic.ProtocolExec - ex-0000003E: proxy auth state: UNCHALLENGED
18:30:17.986 [Test worker] DEBUG com.github.dockerjava.zerodep.shaded.org.apache.hc.client5.http.impl.classic.ConnectExec - ex-0000003E: acquiring connection with route {}->unix://localhost:2375
18:30:17.986 [Test worker] DEBUG com.github.dockerjava.zerodep.shaded.org.apache.hc.client5.http.impl.classic.InternalHttpClient - ex-0000003E: acquiring endpoint (3 MINUTES)
18:30:17.986 [Test worker] DEBUG com.github.dockerjava.zerodep.shaded.org.apache.hc.client5.http.impl.io.PoolingHttpClientConnectionManager - ex-0000003E: endpoint lease request (3 MINUTES) [route: {}->unix://localhost:2375][total available: 1; route allocated: 1 of 2147483647; total allocated: 1 of 2147483647]
18:30:17.986 [Test worker] DEBUG com.github.dockerjava.zerodep.shaded.org.apache.hc.client5.http.impl.io.PoolingHttpClientConnectionManager - ex-0000003E: endpoint leased [route: {}->unix://localhost:2375][total available: 0; route allocated: 1 of 2147483647; total allocated: 1 of 2147483647]
18:30:17.986 [Test worker] DEBUG com.github.dockerjava.zerodep.shaded.org.apache.hc.client5.http.impl.io.PoolingHttpClientConnectionManager - ex-0000003E: acquired ep-0000003D
18:30:17.986 [Test worker] DEBUG com.github.dockerjava.zerodep.shaded.org.apache.hc.client5.http.impl.classic.InternalHttpClient - ex-0000003E: acquired endpoint ep-0000003D
18:30:17.986 [Test worker] DEBUG com.github.dockerjava.zerodep.shaded.org.apache.hc.client5.http.impl.classic.MainClientExec - ex-0000003E: executing GET /v1.32/containers/b4fc7afd97457a2a6ec84592488a57f900fa52ed03fcd2dbaf8a116bc1f50ab3/json HTTP/1.1
18:30:17.986 [Test worker] DEBUG com.github.dockerjava.zerodep.shaded.org.apache.hc.client5.http.impl.classic.InternalHttpClient - ep-0000003D: start execution ex-0000003E
18:30:17.986 [Test worker] DEBUG com.github.dockerjava.zerodep.shaded.org.apache.hc.client5.http.impl.io.PoolingHttpClientConnectionManager - ep-0000003D: executing exchange ex-0000003E over http-outgoing-1
18:30:17.987 [Test worker] DEBUG com.github.dockerjava.zerodep.shaded.org.apache.hc.client5.http.headers - http-outgoing-1 >> GET /v1.32/containers/b4fc7afd97457a2a6ec84592488a57f900fa52ed03fcd2dbaf8a116bc1f50ab3/json HTTP/1.1
18:30:17.987 [Test worker] DEBUG com.github.dockerjava.zerodep.shaded.org.apache.hc.client5.http.headers - http-outgoing-1 >> accept: application/json
18:30:17.987 [Test worker] DEBUG com.github.dockerjava.zerodep.shaded.org.apache.hc.client5.http.headers - http-outgoing-1 >> x-tc-sid: cdd139c9-cde1-4429-bea7-edb0e651ba16
18:30:17.987 [Test worker] DEBUG com.github.dockerjava.zerodep.shaded.org.apache.hc.client5.http.headers - http-outgoing-1 >> Accept-Encoding: gzip, x-gzip, deflate
18:30:17.987 [Test worker] DEBUG com.github.dockerjava.zerodep.shaded.org.apache.hc.client5.http.headers - http-outgoing-1 >> Host: localhost:2375
18:30:17.987 [Test worker] DEBUG com.github.dockerjava.zerodep.shaded.org.apache.hc.client5.http.headers - http-outgoing-1 >> Connection: keep-alive
18:30:17.987 [Test worker] DEBUG com.github.dockerjava.zerodep.shaded.org.apache.hc.client5.http.headers - http-outgoing-1 >> User-Agent: Apache-HttpClient/5.0.3 (Java/17.0.2)
18:30:17.987 [Test worker] DEBUG com.github.dockerjava.zerodep.shaded.org.apache.hc.client5.http.wire - http-outgoing-1 >> "GET /v1.32/containers/b4fc7afd97457a2a6ec84592488a57f900fa52ed03fcd2dbaf8a116bc1f50ab3/json HTTP/1.1[\r][\n]"
18:30:17.987 [Test worker] DEBUG com.github.dockerjava.zerodep.shaded.org.apache.hc.client5.http.wire - http-outgoing-1 >> "accept: application/json[\r][\n]"
18:30:17.987 [Test worker] DEBUG com.github.dockerjava.zerodep.shaded.org.apache.hc.client5.http.wire - http-outgoing-1 >> "x-tc-sid: cdd139c9-cde1-4429-bea7-edb0e651ba16[\r][\n]"
18:30:17.987 [Test worker] DEBUG com.github.dockerjava.zerodep.shaded.org.apache.hc.client5.http.wire - http-outgoing-1 >> "Accept-Encoding: gzip, x-gzip, deflate[\r][\n]"
18:30:17.987 [Test worker] DEBUG com.github.dockerjava.zerodep.shaded.org.apache.hc.client5.http.wire - http-outgoing-1 >> "Host: localhost:2375[\r][\n]"
18:30:17.987 [Test worker] DEBUG com.github.dockerjava.zerodep.shaded.org.apache.hc.client5.http.wire - http-outgoing-1 >> "Connection: keep-alive[\r][\n]"
18:30:17.987 [Test worker] DEBUG com.github.dockerjava.zerodep.shaded.org.apache.hc.client5.http.wire - http-outgoing-1 >> "User-Agent: Apache-HttpClient/5.0.3 (Java/17.0.2)[\r][\n]"
18:30:17.987 [Test worker] DEBUG com.github.dockerjava.zerodep.shaded.org.apache.hc.client5.http.wire - http-outgoing-1 >> "[\r][\n]"
18:30:17.987 [Test worker] DEBUG com.github.dockerjava.zerodep.shaded.org.apache.hc.client5.http.wire - http-outgoing-1 << "HTTP/1.1 200 OK[\r][\n]"
18:30:17.987 [Test worker] DEBUG com.github.dockerjava.zerodep.shaded.org.apache.hc.client5.http.wire - http-outgoing-1 << "Api-Version: 1.41[\r][\n]"
18:30:17.987 [Test worker] DEBUG com.github.dockerjava.zerodep.shaded.org.apache.hc.client5.http.wire - http-outgoing-1 << "Content-Type: application/json[\r][\n]"
18:30:17.987 [Test worker] DEBUG com.github.dockerjava.zerodep.shaded.org.apache.hc.client5.http.wire - http-outgoing-1 << "Docker-Experimental: false[\r][\n]"
18:30:17.987 [Test worker] DEBUG com.github.dockerjava.zerodep.shaded.org.apache.hc.client5.http.wire - http-outgoing-1 << "Ostype: linux[\r][\n]"
18:30:17.987 [Test worker] DEBUG com.github.dockerjava.zerodep.shaded.org.apache.hc.client5.http.wire - http-outgoing-1 << "Server: Docker/20.10.17 (linux)[\r][\n]"
18:30:17.987 [Test worker] DEBUG com.github.dockerjava.zerodep.shaded.org.apache.hc.client5.http.wire - http-outgoing-1 << "Date: Thu, 08 Dec 2022 21:30:17 GMT[\r][\n]"
18:30:17.987 [Test worker] DEBUG com.github.dockerjava.zerodep.shaded.org.apache.hc.client5.http.wire - http-outgoing-1 << "Transfer-Encoding: chunked[\r][\n]"
18:30:17.987 [Test worker] DEBUG com.github.dockerjava.zerodep.shaded.org.apache.hc.client5.http.wire - http-outgoing-1 << "[\r][\n]"
18:30:17.987 [Test worker] DEBUG com.github.dockerjava.zerodep.shaded.org.apache.hc.client5.http.wire - http-outgoing-1 << "18a6[\r][\n]"
18:30:17.987 [Test worker] DEBUG com.github.dockerjava.zerodep.shaded.org.apache.hc.client5.http.wire - http-outgoing-1 << "{"Id":"b4fc7afd97457a2a6ec84592488a57f900fa52ed03fcd2dbaf8a116bc1f50ab3","Created":"2022-12-08T21:30:11.801619537Z","Path":"docker-entrypoint.sh","Args":["mysqld"],"State":{"Status":"running","Running":true,"Paused":false,"Restarting":false,"OOMKilled":false,"Dead":false,"Pid":148084,"ExitCode":0,"Error":"","StartedAt":"2022-12-08T21:30:12.370762583Z","FinishedAt":"0001-01-01T00:00:00Z"},"Image":"sha256:7484689f290f1defe06b65befc54cb6ad91a667cf0af59a265ffe76c46bd0478","ResolvConfPath":"/var/lib/docker/containers/b4fc7afd97457a2a6ec84592488a57f900fa52ed03fcd2dbaf8a116bc1f50ab3/resolv.conf","HostnamePath":"/var/lib/docker/containers/b4fc7afd97457a2a6ec84592488a57f900fa52ed03fcd2dbaf8a116bc1f50ab3/hostname","HostsPath":"/var/lib/docker/containers/b4fc7afd97457a2a6ec84592488a57f900fa52ed03fcd2dbaf8a116bc1f50ab3/hosts","LogPath":"/var/lib/docker/containers/b4fc7afd97457a2a6ec84592488a57f900fa52ed03fcd2dbaf8a116bc1f50ab3/b4fc7afd97457a2a6ec84592488a57f900fa52ed03fcd2dbaf8a116bc1f50ab3-json.log","Name":"/agitated_ptolemy","RestartCount":0,"Driver":"overlay2","Platform":"linux","MountLabel":"","ProcessLabel":"","AppArmorProfile":"docker-default","ExecIDs":null,"HostConfig":{"Binds":[],"ContainerIDFile":"","LogConfig":{"Type":"json-file","Config":{}},"NetworkMode":"default","PortBindings":{"3306/tcp":[{"HostIp":"","HostPort":""}]},"RestartPolicy":{"Name":"","MaximumRetryCount":0},"AutoRemove":false,"VolumeDriver":"","VolumesFrom":[],"CapAdd":null,"CapDrop":null,"CgroupnsMode":"private","Dns":null,"DnsOptions":null,"DnsSearch":null,"ExtraHosts":[],"GroupAdd":null,"IpcMode":"shareable","Cgroup":"","Links":null,"OomScoreAdj":0,"PidMode":"","Privileged":false,"PublishAllPorts":false,"ReadonlyRootfs":false,"SecurityOpt":null,"UTSMode":"","UsernsMode":"","ShmSize":67108864,"Runtime":"runc","ConsoleSize":[0,0],"Isolation":"","CpuShares":0,"Memory":0,"NanoCpus":0,"CgroupParent":"","BlkioWeight":0,"BlkioWeightDevice":null,"BlkioDeviceReadBps":null,"BlkioDeviceWriteBps":null,"BlkioDeviceReadIOps":null,"BlkioDeviceWriteIOps":null,"CpuPeriod":0,"CpuQuota":0,"CpuRealtimePeriod":0,"CpuRealtimeRuntime":0,"CpusetCpus":"","CpusetMems":"","Devices":null,"DeviceCgroupRules":null,"DeviceRequests":null,"KernelMemory":0,"KernelMemoryTCP":0,"MemoryReservation":0,"MemorySwap":0,"MemorySwappiness":null,"OomKillDisable":null,"PidsLimit":null,"Ulimits":null,"CpuCount":0,"CpuPercent":0,"IOMaximumIOps":0,"IOMaximumBandwidth":0,"MaskedPaths":["/proc/asound","/proc/acpi","/proc/kcore","/proc/keys","/proc/latency_stats","/proc/timer_list","/proc/timer_stats","/proc/sched_debug","/proc/scsi","/sys/firmware"],"ReadonlyPaths":["/proc/bus","/proc/fs","/proc/irq","/proc/sys","/proc/sysrq-trigger"]},"GraphDriver":{"Data":{"LowerDir":"/var/lib/docker/overlay2/05794d51525f65619c615558ef5f93d7c33eef44e12313fdcb3942911d0b5f7d-init/diff:/var/lib/docker/overlay2/f079a69cfd5e80e906b12f05a0c7bfaabc56ce63e947db68b722ae30905f1239/diff:/var/lib/docker/overlay2/9dfb63d6bb556846a13012421dde7951ef83a14d8ce1882287cce66f0f9bd055/diff:/var/lib/docker/overlay2/c4f8874ae33ddd14488f5051cd953acc020fa00ea72d28bd530450c0bc8f9903/diff:/var/lib/docker/overlay2/992683766b46aa5653160e6a34283b579a75000e230890d0ec0a6204af735697/diff:/var/lib/docker/overlay2/6e3fba0e1d6501c91c9bec723bb1364f75599c6c2026a6dc71773c88a49f890a/diff:/var/lib/docker/overlay2/c6c2a366f45a69704761d45d296d71bf2bf315efb15cb06ad88925ed235fad81/diff:/var/lib/docker/overlay2/7555f9b18615244719d04b23296ba418195e5e569d47baf9f1da7c3f053fe194/diff:/var/lib/docker/overlay2/7752eb17f8f8ba44a5ed178f499901fa7eb6f2e031c29ab160ee4eff4db8edaa/diff:/var/lib/docker/overlay2/9683de8b3733106f256bd0eabc7cae13623b14493b9212e863449d42b8a87390/diff:/var/lib/docker/overlay2/f5e28e407d8811526fb7dd82e4fed08d5d3124c0f22f1a9496ed27b2b457d3dd/diff:/var/lib/docker/overlay2/e2980c91c6b3331cff3994ca6f327955bb5feaef0f96bc64edce80631fdbf829/diff","MergedDir":"/var/lib/docker/overlay2/05794d51525f65619c615558ef5f93d7c33eef44e12313fdcb3942911d0b5f7d/merged","UpperDir":"/var/lib/docker/overlay2/05794d51525f65619c615558ef5f93d7c33eef44e12313fdcb3942911d0b5f7d/diff","WorkDir":"/var/lib/docker/overlay2/05794d51525f65619c615558ef5f93d7c33eef44e12313fdcb3942911d0b5f7d/work"},"Name":"overlay2"},"Mounts":[{"Type":"volume","Name":"fe29345a30f82a1c969c40b069133e9d87168ce95967d67ac182ee42c059affb","Source":"/var/lib/docker/volumes/fe29345a30f82a1c969c40b069133e9d87168ce95967d67ac182ee42c059affb/_data","Destination":"/var/lib/mysql","Driver":"local","Mode":"","RW":true,"Propagation":""}],"Config":{"Hostname":"b4fc7afd9745","Domainname":"","User":"","AttachStdin":false,"AttachStdout":false,"AttachStderr":false,"ExposedPorts":{"3306/tcp":{},"33060/tcp":{}},"Tty":false,"OpenStdin":false,"StdinOnce":false,"Env":["MYSQL_DATABASE=adm_videos","MYSQL_PASSWORD=123456","MYSQL_ROOT_PASSWORD=123456","PATH=/usr/local/sbin:/usr/local/bin:/usr/sbin:/usr/bin:/sbin:/bin","GOSU_VERSION=1.14","MYSQL_MAJOR=8.0","MYSQL_VERSION=8.0.31-1.el8","MYSQL_SHELL_VERSION=8.0.31-1.el8"],"Cmd":["mysqld"],"Image":"mysql:latest","Volumes":{"/var/lib/mysql":{}},"WorkingDir":"","Entrypoint":["docker-entrypoint.sh"],"OnBuild":null,"Labels":{"org.testcontainers":"true","org.testcontainers.sessionId":"cdd139c9-cde1-4429-bea7-edb0e651ba16"}},"NetworkSettings":{"Bridge":"","SandboxID":"8404ec7d59006489fa5b6638879180586e9aa24c1c3ae79d40e26a8f453c93b1","HairpinMode":false,"LinkLocalIPv6Address":"","LinkLocalIPv6PrefixLen":0,"Ports":{"3306/tcp":[{"HostIp":"0.0.0.0","HostPort":"49156"},{"HostIp":"::","HostPort":"49156"}],"33060/tcp":null},"SandboxKey":"/var/run/docker/netns/8404ec7d5900","SecondaryIPAddresses":null,"SecondaryIPv6Addresses":null,"EndpointID":"28c851b70d88131a783e3d87b7c50320df5f3250ebca621b1b39353a2424212a","Gateway":"172.17.0.1","GlobalIPv6Address":"","GlobalIPv6PrefixLen":0,"IPAddress":"172.17.0.3","IPPrefixLen":16,"IPv6Gateway":"","MacAddress":"02:42:ac:11:00:03","Networks":{"bridge":{"IPAMConfig":null,"Links":null,"Aliases":null,"NetworkID":"bf06afe94eca8b5ab91eae0dbaa8561a6dd16832d429dcdbaa7ed1e003cfbe56","EndpointID":"28c851b70d88131a783e3d87b7c50320df5f3250ebca621b1b39353a2424212a","Gateway":"172.17.0.1","IPAddress":"172.17.0.3","IPPrefixLen":16,"IPv6Gateway":"","GlobalIPv6Address":"","GlobalIPv6PrefixLen":0,"MacAddress":"02:42:ac:11:00:03","DriverOpts":null}}}}[\n]"
18:30:17.987 [Test worker] DEBUG com.github.dockerjava.zerodep.shaded.org.apache.hc.client5.http.wire - http-outgoing-1 << "[\r][\n]"
18:30:17.987 [Test worker] DEBUG com.github.dockerjava.zerodep.shaded.org.apache.hc.client5.http.wire - http-outgoing-1 << "0[\r][\n]"
18:30:17.987 [Test worker] DEBUG com.github.dockerjava.zerodep.shaded.org.apache.hc.client5.http.wire - http-outgoing-1 << "[\r][\n]"
18:30:17.987 [Test worker] DEBUG com.github.dockerjava.zerodep.shaded.org.apache.hc.client5.http.headers - http-outgoing-1 << HTTP/1.1 200 OK
18:30:17.987 [Test worker] DEBUG com.github.dockerjava.zerodep.shaded.org.apache.hc.client5.http.headers - http-outgoing-1 << Api-Version: 1.41
18:30:17.987 [Test worker] DEBUG com.github.dockerjava.zerodep.shaded.org.apache.hc.client5.http.headers - http-outgoing-1 << Content-Type: application/json
18:30:17.987 [Test worker] DEBUG com.github.dockerjava.zerodep.shaded.org.apache.hc.client5.http.headers - http-outgoing-1 << Docker-Experimental: false
18:30:17.987 [Test worker] DEBUG com.github.dockerjava.zerodep.shaded.org.apache.hc.client5.http.headers - http-outgoing-1 << Ostype: linux
18:30:17.987 [Test worker] DEBUG com.github.dockerjava.zerodep.shaded.org.apache.hc.client5.http.headers - http-outgoing-1 << Server: Docker/20.10.17 (linux)
18:30:17.987 [Test worker] DEBUG com.github.dockerjava.zerodep.shaded.org.apache.hc.client5.http.headers - http-outgoing-1 << Date: Thu, 08 Dec 2022 21:30:17 GMT
18:30:17.987 [Test worker] DEBUG com.github.dockerjava.zerodep.shaded.org.apache.hc.client5.http.headers - http-outgoing-1 << Transfer-Encoding: chunked
18:30:17.987 [Test worker] DEBUG com.github.dockerjava.zerodep.shaded.org.apache.hc.client5.http.impl.classic.MainClientExec - ex-0000003E: connection can be kept alive for 3 MINUTES
18:30:17.988 [Test worker] DEBUG com.github.dockerjava.zerodep.shaded.org.apache.hc.client5.http.impl.classic.InternalHttpClient - ep-0000003D: releasing valid endpoint
18:30:17.988 [Test worker] DEBUG com.github.dockerjava.zerodep.shaded.org.apache.hc.client5.http.impl.io.PoolingHttpClientConnectionManager - ep-0000003D: releasing endpoint
18:30:17.988 [Test worker] DEBUG com.github.dockerjava.zerodep.shaded.org.apache.hc.client5.http.impl.io.PoolingHttpClientConnectionManager - ep-0000003D: connection http-outgoing-1 can be kept alive for 3 MINUTES
18:30:17.988 [Test worker] DEBUG com.github.dockerjava.zerodep.shaded.org.apache.hc.client5.http.impl.io.PoolingHttpClientConnectionManager - ep-0000003D: connection released [route: {}->unix://localhost:2375][total available: 1; route allocated: 1 of 2147483647; total allocated: 1 of 2147483647]
18:30:17.988 [Test worker] DEBUG ]]>&#x1f433;<![CDATA[ [mysql:latest] - Trying to create JDBC connection using com.mysql.cj.jdbc.Driver to jdbc:mysql://localhost:49156/adm_videos?useSSL=false&allowPublicKeyRetrieval=true with properties: {password=123456, user=root}
18:30:18.090 [Test worker] DEBUG org.testcontainers.shaded.com.github.dockerjava.core.command.AbstrDockerCmd - Cmd: b4fc7afd97457a2a6ec84592488a57f900fa52ed03fcd2dbaf8a116bc1f50ab3,false
18:30:18.090 [Test worker] DEBUG org.testcontainers.shaded.com.github.dockerjava.core.exec.InspectContainerCmdExec - GET: DefaultWebTarget{path=[/containers/b4fc7afd97457a2a6ec84592488a57f900fa52ed03fcd2dbaf8a116bc1f50ab3/json], queryParams={}}
18:30:18.090 [Test worker] DEBUG com.github.dockerjava.zerodep.shaded.org.apache.hc.client5.http.impl.classic.InternalHttpClient - ex-0000003F: preparing request execution
18:30:18.091 [Test worker] DEBUG com.github.dockerjava.zerodep.shaded.org.apache.hc.client5.http.protocol.RequestAddCookies - Cookie spec selected: strict
18:30:18.091 [Test worker] DEBUG com.github.dockerjava.zerodep.shaded.org.apache.hc.client5.http.protocol.RequestAuthCache - Auth cache not set in the context
18:30:18.091 [Test worker] DEBUG com.github.dockerjava.zerodep.shaded.org.apache.hc.client5.http.impl.classic.ProtocolExec - ex-0000003F: target auth state: UNCHALLENGED
18:30:18.091 [Test worker] DEBUG com.github.dockerjava.zerodep.shaded.org.apache.hc.client5.http.impl.classic.ProtocolExec - ex-0000003F: proxy auth state: UNCHALLENGED
18:30:18.091 [Test worker] DEBUG com.github.dockerjava.zerodep.shaded.org.apache.hc.client5.http.impl.classic.ConnectExec - ex-0000003F: acquiring connection with route {}->unix://localhost:2375
18:30:18.091 [Test worker] DEBUG com.github.dockerjava.zerodep.shaded.org.apache.hc.client5.http.impl.classic.InternalHttpClient - ex-0000003F: acquiring endpoint (3 MINUTES)
18:30:18.091 [Test worker] DEBUG com.github.dockerjava.zerodep.shaded.org.apache.hc.client5.http.impl.io.PoolingHttpClientConnectionManager - ex-0000003F: endpoint lease request (3 MINUTES) [route: {}->unix://localhost:2375][total available: 1; route allocated: 1 of 2147483647; total allocated: 1 of 2147483647]
18:30:18.091 [Test worker] DEBUG com.github.dockerjava.zerodep.shaded.org.apache.hc.client5.http.impl.io.PoolingHttpClientConnectionManager - ex-0000003F: endpoint leased [route: {}->unix://localhost:2375][total available: 0; route allocated: 1 of 2147483647; total allocated: 1 of 2147483647]
18:30:18.091 [Test worker] DEBUG com.github.dockerjava.zerodep.shaded.org.apache.hc.client5.http.impl.io.PoolingHttpClientConnectionManager - ex-0000003F: acquired ep-0000003E
18:30:18.091 [Test worker] DEBUG com.github.dockerjava.zerodep.shaded.org.apache.hc.client5.http.impl.classic.InternalHttpClient - ex-0000003F: acquired endpoint ep-0000003E
18:30:18.091 [Test worker] DEBUG com.github.dockerjava.zerodep.shaded.org.apache.hc.client5.http.impl.classic.MainClientExec - ex-0000003F: executing GET /v1.32/containers/b4fc7afd97457a2a6ec84592488a57f900fa52ed03fcd2dbaf8a116bc1f50ab3/json HTTP/1.1
18:30:18.091 [Test worker] DEBUG com.github.dockerjava.zerodep.shaded.org.apache.hc.client5.http.impl.classic.InternalHttpClient - ep-0000003E: start execution ex-0000003F
18:30:18.091 [Test worker] DEBUG com.github.dockerjava.zerodep.shaded.org.apache.hc.client5.http.impl.io.PoolingHttpClientConnectionManager - ep-0000003E: executing exchange ex-0000003F over http-outgoing-1
18:30:18.091 [Test worker] DEBUG com.github.dockerjava.zerodep.shaded.org.apache.hc.client5.http.headers - http-outgoing-1 >> GET /v1.32/containers/b4fc7afd97457a2a6ec84592488a57f900fa52ed03fcd2dbaf8a116bc1f50ab3/json HTTP/1.1
18:30:18.091 [Test worker] DEBUG com.github.dockerjava.zerodep.shaded.org.apache.hc.client5.http.headers - http-outgoing-1 >> accept: application/json
18:30:18.092 [Test worker] DEBUG com.github.dockerjava.zerodep.shaded.org.apache.hc.client5.http.headers - http-outgoing-1 >> x-tc-sid: cdd139c9-cde1-4429-bea7-edb0e651ba16
18:30:18.092 [Test worker] DEBUG com.github.dockerjava.zerodep.shaded.org.apache.hc.client5.http.headers - http-outgoing-1 >> Accept-Encoding: gzip, x-gzip, deflate
18:30:18.092 [Test worker] DEBUG com.github.dockerjava.zerodep.shaded.org.apache.hc.client5.http.headers - http-outgoing-1 >> Host: localhost:2375
18:30:18.092 [Test worker] DEBUG com.github.dockerjava.zerodep.shaded.org.apache.hc.client5.http.headers - http-outgoing-1 >> Connection: keep-alive
18:30:18.092 [Test worker] DEBUG com.github.dockerjava.zerodep.shaded.org.apache.hc.client5.http.headers - http-outgoing-1 >> User-Agent: Apache-HttpClient/5.0.3 (Java/17.0.2)
18:30:18.092 [Test worker] DEBUG com.github.dockerjava.zerodep.shaded.org.apache.hc.client5.http.wire - http-outgoing-1 >> "GET /v1.32/containers/b4fc7afd97457a2a6ec84592488a57f900fa52ed03fcd2dbaf8a116bc1f50ab3/json HTTP/1.1[\r][\n]"
18:30:18.092 [Test worker] DEBUG com.github.dockerjava.zerodep.shaded.org.apache.hc.client5.http.wire - http-outgoing-1 >> "accept: application/json[\r][\n]"
18:30:18.092 [Test worker] DEBUG com.github.dockerjava.zerodep.shaded.org.apache.hc.client5.http.wire - http-outgoing-1 >> "x-tc-sid: cdd139c9-cde1-4429-bea7-edb0e651ba16[\r][\n]"
18:30:18.092 [Test worker] DEBUG com.github.dockerjava.zerodep.shaded.org.apache.hc.client5.http.wire - http-outgoing-1 >> "Accept-Encoding: gzip, x-gzip, deflate[\r][\n]"
18:30:18.092 [Test worker] DEBUG com.github.dockerjava.zerodep.shaded.org.apache.hc.client5.http.wire - http-outgoing-1 >> "Host: localhost:2375[\r][\n]"
18:30:18.092 [Test worker] DEBUG com.github.dockerjava.zerodep.shaded.org.apache.hc.client5.http.wire - http-outgoing-1 >> "Connection: keep-alive[\r][\n]"
18:30:18.092 [Test worker] DEBUG com.github.dockerjava.zerodep.shaded.org.apache.hc.client5.http.wire - http-outgoing-1 >> "User-Agent: Apache-HttpClient/5.0.3 (Java/17.0.2)[\r][\n]"
18:30:18.092 [Test worker] DEBUG com.github.dockerjava.zerodep.shaded.org.apache.hc.client5.http.wire - http-outgoing-1 >> "[\r][\n]"
18:30:18.093 [Test worker] DEBUG com.github.dockerjava.zerodep.shaded.org.apache.hc.client5.http.wire - http-outgoing-1 << "HTTP/1.1 200 OK[\r][\n]"
18:30:18.093 [Test worker] DEBUG com.github.dockerjava.zerodep.shaded.org.apache.hc.client5.http.wire - http-outgoing-1 << "Api-Version: 1.41[\r][\n]"
18:30:18.093 [Test worker] DEBUG com.github.dockerjava.zerodep.shaded.org.apache.hc.client5.http.wire - http-outgoing-1 << "Content-Type: application/json[\r][\n]"
18:30:18.093 [Test worker] DEBUG com.github.dockerjava.zerodep.shaded.org.apache.hc.client5.http.wire - http-outgoing-1 << "Docker-Experimental: false[\r][\n]"
18:30:18.093 [Test worker] DEBUG com.github.dockerjava.zerodep.shaded.org.apache.hc.client5.http.wire - http-outgoing-1 << "Ostype: linux[\r][\n]"
18:30:18.093 [Test worker] DEBUG com.github.dockerjava.zerodep.shaded.org.apache.hc.client5.http.wire - http-outgoing-1 << "Server: Docker/20.10.17 (linux)[\r][\n]"
18:30:18.093 [Test worker] DEBUG com.github.dockerjava.zerodep.shaded.org.apache.hc.client5.http.wire - http-outgoing-1 << "Date: Thu, 08 Dec 2022 21:30:18 GMT[\r][\n]"
18:30:18.093 [Test worker] DEBUG com.github.dockerjava.zerodep.shaded.org.apache.hc.client5.http.wire - http-outgoing-1 << "Transfer-Encoding: chunked[\r][\n]"
18:30:18.093 [Test worker] DEBUG com.github.dockerjava.zerodep.shaded.org.apache.hc.client5.http.wire - http-outgoing-1 << "[\r][\n]"
18:30:18.093 [Test worker] DEBUG com.github.dockerjava.zerodep.shaded.org.apache.hc.client5.http.wire - http-outgoing-1 << "18a6[\r][\n]"
18:30:18.093 [Test worker] DEBUG com.github.dockerjava.zerodep.shaded.org.apache.hc.client5.http.wire - http-outgoing-1 << "{"Id":"b4fc7afd97457a2a6ec84592488a57f900fa52ed03fcd2dbaf8a116bc1f50ab3","Created":"2022-12-08T21:30:11.801619537Z","Path":"docker-entrypoint.sh","Args":["mysqld"],"State":{"Status":"running","Running":true,"Paused":false,"Restarting":false,"OOMKilled":false,"Dead":false,"Pid":148084,"ExitCode":0,"Error":"","StartedAt":"2022-12-08T21:30:12.370762583Z","FinishedAt":"0001-01-01T00:00:00Z"},"Image":"sha256:7484689f290f1defe06b65befc54cb6ad91a667cf0af59a265ffe76c46bd0478","ResolvConfPath":"/var/lib/docker/containers/b4fc7afd97457a2a6ec84592488a57f900fa52ed03fcd2dbaf8a116bc1f50ab3/resolv.conf","HostnamePath":"/var/lib/docker/containers/b4fc7afd97457a2a6ec84592488a57f900fa52ed03fcd2dbaf8a116bc1f50ab3/hostname","HostsPath":"/var/lib/docker/containers/b4fc7afd97457a2a6ec84592488a57f900fa52ed03fcd2dbaf8a116bc1f50ab3/hosts","LogPath":"/var/lib/docker/containers/b4fc7afd97457a2a6ec84592488a57f900fa52ed03fcd2dbaf8a116bc1f50ab3/b4fc7afd97457a2a6ec84592488a57f900fa52ed03fcd2dbaf8a116bc1f50ab3-json.log","Name":"/agitated_ptolemy","RestartCount":0,"Driver":"overlay2","Platform":"linux","MountLabel":"","ProcessLabel":"","AppArmorProfile":"docker-default","ExecIDs":null,"HostConfig":{"Binds":[],"ContainerIDFile":"","LogConfig":{"Type":"json-file","Config":{}},"NetworkMode":"default","PortBindings":{"3306/tcp":[{"HostIp":"","HostPort":""}]},"RestartPolicy":{"Name":"","MaximumRetryCount":0},"AutoRemove":false,"VolumeDriver":"","VolumesFrom":[],"CapAdd":null,"CapDrop":null,"CgroupnsMode":"private","Dns":null,"DnsOptions":null,"DnsSearch":null,"ExtraHosts":[],"GroupAdd":null,"IpcMode":"shareable","Cgroup":"","Links":null,"OomScoreAdj":0,"PidMode":"","Privileged":false,"PublishAllPorts":false,"ReadonlyRootfs":false,"SecurityOpt":null,"UTSMode":"","UsernsMode":"","ShmSize":67108864,"Runtime":"runc","ConsoleSize":[0,0],"Isolation":"","CpuShares":0,"Memory":0,"NanoCpus":0,"CgroupParent":"","BlkioWeight":0,"BlkioWeightDevice":null,"BlkioDeviceReadBps":null,"BlkioDeviceWriteBps":null,"BlkioDeviceReadIOps":null,"BlkioDeviceWriteIOps":null,"CpuPeriod":0,"CpuQuota":0,"CpuRealtimePeriod":0,"CpuRealtimeRuntime":0,"CpusetCpus":"","CpusetMems":"","Devices":null,"DeviceCgroupRules":null,"DeviceRequests":null,"KernelMemory":0,"KernelMemoryTCP":0,"MemoryReservation":0,"MemorySwap":0,"MemorySwappiness":null,"OomKillDisable":null,"PidsLimit":null,"Ulimits":null,"CpuCount":0,"CpuPercent":0,"IOMaximumIOps":0,"IOMaximumBandwidth":0,"MaskedPaths":["/proc/asound","/proc/acpi","/proc/kcore","/proc/keys","/proc/latency_stats","/proc/timer_list","/proc/timer_stats","/proc/sched_debug","/proc/scsi","/sys/firmware"],"ReadonlyPaths":["/proc/bus","/proc/fs","/proc/irq","/proc/sys","/proc/sysrq-trigger"]},"GraphDriver":{"Data":{"LowerDir":"/var/lib/docker/overlay2/05794d51525f65619c615558ef5f93d7c33eef44e12313fdcb3942911d0b5f7d-init/diff:/var/lib/docker/overlay2/f079a69cfd5e80e906b12f05a0c7bfaabc56ce63e947db68b722ae30905f1239/diff:/var/lib/docker/overlay2/9dfb63d6bb556846a13012421dde7951ef83a14d8ce1882287cce66f0f9bd055/diff:/var/lib/docker/overlay2/c4f8874ae33ddd14488f5051cd953acc020fa00ea72d28bd530450c0bc8f9903/diff:/var/lib/docker/overlay2/992683766b46aa5653160e6a34283b579a75000e230890d0ec0a6204af735697/diff:/var/lib/docker/overlay2/6e3fba0e1d6501c91c9bec723bb1364f75599c6c2026a6dc71773c88a49f890a/diff:/var/lib/docker/overlay2/c6c2a366f45a69704761d45d296d71bf2bf315efb15cb06ad88925ed235fad81/diff:/var/lib/docker/overlay2/7555f9b18615244719d04b23296ba418195e5e569d47baf9f1da7c3f053fe194/diff:/var/lib/docker/overlay2/7752eb17f8f8ba44a5ed178f499901fa7eb6f2e031c29ab160ee4eff4db8edaa/diff:/var/lib/docker/overlay2/9683de8b3733106f256bd0eabc7cae13623b14493b9212e863449d42b8a87390/diff:/var/lib/docker/overlay2/f5e28e407d8811526fb7dd82e4fed08d5d3124c0f22f1a9496ed27b2b457d3dd/diff:/var/lib/docker/overlay2/e2980c91c6b3331cff3994ca6f327955bb5feaef0f96bc64edce80631fdbf829/di"
18:30:18.093 [Test worker] DEBUG com.github.dockerjava.zerodep.shaded.org.apache.hc.client5.http.headers - http-outgoing-1 << HTTP/1.1 200 OK
18:30:18.093 [Test worker] DEBUG com.github.dockerjava.zerodep.shaded.org.apache.hc.client5.http.headers - http-outgoing-1 << Api-Version: 1.41
18:30:18.093 [Test worker] DEBUG com.github.dockerjava.zerodep.shaded.org.apache.hc.client5.http.headers - http-outgoing-1 << Content-Type: application/json
18:30:18.093 [Test worker] DEBUG com.github.dockerjava.zerodep.shaded.org.apache.hc.client5.http.headers - http-outgoing-1 << Docker-Experimental: false
18:30:18.093 [Test worker] DEBUG com.github.dockerjava.zerodep.shaded.org.apache.hc.client5.http.headers - http-outgoing-1 << Ostype: linux
18:30:18.093 [Test worker] DEBUG com.github.dockerjava.zerodep.shaded.org.apache.hc.client5.http.headers - http-outgoing-1 << Server: Docker/20.10.17 (linux)
18:30:18.093 [Test worker] DEBUG com.github.dockerjava.zerodep.shaded.org.apache.hc.client5.http.headers - http-outgoing-1 << Date: Thu, 08 Dec 2022 21:30:18 GMT
18:30:18.093 [Test worker] DEBUG com.github.dockerjava.zerodep.shaded.org.apache.hc.client5.http.headers - http-outgoing-1 << Transfer-Encoding: chunked
18:30:18.093 [Test worker] DEBUG com.github.dockerjava.zerodep.shaded.org.apache.hc.client5.http.impl.classic.MainClientExec - ex-0000003F: connection can be kept alive for 3 MINUTES
18:30:18.093 [Test worker] DEBUG com.github.dockerjava.zerodep.shaded.org.apache.hc.client5.http.wire - http-outgoing-1 << "ff","MergedDir":"/var/lib/docker/overlay2/05794d51525f65619c615558ef5f93d7c33eef44e12313fdcb3942911d0b5f7d/merged","UpperDir":"/var/lib/docker/overlay2/05794d51525f65619c615558ef5f93d7c33eef44e12313fdcb3942911d0b5f7d/diff","WorkDir":"/var/lib/docker/overlay2/05794d51525f65619c615558ef5f93d7c33eef44e12313fdcb3942911d0b5f7d/work"},"Name":"overlay2"},"Mounts":[{"Type":"volume","Name":"fe29345a30f82a1c969c40b069133e9d87168ce95967d67ac182ee42c059affb","Source":"/var/lib/docker/volumes/fe29345a30f82a1c969c40b069133e9d87168ce95967d67ac182ee42c059affb/_data","Destination":"/var/lib/mysql","Driver":"local","Mode":"","RW":true,"Propagation":""}],"Config":{"Hostname":"b4fc7afd9745","Domainname":"","User":"","AttachStdin":false,"AttachStdout":false,"AttachStderr":false,"ExposedPorts":{"3306/tcp":{},"33060/tcp":{}},"Tty":false,"OpenStdin":false,"StdinOnce":false,"Env":["MYSQL_DATABASE=adm_videos","MYSQL_PASSWORD=123456","MYSQL_ROOT_PASSWORD=123456","PATH=/usr/local/sbin:/usr/local/bin:/usr/sbin:/usr/bin:/sbin:/bin","GOSU_VERSION=1.14","MYSQL_MAJOR=8.0","MYSQL_VERSION=8.0.31-1.el8","MYSQL_SHELL_VERSION=8.0.31-1.el8"],"Cmd":["mysqld"],"Image":"mysql:latest","Volumes":{"/var/lib/mysql":{}},"WorkingDir":"","Entrypoint":["docker-entrypoint.sh"],"OnBuild":null,"Labels":{"org.testcontainers":"true","org.testcontainers.sessionId":"cdd139c9-cde1-4429-bea7-edb0e651ba16"}},"NetworkSettings":{"Bridge":"","SandboxID":"8404ec7d59006489fa5b6638879180586e9aa24c1c3ae79d40e26a8f453c93b1","HairpinMode":false,"LinkLocalIPv6Address":"","LinkLocalIPv6PrefixLen":0,"Ports":{"3306/tcp":[{"HostIp":"0.0.0.0","HostPort":"49156"},{"HostIp":"::","HostPort":"49156"}],"33060/tcp":null},"SandboxKey":"/var/run/docker/netns/8404ec7d5900","SecondaryIPAddresses":null,"SecondaryIPv6Addresses":null,"EndpointID":"28c851b70d88131a783e3d87b7c50320df5f3250ebca621b1b39353a2424212a","Gateway":"172.17.0.1","GlobalIPv6Address":"","GlobalIPv6PrefixLen":0,"IPAddress":"172.17.0.3","IPPrefixLen":16,"IPv6Gateway":"","MacAddress":"02:42:ac:11:00:03","Networks":{"bridge":{"IPAMConfig":null,"Links":null,"Aliases":null,"NetworkID":"bf06afe94eca8b5ab91eae0dbaa8561a6dd16832d429dcdbaa7ed1e003cfbe56","EndpointID":"28c851b70d88131a783e3d87b7c50320df5f3250ebca621b1b39353a2424212a","Gateway":"172.17.0.1","IPAddress":"172.17.0.3","IPPrefixLen":16,"IPv6Gateway":"","GlobalIPv6Address":"","GlobalIPv6PrefixLen":0,"MacAddress":"02:42:ac:11:00:03","DriverOpts":null}}}}[\n]"
18:30:18.094 [Test worker] DEBUG com.github.dockerjava.zerodep.shaded.org.apache.hc.client5.http.wire - http-outgoing-1 << "[\r][\n]"
18:30:18.094 [Test worker] DEBUG com.github.dockerjava.zerodep.shaded.org.apache.hc.client5.http.wire - http-outgoing-1 << "0[\r][\n]"
18:30:18.094 [Test worker] DEBUG com.github.dockerjava.zerodep.shaded.org.apache.hc.client5.http.wire - http-outgoing-1 << "[\r][\n]"
18:30:18.094 [Test worker] DEBUG com.github.dockerjava.zerodep.shaded.org.apache.hc.client5.http.impl.classic.InternalHttpClient - ep-0000003E: releasing valid endpoint
18:30:18.094 [Test worker] DEBUG com.github.dockerjava.zerodep.shaded.org.apache.hc.client5.http.impl.io.PoolingHttpClientConnectionManager - ep-0000003E: releasing endpoint
18:30:18.094 [Test worker] DEBUG com.github.dockerjava.zerodep.shaded.org.apache.hc.client5.http.impl.io.PoolingHttpClientConnectionManager - ep-0000003E: connection http-outgoing-1 can be kept alive for 3 MINUTES
18:30:18.094 [Test worker] DEBUG com.github.dockerjava.zerodep.shaded.org.apache.hc.client5.http.impl.io.PoolingHttpClientConnectionManager - ep-0000003E: connection released [route: {}->unix://localhost:2375][total available: 1; route allocated: 1 of 2147483647; total allocated: 1 of 2147483647]
18:30:18.095 [Test worker] DEBUG ]]>&#x1f433;<![CDATA[ [mysql:latest] - Trying to create JDBC connection using com.mysql.cj.jdbc.Driver to jdbc:mysql://localhost:49156/adm_videos?useSSL=false&allowPublicKeyRetrieval=true with properties: {password=123456, user=root}
18:30:18.197 [Test worker] DEBUG org.testcontainers.shaded.com.github.dockerjava.core.command.AbstrDockerCmd - Cmd: b4fc7afd97457a2a6ec84592488a57f900fa52ed03fcd2dbaf8a116bc1f50ab3,false
18:30:18.197 [Test worker] DEBUG org.testcontainers.shaded.com.github.dockerjava.core.exec.InspectContainerCmdExec - GET: DefaultWebTarget{path=[/containers/b4fc7afd97457a2a6ec84592488a57f900fa52ed03fcd2dbaf8a116bc1f50ab3/json], queryParams={}}
18:30:18.197 [Test worker] DEBUG com.github.dockerjava.zerodep.shaded.org.apache.hc.client5.http.impl.classic.InternalHttpClient - ex-00000040: preparing request execution
18:30:18.197 [Test worker] DEBUG com.github.dockerjava.zerodep.shaded.org.apache.hc.client5.http.protocol.RequestAddCookies - Cookie spec selected: strict
18:30:18.197 [Test worker] DEBUG com.github.dockerjava.zerodep.shaded.org.apache.hc.client5.http.protocol.RequestAuthCache - Auth cache not set in the context
18:30:18.197 [Test worker] DEBUG com.github.dockerjava.zerodep.shaded.org.apache.hc.client5.http.impl.classic.ProtocolExec - ex-00000040: target auth state: UNCHALLENGED
18:30:18.197 [Test worker] DEBUG com.github.dockerjava.zerodep.shaded.org.apache.hc.client5.http.impl.classic.ProtocolExec - ex-00000040: proxy auth state: UNCHALLENGED
18:30:18.197 [Test worker] DEBUG com.github.dockerjava.zerodep.shaded.org.apache.hc.client5.http.impl.classic.ConnectExec - ex-00000040: acquiring connection with route {}->unix://localhost:2375
18:30:18.197 [Test worker] DEBUG com.github.dockerjava.zerodep.shaded.org.apache.hc.client5.http.impl.classic.InternalHttpClient - ex-00000040: acquiring endpoint (3 MINUTES)
18:30:18.198 [Test worker] DEBUG com.github.dockerjava.zerodep.shaded.org.apache.hc.client5.http.impl.io.PoolingHttpClientConnectionManager - ex-00000040: endpoint lease request (3 MINUTES) [route: {}->unix://localhost:2375][total available: 1; route allocated: 1 of 2147483647; total allocated: 1 of 2147483647]
18:30:18.198 [Test worker] DEBUG com.github.dockerjava.zerodep.shaded.org.apache.hc.client5.http.impl.io.PoolingHttpClientConnectionManager - ex-00000040: endpoint leased [route: {}->unix://localhost:2375][total available: 0; route allocated: 1 of 2147483647; total allocated: 1 of 2147483647]
18:30:18.198 [Test worker] DEBUG com.github.dockerjava.zerodep.shaded.org.apache.hc.client5.http.impl.io.PoolingHttpClientConnectionManager - ex-00000040: acquired ep-0000003F
18:30:18.198 [Test worker] DEBUG com.github.dockerjava.zerodep.shaded.org.apache.hc.client5.http.impl.classic.InternalHttpClient - ex-00000040: acquired endpoint ep-0000003F
18:30:18.198 [Test worker] DEBUG com.github.dockerjava.zerodep.shaded.org.apache.hc.client5.http.impl.classic.MainClientExec - ex-00000040: executing GET /v1.32/containers/b4fc7afd97457a2a6ec84592488a57f900fa52ed03fcd2dbaf8a116bc1f50ab3/json HTTP/1.1
18:30:18.198 [Test worker] DEBUG com.github.dockerjava.zerodep.shaded.org.apache.hc.client5.http.impl.classic.InternalHttpClient - ep-0000003F: start execution ex-00000040
18:30:18.198 [Test worker] DEBUG com.github.dockerjava.zerodep.shaded.org.apache.hc.client5.http.impl.io.PoolingHttpClientConnectionManager - ep-0000003F: executing exchange ex-00000040 over http-outgoing-1
18:30:18.198 [Test worker] DEBUG com.github.dockerjava.zerodep.shaded.org.apache.hc.client5.http.headers - http-outgoing-1 >> GET /v1.32/containers/b4fc7afd97457a2a6ec84592488a57f900fa52ed03fcd2dbaf8a116bc1f50ab3/json HTTP/1.1
18:30:18.198 [Test worker] DEBUG com.github.dockerjava.zerodep.shaded.org.apache.hc.client5.http.headers - http-outgoing-1 >> accept: application/json
18:30:18.198 [Test worker] DEBUG com.github.dockerjava.zerodep.shaded.org.apache.hc.client5.http.headers - http-outgoing-1 >> x-tc-sid: cdd139c9-cde1-4429-bea7-edb0e651ba16
18:30:18.198 [Test worker] DEBUG com.github.dockerjava.zerodep.shaded.org.apache.hc.client5.http.headers - http-outgoing-1 >> Accept-Encoding: gzip, x-gzip, deflate
18:30:18.198 [Test worker] DEBUG com.github.dockerjava.zerodep.shaded.org.apache.hc.client5.http.headers - http-outgoing-1 >> Host: localhost:2375
18:30:18.198 [Test worker] DEBUG com.github.dockerjava.zerodep.shaded.org.apache.hc.client5.http.headers - http-outgoing-1 >> Connection: keep-alive
18:30:18.198 [Test worker] DEBUG com.github.dockerjava.zerodep.shaded.org.apache.hc.client5.http.headers - http-outgoing-1 >> User-Agent: Apache-HttpClient/5.0.3 (Java/17.0.2)
18:30:18.198 [Test worker] DEBUG com.github.dockerjava.zerodep.shaded.org.apache.hc.client5.http.wire - http-outgoing-1 >> "GET /v1.32/containers/b4fc7afd97457a2a6ec84592488a57f900fa52ed03fcd2dbaf8a116bc1f50ab3/json HTTP/1.1[\r][\n]"
18:30:18.198 [Test worker] DEBUG com.github.dockerjava.zerodep.shaded.org.apache.hc.client5.http.wire - http-outgoing-1 >> "accept: application/json[\r][\n]"
18:30:18.198 [Test worker] DEBUG com.github.dockerjava.zerodep.shaded.org.apache.hc.client5.http.wire - http-outgoing-1 >> "x-tc-sid: cdd139c9-cde1-4429-bea7-edb0e651ba16[\r][\n]"
18:30:18.198 [Test worker] DEBUG com.github.dockerjava.zerodep.shaded.org.apache.hc.client5.http.wire - http-outgoing-1 >> "Accept-Encoding: gzip, x-gzip, deflate[\r][\n]"
18:30:18.198 [Test worker] DEBUG com.github.dockerjava.zerodep.shaded.org.apache.hc.client5.http.wire - http-outgoing-1 >> "Host: localhost:2375[\r][\n]"
18:30:18.198 [Test worker] DEBUG com.github.dockerjava.zerodep.shaded.org.apache.hc.client5.http.wire - http-outgoing-1 >> "Connection: keep-alive[\r][\n]"
18:30:18.198 [Test worker] DEBUG com.github.dockerjava.zerodep.shaded.org.apache.hc.client5.http.wire - http-outgoing-1 >> "User-Agent: Apache-HttpClient/5.0.3 (Java/17.0.2)[\r][\n]"
18:30:18.198 [Test worker] DEBUG com.github.dockerjava.zerodep.shaded.org.apache.hc.client5.http.wire - http-outgoing-1 >> "[\r][\n]"
18:30:18.198 [Test worker] DEBUG com.github.dockerjava.zerodep.shaded.org.apache.hc.client5.http.wire - http-outgoing-1 << "HTTP/1.1 200 OK[\r][\n]"
18:30:18.198 [Test worker] DEBUG com.github.dockerjava.zerodep.shaded.org.apache.hc.client5.http.wire - http-outgoing-1 << "Api-Version: 1.41[\r][\n]"
18:30:18.198 [Test worker] DEBUG com.github.dockerjava.zerodep.shaded.org.apache.hc.client5.http.wire - http-outgoing-1 << "Content-Type: application/json[\r][\n]"
18:30:18.198 [Test worker] DEBUG com.github.dockerjava.zerodep.shaded.org.apache.hc.client5.http.wire - http-outgoing-1 << "Docker-Experimental: false[\r][\n]"
18:30:18.198 [Test worker] DEBUG com.github.dockerjava.zerodep.shaded.org.apache.hc.client5.http.wire - http-outgoing-1 << "Ostype: linux[\r][\n]"
18:30:18.198 [Test worker] DEBUG com.github.dockerjava.zerodep.shaded.org.apache.hc.client5.http.wire - http-outgoing-1 << "Server: Docker/20.10.17 (linux)[\r][\n]"
18:30:18.198 [Test worker] DEBUG com.github.dockerjava.zerodep.shaded.org.apache.hc.client5.http.wire - http-outgoing-1 << "Date: Thu, 08 Dec 2022 21:30:18 GMT[\r][\n]"
18:30:18.198 [Test worker] DEBUG com.github.dockerjava.zerodep.shaded.org.apache.hc.client5.http.wire - http-outgoing-1 << "Transfer-Encoding: chunked[\r][\n]"
18:30:18.198 [Test worker] DEBUG com.github.dockerjava.zerodep.shaded.org.apache.hc.client5.http.wire - http-outgoing-1 << "[\r][\n]"
18:30:18.198 [Test worker] DEBUG com.github.dockerjava.zerodep.shaded.org.apache.hc.client5.http.wire - http-outgoing-1 << "18a6[\r][\n]"
18:30:18.198 [Test worker] DEBUG com.github.dockerjava.zerodep.shaded.org.apache.hc.client5.http.wire - http-outgoing-1 << "{"Id":"b4fc7afd97457a2a6ec84592488a57f900fa52ed03fcd2dbaf8a116bc1f50ab3","Created":"2022-12-08T21:30:11.801619537Z","Path":"docker-entrypoint.sh","Args":["mysqld"],"State":{"Status":"running","Running":true,"Paused":false,"Restarting":false,"OOMKilled":false,"Dead":false,"Pid":148084,"ExitCode":0,"Error":"","StartedAt":"2022-12-08T21:30:12.370762583Z","FinishedAt":"0001-01-01T00:00:00Z"},"Image":"sha256:7484689f290f1defe06b65befc54cb6ad91a667cf0af59a265ffe76c46bd0478","ResolvConfPath":"/var/lib/docker/containers/b4fc7afd97457a2a6ec84592488a57f900fa52ed03fcd2dbaf8a116bc1f50ab3/resolv.conf","HostnamePath":"/var/lib/docker/containers/b4fc7afd97457a2a6ec84592488a57f900fa52ed03fcd2dbaf8a116bc1f50ab3/hostname","HostsPath":"/var/lib/docker/containers/b4fc7afd97457a2a6ec84592488a57f900fa52ed03fcd2dbaf8a116bc1f50ab3/hosts","LogPath":"/var/lib/docker/containers/b4fc7afd97457a2a6ec84592488a57f900fa52ed03fcd2dbaf8a116bc1f50ab3/b4fc7afd97457a2a6ec84592488a57f900fa52ed03fcd2dbaf8a116bc1f50ab3-json.log","Name":"/agitated_ptolemy","RestartCount":0,"Driver":"overlay2","Platform":"linux","MountLabel":"","ProcessLabel":"","AppArmorProfile":"docker-default","ExecIDs":null,"HostConfig":{"Binds":[],"ContainerIDFile":"","LogConfig":{"Type":"json-file","Config":{}},"NetworkMode":"default","PortBindings":{"3306/tcp":[{"HostIp":"","HostPort":""}]},"RestartPolicy":{"Name":"","MaximumRetryCount":0},"AutoRemove":false,"VolumeDriver":"","VolumesFrom":[],"CapAdd":null,"CapDrop":null,"CgroupnsMode":"private","Dns":null,"DnsOptions":null,"DnsSearch":null,"ExtraHosts":[],"GroupAdd":null,"IpcMode":"shareable","Cgroup":"","Links":null,"OomScoreAdj":0,"PidMode":"","Privileged":false,"PublishAllPorts":false,"ReadonlyRootfs":false,"SecurityOpt":null,"UTSMode":"","UsernsMode":"","ShmSize":67108864,"Runtime":"runc","ConsoleSize":[0,0],"Isolation":"","CpuShares":0,"Memory":0,"NanoCpus":0,"CgroupParent":"","BlkioWeight":0,"BlkioWeightDevice":null,"BlkioDeviceReadBps":null,"BlkioDeviceWriteBps":null,"BlkioDeviceReadIOps":null,"BlkioDeviceWriteIOps":null,"CpuPeriod":0,"CpuQuota":0,"CpuRealtimePeriod":0,"CpuRealtimeRuntime":0,"CpusetCpus":"","CpusetMems":"","Devices":null,"DeviceCgroupRules":null,"DeviceRequests":null,"KernelMemory":0,"KernelMemoryTCP":0,"MemoryReservation":0,"MemorySwap":0,"MemorySwappiness":null,"OomKillDisable":null,"PidsLimit":null,"Ulimits":null,"CpuCount":0,"CpuPercent":0,"IOMaximumIOps":0,"IOMaximumBandwidth":0,"MaskedPaths":["/proc/asound","/proc/acpi","/proc/kcore","/proc/keys","/proc/latency_stats","/proc/timer_list","/proc/timer_stats","/proc/sched_debug","/proc/scsi","/sys/firmware"],"ReadonlyPaths":["/proc/bus","/proc/fs","/proc/irq","/proc/sys","/proc/sysrq-trigger"]},"GraphDriver":{"Data":{"LowerDir":"/var/lib/docker/overlay2/05794d51525f65619c615558ef5f93d7c33eef44e12313fdcb3942911d0b5f7d-init/diff:/var/lib/docker/overlay2/f079a69cfd5e80e906b12f05a0c7bfaabc56ce63e947db68b722ae30905f1239/diff:/var/lib/docker/overlay2/9dfb63d6bb556846a13012421dde7951ef83a14d8ce1882287cce66f0f9bd055/diff:/var/lib/docker/overlay2/c4f8874ae33ddd14488f5051cd953acc020fa00ea72d28bd530450c0bc8f9903/diff:/var/lib/docker/overlay2/992683766b46aa5653160e6a34283b579a75000e230890d0ec0a6204af735697/diff:/var/lib/docker/overlay2/6e3fba0e1d6501c91c9bec723bb1364f75599c6c2026a6dc71773c88a49f890a/diff:/var/lib/docker/overlay2/c6c2a366f45a69704761d45d296d71bf2bf315efb15cb06ad88925ed235fad81/diff:/var/lib/docker/overlay2/7555f9b18615244719d04b23296ba418195e5e569d47baf9f1da7c3f053fe194/diff:/var/lib/docker/overlay2/7752eb17f8f8ba44a5ed178f499901fa7eb6f2e031c29ab160ee4eff4db8edaa/diff:/var/lib/docker/overlay2/9683de8b3733106f256bd0eabc7cae13623b14493b9212e863449d42b8a87390/diff:/var/lib/docker/overlay2/f5e28e407d8811526fb7dd82e4fed08d5d3124c0f22f1a9496ed27b2b457d3dd/diff:/var/lib/docker/overlay2/e2980c91c6b3331cff3994ca6f327955bb5feaef0f96bc64edce80631fdbf829/diff","MergedDir":"/var/lib/docker/overlay2/05794d51525f65619c615558ef5f93d7c33eef44e12313fdcb3942911d0b5f7d/merged","UpperDir":"/var/lib/docker/overlay2/05794d51525f65619c615558ef5f93d7c33eef44e12313fdcb3942911d0b5f7d/diff","WorkDir":"/var/lib/docker/overlay2/05794d51525f65619c615558ef5f93d7c33eef44e12313fdcb3942911d0b5f7d/work"},"Name":"overlay2"},"Mounts":[{"Type":"volume","Name":"fe29345a30f82a1c969c40b069133e9d87168ce95967d67ac182ee42c059affb","Source":"/var/lib/docker/volumes/fe29345a30f82a1c969c40b069133e9d87168ce95967d67ac182ee42c059affb/_data","Destination":"/var/lib/mysql","Driver":"local","Mode":"","RW":true,"Propagation":""}],"Config":{"Hostname":"b4fc7afd9745","Domainname":"","User":"","AttachStdin":false,"AttachStdout":false,"AttachStderr":false,"ExposedPorts":{"3306/tcp":{},"33060/tcp":{}},"Tty":false,"OpenStdin":false,"StdinOnce":false,"Env":["MYSQL_DATABASE=adm_videos","MYSQL_PASSWORD=123456","MYSQL_ROOT_PASSWORD=123456","PATH=/usr/local/sbin:/usr/local/bin:/usr/sbin:/usr/bin:/sbin:/bin","GOSU_VERSION=1.14","MYSQL_MAJOR=8.0","MYSQL_VERSION=8.0.31-1.el8","MYSQL_SHELL_VERSION=8.0.31-1.el8"],"Cmd":["mysqld"],"Image":"mysql:latest","Volumes":{"/var/lib/mysql":{}},"WorkingDir":"","Entrypoint":["docker-entrypoint.sh"],"OnBuild":null,"Labels":{"org.testcontainers":"true","org.testcontainers.sessionId":"cdd139c9-cde1-4429-bea7-edb0e651ba16"}},"NetworkSettings":{"Bridge":"","SandboxID":"8404ec7d59006489fa5b6638879180586e9aa24c1c3ae79d40e26a8f453c93b1","HairpinMode":false,"LinkLocalIPv6Address":"","LinkLocalIPv6PrefixLen":0,"Ports":{"3306/tcp":[{"HostIp":"0.0.0.0","HostPort":"49156"},{"HostIp":"::","HostPort":"49156"}],"33060/tcp":null},"SandboxKey":"/var/run/docker/netns/8404ec7d5900","SecondaryIPAddresses":null,"SecondaryIPv6Addresses":null,"EndpointID":"28c851b70d88131a783e3d87b7c50320df5f3250ebca621b1b39353a2424212a","Gateway":"172.17.0.1","GlobalIPv6Address":"","GlobalIPv6PrefixLen":0,"IPAddress":"172.17.0.3","IPPrefixLen":16,"IPv6Gateway":"","MacAddress":"02:42:ac:11:00:03","Networks":{"bridge":{"IPAMConfig":null,"Links":null,"Aliases":null,"NetworkID":"bf06afe94eca8b5ab91eae0dbaa8561a6dd16832d429dcdbaa7ed1e003cfbe56","EndpointID":"28c851b70d88131a783e3d87b7c50320df5f3250ebca621b1b39353a2424212a","Gateway":"172.17.0.1","IPAddress":"172.17.0.3","IPPrefixLen":16,"IPv6Gateway":"","GlobalIPv6Address":"","GlobalIPv6PrefixLen":0,"MacAddress":"02:42:ac:11:00:03","DriverOpts":null}}}}[\n]"
18:30:18.198 [Test worker] DEBUG com.github.dockerjava.zerodep.shaded.org.apache.hc.client5.http.wire - http-outgoing-1 << "[\r][\n]"
18:30:18.198 [Test worker] DEBUG com.github.dockerjava.zerodep.shaded.org.apache.hc.client5.http.wire - http-outgoing-1 << "0[\r][\n]"
18:30:18.198 [Test worker] DEBUG com.github.dockerjava.zerodep.shaded.org.apache.hc.client5.http.wire - http-outgoing-1 << "[\r][\n]"
18:30:18.198 [Test worker] DEBUG com.github.dockerjava.zerodep.shaded.org.apache.hc.client5.http.headers - http-outgoing-1 << HTTP/1.1 200 OK
18:30:18.198 [Test worker] DEBUG com.github.dockerjava.zerodep.shaded.org.apache.hc.client5.http.headers - http-outgoing-1 << Api-Version: 1.41
18:30:18.198 [Test worker] DEBUG com.github.dockerjava.zerodep.shaded.org.apache.hc.client5.http.headers - http-outgoing-1 << Content-Type: application/json
18:30:18.198 [Test worker] DEBUG com.github.dockerjava.zerodep.shaded.org.apache.hc.client5.http.headers - http-outgoing-1 << Docker-Experimental: false
18:30:18.198 [Test worker] DEBUG com.github.dockerjava.zerodep.shaded.org.apache.hc.client5.http.headers - http-outgoing-1 << Ostype: linux
18:30:18.198 [Test worker] DEBUG com.github.dockerjava.zerodep.shaded.org.apache.hc.client5.http.headers - http-outgoing-1 << Server: Docker/20.10.17 (linux)
18:30:18.198 [Test worker] DEBUG com.github.dockerjava.zerodep.shaded.org.apache.hc.client5.http.headers - http-outgoing-1 << Date: Thu, 08 Dec 2022 21:30:18 GMT
18:30:18.198 [Test worker] DEBUG com.github.dockerjava.zerodep.shaded.org.apache.hc.client5.http.headers - http-outgoing-1 << Transfer-Encoding: chunked
18:30:18.199 [Test worker] DEBUG com.github.dockerjava.zerodep.shaded.org.apache.hc.client5.http.impl.classic.MainClientExec - ex-00000040: connection can be kept alive for 3 MINUTES
18:30:18.199 [Test worker] DEBUG com.github.dockerjava.zerodep.shaded.org.apache.hc.client5.http.impl.classic.InternalHttpClient - ep-0000003F: releasing valid endpoint
18:30:18.199 [Test worker] DEBUG com.github.dockerjava.zerodep.shaded.org.apache.hc.client5.http.impl.io.PoolingHttpClientConnectionManager - ep-0000003F: releasing endpoint
18:30:18.199 [Test worker] DEBUG com.github.dockerjava.zerodep.shaded.org.apache.hc.client5.http.impl.io.PoolingHttpClientConnectionManager - ep-0000003F: connection http-outgoing-1 can be kept alive for 3 MINUTES
18:30:18.200 [Test worker] DEBUG com.github.dockerjava.zerodep.shaded.org.apache.hc.client5.http.impl.io.PoolingHttpClientConnectionManager - ep-0000003F: connection released [route: {}->unix://localhost:2375][total available: 1; route allocated: 1 of 2147483647; total allocated: 1 of 2147483647]
18:30:18.200 [Test worker] DEBUG ]]>&#x1f433;<![CDATA[ [mysql:latest] - Trying to create JDBC connection using com.mysql.cj.jdbc.Driver to jdbc:mysql://localhost:49156/adm_videos?useSSL=false&allowPublicKeyRetrieval=true with properties: {password=123456, user=root}
18:30:18.301 [Test worker] DEBUG org.testcontainers.shaded.com.github.dockerjava.core.command.AbstrDockerCmd - Cmd: b4fc7afd97457a2a6ec84592488a57f900fa52ed03fcd2dbaf8a116bc1f50ab3,false
18:30:18.301 [Test worker] DEBUG org.testcontainers.shaded.com.github.dockerjava.core.exec.InspectContainerCmdExec - GET: DefaultWebTarget{path=[/containers/b4fc7afd97457a2a6ec84592488a57f900fa52ed03fcd2dbaf8a116bc1f50ab3/json], queryParams={}}
18:30:18.302 [Test worker] DEBUG com.github.dockerjava.zerodep.shaded.org.apache.hc.client5.http.impl.classic.InternalHttpClient - ex-00000041: preparing request execution
18:30:18.302 [Test worker] DEBUG com.github.dockerjava.zerodep.shaded.org.apache.hc.client5.http.protocol.RequestAddCookies - Cookie spec selected: strict
18:30:18.302 [Test worker] DEBUG com.github.dockerjava.zerodep.shaded.org.apache.hc.client5.http.protocol.RequestAuthCache - Auth cache not set in the context
18:30:18.302 [Test worker] DEBUG com.github.dockerjava.zerodep.shaded.org.apache.hc.client5.http.impl.classic.ProtocolExec - ex-00000041: target auth state: UNCHALLENGED
18:30:18.302 [Test worker] DEBUG com.github.dockerjava.zerodep.shaded.org.apache.hc.client5.http.impl.classic.ProtocolExec - ex-00000041: proxy auth state: UNCHALLENGED
18:30:18.302 [Test worker] DEBUG com.github.dockerjava.zerodep.shaded.org.apache.hc.client5.http.impl.classic.ConnectExec - ex-00000041: acquiring connection with route {}->unix://localhost:2375
18:30:18.302 [Test worker] DEBUG com.github.dockerjava.zerodep.shaded.org.apache.hc.client5.http.impl.classic.InternalHttpClient - ex-00000041: acquiring endpoint (3 MINUTES)
18:30:18.302 [Test worker] DEBUG com.github.dockerjava.zerodep.shaded.org.apache.hc.client5.http.impl.io.PoolingHttpClientConnectionManager - ex-00000041: endpoint lease request (3 MINUTES) [route: {}->unix://localhost:2375][total available: 1; route allocated: 1 of 2147483647; total allocated: 1 of 2147483647]
18:30:18.302 [Test worker] DEBUG com.github.dockerjava.zerodep.shaded.org.apache.hc.client5.http.impl.io.PoolingHttpClientConnectionManager - ex-00000041: endpoint leased [route: {}->unix://localhost:2375][total available: 0; route allocated: 1 of 2147483647; total allocated: 1 of 2147483647]
18:30:18.302 [Test worker] DEBUG com.github.dockerjava.zerodep.shaded.org.apache.hc.client5.http.impl.io.PoolingHttpClientConnectionManager - ex-00000041: acquired ep-00000040
18:30:18.302 [Test worker] DEBUG com.github.dockerjava.zerodep.shaded.org.apache.hc.client5.http.impl.classic.InternalHttpClient - ex-00000041: acquired endpoint ep-00000040
18:30:18.302 [Test worker] DEBUG com.github.dockerjava.zerodep.shaded.org.apache.hc.client5.http.impl.classic.MainClientExec - ex-00000041: executing GET /v1.32/containers/b4fc7afd97457a2a6ec84592488a57f900fa52ed03fcd2dbaf8a116bc1f50ab3/json HTTP/1.1
18:30:18.302 [Test worker] DEBUG com.github.dockerjava.zerodep.shaded.org.apache.hc.client5.http.impl.classic.InternalHttpClient - ep-00000040: start execution ex-00000041
18:30:18.302 [Test worker] DEBUG com.github.dockerjava.zerodep.shaded.org.apache.hc.client5.http.impl.io.PoolingHttpClientConnectionManager - ep-00000040: executing exchange ex-00000041 over http-outgoing-1
18:30:18.302 [Test worker] DEBUG com.github.dockerjava.zerodep.shaded.org.apache.hc.client5.http.headers - http-outgoing-1 >> GET /v1.32/containers/b4fc7afd97457a2a6ec84592488a57f900fa52ed03fcd2dbaf8a116bc1f50ab3/json HTTP/1.1
18:30:18.302 [Test worker] DEBUG com.github.dockerjava.zerodep.shaded.org.apache.hc.client5.http.headers - http-outgoing-1 >> accept: application/json
18:30:18.302 [Test worker] DEBUG com.github.dockerjava.zerodep.shaded.org.apache.hc.client5.http.headers - http-outgoing-1 >> x-tc-sid: cdd139c9-cde1-4429-bea7-edb0e651ba16
18:30:18.302 [Test worker] DEBUG com.github.dockerjava.zerodep.shaded.org.apache.hc.client5.http.headers - http-outgoing-1 >> Accept-Encoding: gzip, x-gzip, deflate
18:30:18.302 [Test worker] DEBUG com.github.dockerjava.zerodep.shaded.org.apache.hc.client5.http.headers - http-outgoing-1 >> Host: localhost:2375
18:30:18.302 [Test worker] DEBUG com.github.dockerjava.zerodep.shaded.org.apache.hc.client5.http.headers - http-outgoing-1 >> Connection: keep-alive
18:30:18.302 [Test worker] DEBUG com.github.dockerjava.zerodep.shaded.org.apache.hc.client5.http.headers - http-outgoing-1 >> User-Agent: Apache-HttpClient/5.0.3 (Java/17.0.2)
18:30:18.302 [Test worker] DEBUG com.github.dockerjava.zerodep.shaded.org.apache.hc.client5.http.wire - http-outgoing-1 >> "GET /v1.32/containers/b4fc7afd97457a2a6ec84592488a57f900fa52ed03fcd2dbaf8a116bc1f50ab3/json HTTP/1.1[\r][\n]"
18:30:18.302 [Test worker] DEBUG com.github.dockerjava.zerodep.shaded.org.apache.hc.client5.http.wire - http-outgoing-1 >> "accept: application/json[\r][\n]"
18:30:18.302 [Test worker] DEBUG com.github.dockerjava.zerodep.shaded.org.apache.hc.client5.http.wire - http-outgoing-1 >> "x-tc-sid: cdd139c9-cde1-4429-bea7-edb0e651ba16[\r][\n]"
18:30:18.302 [Test worker] DEBUG com.github.dockerjava.zerodep.shaded.org.apache.hc.client5.http.wire - http-outgoing-1 >> "Accept-Encoding: gzip, x-gzip, deflate[\r][\n]"
18:30:18.302 [Test worker] DEBUG com.github.dockerjava.zerodep.shaded.org.apache.hc.client5.http.wire - http-outgoing-1 >> "Host: localhost:2375[\r][\n]"
18:30:18.302 [Test worker] DEBUG com.github.dockerjava.zerodep.shaded.org.apache.hc.client5.http.wire - http-outgoing-1 >> "Connection: keep-alive[\r][\n]"
18:30:18.302 [Test worker] DEBUG com.github.dockerjava.zerodep.shaded.org.apache.hc.client5.http.wire - http-outgoing-1 >> "User-Agent: Apache-HttpClient/5.0.3 (Java/17.0.2)[\r][\n]"
18:30:18.302 [Test worker] DEBUG com.github.dockerjava.zerodep.shaded.org.apache.hc.client5.http.wire - http-outgoing-1 >> "[\r][\n]"
18:30:18.303 [Test worker] DEBUG com.github.dockerjava.zerodep.shaded.org.apache.hc.client5.http.wire - http-outgoing-1 << "HTTP/1.1 200 OK[\r][\n]"
18:30:18.303 [Test worker] DEBUG com.github.dockerjava.zerodep.shaded.org.apache.hc.client5.http.wire - http-outgoing-1 << "Api-Version: 1.41[\r][\n]"
18:30:18.303 [Test worker] DEBUG com.github.dockerjava.zerodep.shaded.org.apache.hc.client5.http.wire - http-outgoing-1 << "Content-Type: application/json[\r][\n]"
18:30:18.303 [Test worker] DEBUG com.github.dockerjava.zerodep.shaded.org.apache.hc.client5.http.wire - http-outgoing-1 << "Docker-Experimental: false[\r][\n]"
18:30:18.303 [Test worker] DEBUG com.github.dockerjava.zerodep.shaded.org.apache.hc.client5.http.wire - http-outgoing-1 << "Ostype: linux[\r][\n]"
18:30:18.303 [Test worker] DEBUG com.github.dockerjava.zerodep.shaded.org.apache.hc.client5.http.wire - http-outgoing-1 << "Server: Docker/20.10.17 (linux)[\r][\n]"
18:30:18.303 [Test worker] DEBUG com.github.dockerjava.zerodep.shaded.org.apache.hc.client5.http.wire - http-outgoing-1 << "Date: Thu, 08 Dec 2022 21:30:18 GMT[\r][\n]"
18:30:18.303 [Test worker] DEBUG com.github.dockerjava.zerodep.shaded.org.apache.hc.client5.http.wire - http-outgoing-1 << "Transfer-Encoding: chunked[\r][\n]"
18:30:18.303 [Test worker] DEBUG com.github.dockerjava.zerodep.shaded.org.apache.hc.client5.http.wire - http-outgoing-1 << "[\r][\n]"
18:30:18.303 [Test worker] DEBUG com.github.dockerjava.zerodep.shaded.org.apache.hc.client5.http.wire - http-outgoing-1 << "18a6[\r][\n]"
18:30:18.303 [Test worker] DEBUG com.github.dockerjava.zerodep.shaded.org.apache.hc.client5.http.wire - http-outgoing-1 << "{"Id":"b4fc7afd97457a2a6ec84592488a57f900fa52ed03fcd2dbaf8a116bc1f50ab3","Created":"2022-12-08T21:30:11.801619537Z","Path":"docker-entrypoint.sh","Args":["mysqld"],"State":{"Status":"running","Running":true,"Paused":false,"Restarting":false,"OOMKilled":false,"Dead":false,"Pid":148084,"ExitCode":0,"Error":"","StartedAt":"2022-12-08T21:30:12.370762583Z","FinishedAt":"0001-01-01T00:00:00Z"},"Image":"sha256:7484689f290f1defe06b65befc54cb6ad91a667cf0af59a265ffe76c46bd0478","ResolvConfPath":"/var/lib/docker/containers/b4fc7afd97457a2a6ec84592488a57f900fa52ed03fcd2dbaf8a116bc1f50ab3/resolv.conf","HostnamePath":"/var/lib/docker/containers/b4fc7afd97457a2a6ec84592488a57f900fa52ed03fcd2dbaf8a116bc1f50ab3/hostname","HostsPath":"/var/lib/docker/containers/b4fc7afd97457a2a6ec84592488a57f900fa52ed03fcd2dbaf8a116bc1f50ab3/hosts","LogPath":"/var/lib/docker/containers/b4fc7afd97457a2a6ec84592488a57f900fa52ed03fcd2dbaf8a116bc1f50ab3/b4fc7afd97457a2a6ec84592488a57f900fa52ed03fcd2dbaf8a116bc1f50ab3-json.log","Name":"/agitated_ptolemy","RestartCount":0,"Driver":"overlay2","Platform":"linux","MountLabel":"","ProcessLabel":"","AppArmorProfile":"docker-default","ExecIDs":null,"HostConfig":{"Binds":[],"ContainerIDFile":"","LogConfig":{"Type":"json-file","Config":{}},"NetworkMode":"default","PortBindings":{"3306/tcp":[{"HostIp":"","HostPort":""}]},"RestartPolicy":{"Name":"","MaximumRetryCount":0},"AutoRemove":false,"VolumeDriver":"","VolumesFrom":[],"CapAdd":null,"CapDrop":null,"CgroupnsMode":"private","Dns":null,"DnsOptions":null,"DnsSearch":null,"ExtraHosts":[],"GroupAdd":null,"IpcMode":"shareable","Cgroup":"","Links":null,"OomScoreAdj":0,"PidMode":"","Privileged":false,"PublishAllPorts":false,"ReadonlyRootfs":false,"SecurityOpt":null,"UTSMode":"","UsernsMode":"","ShmSize":67108864,"Runtime":"runc","ConsoleSize":[0,0],"Isolation":"","CpuShares":0,"Memory":0,"NanoCpus":0,"CgroupParent":"","BlkioWeight":0,"BlkioWeightDevice":null,"BlkioDeviceReadBps":null,"BlkioDeviceWriteBps":null,"BlkioDeviceReadIOps":null,"BlkioDeviceWriteIOps":null,"CpuPeriod":0,"CpuQuota":0,"CpuRealtimePeriod":0,"CpuRealtimeRuntime":0,"CpusetCpus":"","CpusetMems":"","Devices":null,"DeviceCgroupRules":null,"DeviceRequests":null,"KernelMemory":0,"KernelMemoryTCP":0,"MemoryReservation":0,"MemorySwap":0,"MemorySwappiness":null,"OomKillDisable":null,"PidsLimit":null,"Ulimits":null,"CpuCount":0,"CpuPercent":0,"IOMaximumIOps":0,"IOMaximumBandwidth":0,"MaskedPaths":["/proc/asound","/proc/acpi","/proc/kcore","/proc/keys","/proc/latency_stats","/proc/timer_list","/proc/timer_stats","/proc/sched_debug","/proc/scsi","/sys/firmware"],"ReadonlyPaths":["/proc/bus","/proc/fs","/proc/irq","/proc/sys","/proc/sysrq-trigger"]},"GraphDriver":{"Data":{"LowerDir":"/var/lib/docker/overlay2/05794d51525f65619c615558ef5f93d7c33eef44e12313fdcb3942911d0b5f7d-init/diff:/var/lib/docker/overlay2/f079a69cfd5e80e906b12f05a0c7bfaabc56ce63e947db68b722ae30905f1239/diff:/var/lib/docker/overlay2/9dfb63d6bb556846a13012421dde7951ef83a14d8ce1882287cce66f0f9bd055/diff:/var/lib/docker/overlay2/c4f8874ae33ddd14488f5051cd953acc020fa00ea72d28bd530450c0bc8f9903/diff:/var/lib/docker/overlay2/992683766b46aa5653160e6a34283b579a75000e230890d0ec0a6204af735697/diff:/var/lib/docker/overlay2/6e3fba0e1d6501c91c9bec723bb1364f75599c6c2026a6dc71773c88a49f890a/diff:/var/lib/docker/overlay2/c6c2a366f45a69704761d45d296d71bf2bf315efb15cb06ad88925ed235fad81/diff:/var/lib/docker/overlay2/7555f9b18615244719d04b23296ba418195e5e569d47baf9f1da7c3f053fe194/diff:/var/lib/docker/overlay2/7752eb17f8f8ba44a5ed178f499901fa7eb6f2e031c29ab160ee4eff4db8edaa/diff:/var/lib/docker/overlay2/9683de8b3733106f256bd0eabc7cae13623b14493b9212e863449d42b8a87390/diff:/var/lib/docker/overlay2/f5e28e407d8811526fb7dd82e4fed08d5d3124c0f22f1a9496ed27b2b457d3dd/diff:/var/lib/docker/overlay2/e2980c91c6b3331cff3994ca6f327955bb5feaef0f96bc64edce80631fdbf829/diff","MergedDir":"/var/lib/docker/overlay2/05794d51525f65619c615558ef5f93d7c33eef44e12313fdcb3942911d0b5f7d/merged","UpperDir":"/var/lib/docker/overlay2/05794d51525f65619c615558ef5f93d7c33eef44e12313fdcb3942911d0b5f7d/diff","WorkDir":"/var/lib/docker/overlay2/05794d51525f65619c615558ef5f93d7c33eef44e12313fdcb3942911d0b5f7d/work"},"Name":"overlay2"},"Mounts":[{"Type":"volume","Name":"fe29345a30f82a1c969c40b069133e9d87168ce95967d67ac182ee42c059affb","Source":"/var/lib/docker/volumes/fe29345a30f82a1c969c40b069133e9d87168ce95967d67ac182ee42c059affb/_data","Destination":"/var/lib/mysql","Driver":"local","Mode":"","RW":true,"Propagation":""}],"Config":{"Hostname":"b4fc7afd9745","Domainname":"","User":"","AttachStdin":false,"AttachStdout":false,"AttachStderr":false,"ExposedPorts":{"3306/tcp":{},"33060/tcp":{}},"Tty":false,"OpenStdin":false,"StdinOnce":false,"Env":["MYSQL_DATABASE=adm_videos","MYSQL_PASSWORD=123456","MYSQL_ROOT_PASSWORD=123456","PATH=/usr/local/sbin:/usr/local/bin:/usr/sbin:/usr/bin:/sbin:/bin","GOSU_VERSION=1.14","MYSQL_MAJOR=8.0","MYSQL_VERSION=8.0.31-1.el8","MYSQL_SHELL_VERSION=8.0.31-1.el8"],"Cmd":["mysqld"],"Image":"mysql:latest","Volumes":{"/var/lib/mysql":{}},"WorkingDir":"","Entrypoint":["docker-entrypoint.sh"],"OnBuild":null,"Labels":{"org.testcontainers":"true","org.testcontainers.sessionId":"cdd139c9-cde1-4429-bea7-edb0e651ba16"}},"NetworkSettings":{"Bridge":"","SandboxID":"8404ec7d59006489fa5b6638879180586e9aa24c1c3ae79d40e26a8f453c93b1","HairpinMode":false,"LinkLocalIPv6Address":"","LinkLocalIPv6PrefixLen":0,"Ports":{"3306/tcp":[{"HostIp":"0.0.0.0","HostPort":"49156"},{"HostIp":"::","HostPort":"49156"}],"33060/tcp":null},"SandboxKey":"/var/run/docker/netns/8404ec7d5900","SecondaryIPAddresses":null,"SecondaryIPv6Addresses":null,"EndpointID":"28c851b70d88131a783e3d87b7c50320df5f3250ebca621b1b39353a2424212a","Gateway":"172.17.0.1","GlobalIPv6Address":"","GlobalIPv6PrefixLen":0,"IPAddress":"172.17.0.3","IPPrefixLen":16,"IPv6Gateway":"","MacAddress":"02:42:ac:11:00:03","Networks":{"bridge":{"IPAMConfig":null,"Links":null,"Aliases":null,"NetworkID":"bf06afe94eca8b5ab91eae0dbaa8561a6dd16832d429dcdbaa7ed1e003cfbe56","EndpointID":"28c851b70d88131a783e3d87b7c50320df5f3250ebca621b1b39353a2424212a","Gateway":"172.17.0.1","IPAddress":"172.17.0.3","IPPrefixLen":16,"IPv6Gateway":"","GlobalIPv6Address":"","GlobalIPv6PrefixLen":0,"MacAddress":"02:42:ac:11:00:03","DriverOpts":null}}}}[\n]"
18:30:18.303 [Test worker] DEBUG com.github.dockerjava.zerodep.shaded.org.apache.hc.client5.http.wire - http-outgoing-1 << "[\r][\n]"
18:30:18.303 [Test worker] DEBUG com.github.dockerjava.zerodep.shaded.org.apache.hc.client5.http.wire - http-outgoing-1 << "0[\r][\n]"
18:30:18.303 [Test worker] DEBUG com.github.dockerjava.zerodep.shaded.org.apache.hc.client5.http.wire - http-outgoing-1 << "[\r][\n]"
18:30:18.303 [Test worker] DEBUG com.github.dockerjava.zerodep.shaded.org.apache.hc.client5.http.headers - http-outgoing-1 << HTTP/1.1 200 OK
18:30:18.303 [Test worker] DEBUG com.github.dockerjava.zerodep.shaded.org.apache.hc.client5.http.headers - http-outgoing-1 << Api-Version: 1.41
18:30:18.303 [Test worker] DEBUG com.github.dockerjava.zerodep.shaded.org.apache.hc.client5.http.headers - http-outgoing-1 << Content-Type: application/json
18:30:18.303 [Test worker] DEBUG com.github.dockerjava.zerodep.shaded.org.apache.hc.client5.http.headers - http-outgoing-1 << Docker-Experimental: false
18:30:18.303 [Test worker] DEBUG com.github.dockerjava.zerodep.shaded.org.apache.hc.client5.http.headers - http-outgoing-1 << Ostype: linux
18:30:18.303 [Test worker] DEBUG com.github.dockerjava.zerodep.shaded.org.apache.hc.client5.http.headers - http-outgoing-1 << Server: Docker/20.10.17 (linux)
18:30:18.303 [Test worker] DEBUG com.github.dockerjava.zerodep.shaded.org.apache.hc.client5.http.headers - http-outgoing-1 << Date: Thu, 08 Dec 2022 21:30:18 GMT
18:30:18.303 [Test worker] DEBUG com.github.dockerjava.zerodep.shaded.org.apache.hc.client5.http.headers - http-outgoing-1 << Transfer-Encoding: chunked
18:30:18.304 [Test worker] DEBUG com.github.dockerjava.zerodep.shaded.org.apache.hc.client5.http.impl.classic.MainClientExec - ex-00000041: connection can be kept alive for 3 MINUTES
18:30:18.304 [Test worker] DEBUG com.github.dockerjava.zerodep.shaded.org.apache.hc.client5.http.impl.classic.InternalHttpClient - ep-00000040: releasing valid endpoint
18:30:18.304 [Test worker] DEBUG com.github.dockerjava.zerodep.shaded.org.apache.hc.client5.http.impl.io.PoolingHttpClientConnectionManager - ep-00000040: releasing endpoint
18:30:18.305 [Test worker] DEBUG com.github.dockerjava.zerodep.shaded.org.apache.hc.client5.http.impl.io.PoolingHttpClientConnectionManager - ep-00000040: connection http-outgoing-1 can be kept alive for 3 MINUTES
18:30:18.305 [Test worker] DEBUG com.github.dockerjava.zerodep.shaded.org.apache.hc.client5.http.impl.io.PoolingHttpClientConnectionManager - ep-00000040: connection released [route: {}->unix://localhost:2375][total available: 1; route allocated: 1 of 2147483647; total allocated: 1 of 2147483647]
18:30:18.305 [Test worker] DEBUG ]]>&#x1f433;<![CDATA[ [mysql:latest] - Trying to create JDBC connection using com.mysql.cj.jdbc.Driver to jdbc:mysql://localhost:49156/adm_videos?useSSL=false&allowPublicKeyRetrieval=true with properties: {password=123456, user=root}
18:30:18.406 [Test worker] DEBUG org.testcontainers.shaded.com.github.dockerjava.core.command.AbstrDockerCmd - Cmd: b4fc7afd97457a2a6ec84592488a57f900fa52ed03fcd2dbaf8a116bc1f50ab3,false
18:30:18.407 [Test worker] DEBUG org.testcontainers.shaded.com.github.dockerjava.core.exec.InspectContainerCmdExec - GET: DefaultWebTarget{path=[/containers/b4fc7afd97457a2a6ec84592488a57f900fa52ed03fcd2dbaf8a116bc1f50ab3/json], queryParams={}}
18:30:18.407 [Test worker] DEBUG com.github.dockerjava.zerodep.shaded.org.apache.hc.client5.http.impl.classic.InternalHttpClient - ex-00000042: preparing request execution
18:30:18.407 [Test worker] DEBUG com.github.dockerjava.zerodep.shaded.org.apache.hc.client5.http.protocol.RequestAddCookies - Cookie spec selected: strict
18:30:18.407 [Test worker] DEBUG com.github.dockerjava.zerodep.shaded.org.apache.hc.client5.http.protocol.RequestAuthCache - Auth cache not set in the context
18:30:18.407 [Test worker] DEBUG com.github.dockerjava.zerodep.shaded.org.apache.hc.client5.http.impl.classic.ProtocolExec - ex-00000042: target auth state: UNCHALLENGED
18:30:18.407 [Test worker] DEBUG com.github.dockerjava.zerodep.shaded.org.apache.hc.client5.http.impl.classic.ProtocolExec - ex-00000042: proxy auth state: UNCHALLENGED
18:30:18.407 [Test worker] DEBUG com.github.dockerjava.zerodep.shaded.org.apache.hc.client5.http.impl.classic.ConnectExec - ex-00000042: acquiring connection with route {}->unix://localhost:2375
18:30:18.407 [Test worker] DEBUG com.github.dockerjava.zerodep.shaded.org.apache.hc.client5.http.impl.classic.InternalHttpClient - ex-00000042: acquiring endpoint (3 MINUTES)
18:30:18.407 [Test worker] DEBUG com.github.dockerjava.zerodep.shaded.org.apache.hc.client5.http.impl.io.PoolingHttpClientConnectionManager - ex-00000042: endpoint lease request (3 MINUTES) [route: {}->unix://localhost:2375][total available: 1; route allocated: 1 of 2147483647; total allocated: 1 of 2147483647]
18:30:18.408 [Test worker] DEBUG com.github.dockerjava.zerodep.shaded.org.apache.hc.client5.http.impl.io.PoolingHttpClientConnectionManager - ex-00000042: endpoint leased [route: {}->unix://localhost:2375][total available: 0; route allocated: 1 of 2147483647; total allocated: 1 of 2147483647]
18:30:18.408 [Test worker] DEBUG com.github.dockerjava.zerodep.shaded.org.apache.hc.client5.http.impl.io.PoolingHttpClientConnectionManager - ex-00000042: acquired ep-00000041
18:30:18.408 [Test worker] DEBUG com.github.dockerjava.zerodep.shaded.org.apache.hc.client5.http.impl.classic.InternalHttpClient - ex-00000042: acquired endpoint ep-00000041
18:30:18.408 [Test worker] DEBUG com.github.dockerjava.zerodep.shaded.org.apache.hc.client5.http.impl.classic.MainClientExec - ex-00000042: executing GET /v1.32/containers/b4fc7afd97457a2a6ec84592488a57f900fa52ed03fcd2dbaf8a116bc1f50ab3/json HTTP/1.1
18:30:18.408 [Test worker] DEBUG com.github.dockerjava.zerodep.shaded.org.apache.hc.client5.http.impl.classic.InternalHttpClient - ep-00000041: start execution ex-00000042
18:30:18.408 [Test worker] DEBUG com.github.dockerjava.zerodep.shaded.org.apache.hc.client5.http.impl.io.PoolingHttpClientConnectionManager - ep-00000041: executing exchange ex-00000042 over http-outgoing-1
18:30:18.408 [Test worker] DEBUG com.github.dockerjava.zerodep.shaded.org.apache.hc.client5.http.headers - http-outgoing-1 >> GET /v1.32/containers/b4fc7afd97457a2a6ec84592488a57f900fa52ed03fcd2dbaf8a116bc1f50ab3/json HTTP/1.1
18:30:18.408 [Test worker] DEBUG com.github.dockerjava.zerodep.shaded.org.apache.hc.client5.http.headers - http-outgoing-1 >> accept: application/json
18:30:18.408 [Test worker] DEBUG com.github.dockerjava.zerodep.shaded.org.apache.hc.client5.http.headers - http-outgoing-1 >> x-tc-sid: cdd139c9-cde1-4429-bea7-edb0e651ba16
18:30:18.408 [Test worker] DEBUG com.github.dockerjava.zerodep.shaded.org.apache.hc.client5.http.headers - http-outgoing-1 >> Accept-Encoding: gzip, x-gzip, deflate
18:30:18.408 [Test worker] DEBUG com.github.dockerjava.zerodep.shaded.org.apache.hc.client5.http.headers - http-outgoing-1 >> Host: localhost:2375
18:30:18.408 [Test worker] DEBUG com.github.dockerjava.zerodep.shaded.org.apache.hc.client5.http.headers - http-outgoing-1 >> Connection: keep-alive
18:30:18.408 [Test worker] DEBUG com.github.dockerjava.zerodep.shaded.org.apache.hc.client5.http.headers - http-outgoing-1 >> User-Agent: Apache-HttpClient/5.0.3 (Java/17.0.2)
18:30:18.408 [Test worker] DEBUG com.github.dockerjava.zerodep.shaded.org.apache.hc.client5.http.wire - http-outgoing-1 >> "GET /v1.32/containers/b4fc7afd97457a2a6ec84592488a57f900fa52ed03fcd2dbaf8a116bc1f50ab3/json HTTP/1.1[\r][\n]"
18:30:18.408 [Test worker] DEBUG com.github.dockerjava.zerodep.shaded.org.apache.hc.client5.http.wire - http-outgoing-1 >> "accept: application/json[\r][\n]"
18:30:18.408 [Test worker] DEBUG com.github.dockerjava.zerodep.shaded.org.apache.hc.client5.http.wire - http-outgoing-1 >> "x-tc-sid: cdd139c9-cde1-4429-bea7-edb0e651ba16[\r][\n]"
18:30:18.408 [Test worker] DEBUG com.github.dockerjava.zerodep.shaded.org.apache.hc.client5.http.wire - http-outgoing-1 >> "Accept-Encoding: gzip, x-gzip, deflate[\r][\n]"
18:30:18.408 [Test worker] DEBUG com.github.dockerjava.zerodep.shaded.org.apache.hc.client5.http.wire - http-outgoing-1 >> "Host: localhost:2375[\r][\n]"
18:30:18.408 [Test worker] DEBUG com.github.dockerjava.zerodep.shaded.org.apache.hc.client5.http.wire - http-outgoing-1 >> "Connection: keep-alive[\r][\n]"
18:30:18.408 [Test worker] DEBUG com.github.dockerjava.zerodep.shaded.org.apache.hc.client5.http.wire - http-outgoing-1 >> "User-Agent: Apache-HttpClient/5.0.3 (Java/17.0.2)[\r][\n]"
18:30:18.408 [Test worker] DEBUG com.github.dockerjava.zerodep.shaded.org.apache.hc.client5.http.wire - http-outgoing-1 >> "[\r][\n]"
18:30:18.410 [Test worker] DEBUG com.github.dockerjava.zerodep.shaded.org.apache.hc.client5.http.wire - http-outgoing-1 << "HTTP/1.1 200 OK[\r][\n]"
18:30:18.410 [Test worker] DEBUG com.github.dockerjava.zerodep.shaded.org.apache.hc.client5.http.wire - http-outgoing-1 << "Api-Version: 1.41[\r][\n]"
18:30:18.410 [Test worker] DEBUG com.github.dockerjava.zerodep.shaded.org.apache.hc.client5.http.wire - http-outgoing-1 << "Content-Type: application/json[\r][\n]"
18:30:18.410 [Test worker] DEBUG com.github.dockerjava.zerodep.shaded.org.apache.hc.client5.http.wire - http-outgoing-1 << "Docker-Experimental: false[\r][\n]"
18:30:18.410 [Test worker] DEBUG com.github.dockerjava.zerodep.shaded.org.apache.hc.client5.http.wire - http-outgoing-1 << "Ostype: linux[\r][\n]"
18:30:18.410 [Test worker] DEBUG com.github.dockerjava.zerodep.shaded.org.apache.hc.client5.http.wire - http-outgoing-1 << "Server: Docker/20.10.17 (linux)[\r][\n]"
18:30:18.410 [Test worker] DEBUG com.github.dockerjava.zerodep.shaded.org.apache.hc.client5.http.wire - http-outgoing-1 << "Date: Thu, 08 Dec 2022 21:30:18 GMT[\r][\n]"
18:30:18.410 [Test worker] DEBUG com.github.dockerjava.zerodep.shaded.org.apache.hc.client5.http.wire - http-outgoing-1 << "Transfer-Encoding: chunked[\r][\n]"
18:30:18.410 [Test worker] DEBUG com.github.dockerjava.zerodep.shaded.org.apache.hc.client5.http.wire - http-outgoing-1 << "[\r][\n]"
18:30:18.410 [Test worker] DEBUG com.github.dockerjava.zerodep.shaded.org.apache.hc.client5.http.wire - http-outgoing-1 << "18a6[\r][\n]"
18:30:18.410 [Test worker] DEBUG com.github.dockerjava.zerodep.shaded.org.apache.hc.client5.http.wire - http-outgoing-1 << "{"Id":"b4fc7afd97457a2a6ec84592488a57f900fa52ed03fcd2dbaf8a116bc1f50ab3","Created":"2022-12-08T21:30:11.801619537Z","Path":"docker-entrypoint.sh","Args":["mysqld"],"State":{"Status":"running","Running":true,"Paused":false,"Restarting":false,"OOMKilled":false,"Dead":false,"Pid":148084,"ExitCode":0,"Error":"","StartedAt":"2022-12-08T21:30:12.370762583Z","FinishedAt":"0001-01-01T00:00:00Z"},"Image":"sha256:7484689f290f1defe06b65befc54cb6ad91a667cf0af59a265ffe76c46bd0478","ResolvConfPath":"/var/lib/docker/containers/b4fc7afd97457a2a6ec84592488a57f900fa52ed03fcd2dbaf8a116bc1f50ab3/resolv.conf","HostnamePath":"/var/lib/docker/containers/b4fc7afd97457a2a6ec84592488a57f900fa52ed03fcd2dbaf8a116bc1f50ab3/hostname","HostsPath":"/var/lib/docker/containers/b4fc7afd97457a2a6ec84592488a57f900fa52ed03fcd2dbaf8a116bc1f50ab3/hosts","LogPath":"/var/lib/docker/containers/b4fc7afd97457a2a6ec84592488a57f900fa52ed03fcd2dbaf8a116bc1f50ab3/b4fc7afd97457a2a6ec84592488a57f900fa52ed03fcd2dbaf8a116bc1f50ab3-json.log","Name":"/agitated_ptolemy","RestartCount":0,"Driver":"overlay2","Platform":"linux","MountLabel":"","ProcessLabel":"","AppArmorProfile":"docker-default","ExecIDs":null,"HostConfig":{"Binds":[],"ContainerIDFile":"","LogConfig":{"Type":"json-file","Config":{}},"NetworkMode":"default","PortBindings":{"3306/tcp":[{"HostIp":"","HostPort":""}]},"RestartPolicy":{"Name":"","MaximumRetryCount":0},"AutoRemove":false,"VolumeDriver":"","VolumesFrom":[],"CapAdd":null,"CapDrop":null,"CgroupnsMode":"private","Dns":null,"DnsOptions":null,"DnsSearch":null,"ExtraHosts":[],"GroupAdd":null,"IpcMode":"shareable","Cgroup":"","Links":null,"OomScoreAdj":0,"PidMode":"","Privileged":false,"PublishAllPorts":false,"ReadonlyRootfs":false,"SecurityOpt":null,"UTSMode":"","UsernsMode":"","ShmSize":67108864,"Runtime":"runc","ConsoleSize":[0,0],"Isolation":"","CpuShares":0,"Memory":0,"NanoCpus":0,"CgroupParent":"","BlkioWeight":0,"BlkioWeightDevice":null,"BlkioDeviceReadBps":null,"BlkioDeviceWriteBps":null,"BlkioDeviceReadIOps":null,"BlkioDeviceWriteIOps":null,"CpuPeriod":0,"CpuQuota":0,"CpuRealtimePeriod":0,"CpuRealtimeRuntime":0,"CpusetCpus":"","CpusetMems":"","Devices":null,"DeviceCgroupRules":null,"DeviceRequests":null,"KernelMemory":0,"KernelMemoryTCP":0,"MemoryReservation":0,"MemorySwap":0,"MemorySwappiness":null,"OomKillDisable":null,"PidsLimit":null,"Ulimits":null,"CpuCount":0,"CpuPercent":0,"IOMaximumIOps":0,"IOMaximumBandwidth":0,"MaskedPaths":["/proc/asound","/proc/acpi","/proc/kcore","/proc/keys","/proc/latency_stats","/proc/timer_list","/proc/timer_stats","/proc/sched_debug","/proc/scsi","/sys/firmware"],"ReadonlyPaths":["/proc/bus","/proc/fs","/proc/irq","/proc/sys","/proc/sysrq-trigger"]},"GraphDriver":{"Data":{"LowerDir":"/var/lib/docker/overlay2/05794d51525f65619c615558ef5f93d7c33eef44e12313fdcb3942911d0b5f7d-init/diff:/var/lib/docker/overlay2/f079a69cfd5e80e906b12f05a0c7bfaabc56ce63e947db68b722ae30905f1239/diff:/var/lib/docker/overlay2/9dfb63d6bb556846a13012421dde7951ef83a14d8ce1882287cce66f0f9bd055/diff:/var/lib/docker/overlay2/c4f8874ae33ddd14488f5051cd953acc020fa00ea72d28bd530450c0bc8f9903/diff:/var/lib/docker/overlay2/992683766b46aa5653160e6a34283b579a75000e230890d0ec0a6204af735697/diff:/var/lib/docker/overlay2/6e3fba0e1d6501c91c9bec723bb1364f75599c6c2026a6dc71773c88a49f890a/diff:/var/lib/docker/overlay2/c6c2a366f45a69704761d45d296d71bf2bf315efb15cb06ad88925ed235fad81/diff:/var/lib/docker/overlay2/7555f9b18615244719d04b23296ba418195e5e569d47baf9f1da7c3f053fe194/diff:/var/lib/docker/overlay2/7752eb17f8f8ba44a5ed178f499901fa7eb6f2e031c29ab160ee4eff4db8edaa/diff:/var/lib/docker/overlay2/9683de8b3733106f256bd0eabc7cae13623b14493b9212e863449d42b8a87390/diff:/var/lib/docker/overlay2/f5e28e407d8811526fb7dd82e4fed08d5d3124c0f22f1a9496ed27b2b457d3dd/diff:/var/lib/docker/overlay2/e2980c91c6b3331cff3994ca6f327955bb5feaef0f96bc64edce80631fdbf829/diff","MergedDir":"/var/lib/docker/overlay2/05794d51525f65619c615558ef5f93d7c33eef44e12313fdcb3942911d0b5f7d/merged","UpperDir":"/var/lib/docker/overlay2/05794d51525f65619c615558ef5f93d7c33eef44e12313fdcb3942911d0b5f7d/diff","WorkDir":"/var/lib/docker/overlay2/05794d51525f65619c615558ef5f93d7c33eef44e12313fdcb3942911d0b5f7d/work"},"Name":"overlay2"},"Mounts":[{"Type":"volume","Name":"fe29345a30f82a1c969c40b069133e9d87168ce95967d67ac182ee42c059affb","Source":"/var/lib/docker/volumes/fe29345a30f82a1c969c40b069133e9d87168ce95967d67ac182ee42c059affb/_data","Destination":"/var/lib/mysql","Driver":"local","Mode":"","RW":true,"Propagation":""}],"Config":{"Hostname":"b4fc7afd9745","Domainname":"","User":"","AttachStdin":false,"AttachStdout":false,"AttachStderr":false,"ExposedPorts":{"3306/tcp":{},"33060/tcp":{}},"Tty":false,"OpenStdin":false,"StdinOnce":false,"Env":["MYSQL_DATABASE=adm_videos","MYSQL_PASSWORD=123456","MYSQL_ROOT_PASSWORD=123456","PATH=/usr/local/sbin:/usr/local/bin:/usr/sbin:/usr/bin:/sbin:/bin","GOSU_VERSION=1.14","MYSQL_MAJOR=8.0","MYSQL_VERSION=8.0.31-1.el8","MYSQL_SHELL_VERSION=8.0.31-1.el8"],"Cmd":["mysqld"],"Image":"mysql:latest","Volumes":{"/var/lib/mysql":{}},"WorkingDir":"","Entrypoint":["docker-entrypoint.sh"],"OnBuild":null,"Labels":{"org.testcontainers":"true","org.testcontainers.sessionId":"cdd139c9-cde1-4429-bea7-edb0e651ba16"}},"NetworkSettings":{"Bridge":"","SandboxID":"8404ec7d59006489fa5b6638879180586e9aa24c1c3ae79d40e26a8f453c93b1","HairpinMode":false,"LinkLocalIPv6Address":"","LinkLocalIPv6PrefixLen":0,"Ports":{"3306/tcp":[{"HostIp":"0.0.0.0","HostPort":"49156"},{"HostIp":"::","HostPort":"49156"}],"33060/tcp":null},"SandboxKey":"/var/run/docker/netns/8404ec7d5900","SecondaryIPAddresses":null,"SecondaryIPv6Addresses":null,"EndpointID":"28c851b70d88131a783e3d87b7c50320df5f3250ebca621b1b39353a2424212a","Gateway":"172.17.0.1","GlobalIPv6Address":"","GlobalIPv6PrefixLen":0,"IPAddress":"172.17.0.3","IPPrefixLen":16,"IPv6Gateway":"","MacAddress":"02:42:ac:11:00:03","Networks":{"bridge":{"IPAMConfig":null,"Links":null,"Aliases":null,"NetworkID":"bf06afe94eca8b5ab91eae0dbaa8561a6dd16832d429dcdbaa7ed1e003cfbe56","EndpointID":"28c851b70d88131a783e3d87b7c50320df5f3250ebca621b1b39353a2424212a","Gateway":"172.17.0.1","IPAddress":"172.17.0.3","IPPrefixLen":16,"IPv6Gateway":"","GlobalIPv6Address":"","GlobalIPv6PrefixLen":0,"MacAddress":"02:42:ac:11:00:03","DriverOpts":null}}}}[\n]"
18:30:18.410 [Test worker] DEBUG com.github.dockerjava.zerodep.shaded.org.apache.hc.client5.http.wire - http-outgoing-1 << "[\r][\n]"
18:30:18.410 [Test worker] DEBUG com.github.dockerjava.zerodep.shaded.org.apache.hc.client5.http.wire - http-outgoing-1 << "0[\r][\n]"
18:30:18.410 [Test worker] DEBUG com.github.dockerjava.zerodep.shaded.org.apache.hc.client5.http.wire - http-outgoing-1 << "[\r][\n]"
18:30:18.410 [Test worker] DEBUG com.github.dockerjava.zerodep.shaded.org.apache.hc.client5.http.headers - http-outgoing-1 << HTTP/1.1 200 OK
18:30:18.410 [Test worker] DEBUG com.github.dockerjava.zerodep.shaded.org.apache.hc.client5.http.headers - http-outgoing-1 << Api-Version: 1.41
18:30:18.410 [Test worker] DEBUG com.github.dockerjava.zerodep.shaded.org.apache.hc.client5.http.headers - http-outgoing-1 << Content-Type: application/json
18:30:18.410 [Test worker] DEBUG com.github.dockerjava.zerodep.shaded.org.apache.hc.client5.http.headers - http-outgoing-1 << Docker-Experimental: false
18:30:18.410 [Test worker] DEBUG com.github.dockerjava.zerodep.shaded.org.apache.hc.client5.http.headers - http-outgoing-1 << Ostype: linux
18:30:18.410 [Test worker] DEBUG com.github.dockerjava.zerodep.shaded.org.apache.hc.client5.http.headers - http-outgoing-1 << Server: Docker/20.10.17 (linux)
18:30:18.410 [Test worker] DEBUG com.github.dockerjava.zerodep.shaded.org.apache.hc.client5.http.headers - http-outgoing-1 << Date: Thu, 08 Dec 2022 21:30:18 GMT
18:30:18.411 [Test worker] DEBUG com.github.dockerjava.zerodep.shaded.org.apache.hc.client5.http.headers - http-outgoing-1 << Transfer-Encoding: chunked
18:30:18.412 [Test worker] DEBUG com.github.dockerjava.zerodep.shaded.org.apache.hc.client5.http.impl.classic.MainClientExec - ex-00000042: connection can be kept alive for 3 MINUTES
18:30:18.417 [Test worker] DEBUG com.github.dockerjava.zerodep.shaded.org.apache.hc.client5.http.impl.classic.InternalHttpClient - ep-00000041: releasing valid endpoint
18:30:18.417 [Test worker] DEBUG com.github.dockerjava.zerodep.shaded.org.apache.hc.client5.http.impl.io.PoolingHttpClientConnectionManager - ep-00000041: releasing endpoint
18:30:18.417 [Test worker] DEBUG com.github.dockerjava.zerodep.shaded.org.apache.hc.client5.http.impl.io.PoolingHttpClientConnectionManager - ep-00000041: connection http-outgoing-1 can be kept alive for 3 MINUTES
18:30:18.417 [Test worker] DEBUG com.github.dockerjava.zerodep.shaded.org.apache.hc.client5.http.impl.io.PoolingHttpClientConnectionManager - ep-00000041: connection released [route: {}->unix://localhost:2375][total available: 1; route allocated: 1 of 2147483647; total allocated: 1 of 2147483647]
18:30:18.417 [Test worker] DEBUG ]]>&#x1f433;<![CDATA[ [mysql:latest] - Trying to create JDBC connection using com.mysql.cj.jdbc.Driver to jdbc:mysql://localhost:49156/adm_videos?useSSL=false&allowPublicKeyRetrieval=true with properties: {password=123456, user=root}
18:30:18.519 [Test worker] DEBUG org.testcontainers.shaded.com.github.dockerjava.core.command.AbstrDockerCmd - Cmd: b4fc7afd97457a2a6ec84592488a57f900fa52ed03fcd2dbaf8a116bc1f50ab3,false
18:30:18.520 [Test worker] DEBUG org.testcontainers.shaded.com.github.dockerjava.core.exec.InspectContainerCmdExec - GET: DefaultWebTarget{path=[/containers/b4fc7afd97457a2a6ec84592488a57f900fa52ed03fcd2dbaf8a116bc1f50ab3/json], queryParams={}}
18:30:18.520 [Test worker] DEBUG com.github.dockerjava.zerodep.shaded.org.apache.hc.client5.http.impl.classic.InternalHttpClient - ex-00000043: preparing request execution
18:30:18.520 [Test worker] DEBUG com.github.dockerjava.zerodep.shaded.org.apache.hc.client5.http.protocol.RequestAddCookies - Cookie spec selected: strict
18:30:18.520 [Test worker] DEBUG com.github.dockerjava.zerodep.shaded.org.apache.hc.client5.http.protocol.RequestAuthCache - Auth cache not set in the context
18:30:18.520 [Test worker] DEBUG com.github.dockerjava.zerodep.shaded.org.apache.hc.client5.http.impl.classic.ProtocolExec - ex-00000043: target auth state: UNCHALLENGED
18:30:18.520 [Test worker] DEBUG com.github.dockerjava.zerodep.shaded.org.apache.hc.client5.http.impl.classic.ProtocolExec - ex-00000043: proxy auth state: UNCHALLENGED
18:30:18.520 [Test worker] DEBUG com.github.dockerjava.zerodep.shaded.org.apache.hc.client5.http.impl.classic.ConnectExec - ex-00000043: acquiring connection with route {}->unix://localhost:2375
18:30:18.520 [Test worker] DEBUG com.github.dockerjava.zerodep.shaded.org.apache.hc.client5.http.impl.classic.InternalHttpClient - ex-00000043: acquiring endpoint (3 MINUTES)
18:30:18.520 [Test worker] DEBUG com.github.dockerjava.zerodep.shaded.org.apache.hc.client5.http.impl.io.PoolingHttpClientConnectionManager - ex-00000043: endpoint lease request (3 MINUTES) [route: {}->unix://localhost:2375][total available: 1; route allocated: 1 of 2147483647; total allocated: 1 of 2147483647]
18:30:18.520 [Test worker] DEBUG com.github.dockerjava.zerodep.shaded.org.apache.hc.client5.http.impl.io.PoolingHttpClientConnectionManager - ex-00000043: endpoint leased [route: {}->unix://localhost:2375][total available: 0; route allocated: 1 of 2147483647; total allocated: 1 of 2147483647]
18:30:18.520 [Test worker] DEBUG com.github.dockerjava.zerodep.shaded.org.apache.hc.client5.http.impl.io.PoolingHttpClientConnectionManager - ex-00000043: acquired ep-00000042
18:30:18.520 [Test worker] DEBUG com.github.dockerjava.zerodep.shaded.org.apache.hc.client5.http.impl.classic.InternalHttpClient - ex-00000043: acquired endpoint ep-00000042
18:30:18.520 [Test worker] DEBUG com.github.dockerjava.zerodep.shaded.org.apache.hc.client5.http.impl.classic.MainClientExec - ex-00000043: executing GET /v1.32/containers/b4fc7afd97457a2a6ec84592488a57f900fa52ed03fcd2dbaf8a116bc1f50ab3/json HTTP/1.1
18:30:18.520 [Test worker] DEBUG com.github.dockerjava.zerodep.shaded.org.apache.hc.client5.http.impl.classic.InternalHttpClient - ep-00000042: start execution ex-00000043
18:30:18.520 [Test worker] DEBUG com.github.dockerjava.zerodep.shaded.org.apache.hc.client5.http.impl.io.PoolingHttpClientConnectionManager - ep-00000042: executing exchange ex-00000043 over http-outgoing-1
18:30:18.520 [Test worker] DEBUG com.github.dockerjava.zerodep.shaded.org.apache.hc.client5.http.headers - http-outgoing-1 >> GET /v1.32/containers/b4fc7afd97457a2a6ec84592488a57f900fa52ed03fcd2dbaf8a116bc1f50ab3/json HTTP/1.1
18:30:18.521 [Test worker] DEBUG com.github.dockerjava.zerodep.shaded.org.apache.hc.client5.http.headers - http-outgoing-1 >> accept: application/json
18:30:18.521 [Test worker] DEBUG com.github.dockerjava.zerodep.shaded.org.apache.hc.client5.http.headers - http-outgoing-1 >> x-tc-sid: cdd139c9-cde1-4429-bea7-edb0e651ba16
18:30:18.521 [Test worker] DEBUG com.github.dockerjava.zerodep.shaded.org.apache.hc.client5.http.headers - http-outgoing-1 >> Accept-Encoding: gzip, x-gzip, deflate
18:30:18.521 [Test worker] DEBUG com.github.dockerjava.zerodep.shaded.org.apache.hc.client5.http.headers - http-outgoing-1 >> Host: localhost:2375
18:30:18.521 [Test worker] DEBUG com.github.dockerjava.zerodep.shaded.org.apache.hc.client5.http.headers - http-outgoing-1 >> Connection: keep-alive
18:30:18.521 [Test worker] DEBUG com.github.dockerjava.zerodep.shaded.org.apache.hc.client5.http.headers - http-outgoing-1 >> User-Agent: Apache-HttpClient/5.0.3 (Java/17.0.2)
18:30:18.521 [Test worker] DEBUG com.github.dockerjava.zerodep.shaded.org.apache.hc.client5.http.wire - http-outgoing-1 >> "GET /v1.32/containers/b4fc7afd97457a2a6ec84592488a57f900fa52ed03fcd2dbaf8a116bc1f50ab3/json HTTP/1.1[\r][\n]"
18:30:18.521 [Test worker] DEBUG com.github.dockerjava.zerodep.shaded.org.apache.hc.client5.http.wire - http-outgoing-1 >> "accept: application/json[\r][\n]"
18:30:18.521 [Test worker] DEBUG com.github.dockerjava.zerodep.shaded.org.apache.hc.client5.http.wire - http-outgoing-1 >> "x-tc-sid: cdd139c9-cde1-4429-bea7-edb0e651ba16[\r][\n]"
18:30:18.521 [Test worker] DEBUG com.github.dockerjava.zerodep.shaded.org.apache.hc.client5.http.wire - http-outgoing-1 >> "Accept-Encoding: gzip, x-gzip, deflate[\r][\n]"
18:30:18.521 [Test worker] DEBUG com.github.dockerjava.zerodep.shaded.org.apache.hc.client5.http.wire - http-outgoing-1 >> "Host: localhost:2375[\r][\n]"
18:30:18.521 [Test worker] DEBUG com.github.dockerjava.zerodep.shaded.org.apache.hc.client5.http.wire - http-outgoing-1 >> "Connection: keep-alive[\r][\n]"
18:30:18.521 [Test worker] DEBUG com.github.dockerjava.zerodep.shaded.org.apache.hc.client5.http.wire - http-outgoing-1 >> "User-Agent: Apache-HttpClient/5.0.3 (Java/17.0.2)[\r][\n]"
18:30:18.521 [Test worker] DEBUG com.github.dockerjava.zerodep.shaded.org.apache.hc.client5.http.wire - http-outgoing-1 >> "[\r][\n]"
18:30:18.521 [Test worker] DEBUG com.github.dockerjava.zerodep.shaded.org.apache.hc.client5.http.wire - http-outgoing-1 << "HTTP/1.1 200 OK[\r][\n]"
18:30:18.521 [Test worker] DEBUG com.github.dockerjava.zerodep.shaded.org.apache.hc.client5.http.wire - http-outgoing-1 << "Api-Version: 1.41[\r][\n]"
18:30:18.521 [Test worker] DEBUG com.github.dockerjava.zerodep.shaded.org.apache.hc.client5.http.wire - http-outgoing-1 << "Content-Type: application/json[\r][\n]"
18:30:18.521 [Test worker] DEBUG com.github.dockerjava.zerodep.shaded.org.apache.hc.client5.http.wire - http-outgoing-1 << "Docker-Experimental: false[\r][\n]"
18:30:18.521 [Test worker] DEBUG com.github.dockerjava.zerodep.shaded.org.apache.hc.client5.http.wire - http-outgoing-1 << "Ostype: linux[\r][\n]"
18:30:18.521 [Test worker] DEBUG com.github.dockerjava.zerodep.shaded.org.apache.hc.client5.http.wire - http-outgoing-1 << "Server: Docker/20.10.17 (linux)[\r][\n]"
18:30:18.521 [Test worker] DEBUG com.github.dockerjava.zerodep.shaded.org.apache.hc.client5.http.wire - http-outgoing-1 << "Date: Thu, 08 Dec 2022 21:30:18 GMT[\r][\n]"
18:30:18.521 [Test worker] DEBUG com.github.dockerjava.zerodep.shaded.org.apache.hc.client5.http.wire - http-outgoing-1 << "Transfer-Encoding: chunked[\r][\n]"
18:30:18.521 [Test worker] DEBUG com.github.dockerjava.zerodep.shaded.org.apache.hc.client5.http.wire - http-outgoing-1 << "[\r][\n]"
18:30:18.521 [Test worker] DEBUG com.github.dockerjava.zerodep.shaded.org.apache.hc.client5.http.wire - http-outgoing-1 << "18a6[\r][\n]"
18:30:18.521 [Test worker] DEBUG com.github.dockerjava.zerodep.shaded.org.apache.hc.client5.http.wire - http-outgoing-1 << "{"Id":"b4fc7afd97457a2a6ec84592488a57f900fa52ed03fcd2dbaf8a116bc1f50ab3","Created":"2022-12-08T21:30:11.801619537Z","Path":"docker-entrypoint.sh","Args":["mysqld"],"State":{"Status":"running","Running":true,"Paused":false,"Restarting":false,"OOMKilled":false,"Dead":false,"Pid":148084,"ExitCode":0,"Error":"","StartedAt":"2022-12-08T21:30:12.370762583Z","FinishedAt":"0001-01-01T00:00:00Z"},"Image":"sha256:7484689f290f1defe06b65befc54cb6ad91a667cf0af59a265ffe76c46bd0478","ResolvConfPath":"/var/lib/docker/containers/b4fc7afd97457a2a6ec84592488a57f900fa52ed03fcd2dbaf8a116bc1f50ab3/resolv.conf","HostnamePath":"/var/lib/docker/containers/b4fc7afd97457a2a6ec84592488a57f900fa52ed03fcd2dbaf8a116bc1f50ab3/hostname","HostsPath":"/var/lib/docker/containers/b4fc7afd97457a2a6ec84592488a57f900fa52ed03fcd2dbaf8a116bc1f50ab3/hosts","LogPath":"/var/lib/docker/containers/b4fc7afd97457a2a6ec84592488a57f900fa52ed03fcd2dbaf8a116bc1f50ab3/b4fc7afd97457a2a6ec84592488a57f900fa52ed03fcd2dbaf8a116bc1f50ab3-json.log","Name":"/agitated_ptolemy","RestartCount":0,"Driver":"overlay2","Platform":"linux","MountLabel":"","ProcessLabel":"","AppArmorProfile":"docker-default","ExecIDs":null,"HostConfig":{"Binds":[],"ContainerIDFile":"","LogConfig":{"Type":"json-file","Config":{}},"NetworkMode":"default","PortBindings":{"3306/tcp":[{"HostIp":"","HostPort":""}]},"RestartPolicy":{"Name":"","MaximumRetryCount":0},"AutoRemove":false,"VolumeDriver":"","VolumesFrom":[],"CapAdd":null,"CapDrop":null,"CgroupnsMode":"private","Dns":null,"DnsOptions":null,"DnsSearch":null,"ExtraHosts":[],"GroupAdd":null,"IpcMode":"shareable","Cgroup":"","Links":null,"OomScoreAdj":0,"PidMode":"","Privileged":false,"PublishAllPorts":false,"ReadonlyRootfs":false,"SecurityOpt":null,"UTSMode":"","UsernsMode":"","ShmSize":67108864,"Runtime":"runc","ConsoleSize":[0,0],"Isolation":"","CpuShares":0,"Memory":0,"NanoCpus":0,"CgroupParent":"","BlkioWeight":0,"BlkioWeightDevice":null,"BlkioDeviceReadBps":null,"BlkioDeviceWriteBps":null,"BlkioDeviceReadIOps":null,"BlkioDeviceWriteIOps":null,"CpuPeriod":0,"CpuQuota":0,"CpuRealtimePeriod":0,"CpuRealtimeRuntime":0,"CpusetCpus":"","CpusetMems":"","Devices":null,"DeviceCgroupRules":null,"DeviceRequests":null,"KernelMemory":0,"KernelMemoryTCP":0,"MemoryReservation":0,"MemorySwap":0,"MemorySwappiness":null,"OomKillDisable":null,"PidsLimit":null,"Ulimits":null,"CpuCount":0,"CpuPercent":0,"IOMaximumIOps":0,"IOMaximumBandwidth":0,"MaskedPaths":["/proc/asound","/proc/acpi","/proc/kcore","/proc/keys","/proc/latency_stats","/proc/timer_list","/proc/timer_stats","/proc/sched_debug","/proc/scsi","/sys/firmware"],"ReadonlyPaths":["/proc/bus","/proc/fs","/proc/irq","/proc/sys","/proc/sysrq-trigger"]},"GraphDriver":{"Data":{"LowerDir":"/var/lib/docker/overlay2/05794d51525f65619c615558ef5f93d7c33eef44e12313fdcb3942911d0b5f7d-init/diff:/var/lib/docker/overlay2/f079a69cfd5e80e906b12f05a0c7bfaabc56ce63e947db68b722ae30905f1239/diff:/var/lib/docker/overlay2/9dfb63d6bb556846a13012421dde7951ef83a14d8ce1882287cce66f0f9bd055/diff:/var/lib/docker/overlay2/c4f8874ae33ddd14488f5051cd953acc020fa00ea72d28bd530450c0bc8f9903/diff:/var/lib/docker/overlay2/992683766b46aa5653160e6a34283b579a75000e230890d0ec0a6204af735697/diff:/var/lib/docker/overlay2/6e3fba0e1d6501c91c9bec723bb1364f75599c6c2026a6dc71773c88a49f890a/diff:/var/lib/docker/overlay2/c6c2a366f45a69704761d45d296d71bf2bf315efb15cb06ad88925ed235fad81/diff:/var/lib/docker/overlay2/7555f9b18615244719d04b23296ba418195e5e569d47baf9f1da7c3f053fe194/diff:/var/lib/docker/overlay2/7752eb17f8f8ba44a5ed178f499901fa7eb6f2e031c29ab160ee4eff4db8edaa/diff:/var/lib/docker/overlay2/9683de8b3733106f256bd0eabc7cae13623b14493b9212e863449d42b8a87390/diff:/var/lib/docker/overlay2/f5e28e407d8811526fb7dd82e4fed08d5d3124c0f22f1a9496ed27b2b457d3dd/diff:/var/lib/docker/overlay2/e2980c91c6b3331cff3994ca6f327955bb5feaef0f96bc64edce80631fdbf829/diff","MergedDir":"/var/lib/docker/overlay2/05794d51525f65619c615558ef5f93d7c33eef44e12313fdcb3942911d0b5f7d/merged","UpperDir":"/var/lib/docker/overlay2/05794d51525f65619c615558ef5f93d7c33eef44e12313fdcb3942911d0b5f7d/diff","WorkDir":"/var/lib/docker/overlay2/05794d51525f65619c615558ef5f93d7c33eef44e12313fdcb3942911d0b5f7d/work"},"Name":"overlay2"},"Mounts":[{"Type":"volume","Name":"fe29345a30f82a1c969c40b069133e9d87168ce95967d67ac182ee42c059affb","Source":"/var/lib/docker/volumes/fe29345a30f82a1c969c40b069133e9d87168ce95967d67ac182ee42c059affb/_data","Destination":"/var/lib/mysql","Driver":"local","Mode":"","RW":true,"Propagation":""}],"Config":{"Hostname":"b4fc7afd9745","Domainname":"","User":"","AttachStdin":false,"AttachStdout":false,"AttachStderr":false,"ExposedPorts":{"3306/tcp":{},"33060/tcp":{}},"Tty":false,"OpenStdin":false,"StdinOnce":false,"Env":["MYSQL_DATABASE=adm_videos","MYSQL_PASSWORD=123456","MYSQL_ROOT_PASSWORD=123456","PATH=/usr/local/sbin:/usr/local/bin:/usr/sbin:/usr/bin:/sbin:/bin","GOSU_VERSION=1.14","MYSQL_MAJOR=8.0","MYSQL_VERSION=8.0.31-1.el8","MYSQL_SHELL_VERSION=8.0.31-1.el8"],"Cmd":["mysqld"],"Image":"mysql:latest","Volumes":{"/var/lib/mysql":{}},"WorkingDir":"","Entrypoint":["docker-entrypoint.sh"],"OnBuild":null,"Labels":{"org.testcontainers":"true","org.testcontainers.sessionId":"cdd139c9-cde1-4429-bea7-edb0e651ba16"}},"NetworkSettings":{"Bridge":"","SandboxID":"8404ec7d59006489fa5b6638879180586e9aa24c1c3ae79d40e26a8f453c93b1","HairpinMode":false,"LinkLocalIPv6Address":"","LinkLocalIPv6PrefixLen":0,"Ports":{"3306/tcp":[{"HostIp":"0.0.0.0","HostPort":"49156"},{"HostIp":"::","HostPort":"49156"}],"33060/tcp":null},"SandboxKey":"/var/run/docker/netns/8404ec7d5900","SecondaryIPAddresses":null,"SecondaryIPv6Addresses":null,"EndpointID":"28c851b70d88131a783e3d87b7c50320df5f3250ebca621b1b39353a2424212a","Gateway":"172.17.0.1","GlobalIPv6Address":"","GlobalIPv6PrefixLen":0,"IPAddress":"172.17.0.3","IPPrefixLen":16,"IPv6Gateway":"","MacAddress":"02:42:ac:11:00:03","Networks":{"bridge":{"IPAMConfig":null,"Links":null,"Aliases":null,"NetworkID":"bf06afe94eca8b5ab91eae0dbaa8561a6dd16832d429dcdbaa7ed1e003cfbe56","EndpointID":"28c851b70d88131a783e3d87b7c50320df5f3250ebca621b1b39353a2424212a","Gateway":"172.17.0.1","IPAddress":"172.17.0.3","IPPrefixLen":16,"IPv6Gateway":"","GlobalIPv6Address":"","GlobalIPv6PrefixLen":0,"MacAddress":"02:42:ac:11:00:03","DriverOpts":null}}}}[\n]"
18:30:18.521 [Test worker] DEBUG com.github.dockerjava.zerodep.shaded.org.apache.hc.client5.http.wire - http-outgoing-1 << "[\r][\n]"
18:30:18.521 [Test worker] DEBUG com.github.dockerjava.zerodep.shaded.org.apache.hc.client5.http.wire - http-outgoing-1 << "0[\r][\n]"
18:30:18.521 [Test worker] DEBUG com.github.dockerjava.zerodep.shaded.org.apache.hc.client5.http.wire - http-outgoing-1 << "[\r][\n]"
18:30:18.521 [Test worker] DEBUG com.github.dockerjava.zerodep.shaded.org.apache.hc.client5.http.headers - http-outgoing-1 << HTTP/1.1 200 OK
18:30:18.521 [Test worker] DEBUG com.github.dockerjava.zerodep.shaded.org.apache.hc.client5.http.headers - http-outgoing-1 << Api-Version: 1.41
18:30:18.521 [Test worker] DEBUG com.github.dockerjava.zerodep.shaded.org.apache.hc.client5.http.headers - http-outgoing-1 << Content-Type: application/json
18:30:18.521 [Test worker] DEBUG com.github.dockerjava.zerodep.shaded.org.apache.hc.client5.http.headers - http-outgoing-1 << Docker-Experimental: false
18:30:18.521 [Test worker] DEBUG com.github.dockerjava.zerodep.shaded.org.apache.hc.client5.http.headers - http-outgoing-1 << Ostype: linux
18:30:18.521 [Test worker] DEBUG com.github.dockerjava.zerodep.shaded.org.apache.hc.client5.http.headers - http-outgoing-1 << Server: Docker/20.10.17 (linux)
18:30:18.521 [Test worker] DEBUG com.github.dockerjava.zerodep.shaded.org.apache.hc.client5.http.headers - http-outgoing-1 << Date: Thu, 08 Dec 2022 21:30:18 GMT
18:30:18.521 [Test worker] DEBUG com.github.dockerjava.zerodep.shaded.org.apache.hc.client5.http.headers - http-outgoing-1 << Transfer-Encoding: chunked
18:30:18.521 [Test worker] DEBUG com.github.dockerjava.zerodep.shaded.org.apache.hc.client5.http.impl.classic.MainClientExec - ex-00000043: connection can be kept alive for 3 MINUTES
18:30:18.522 [Test worker] DEBUG com.github.dockerjava.zerodep.shaded.org.apache.hc.client5.http.impl.classic.InternalHttpClient - ep-00000042: releasing valid endpoint
18:30:18.522 [Test worker] DEBUG com.github.dockerjava.zerodep.shaded.org.apache.hc.client5.http.impl.io.PoolingHttpClientConnectionManager - ep-00000042: releasing endpoint
18:30:18.522 [Test worker] DEBUG com.github.dockerjava.zerodep.shaded.org.apache.hc.client5.http.impl.io.PoolingHttpClientConnectionManager - ep-00000042: connection http-outgoing-1 can be kept alive for 3 MINUTES
18:30:18.522 [Test worker] DEBUG com.github.dockerjava.zerodep.shaded.org.apache.hc.client5.http.impl.io.PoolingHttpClientConnectionManager - ep-00000042: connection released [route: {}->unix://localhost:2375][total available: 1; route allocated: 1 of 2147483647; total allocated: 1 of 2147483647]
18:30:18.522 [Test worker] DEBUG ]]>&#x1f433;<![CDATA[ [mysql:latest] - Trying to create JDBC connection using com.mysql.cj.jdbc.Driver to jdbc:mysql://localhost:49156/adm_videos?useSSL=false&allowPublicKeyRetrieval=true with properties: {password=123456, user=root}
18:30:18.624 [Test worker] DEBUG org.testcontainers.shaded.com.github.dockerjava.core.command.AbstrDockerCmd - Cmd: b4fc7afd97457a2a6ec84592488a57f900fa52ed03fcd2dbaf8a116bc1f50ab3,false
18:30:18.625 [Test worker] DEBUG org.testcontainers.shaded.com.github.dockerjava.core.exec.InspectContainerCmdExec - GET: DefaultWebTarget{path=[/containers/b4fc7afd97457a2a6ec84592488a57f900fa52ed03fcd2dbaf8a116bc1f50ab3/json], queryParams={}}
18:30:18.626 [Test worker] DEBUG com.github.dockerjava.zerodep.shaded.org.apache.hc.client5.http.impl.classic.InternalHttpClient - ex-00000044: preparing request execution
18:30:18.626 [Test worker] DEBUG com.github.dockerjava.zerodep.shaded.org.apache.hc.client5.http.protocol.RequestAddCookies - Cookie spec selected: strict
18:30:18.626 [Test worker] DEBUG com.github.dockerjava.zerodep.shaded.org.apache.hc.client5.http.protocol.RequestAuthCache - Auth cache not set in the context
18:30:18.626 [Test worker] DEBUG com.github.dockerjava.zerodep.shaded.org.apache.hc.client5.http.impl.classic.ProtocolExec - ex-00000044: target auth state: UNCHALLENGED
18:30:18.626 [Test worker] DEBUG com.github.dockerjava.zerodep.shaded.org.apache.hc.client5.http.impl.classic.ProtocolExec - ex-00000044: proxy auth state: UNCHALLENGED
18:30:18.626 [Test worker] DEBUG com.github.dockerjava.zerodep.shaded.org.apache.hc.client5.http.impl.classic.ConnectExec - ex-00000044: acquiring connection with route {}->unix://localhost:2375
18:30:18.626 [Test worker] DEBUG com.github.dockerjava.zerodep.shaded.org.apache.hc.client5.http.impl.classic.InternalHttpClient - ex-00000044: acquiring endpoint (3 MINUTES)
18:30:18.626 [Test worker] DEBUG com.github.dockerjava.zerodep.shaded.org.apache.hc.client5.http.impl.io.PoolingHttpClientConnectionManager - ex-00000044: endpoint lease request (3 MINUTES) [route: {}->unix://localhost:2375][total available: 1; route allocated: 1 of 2147483647; total allocated: 1 of 2147483647]
18:30:18.626 [Test worker] DEBUG com.github.dockerjava.zerodep.shaded.org.apache.hc.client5.http.impl.io.PoolingHttpClientConnectionManager - ex-00000044: endpoint leased [route: {}->unix://localhost:2375][total available: 0; route allocated: 1 of 2147483647; total allocated: 1 of 2147483647]
18:30:18.626 [Test worker] DEBUG com.github.dockerjava.zerodep.shaded.org.apache.hc.client5.http.impl.io.PoolingHttpClientConnectionManager - ex-00000044: acquired ep-00000043
18:30:18.626 [Test worker] DEBUG com.github.dockerjava.zerodep.shaded.org.apache.hc.client5.http.impl.classic.InternalHttpClient - ex-00000044: acquired endpoint ep-00000043
18:30:18.626 [Test worker] DEBUG com.github.dockerjava.zerodep.shaded.org.apache.hc.client5.http.impl.classic.MainClientExec - ex-00000044: executing GET /v1.32/containers/b4fc7afd97457a2a6ec84592488a57f900fa52ed03fcd2dbaf8a116bc1f50ab3/json HTTP/1.1
18:30:18.626 [Test worker] DEBUG com.github.dockerjava.zerodep.shaded.org.apache.hc.client5.http.impl.classic.InternalHttpClient - ep-00000043: start execution ex-00000044
18:30:18.626 [Test worker] DEBUG com.github.dockerjava.zerodep.shaded.org.apache.hc.client5.http.impl.io.PoolingHttpClientConnectionManager - ep-00000043: executing exchange ex-00000044 over http-outgoing-1
18:30:18.626 [Test worker] DEBUG com.github.dockerjava.zerodep.shaded.org.apache.hc.client5.http.headers - http-outgoing-1 >> GET /v1.32/containers/b4fc7afd97457a2a6ec84592488a57f900fa52ed03fcd2dbaf8a116bc1f50ab3/json HTTP/1.1
18:30:18.626 [Test worker] DEBUG com.github.dockerjava.zerodep.shaded.org.apache.hc.client5.http.headers - http-outgoing-1 >> accept: application/json
18:30:18.626 [Test worker] DEBUG com.github.dockerjava.zerodep.shaded.org.apache.hc.client5.http.headers - http-outgoing-1 >> x-tc-sid: cdd139c9-cde1-4429-bea7-edb0e651ba16
18:30:18.626 [Test worker] DEBUG com.github.dockerjava.zerodep.shaded.org.apache.hc.client5.http.headers - http-outgoing-1 >> Accept-Encoding: gzip, x-gzip, deflate
18:30:18.626 [Test worker] DEBUG com.github.dockerjava.zerodep.shaded.org.apache.hc.client5.http.headers - http-outgoing-1 >> Host: localhost:2375
18:30:18.626 [Test worker] DEBUG com.github.dockerjava.zerodep.shaded.org.apache.hc.client5.http.headers - http-outgoing-1 >> Connection: keep-alive
18:30:18.626 [Test worker] DEBUG com.github.dockerjava.zerodep.shaded.org.apache.hc.client5.http.headers - http-outgoing-1 >> User-Agent: Apache-HttpClient/5.0.3 (Java/17.0.2)
18:30:18.626 [Test worker] DEBUG com.github.dockerjava.zerodep.shaded.org.apache.hc.client5.http.wire - http-outgoing-1 >> "GET /v1.32/containers/b4fc7afd97457a2a6ec84592488a57f900fa52ed03fcd2dbaf8a116bc1f50ab3/json HTTP/1.1[\r][\n]"
18:30:18.626 [Test worker] DEBUG com.github.dockerjava.zerodep.shaded.org.apache.hc.client5.http.wire - http-outgoing-1 >> "accept: application/json[\r][\n]"
18:30:18.626 [Test worker] DEBUG com.github.dockerjava.zerodep.shaded.org.apache.hc.client5.http.wire - http-outgoing-1 >> "x-tc-sid: cdd139c9-cde1-4429-bea7-edb0e651ba16[\r][\n]"
18:30:18.626 [Test worker] DEBUG com.github.dockerjava.zerodep.shaded.org.apache.hc.client5.http.wire - http-outgoing-1 >> "Accept-Encoding: gzip, x-gzip, deflate[\r][\n]"
18:30:18.626 [Test worker] DEBUG com.github.dockerjava.zerodep.shaded.org.apache.hc.client5.http.wire - http-outgoing-1 >> "Host: localhost:2375[\r][\n]"
18:30:18.626 [Test worker] DEBUG com.github.dockerjava.zerodep.shaded.org.apache.hc.client5.http.wire - http-outgoing-1 >> "Connection: keep-alive[\r][\n]"
18:30:18.626 [Test worker] DEBUG com.github.dockerjava.zerodep.shaded.org.apache.hc.client5.http.wire - http-outgoing-1 >> "User-Agent: Apache-HttpClient/5.0.3 (Java/17.0.2)[\r][\n]"
18:30:18.626 [Test worker] DEBUG com.github.dockerjava.zerodep.shaded.org.apache.hc.client5.http.wire - http-outgoing-1 >> "[\r][\n]"
18:30:18.627 [Test worker] DEBUG com.github.dockerjava.zerodep.shaded.org.apache.hc.client5.http.wire - http-outgoing-1 << "HTTP/1.1 200 OK[\r][\n]"
18:30:18.627 [Test worker] DEBUG com.github.dockerjava.zerodep.shaded.org.apache.hc.client5.http.wire - http-outgoing-1 << "Api-Version: 1.41[\r][\n]"
18:30:18.627 [Test worker] DEBUG com.github.dockerjava.zerodep.shaded.org.apache.hc.client5.http.wire - http-outgoing-1 << "Content-Type: application/json[\r][\n]"
18:30:18.627 [Test worker] DEBUG com.github.dockerjava.zerodep.shaded.org.apache.hc.client5.http.wire - http-outgoing-1 << "Docker-Experimental: false[\r][\n]"
18:30:18.627 [Test worker] DEBUG com.github.dockerjava.zerodep.shaded.org.apache.hc.client5.http.wire - http-outgoing-1 << "Ostype: linux[\r][\n]"
18:30:18.627 [Test worker] DEBUG com.github.dockerjava.zerodep.shaded.org.apache.hc.client5.http.wire - http-outgoing-1 << "Server: Docker/20.10.17 (linux)[\r][\n]"
18:30:18.627 [Test worker] DEBUG com.github.dockerjava.zerodep.shaded.org.apache.hc.client5.http.wire - http-outgoing-1 << "Date: Thu, 08 Dec 2022 21:30:18 GMT[\r][\n]"
18:30:18.627 [Test worker] DEBUG com.github.dockerjava.zerodep.shaded.org.apache.hc.client5.http.wire - http-outgoing-1 << "Transfer-Encoding: chunked[\r][\n]"
18:30:18.627 [Test worker] DEBUG com.github.dockerjava.zerodep.shaded.org.apache.hc.client5.http.wire - http-outgoing-1 << "[\r][\n]"
18:30:18.627 [Test worker] DEBUG com.github.dockerjava.zerodep.shaded.org.apache.hc.client5.http.wire - http-outgoing-1 << "18a6[\r][\n]"
18:30:18.627 [Test worker] DEBUG com.github.dockerjava.zerodep.shaded.org.apache.hc.client5.http.wire - http-outgoing-1 << "{"Id":"b4fc7afd97457a2a6ec84592488a57f900fa52ed03fcd2dbaf8a116bc1f50ab3","Created":"2022-12-08T21:30:11.801619537Z","Path":"docker-entrypoint.sh","Args":["mysqld"],"State":{"Status":"running","Running":true,"Paused":false,"Restarting":false,"OOMKilled":false,"Dead":false,"Pid":148084,"ExitCode":0,"Error":"","StartedAt":"2022-12-08T21:30:12.370762583Z","FinishedAt":"0001-01-01T00:00:00Z"},"Image":"sha256:7484689f290f1defe06b65befc54cb6ad91a667cf0af59a265ffe76c46bd0478","ResolvConfPath":"/var/lib/docker/containers/b4fc7afd97457a2a6ec84592488a57f900fa52ed03fcd2dbaf8a116bc1f50ab3/resolv.conf","HostnamePath":"/var/lib/docker/containers/b4fc7afd97457a2a6ec84592488a57f900fa52ed03fcd2dbaf8a116bc1f50ab3/hostname","HostsPath":"/var/lib/docker/containers/b4fc7afd97457a2a6ec84592488a57f900fa52ed03fcd2dbaf8a116bc1f50ab3/hosts","LogPath":"/var/lib/docker/containers/b4fc7afd97457a2a6ec84592488a57f900fa52ed03fcd2dbaf8a116bc1f50ab3/b4fc7afd97457a2a6ec84592488a57f900fa52ed03fcd2dbaf8a116bc1f50ab3-json.log","Name":"/agitated_ptolemy","RestartCount":0,"Driver":"overlay2","Platform":"linux","MountLabel":"","ProcessLabel":"","AppArmorProfile":"docker-default","ExecIDs":null,"HostConfig":{"Binds":[],"ContainerIDFile":"","LogConfig":{"Type":"json-file","Config":{}},"NetworkMode":"default","PortBindings":{"3306/tcp":[{"HostIp":"","HostPort":""}]},"RestartPolicy":{"Name":"","MaximumRetryCount":0},"AutoRemove":false,"VolumeDriver":"","VolumesFrom":[],"CapAdd":null,"CapDrop":null,"CgroupnsMode":"private","Dns":null,"DnsOptions":null,"DnsSearch":null,"ExtraHosts":[],"GroupAdd":null,"IpcMode":"shareable","Cgroup":"","Links":null,"OomScoreAdj":0,"PidMode":"","Privileged":false,"PublishAllPorts":false,"ReadonlyRootfs":false,"SecurityOpt":null,"UTSMode":"","UsernsMode":"","ShmSize":67108864,"Runtime":"runc","ConsoleSize":[0,0],"Isolation":"","CpuShares":0,"Memory":0,"NanoCpus":0,"CgroupParent":"","BlkioWeight":0,"BlkioWeightDevice":null,"BlkioDeviceReadBps":null,"BlkioDeviceWriteBps":null,"BlkioDeviceReadIOps":null,"BlkioDeviceWriteIOps":null,"CpuPeriod":0,"CpuQuota":0,"CpuRealtimePeriod":0,"CpuRealtimeRuntime":0,"CpusetCpus":"","CpusetMems":"","Devices":null,"DeviceCgroupRules":null,"DeviceRequests":null,"KernelMemory":0,"KernelMemoryTCP":0,"MemoryReservation":0,"MemorySwap":0,"MemorySwappiness":null,"OomKillDisable":null,"PidsLimit":null,"Ulimits":null,"CpuCount":0,"CpuPercent":0,"IOMaximumIOps":0,"IOMaximumBandwidth":0,"MaskedPaths":["/proc/asound","/proc/acpi","/proc/kcore","/proc/keys","/proc/latency_stats","/proc/timer_list","/proc/timer_stats","/proc/sched_debug","/proc/scsi","/sys/firmware"],"ReadonlyPaths":["/proc/bus","/proc/fs","/proc/irq","/proc/sys","/proc/sysrq-trigger"]},"GraphDriver":{"Data":{"LowerDir":"/var/lib/docker/overlay2/05794d51525f65619c615558ef5f93d7c33eef44e12313fdcb3942911d0b5f7d-init/diff:/var/lib/docker/overlay2/f079a69cfd5e80e906b12f05a0c7bfaabc56ce63e947db68b722ae30905f1239/diff:/var/lib/docker/overlay2/9dfb63d6bb556846a13012421dde7951ef83a14d8ce1882287cce66f0f9bd055/diff:/var/lib/docker/overlay2/c4f8874ae33ddd14488f5051cd953acc020fa00ea72d28bd530450c0bc8f9903/diff:/var/lib/docker/overlay2/992683766b46aa5653160e6a34283b579a75000e230890d0ec0a6204af735697/diff:/var/lib/docker/overlay2/6e3fba0e1d6501c91c9bec723bb1364f75599c6c2026a6dc71773c88a49f890a/diff:/var/lib/docker/overlay2/c6c2a366f45a69704761d45d296d71bf2bf315efb15cb06ad88925ed235fad81/diff:/var/lib/docker/overlay2/7555f9b18615244719d04b23296ba418195e5e569d47baf9f1da7c3f053fe194/diff:/var/lib/docker/overlay2/7752eb17f8f8ba44a5ed178f499901fa7eb6f2e031c29ab160ee4eff4db8edaa/diff:/var/lib/docker/overlay2/9683de8b3733106f256bd0eabc7cae13623b14493b9212e863449d42b8a87390/diff:/var/lib/docker/overlay2/f5e28e407d8811526fb7dd82e4fed08d5d3124c0f22f1a9496ed27b2b457d3dd/diff:/var/lib/docker/overlay2/e2980c91c6b3331cff3994ca6f327955bb5feaef0f96bc64edce80631fdbf829/diff","MergedDir":"/var/lib/docker/overlay2/05794d51525f65619c615558ef5f93d7c33eef44e12313fdcb3942911d0b5f7d/merged","UpperDir":"/var/lib/docker/overlay2/05794d51525f65619c615558ef5f93d7c33eef44e12313fdcb3942911d0b5f7d/diff","WorkDir":"/var/lib/docker/overlay2/05794d51525f65619c615558ef5f93d7c33eef44e12313fdcb3942911d0b5f7d/work"},"Name":"overlay2"},"Mounts":[{"Type":"volume","Name":"fe29345a30f82a1c969c40b069133e9d87168ce95967d67ac182ee42c059affb","Source":"/var/lib/docker/volumes/fe29345a30f82a1c969c40b069133e9d87168ce95967d67ac182ee42c059affb/_data","Destination":"/var/lib/mysql","Driver":"local","Mode":"","RW":true,"Propagation":""}],"Config":{"Hostname":"b4fc7afd9745","Domainname":"","User":"","AttachStdin":false,"AttachStdout":false,"AttachStderr":false,"ExposedPorts":{"3306/tcp":{},"33060/tcp":{}},"Tty":false,"OpenStdin":false,"StdinOnce":false,"Env":["MYSQL_DATABASE=adm_videos","MYSQL_PASSWORD=123456","MYSQL_ROOT_PASSWORD=123456","PATH=/usr/local/sbin:/usr/local/bin:/usr/sbin:/usr/bin:/sbin:/bin","GOSU_VERSION=1.14","MYSQL_MAJOR=8.0","MYSQL_VERSION=8.0.31-1.el8","MYSQL_SHELL_VERSION=8.0.31-1.el8"],"Cmd":["mysqld"],"Image":"mysql:latest","Volumes":{"/var/lib/mysql":{}},"WorkingDir":"","Entrypoint":["docker-entrypoint.sh"],"OnBuild":null,"Labels":{"org.testcontainers":"true","org.testcontainers.sessionId":"cdd139c9-cde1-4429-bea7-edb0e651ba16"}},"NetworkSettings":{"Bridge":"","SandboxID":"8404ec7d59006489fa5b6638879180586e9aa24c1c3ae79d40e26a8f453c93b1","HairpinMode":false,"LinkLocalIPv6Address":"","LinkLocalIPv6PrefixLen":0,"Ports":{"3306/tcp":[{"HostIp":"0.0.0.0","HostPort":"49156"},{"HostIp":"::","HostPort":"49156"}],"33060/tcp":null},"SandboxKey":"/var/run/docker/netns/8404ec7d5900","SecondaryIPAddresses":null,"SecondaryIPv6Addresses":null,"EndpointID":"28c851b70d88131a783e3d87b7c50320df5f3250ebca621b1b39353a2424212a","Gateway":"172.17.0.1","GlobalIPv6Address":"","GlobalIPv6PrefixLen":0,"IPAddress":"172.17.0.3","IPPrefixLen":16,"IPv6Gateway":"","MacAddress":"02:42:ac:11:00:03","Networks":{"bridge":{"IPAMConfig":null,"Links":null,"Aliases":null,"NetworkID":"bf06afe94eca8b5ab91eae0dbaa8561a6dd16832d429dcdbaa7ed1e003cfbe56","EndpointID":"28c851b70d88131a783e3d87b7c50320df5f3250ebca621b1b39353a2424212a","Gateway":"172.17.0.1","IPAddress":"172.17.0.3","IPPrefixLen":16,"IPv6Gateway":"","GlobalIPv6Address":"","GlobalIPv6PrefixLen":0,"MacAddress":"02:42:ac:11:00:03","DriverOpts":null}}}}[\n]"
18:30:18.627 [Test worker] DEBUG com.github.dockerjava.zerodep.shaded.org.apache.hc.client5.http.wire - http-outgoing-1 << "[\r][\n]"
18:30:18.627 [Test worker] DEBUG com.github.dockerjava.zerodep.shaded.org.apache.hc.client5.http.wire - http-outgoing-1 << "0[\r][\n]"
18:30:18.627 [Test worker] DEBUG com.github.dockerjava.zerodep.shaded.org.apache.hc.client5.http.wire - http-outgoing-1 << "[\r][\n]"
18:30:18.627 [Test worker] DEBUG com.github.dockerjava.zerodep.shaded.org.apache.hc.client5.http.headers - http-outgoing-1 << HTTP/1.1 200 OK
18:30:18.627 [Test worker] DEBUG com.github.dockerjava.zerodep.shaded.org.apache.hc.client5.http.headers - http-outgoing-1 << Api-Version: 1.41
18:30:18.627 [Test worker] DEBUG com.github.dockerjava.zerodep.shaded.org.apache.hc.client5.http.headers - http-outgoing-1 << Content-Type: application/json
18:30:18.627 [Test worker] DEBUG com.github.dockerjava.zerodep.shaded.org.apache.hc.client5.http.headers - http-outgoing-1 << Docker-Experimental: false
18:30:18.627 [Test worker] DEBUG com.github.dockerjava.zerodep.shaded.org.apache.hc.client5.http.headers - http-outgoing-1 << Ostype: linux
18:30:18.627 [Test worker] DEBUG com.github.dockerjava.zerodep.shaded.org.apache.hc.client5.http.headers - http-outgoing-1 << Server: Docker/20.10.17 (linux)
18:30:18.627 [Test worker] DEBUG com.github.dockerjava.zerodep.shaded.org.apache.hc.client5.http.headers - http-outgoing-1 << Date: Thu, 08 Dec 2022 21:30:18 GMT
18:30:18.627 [Test worker] DEBUG com.github.dockerjava.zerodep.shaded.org.apache.hc.client5.http.headers - http-outgoing-1 << Transfer-Encoding: chunked
18:30:18.628 [Test worker] DEBUG com.github.dockerjava.zerodep.shaded.org.apache.hc.client5.http.impl.classic.MainClientExec - ex-00000044: connection can be kept alive for 3 MINUTES
18:30:18.629 [Test worker] DEBUG com.github.dockerjava.zerodep.shaded.org.apache.hc.client5.http.impl.classic.InternalHttpClient - ep-00000043: releasing valid endpoint
18:30:18.629 [Test worker] DEBUG com.github.dockerjava.zerodep.shaded.org.apache.hc.client5.http.impl.io.PoolingHttpClientConnectionManager - ep-00000043: releasing endpoint
18:30:18.629 [Test worker] DEBUG com.github.dockerjava.zerodep.shaded.org.apache.hc.client5.http.impl.io.PoolingHttpClientConnectionManager - ep-00000043: connection http-outgoing-1 can be kept alive for 3 MINUTES
18:30:18.629 [Test worker] DEBUG com.github.dockerjava.zerodep.shaded.org.apache.hc.client5.http.impl.io.PoolingHttpClientConnectionManager - ep-00000043: connection released [route: {}->unix://localhost:2375][total available: 1; route allocated: 1 of 2147483647; total allocated: 1 of 2147483647]
18:30:18.629 [Test worker] DEBUG ]]>&#x1f433;<![CDATA[ [mysql:latest] - Trying to create JDBC connection using com.mysql.cj.jdbc.Driver to jdbc:mysql://localhost:49156/adm_videos?useSSL=false&allowPublicKeyRetrieval=true with properties: {password=123456, user=root}
18:30:18.732 [Test worker] DEBUG org.testcontainers.shaded.com.github.dockerjava.core.command.AbstrDockerCmd - Cmd: b4fc7afd97457a2a6ec84592488a57f900fa52ed03fcd2dbaf8a116bc1f50ab3,false
18:30:18.732 [Test worker] DEBUG org.testcontainers.shaded.com.github.dockerjava.core.exec.InspectContainerCmdExec - GET: DefaultWebTarget{path=[/containers/b4fc7afd97457a2a6ec84592488a57f900fa52ed03fcd2dbaf8a116bc1f50ab3/json], queryParams={}}
18:30:18.732 [Test worker] DEBUG com.github.dockerjava.zerodep.shaded.org.apache.hc.client5.http.impl.classic.InternalHttpClient - ex-00000045: preparing request execution
18:30:18.732 [Test worker] DEBUG com.github.dockerjava.zerodep.shaded.org.apache.hc.client5.http.protocol.RequestAddCookies - Cookie spec selected: strict
18:30:18.732 [Test worker] DEBUG com.github.dockerjava.zerodep.shaded.org.apache.hc.client5.http.protocol.RequestAuthCache - Auth cache not set in the context
18:30:18.732 [Test worker] DEBUG com.github.dockerjava.zerodep.shaded.org.apache.hc.client5.http.impl.classic.ProtocolExec - ex-00000045: target auth state: UNCHALLENGED
18:30:18.732 [Test worker] DEBUG com.github.dockerjava.zerodep.shaded.org.apache.hc.client5.http.impl.classic.ProtocolExec - ex-00000045: proxy auth state: UNCHALLENGED
18:30:18.732 [Test worker] DEBUG com.github.dockerjava.zerodep.shaded.org.apache.hc.client5.http.impl.classic.ConnectExec - ex-00000045: acquiring connection with route {}->unix://localhost:2375
18:30:18.732 [Test worker] DEBUG com.github.dockerjava.zerodep.shaded.org.apache.hc.client5.http.impl.classic.InternalHttpClient - ex-00000045: acquiring endpoint (3 MINUTES)
18:30:18.732 [Test worker] DEBUG com.github.dockerjava.zerodep.shaded.org.apache.hc.client5.http.impl.io.PoolingHttpClientConnectionManager - ex-00000045: endpoint lease request (3 MINUTES) [route: {}->unix://localhost:2375][total available: 1; route allocated: 1 of 2147483647; total allocated: 1 of 2147483647]
18:30:18.733 [Test worker] DEBUG com.github.dockerjava.zerodep.shaded.org.apache.hc.client5.http.impl.io.PoolingHttpClientConnectionManager - ex-00000045: endpoint leased [route: {}->unix://localhost:2375][total available: 0; route allocated: 1 of 2147483647; total allocated: 1 of 2147483647]
18:30:18.733 [Test worker] DEBUG com.github.dockerjava.zerodep.shaded.org.apache.hc.client5.http.impl.io.PoolingHttpClientConnectionManager - ex-00000045: acquired ep-00000044
18:30:18.733 [Test worker] DEBUG com.github.dockerjava.zerodep.shaded.org.apache.hc.client5.http.impl.classic.InternalHttpClient - ex-00000045: acquired endpoint ep-00000044
18:30:18.733 [Test worker] DEBUG com.github.dockerjava.zerodep.shaded.org.apache.hc.client5.http.impl.classic.MainClientExec - ex-00000045: executing GET /v1.32/containers/b4fc7afd97457a2a6ec84592488a57f900fa52ed03fcd2dbaf8a116bc1f50ab3/json HTTP/1.1
18:30:18.733 [Test worker] DEBUG com.github.dockerjava.zerodep.shaded.org.apache.hc.client5.http.impl.classic.InternalHttpClient - ep-00000044: start execution ex-00000045
18:30:18.733 [Test worker] DEBUG com.github.dockerjava.zerodep.shaded.org.apache.hc.client5.http.impl.io.PoolingHttpClientConnectionManager - ep-00000044: executing exchange ex-00000045 over http-outgoing-1
18:30:18.733 [Test worker] DEBUG com.github.dockerjava.zerodep.shaded.org.apache.hc.client5.http.headers - http-outgoing-1 >> GET /v1.32/containers/b4fc7afd97457a2a6ec84592488a57f900fa52ed03fcd2dbaf8a116bc1f50ab3/json HTTP/1.1
18:30:18.733 [Test worker] DEBUG com.github.dockerjava.zerodep.shaded.org.apache.hc.client5.http.headers - http-outgoing-1 >> accept: application/json
18:30:18.733 [Test worker] DEBUG com.github.dockerjava.zerodep.shaded.org.apache.hc.client5.http.headers - http-outgoing-1 >> x-tc-sid: cdd139c9-cde1-4429-bea7-edb0e651ba16
18:30:18.733 [Test worker] DEBUG com.github.dockerjava.zerodep.shaded.org.apache.hc.client5.http.headers - http-outgoing-1 >> Accept-Encoding: gzip, x-gzip, deflate
18:30:18.733 [Test worker] DEBUG com.github.dockerjava.zerodep.shaded.org.apache.hc.client5.http.headers - http-outgoing-1 >> Host: localhost:2375
18:30:18.733 [Test worker] DEBUG com.github.dockerjava.zerodep.shaded.org.apache.hc.client5.http.headers - http-outgoing-1 >> Connection: keep-alive
18:30:18.733 [Test worker] DEBUG com.github.dockerjava.zerodep.shaded.org.apache.hc.client5.http.headers - http-outgoing-1 >> User-Agent: Apache-HttpClient/5.0.3 (Java/17.0.2)
18:30:18.733 [Test worker] DEBUG com.github.dockerjava.zerodep.shaded.org.apache.hc.client5.http.wire - http-outgoing-1 >> "GET /v1.32/containers/b4fc7afd97457a2a6ec84592488a57f900fa52ed03fcd2dbaf8a116bc1f50ab3/json HTTP/1.1[\r][\n]"
18:30:18.733 [Test worker] DEBUG com.github.dockerjava.zerodep.shaded.org.apache.hc.client5.http.wire - http-outgoing-1 >> "accept: application/json[\r][\n]"
18:30:18.733 [Test worker] DEBUG com.github.dockerjava.zerodep.shaded.org.apache.hc.client5.http.wire - http-outgoing-1 >> "x-tc-sid: cdd139c9-cde1-4429-bea7-edb0e651ba16[\r][\n]"
18:30:18.733 [Test worker] DEBUG com.github.dockerjava.zerodep.shaded.org.apache.hc.client5.http.wire - http-outgoing-1 >> "Accept-Encoding: gzip, x-gzip, deflate[\r][\n]"
18:30:18.733 [Test worker] DEBUG com.github.dockerjava.zerodep.shaded.org.apache.hc.client5.http.wire - http-outgoing-1 >> "Host: localhost:2375[\r][\n]"
18:30:18.733 [Test worker] DEBUG com.github.dockerjava.zerodep.shaded.org.apache.hc.client5.http.wire - http-outgoing-1 >> "Connection: keep-alive[\r][\n]"
18:30:18.733 [Test worker] DEBUG com.github.dockerjava.zerodep.shaded.org.apache.hc.client5.http.wire - http-outgoing-1 >> "User-Agent: Apache-HttpClient/5.0.3 (Java/17.0.2)[\r][\n]"
18:30:18.733 [Test worker] DEBUG com.github.dockerjava.zerodep.shaded.org.apache.hc.client5.http.wire - http-outgoing-1 >> "[\r][\n]"
18:30:18.733 [Test worker] DEBUG com.github.dockerjava.zerodep.shaded.org.apache.hc.client5.http.wire - http-outgoing-1 << "HTTP/1.1 200 OK[\r][\n]"
18:30:18.733 [Test worker] DEBUG com.github.dockerjava.zerodep.shaded.org.apache.hc.client5.http.wire - http-outgoing-1 << "Api-Version: 1.41[\r][\n]"
18:30:18.733 [Test worker] DEBUG com.github.dockerjava.zerodep.shaded.org.apache.hc.client5.http.wire - http-outgoing-1 << "Content-Type: application/json[\r][\n]"
18:30:18.733 [Test worker] DEBUG com.github.dockerjava.zerodep.shaded.org.apache.hc.client5.http.wire - http-outgoing-1 << "Docker-Experimental: false[\r][\n]"
18:30:18.733 [Test worker] DEBUG com.github.dockerjava.zerodep.shaded.org.apache.hc.client5.http.wire - http-outgoing-1 << "Ostype: linux[\r][\n]"
18:30:18.733 [Test worker] DEBUG com.github.dockerjava.zerodep.shaded.org.apache.hc.client5.http.wire - http-outgoing-1 << "Server: Docker/20.10.17 (linux)[\r][\n]"
18:30:18.733 [Test worker] DEBUG com.github.dockerjava.zerodep.shaded.org.apache.hc.client5.http.wire - http-outgoing-1 << "Date: Thu, 08 Dec 2022 21:30:18 GMT[\r][\n]"
18:30:18.733 [Test worker] DEBUG com.github.dockerjava.zerodep.shaded.org.apache.hc.client5.http.wire - http-outgoing-1 << "Transfer-Encoding: chunked[\r][\n]"
18:30:18.733 [Test worker] DEBUG com.github.dockerjava.zerodep.shaded.org.apache.hc.client5.http.wire - http-outgoing-1 << "[\r][\n]"
18:30:18.733 [Test worker] DEBUG com.github.dockerjava.zerodep.shaded.org.apache.hc.client5.http.wire - http-outgoing-1 << "18a6[\r][\n]"
18:30:18.733 [Test worker] DEBUG com.github.dockerjava.zerodep.shaded.org.apache.hc.client5.http.wire - http-outgoing-1 << "{"Id":"b4fc7afd97457a2a6ec84592488a57f900fa52ed03fcd2dbaf8a116bc1f50ab3","Created":"2022-12-08T21:30:11.801619537Z","Path":"docker-entrypoint.sh","Args":["mysqld"],"State":{"Status":"running","Running":true,"Paused":false,"Restarting":false,"OOMKilled":false,"Dead":false,"Pid":148084,"ExitCode":0,"Error":"","StartedAt":"2022-12-08T21:30:12.370762583Z","FinishedAt":"0001-01-01T00:00:00Z"},"Image":"sha256:7484689f290f1defe06b65befc54cb6ad91a667cf0af59a265ffe76c46bd0478","ResolvConfPath":"/var/lib/docker/containers/b4fc7afd97457a2a6ec84592488a57f900fa52ed03fcd2dbaf8a116bc1f50ab3/resolv.conf","HostnamePath":"/var/lib/docker/containers/b4fc7afd97457a2a6ec84592488a57f900fa52ed03fcd2dbaf8a116bc1f50ab3/hostname","HostsPath":"/var/lib/docker/containers/b4fc7afd97457a2a6ec84592488a57f900fa52ed03fcd2dbaf8a116bc1f50ab3/hosts","LogPath":"/var/lib/docker/containers/b4fc7afd97457a2a6ec84592488a57f900fa52ed03fcd2dbaf8a116bc1f50ab3/b4fc7afd97457a2a6ec84592488a57f900fa52ed03fcd2dbaf8a116bc1f50ab3-json.log","Name":"/agitated_ptolemy","RestartCount":0,"Driver":"overlay2","Platform":"linux","MountLabel":"","ProcessLabel":"","AppArmorProfile":"docker-default","ExecIDs":null,"HostConfig":{"Binds":[],"ContainerIDFile":"","LogConfig":{"Type":"json-file","Config":{}},"NetworkMode":"default","PortBindings":{"3306/tcp":[{"HostIp":"","HostPort":""}]},"RestartPolicy":{"Name":"","MaximumRetryCount":0},"AutoRemove":false,"VolumeDriver":"","VolumesFrom":[],"CapAdd":null,"CapDrop":null,"CgroupnsMode":"private","Dns":null,"DnsOptions":null,"DnsSearch":null,"ExtraHosts":[],"GroupAdd":null,"IpcMode":"shareable","Cgroup":"","Links":null,"OomScoreAdj":0,"PidMode":"","Privileged":false,"PublishAllPorts":false,"ReadonlyRootfs":false,"SecurityOpt":null,"UTSMode":"","UsernsMode":"","ShmSize":67108864,"Runtime":"runc","ConsoleSize":[0,0],"Isolation":"","CpuShares":0,"Memory":0,"NanoCpus":0,"CgroupParent":"","BlkioWeight":0,"BlkioWeightDevice":null,"BlkioDeviceReadBps":null,"BlkioDeviceWriteBps":null,"BlkioDeviceReadIOps":null,"BlkioDeviceWriteIOps":null,"CpuPeriod":0,"CpuQuota":0,"CpuRealtimePeriod":0,"CpuRealtimeRuntime":0,"CpusetCpus":"","CpusetMems":"","Devices":null,"DeviceCgroupRules":null,"DeviceRequests":null,"KernelMemory":0,"KernelMemoryTCP":0,"MemoryReservation":0,"MemorySwap":0,"MemorySwappiness":null,"OomKillDisable":null,"PidsLimit":null,"Ulimits":null,"CpuCount":0,"CpuPercent":0,"IOMaximumIOps":0,"IOMaximumBandwidth":0,"MaskedPaths":["/proc/asound","/proc/acpi","/proc/kcore","/proc/keys","/proc/latency_stats","/proc/timer_list","/proc/timer_stats","/proc/sched_debug","/proc/scsi","/sys/firmware"],"ReadonlyPaths":["/proc/bus","/proc/fs","/proc/irq","/proc/sys","/proc/sysrq-trigger"]},"GraphDriver":{"Data":{"LowerDir":"/var/lib/docker/overlay2/05794d51525f65619c615558ef5f93d7c33eef44e12313fdcb3942911d0b5f7d-init/diff:/var/lib/docker/overlay2/f079a69cfd5e80e906b12f05a0c7bfaabc56ce63e947db68b722ae30905f1239/diff:/var/lib/docker/overlay2/9dfb63d6bb556846a13012421dde7951ef83a14d8ce1882287cce66f0f9bd055/diff:/var/lib/docker/overlay2/c4f8874ae33ddd14488f5051cd953acc020fa00ea72d28bd530450c0bc8f9903/diff:/var/lib/docker/overlay2/992683766b46aa5653160e6a34283b579a75000e230890d0ec0a6204af735697/diff:/var/lib/docker/overlay2/6e3fba0e1d6501c91c9bec723bb1364f75599c6c2026a6dc71773c88a49f890a/diff:/var/lib/docker/overlay2/c6c2a366f45a69704761d45d296d71bf2bf315efb15cb06ad88925ed235fad81/diff:/var/lib/docker/overlay2/7555f9b18615244719d04b23296ba418195e5e569d47baf9f1da7c3f053fe194/diff:/var/lib/docker/overlay2/7752eb17f8f8ba44a5ed178f499901fa7eb6f2e031c29ab160ee4eff4db8edaa/diff:/var/lib/docker/overlay2/9683de8b3733106f256bd0eabc7cae13623b14493b9212e863449d42b8a87390/diff:/var/lib/docker/overlay2/f5e28e407d8811526fb7dd82e4fed08d5d3124c0f22f1a9496ed27b2b457d3dd/diff:/var/lib/docker/overlay2/e2980c91c6b3331cff3994ca6f327955bb5feaef0f96bc64edce80631fdbf829/diff","MergedDir":"/var/lib/docker/overlay2/05794d51525f65619c615558ef5f93d7c33eef44e12313fdcb3942911d0b5f7d/merged","UpperDir":"/var/lib/docker/overlay2/05794d51525f65619c615558ef5f93d7c33eef44e12313fdcb3942911d0b5f7d/diff","WorkDir":"/var/lib/docker/overlay2/05794d51525f65619c615558ef5f93d7c33eef44e12313fdcb3942911d0b5f7d/work"},"Name":"overlay2"},"Mounts":[{"Type":"volume","Name":"fe29345a30f82a1c969c40b069133e9d87168ce95967d67ac182ee42c059affb","Source":"/var/lib/docker/volumes/fe29345a30f82a1c969c40b069133e9d87168ce95967d67ac182ee42c059affb/_data","Destination":"/var/lib/mysql","Driver":"local","Mode":"","RW":true,"Propagation":""}],"Config":{"Hostname":"b4fc7afd9745","Domainname":"","User":"","AttachStdin":false,"AttachStdout":false,"AttachStderr":false,"ExposedPorts":{"3306/tcp":{},"33060/tcp":{}},"Tty":false,"OpenStdin":false,"StdinOnce":false,"Env":["MYSQL_DATABASE=adm_videos","MYSQL_PASSWORD=123456","MYSQL_ROOT_PASSWORD=123456","PATH=/usr/local/sbin:/usr/local/bin:/usr/sbin:/usr/bin:/sbin:/bin","GOSU_VERSION=1.14","MYSQL_MAJOR=8.0","MYSQL_VERSION=8.0.31-1.el8","MYSQL_SHELL_VERSION=8.0.31-1.el8"],"Cmd":["mysqld"],"Image":"mysql:latest","Volumes":{"/var/lib/mysql":{}},"WorkingDir":"","Entrypoint":["docker-entrypoint.sh"],"OnBuild":null,"Labels":{"org.testcontainers":"true","org.testcontainers.sessionId":"cdd139c9-cde1-4429-bea7-edb0e651ba16"}},"NetworkSettings":{"Bridge":"","SandboxID":"8404ec7d59006489fa5b6638879180586e9aa24c1c3ae79d40e26a8f453c93b1","HairpinMode":false,"LinkLocalIPv6Address":"","LinkLocalIPv6PrefixLen":0,"Ports":{"3306/tcp":[{"HostIp":"0.0.0.0","HostPort":"49156"},{"HostIp":"::","HostPort":"49156"}],"33060/tcp":null},"SandboxKey":"/var/run/docker/netns/8404ec7d5900","SecondaryIPAddresses":null,"SecondaryIPv6Addresses":null,"EndpointID":"28c851b70d88131a783e3d87b7c50320df5f3250ebca621b1b39353a2424212a","Gateway":"172.17.0.1","GlobalIPv6Address":"","GlobalIPv6PrefixLen":0,"IPAddress":"172.17.0.3","IPPrefixLen":16,"IPv6Gateway":"","MacAddress":"02:42:ac:11:00:03","Networks":{"bridge":{"IPAMConfig":null,"Links":null,"Aliases":null,"NetworkID":"bf06afe94eca8b5ab91eae0dbaa8561a6dd16832d429dcdbaa7ed1e003cfbe56","EndpointID":"28c851b70d88131a783e3d87b7c50320df5f3250ebca621b1b39353a2424212a","Gateway":"172.17.0.1","IPAddress":"172.17.0.3","IPPrefixLen":16,"IPv6Gateway":"","GlobalIPv6Address":"","GlobalIPv6PrefixLen":0,"MacAddress":"02:42:ac:11:00:03","DriverOpts":null}}}}[\n]"
18:30:18.733 [Test worker] DEBUG com.github.dockerjava.zerodep.shaded.org.apache.hc.client5.http.wire - http-outgoing-1 << "[\r][\n]"
18:30:18.733 [Test worker] DEBUG com.github.dockerjava.zerodep.shaded.org.apache.hc.client5.http.wire - http-outgoing-1 << "0[\r][\n]"
18:30:18.733 [Test worker] DEBUG com.github.dockerjava.zerodep.shaded.org.apache.hc.client5.http.wire - http-outgoing-1 << "[\r][\n]"
18:30:18.733 [Test worker] DEBUG com.github.dockerjava.zerodep.shaded.org.apache.hc.client5.http.headers - http-outgoing-1 << HTTP/1.1 200 OK
18:30:18.733 [Test worker] DEBUG com.github.dockerjava.zerodep.shaded.org.apache.hc.client5.http.headers - http-outgoing-1 << Api-Version: 1.41
18:30:18.733 [Test worker] DEBUG com.github.dockerjava.zerodep.shaded.org.apache.hc.client5.http.headers - http-outgoing-1 << Content-Type: application/json
18:30:18.733 [Test worker] DEBUG com.github.dockerjava.zerodep.shaded.org.apache.hc.client5.http.headers - http-outgoing-1 << Docker-Experimental: false
18:30:18.733 [Test worker] DEBUG com.github.dockerjava.zerodep.shaded.org.apache.hc.client5.http.headers - http-outgoing-1 << Ostype: linux
18:30:18.733 [Test worker] DEBUG com.github.dockerjava.zerodep.shaded.org.apache.hc.client5.http.headers - http-outgoing-1 << Server: Docker/20.10.17 (linux)
18:30:18.733 [Test worker] DEBUG com.github.dockerjava.zerodep.shaded.org.apache.hc.client5.http.headers - http-outgoing-1 << Date: Thu, 08 Dec 2022 21:30:18 GMT
18:30:18.733 [Test worker] DEBUG com.github.dockerjava.zerodep.shaded.org.apache.hc.client5.http.headers - http-outgoing-1 << Transfer-Encoding: chunked
18:30:18.733 [Test worker] DEBUG com.github.dockerjava.zerodep.shaded.org.apache.hc.client5.http.impl.classic.MainClientExec - ex-00000045: connection can be kept alive for 3 MINUTES
18:30:18.734 [Test worker] DEBUG com.github.dockerjava.zerodep.shaded.org.apache.hc.client5.http.impl.classic.InternalHttpClient - ep-00000044: releasing valid endpoint
18:30:18.734 [Test worker] DEBUG com.github.dockerjava.zerodep.shaded.org.apache.hc.client5.http.impl.io.PoolingHttpClientConnectionManager - ep-00000044: releasing endpoint
18:30:18.734 [Test worker] DEBUG com.github.dockerjava.zerodep.shaded.org.apache.hc.client5.http.impl.io.PoolingHttpClientConnectionManager - ep-00000044: connection http-outgoing-1 can be kept alive for 3 MINUTES
18:30:18.734 [Test worker] DEBUG com.github.dockerjava.zerodep.shaded.org.apache.hc.client5.http.impl.io.PoolingHttpClientConnectionManager - ep-00000044: connection released [route: {}->unix://localhost:2375][total available: 1; route allocated: 1 of 2147483647; total allocated: 1 of 2147483647]
18:30:18.734 [Test worker] DEBUG ]]>&#x1f433;<![CDATA[ [mysql:latest] - Trying to create JDBC connection using com.mysql.cj.jdbc.Driver to jdbc:mysql://localhost:49156/adm_videos?useSSL=false&allowPublicKeyRetrieval=true with properties: {password=123456, user=root}
18:30:18.835 [Test worker] DEBUG org.testcontainers.shaded.com.github.dockerjava.core.command.AbstrDockerCmd - Cmd: b4fc7afd97457a2a6ec84592488a57f900fa52ed03fcd2dbaf8a116bc1f50ab3,false
18:30:18.836 [Test worker] DEBUG org.testcontainers.shaded.com.github.dockerjava.core.exec.InspectContainerCmdExec - GET: DefaultWebTarget{path=[/containers/b4fc7afd97457a2a6ec84592488a57f900fa52ed03fcd2dbaf8a116bc1f50ab3/json], queryParams={}}
18:30:18.836 [Test worker] DEBUG com.github.dockerjava.zerodep.shaded.org.apache.hc.client5.http.impl.classic.InternalHttpClient - ex-00000046: preparing request execution
18:30:18.836 [Test worker] DEBUG com.github.dockerjava.zerodep.shaded.org.apache.hc.client5.http.protocol.RequestAddCookies - Cookie spec selected: strict
18:30:18.836 [Test worker] DEBUG com.github.dockerjava.zerodep.shaded.org.apache.hc.client5.http.protocol.RequestAuthCache - Auth cache not set in the context
18:30:18.836 [Test worker] DEBUG com.github.dockerjava.zerodep.shaded.org.apache.hc.client5.http.impl.classic.ProtocolExec - ex-00000046: target auth state: UNCHALLENGED
18:30:18.836 [Test worker] DEBUG com.github.dockerjava.zerodep.shaded.org.apache.hc.client5.http.impl.classic.ProtocolExec - ex-00000046: proxy auth state: UNCHALLENGED
18:30:18.836 [Test worker] DEBUG com.github.dockerjava.zerodep.shaded.org.apache.hc.client5.http.impl.classic.ConnectExec - ex-00000046: acquiring connection with route {}->unix://localhost:2375
18:30:18.836 [Test worker] DEBUG com.github.dockerjava.zerodep.shaded.org.apache.hc.client5.http.impl.classic.InternalHttpClient - ex-00000046: acquiring endpoint (3 MINUTES)
18:30:18.836 [Test worker] DEBUG com.github.dockerjava.zerodep.shaded.org.apache.hc.client5.http.impl.io.PoolingHttpClientConnectionManager - ex-00000046: endpoint lease request (3 MINUTES) [route: {}->unix://localhost:2375][total available: 1; route allocated: 1 of 2147483647; total allocated: 1 of 2147483647]
18:30:18.836 [Test worker] DEBUG com.github.dockerjava.zerodep.shaded.org.apache.hc.client5.http.impl.io.PoolingHttpClientConnectionManager - ex-00000046: endpoint leased [route: {}->unix://localhost:2375][total available: 0; route allocated: 1 of 2147483647; total allocated: 1 of 2147483647]
18:30:18.836 [Test worker] DEBUG com.github.dockerjava.zerodep.shaded.org.apache.hc.client5.http.impl.io.PoolingHttpClientConnectionManager - ex-00000046: acquired ep-00000045
18:30:18.836 [Test worker] DEBUG com.github.dockerjava.zerodep.shaded.org.apache.hc.client5.http.impl.classic.InternalHttpClient - ex-00000046: acquired endpoint ep-00000045
18:30:18.836 [Test worker] DEBUG com.github.dockerjava.zerodep.shaded.org.apache.hc.client5.http.impl.classic.MainClientExec - ex-00000046: executing GET /v1.32/containers/b4fc7afd97457a2a6ec84592488a57f900fa52ed03fcd2dbaf8a116bc1f50ab3/json HTTP/1.1
18:30:18.836 [Test worker] DEBUG com.github.dockerjava.zerodep.shaded.org.apache.hc.client5.http.impl.classic.InternalHttpClient - ep-00000045: start execution ex-00000046
18:30:18.836 [Test worker] DEBUG com.github.dockerjava.zerodep.shaded.org.apache.hc.client5.http.impl.io.PoolingHttpClientConnectionManager - ep-00000045: executing exchange ex-00000046 over http-outgoing-1
18:30:18.836 [Test worker] DEBUG com.github.dockerjava.zerodep.shaded.org.apache.hc.client5.http.headers - http-outgoing-1 >> GET /v1.32/containers/b4fc7afd97457a2a6ec84592488a57f900fa52ed03fcd2dbaf8a116bc1f50ab3/json HTTP/1.1
18:30:18.836 [Test worker] DEBUG com.github.dockerjava.zerodep.shaded.org.apache.hc.client5.http.headers - http-outgoing-1 >> accept: application/json
18:30:18.836 [Test worker] DEBUG com.github.dockerjava.zerodep.shaded.org.apache.hc.client5.http.headers - http-outgoing-1 >> x-tc-sid: cdd139c9-cde1-4429-bea7-edb0e651ba16
18:30:18.836 [Test worker] DEBUG com.github.dockerjava.zerodep.shaded.org.apache.hc.client5.http.headers - http-outgoing-1 >> Accept-Encoding: gzip, x-gzip, deflate
18:30:18.836 [Test worker] DEBUG com.github.dockerjava.zerodep.shaded.org.apache.hc.client5.http.headers - http-outgoing-1 >> Host: localhost:2375
18:30:18.836 [Test worker] DEBUG com.github.dockerjava.zerodep.shaded.org.apache.hc.client5.http.headers - http-outgoing-1 >> Connection: keep-alive
18:30:18.836 [Test worker] DEBUG com.github.dockerjava.zerodep.shaded.org.apache.hc.client5.http.headers - http-outgoing-1 >> User-Agent: Apache-HttpClient/5.0.3 (Java/17.0.2)
18:30:18.836 [Test worker] DEBUG com.github.dockerjava.zerodep.shaded.org.apache.hc.client5.http.wire - http-outgoing-1 >> "GET /v1.32/containers/b4fc7afd97457a2a6ec84592488a57f900fa52ed03fcd2dbaf8a116bc1f50ab3/json HTTP/1.1[\r][\n]"
18:30:18.836 [Test worker] DEBUG com.github.dockerjava.zerodep.shaded.org.apache.hc.client5.http.wire - http-outgoing-1 >> "accept: application/json[\r][\n]"
18:30:18.836 [Test worker] DEBUG com.github.dockerjava.zerodep.shaded.org.apache.hc.client5.http.wire - http-outgoing-1 >> "x-tc-sid: cdd139c9-cde1-4429-bea7-edb0e651ba16[\r][\n]"
18:30:18.836 [Test worker] DEBUG com.github.dockerjava.zerodep.shaded.org.apache.hc.client5.http.wire - http-outgoing-1 >> "Accept-Encoding: gzip, x-gzip, deflate[\r][\n]"
18:30:18.836 [Test worker] DEBUG com.github.dockerjava.zerodep.shaded.org.apache.hc.client5.http.wire - http-outgoing-1 >> "Host: localhost:2375[\r][\n]"
18:30:18.836 [Test worker] DEBUG com.github.dockerjava.zerodep.shaded.org.apache.hc.client5.http.wire - http-outgoing-1 >> "Connection: keep-alive[\r][\n]"
18:30:18.836 [Test worker] DEBUG com.github.dockerjava.zerodep.shaded.org.apache.hc.client5.http.wire - http-outgoing-1 >> "User-Agent: Apache-HttpClient/5.0.3 (Java/17.0.2)[\r][\n]"
18:30:18.836 [Test worker] DEBUG com.github.dockerjava.zerodep.shaded.org.apache.hc.client5.http.wire - http-outgoing-1 >> "[\r][\n]"
18:30:18.837 [Test worker] DEBUG com.github.dockerjava.zerodep.shaded.org.apache.hc.client5.http.wire - http-outgoing-1 << "HTTP/1.1 200 OK[\r][\n]"
18:30:18.837 [Test worker] DEBUG com.github.dockerjava.zerodep.shaded.org.apache.hc.client5.http.wire - http-outgoing-1 << "Api-Version: 1.41[\r][\n]"
18:30:18.837 [Test worker] DEBUG com.github.dockerjava.zerodep.shaded.org.apache.hc.client5.http.wire - http-outgoing-1 << "Content-Type: application/json[\r][\n]"
18:30:18.837 [Test worker] DEBUG com.github.dockerjava.zerodep.shaded.org.apache.hc.client5.http.wire - http-outgoing-1 << "Docker-Experimental: false[\r][\n]"
18:30:18.837 [Test worker] DEBUG com.github.dockerjava.zerodep.shaded.org.apache.hc.client5.http.wire - http-outgoing-1 << "Ostype: linux[\r][\n]"
18:30:18.837 [Test worker] DEBUG com.github.dockerjava.zerodep.shaded.org.apache.hc.client5.http.wire - http-outgoing-1 << "Server: Docker/20.10.17 (linux)[\r][\n]"
18:30:18.837 [Test worker] DEBUG com.github.dockerjava.zerodep.shaded.org.apache.hc.client5.http.wire - http-outgoing-1 << "Date: Thu, 08 Dec 2022 21:30:18 GMT[\r][\n]"
18:30:18.837 [Test worker] DEBUG com.github.dockerjava.zerodep.shaded.org.apache.hc.client5.http.wire - http-outgoing-1 << "Transfer-Encoding: chunked[\r][\n]"
18:30:18.837 [Test worker] DEBUG com.github.dockerjava.zerodep.shaded.org.apache.hc.client5.http.wire - http-outgoing-1 << "[\r][\n]"
18:30:18.837 [Test worker] DEBUG com.github.dockerjava.zerodep.shaded.org.apache.hc.client5.http.wire - http-outgoing-1 << "18a6[\r][\n]"
18:30:18.837 [Test worker] DEBUG com.github.dockerjava.zerodep.shaded.org.apache.hc.client5.http.wire - http-outgoing-1 << "{"Id":"b4fc7afd97457a2a6ec84592488a57f900fa52ed03fcd2dbaf8a116bc1f50ab3","Created":"2022-12-08T21:30:11.801619537Z","Path":"docker-entrypoint.sh","Args":["mysqld"],"State":{"Status":"running","Running":true,"Paused":false,"Restarting":false,"OOMKilled":false,"Dead":false,"Pid":148084,"ExitCode":0,"Error":"","StartedAt":"2022-12-08T21:30:12.370762583Z","FinishedAt":"0001-01-01T00:00:00Z"},"Image":"sha256:7484689f290f1defe06b65befc54cb6ad91a667cf0af59a265ffe76c46bd0478","ResolvConfPath":"/var/lib/docker/containers/b4fc7afd97457a2a6ec84592488a57f900fa52ed03fcd2dbaf8a116bc1f50ab3/resolv.conf","HostnamePath":"/var/lib/docker/containers/b4fc7afd97457a2a6ec84592488a57f900fa52ed03fcd2dbaf8a116bc1f50ab3/hostname","HostsPath":"/var/lib/docker/containers/b4fc7afd97457a2a6ec84592488a57f900fa52ed03fcd2dbaf8a116bc1f50ab3/hosts","LogPath":"/var/lib/docker/containers/b4fc7afd97457a2a6ec84592488a57f900fa52ed03fcd2dbaf8a116bc1f50ab3/b4fc7afd97457a2a6ec84592488a57f900fa52ed03fcd2dbaf8a116bc1f50ab3-json.log","Name":"/agitated_ptolemy","RestartCount":0,"Driver":"overlay2","Platform":"linux","MountLabel":"","ProcessLabel":"","AppArmorProfile":"docker-default","ExecIDs":null,"HostConfig":{"Binds":[],"ContainerIDFile":"","LogConfig":{"Type":"json-file","Config":{}},"NetworkMode":"default","PortBindings":{"3306/tcp":[{"HostIp":"","HostPort":""}]},"RestartPolicy":{"Name":"","MaximumRetryCount":0},"AutoRemove":false,"VolumeDriver":"","VolumesFrom":[],"CapAdd":null,"CapDrop":null,"CgroupnsMode":"private","Dns":null,"DnsOptions":null,"DnsSearch":null,"ExtraHosts":[],"GroupAdd":null,"IpcMode":"shareable","Cgroup":"","Links":null,"OomScoreAdj":0,"PidMode":"","Privileged":false,"PublishAllPorts":false,"ReadonlyRootfs":false,"SecurityOpt":null,"UTSMode":"","UsernsMode":"","ShmSize":67108864,"Runtime":"runc","ConsoleSize":[0,0],"Isolation":"","CpuShares":0,"Memory":0,"NanoCpus":0,"CgroupParent":"","BlkioWeight":0,"BlkioWeightDevice":null,"BlkioDeviceReadBps":null,"BlkioDeviceWriteBps":null,"BlkioDeviceReadIOps":null,"BlkioDeviceWriteIOps":null,"CpuPeriod":0,"CpuQuota":0,"CpuRealtimePeriod":0,"CpuRealtimeRuntime":0,"CpusetCpus":"","CpusetMems":"","Devices":null,"DeviceCgroupRules":null,"DeviceRequests":null,"KernelMemory":0,"KernelMemoryTCP":0,"MemoryReservation":0,"MemorySwap":0,"MemorySwappiness":null,"OomKillDisable":null,"PidsLimit":null,"Ulimits":null,"CpuCount":0,"CpuPercent":0,"IOMaximumIOps":0,"IOMaximumBandwidth":0,"MaskedPaths":["/proc/asound","/proc/acpi","/proc/kcore","/proc/keys","/proc/latency_stats","/proc/timer_list","/proc/timer_stats","/proc/sched_debug","/proc/scsi","/sys/firmware"],"ReadonlyPaths":["/proc/bus","/proc/fs","/proc/irq","/proc/sys","/proc/sysrq-trigger"]},"GraphDriver":{"Data":{"LowerDir":"/var/lib/docker/overlay2/05794d51525f65619c615558ef5f93d7c33eef44e12313fdcb3942911d0b5f7d-init/diff:/var/lib/docker/overlay2/f079a69cfd5e80e906b12f05a0c7bfaabc56ce63e947db68b722ae30905f1239/diff:/var/lib/docker/overlay2/9dfb63d6bb556846a13012421dde7951ef83a14d8ce1882287cce66f0f9bd055/diff:/var/lib/docker/overlay2/c4f8874ae33ddd14488f5051cd953acc020fa00ea72d28bd530450c0bc8f9903/diff:/var/lib/docker/overlay2/992683766b46aa5653160e6a34283b579a75000e230890d0ec0a6204af735697/diff:/var/lib/docker/overlay2/6e3fba0e1d6501c91c9bec723bb1364f75599c6c2026a6dc71773c88a49f890a/diff:/var/lib/docker/overlay2/c6c2a366f45a69704761d45d296d71bf2bf315efb15cb06ad88925ed235fad81/diff:/var/lib/docker/overlay2/7555f9b18615244719d04b23296ba418195e5e569d47baf9f1da7c3f053fe194/diff:/var/lib/docker/overlay2/7752eb17f8f8ba44a5ed178f499901fa7eb6f2e031c29ab160ee4eff4db8edaa/diff:/var/lib/docker/overlay2/9683de8b3733106f256bd0eabc7cae13623b14493b9212e863449d42b8a87390/diff:/var/lib/docker/overlay2/f5e28e407d8811526fb7dd82e4fed08d5d3124c0f22f1a9496ed27b2b457d3dd/diff:/var/lib/docker/overlay2/e2980c91c6b3331cff3994ca6f327955bb5feaef0f96bc64edce80631fdbf829/diff","MergedDir":"/var/lib/docker/overlay2/05794d51525f65619c615558ef5f93d7c33eef44e12313fdcb3942911d0b5f7d/merged","UpperDir":"/var/lib/docker/overlay2/05794d51525f65619c615558ef5f93d7c33eef44e12313fdcb3942911d0b5f7d/diff","WorkDir":"/var/lib/docker/overlay2/05794d51525f65619c615558ef5f93d7c33eef44e12313fdcb3942911d0b5f7d/work"},"Name":"overlay2"},"Mounts":[{"Type":"volume","Name":"fe29345a30f82a1c969c40b069133e9d87168ce95967d67ac182ee42c059affb","Source":"/var/lib/docker/volumes/fe29345a30f82a1c969c40b069133e9d87168ce95967d67ac182ee42c059affb/_data","Destination":"/var/lib/mysql","Driver":"local","Mode":"","RW":true,"Propagation":""}],"Config":{"Hostname":"b4fc7afd9745","Domainname":"","User":"","AttachStdin":false,"AttachStdout":false,"AttachStderr":false,"ExposedPorts":{"3306/tcp":{},"33060/tcp":{}},"Tty":false,"OpenStdin":false,"StdinOnce":false,"Env":["MYSQL_DATABASE=adm_videos","MYSQL_PASSWORD=123456","MYSQL_ROOT_PASSWORD=123456","PATH=/usr/local/sbin:/usr/local/bin:/usr/sbin:/usr/bin:/sbin:/bin","GOSU_VERSION=1.14","MYSQL_MAJOR=8.0","MYSQL_VERSION=8.0.31-1.el8","MYSQL_SHELL_VERSION=8.0.31-1.el8"],"Cmd":["mysqld"],"Image":"mysql:latest","Volumes":{"/var/lib/mysql":{}},"WorkingDir":"","Entrypoint":["docker-entrypoint.sh"],"OnBuild":null,"Labels":{"org.testcontainers":"true","org.testcontainers.sessionId":"cdd139c9-cde1-4429-bea7-edb0e651ba16"}},"NetworkSettings":{"Bridge":"","SandboxID":"8404ec7d59006489fa5b6638879180586e9aa24c1c3ae79d40e26a8f453c93b1","HairpinMode":false,"LinkLocalIPv6Address":"","LinkLocalIPv6PrefixLen":0,"Ports":{"3306/tcp":[{"HostIp":"0.0.0.0","HostPort":"49156"},{"HostIp":"::","HostPort":"49156"}],"33060/tcp":null},"SandboxKey":"/var/run/docker/netns/8404ec7d5900","SecondaryIPAddresses":null,"SecondaryIPv6Addresses":null,"EndpointID":"28c851b70d88131a783e3d87b7c50320df5f3250ebca621b1b39353a2424212a","Gateway":"172.17.0.1","GlobalIPv6Address":"","GlobalIPv6PrefixLen":0,"IPAddress":"172.17.0.3","IPPrefixLen":16,"IPv6Gateway":"","MacAddress":"02:42:ac:11:00:03","Networks":{"bridge":{"IPAMConfig":null,"Links":null,"Aliases":null,"NetworkID":"bf06afe94eca8b5ab91eae0dbaa8561a6dd16832d429dcdbaa7ed1e003cfbe56","EndpointID":"28c851b70d88131a783e3d87b7c50320df5f3250ebca621b1b39353a2424212a","Gateway":"172.17.0.1","IPAddress":"172.17.0.3","IPPrefixLen":16,"IPv6Gateway":"","GlobalIPv6Address":"","GlobalIPv6PrefixLen":0,"MacAddress":"02:42:ac:11:00:03","DriverOpts":null}}}}[\n]"
18:30:18.837 [Test worker] DEBUG com.github.dockerjava.zerodep.shaded.org.apache.hc.client5.http.wire - http-outgoing-1 << "[\r][\n]"
18:30:18.837 [Test worker] DEBUG com.github.dockerjava.zerodep.shaded.org.apache.hc.client5.http.wire - http-outgoing-1 << "0[\r][\n]"
18:30:18.837 [Test worker] DEBUG com.github.dockerjava.zerodep.shaded.org.apache.hc.client5.http.wire - http-outgoing-1 << "[\r][\n]"
18:30:18.837 [Test worker] DEBUG com.github.dockerjava.zerodep.shaded.org.apache.hc.client5.http.headers - http-outgoing-1 << HTTP/1.1 200 OK
18:30:18.837 [Test worker] DEBUG com.github.dockerjava.zerodep.shaded.org.apache.hc.client5.http.headers - http-outgoing-1 << Api-Version: 1.41
18:30:18.837 [Test worker] DEBUG com.github.dockerjava.zerodep.shaded.org.apache.hc.client5.http.headers - http-outgoing-1 << Content-Type: application/json
18:30:18.837 [Test worker] DEBUG com.github.dockerjava.zerodep.shaded.org.apache.hc.client5.http.headers - http-outgoing-1 << Docker-Experimental: false
18:30:18.837 [Test worker] DEBUG com.github.dockerjava.zerodep.shaded.org.apache.hc.client5.http.headers - http-outgoing-1 << Ostype: linux
18:30:18.837 [Test worker] DEBUG com.github.dockerjava.zerodep.shaded.org.apache.hc.client5.http.headers - http-outgoing-1 << Server: Docker/20.10.17 (linux)
18:30:18.837 [Test worker] DEBUG com.github.dockerjava.zerodep.shaded.org.apache.hc.client5.http.headers - http-outgoing-1 << Date: Thu, 08 Dec 2022 21:30:18 GMT
18:30:18.837 [Test worker] DEBUG com.github.dockerjava.zerodep.shaded.org.apache.hc.client5.http.headers - http-outgoing-1 << Transfer-Encoding: chunked
18:30:18.837 [Test worker] DEBUG com.github.dockerjava.zerodep.shaded.org.apache.hc.client5.http.impl.classic.MainClientExec - ex-00000046: connection can be kept alive for 3 MINUTES
18:30:18.837 [Test worker] DEBUG com.github.dockerjava.zerodep.shaded.org.apache.hc.client5.http.impl.classic.InternalHttpClient - ep-00000045: releasing valid endpoint
18:30:18.837 [Test worker] DEBUG com.github.dockerjava.zerodep.shaded.org.apache.hc.client5.http.impl.io.PoolingHttpClientConnectionManager - ep-00000045: releasing endpoint
18:30:18.837 [Test worker] DEBUG com.github.dockerjava.zerodep.shaded.org.apache.hc.client5.http.impl.io.PoolingHttpClientConnectionManager - ep-00000045: connection http-outgoing-1 can be kept alive for 3 MINUTES
18:30:18.837 [Test worker] DEBUG com.github.dockerjava.zerodep.shaded.org.apache.hc.client5.http.impl.io.PoolingHttpClientConnectionManager - ep-00000045: connection released [route: {}->unix://localhost:2375][total available: 1; route allocated: 1 of 2147483647; total allocated: 1 of 2147483647]
18:30:18.837 [Test worker] DEBUG ]]>&#x1f433;<![CDATA[ [mysql:latest] - Trying to create JDBC connection using com.mysql.cj.jdbc.Driver to jdbc:mysql://localhost:49156/adm_videos?useSSL=false&allowPublicKeyRetrieval=true with properties: {password=123456, user=root}
18:30:18.939 [Test worker] DEBUG org.testcontainers.shaded.com.github.dockerjava.core.command.AbstrDockerCmd - Cmd: b4fc7afd97457a2a6ec84592488a57f900fa52ed03fcd2dbaf8a116bc1f50ab3,false
18:30:18.939 [Test worker] DEBUG org.testcontainers.shaded.com.github.dockerjava.core.exec.InspectContainerCmdExec - GET: DefaultWebTarget{path=[/containers/b4fc7afd97457a2a6ec84592488a57f900fa52ed03fcd2dbaf8a116bc1f50ab3/json], queryParams={}}
18:30:18.939 [Test worker] DEBUG com.github.dockerjava.zerodep.shaded.org.apache.hc.client5.http.impl.classic.InternalHttpClient - ex-00000047: preparing request execution
18:30:18.939 [Test worker] DEBUG com.github.dockerjava.zerodep.shaded.org.apache.hc.client5.http.protocol.RequestAddCookies - Cookie spec selected: strict
18:30:18.939 [Test worker] DEBUG com.github.dockerjava.zerodep.shaded.org.apache.hc.client5.http.protocol.RequestAuthCache - Auth cache not set in the context
18:30:18.939 [Test worker] DEBUG com.github.dockerjava.zerodep.shaded.org.apache.hc.client5.http.impl.classic.ProtocolExec - ex-00000047: target auth state: UNCHALLENGED
18:30:18.939 [Test worker] DEBUG com.github.dockerjava.zerodep.shaded.org.apache.hc.client5.http.impl.classic.ProtocolExec - ex-00000047: proxy auth state: UNCHALLENGED
18:30:18.939 [Test worker] DEBUG com.github.dockerjava.zerodep.shaded.org.apache.hc.client5.http.impl.classic.ConnectExec - ex-00000047: acquiring connection with route {}->unix://localhost:2375
18:30:18.939 [Test worker] DEBUG com.github.dockerjava.zerodep.shaded.org.apache.hc.client5.http.impl.classic.InternalHttpClient - ex-00000047: acquiring endpoint (3 MINUTES)
18:30:18.940 [Test worker] DEBUG com.github.dockerjava.zerodep.shaded.org.apache.hc.client5.http.impl.io.PoolingHttpClientConnectionManager - ex-00000047: endpoint lease request (3 MINUTES) [route: {}->unix://localhost:2375][total available: 1; route allocated: 1 of 2147483647; total allocated: 1 of 2147483647]
18:30:18.940 [Test worker] DEBUG com.github.dockerjava.zerodep.shaded.org.apache.hc.client5.http.impl.io.PoolingHttpClientConnectionManager - ex-00000047: endpoint leased [route: {}->unix://localhost:2375][total available: 0; route allocated: 1 of 2147483647; total allocated: 1 of 2147483647]
18:30:18.940 [Test worker] DEBUG com.github.dockerjava.zerodep.shaded.org.apache.hc.client5.http.impl.io.PoolingHttpClientConnectionManager - ex-00000047: acquired ep-00000046
18:30:18.940 [Test worker] DEBUG com.github.dockerjava.zerodep.shaded.org.apache.hc.client5.http.impl.classic.InternalHttpClient - ex-00000047: acquired endpoint ep-00000046
18:30:18.940 [Test worker] DEBUG com.github.dockerjava.zerodep.shaded.org.apache.hc.client5.http.impl.classic.MainClientExec - ex-00000047: executing GET /v1.32/containers/b4fc7afd97457a2a6ec84592488a57f900fa52ed03fcd2dbaf8a116bc1f50ab3/json HTTP/1.1
18:30:18.940 [Test worker] DEBUG com.github.dockerjava.zerodep.shaded.org.apache.hc.client5.http.impl.classic.InternalHttpClient - ep-00000046: start execution ex-00000047
18:30:18.940 [Test worker] DEBUG com.github.dockerjava.zerodep.shaded.org.apache.hc.client5.http.impl.io.PoolingHttpClientConnectionManager - ep-00000046: executing exchange ex-00000047 over http-outgoing-1
18:30:18.940 [Test worker] DEBUG com.github.dockerjava.zerodep.shaded.org.apache.hc.client5.http.headers - http-outgoing-1 >> GET /v1.32/containers/b4fc7afd97457a2a6ec84592488a57f900fa52ed03fcd2dbaf8a116bc1f50ab3/json HTTP/1.1
18:30:18.940 [Test worker] DEBUG com.github.dockerjava.zerodep.shaded.org.apache.hc.client5.http.headers - http-outgoing-1 >> accept: application/json
18:30:18.940 [Test worker] DEBUG com.github.dockerjava.zerodep.shaded.org.apache.hc.client5.http.headers - http-outgoing-1 >> x-tc-sid: cdd139c9-cde1-4429-bea7-edb0e651ba16
18:30:18.940 [Test worker] DEBUG com.github.dockerjava.zerodep.shaded.org.apache.hc.client5.http.headers - http-outgoing-1 >> Accept-Encoding: gzip, x-gzip, deflate
18:30:18.940 [Test worker] DEBUG com.github.dockerjava.zerodep.shaded.org.apache.hc.client5.http.headers - http-outgoing-1 >> Host: localhost:2375
18:30:18.940 [Test worker] DEBUG com.github.dockerjava.zerodep.shaded.org.apache.hc.client5.http.headers - http-outgoing-1 >> Connection: keep-alive
18:30:18.940 [Test worker] DEBUG com.github.dockerjava.zerodep.shaded.org.apache.hc.client5.http.headers - http-outgoing-1 >> User-Agent: Apache-HttpClient/5.0.3 (Java/17.0.2)
18:30:18.940 [Test worker] DEBUG com.github.dockerjava.zerodep.shaded.org.apache.hc.client5.http.wire - http-outgoing-1 >> "GET /v1.32/containers/b4fc7afd97457a2a6ec84592488a57f900fa52ed03fcd2dbaf8a116bc1f50ab3/json HTTP/1.1[\r][\n]"
18:30:18.940 [Test worker] DEBUG com.github.dockerjava.zerodep.shaded.org.apache.hc.client5.http.wire - http-outgoing-1 >> "accept: application/json[\r][\n]"
18:30:18.940 [Test worker] DEBUG com.github.dockerjava.zerodep.shaded.org.apache.hc.client5.http.wire - http-outgoing-1 >> "x-tc-sid: cdd139c9-cde1-4429-bea7-edb0e651ba16[\r][\n]"
18:30:18.940 [Test worker] DEBUG com.github.dockerjava.zerodep.shaded.org.apache.hc.client5.http.wire - http-outgoing-1 >> "Accept-Encoding: gzip, x-gzip, deflate[\r][\n]"
18:30:18.940 [Test worker] DEBUG com.github.dockerjava.zerodep.shaded.org.apache.hc.client5.http.wire - http-outgoing-1 >> "Host: localhost:2375[\r][\n]"
18:30:18.940 [Test worker] DEBUG com.github.dockerjava.zerodep.shaded.org.apache.hc.client5.http.wire - http-outgoing-1 >> "Connection: keep-alive[\r][\n]"
18:30:18.940 [Test worker] DEBUG com.github.dockerjava.zerodep.shaded.org.apache.hc.client5.http.wire - http-outgoing-1 >> "User-Agent: Apache-HttpClient/5.0.3 (Java/17.0.2)[\r][\n]"
18:30:18.940 [Test worker] DEBUG com.github.dockerjava.zerodep.shaded.org.apache.hc.client5.http.wire - http-outgoing-1 >> "[\r][\n]"
18:30:18.941 [Test worker] DEBUG com.github.dockerjava.zerodep.shaded.org.apache.hc.client5.http.wire - http-outgoing-1 << "HTTP/1.1 200 OK[\r][\n]"
18:30:18.941 [Test worker] DEBUG com.github.dockerjava.zerodep.shaded.org.apache.hc.client5.http.wire - http-outgoing-1 << "Api-Version: 1.41[\r][\n]"
18:30:18.941 [Test worker] DEBUG com.github.dockerjava.zerodep.shaded.org.apache.hc.client5.http.wire - http-outgoing-1 << "Content-Type: application/json[\r][\n]"
18:30:18.941 [Test worker] DEBUG com.github.dockerjava.zerodep.shaded.org.apache.hc.client5.http.wire - http-outgoing-1 << "Docker-Experimental: false[\r][\n]"
18:30:18.941 [Test worker] DEBUG com.github.dockerjava.zerodep.shaded.org.apache.hc.client5.http.wire - http-outgoing-1 << "Ostype: linux[\r][\n]"
18:30:18.941 [Test worker] DEBUG com.github.dockerjava.zerodep.shaded.org.apache.hc.client5.http.wire - http-outgoing-1 << "Server: Docker/20.10.17 (linux)[\r][\n]"
18:30:18.941 [Test worker] DEBUG com.github.dockerjava.zerodep.shaded.org.apache.hc.client5.http.wire - http-outgoing-1 << "Date: Thu, 08 Dec 2022 21:30:18 GMT[\r][\n]"
18:30:18.941 [Test worker] DEBUG com.github.dockerjava.zerodep.shaded.org.apache.hc.client5.http.wire - http-outgoing-1 << "Transfer-Encoding: chunked[\r][\n]"
18:30:18.941 [Test worker] DEBUG com.github.dockerjava.zerodep.shaded.org.apache.hc.client5.http.wire - http-outgoing-1 << "[\r][\n]"
18:30:18.941 [Test worker] DEBUG com.github.dockerjava.zerodep.shaded.org.apache.hc.client5.http.wire - http-outgoing-1 << "18a6[\r][\n]"
18:30:18.941 [Test worker] DEBUG com.github.dockerjava.zerodep.shaded.org.apache.hc.client5.http.wire - http-outgoing-1 << "{"Id":"b4fc7afd97457a2a6ec84592488a57f900fa52ed03fcd2dbaf8a116bc1f50ab3","Created":"2022-12-08T21:30:11.801619537Z","Path":"docker-entrypoint.sh","Args":["mysqld"],"State":{"Status":"running","Running":true,"Paused":false,"Restarting":false,"OOMKilled":false,"Dead":false,"Pid":148084,"ExitCode":0,"Error":"","StartedAt":"2022-12-08T21:30:12.370762583Z","FinishedAt":"0001-01-01T00:00:00Z"},"Image":"sha256:7484689f290f1defe06b65befc54cb6ad91a667cf0af59a265ffe76c46bd0478","ResolvConfPath":"/var/lib/docker/containers/b4fc7afd97457a2a6ec84592488a57f900fa52ed03fcd2dbaf8a116bc1f50ab3/resolv.conf","HostnamePath":"/var/lib/docker/containers/b4fc7afd97457a2a6ec84592488a57f900fa52ed03fcd2dbaf8a116bc1f50ab3/hostname","HostsPath":"/var/lib/docker/containers/b4fc7afd97457a2a6ec84592488a57f900fa52ed03fcd2dbaf8a116bc1f50ab3/hosts","LogPath":"/var/lib/docker/containers/b4fc7afd97457a2a6ec84592488a57f900fa52ed03fcd2dbaf8a116bc1f50ab3/b4fc7afd97457a2a6ec84592488a57f900fa52ed03fcd2dbaf8a116bc1f50ab3-json.log","Name":"/agitated_ptolemy","RestartCount":0,"Driver":"overlay2","Platform":"linux","MountLabel":"","ProcessLabel":"","AppArmorProfile":"docker-default","ExecIDs":null,"HostConfig":{"Binds":[],"ContainerIDFile":"","LogConfig":{"Type":"json-file","Config":{}},"NetworkMode":"default","PortBindings":{"3306/tcp":[{"HostIp":"","HostPort":""}]},"RestartPolicy":{"Name":"","MaximumRetryCount":0},"AutoRemove":false,"VolumeDriver":"","VolumesFrom":[],"CapAdd":null,"CapDrop":null,"CgroupnsMode":"private","Dns":null,"DnsOptions":null,"DnsSearch":null,"ExtraHosts":[],"GroupAdd":null,"IpcMode":"shareable","Cgroup":"","Links":null,"OomScoreAdj":0,"PidMode":"","Privileged":false,"PublishAllPorts":false,"ReadonlyRootfs":false,"SecurityOpt":null,"UTSMode":"","UsernsMode":"","ShmSize":67108864,"Runtime":"runc","ConsoleSize":[0,0],"Isolation":"","CpuShares":0,"Memory":0,"NanoCpus":0,"CgroupParent":"","BlkioWeight":0,"BlkioWeightDevice":null,"BlkioDeviceReadBps":null,"BlkioDeviceWriteBps":null,"BlkioDeviceReadIOps":null,"BlkioDeviceWriteIOps":null,"CpuPeriod":0,"CpuQuota":0,"CpuRealtimePeriod":0,"CpuRealtimeRuntime":0,"CpusetCpus":"","CpusetMems":"","Devices":null,"DeviceCgroupRules":null,"DeviceRequests":null,"KernelMemory":0,"KernelMemoryTCP":0,"MemoryReservation":0,"MemorySwap":0,"MemorySwappiness":null,"OomKillDisable":null,"PidsLimit":null,"Ulimits":null,"CpuCount":0,"CpuPercent":0,"IOMaximumIOps":0,"IOMaximumBandwidth":0,"MaskedPaths":["/proc/asound","/proc/acpi","/proc/kcore","/proc/keys","/proc/latency_stats","/proc/timer_list","/proc/timer_stats","/proc/sched_debug","/proc/scsi","/sys/firmware"],"ReadonlyPaths":["/proc/bus","/proc/fs","/proc/irq","/proc/sys","/proc/sysrq-trigger"]},"GraphDriver":{"Data":{"LowerDir":"/var/lib/docker/overlay2/05794d51525f65619c615558ef5f93d7c33eef44e12313fdcb3942911d0b5f7d-init/diff:/var/lib/docker/overlay2/f079a69cfd5e80e906b12f05a0c7bfaabc56ce63e947db68b722ae30905f1239/diff:/var/lib/docker/overlay2/9dfb63d6bb556846a13012421dde7951ef83a14d8ce1882287cce66f0f9bd055/diff:/var/lib/docker/overlay2/c4f8874ae33ddd14488f5051cd953acc020fa00ea72d28bd530450c0bc8f9903/diff:/var/lib/docker/overlay2/992683766b46aa5653160e6a34283b579a75000e230890d0ec0a6204af735697/diff:/var/lib/docker/overlay2/6e3fba0e1d6501c91c9bec723bb1364f75599c6c2026a6dc71773c88a49f890a/diff:/var/lib/docker/overlay2/c6c2a366f45a69704761d45d296d71bf2bf315efb15cb06ad88925ed235fad81/diff:/var/lib/docker/overlay2/7555f9b18615244719d04b23296ba418195e5e569d47baf9f1da7c3f053fe194/diff:/var/lib/docker/overlay2/7752eb17f8f8ba44a5ed178f499901fa7eb6f2e031c29ab160ee4eff4db8edaa/diff:/var/lib/docker/overlay2/9683de8b3733106f256bd0eabc7cae13623b14493b9212e863449d42b8a87390/diff:/var/lib/docker/overlay2/f5e28e407d8811526fb7dd82e4fed08d5d3124c0f22f1a9496ed27b2b457d3dd/diff:/var/lib/docker/overlay2/e2980c91c6b3331cff3994ca6f327955bb5feaef0f96bc64edce80631fdbf829/diff","MergedDir":"/var/lib/docker/overlay2/05794d51525f65619c615558ef5f93d7c33eef44e12313fdcb3942911d0b5f7d/merged","UpperDir":"/var/lib/docker/overlay2/05794d51525f65619c615558ef5f93d7c33eef44e12313fdcb3942911d0b5f7d/diff","WorkDir":"/var/lib/docker/overlay2/05794d51525f65619c615558ef5f93d7c33eef44e12313fdcb3942911d0b5f7d/work"},"Name":"overlay2"},"Mounts":[{"Type":"volume","Name":"fe29345a30f82a1c969c40b069133e9d87168ce95967d67ac182ee42c059affb","Source":"/var/lib/docker/volumes/fe29345a30f82a1c969c40b069133e9d87168ce95967d67ac182ee42c059affb/_data","Destination":"/var/lib/mysql","Driver":"local","Mode":"","RW":true,"Propagation":""}],"Config":{"Hostname":"b4fc7afd9745","Domainname":"","User":"","AttachStdin":false,"AttachStdout":false,"AttachStderr":false,"ExposedPorts":{"3306/tcp":{},"33060/tcp":{}},"Tty":false,"OpenStdin":false,"StdinOnce":false,"Env":["MYSQL_DATABASE=adm_videos","MYSQL_PASSWORD=123456","MYSQL_ROOT_PASSWORD=123456","PATH=/usr/local/sbin:/usr/local/bin:/usr/sbin:/usr/bin:/sbin:/bin","GOSU_VERSION=1.14","MYSQL_MAJOR=8.0","MYSQL_VERSION=8.0.31-1.el8","MYSQL_SHELL_VERSION=8.0.31-1.el8"],"Cmd":["mysqld"],"Image":"mysql:latest","Volumes":{"/var/lib/mysql":{}},"WorkingDir":"","Entrypoint":["docker-entrypoint.sh"],"OnBuild":null,"Labels":{"org.testcontainers":"true","org.testcontainers.sessionId":"cdd139c9-cde1-4429-bea7-edb0e651ba16"}},"NetworkSettings":{"Bridge":"","SandboxID":"8404ec7d59006489fa5b6638879180586e9aa24c1c3ae79d40e26a8f453c93b1","HairpinMode":false,"LinkLocalIPv6Address":"","LinkLocalIPv6PrefixLen":0,"Ports":{"3306/tcp":[{"HostIp":"0.0.0.0","HostPort":"49156"},{"HostIp":"::","HostPort":"49156"}],"33060/tcp":null},"SandboxKey":"/var/run/docker/netns/8404ec7d5900","SecondaryIPAddresses":null,"SecondaryIPv6Addresses":null,"EndpointID":"28c851b70d88131a783e3d87b7c50320df5f3250ebca621b1b39353a2424212a","Gateway":"172.17.0.1","GlobalIPv6Address":"","GlobalIPv6PrefixLen":0,"IPAddress":"172.17.0.3","IPPrefixLen":16,"IPv6Gateway":"","MacAddress":"02:42:ac:11:00:03","Networks":{"bridge":{"IPAMConfig":null,"Links":null,"Aliases":null,"NetworkID":"bf06afe94eca8b5ab91eae0dbaa8561a6dd16832d429dcdbaa7ed1e003cfbe56","EndpointID":"28c851b70d88131a783e3d87b7c50320df5f3250ebca621b1b39353a2424212a","Gateway":"172.17.0.1","IPAddress":"172.17.0.3","IPPrefixLen":16,"IPv6Gateway":"","GlobalIPv6Address":"","GlobalIPv6PrefixLen":0,"MacAddress":"02:42:ac:11:00:03","DriverOpts":null}}}}[\n]"
18:30:18.941 [Test worker] DEBUG com.github.dockerjava.zerodep.shaded.org.apache.hc.client5.http.wire - http-outgoing-1 << "[\r][\n]"
18:30:18.941 [Test worker] DEBUG com.github.dockerjava.zerodep.shaded.org.apache.hc.client5.http.wire - http-outgoing-1 << "0[\r][\n]"
18:30:18.941 [Test worker] DEBUG com.github.dockerjava.zerodep.shaded.org.apache.hc.client5.http.wire - http-outgoing-1 << "[\r][\n]"
18:30:18.941 [Test worker] DEBUG com.github.dockerjava.zerodep.shaded.org.apache.hc.client5.http.headers - http-outgoing-1 << HTTP/1.1 200 OK
18:30:18.941 [Test worker] DEBUG com.github.dockerjava.zerodep.shaded.org.apache.hc.client5.http.headers - http-outgoing-1 << Api-Version: 1.41
18:30:18.941 [Test worker] DEBUG com.github.dockerjava.zerodep.shaded.org.apache.hc.client5.http.headers - http-outgoing-1 << Content-Type: application/json
18:30:18.941 [Test worker] DEBUG com.github.dockerjava.zerodep.shaded.org.apache.hc.client5.http.headers - http-outgoing-1 << Docker-Experimental: false
18:30:18.941 [Test worker] DEBUG com.github.dockerjava.zerodep.shaded.org.apache.hc.client5.http.headers - http-outgoing-1 << Ostype: linux
18:30:18.941 [Test worker] DEBUG com.github.dockerjava.zerodep.shaded.org.apache.hc.client5.http.headers - http-outgoing-1 << Server: Docker/20.10.17 (linux)
18:30:18.941 [Test worker] DEBUG com.github.dockerjava.zerodep.shaded.org.apache.hc.client5.http.headers - http-outgoing-1 << Date: Thu, 08 Dec 2022 21:30:18 GMT
18:30:18.941 [Test worker] DEBUG com.github.dockerjava.zerodep.shaded.org.apache.hc.client5.http.headers - http-outgoing-1 << Transfer-Encoding: chunked
18:30:18.941 [Test worker] DEBUG com.github.dockerjava.zerodep.shaded.org.apache.hc.client5.http.impl.classic.MainClientExec - ex-00000047: connection can be kept alive for 3 MINUTES
18:30:18.944 [Test worker] DEBUG com.github.dockerjava.zerodep.shaded.org.apache.hc.client5.http.impl.classic.InternalHttpClient - ep-00000046: releasing valid endpoint
18:30:18.944 [Test worker] DEBUG com.github.dockerjava.zerodep.shaded.org.apache.hc.client5.http.impl.io.PoolingHttpClientConnectionManager - ep-00000046: releasing endpoint
18:30:18.944 [Test worker] DEBUG com.github.dockerjava.zerodep.shaded.org.apache.hc.client5.http.impl.io.PoolingHttpClientConnectionManager - ep-00000046: connection http-outgoing-1 can be kept alive for 3 MINUTES
18:30:18.944 [Test worker] DEBUG com.github.dockerjava.zerodep.shaded.org.apache.hc.client5.http.impl.io.PoolingHttpClientConnectionManager - ep-00000046: connection released [route: {}->unix://localhost:2375][total available: 1; route allocated: 1 of 2147483647; total allocated: 1 of 2147483647]
18:30:18.944 [Test worker] DEBUG ]]>&#x1f433;<![CDATA[ [mysql:latest] - Trying to create JDBC connection using com.mysql.cj.jdbc.Driver to jdbc:mysql://localhost:49156/adm_videos?useSSL=false&allowPublicKeyRetrieval=true with properties: {password=123456, user=root}
18:30:19.046 [Test worker] DEBUG org.testcontainers.shaded.com.github.dockerjava.core.command.AbstrDockerCmd - Cmd: b4fc7afd97457a2a6ec84592488a57f900fa52ed03fcd2dbaf8a116bc1f50ab3,false
18:30:19.046 [Test worker] DEBUG org.testcontainers.shaded.com.github.dockerjava.core.exec.InspectContainerCmdExec - GET: DefaultWebTarget{path=[/containers/b4fc7afd97457a2a6ec84592488a57f900fa52ed03fcd2dbaf8a116bc1f50ab3/json], queryParams={}}
18:30:19.047 [Test worker] DEBUG com.github.dockerjava.zerodep.shaded.org.apache.hc.client5.http.impl.classic.InternalHttpClient - ex-00000048: preparing request execution
18:30:19.047 [Test worker] DEBUG com.github.dockerjava.zerodep.shaded.org.apache.hc.client5.http.protocol.RequestAddCookies - Cookie spec selected: strict
18:30:19.047 [Test worker] DEBUG com.github.dockerjava.zerodep.shaded.org.apache.hc.client5.http.protocol.RequestAuthCache - Auth cache not set in the context
18:30:19.047 [Test worker] DEBUG com.github.dockerjava.zerodep.shaded.org.apache.hc.client5.http.impl.classic.ProtocolExec - ex-00000048: target auth state: UNCHALLENGED
18:30:19.047 [Test worker] DEBUG com.github.dockerjava.zerodep.shaded.org.apache.hc.client5.http.impl.classic.ProtocolExec - ex-00000048: proxy auth state: UNCHALLENGED
18:30:19.047 [Test worker] DEBUG com.github.dockerjava.zerodep.shaded.org.apache.hc.client5.http.impl.classic.ConnectExec - ex-00000048: acquiring connection with route {}->unix://localhost:2375
18:30:19.047 [Test worker] DEBUG com.github.dockerjava.zerodep.shaded.org.apache.hc.client5.http.impl.classic.InternalHttpClient - ex-00000048: acquiring endpoint (3 MINUTES)
18:30:19.047 [Test worker] DEBUG com.github.dockerjava.zerodep.shaded.org.apache.hc.client5.http.impl.io.PoolingHttpClientConnectionManager - ex-00000048: endpoint lease request (3 MINUTES) [route: {}->unix://localhost:2375][total available: 1; route allocated: 1 of 2147483647; total allocated: 1 of 2147483647]
18:30:19.047 [Test worker] DEBUG com.github.dockerjava.zerodep.shaded.org.apache.hc.client5.http.impl.io.PoolingHttpClientConnectionManager - ex-00000048: endpoint leased [route: {}->unix://localhost:2375][total available: 0; route allocated: 1 of 2147483647; total allocated: 1 of 2147483647]
18:30:19.047 [Test worker] DEBUG com.github.dockerjava.zerodep.shaded.org.apache.hc.client5.http.impl.io.PoolingHttpClientConnectionManager - ex-00000048: acquired ep-00000047
18:30:19.047 [Test worker] DEBUG com.github.dockerjava.zerodep.shaded.org.apache.hc.client5.http.impl.classic.InternalHttpClient - ex-00000048: acquired endpoint ep-00000047
18:30:19.047 [Test worker] DEBUG com.github.dockerjava.zerodep.shaded.org.apache.hc.client5.http.impl.classic.MainClientExec - ex-00000048: executing GET /v1.32/containers/b4fc7afd97457a2a6ec84592488a57f900fa52ed03fcd2dbaf8a116bc1f50ab3/json HTTP/1.1
18:30:19.047 [Test worker] DEBUG com.github.dockerjava.zerodep.shaded.org.apache.hc.client5.http.impl.classic.InternalHttpClient - ep-00000047: start execution ex-00000048
18:30:19.047 [Test worker] DEBUG com.github.dockerjava.zerodep.shaded.org.apache.hc.client5.http.impl.io.PoolingHttpClientConnectionManager - ep-00000047: executing exchange ex-00000048 over http-outgoing-1
18:30:19.047 [Test worker] DEBUG com.github.dockerjava.zerodep.shaded.org.apache.hc.client5.http.headers - http-outgoing-1 >> GET /v1.32/containers/b4fc7afd97457a2a6ec84592488a57f900fa52ed03fcd2dbaf8a116bc1f50ab3/json HTTP/1.1
18:30:19.047 [Test worker] DEBUG com.github.dockerjava.zerodep.shaded.org.apache.hc.client5.http.headers - http-outgoing-1 >> accept: application/json
18:30:19.047 [Test worker] DEBUG com.github.dockerjava.zerodep.shaded.org.apache.hc.client5.http.headers - http-outgoing-1 >> x-tc-sid: cdd139c9-cde1-4429-bea7-edb0e651ba16
18:30:19.047 [Test worker] DEBUG com.github.dockerjava.zerodep.shaded.org.apache.hc.client5.http.headers - http-outgoing-1 >> Accept-Encoding: gzip, x-gzip, deflate
18:30:19.047 [Test worker] DEBUG com.github.dockerjava.zerodep.shaded.org.apache.hc.client5.http.headers - http-outgoing-1 >> Host: localhost:2375
18:30:19.047 [Test worker] DEBUG com.github.dockerjava.zerodep.shaded.org.apache.hc.client5.http.headers - http-outgoing-1 >> Connection: keep-alive
18:30:19.047 [Test worker] DEBUG com.github.dockerjava.zerodep.shaded.org.apache.hc.client5.http.headers - http-outgoing-1 >> User-Agent: Apache-HttpClient/5.0.3 (Java/17.0.2)
18:30:19.047 [Test worker] DEBUG com.github.dockerjava.zerodep.shaded.org.apache.hc.client5.http.wire - http-outgoing-1 >> "GET /v1.32/containers/b4fc7afd97457a2a6ec84592488a57f900fa52ed03fcd2dbaf8a116bc1f50ab3/json HTTP/1.1[\r][\n]"
18:30:19.047 [Test worker] DEBUG com.github.dockerjava.zerodep.shaded.org.apache.hc.client5.http.wire - http-outgoing-1 >> "accept: application/json[\r][\n]"
18:30:19.047 [Test worker] DEBUG com.github.dockerjava.zerodep.shaded.org.apache.hc.client5.http.wire - http-outgoing-1 >> "x-tc-sid: cdd139c9-cde1-4429-bea7-edb0e651ba16[\r][\n]"
18:30:19.047 [Test worker] DEBUG com.github.dockerjava.zerodep.shaded.org.apache.hc.client5.http.wire - http-outgoing-1 >> "Accept-Encoding: gzip, x-gzip, deflate[\r][\n]"
18:30:19.047 [Test worker] DEBUG com.github.dockerjava.zerodep.shaded.org.apache.hc.client5.http.wire - http-outgoing-1 >> "Host: localhost:2375[\r][\n]"
18:30:19.047 [Test worker] DEBUG com.github.dockerjava.zerodep.shaded.org.apache.hc.client5.http.wire - http-outgoing-1 >> "Connection: keep-alive[\r][\n]"
18:30:19.047 [Test worker] DEBUG com.github.dockerjava.zerodep.shaded.org.apache.hc.client5.http.wire - http-outgoing-1 >> "User-Agent: Apache-HttpClient/5.0.3 (Java/17.0.2)[\r][\n]"
18:30:19.047 [Test worker] DEBUG com.github.dockerjava.zerodep.shaded.org.apache.hc.client5.http.wire - http-outgoing-1 >> "[\r][\n]"
18:30:19.048 [Test worker] DEBUG com.github.dockerjava.zerodep.shaded.org.apache.hc.client5.http.wire - http-outgoing-1 << "HTTP/1.1 200 OK[\r][\n]"
18:30:19.048 [Test worker] DEBUG com.github.dockerjava.zerodep.shaded.org.apache.hc.client5.http.wire - http-outgoing-1 << "Api-Version: 1.41[\r][\n]"
18:30:19.048 [Test worker] DEBUG com.github.dockerjava.zerodep.shaded.org.apache.hc.client5.http.wire - http-outgoing-1 << "Content-Type: application/json[\r][\n]"
18:30:19.048 [Test worker] DEBUG com.github.dockerjava.zerodep.shaded.org.apache.hc.client5.http.wire - http-outgoing-1 << "Docker-Experimental: false[\r][\n]"
18:30:19.048 [Test worker] DEBUG com.github.dockerjava.zerodep.shaded.org.apache.hc.client5.http.wire - http-outgoing-1 << "Ostype: linux[\r][\n]"
18:30:19.048 [Test worker] DEBUG com.github.dockerjava.zerodep.shaded.org.apache.hc.client5.http.wire - http-outgoing-1 << "Server: Docker/20.10.17 (linux)[\r][\n]"
18:30:19.048 [Test worker] DEBUG com.github.dockerjava.zerodep.shaded.org.apache.hc.client5.http.wire - http-outgoing-1 << "Date: Thu, 08 Dec 2022 21:30:19 GMT[\r][\n]"
18:30:19.048 [Test worker] DEBUG com.github.dockerjava.zerodep.shaded.org.apache.hc.client5.http.wire - http-outgoing-1 << "Transfer-Encoding: chunked[\r][\n]"
18:30:19.048 [Test worker] DEBUG com.github.dockerjava.zerodep.shaded.org.apache.hc.client5.http.wire - http-outgoing-1 << "[\r][\n]"
18:30:19.048 [Test worker] DEBUG com.github.dockerjava.zerodep.shaded.org.apache.hc.client5.http.wire - http-outgoing-1 << "18a6[\r][\n]"
18:30:19.048 [Test worker] DEBUG com.github.dockerjava.zerodep.shaded.org.apache.hc.client5.http.wire - http-outgoing-1 << "{"Id":"b4fc7afd97457a2a6ec84592488a57f900fa52ed03fcd2dbaf8a116bc1f50ab3","Created":"2022-12-08T21:30:11.801619537Z","Path":"docker-entrypoint.sh","Args":["mysqld"],"State":{"Status":"running","Running":true,"Paused":false,"Restarting":false,"OOMKilled":false,"Dead":false,"Pid":148084,"ExitCode":0,"Error":"","StartedAt":"2022-12-08T21:30:12.370762583Z","FinishedAt":"0001-01-01T00:00:00Z"},"Image":"sha256:7484689f290f1defe06b65befc54cb6ad91a667cf0af59a265ffe76c46bd0478","ResolvConfPath":"/var/lib/docker/containers/b4fc7afd97457a2a6ec84592488a57f900fa52ed03fcd2dbaf8a116bc1f50ab3/resolv.conf","HostnamePath":"/var/lib/docker/containers/b4fc7afd97457a2a6ec84592488a57f900fa52ed03fcd2dbaf8a116bc1f50ab3/hostname","HostsPath":"/var/lib/docker/containers/b4fc7afd97457a2a6ec84592488a57f900fa52ed03fcd2dbaf8a116bc1f50ab3/hosts","LogPath":"/var/lib/docker/containers/b4fc7afd97457a2a6ec84592488a57f900fa52ed03fcd2dbaf8a116bc1f50ab3/b4fc7afd97457a2a6ec84592488a57f900fa52ed03fcd2dbaf8a116bc1f50ab3-json.log","Name":"/agitated_ptolemy","RestartCount":0,"Driver":"overlay2","Platform":"linux","MountLabel":"","ProcessLabel":"","AppArmorProfile":"docker-default","ExecIDs":null,"HostConfig":{"Binds":[],"ContainerIDFile":"","LogConfig":{"Type":"json-file","Config":{}},"NetworkMode":"default","PortBindings":{"3306/tcp":[{"HostIp":"","HostPort":""}]},"RestartPolicy":{"Name":"","MaximumRetryCount":0},"AutoRemove":false,"VolumeDriver":"","VolumesFrom":[],"CapAdd":null,"CapDrop":null,"CgroupnsMode":"private","Dns":null,"DnsOptions":null,"DnsSearch":null,"ExtraHosts":[],"GroupAdd":null,"IpcMode":"shareable","Cgroup":"","Links":null,"OomScoreAdj":0,"PidMode":"","Privileged":false,"PublishAllPorts":false,"ReadonlyRootfs":false,"SecurityOpt":null,"UTSMode":"","UsernsMode":"","ShmSize":67108864,"Runtime":"runc","ConsoleSize":[0,0],"Isolation":"","CpuShares":0,"Memory":0,"NanoCpus":0,"CgroupParent":"","BlkioWeight":0,"BlkioWeightDevice":null,"BlkioDeviceReadBps":null,"BlkioDeviceWriteBps":null,"BlkioDeviceReadIOps":null,"BlkioDeviceWriteIOps":null,"CpuPeriod":0,"CpuQuota":0,"CpuRealtimePeriod":0,"CpuRealtimeRuntime":0,"CpusetCpus":"","CpusetMems":"","Devices":null,"DeviceCgroupRules":null,"DeviceRequests":null,"KernelMemory":0,"KernelMemoryTCP":0,"MemoryReservation":0,"MemorySwap":0,"MemorySwappiness":null,"OomKillDisable":null,"PidsLimit":null,"Ulimits":null,"CpuCount":0,"CpuPercent":0,"IOMaximumIOps":0,"IOMaximumBandwidth":0,"MaskedPaths":["/proc/asound","/proc/acpi","/proc/kcore","/proc/keys","/proc/latency_stats","/proc/timer_list","/proc/timer_stats","/proc/sched_debug","/proc/scsi","/sys/firmware"],"ReadonlyPaths":["/proc/bus","/proc/fs","/proc/irq","/proc/sys","/proc/sysrq-trigger"]},"GraphDriver":{"Data":{"LowerDir":"/var/lib/docker/overlay2/05794d51525f65619c615558ef5f93d7c33eef44e12313fdcb3942911d0b5f7d-init/diff:/var/lib/docker/overlay2/f079a69cfd5e80e906b12f05a0c7bfaabc56ce63e947db68b722ae30905f1239/diff:/var/lib/docker/overlay2/9dfb63d6bb556846a13012421dde7951ef83a14d8ce1882287cce66f0f9bd055/diff:/var/lib/docker/overlay2/c4f8874ae33ddd14488f5051cd953acc020fa00ea72d28bd530450c0bc8f9903/diff:/var/lib/docker/overlay2/992683766b46aa5653160e6a34283b579a75000e230890d0ec0a6204af735697/diff:/var/lib/docker/overlay2/6e3fba0e1d6501c91c9bec723bb1364f75599c6c2026a6dc71773c88a49f890a/diff:/var/lib/docker/overlay2/c6c2a366f45a69704761d45d296d71bf2bf315efb15cb06ad88925ed235fad81/diff:/var/lib/docker/overlay2/7555f9b18615244719d04b23296ba418195e5e569d47baf9f1da7c3f053fe194/diff:/var/lib/docker/overlay2/7752eb17f8f8ba44a5ed178f499901fa7eb6f2e031c29ab160ee4eff4db8edaa/diff:/var/lib/docker/overlay2/9683de8b3733106f256bd0eabc7cae13623b14493b9212e863449d42b8a87390/diff:/var/lib/docker/overlay2/f5e28e407d8811526fb7dd82e4fed08d5d3124c0f22f1a9496ed27b2b457d3dd/diff:/var/lib/docker/overlay2/e2980c91c6b3331cff3994ca6f327955bb5feaef0f96bc64edce80631fdbf829/diff","MergedDir":"/var/lib/docker/overlay2/05794d51525f65619c615558ef5f93d7c33eef44e12313fdcb3942911d0b5f7d/merged","UpperDir":"/var/lib/docker/overlay2/05794d51525f65619c615558ef5f93d7c33eef44e12313fdcb3942911d0b5f7d/diff","WorkDir":"/var/lib/docker/overlay2/05794d51525f65619c615558ef5f93d7c33eef44e12313fdcb3942911d0b5f7d/work"},"Name":"overlay2"},"Mounts":[{"Type":"volume","Name":"fe29345a30f82a1c969c40b069133e9d87168ce95967d67ac182ee42c059affb","Source":"/var/lib/docker/volumes/fe29345a30f82a1c969c40b069133e9d87168ce95967d67ac182ee42c059affb/_data","Destination":"/var/lib/mysql","Driver":"local","Mode":"","RW":true,"Propagation":""}],"Config":{"Hostname":"b4fc7afd9745","Domainname":"","User":"","AttachStdin":false,"AttachStdout":false,"AttachStderr":false,"ExposedPorts":{"3306/tcp":{},"33060/tcp":{}},"Tty":false,"OpenStdin":false,"StdinOnce":false,"Env":["MYSQL_DATABASE=adm_videos","MYSQL_PASSWORD=123456","MYSQL_ROOT_PASSWORD=123456","PATH=/usr/local/sbin:/usr/local/bin:/usr/sbin:/usr/bin:/sbin:/bin","GOSU_VERSION=1.14","MYSQL_MAJOR=8.0","MYSQL_VERSION=8.0.31-1.el8","MYSQL_SHELL_VERSION=8.0.31-1.el8"],"Cmd":["mysqld"],"Image":"mysql:latest","Volumes":{"/var/lib/mysql":{}},"WorkingDir":"","Entrypoint":["docker-entrypoint.sh"],"OnBuild":null,"Labels":{"org.testcontainers":"true","org.testcontainers.sessionId":"cdd139c9-cde1-4429-bea7-edb0e651ba16"}},"NetworkSettings":{"Bridge":"","SandboxID":"8404ec7d59006489fa5b6638879180586e9aa24c1c3ae79d40e26a8f453c93b1","HairpinMode":false,"LinkLocalIPv6Address":"","LinkLocalIPv6PrefixLen":0,"Ports":{"3306/tcp":[{"HostIp":"0.0.0.0","HostPort":"49156"},{"HostIp":"::","HostPort":"49156"}],"33060/tcp":null},"SandboxKey":"/var/run/docker/netns/8404ec7d5900","SecondaryIPAddresses":null,"SecondaryIPv6Addresses":null,"EndpointID":"28c851b70d88131a783e3d87b7c50320df5f3250ebca621b1b39353a2424212a","Gateway":"172.17.0.1","GlobalIPv6Address":"","GlobalIPv6PrefixLen":0,"IPAddress":"172.17.0.3","IPPrefixLen":16,"IPv6Gateway":"","MacAddress":"02:42:ac:11:00:03","Networks":{"bridge":{"IPAMConfig":null,"Links":null,"Aliases":null,"NetworkID":"bf06afe94eca8b5ab91eae0dbaa8561a6dd16832d429dcdbaa7ed1e003cfbe56","EndpointID":"28c851b70d88131a783e3d87b7c50320df5f3250ebca621b1b39353a2424212a","Gateway":"172.17.0.1","IPAddress":"172.17.0.3","IPPrefixLen":16,"IPv6Gateway":"","GlobalIPv6Address":"","GlobalIPv6PrefixLen":0,"MacAddress":"02:42:ac:11:00:03","DriverOpts":null}}}}[\n]"
18:30:19.048 [Test worker] DEBUG com.github.dockerjava.zerodep.shaded.org.apache.hc.client5.http.wire - http-outgoing-1 << "[\r][\n]"
18:30:19.048 [Test worker] DEBUG com.github.dockerjava.zerodep.shaded.org.apache.hc.client5.http.wire - http-outgoing-1 << "0[\r][\n]"
18:30:19.048 [Test worker] DEBUG com.github.dockerjava.zerodep.shaded.org.apache.hc.client5.http.wire - http-outgoing-1 << "[\r][\n]"
18:30:19.048 [Test worker] DEBUG com.github.dockerjava.zerodep.shaded.org.apache.hc.client5.http.headers - http-outgoing-1 << HTTP/1.1 200 OK
18:30:19.048 [Test worker] DEBUG com.github.dockerjava.zerodep.shaded.org.apache.hc.client5.http.headers - http-outgoing-1 << Api-Version: 1.41
18:30:19.048 [Test worker] DEBUG com.github.dockerjava.zerodep.shaded.org.apache.hc.client5.http.headers - http-outgoing-1 << Content-Type: application/json
18:30:19.048 [Test worker] DEBUG com.github.dockerjava.zerodep.shaded.org.apache.hc.client5.http.headers - http-outgoing-1 << Docker-Experimental: false
18:30:19.048 [Test worker] DEBUG com.github.dockerjava.zerodep.shaded.org.apache.hc.client5.http.headers - http-outgoing-1 << Ostype: linux
18:30:19.048 [Test worker] DEBUG com.github.dockerjava.zerodep.shaded.org.apache.hc.client5.http.headers - http-outgoing-1 << Server: Docker/20.10.17 (linux)
18:30:19.048 [Test worker] DEBUG com.github.dockerjava.zerodep.shaded.org.apache.hc.client5.http.headers - http-outgoing-1 << Date: Thu, 08 Dec 2022 21:30:19 GMT
18:30:19.048 [Test worker] DEBUG com.github.dockerjava.zerodep.shaded.org.apache.hc.client5.http.headers - http-outgoing-1 << Transfer-Encoding: chunked
18:30:19.048 [Test worker] DEBUG com.github.dockerjava.zerodep.shaded.org.apache.hc.client5.http.impl.classic.MainClientExec - ex-00000048: connection can be kept alive for 3 MINUTES
18:30:19.049 [Test worker] DEBUG com.github.dockerjava.zerodep.shaded.org.apache.hc.client5.http.impl.classic.InternalHttpClient - ep-00000047: releasing valid endpoint
18:30:19.049 [Test worker] DEBUG com.github.dockerjava.zerodep.shaded.org.apache.hc.client5.http.impl.io.PoolingHttpClientConnectionManager - ep-00000047: releasing endpoint
18:30:19.049 [Test worker] DEBUG com.github.dockerjava.zerodep.shaded.org.apache.hc.client5.http.impl.io.PoolingHttpClientConnectionManager - ep-00000047: connection http-outgoing-1 can be kept alive for 3 MINUTES
18:30:19.049 [Test worker] DEBUG com.github.dockerjava.zerodep.shaded.org.apache.hc.client5.http.impl.io.PoolingHttpClientConnectionManager - ep-00000047: connection released [route: {}->unix://localhost:2375][total available: 1; route allocated: 1 of 2147483647; total allocated: 1 of 2147483647]
18:30:19.049 [Test worker] DEBUG ]]>&#x1f433;<![CDATA[ [mysql:latest] - Trying to create JDBC connection using com.mysql.cj.jdbc.Driver to jdbc:mysql://localhost:49156/adm_videos?useSSL=false&allowPublicKeyRetrieval=true with properties: {password=123456, user=root}
18:30:19.152 [Test worker] DEBUG org.testcontainers.shaded.com.github.dockerjava.core.command.AbstrDockerCmd - Cmd: b4fc7afd97457a2a6ec84592488a57f900fa52ed03fcd2dbaf8a116bc1f50ab3,false
18:30:19.153 [Test worker] DEBUG org.testcontainers.shaded.com.github.dockerjava.core.exec.InspectContainerCmdExec - GET: DefaultWebTarget{path=[/containers/b4fc7afd97457a2a6ec84592488a57f900fa52ed03fcd2dbaf8a116bc1f50ab3/json], queryParams={}}
18:30:19.153 [Test worker] DEBUG com.github.dockerjava.zerodep.shaded.org.apache.hc.client5.http.impl.classic.InternalHttpClient - ex-00000049: preparing request execution
18:30:19.153 [Test worker] DEBUG com.github.dockerjava.zerodep.shaded.org.apache.hc.client5.http.protocol.RequestAddCookies - Cookie spec selected: strict
18:30:19.153 [Test worker] DEBUG com.github.dockerjava.zerodep.shaded.org.apache.hc.client5.http.protocol.RequestAuthCache - Auth cache not set in the context
18:30:19.153 [Test worker] DEBUG com.github.dockerjava.zerodep.shaded.org.apache.hc.client5.http.impl.classic.ProtocolExec - ex-00000049: target auth state: UNCHALLENGED
18:30:19.153 [Test worker] DEBUG com.github.dockerjava.zerodep.shaded.org.apache.hc.client5.http.impl.classic.ProtocolExec - ex-00000049: proxy auth state: UNCHALLENGED
18:30:19.153 [Test worker] DEBUG com.github.dockerjava.zerodep.shaded.org.apache.hc.client5.http.impl.classic.ConnectExec - ex-00000049: acquiring connection with route {}->unix://localhost:2375
18:30:19.153 [Test worker] DEBUG com.github.dockerjava.zerodep.shaded.org.apache.hc.client5.http.impl.classic.InternalHttpClient - ex-00000049: acquiring endpoint (3 MINUTES)
18:30:19.153 [Test worker] DEBUG com.github.dockerjava.zerodep.shaded.org.apache.hc.client5.http.impl.io.PoolingHttpClientConnectionManager - ex-00000049: endpoint lease request (3 MINUTES) [route: {}->unix://localhost:2375][total available: 1; route allocated: 1 of 2147483647; total allocated: 1 of 2147483647]
18:30:19.154 [Test worker] DEBUG com.github.dockerjava.zerodep.shaded.org.apache.hc.client5.http.impl.io.PoolingHttpClientConnectionManager - ex-00000049: endpoint leased [route: {}->unix://localhost:2375][total available: 0; route allocated: 1 of 2147483647; total allocated: 1 of 2147483647]
18:30:19.154 [Test worker] DEBUG com.github.dockerjava.zerodep.shaded.org.apache.hc.client5.http.impl.io.PoolingHttpClientConnectionManager - ex-00000049: acquired ep-00000048
18:30:19.154 [Test worker] DEBUG com.github.dockerjava.zerodep.shaded.org.apache.hc.client5.http.impl.classic.InternalHttpClient - ex-00000049: acquired endpoint ep-00000048
18:30:19.154 [Test worker] DEBUG com.github.dockerjava.zerodep.shaded.org.apache.hc.client5.http.impl.classic.MainClientExec - ex-00000049: executing GET /v1.32/containers/b4fc7afd97457a2a6ec84592488a57f900fa52ed03fcd2dbaf8a116bc1f50ab3/json HTTP/1.1
18:30:19.154 [Test worker] DEBUG com.github.dockerjava.zerodep.shaded.org.apache.hc.client5.http.impl.classic.InternalHttpClient - ep-00000048: start execution ex-00000049
18:30:19.154 [Test worker] DEBUG com.github.dockerjava.zerodep.shaded.org.apache.hc.client5.http.impl.io.PoolingHttpClientConnectionManager - ep-00000048: executing exchange ex-00000049 over http-outgoing-1
18:30:19.154 [Test worker] DEBUG com.github.dockerjava.zerodep.shaded.org.apache.hc.client5.http.headers - http-outgoing-1 >> GET /v1.32/containers/b4fc7afd97457a2a6ec84592488a57f900fa52ed03fcd2dbaf8a116bc1f50ab3/json HTTP/1.1
18:30:19.154 [Test worker] DEBUG com.github.dockerjava.zerodep.shaded.org.apache.hc.client5.http.headers - http-outgoing-1 >> accept: application/json
18:30:19.154 [Test worker] DEBUG com.github.dockerjava.zerodep.shaded.org.apache.hc.client5.http.headers - http-outgoing-1 >> x-tc-sid: cdd139c9-cde1-4429-bea7-edb0e651ba16
18:30:19.154 [Test worker] DEBUG com.github.dockerjava.zerodep.shaded.org.apache.hc.client5.http.headers - http-outgoing-1 >> Accept-Encoding: gzip, x-gzip, deflate
18:30:19.154 [Test worker] DEBUG com.github.dockerjava.zerodep.shaded.org.apache.hc.client5.http.headers - http-outgoing-1 >> Host: localhost:2375
18:30:19.154 [Test worker] DEBUG com.github.dockerjava.zerodep.shaded.org.apache.hc.client5.http.headers - http-outgoing-1 >> Connection: keep-alive
18:30:19.154 [Test worker] DEBUG com.github.dockerjava.zerodep.shaded.org.apache.hc.client5.http.headers - http-outgoing-1 >> User-Agent: Apache-HttpClient/5.0.3 (Java/17.0.2)
18:30:19.154 [Test worker] DEBUG com.github.dockerjava.zerodep.shaded.org.apache.hc.client5.http.wire - http-outgoing-1 >> "GET /v1.32/containers/b4fc7afd97457a2a6ec84592488a57f900fa52ed03fcd2dbaf8a116bc1f50ab3/json HTTP/1.1[\r][\n]"
18:30:19.154 [Test worker] DEBUG com.github.dockerjava.zerodep.shaded.org.apache.hc.client5.http.wire - http-outgoing-1 >> "accept: application/json[\r][\n]"
18:30:19.154 [Test worker] DEBUG com.github.dockerjava.zerodep.shaded.org.apache.hc.client5.http.wire - http-outgoing-1 >> "x-tc-sid: cdd139c9-cde1-4429-bea7-edb0e651ba16[\r][\n]"
18:30:19.154 [Test worker] DEBUG com.github.dockerjava.zerodep.shaded.org.apache.hc.client5.http.wire - http-outgoing-1 >> "Accept-Encoding: gzip, x-gzip, deflate[\r][\n]"
18:30:19.154 [Test worker] DEBUG com.github.dockerjava.zerodep.shaded.org.apache.hc.client5.http.wire - http-outgoing-1 >> "Host: localhost:2375[\r][\n]"
18:30:19.154 [Test worker] DEBUG com.github.dockerjava.zerodep.shaded.org.apache.hc.client5.http.wire - http-outgoing-1 >> "Connection: keep-alive[\r][\n]"
18:30:19.154 [Test worker] DEBUG com.github.dockerjava.zerodep.shaded.org.apache.hc.client5.http.wire - http-outgoing-1 >> "User-Agent: Apache-HttpClient/5.0.3 (Java/17.0.2)[\r][\n]"
18:30:19.154 [Test worker] DEBUG com.github.dockerjava.zerodep.shaded.org.apache.hc.client5.http.wire - http-outgoing-1 >> "[\r][\n]"
18:30:19.155 [Test worker] DEBUG com.github.dockerjava.zerodep.shaded.org.apache.hc.client5.http.wire - http-outgoing-1 << "HTTP/1.1 200 OK[\r][\n]"
18:30:19.155 [Test worker] DEBUG com.github.dockerjava.zerodep.shaded.org.apache.hc.client5.http.wire - http-outgoing-1 << "Api-Version: 1.41[\r][\n]"
18:30:19.155 [Test worker] DEBUG com.github.dockerjava.zerodep.shaded.org.apache.hc.client5.http.wire - http-outgoing-1 << "Content-Type: application/json[\r][\n]"
18:30:19.155 [Test worker] DEBUG com.github.dockerjava.zerodep.shaded.org.apache.hc.client5.http.wire - http-outgoing-1 << "Docker-Experimental: false[\r][\n]"
18:30:19.155 [Test worker] DEBUG com.github.dockerjava.zerodep.shaded.org.apache.hc.client5.http.wire - http-outgoing-1 << "Ostype: linux[\r][\n]"
18:30:19.155 [Test worker] DEBUG com.github.dockerjava.zerodep.shaded.org.apache.hc.client5.http.wire - http-outgoing-1 << "Server: Docker/20.10.17 (linux)[\r][\n]"
18:30:19.155 [Test worker] DEBUG com.github.dockerjava.zerodep.shaded.org.apache.hc.client5.http.wire - http-outgoing-1 << "Date: Thu, 08 Dec 2022 21:30:19 GMT[\r][\n]"
18:30:19.155 [Test worker] DEBUG com.github.dockerjava.zerodep.shaded.org.apache.hc.client5.http.wire - http-outgoing-1 << "Transfer-Encoding: chunked[\r][\n]"
18:30:19.155 [Test worker] DEBUG com.github.dockerjava.zerodep.shaded.org.apache.hc.client5.http.wire - http-outgoing-1 << "[\r][\n]"
18:30:19.155 [Test worker] DEBUG com.github.dockerjava.zerodep.shaded.org.apache.hc.client5.http.wire - http-outgoing-1 << "18a6[\r][\n]"
18:30:19.155 [Test worker] DEBUG com.github.dockerjava.zerodep.shaded.org.apache.hc.client5.http.wire - http-outgoing-1 << "{"Id":"b4fc7afd97457a2a6ec84592488a57f900fa52ed03fcd2dbaf8a116bc1f50ab3","Created":"2022-12-08T21:30:11.801619537Z","Path":"docker-entrypoint.sh","Args":["mysqld"],"State":{"Status":"running","Running":true,"Paused":false,"Restarting":false,"OOMKilled":false,"Dead":false,"Pid":148084,"ExitCode":0,"Error":"","StartedAt":"2022-12-08T21:30:12.370762583Z","FinishedAt":"0001-01-01T00:00:00Z"},"Image":"sha256:7484689f290f1defe06b65befc54cb6ad91a667cf0af59a265ffe76c46bd0478","ResolvConfPath":"/var/lib/docker/containers/b4fc7afd97457a2a6ec84592488a57f900fa52ed03fcd2dbaf8a116bc1f50ab3/resolv.conf","HostnamePath":"/var/lib/docker/containers/b4fc7afd97457a2a6ec84592488a57f900fa52ed03fcd2dbaf8a116bc1f50ab3/hostname","HostsPath":"/var/lib/docker/containers/b4fc7afd97457a2a6ec84592488a57f900fa52ed03fcd2dbaf8a116bc1f50ab3/hosts","LogPath":"/var/lib/docker/containers/b4fc7afd97457a2a6ec84592488a57f900fa52ed03fcd2dbaf8a116bc1f50ab3/b4fc7afd97457a2a6ec84592488a57f900fa52ed03fcd2dbaf8a116bc1f50ab3-json.log","Name":"/agitated_ptolemy","RestartCount":0,"Driver":"overlay2","Platform":"linux","MountLabel":"","ProcessLabel":"","AppArmorProfile":"docker-default","ExecIDs":null,"HostConfig":{"Binds":[],"ContainerIDFile":"","LogConfig":{"Type":"json-file","Config":{}},"NetworkMode":"default","PortBindings":{"3306/tcp":[{"HostIp":"","HostPort":""}]},"RestartPolicy":{"Name":"","MaximumRetryCount":0},"AutoRemove":false,"VolumeDriver":"","VolumesFrom":[],"CapAdd":null,"CapDrop":null,"CgroupnsMode":"private","Dns":null,"DnsOptions":null,"DnsSearch":null,"ExtraHosts":[],"GroupAdd":null,"IpcMode":"shareable","Cgroup":"","Links":null,"OomScoreAdj":0,"PidMode":"","Privileged":false,"PublishAllPorts":false,"ReadonlyRootfs":false,"SecurityOpt":null,"UTSMode":"","UsernsMode":"","ShmSize":67108864,"Runtime":"runc","ConsoleSize":[0,0],"Isolation":"","CpuShares":0,"Memory":0,"NanoCpus":0,"CgroupParent":"","BlkioWeight":0,"BlkioWeightDevice":null,"BlkioDeviceReadBps":null,"BlkioDeviceWriteBps":null,"BlkioDeviceReadIOps":null,"BlkioDeviceWriteIOps":null,"CpuPeriod":0,"CpuQuota":0,"CpuRealtimePeriod":0,"CpuRealtimeRuntime":0,"CpusetCpus":"","CpusetMems":"","Devices":null,"DeviceCgroupRules":null,"DeviceRequests":null,"KernelMemory":0,"KernelMemoryTCP":0,"MemoryReservation":0,"MemorySwap":0,"MemorySwappiness":null,"OomKillDisable":null,"PidsLimit":null,"Ulimits":null,"CpuCount":0,"CpuPercent":0,"IOMaximumIOps":0,"IOMaximumBandwidth":0,"MaskedPaths":["/proc/asound","/proc/acpi","/proc/kcore","/proc/keys","/proc/latency_stats","/proc/timer_list","/proc/timer_stats","/proc/sched_debug","/proc/scsi","/sys/firmware"],"ReadonlyPaths":["/proc/bus","/proc/fs","/proc/irq","/proc/sys","/proc/sysrq-trigger"]},"GraphDriver":{"Data":{"LowerDir":"/var/lib/docker/overlay2/05794d51525f65619c615558ef5f93d7c33eef44e12313fdcb3942911d0b5f7d-init/diff:/var/lib/docker/overlay2/f079a69cfd5e80e906b12f05a0c7bfaabc56ce63e947db68b722ae30905f1239/diff:/var/lib/docker/overlay2/9dfb63d6bb556846a13012421dde7951ef83a14d8ce1882287cce66f0f9bd055/diff:/var/lib/docker/overlay2/c4f8874ae33ddd14488f5051cd953acc020fa00ea72d28bd530450c0bc8f9903/diff:/var/lib/docker/overlay2/992683766b46aa5653160e6a34283b579a75000e230890d0ec0a6204af735697/diff:/var/lib/docker/overlay2/6e3fba0e1d6501c91c9bec723bb1364f75599c6c2026a6dc71773c88a49f890a/diff:/var/lib/docker/overlay2/c6c2a366f45a69704761d45d296d71bf2bf315efb15cb06ad88925ed235fad81/diff:/var/lib/docker/overlay2/7555f9b18615244719d04b23296ba418195e5e569d47baf9f1da7c3f053fe194/diff:/var/lib/docker/overlay2/7752eb17f8f8ba44a5ed178f499901fa7eb6f2e031c29ab160ee4eff4db8edaa/diff:/var/lib/docker/overlay2/9683de8b3733106f256bd0eabc7cae13623b14493b9212e863449d42b8a87390/diff:/var/lib/docker/overlay2/f5e28e407d8811526fb7dd82e4fed08d5d3124c0f22f1a9496ed27b2b457d3dd/diff:/var/lib/docker/overlay2/e2980c91c6b3331cff3994ca6f327955bb5feaef0f96bc64edce80631fdbf829/diff","MergedDir":"/var/lib/docker/overlay2/05794d51525f65619c615558ef5f93d7c33eef44e12313fdcb3942911d0b5f7d/merged","UpperDir":"/var/lib/docker/overlay2/05794d51525f65619c615558ef5f93d7c33eef44e12313fdcb3942911d0b5f7d/diff","WorkDir":"/var/lib/docker/overlay2/05794d51525f65619c615558ef5f93d7c33eef44e12313fdcb3942911d0b5f7d/work"},"Name":"overlay2"},"Mounts":[{"Type":"volume","Name":"fe29345a30f82a1c969c40b069133e9d87168ce95967d67ac182ee42c059affb","Source":"/var/lib/docker/volumes/fe29345a30f82a1c969c40b069133e9d87168ce95967d67ac182ee42c059affb/_data","Destination":"/var/lib/mysql","Driver":"local","Mode":"","RW":true,"Propagation":""}],"Config":{"Hostname":"b4fc7afd9745","Domainname":"","User":"","AttachStdin":false,"AttachStdout":false,"AttachStderr":false,"ExposedPorts":{"3306/tcp":{},"33060/tcp":{}},"Tty":false,"OpenStdin":false,"StdinOnce":false,"Env":["MYSQL_DATABASE=adm_videos","MYSQL_PASSWORD=123456","MYSQL_ROOT_PASSWORD=123456","PATH=/usr/local/sbin:/usr/local/bin:/usr/sbin:/usr/bin:/sbin:/bin","GOSU_VERSION=1.14","MYSQL_MAJOR=8.0","MYSQL_VERSION=8.0.31-1.el8","MYSQL_SHELL_VERSION=8.0.31-1.el8"],"Cmd":["mysqld"],"Image":"mysql:latest","Volumes":{"/var/lib/mysql":{}},"WorkingDir":"","Entrypoint":["docker-entrypoint.sh"],"OnBuild":null,"Labels":{"org.testcontainers":"true","org.testcontainers.sessionId":"cdd139c9-cde1-4429-bea7-edb0e651ba16"}},"NetworkSettings":{"Bridge":"","SandboxID":"8404ec7d59006489fa5b6638879180586e9aa24c1c3ae79d40e26a8f453c93b1","HairpinMode":false,"LinkLocalIPv6Address":"","LinkLocalIPv6PrefixLen":0,"Ports":{"3306/tcp":[{"HostIp":"0.0.0.0","HostPort":"49156"},{"HostIp":"::","HostPort":"49156"}],"33060/tcp":null},"SandboxKey":"/var/run/docker/netns/8404ec7d5900","SecondaryIPAddresses":null,"SecondaryIPv6Addresses":null,"EndpointID":"28c851b70d88131a783e3d87b7c50320df5f3250ebca621b1b39353a2424212a","Gateway":"172.17.0.1","GlobalIPv6Address":"","GlobalIPv6PrefixLen":0,"IPAddress":"172.17.0.3","IPPrefixLen":16,"IPv6Gateway":"","MacAddress":"02:42:ac:11:00:03","Networks":{"bridge":{"IPAMConfig":null,"Links":null,"Aliases":null,"NetworkID":"bf06afe94eca8b5ab91eae0dbaa8561a6dd16832d429dcdbaa7ed1e003cfbe56","EndpointID":"28c851b70d88131a783e3d87b7c50320df5f3250ebca621b1b39353a2424212a","Gateway":"172.17.0.1","IPAddress":"172.17.0.3","IPPrefixLen":16,"IPv6Gateway":"","GlobalIPv6Address":"","GlobalIPv6PrefixLen":0,"MacAddress":"02:42:ac:11:00:03","DriverOpts":null}}}}[\n]"
18:30:19.155 [Test worker] DEBUG com.github.dockerjava.zerodep.shaded.org.apache.hc.client5.http.wire - http-outgoing-1 << "[\r][\n]"
18:30:19.155 [Test worker] DEBUG com.github.dockerjava.zerodep.shaded.org.apache.hc.client5.http.wire - http-outgoing-1 << "0[\r][\n]"
18:30:19.155 [Test worker] DEBUG com.github.dockerjava.zerodep.shaded.org.apache.hc.client5.http.wire - http-outgoing-1 << "[\r][\n]"
18:30:19.155 [Test worker] DEBUG com.github.dockerjava.zerodep.shaded.org.apache.hc.client5.http.headers - http-outgoing-1 << HTTP/1.1 200 OK
18:30:19.155 [Test worker] DEBUG com.github.dockerjava.zerodep.shaded.org.apache.hc.client5.http.headers - http-outgoing-1 << Api-Version: 1.41
18:30:19.155 [Test worker] DEBUG com.github.dockerjava.zerodep.shaded.org.apache.hc.client5.http.headers - http-outgoing-1 << Content-Type: application/json
18:30:19.155 [Test worker] DEBUG com.github.dockerjava.zerodep.shaded.org.apache.hc.client5.http.headers - http-outgoing-1 << Docker-Experimental: false
18:30:19.155 [Test worker] DEBUG com.github.dockerjava.zerodep.shaded.org.apache.hc.client5.http.headers - http-outgoing-1 << Ostype: linux
18:30:19.155 [Test worker] DEBUG com.github.dockerjava.zerodep.shaded.org.apache.hc.client5.http.headers - http-outgoing-1 << Server: Docker/20.10.17 (linux)
18:30:19.155 [Test worker] DEBUG com.github.dockerjava.zerodep.shaded.org.apache.hc.client5.http.headers - http-outgoing-1 << Date: Thu, 08 Dec 2022 21:30:19 GMT
18:30:19.155 [Test worker] DEBUG com.github.dockerjava.zerodep.shaded.org.apache.hc.client5.http.headers - http-outgoing-1 << Transfer-Encoding: chunked
18:30:19.155 [Test worker] DEBUG com.github.dockerjava.zerodep.shaded.org.apache.hc.client5.http.impl.classic.MainClientExec - ex-00000049: connection can be kept alive for 3 MINUTES
18:30:19.156 [Test worker] DEBUG com.github.dockerjava.zerodep.shaded.org.apache.hc.client5.http.impl.classic.InternalHttpClient - ep-00000048: releasing valid endpoint
18:30:19.156 [Test worker] DEBUG com.github.dockerjava.zerodep.shaded.org.apache.hc.client5.http.impl.io.PoolingHttpClientConnectionManager - ep-00000048: releasing endpoint
18:30:19.156 [Test worker] DEBUG com.github.dockerjava.zerodep.shaded.org.apache.hc.client5.http.impl.io.PoolingHttpClientConnectionManager - ep-00000048: connection http-outgoing-1 can be kept alive for 3 MINUTES
18:30:19.157 [Test worker] DEBUG com.github.dockerjava.zerodep.shaded.org.apache.hc.client5.http.impl.io.PoolingHttpClientConnectionManager - ep-00000048: connection released [route: {}->unix://localhost:2375][total available: 1; route allocated: 1 of 2147483647; total allocated: 1 of 2147483647]
18:30:19.157 [Test worker] DEBUG ]]>&#x1f433;<![CDATA[ [mysql:latest] - Trying to create JDBC connection using com.mysql.cj.jdbc.Driver to jdbc:mysql://localhost:49156/adm_videos?useSSL=false&allowPublicKeyRetrieval=true with properties: {password=123456, user=root}
18:30:19.261 [Test worker] DEBUG org.testcontainers.shaded.com.github.dockerjava.core.command.AbstrDockerCmd - Cmd: b4fc7afd97457a2a6ec84592488a57f900fa52ed03fcd2dbaf8a116bc1f50ab3,false
18:30:19.262 [Test worker] DEBUG org.testcontainers.shaded.com.github.dockerjava.core.exec.InspectContainerCmdExec - GET: DefaultWebTarget{path=[/containers/b4fc7afd97457a2a6ec84592488a57f900fa52ed03fcd2dbaf8a116bc1f50ab3/json], queryParams={}}
18:30:19.262 [Test worker] DEBUG com.github.dockerjava.zerodep.shaded.org.apache.hc.client5.http.impl.classic.InternalHttpClient - ex-0000004A: preparing request execution
18:30:19.262 [Test worker] DEBUG com.github.dockerjava.zerodep.shaded.org.apache.hc.client5.http.protocol.RequestAddCookies - Cookie spec selected: strict
18:30:19.262 [Test worker] DEBUG com.github.dockerjava.zerodep.shaded.org.apache.hc.client5.http.protocol.RequestAuthCache - Auth cache not set in the context
18:30:19.262 [Test worker] DEBUG com.github.dockerjava.zerodep.shaded.org.apache.hc.client5.http.impl.classic.ProtocolExec - ex-0000004A: target auth state: UNCHALLENGED
18:30:19.262 [Test worker] DEBUG com.github.dockerjava.zerodep.shaded.org.apache.hc.client5.http.impl.classic.ProtocolExec - ex-0000004A: proxy auth state: UNCHALLENGED
18:30:19.262 [Test worker] DEBUG com.github.dockerjava.zerodep.shaded.org.apache.hc.client5.http.impl.classic.ConnectExec - ex-0000004A: acquiring connection with route {}->unix://localhost:2375
18:30:19.262 [Test worker] DEBUG com.github.dockerjava.zerodep.shaded.org.apache.hc.client5.http.impl.classic.InternalHttpClient - ex-0000004A: acquiring endpoint (3 MINUTES)
18:30:19.262 [Test worker] DEBUG com.github.dockerjava.zerodep.shaded.org.apache.hc.client5.http.impl.io.PoolingHttpClientConnectionManager - ex-0000004A: endpoint lease request (3 MINUTES) [route: {}->unix://localhost:2375][total available: 1; route allocated: 1 of 2147483647; total allocated: 1 of 2147483647]
18:30:19.262 [Test worker] DEBUG com.github.dockerjava.zerodep.shaded.org.apache.hc.client5.http.impl.io.PoolingHttpClientConnectionManager - ex-0000004A: endpoint leased [route: {}->unix://localhost:2375][total available: 0; route allocated: 1 of 2147483647; total allocated: 1 of 2147483647]
18:30:19.262 [Test worker] DEBUG com.github.dockerjava.zerodep.shaded.org.apache.hc.client5.http.impl.io.PoolingHttpClientConnectionManager - ex-0000004A: acquired ep-00000049
18:30:19.262 [Test worker] DEBUG com.github.dockerjava.zerodep.shaded.org.apache.hc.client5.http.impl.classic.InternalHttpClient - ex-0000004A: acquired endpoint ep-00000049
18:30:19.262 [Test worker] DEBUG com.github.dockerjava.zerodep.shaded.org.apache.hc.client5.http.impl.classic.MainClientExec - ex-0000004A: executing GET /v1.32/containers/b4fc7afd97457a2a6ec84592488a57f900fa52ed03fcd2dbaf8a116bc1f50ab3/json HTTP/1.1
18:30:19.262 [Test worker] DEBUG com.github.dockerjava.zerodep.shaded.org.apache.hc.client5.http.impl.classic.InternalHttpClient - ep-00000049: start execution ex-0000004A
18:30:19.262 [Test worker] DEBUG com.github.dockerjava.zerodep.shaded.org.apache.hc.client5.http.impl.io.PoolingHttpClientConnectionManager - ep-00000049: executing exchange ex-0000004A over http-outgoing-1
18:30:19.262 [Test worker] DEBUG com.github.dockerjava.zerodep.shaded.org.apache.hc.client5.http.headers - http-outgoing-1 >> GET /v1.32/containers/b4fc7afd97457a2a6ec84592488a57f900fa52ed03fcd2dbaf8a116bc1f50ab3/json HTTP/1.1
18:30:19.262 [Test worker] DEBUG com.github.dockerjava.zerodep.shaded.org.apache.hc.client5.http.headers - http-outgoing-1 >> accept: application/json
18:30:19.265 [Test worker] DEBUG com.github.dockerjava.zerodep.shaded.org.apache.hc.client5.http.headers - http-outgoing-1 >> x-tc-sid: cdd139c9-cde1-4429-bea7-edb0e651ba16
18:30:19.265 [Test worker] DEBUG com.github.dockerjava.zerodep.shaded.org.apache.hc.client5.http.headers - http-outgoing-1 >> Accept-Encoding: gzip, x-gzip, deflate
18:30:19.265 [Test worker] DEBUG com.github.dockerjava.zerodep.shaded.org.apache.hc.client5.http.headers - http-outgoing-1 >> Host: localhost:2375
18:30:19.265 [Test worker] DEBUG com.github.dockerjava.zerodep.shaded.org.apache.hc.client5.http.headers - http-outgoing-1 >> Connection: keep-alive
18:30:19.265 [Test worker] DEBUG com.github.dockerjava.zerodep.shaded.org.apache.hc.client5.http.headers - http-outgoing-1 >> User-Agent: Apache-HttpClient/5.0.3 (Java/17.0.2)
18:30:19.265 [Test worker] DEBUG com.github.dockerjava.zerodep.shaded.org.apache.hc.client5.http.wire - http-outgoing-1 >> "GET /v1.32/containers/b4fc7afd97457a2a6ec84592488a57f900fa52ed03fcd2dbaf8a116bc1f50ab3/json HTTP/1.1[\r][\n]"
18:30:19.265 [Test worker] DEBUG com.github.dockerjava.zerodep.shaded.org.apache.hc.client5.http.wire - http-outgoing-1 >> "accept: application/json[\r][\n]"
18:30:19.265 [Test worker] DEBUG com.github.dockerjava.zerodep.shaded.org.apache.hc.client5.http.wire - http-outgoing-1 >> "x-tc-sid: cdd139c9-cde1-4429-bea7-edb0e651ba16[\r][\n]"
18:30:19.265 [Test worker] DEBUG com.github.dockerjava.zerodep.shaded.org.apache.hc.client5.http.wire - http-outgoing-1 >> "Accept-Encoding: gzip, x-gzip, deflate[\r][\n]"
18:30:19.266 [Test worker] DEBUG com.github.dockerjava.zerodep.shaded.org.apache.hc.client5.http.wire - http-outgoing-1 >> "Host: localhost:2375[\r][\n]"
18:30:19.266 [Test worker] DEBUG com.github.dockerjava.zerodep.shaded.org.apache.hc.client5.http.wire - http-outgoing-1 >> "Connection: keep-alive[\r][\n]"
18:30:19.266 [Test worker] DEBUG com.github.dockerjava.zerodep.shaded.org.apache.hc.client5.http.wire - http-outgoing-1 >> "User-Agent: Apache-HttpClient/5.0.3 (Java/17.0.2)[\r][\n]"
18:30:19.266 [Test worker] DEBUG com.github.dockerjava.zerodep.shaded.org.apache.hc.client5.http.wire - http-outgoing-1 >> "[\r][\n]"
18:30:19.268 [Test worker] DEBUG com.github.dockerjava.zerodep.shaded.org.apache.hc.client5.http.wire - http-outgoing-1 << "HTTP/1.1 200 OK[\r][\n]"
18:30:19.268 [Test worker] DEBUG com.github.dockerjava.zerodep.shaded.org.apache.hc.client5.http.wire - http-outgoing-1 << "Api-Version: 1.41[\r][\n]"
18:30:19.268 [Test worker] DEBUG com.github.dockerjava.zerodep.shaded.org.apache.hc.client5.http.wire - http-outgoing-1 << "Content-Type: application/json[\r][\n]"
18:30:19.268 [Test worker] DEBUG com.github.dockerjava.zerodep.shaded.org.apache.hc.client5.http.wire - http-outgoing-1 << "Docker-Experimental: false[\r][\n]"
18:30:19.268 [Test worker] DEBUG com.github.dockerjava.zerodep.shaded.org.apache.hc.client5.http.wire - http-outgoing-1 << "Ostype: linux[\r][\n]"
18:30:19.268 [Test worker] DEBUG com.github.dockerjava.zerodep.shaded.org.apache.hc.client5.http.wire - http-outgoing-1 << "Server: Docker/20.10.17 (linux)[\r][\n]"
18:30:19.268 [Test worker] DEBUG com.github.dockerjava.zerodep.shaded.org.apache.hc.client5.http.wire - http-outgoing-1 << "Date: Thu, 08 Dec 2022 21:30:19 GMT[\r][\n]"
18:30:19.268 [Test worker] DEBUG com.github.dockerjava.zerodep.shaded.org.apache.hc.client5.http.wire - http-outgoing-1 << "Transfer-Encoding: chunked[\r][\n]"
18:30:19.268 [Test worker] DEBUG com.github.dockerjava.zerodep.shaded.org.apache.hc.client5.http.wire - http-outgoing-1 << "[\r][\n]"
18:30:19.268 [Test worker] DEBUG com.github.dockerjava.zerodep.shaded.org.apache.hc.client5.http.wire - http-outgoing-1 << "18a6[\r][\n]"
18:30:19.268 [Test worker] DEBUG com.github.dockerjava.zerodep.shaded.org.apache.hc.client5.http.wire - http-outgoing-1 << "{"Id":"b4fc7afd97457a2a6ec84592488a57f900fa52ed03fcd2dbaf8a116bc1f50ab3","Created":"2022-12-08T21:30:11.801619537Z","Path":"docker-entrypoint.sh","Args":["mysqld"],"State":{"Status":"running","Running":true,"Paused":false,"Restarting":false,"OOMKilled":false,"Dead":false,"Pid":148084,"ExitCode":0,"Error":"","StartedAt":"2022-12-08T21:30:12.370762583Z","FinishedAt":"0001-01-01T00:00:00Z"},"Image":"sha256:7484689f290f1defe06b65befc54cb6ad91a667cf0af59a265ffe76c46bd0478","ResolvConfPath":"/var/lib/docker/containers/b4fc7afd97457a2a6ec84592488a57f900fa52ed03fcd2dbaf8a116bc1f50ab3/resolv.conf","HostnamePath":"/var/lib/docker/containers/b4fc7afd97457a2a6ec84592488a57f900fa52ed03fcd2dbaf8a116bc1f50ab3/hostname","HostsPath":"/var/lib/docker/containers/b4fc7afd97457a2a6ec84592488a57f900fa52ed03fcd2dbaf8a116bc1f50ab3/hosts","LogPath":"/var/lib/docker/containers/b4fc7afd97457a2a6ec84592488a57f900fa52ed03fcd2dbaf8a116bc1f50ab3/b4fc7afd97457a2a6ec84592488a57f900fa52ed03fcd2dbaf8a116bc1f50ab3-json.log","Name":"/agitated_ptolemy","RestartCount":0,"Driver":"overlay2","Platform":"linux","MountLabel":"","ProcessLabel":"","AppArmorProfile":"docker-default","ExecIDs":null,"HostConfig":{"Binds":[],"ContainerIDFile":"","LogConfig":{"Type":"json-file","Config":{}},"NetworkMode":"default","PortBindings":{"3306/tcp":[{"HostIp":"","HostPort":""}]},"RestartPolicy":{"Name":"","MaximumRetryCount":0},"AutoRemove":false,"VolumeDriver":"","VolumesFrom":[],"CapAdd":null,"CapDrop":null,"CgroupnsMode":"private","Dns":null,"DnsOptions":null,"DnsSearch":null,"ExtraHosts":[],"GroupAdd":null,"IpcMode":"shareable","Cgroup":"","Links":null,"OomScoreAdj":0,"PidMode":"","Privileged":false,"PublishAllPorts":false,"ReadonlyRootfs":false,"SecurityOpt":null,"UTSMode":"","UsernsMode":"","ShmSize":67108864,"Runtime":"runc","ConsoleSize":[0,0],"Isolation":"","CpuShares":0,"Memory":0,"NanoCpus":0,"CgroupParent":"","BlkioWeight":0,"BlkioWeightDevice":null,"BlkioDeviceReadBps":null,"BlkioDeviceWriteBps":null,"BlkioDeviceReadIOps":null,"BlkioDeviceWriteIOps":null,"CpuPeriod":0,"CpuQuota":0,"CpuRealtimePeriod":0,"CpuRealtimeRuntime":0,"CpusetCpus":"","CpusetMems":"","Devices":null,"DeviceCgroupRules":null,"DeviceRequests":null,"KernelMemory":0,"KernelMemoryTCP":0,"MemoryReservation":0,"MemorySwap":0,"MemorySwappiness":null,"OomKillDisable":null,"PidsLimit":null,"Ulimits":null,"CpuCount":0,"CpuPercent":0,"IOMaximumIOps":0,"IOMaximumBandwidth":0,"MaskedPaths":["/proc/asound","/proc/acpi","/proc/kcore","/proc/keys","/proc/latency_stats","/proc/timer_list","/proc/timer_stats","/proc/sched_debug","/proc/scsi","/sys/firmware"],"ReadonlyPaths":["/proc/bus","/proc/fs","/proc/irq","/proc/sys","/proc/sysrq-trigger"]},"GraphDriver":{"Data":{"LowerDir":"/var/lib/docker/overlay2/05794d51525f65619c615558ef5f93d7c33eef44e12313fdcb3942911d0b5f7d-init/diff:/var/lib/docker/overlay2/f079a69cfd5e80e906b12f05a0c7bfaabc56ce63e947db68b722ae30905f1239/diff:/var/lib/docker/overlay2/9dfb63d6bb556846a13012421dde7951ef83a14d8ce1882287cce66f0f9bd055/diff:/var/lib/docker/overlay2/c4f8874ae33ddd14488f5051cd953acc020fa00ea72d28bd530450c0bc8f9903/diff:/var/lib/docker/overlay2/992683766b46aa5653160e6a34283b579a75000e230890d0ec0a6204af735697/diff:/var/lib/docker/overlay2/6e3fba0e1d6501c91c9bec723bb1364f75599c6c2026a6dc71773c88a49f890a/diff:/var/lib/docker/overlay2/c6c2a366f45a69704761d45d296d71bf2bf315efb15cb06ad88925ed235fad81/diff:/var/lib/docker/overlay2/7555f9b18615244719d04b23296ba418195e5e569d47baf9f1da7c3f053fe194/diff:/var/lib/docker/overlay2/7752eb17f8f8ba44a5ed178f499901fa7eb6f2e031c29ab160ee4eff4db8edaa/diff:/var/lib/docker/overlay2/9683de8b3733106f256bd0eabc7cae13623b14493b9212e863449d42b8a87390/diff:/var/lib/docker/overlay2/f5e28e407d8811526fb7dd82e4fed08d5d3124c0f22f1a9496ed27b2b457d3dd/diff:/var/lib/docker/overlay2/e2980c91c6b3331cff3994ca6f327955bb5feaef0f96bc64edce80631fdbf829/diff","MergedDir":"/var/lib/docker/overlay2/05794d51525f65619c615558ef5f93d7c33eef44e12313fdcb3942911d0b5f7d/merged","UpperDir":"/var/lib/docker/overlay2/05794d51525f65619c615558ef5f93d7c33eef44e12313fdcb3942911d0b5f7d/diff","WorkDir":"/var/lib/docker/overlay2/05794d51525f65619c615558ef5f93d7c33eef44e12313fdcb3942911d0b5f7d/work"},"Name":"overlay2"},"Mounts":[{"Type":"volume","Name":"fe29345a30f82a1c969c40b069133e9d87168ce95967d67ac182ee42c059affb","Source":"/var/lib/docker/volumes/fe29345a30f82a1c969c40b069133e9d87168ce95967d67ac182ee42c059affb/_data","Destination":"/var/lib/mysql","Driver":"local","Mode":"","RW":true,"Propagation":""}],"Config":{"Hostname":"b4fc7afd9745","Domainname":"","User":"","AttachStdin":false,"AttachStdout":false,"AttachStderr":false,"ExposedPorts":{"3306/tcp":{},"33060/tcp":{}},"Tty":false,"OpenStdin":false,"StdinOnce":false,"Env":["MYSQL_DATABASE=adm_videos","MYSQL_PASSWORD=123456","MYSQL_ROOT_PASSWORD=123456","PATH=/usr/local/sbin:/usr/local/bin:/usr/sbin:/usr/bin:/sbin:/bin","GOSU_VERSION=1.14","MYSQL_MAJOR=8.0","MYSQL_VERSION=8.0.31-1.el8","MYSQL_SHELL_VERSION=8.0.31-1.el8"],"Cmd":["mysqld"],"Image":"mysql:latest","Volumes":{"/var/lib/mysql":{}},"WorkingDir":"","Entrypoint":["docker-entrypoint.sh"],"OnBuild":null,"Labels":{"org.testcontainers":"true","org.testcontainers.sessionId":"cdd139c9-cde1-4429-bea7-edb0e651ba16"}},"NetworkSettings":{"Bridge":"","SandboxID":"8404ec7d59006489fa5b6638879180586e9aa24c1c3ae79d40e26a8f453c93b1","HairpinMode":false,"LinkLocalIPv6Address":"","LinkLocalIPv6PrefixLen":0,"Ports":{"3306/tcp":[{"HostIp":"0.0.0.0","HostPort":"49156"},{"HostIp":"::","HostPort":"49156"}],"33060/tcp":null},"SandboxKey":"/var/run/docker/netns/8404ec7d5900","SecondaryIPAddresses":null,"SecondaryIPv6Addresses":null,"EndpointID":"28c851b70d88131a783e3d87b7c50320df5f3250ebca621b1b39353a2424212a","Gateway":"172.17.0.1","GlobalIPv6Address":"","GlobalIPv6PrefixLen":0,"IPAddress":"172.17.0.3","IPPrefixLen":16,"IPv6Gateway":"","MacAddress":"02:42:ac:11:00:03","Networks":{"bridge":{"IPAMConfig":null,"Links":null,"Aliases":null,"NetworkID":"bf06afe94eca8b5ab91eae0dbaa8561a6dd16832d429dcdbaa7ed1e003cfbe56","EndpointID":"28c851b70d88131a783e3d87b7c50320df5f3250ebca621b1b39353a2424212a","Gateway":"172.17.0.1","IPAddress":"172.17.0.3","IPPrefixLen":16,"IPv6Gateway":"","GlobalIPv6Address":"","GlobalIPv6PrefixLen":0,"MacAddress":"02:42:ac:11:00:03","DriverOpts":null}}}}[\n]"
18:30:19.268 [Test worker] DEBUG com.github.dockerjava.zerodep.shaded.org.apache.hc.client5.http.wire - http-outgoing-1 << "[\r][\n]"
18:30:19.268 [Test worker] DEBUG com.github.dockerjava.zerodep.shaded.org.apache.hc.client5.http.wire - http-outgoing-1 << "0[\r][\n]"
18:30:19.268 [Test worker] DEBUG com.github.dockerjava.zerodep.shaded.org.apache.hc.client5.http.wire - http-outgoing-1 << "[\r][\n]"
18:30:19.268 [Test worker] DEBUG com.github.dockerjava.zerodep.shaded.org.apache.hc.client5.http.headers - http-outgoing-1 << HTTP/1.1 200 OK
18:30:19.268 [Test worker] DEBUG com.github.dockerjava.zerodep.shaded.org.apache.hc.client5.http.headers - http-outgoing-1 << Api-Version: 1.41
18:30:19.268 [Test worker] DEBUG com.github.dockerjava.zerodep.shaded.org.apache.hc.client5.http.headers - http-outgoing-1 << Content-Type: application/json
18:30:19.268 [Test worker] DEBUG com.github.dockerjava.zerodep.shaded.org.apache.hc.client5.http.headers - http-outgoing-1 << Docker-Experimental: false
18:30:19.268 [Test worker] DEBUG com.github.dockerjava.zerodep.shaded.org.apache.hc.client5.http.headers - http-outgoing-1 << Ostype: linux
18:30:19.268 [Test worker] DEBUG com.github.dockerjava.zerodep.shaded.org.apache.hc.client5.http.headers - http-outgoing-1 << Server: Docker/20.10.17 (linux)
18:30:19.268 [Test worker] DEBUG com.github.dockerjava.zerodep.shaded.org.apache.hc.client5.http.headers - http-outgoing-1 << Date: Thu, 08 Dec 2022 21:30:19 GMT
18:30:19.268 [Test worker] DEBUG com.github.dockerjava.zerodep.shaded.org.apache.hc.client5.http.headers - http-outgoing-1 << Transfer-Encoding: chunked
18:30:19.268 [Test worker] DEBUG com.github.dockerjava.zerodep.shaded.org.apache.hc.client5.http.impl.classic.MainClientExec - ex-0000004A: connection can be kept alive for 3 MINUTES
18:30:19.270 [Test worker] DEBUG com.github.dockerjava.zerodep.shaded.org.apache.hc.client5.http.impl.classic.InternalHttpClient - ep-00000049: releasing valid endpoint
18:30:19.270 [Test worker] DEBUG com.github.dockerjava.zerodep.shaded.org.apache.hc.client5.http.impl.io.PoolingHttpClientConnectionManager - ep-00000049: releasing endpoint
18:30:19.271 [Test worker] DEBUG com.github.dockerjava.zerodep.shaded.org.apache.hc.client5.http.impl.io.PoolingHttpClientConnectionManager - ep-00000049: connection http-outgoing-1 can be kept alive for 3 MINUTES
18:30:19.271 [Test worker] DEBUG com.github.dockerjava.zerodep.shaded.org.apache.hc.client5.http.impl.io.PoolingHttpClientConnectionManager - ep-00000049: connection released [route: {}->unix://localhost:2375][total available: 1; route allocated: 1 of 2147483647; total allocated: 1 of 2147483647]
18:30:19.271 [Test worker] DEBUG ]]>&#x1f433;<![CDATA[ [mysql:latest] - Trying to create JDBC connection using com.mysql.cj.jdbc.Driver to jdbc:mysql://localhost:49156/adm_videos?useSSL=false&allowPublicKeyRetrieval=true with properties: {password=123456, user=root}
18:30:19.379 [Test worker] DEBUG org.testcontainers.shaded.com.github.dockerjava.core.command.AbstrDockerCmd - Cmd: b4fc7afd97457a2a6ec84592488a57f900fa52ed03fcd2dbaf8a116bc1f50ab3,false
18:30:19.380 [Test worker] DEBUG org.testcontainers.shaded.com.github.dockerjava.core.exec.InspectContainerCmdExec - GET: DefaultWebTarget{path=[/containers/b4fc7afd97457a2a6ec84592488a57f900fa52ed03fcd2dbaf8a116bc1f50ab3/json], queryParams={}}
18:30:19.381 [Test worker] DEBUG com.github.dockerjava.zerodep.shaded.org.apache.hc.client5.http.impl.classic.InternalHttpClient - ex-0000004B: preparing request execution
18:30:19.382 [Test worker] DEBUG com.github.dockerjava.zerodep.shaded.org.apache.hc.client5.http.protocol.RequestAddCookies - Cookie spec selected: strict
18:30:19.382 [Test worker] DEBUG com.github.dockerjava.zerodep.shaded.org.apache.hc.client5.http.protocol.RequestAuthCache - Auth cache not set in the context
18:30:19.382 [Test worker] DEBUG com.github.dockerjava.zerodep.shaded.org.apache.hc.client5.http.impl.classic.ProtocolExec - ex-0000004B: target auth state: UNCHALLENGED
18:30:19.382 [Test worker] DEBUG com.github.dockerjava.zerodep.shaded.org.apache.hc.client5.http.impl.classic.ProtocolExec - ex-0000004B: proxy auth state: UNCHALLENGED
18:30:19.382 [Test worker] DEBUG com.github.dockerjava.zerodep.shaded.org.apache.hc.client5.http.impl.classic.ConnectExec - ex-0000004B: acquiring connection with route {}->unix://localhost:2375
18:30:19.382 [Test worker] DEBUG com.github.dockerjava.zerodep.shaded.org.apache.hc.client5.http.impl.classic.InternalHttpClient - ex-0000004B: acquiring endpoint (3 MINUTES)
18:30:19.382 [Test worker] DEBUG com.github.dockerjava.zerodep.shaded.org.apache.hc.client5.http.impl.io.PoolingHttpClientConnectionManager - ex-0000004B: endpoint lease request (3 MINUTES) [route: {}->unix://localhost:2375][total available: 1; route allocated: 1 of 2147483647; total allocated: 1 of 2147483647]
18:30:19.383 [Test worker] DEBUG com.github.dockerjava.zerodep.shaded.org.apache.hc.client5.http.impl.io.PoolingHttpClientConnectionManager - ex-0000004B: endpoint leased [route: {}->unix://localhost:2375][total available: 0; route allocated: 1 of 2147483647; total allocated: 1 of 2147483647]
18:30:19.383 [Test worker] DEBUG com.github.dockerjava.zerodep.shaded.org.apache.hc.client5.http.impl.io.PoolingHttpClientConnectionManager - ex-0000004B: acquired ep-0000004A
18:30:19.383 [Test worker] DEBUG com.github.dockerjava.zerodep.shaded.org.apache.hc.client5.http.impl.classic.InternalHttpClient - ex-0000004B: acquired endpoint ep-0000004A
18:30:19.383 [Test worker] DEBUG com.github.dockerjava.zerodep.shaded.org.apache.hc.client5.http.impl.classic.MainClientExec - ex-0000004B: executing GET /v1.32/containers/b4fc7afd97457a2a6ec84592488a57f900fa52ed03fcd2dbaf8a116bc1f50ab3/json HTTP/1.1
18:30:19.383 [Test worker] DEBUG com.github.dockerjava.zerodep.shaded.org.apache.hc.client5.http.impl.classic.InternalHttpClient - ep-0000004A: start execution ex-0000004B
18:30:19.383 [Test worker] DEBUG com.github.dockerjava.zerodep.shaded.org.apache.hc.client5.http.impl.io.PoolingHttpClientConnectionManager - ep-0000004A: executing exchange ex-0000004B over http-outgoing-1
18:30:19.383 [Test worker] DEBUG com.github.dockerjava.zerodep.shaded.org.apache.hc.client5.http.headers - http-outgoing-1 >> GET /v1.32/containers/b4fc7afd97457a2a6ec84592488a57f900fa52ed03fcd2dbaf8a116bc1f50ab3/json HTTP/1.1
18:30:19.383 [Test worker] DEBUG com.github.dockerjava.zerodep.shaded.org.apache.hc.client5.http.headers - http-outgoing-1 >> accept: application/json
18:30:19.383 [Test worker] DEBUG com.github.dockerjava.zerodep.shaded.org.apache.hc.client5.http.headers - http-outgoing-1 >> x-tc-sid: cdd139c9-cde1-4429-bea7-edb0e651ba16
18:30:19.383 [Test worker] DEBUG com.github.dockerjava.zerodep.shaded.org.apache.hc.client5.http.headers - http-outgoing-1 >> Accept-Encoding: gzip, x-gzip, deflate
18:30:19.383 [Test worker] DEBUG com.github.dockerjava.zerodep.shaded.org.apache.hc.client5.http.headers - http-outgoing-1 >> Host: localhost:2375
18:30:19.383 [Test worker] DEBUG com.github.dockerjava.zerodep.shaded.org.apache.hc.client5.http.headers - http-outgoing-1 >> Connection: keep-alive
18:30:19.383 [Test worker] DEBUG com.github.dockerjava.zerodep.shaded.org.apache.hc.client5.http.headers - http-outgoing-1 >> User-Agent: Apache-HttpClient/5.0.3 (Java/17.0.2)
18:30:19.383 [Test worker] DEBUG com.github.dockerjava.zerodep.shaded.org.apache.hc.client5.http.wire - http-outgoing-1 >> "GET /v1.32/containers/b4fc7afd97457a2a6ec84592488a57f900fa52ed03fcd2dbaf8a116bc1f50ab3/json HTTP/1.1[\r][\n]"
18:30:19.383 [Test worker] DEBUG com.github.dockerjava.zerodep.shaded.org.apache.hc.client5.http.wire - http-outgoing-1 >> "accept: application/json[\r][\n]"
18:30:19.383 [Test worker] DEBUG com.github.dockerjava.zerodep.shaded.org.apache.hc.client5.http.wire - http-outgoing-1 >> "x-tc-sid: cdd139c9-cde1-4429-bea7-edb0e651ba16[\r][\n]"
18:30:19.383 [Test worker] DEBUG com.github.dockerjava.zerodep.shaded.org.apache.hc.client5.http.wire - http-outgoing-1 >> "Accept-Encoding: gzip, x-gzip, deflate[\r][\n]"
18:30:19.383 [Test worker] DEBUG com.github.dockerjava.zerodep.shaded.org.apache.hc.client5.http.wire - http-outgoing-1 >> "Host: localhost:2375[\r][\n]"
18:30:19.383 [Test worker] DEBUG com.github.dockerjava.zerodep.shaded.org.apache.hc.client5.http.wire - http-outgoing-1 >> "Connection: keep-alive[\r][\n]"
18:30:19.383 [Test worker] DEBUG com.github.dockerjava.zerodep.shaded.org.apache.hc.client5.http.wire - http-outgoing-1 >> "User-Agent: Apache-HttpClient/5.0.3 (Java/17.0.2)[\r][\n]"
18:30:19.383 [Test worker] DEBUG com.github.dockerjava.zerodep.shaded.org.apache.hc.client5.http.wire - http-outgoing-1 >> "[\r][\n]"
18:30:19.388 [Test worker] DEBUG com.github.dockerjava.zerodep.shaded.org.apache.hc.client5.http.wire - http-outgoing-1 << "HTTP/1.1 200 OK[\r][\n]"
18:30:19.388 [Test worker] DEBUG com.github.dockerjava.zerodep.shaded.org.apache.hc.client5.http.wire - http-outgoing-1 << "Api-Version: 1.41[\r][\n]"
18:30:19.388 [Test worker] DEBUG com.github.dockerjava.zerodep.shaded.org.apache.hc.client5.http.wire - http-outgoing-1 << "Content-Type: application/json[\r][\n]"
18:30:19.388 [Test worker] DEBUG com.github.dockerjava.zerodep.shaded.org.apache.hc.client5.http.wire - http-outgoing-1 << "Docker-Experimental: false[\r][\n]"
18:30:19.388 [Test worker] DEBUG com.github.dockerjava.zerodep.shaded.org.apache.hc.client5.http.wire - http-outgoing-1 << "Ostype: linux[\r][\n]"
18:30:19.388 [Test worker] DEBUG com.github.dockerjava.zerodep.shaded.org.apache.hc.client5.http.wire - http-outgoing-1 << "Server: Docker/20.10.17 (linux)[\r][\n]"
18:30:19.388 [Test worker] DEBUG com.github.dockerjava.zerodep.shaded.org.apache.hc.client5.http.wire - http-outgoing-1 << "Date: Thu, 08 Dec 2022 21:30:19 GMT[\r][\n]"
18:30:19.388 [Test worker] DEBUG com.github.dockerjava.zerodep.shaded.org.apache.hc.client5.http.wire - http-outgoing-1 << "Transfer-Encoding: chunked[\r][\n]"
18:30:19.389 [Test worker] DEBUG com.github.dockerjava.zerodep.shaded.org.apache.hc.client5.http.wire - http-outgoing-1 << "[\r][\n]"
18:30:19.389 [Test worker] DEBUG com.github.dockerjava.zerodep.shaded.org.apache.hc.client5.http.wire - http-outgoing-1 << "18a6[\r][\n]"
18:30:19.389 [Test worker] DEBUG com.github.dockerjava.zerodep.shaded.org.apache.hc.client5.http.wire - http-outgoing-1 << "{"Id":"b4fc7afd97457a2a6ec84592488a57f900fa52ed03fcd2dbaf8a116bc1f50ab3","Created":"2022-12-08T21:30:11.801619537Z","Path":"docker-entrypoint.sh","Args":["mysqld"],"State":{"Status":"running","Running":true,"Paused":false,"Restarting":false,"OOMKilled":false,"Dead":false,"Pid":148084,"ExitCode":0,"Error":"","StartedAt":"2022-12-08T21:30:12.370762583Z","FinishedAt":"0001-01-01T00:00:00Z"},"Image":"sha256:7484689f290f1defe06b65befc54cb6ad91a667cf0af59a265ffe76c46bd0478","ResolvConfPath":"/var/lib/docker/containers/b4fc7afd97457a2a6ec84592488a57f900fa52ed03fcd2dbaf8a116bc1f50ab3/resolv.conf","HostnamePath":"/var/lib/docker/containers/b4fc7afd97457a2a6ec84592488a57f900fa52ed03fcd2dbaf8a116bc1f50ab3/hostname","HostsPath":"/var/lib/docker/containers/b4fc7afd97457a2a6ec84592488a57f900fa52ed03fcd2dbaf8a116bc1f50ab3/hosts","LogPath":"/var/lib/docker/containers/b4fc7afd97457a2a6ec84592488a57f900fa52ed03fcd2dbaf8a116bc1f50ab3/b4fc7afd97457a2a6ec84592488a57f900fa52ed03fcd2dbaf8a116bc1f50ab3-json.log","Name":"/agitated_ptolemy","RestartCount":0,"Driver":"overlay2","Platform":"linux","MountLabel":"","ProcessLabel":"","AppArmorProfile":"docker-default","ExecIDs":null,"HostConfig":{"Binds":[],"ContainerIDFile":"","LogConfig":{"Type":"json-file","Config":{}},"NetworkMode":"default","PortBindings":{"3306/tcp":[{"HostIp":"","HostPort":""}]},"RestartPolicy":{"Name":"","MaximumRetryCount":0},"AutoRemove":false,"VolumeDriver":"","VolumesFrom":[],"CapAdd":null,"CapDrop":null,"CgroupnsMode":"private","Dns":null,"DnsOptions":null,"DnsSearch":null,"ExtraHosts":[],"GroupAdd":null,"IpcMode":"shareable","Cgroup":"","Links":null,"OomScoreAdj":0,"PidMode":"","Privileged":false,"PublishAllPorts":false,"ReadonlyRootfs":false,"SecurityOpt":null,"UTSMode":"","UsernsMode":"","ShmSize":67108864,"Runtime":"runc","ConsoleSize":[0,0],"Isolation":"","CpuShares":0,"Memory":0,"NanoCpus":0,"CgroupParent":"","BlkioWeight":0,"BlkioWeightDevice":null,"BlkioDeviceReadBps":null,"BlkioDeviceWriteBps":null,"BlkioDeviceReadIOps":null,"BlkioDeviceWriteIOps":null,"CpuPeriod":0,"CpuQuota":0,"CpuRealtimePeriod":0,"CpuRealtimeRuntime":0,"CpusetCpus":"","CpusetMems":"","Devices":null,"DeviceCgroupRules":null,"DeviceRequests":null,"KernelMemory":0,"KernelMemoryTCP":0,"MemoryReservation":0,"MemorySwap":0,"MemorySwappiness":null,"OomKillDisable":null,"PidsLimit":null,"Ulimits":null,"CpuCount":0,"CpuPercent":0,"IOMaximumIOps":0,"IOMaximumBandwidth":0,"MaskedPaths":["/proc/asound","/proc/acpi","/proc/kcore","/proc/keys","/proc/latency_stats","/proc/timer_list","/proc/timer_stats","/proc/sched_debug","/proc/scsi","/sys/firmware"],"ReadonlyPaths":["/proc/bus","/proc/fs","/proc/irq","/proc/sys","/proc/sysrq-trigger"]},"GraphDriver":{"Data":{"LowerDir":"/var/lib/docker/overlay2/05794d51525f65619c615558ef5f93d7c33eef44e12313fdcb3942911d0b5f7d-init/diff:/var/lib/docker/overlay2/f079a69cfd5e80e906b12f05a0c7bfaabc56ce63e947db68b722ae30905f1239/diff:/var/lib/docker/overlay2/9dfb63d6bb556846a13012421dde7951ef83a14d8ce1882287cce66f0f9bd055/diff:/var/lib/docker/overlay2/c4f8874ae33ddd14488f5051cd953acc020fa00ea72d28bd530450c0bc8f9903/diff:/var/lib/docker/overlay2/992683766b46aa5653160e6a34283b579a75000e230890d0ec0a6204af735697/diff:/var/lib/docker/overlay2/6e3fba0e1d6501c91c9bec723bb1364f75599c6c2026a6dc71773c88a49f890a/diff:/var/lib/docker/overlay2/c6c2a366f45a69704761d45d296d71bf2bf315efb15cb06ad88925ed235fad81/diff:/var/lib/docker/overlay2/7555f9b18615244719d04b23296ba418195e5e569d47baf9f1da7c3f053fe194/diff:/var/lib/docker/overlay2/7752eb17f8f8ba44a5ed178f499901fa7eb6f2e031c29ab160ee4eff4db8edaa/diff:/var/lib/docker/overlay2/9683de8b3733106f256bd0eabc7cae13623b14493b9212e863449d42b8a87390/diff:/var/lib/docker/overlay2/f5e28e407d8811526fb7dd82e4fed08d5d3124c0f22f1a9496ed27b2b457d3dd/diff:/var/lib/docker/overlay2/e2980c91c6b3331cff3994ca6f327955bb5feaef0f96bc64edce80631fdbf829/diff","MergedDir":"/var/lib/docker/overlay2/05794d51525f65619c615558ef5f93d7c33eef44e12313fdcb3942911d0b5f7d/merged","UpperDir":"/var/lib/docker/overlay2/05794d51525f65619c615558ef5f93d7c33eef44e12313fdcb3942911d0b5f7d/diff","WorkDir":"/var/lib/docker/overlay2/05794d51525f65619c615558ef5f93d7c33eef44e12313fdcb3942911d0b5f7d/work"},"Name":"overlay2"},"Mounts":[{"Type":"volume","Name":"fe29345a30f82a1c969c40b069133e9d87168ce95967d67ac182ee42c059affb","Source":"/var/lib/docker/volumes/fe29345a30f82a1c969c40b069133e9d87168ce95967d67ac182ee42c059affb/_data","Destination":"/var/lib/mysql","Driver":"local","Mode":"","RW":true,"Propagation":""}],"Config":{"Hostname":"b4fc7afd9745","Domainname":"","User":"","AttachStdin":false,"AttachStdout":false,"AttachStderr":false,"ExposedPorts":{"3306/tcp":{},"33060/tcp":{}},"Tty":false,"OpenStdin":false,"StdinOnce":false,"Env":["MYSQL_DATABASE=adm_videos","MYSQL_PASSWORD=123456","MYSQL_ROOT_PASSWORD=123456","PATH=/usr/local/sbin:/usr/local/bin:/usr/sbin:/usr/bin:/sbin:/bin","GOSU_VERSION=1.14","MYSQL_MAJOR=8.0","MYSQL_VERSION=8.0.31-1.el8","MYSQL_SHELL_VERSION=8.0.31-1.el8"],"Cmd":["mysqld"],"Image":"mysql:latest","Volumes":{"/var/lib/mysql":{}},"WorkingDir":"","Entrypoint":["docker-entrypoint.sh"],"OnBuild":null,"Labels":{"org.testcontainers":"true","org.testcontainers.sessionId":"cdd139c9-cde1-4429-bea7-edb0e651ba16"}},"NetworkSettings":{"Bridge":"","SandboxID":"8404ec7d59006489fa5b6638879180586e9aa24c1c3ae79d40e26a8f453c93b1","HairpinMode":false,"LinkLocalIPv6Address":"","LinkLocalIPv6PrefixLen":0,"Ports":{"3306/tcp":[{"HostIp":"0.0.0.0","HostPort":"49156"},{"HostIp":"::","HostPort":"49156"}],"33060/tcp":null},"SandboxKey":"/var/run/docker/netns/8404ec7d5900","SecondaryIPAddresses":null,"SecondaryIPv6Addresses":null,"EndpointID":"28c851b70d88131a783e3d87b7c50320df5f3250ebca621b1b39353a2424212a","Gateway":"172.17.0.1","GlobalIPv6Address":"","GlobalIPv6PrefixLen":0,"IPAddress":"172.17.0.3","IPPrefixLen":16,"IPv6Gateway":"","MacAddress":"02:42:ac:11:00:03","Networks":{"bridge":{"IPAMConfig":null,"Links":null,"Aliases":null,"NetworkID":"bf06afe94eca8b5ab91eae0dbaa8561a6dd16832d429dcdbaa7ed1e003cfbe56","EndpointID":"28c851b70d88131a783e3d87b7c50320df5f3250ebca621b1b39353a2424212a","Gateway":"172.17.0.1","IPAddress":"172.17.0.3","IPPrefixLen":16,"IPv6Gateway":"","GlobalIPv6Address":"","GlobalIPv6PrefixLen":0,"MacAddress":"02:42:ac:11:00:03","DriverOpts":null}}}}[\n]"
18:30:19.389 [Test worker] DEBUG com.github.dockerjava.zerodep.shaded.org.apache.hc.client5.http.wire - http-outgoing-1 << "[\r][\n]"
18:30:19.389 [Test worker] DEBUG com.github.dockerjava.zerodep.shaded.org.apache.hc.client5.http.wire - http-outgoing-1 << "0[\r][\n]"
18:30:19.389 [Test worker] DEBUG com.github.dockerjava.zerodep.shaded.org.apache.hc.client5.http.wire - http-outgoing-1 << "[\r][\n]"
18:30:19.389 [Test worker] DEBUG com.github.dockerjava.zerodep.shaded.org.apache.hc.client5.http.headers - http-outgoing-1 << HTTP/1.1 200 OK
18:30:19.389 [Test worker] DEBUG com.github.dockerjava.zerodep.shaded.org.apache.hc.client5.http.headers - http-outgoing-1 << Api-Version: 1.41
18:30:19.389 [Test worker] DEBUG com.github.dockerjava.zerodep.shaded.org.apache.hc.client5.http.headers - http-outgoing-1 << Content-Type: application/json
18:30:19.389 [Test worker] DEBUG com.github.dockerjava.zerodep.shaded.org.apache.hc.client5.http.headers - http-outgoing-1 << Docker-Experimental: false
18:30:19.389 [Test worker] DEBUG com.github.dockerjava.zerodep.shaded.org.apache.hc.client5.http.headers - http-outgoing-1 << Ostype: linux
18:30:19.389 [Test worker] DEBUG com.github.dockerjava.zerodep.shaded.org.apache.hc.client5.http.headers - http-outgoing-1 << Server: Docker/20.10.17 (linux)
18:30:19.389 [Test worker] DEBUG com.github.dockerjava.zerodep.shaded.org.apache.hc.client5.http.headers - http-outgoing-1 << Date: Thu, 08 Dec 2022 21:30:19 GMT
18:30:19.389 [Test worker] DEBUG com.github.dockerjava.zerodep.shaded.org.apache.hc.client5.http.headers - http-outgoing-1 << Transfer-Encoding: chunked
18:30:19.389 [Test worker] DEBUG com.github.dockerjava.zerodep.shaded.org.apache.hc.client5.http.impl.classic.MainClientExec - ex-0000004B: connection can be kept alive for 3 MINUTES
18:30:19.391 [Test worker] DEBUG com.github.dockerjava.zerodep.shaded.org.apache.hc.client5.http.impl.classic.InternalHttpClient - ep-0000004A: releasing valid endpoint
18:30:19.391 [Test worker] DEBUG com.github.dockerjava.zerodep.shaded.org.apache.hc.client5.http.impl.io.PoolingHttpClientConnectionManager - ep-0000004A: releasing endpoint
18:30:19.391 [Test worker] DEBUG com.github.dockerjava.zerodep.shaded.org.apache.hc.client5.http.impl.io.PoolingHttpClientConnectionManager - ep-0000004A: connection http-outgoing-1 can be kept alive for 3 MINUTES
18:30:19.391 [Test worker] DEBUG com.github.dockerjava.zerodep.shaded.org.apache.hc.client5.http.impl.io.PoolingHttpClientConnectionManager - ep-0000004A: connection released [route: {}->unix://localhost:2375][total available: 1; route allocated: 1 of 2147483647; total allocated: 1 of 2147483647]
18:30:19.391 [Test worker] DEBUG ]]>&#x1f433;<![CDATA[ [mysql:latest] - Trying to create JDBC connection using com.mysql.cj.jdbc.Driver to jdbc:mysql://localhost:49156/adm_videos?useSSL=false&allowPublicKeyRetrieval=true with properties: {password=123456, user=root}
18:30:19.495 [Test worker] DEBUG org.testcontainers.shaded.com.github.dockerjava.core.command.AbstrDockerCmd - Cmd: b4fc7afd97457a2a6ec84592488a57f900fa52ed03fcd2dbaf8a116bc1f50ab3,false
18:30:19.495 [Test worker] DEBUG org.testcontainers.shaded.com.github.dockerjava.core.exec.InspectContainerCmdExec - GET: DefaultWebTarget{path=[/containers/b4fc7afd97457a2a6ec84592488a57f900fa52ed03fcd2dbaf8a116bc1f50ab3/json], queryParams={}}
18:30:19.495 [Test worker] DEBUG com.github.dockerjava.zerodep.shaded.org.apache.hc.client5.http.impl.classic.InternalHttpClient - ex-0000004C: preparing request execution
18:30:19.495 [Test worker] DEBUG com.github.dockerjava.zerodep.shaded.org.apache.hc.client5.http.protocol.RequestAddCookies - Cookie spec selected: strict
18:30:19.495 [Test worker] DEBUG com.github.dockerjava.zerodep.shaded.org.apache.hc.client5.http.protocol.RequestAuthCache - Auth cache not set in the context
18:30:19.495 [Test worker] DEBUG com.github.dockerjava.zerodep.shaded.org.apache.hc.client5.http.impl.classic.ProtocolExec - ex-0000004C: target auth state: UNCHALLENGED
18:30:19.495 [Test worker] DEBUG com.github.dockerjava.zerodep.shaded.org.apache.hc.client5.http.impl.classic.ProtocolExec - ex-0000004C: proxy auth state: UNCHALLENGED
18:30:19.495 [Test worker] DEBUG com.github.dockerjava.zerodep.shaded.org.apache.hc.client5.http.impl.classic.ConnectExec - ex-0000004C: acquiring connection with route {}->unix://localhost:2375
18:30:19.495 [Test worker] DEBUG com.github.dockerjava.zerodep.shaded.org.apache.hc.client5.http.impl.classic.InternalHttpClient - ex-0000004C: acquiring endpoint (3 MINUTES)
18:30:19.496 [Test worker] DEBUG com.github.dockerjava.zerodep.shaded.org.apache.hc.client5.http.impl.io.PoolingHttpClientConnectionManager - ex-0000004C: endpoint lease request (3 MINUTES) [route: {}->unix://localhost:2375][total available: 1; route allocated: 1 of 2147483647; total allocated: 1 of 2147483647]
18:30:19.496 [Test worker] DEBUG com.github.dockerjava.zerodep.shaded.org.apache.hc.client5.http.impl.io.PoolingHttpClientConnectionManager - ex-0000004C: endpoint leased [route: {}->unix://localhost:2375][total available: 0; route allocated: 1 of 2147483647; total allocated: 1 of 2147483647]
18:30:19.496 [Test worker] DEBUG com.github.dockerjava.zerodep.shaded.org.apache.hc.client5.http.impl.io.PoolingHttpClientConnectionManager - ex-0000004C: acquired ep-0000004B
18:30:19.496 [Test worker] DEBUG com.github.dockerjava.zerodep.shaded.org.apache.hc.client5.http.impl.classic.InternalHttpClient - ex-0000004C: acquired endpoint ep-0000004B
18:30:19.496 [Test worker] DEBUG com.github.dockerjava.zerodep.shaded.org.apache.hc.client5.http.impl.classic.MainClientExec - ex-0000004C: executing GET /v1.32/containers/b4fc7afd97457a2a6ec84592488a57f900fa52ed03fcd2dbaf8a116bc1f50ab3/json HTTP/1.1
18:30:19.496 [Test worker] DEBUG com.github.dockerjava.zerodep.shaded.org.apache.hc.client5.http.impl.classic.InternalHttpClient - ep-0000004B: start execution ex-0000004C
18:30:19.496 [Test worker] DEBUG com.github.dockerjava.zerodep.shaded.org.apache.hc.client5.http.impl.io.PoolingHttpClientConnectionManager - ep-0000004B: executing exchange ex-0000004C over http-outgoing-1
18:30:19.496 [Test worker] DEBUG com.github.dockerjava.zerodep.shaded.org.apache.hc.client5.http.headers - http-outgoing-1 >> GET /v1.32/containers/b4fc7afd97457a2a6ec84592488a57f900fa52ed03fcd2dbaf8a116bc1f50ab3/json HTTP/1.1
18:30:19.496 [Test worker] DEBUG com.github.dockerjava.zerodep.shaded.org.apache.hc.client5.http.headers - http-outgoing-1 >> accept: application/json
18:30:19.496 [Test worker] DEBUG com.github.dockerjava.zerodep.shaded.org.apache.hc.client5.http.headers - http-outgoing-1 >> x-tc-sid: cdd139c9-cde1-4429-bea7-edb0e651ba16
18:30:19.496 [Test worker] DEBUG com.github.dockerjava.zerodep.shaded.org.apache.hc.client5.http.headers - http-outgoing-1 >> Accept-Encoding: gzip, x-gzip, deflate
18:30:19.496 [Test worker] DEBUG com.github.dockerjava.zerodep.shaded.org.apache.hc.client5.http.headers - http-outgoing-1 >> Host: localhost:2375
18:30:19.496 [Test worker] DEBUG com.github.dockerjava.zerodep.shaded.org.apache.hc.client5.http.headers - http-outgoing-1 >> Connection: keep-alive
18:30:19.496 [Test worker] DEBUG com.github.dockerjava.zerodep.shaded.org.apache.hc.client5.http.headers - http-outgoing-1 >> User-Agent: Apache-HttpClient/5.0.3 (Java/17.0.2)
18:30:19.496 [Test worker] DEBUG com.github.dockerjava.zerodep.shaded.org.apache.hc.client5.http.wire - http-outgoing-1 >> "GET /v1.32/containers/b4fc7afd97457a2a6ec84592488a57f900fa52ed03fcd2dbaf8a116bc1f50ab3/json HTTP/1.1[\r][\n]"
18:30:19.496 [Test worker] DEBUG com.github.dockerjava.zerodep.shaded.org.apache.hc.client5.http.wire - http-outgoing-1 >> "accept: application/json[\r][\n]"
18:30:19.496 [Test worker] DEBUG com.github.dockerjava.zerodep.shaded.org.apache.hc.client5.http.wire - http-outgoing-1 >> "x-tc-sid: cdd139c9-cde1-4429-bea7-edb0e651ba16[\r][\n]"
18:30:19.496 [Test worker] DEBUG com.github.dockerjava.zerodep.shaded.org.apache.hc.client5.http.wire - http-outgoing-1 >> "Accept-Encoding: gzip, x-gzip, deflate[\r][\n]"
18:30:19.496 [Test worker] DEBUG com.github.dockerjava.zerodep.shaded.org.apache.hc.client5.http.wire - http-outgoing-1 >> "Host: localhost:2375[\r][\n]"
18:30:19.496 [Test worker] DEBUG com.github.dockerjava.zerodep.shaded.org.apache.hc.client5.http.wire - http-outgoing-1 >> "Connection: keep-alive[\r][\n]"
18:30:19.496 [Test worker] DEBUG com.github.dockerjava.zerodep.shaded.org.apache.hc.client5.http.wire - http-outgoing-1 >> "User-Agent: Apache-HttpClient/5.0.3 (Java/17.0.2)[\r][\n]"
18:30:19.496 [Test worker] DEBUG com.github.dockerjava.zerodep.shaded.org.apache.hc.client5.http.wire - http-outgoing-1 >> "[\r][\n]"
18:30:19.499 [Test worker] DEBUG com.github.dockerjava.zerodep.shaded.org.apache.hc.client5.http.wire - http-outgoing-1 << "HTTP/1.1 200 OK[\r][\n]"
18:30:19.500 [Test worker] DEBUG com.github.dockerjava.zerodep.shaded.org.apache.hc.client5.http.wire - http-outgoing-1 << "Api-Version: 1.41[\r][\n]"
18:30:19.500 [Test worker] DEBUG com.github.dockerjava.zerodep.shaded.org.apache.hc.client5.http.wire - http-outgoing-1 << "Content-Type: application/json[\r][\n]"
18:30:19.500 [Test worker] DEBUG com.github.dockerjava.zerodep.shaded.org.apache.hc.client5.http.wire - http-outgoing-1 << "Docker-Experimental: false[\r][\n]"
18:30:19.500 [Test worker] DEBUG com.github.dockerjava.zerodep.shaded.org.apache.hc.client5.http.wire - http-outgoing-1 << "Ostype: linux[\r][\n]"
18:30:19.500 [Test worker] DEBUG com.github.dockerjava.zerodep.shaded.org.apache.hc.client5.http.wire - http-outgoing-1 << "Server: Docker/20.10.17 (linux)[\r][\n]"
18:30:19.500 [Test worker] DEBUG com.github.dockerjava.zerodep.shaded.org.apache.hc.client5.http.wire - http-outgoing-1 << "Date: Thu, 08 Dec 2022 21:30:19 GMT[\r][\n]"
18:30:19.500 [Test worker] DEBUG com.github.dockerjava.zerodep.shaded.org.apache.hc.client5.http.wire - http-outgoing-1 << "Transfer-Encoding: chunked[\r][\n]"
18:30:19.500 [Test worker] DEBUG com.github.dockerjava.zerodep.shaded.org.apache.hc.client5.http.wire - http-outgoing-1 << "[\r][\n]"
18:30:19.500 [Test worker] DEBUG com.github.dockerjava.zerodep.shaded.org.apache.hc.client5.http.wire - http-outgoing-1 << "18a6[\r][\n]"
18:30:19.500 [Test worker] DEBUG com.github.dockerjava.zerodep.shaded.org.apache.hc.client5.http.wire - http-outgoing-1 << "{"Id":"b4fc7afd97457a2a6ec84592488a57f900fa52ed03fcd2dbaf8a116bc1f50ab3","Created":"2022-12-08T21:30:11.801619537Z","Path":"docker-entrypoint.sh","Args":["mysqld"],"State":{"Status":"running","Running":true,"Paused":false,"Restarting":false,"OOMKilled":false,"Dead":false,"Pid":148084,"ExitCode":0,"Error":"","StartedAt":"2022-12-08T21:30:12.370762583Z","FinishedAt":"0001-01-01T00:00:00Z"},"Image":"sha256:7484689f290f1defe06b65befc54cb6ad91a667cf0af59a265ffe76c46bd0478","ResolvConfPath":"/var/lib/docker/containers/b4fc7afd97457a2a6ec84592488a57f900fa52ed03fcd2dbaf8a116bc1f50ab3/resolv.conf","HostnamePath":"/var/lib/docker/containers/b4fc7afd97457a2a6ec84592488a57f900fa52ed03fcd2dbaf8a116bc1f50ab3/hostname","HostsPath":"/var/lib/docker/containers/b4fc7afd97457a2a6ec84592488a57f900fa52ed03fcd2dbaf8a116bc1f50ab3/hosts","LogPath":"/var/lib/docker/containers/b4fc7afd97457a2a6ec84592488a57f900fa52ed03fcd2dbaf8a116bc1f50ab3/b4fc7afd97457a2a6ec84592488a57f900fa52ed03fcd2dbaf8a116bc1f50ab3-json.log","Name":"/agitated_ptolemy","RestartCount":0,"Driver":"overlay2","Platform":"linux","MountLabel":"","ProcessLabel":"","AppArmorProfile":"docker-default","ExecIDs":null,"HostConfig":{"Binds":[],"ContainerIDFile":"","LogConfig":{"Type":"json-file","Config":{}},"NetworkMode":"default","PortBindings":{"3306/tcp":[{"HostIp":"","HostPort":""}]},"RestartPolicy":{"Name":"","MaximumRetryCount":0},"AutoRemove":false,"VolumeDriver":"","VolumesFrom":[],"CapAdd":null,"CapDrop":null,"CgroupnsMode":"private","Dns":null,"DnsOptions":null,"DnsSearch":null,"ExtraHosts":[],"GroupAdd":null,"IpcMode":"shareable","Cgroup":"","Links":null,"OomScoreAdj":0,"PidMode":"","Privileged":false,"PublishAllPorts":false,"ReadonlyRootfs":false,"SecurityOpt":null,"UTSMode":"","UsernsMode":"","ShmSize":67108864,"Runtime":"runc","ConsoleSize":[0,0],"Isolation":"","CpuShares":0,"Memory":0,"NanoCpus":0,"CgroupParent":"","BlkioWeight":0,"BlkioWeightDevice":null,"BlkioDeviceReadBps":null,"BlkioDeviceWriteBps":null,"BlkioDeviceReadIOps":null,"BlkioDeviceWriteIOps":null,"CpuPeriod":0,"CpuQuota":0,"CpuRealtimePeriod":0,"CpuRealtimeRuntime":0,"CpusetCpus":"","CpusetMems":"","Devices":null,"DeviceCgroupRules":null,"DeviceRequests":null,"KernelMemory":0,"KernelMemoryTCP":0,"MemoryReservation":0,"MemorySwap":0,"MemorySwappiness":null,"OomKillDisable":null,"PidsLimit":null,"Ulimits":null,"CpuCount":0,"CpuPercent":0,"IOMaximumIOps":0,"IOMaximumBandwidth":0,"MaskedPaths":["/proc/asound","/proc/acpi","/proc/kcore","/proc/keys","/proc/latency_stats","/proc/timer_list","/proc/timer_stats","/proc/sched_debug","/proc/scsi","/sys/firmware"],"ReadonlyPaths":["/proc/bus","/proc/fs","/proc/irq","/proc/sys","/proc/sysrq-trigger"]},"GraphDriver":{"Data":{"LowerDir":"/var/lib/docker/overlay2/05794d51525f65619c615558ef5f93d7c33eef44e12313fdcb3942911d0b5f7d-init/diff:/var/lib/docker/overlay2/f079a69cfd5e80e906b12f05a0c7bfaabc56ce63e947db68b722ae30905f1239/diff:/var/lib/docker/overlay2/9dfb63d6bb556846a13012421dde7951ef83a14d8ce1882287cce66f0f9bd055/diff:/var/lib/docker/overlay2/c4f8874ae33ddd14488f5051cd953acc020fa00ea72d28bd530450c0bc8f9903/diff:/var/lib/docker/overlay2/992683766b46aa5653160e6a34283b579a75000e230890d0ec0a6204af735697/diff:/var/lib/docker/overlay2/6e3fba0e1d6501c91c9bec723bb1364f75599c6c2026a6dc71773c88a49f890a/diff:/var/lib/docker/overlay2/c6c2a366f45a69704761d45d296d71bf2bf315efb15cb06ad88925ed235fad81/diff:/var/lib/docker/overlay2/7555f9b18615244719d04b23296ba418195e5e569d47baf9f1da7c3f053fe194/diff:/var/lib/docker/overlay2/7752eb17f8f8ba44a5ed178f499901fa7eb6f2e031c29ab160ee4eff4db8edaa/diff:/var/lib/docker/overlay2/9683de8b3733106f256bd0eabc7cae13623b14493b9212e863449d42b8a87390/diff:/var/lib/docker/overlay2/f5e28e407d8811526fb7dd82e4fed08d5d3124c0f22f1a9496ed27b2b457d3dd/diff:/var/lib/docker/overlay2/e2980c91c6b3331cff3994ca6f327955bb5feaef0f96bc64edce80631fdbf829/di"
18:30:19.500 [Test worker] DEBUG com.github.dockerjava.zerodep.shaded.org.apache.hc.client5.http.headers - http-outgoing-1 << HTTP/1.1 200 OK
18:30:19.500 [Test worker] DEBUG com.github.dockerjava.zerodep.shaded.org.apache.hc.client5.http.headers - http-outgoing-1 << Api-Version: 1.41
18:30:19.500 [Test worker] DEBUG com.github.dockerjava.zerodep.shaded.org.apache.hc.client5.http.headers - http-outgoing-1 << Content-Type: application/json
18:30:19.500 [Test worker] DEBUG com.github.dockerjava.zerodep.shaded.org.apache.hc.client5.http.headers - http-outgoing-1 << Docker-Experimental: false
18:30:19.500 [Test worker] DEBUG com.github.dockerjava.zerodep.shaded.org.apache.hc.client5.http.headers - http-outgoing-1 << Ostype: linux
18:30:19.500 [Test worker] DEBUG com.github.dockerjava.zerodep.shaded.org.apache.hc.client5.http.headers - http-outgoing-1 << Server: Docker/20.10.17 (linux)
18:30:19.500 [Test worker] DEBUG com.github.dockerjava.zerodep.shaded.org.apache.hc.client5.http.headers - http-outgoing-1 << Date: Thu, 08 Dec 2022 21:30:19 GMT
18:30:19.500 [Test worker] DEBUG com.github.dockerjava.zerodep.shaded.org.apache.hc.client5.http.headers - http-outgoing-1 << Transfer-Encoding: chunked
18:30:19.500 [Test worker] DEBUG com.github.dockerjava.zerodep.shaded.org.apache.hc.client5.http.impl.classic.MainClientExec - ex-0000004C: connection can be kept alive for 3 MINUTES
18:30:19.500 [Test worker] DEBUG com.github.dockerjava.zerodep.shaded.org.apache.hc.client5.http.wire - http-outgoing-1 << "ff","MergedDir":"/var/lib/docker/overlay2/05794d51525f65619c615558ef5f93d7c33eef44e12313fdcb3942911d0b5f7d/merged","UpperDir":"/var/lib/docker/overlay2/05794d51525f65619c615558ef5f93d7c33eef44e12313fdcb3942911d0b5f7d/diff","WorkDir":"/var/lib/docker/overlay2/05794d51525f65619c615558ef5f93d7c33eef44e12313fdcb3942911d0b5f7d/work"},"Name":"overlay2"},"Mounts":[{"Type":"volume","Name":"fe29345a30f82a1c969c40b069133e9d87168ce95967d67ac182ee42c059affb","Source":"/var/lib/docker/volumes/fe29345a30f82a1c969c40b069133e9d87168ce95967d67ac182ee42c059affb/_data","Destination":"/var/lib/mysql","Driver":"local","Mode":"","RW":true,"Propagation":""}],"Config":{"Hostname":"b4fc7afd9745","Domainname":"","User":"","AttachStdin":false,"AttachStdout":false,"AttachStderr":false,"ExposedPorts":{"3306/tcp":{},"33060/tcp":{}},"Tty":false,"OpenStdin":false,"StdinOnce":false,"Env":["MYSQL_DATABASE=adm_videos","MYSQL_PASSWORD=123456","MYSQL_ROOT_PASSWORD=123456","PATH=/usr/local/sbin:/usr/local/bin:/usr/sbin:/usr/bin:/sbin:/bin","GOSU_VERSION=1.14","MYSQL_MAJOR=8.0","MYSQL_VERSION=8.0.31-1.el8","MYSQL_SHELL_VERSION=8.0.31-1.el8"],"Cmd":["mysqld"],"Image":"mysql:latest","Volumes":{"/var/lib/mysql":{}},"WorkingDir":"","Entrypoint":["docker-entrypoint.sh"],"OnBuild":null,"Labels":{"org.testcontainers":"true","org.testcontainers.sessionId":"cdd139c9-cde1-4429-bea7-edb0e651ba16"}},"NetworkSettings":{"Bridge":"","SandboxID":"8404ec7d59006489fa5b6638879180586e9aa24c1c3ae79d40e26a8f453c93b1","HairpinMode":false,"LinkLocalIPv6Address":"","LinkLocalIPv6PrefixLen":0,"Ports":{"3306/tcp":[{"HostIp":"0.0.0.0","HostPort":"49156"},{"HostIp":"::","HostPort":"49156"}],"33060/tcp":null},"SandboxKey":"/var/run/docker/netns/8404ec7d5900","SecondaryIPAddresses":null,"SecondaryIPv6Addresses":null,"EndpointID":"28c851b70d88131a783e3d87b7c50320df5f3250ebca621b1b39353a2424212a","Gateway":"172.17.0.1","GlobalIPv6Address":"","GlobalIPv6PrefixLen":0,"IPAddress":"172.17.0.3","IPPrefixLen":16,"IPv6Gateway":"","MacAddress":"02:42:ac:11:00:03","Networks":{"bridge":{"IPAMConfig":null,"Links":null,"Aliases":null,"NetworkID":"bf06afe94eca8b5ab91eae0dbaa8561a6dd16832d429dcdbaa7ed1e003cfbe56","EndpointID":"28c851b70d88131a783e3d87b7c50320df5f3250ebca621b1b39353a2424212a","Gateway":"172.17.0.1","IPAddress":"172.17.0.3","IPPrefixLen":16,"IPv6Gateway":"","GlobalIPv6Address":"","GlobalIPv6PrefixLen":0,"MacAddress":"02:42:ac:11:00:03","DriverOpts":null}}}}[\n]"
18:30:19.501 [Test worker] DEBUG com.github.dockerjava.zerodep.shaded.org.apache.hc.client5.http.wire - http-outgoing-1 << "[\r][\n]"
18:30:19.501 [Test worker] DEBUG com.github.dockerjava.zerodep.shaded.org.apache.hc.client5.http.wire - http-outgoing-1 << "0[\r][\n]"
18:30:19.501 [Test worker] DEBUG com.github.dockerjava.zerodep.shaded.org.apache.hc.client5.http.wire - http-outgoing-1 << "[\r][\n]"
18:30:19.501 [Test worker] DEBUG com.github.dockerjava.zerodep.shaded.org.apache.hc.client5.http.impl.classic.InternalHttpClient - ep-0000004B: releasing valid endpoint
18:30:19.501 [Test worker] DEBUG com.github.dockerjava.zerodep.shaded.org.apache.hc.client5.http.impl.io.PoolingHttpClientConnectionManager - ep-0000004B: releasing endpoint
18:30:19.501 [Test worker] DEBUG com.github.dockerjava.zerodep.shaded.org.apache.hc.client5.http.impl.io.PoolingHttpClientConnectionManager - ep-0000004B: connection http-outgoing-1 can be kept alive for 3 MINUTES
18:30:19.501 [Test worker] DEBUG com.github.dockerjava.zerodep.shaded.org.apache.hc.client5.http.impl.io.PoolingHttpClientConnectionManager - ep-0000004B: connection released [route: {}->unix://localhost:2375][total available: 1; route allocated: 1 of 2147483647; total allocated: 1 of 2147483647]
18:30:19.501 [Test worker] DEBUG ]]>&#x1f433;<![CDATA[ [mysql:latest] - Trying to create JDBC connection using com.mysql.cj.jdbc.Driver to jdbc:mysql://localhost:49156/adm_videos?useSSL=false&allowPublicKeyRetrieval=true with properties: {password=123456, user=root}
18:30:19.603 [Test worker] DEBUG org.testcontainers.shaded.com.github.dockerjava.core.command.AbstrDockerCmd - Cmd: b4fc7afd97457a2a6ec84592488a57f900fa52ed03fcd2dbaf8a116bc1f50ab3,false
18:30:19.603 [Test worker] DEBUG org.testcontainers.shaded.com.github.dockerjava.core.exec.InspectContainerCmdExec - GET: DefaultWebTarget{path=[/containers/b4fc7afd97457a2a6ec84592488a57f900fa52ed03fcd2dbaf8a116bc1f50ab3/json], queryParams={}}
18:30:19.603 [Test worker] DEBUG com.github.dockerjava.zerodep.shaded.org.apache.hc.client5.http.impl.classic.InternalHttpClient - ex-0000004D: preparing request execution
18:30:19.603 [Test worker] DEBUG com.github.dockerjava.zerodep.shaded.org.apache.hc.client5.http.protocol.RequestAddCookies - Cookie spec selected: strict
18:30:19.603 [Test worker] DEBUG com.github.dockerjava.zerodep.shaded.org.apache.hc.client5.http.protocol.RequestAuthCache - Auth cache not set in the context
18:30:19.603 [Test worker] DEBUG com.github.dockerjava.zerodep.shaded.org.apache.hc.client5.http.impl.classic.ProtocolExec - ex-0000004D: target auth state: UNCHALLENGED
18:30:19.603 [Test worker] DEBUG com.github.dockerjava.zerodep.shaded.org.apache.hc.client5.http.impl.classic.ProtocolExec - ex-0000004D: proxy auth state: UNCHALLENGED
18:30:19.603 [Test worker] DEBUG com.github.dockerjava.zerodep.shaded.org.apache.hc.client5.http.impl.classic.ConnectExec - ex-0000004D: acquiring connection with route {}->unix://localhost:2375
18:30:19.603 [Test worker] DEBUG com.github.dockerjava.zerodep.shaded.org.apache.hc.client5.http.impl.classic.InternalHttpClient - ex-0000004D: acquiring endpoint (3 MINUTES)
18:30:19.603 [Test worker] DEBUG com.github.dockerjava.zerodep.shaded.org.apache.hc.client5.http.impl.io.PoolingHttpClientConnectionManager - ex-0000004D: endpoint lease request (3 MINUTES) [route: {}->unix://localhost:2375][total available: 1; route allocated: 1 of 2147483647; total allocated: 1 of 2147483647]
18:30:19.603 [Test worker] DEBUG com.github.dockerjava.zerodep.shaded.org.apache.hc.client5.http.impl.io.PoolingHttpClientConnectionManager - ex-0000004D: endpoint leased [route: {}->unix://localhost:2375][total available: 0; route allocated: 1 of 2147483647; total allocated: 1 of 2147483647]
18:30:19.603 [Test worker] DEBUG com.github.dockerjava.zerodep.shaded.org.apache.hc.client5.http.impl.io.PoolingHttpClientConnectionManager - ex-0000004D: acquired ep-0000004C
18:30:19.603 [Test worker] DEBUG com.github.dockerjava.zerodep.shaded.org.apache.hc.client5.http.impl.classic.InternalHttpClient - ex-0000004D: acquired endpoint ep-0000004C
18:30:19.603 [Test worker] DEBUG com.github.dockerjava.zerodep.shaded.org.apache.hc.client5.http.impl.classic.MainClientExec - ex-0000004D: executing GET /v1.32/containers/b4fc7afd97457a2a6ec84592488a57f900fa52ed03fcd2dbaf8a116bc1f50ab3/json HTTP/1.1
18:30:19.603 [Test worker] DEBUG com.github.dockerjava.zerodep.shaded.org.apache.hc.client5.http.impl.classic.InternalHttpClient - ep-0000004C: start execution ex-0000004D
18:30:19.603 [Test worker] DEBUG com.github.dockerjava.zerodep.shaded.org.apache.hc.client5.http.impl.io.PoolingHttpClientConnectionManager - ep-0000004C: executing exchange ex-0000004D over http-outgoing-1
18:30:19.603 [Test worker] DEBUG com.github.dockerjava.zerodep.shaded.org.apache.hc.client5.http.headers - http-outgoing-1 >> GET /v1.32/containers/b4fc7afd97457a2a6ec84592488a57f900fa52ed03fcd2dbaf8a116bc1f50ab3/json HTTP/1.1
18:30:19.603 [Test worker] DEBUG com.github.dockerjava.zerodep.shaded.org.apache.hc.client5.http.headers - http-outgoing-1 >> accept: application/json
18:30:19.603 [Test worker] DEBUG com.github.dockerjava.zerodep.shaded.org.apache.hc.client5.http.headers - http-outgoing-1 >> x-tc-sid: cdd139c9-cde1-4429-bea7-edb0e651ba16
18:30:19.603 [Test worker] DEBUG com.github.dockerjava.zerodep.shaded.org.apache.hc.client5.http.headers - http-outgoing-1 >> Accept-Encoding: gzip, x-gzip, deflate
18:30:19.603 [Test worker] DEBUG com.github.dockerjava.zerodep.shaded.org.apache.hc.client5.http.headers - http-outgoing-1 >> Host: localhost:2375
18:30:19.604 [Test worker] DEBUG com.github.dockerjava.zerodep.shaded.org.apache.hc.client5.http.headers - http-outgoing-1 >> Connection: keep-alive
18:30:19.604 [Test worker] DEBUG com.github.dockerjava.zerodep.shaded.org.apache.hc.client5.http.headers - http-outgoing-1 >> User-Agent: Apache-HttpClient/5.0.3 (Java/17.0.2)
18:30:19.604 [Test worker] DEBUG com.github.dockerjava.zerodep.shaded.org.apache.hc.client5.http.wire - http-outgoing-1 >> "GET /v1.32/containers/b4fc7afd97457a2a6ec84592488a57f900fa52ed03fcd2dbaf8a116bc1f50ab3/json HTTP/1.1[\r][\n]"
18:30:19.604 [Test worker] DEBUG com.github.dockerjava.zerodep.shaded.org.apache.hc.client5.http.wire - http-outgoing-1 >> "accept: application/json[\r][\n]"
18:30:19.604 [Test worker] DEBUG com.github.dockerjava.zerodep.shaded.org.apache.hc.client5.http.wire - http-outgoing-1 >> "x-tc-sid: cdd139c9-cde1-4429-bea7-edb0e651ba16[\r][\n]"
18:30:19.604 [Test worker] DEBUG com.github.dockerjava.zerodep.shaded.org.apache.hc.client5.http.wire - http-outgoing-1 >> "Accept-Encoding: gzip, x-gzip, deflate[\r][\n]"
18:30:19.604 [Test worker] DEBUG com.github.dockerjava.zerodep.shaded.org.apache.hc.client5.http.wire - http-outgoing-1 >> "Host: localhost:2375[\r][\n]"
18:30:19.604 [Test worker] DEBUG com.github.dockerjava.zerodep.shaded.org.apache.hc.client5.http.wire - http-outgoing-1 >> "Connection: keep-alive[\r][\n]"
18:30:19.604 [Test worker] DEBUG com.github.dockerjava.zerodep.shaded.org.apache.hc.client5.http.wire - http-outgoing-1 >> "User-Agent: Apache-HttpClient/5.0.3 (Java/17.0.2)[\r][\n]"
18:30:19.604 [Test worker] DEBUG com.github.dockerjava.zerodep.shaded.org.apache.hc.client5.http.wire - http-outgoing-1 >> "[\r][\n]"
18:30:19.604 [Test worker] DEBUG com.github.dockerjava.zerodep.shaded.org.apache.hc.client5.http.wire - http-outgoing-1 << "HTTP/1.1 200 OK[\r][\n]"
18:30:19.604 [Test worker] DEBUG com.github.dockerjava.zerodep.shaded.org.apache.hc.client5.http.wire - http-outgoing-1 << "Api-Version: 1.41[\r][\n]"
18:30:19.604 [Test worker] DEBUG com.github.dockerjava.zerodep.shaded.org.apache.hc.client5.http.wire - http-outgoing-1 << "Content-Type: application/json[\r][\n]"
18:30:19.604 [Test worker] DEBUG com.github.dockerjava.zerodep.shaded.org.apache.hc.client5.http.wire - http-outgoing-1 << "Docker-Experimental: false[\r][\n]"
18:30:19.604 [Test worker] DEBUG com.github.dockerjava.zerodep.shaded.org.apache.hc.client5.http.wire - http-outgoing-1 << "Ostype: linux[\r][\n]"
18:30:19.604 [Test worker] DEBUG com.github.dockerjava.zerodep.shaded.org.apache.hc.client5.http.wire - http-outgoing-1 << "Server: Docker/20.10.17 (linux)[\r][\n]"
18:30:19.604 [Test worker] DEBUG com.github.dockerjava.zerodep.shaded.org.apache.hc.client5.http.wire - http-outgoing-1 << "Date: Thu, 08 Dec 2022 21:30:19 GMT[\r][\n]"
18:30:19.604 [Test worker] DEBUG com.github.dockerjava.zerodep.shaded.org.apache.hc.client5.http.wire - http-outgoing-1 << "Transfer-Encoding: chunked[\r][\n]"
18:30:19.604 [Test worker] DEBUG com.github.dockerjava.zerodep.shaded.org.apache.hc.client5.http.wire - http-outgoing-1 << "[\r][\n]"
18:30:19.604 [Test worker] DEBUG com.github.dockerjava.zerodep.shaded.org.apache.hc.client5.http.wire - http-outgoing-1 << "18a6[\r][\n]"
18:30:19.604 [Test worker] DEBUG com.github.dockerjava.zerodep.shaded.org.apache.hc.client5.http.wire - http-outgoing-1 << "{"Id":"b4fc7afd97457a2a6ec84592488a57f900fa52ed03fcd2dbaf8a116bc1f50ab3","Created":"2022-12-08T21:30:11.801619537Z","Path":"docker-entrypoint.sh","Args":["mysqld"],"State":{"Status":"running","Running":true,"Paused":false,"Restarting":false,"OOMKilled":false,"Dead":false,"Pid":148084,"ExitCode":0,"Error":"","StartedAt":"2022-12-08T21:30:12.370762583Z","FinishedAt":"0001-01-01T00:00:00Z"},"Image":"sha256:7484689f290f1defe06b65befc54cb6ad91a667cf0af59a265ffe76c46bd0478","ResolvConfPath":"/var/lib/docker/containers/b4fc7afd97457a2a6ec84592488a57f900fa52ed03fcd2dbaf8a116bc1f50ab3/resolv.conf","HostnamePath":"/var/lib/docker/containers/b4fc7afd97457a2a6ec84592488a57f900fa52ed03fcd2dbaf8a116bc1f50ab3/hostname","HostsPath":"/var/lib/docker/containers/b4fc7afd97457a2a6ec84592488a57f900fa52ed03fcd2dbaf8a116bc1f50ab3/hosts","LogPath":"/var/lib/docker/containers/b4fc7afd97457a2a6ec84592488a57f900fa52ed03fcd2dbaf8a116bc1f50ab3/b4fc7afd97457a2a6ec84592488a57f900fa52ed03fcd2dbaf8a116bc1f50ab3-json.log","Name":"/agitated_ptolemy","RestartCount":0,"Driver":"overlay2","Platform":"linux","MountLabel":"","ProcessLabel":"","AppArmorProfile":"docker-default","ExecIDs":null,"HostConfig":{"Binds":[],"ContainerIDFile":"","LogConfig":{"Type":"json-file","Config":{}},"NetworkMode":"default","PortBindings":{"3306/tcp":[{"HostIp":"","HostPort":""}]},"RestartPolicy":{"Name":"","MaximumRetryCount":0},"AutoRemove":false,"VolumeDriver":"","VolumesFrom":[],"CapAdd":null,"CapDrop":null,"CgroupnsMode":"private","Dns":null,"DnsOptions":null,"DnsSearch":null,"ExtraHosts":[],"GroupAdd":null,"IpcMode":"shareable","Cgroup":"","Links":null,"OomScoreAdj":0,"PidMode":"","Privileged":false,"PublishAllPorts":false,"ReadonlyRootfs":false,"SecurityOpt":null,"UTSMode":"","UsernsMode":"","ShmSize":67108864,"Runtime":"runc","ConsoleSize":[0,0],"Isolation":"","CpuShares":0,"Memory":0,"NanoCpus":0,"CgroupParent":"","BlkioWeight":0,"BlkioWeightDevice":null,"BlkioDeviceReadBps":null,"BlkioDeviceWriteBps":null,"BlkioDeviceReadIOps":null,"BlkioDeviceWriteIOps":null,"CpuPeriod":0,"CpuQuota":0,"CpuRealtimePeriod":0,"CpuRealtimeRuntime":0,"CpusetCpus":"","CpusetMems":"","Devices":null,"DeviceCgroupRules":null,"DeviceRequests":null,"KernelMemory":0,"KernelMemoryTCP":0,"MemoryReservation":0,"MemorySwap":0,"MemorySwappiness":null,"OomKillDisable":null,"PidsLimit":null,"Ulimits":null,"CpuCount":0,"CpuPercent":0,"IOMaximumIOps":0,"IOMaximumBandwidth":0,"MaskedPaths":["/proc/asound","/proc/acpi","/proc/kcore","/proc/keys","/proc/latency_stats","/proc/timer_list","/proc/timer_stats","/proc/sched_debug","/proc/scsi","/sys/firmware"],"ReadonlyPaths":["/proc/bus","/proc/fs","/proc/irq","/proc/sys","/proc/sysrq-trigger"]},"GraphDriver":{"Data":{"LowerDir":"/var/lib/docker/overlay2/05794d51525f65619c615558ef5f93d7c33eef44e12313fdcb3942911d0b5f7d-init/diff:/var/lib/docker/overlay2/f079a69cfd5e80e906b12f05a0c7bfaabc56ce63e947db68b722ae30905f1239/diff:/var/lib/docker/overlay2/9dfb63d6bb556846a13012421dde7951ef83a14d8ce1882287cce66f0f9bd055/diff:/var/lib/docker/overlay2/c4f8874ae33ddd14488f5051cd953acc020fa00ea72d28bd530450c0bc8f9903/diff:/var/lib/docker/overlay2/992683766b46aa5653160e6a34283b579a75000e230890d0ec0a6204af735697/diff:/var/lib/docker/overlay2/6e3fba0e1d6501c91c9bec723bb1364f75599c6c2026a6dc71773c88a49f890a/diff:/var/lib/docker/overlay2/c6c2a366f45a69704761d45d296d71bf2bf315efb15cb06ad88925ed235fad81/diff:/var/lib/docker/overlay2/7555f9b18615244719d04b23296ba418195e5e569d47baf9f1da7c3f053fe194/diff:/var/lib/docker/overlay2/7752eb17f8f8ba44a5ed178f499901fa7eb6f2e031c29ab160ee4eff4db8edaa/diff:/var/lib/docker/overlay2/9683de8b3733106f256bd0eabc7cae13623b14493b9212e863449d42b8a87390/diff:/var/lib/docker/overlay2/f5e28e407d8811526fb7dd82e4fed08d5d3124c0f22f1a9496ed27b2b457d3dd/diff:/var/lib/docker/overlay2/e2980c91c6b3331cff3994ca6f327955bb5feaef0f96bc64edce80631fdbf829/diff","MergedDir":"/var/lib/docker/overlay2/05794d51525f65619c615558ef5f93d7c33eef44e12313fdcb3942911d0b5f7d/merged","UpperDir":"/var/lib/docker/overlay2/05794d51525f65619c615558ef5f93d7c33eef44e12313fdcb3942911d0b5f7d/diff","WorkDir":"/var/lib/docker/overlay2/05794d51525f65619c615558ef5f93d7c33eef44e12313fdcb3942911d0b5f7d/work"},"Name":"overlay2"},"Mounts":[{"Type":"volume","Name":"fe29345a30f82a1c969c40b069133e9d87168ce95967d67ac182ee42c059affb","Source":"/var/lib/docker/volumes/fe29345a30f82a1c969c40b069133e9d87168ce95967d67ac182ee42c059affb/_data","Destination":"/var/lib/mysql","Driver":"local","Mode":"","RW":true,"Propagation":""}],"Config":{"Hostname":"b4fc7afd9745","Domainname":"","User":"","AttachStdin":false,"AttachStdout":false,"AttachStderr":false,"ExposedPorts":{"3306/tcp":{},"33060/tcp":{}},"Tty":false,"OpenStdin":false,"StdinOnce":false,"Env":["MYSQL_DATABASE=adm_videos","MYSQL_PASSWORD=123456","MYSQL_ROOT_PASSWORD=123456","PATH=/usr/local/sbin:/usr/local/bin:/usr/sbin:/usr/bin:/sbin:/bin","GOSU_VERSION=1.14","MYSQL_MAJOR=8.0","MYSQL_VERSION=8.0.31-1.el8","MYSQL_SHELL_VERSION=8.0.31-1.el8"],"Cmd":["mysqld"],"Image":"mysql:latest","Volumes":{"/var/lib/mysql":{}},"WorkingDir":"","Entrypoint":["docker-entrypoint.sh"],"OnBuild":null,"Labels":{"org.testcontainers":"true","org.testcontainers.sessionId":"cdd139c9-cde1-4429-bea7-edb0e651ba16"}},"NetworkSettings":{"Bridge":"","SandboxID":"8404ec7d59006489fa5b6638879180586e9aa24c1c3ae79d40e26a8f453c93b1","HairpinMode":false,"LinkLocalIPv6Address":"","LinkLocalIPv6PrefixLen":0,"Ports":{"3306/tcp":[{"HostIp":"0.0.0.0","HostPort":"49156"},{"HostIp":"::","HostPort":"49156"}],"33060/tcp":null},"SandboxKey":"/var/run/docker/netns/8404ec7d5900","SecondaryIPAddresses":null,"SecondaryIPv6Addresses":null,"EndpointID":"28c851b70d88131a783e3d87b7c50320df5f3250ebca621b1b39353a2424212a","Gateway":"172.17.0.1","GlobalIPv6Address":"","GlobalIPv6PrefixLen":0,"IPAddress":"172.17.0.3","IPPrefixLen":16,"IPv6Gateway":"","MacAddress":"02:42:ac:11:00:03","Networks":{"bridge":{"IPAMConfig":null,"Links":null,"Aliases":null,"NetworkID":"bf06afe94eca8b5ab91eae0dbaa8561a6dd16832d429dcdbaa7ed1e003cfbe56","EndpointID":"28c851b70d88131a783e3d87b7c50320df5f3250ebca621b1b39353a2424212a","Gateway":"172.17.0.1","IPAddress":"172.17.0.3","IPPrefixLen":16,"IPv6Gateway":"","GlobalIPv6Address":"","GlobalIPv6PrefixLen":0,"MacAddress":"02:42:ac:11:00:03","DriverOpts":null}}}}[\n]"
18:30:19.604 [Test worker] DEBUG com.github.dockerjava.zerodep.shaded.org.apache.hc.client5.http.wire - http-outgoing-1 << "[\r][\n]"
18:30:19.604 [Test worker] DEBUG com.github.dockerjava.zerodep.shaded.org.apache.hc.client5.http.wire - http-outgoing-1 << "0[\r][\n]"
18:30:19.604 [Test worker] DEBUG com.github.dockerjava.zerodep.shaded.org.apache.hc.client5.http.wire - http-outgoing-1 << "[\r][\n]"
18:30:19.604 [Test worker] DEBUG com.github.dockerjava.zerodep.shaded.org.apache.hc.client5.http.headers - http-outgoing-1 << HTTP/1.1 200 OK
18:30:19.604 [Test worker] DEBUG com.github.dockerjava.zerodep.shaded.org.apache.hc.client5.http.headers - http-outgoing-1 << Api-Version: 1.41
18:30:19.604 [Test worker] DEBUG com.github.dockerjava.zerodep.shaded.org.apache.hc.client5.http.headers - http-outgoing-1 << Content-Type: application/json
18:30:19.604 [Test worker] DEBUG com.github.dockerjava.zerodep.shaded.org.apache.hc.client5.http.headers - http-outgoing-1 << Docker-Experimental: false
18:30:19.604 [Test worker] DEBUG com.github.dockerjava.zerodep.shaded.org.apache.hc.client5.http.headers - http-outgoing-1 << Ostype: linux
18:30:19.604 [Test worker] DEBUG com.github.dockerjava.zerodep.shaded.org.apache.hc.client5.http.headers - http-outgoing-1 << Server: Docker/20.10.17 (linux)
18:30:19.604 [Test worker] DEBUG com.github.dockerjava.zerodep.shaded.org.apache.hc.client5.http.headers - http-outgoing-1 << Date: Thu, 08 Dec 2022 21:30:19 GMT
18:30:19.604 [Test worker] DEBUG com.github.dockerjava.zerodep.shaded.org.apache.hc.client5.http.headers - http-outgoing-1 << Transfer-Encoding: chunked
18:30:19.604 [Test worker] DEBUG com.github.dockerjava.zerodep.shaded.org.apache.hc.client5.http.impl.classic.MainClientExec - ex-0000004D: connection can be kept alive for 3 MINUTES
18:30:19.605 [Test worker] DEBUG com.github.dockerjava.zerodep.shaded.org.apache.hc.client5.http.impl.classic.InternalHttpClient - ep-0000004C: releasing valid endpoint
18:30:19.605 [Test worker] DEBUG com.github.dockerjava.zerodep.shaded.org.apache.hc.client5.http.impl.io.PoolingHttpClientConnectionManager - ep-0000004C: releasing endpoint
18:30:19.605 [Test worker] DEBUG com.github.dockerjava.zerodep.shaded.org.apache.hc.client5.http.impl.io.PoolingHttpClientConnectionManager - ep-0000004C: connection http-outgoing-1 can be kept alive for 3 MINUTES
18:30:19.605 [Test worker] DEBUG com.github.dockerjava.zerodep.shaded.org.apache.hc.client5.http.impl.io.PoolingHttpClientConnectionManager - ep-0000004C: connection released [route: {}->unix://localhost:2375][total available: 1; route allocated: 1 of 2147483647; total allocated: 1 of 2147483647]
18:30:19.605 [Test worker] DEBUG ]]>&#x1f433;<![CDATA[ [mysql:latest] - Trying to create JDBC connection using com.mysql.cj.jdbc.Driver to jdbc:mysql://localhost:49156/adm_videos?useSSL=false&allowPublicKeyRetrieval=true with properties: {password=123456, user=root}
18:30:19.707 [Test worker] DEBUG org.testcontainers.shaded.com.github.dockerjava.core.command.AbstrDockerCmd - Cmd: b4fc7afd97457a2a6ec84592488a57f900fa52ed03fcd2dbaf8a116bc1f50ab3,false
18:30:19.707 [Test worker] DEBUG org.testcontainers.shaded.com.github.dockerjava.core.exec.InspectContainerCmdExec - GET: DefaultWebTarget{path=[/containers/b4fc7afd97457a2a6ec84592488a57f900fa52ed03fcd2dbaf8a116bc1f50ab3/json], queryParams={}}
18:30:19.707 [Test worker] DEBUG com.github.dockerjava.zerodep.shaded.org.apache.hc.client5.http.impl.classic.InternalHttpClient - ex-0000004E: preparing request execution
18:30:19.707 [Test worker] DEBUG com.github.dockerjava.zerodep.shaded.org.apache.hc.client5.http.protocol.RequestAddCookies - Cookie spec selected: strict
18:30:19.707 [Test worker] DEBUG com.github.dockerjava.zerodep.shaded.org.apache.hc.client5.http.protocol.RequestAuthCache - Auth cache not set in the context
18:30:19.707 [Test worker] DEBUG com.github.dockerjava.zerodep.shaded.org.apache.hc.client5.http.impl.classic.ProtocolExec - ex-0000004E: target auth state: UNCHALLENGED
18:30:19.707 [Test worker] DEBUG com.github.dockerjava.zerodep.shaded.org.apache.hc.client5.http.impl.classic.ProtocolExec - ex-0000004E: proxy auth state: UNCHALLENGED
18:30:19.707 [Test worker] DEBUG com.github.dockerjava.zerodep.shaded.org.apache.hc.client5.http.impl.classic.ConnectExec - ex-0000004E: acquiring connection with route {}->unix://localhost:2375
18:30:19.707 [Test worker] DEBUG com.github.dockerjava.zerodep.shaded.org.apache.hc.client5.http.impl.classic.InternalHttpClient - ex-0000004E: acquiring endpoint (3 MINUTES)
18:30:19.707 [Test worker] DEBUG com.github.dockerjava.zerodep.shaded.org.apache.hc.client5.http.impl.io.PoolingHttpClientConnectionManager - ex-0000004E: endpoint lease request (3 MINUTES) [route: {}->unix://localhost:2375][total available: 1; route allocated: 1 of 2147483647; total allocated: 1 of 2147483647]
18:30:19.707 [Test worker] DEBUG com.github.dockerjava.zerodep.shaded.org.apache.hc.client5.http.impl.io.PoolingHttpClientConnectionManager - ex-0000004E: endpoint leased [route: {}->unix://localhost:2375][total available: 0; route allocated: 1 of 2147483647; total allocated: 1 of 2147483647]
18:30:19.707 [Test worker] DEBUG com.github.dockerjava.zerodep.shaded.org.apache.hc.client5.http.impl.io.PoolingHttpClientConnectionManager - ex-0000004E: acquired ep-0000004D
18:30:19.708 [Test worker] DEBUG com.github.dockerjava.zerodep.shaded.org.apache.hc.client5.http.impl.classic.InternalHttpClient - ex-0000004E: acquired endpoint ep-0000004D
18:30:19.708 [Test worker] DEBUG com.github.dockerjava.zerodep.shaded.org.apache.hc.client5.http.impl.classic.MainClientExec - ex-0000004E: executing GET /v1.32/containers/b4fc7afd97457a2a6ec84592488a57f900fa52ed03fcd2dbaf8a116bc1f50ab3/json HTTP/1.1
18:30:19.708 [Test worker] DEBUG com.github.dockerjava.zerodep.shaded.org.apache.hc.client5.http.impl.classic.InternalHttpClient - ep-0000004D: start execution ex-0000004E
18:30:19.708 [Test worker] DEBUG com.github.dockerjava.zerodep.shaded.org.apache.hc.client5.http.impl.io.PoolingHttpClientConnectionManager - ep-0000004D: executing exchange ex-0000004E over http-outgoing-1
18:30:19.708 [Test worker] DEBUG com.github.dockerjava.zerodep.shaded.org.apache.hc.client5.http.headers - http-outgoing-1 >> GET /v1.32/containers/b4fc7afd97457a2a6ec84592488a57f900fa52ed03fcd2dbaf8a116bc1f50ab3/json HTTP/1.1
18:30:19.708 [Test worker] DEBUG com.github.dockerjava.zerodep.shaded.org.apache.hc.client5.http.headers - http-outgoing-1 >> accept: application/json
18:30:19.708 [Test worker] DEBUG com.github.dockerjava.zerodep.shaded.org.apache.hc.client5.http.headers - http-outgoing-1 >> x-tc-sid: cdd139c9-cde1-4429-bea7-edb0e651ba16
18:30:19.708 [Test worker] DEBUG com.github.dockerjava.zerodep.shaded.org.apache.hc.client5.http.headers - http-outgoing-1 >> Accept-Encoding: gzip, x-gzip, deflate
18:30:19.708 [Test worker] DEBUG com.github.dockerjava.zerodep.shaded.org.apache.hc.client5.http.headers - http-outgoing-1 >> Host: localhost:2375
18:30:19.708 [Test worker] DEBUG com.github.dockerjava.zerodep.shaded.org.apache.hc.client5.http.headers - http-outgoing-1 >> Connection: keep-alive
18:30:19.708 [Test worker] DEBUG com.github.dockerjava.zerodep.shaded.org.apache.hc.client5.http.headers - http-outgoing-1 >> User-Agent: Apache-HttpClient/5.0.3 (Java/17.0.2)
18:30:19.708 [Test worker] DEBUG com.github.dockerjava.zerodep.shaded.org.apache.hc.client5.http.wire - http-outgoing-1 >> "GET /v1.32/containers/b4fc7afd97457a2a6ec84592488a57f900fa52ed03fcd2dbaf8a116bc1f50ab3/json HTTP/1.1[\r][\n]"
18:30:19.708 [Test worker] DEBUG com.github.dockerjava.zerodep.shaded.org.apache.hc.client5.http.wire - http-outgoing-1 >> "accept: application/json[\r][\n]"
18:30:19.708 [Test worker] DEBUG com.github.dockerjava.zerodep.shaded.org.apache.hc.client5.http.wire - http-outgoing-1 >> "x-tc-sid: cdd139c9-cde1-4429-bea7-edb0e651ba16[\r][\n]"
18:30:19.708 [Test worker] DEBUG com.github.dockerjava.zerodep.shaded.org.apache.hc.client5.http.wire - http-outgoing-1 >> "Accept-Encoding: gzip, x-gzip, deflate[\r][\n]"
18:30:19.708 [Test worker] DEBUG com.github.dockerjava.zerodep.shaded.org.apache.hc.client5.http.wire - http-outgoing-1 >> "Host: localhost:2375[\r][\n]"
18:30:19.708 [Test worker] DEBUG com.github.dockerjava.zerodep.shaded.org.apache.hc.client5.http.wire - http-outgoing-1 >> "Connection: keep-alive[\r][\n]"
18:30:19.708 [Test worker] DEBUG com.github.dockerjava.zerodep.shaded.org.apache.hc.client5.http.wire - http-outgoing-1 >> "User-Agent: Apache-HttpClient/5.0.3 (Java/17.0.2)[\r][\n]"
18:30:19.708 [Test worker] DEBUG com.github.dockerjava.zerodep.shaded.org.apache.hc.client5.http.wire - http-outgoing-1 >> "[\r][\n]"
18:30:19.715 [Test worker] DEBUG com.github.dockerjava.zerodep.shaded.org.apache.hc.client5.http.wire - http-outgoing-1 << "HTTP/1.1 200 OK[\r][\n]"
18:30:19.716 [Test worker] DEBUG com.github.dockerjava.zerodep.shaded.org.apache.hc.client5.http.wire - http-outgoing-1 << "Api-Version: 1.41[\r][\n]"
18:30:19.716 [Test worker] DEBUG com.github.dockerjava.zerodep.shaded.org.apache.hc.client5.http.wire - http-outgoing-1 << "Content-Type: application/json[\r][\n]"
18:30:19.716 [Test worker] DEBUG com.github.dockerjava.zerodep.shaded.org.apache.hc.client5.http.wire - http-outgoing-1 << "Docker-Experimental: false[\r][\n]"
18:30:19.716 [Test worker] DEBUG com.github.dockerjava.zerodep.shaded.org.apache.hc.client5.http.wire - http-outgoing-1 << "Ostype: linux[\r][\n]"
18:30:19.716 [Test worker] DEBUG com.github.dockerjava.zerodep.shaded.org.apache.hc.client5.http.wire - http-outgoing-1 << "Server: Docker/20.10.17 (linux)[\r][\n]"
18:30:19.716 [Test worker] DEBUG com.github.dockerjava.zerodep.shaded.org.apache.hc.client5.http.wire - http-outgoing-1 << "Date: Thu, 08 Dec 2022 21:30:19 GMT[\r][\n]"
18:30:19.716 [Test worker] DEBUG com.github.dockerjava.zerodep.shaded.org.apache.hc.client5.http.wire - http-outgoing-1 << "Transfer-Encoding: chunked[\r][\n]"
18:30:19.716 [Test worker] DEBUG com.github.dockerjava.zerodep.shaded.org.apache.hc.client5.http.wire - http-outgoing-1 << "[\r][\n]"
18:30:19.716 [Test worker] DEBUG com.github.dockerjava.zerodep.shaded.org.apache.hc.client5.http.wire - http-outgoing-1 << "18a6[\r][\n]"
18:30:19.716 [Test worker] DEBUG com.github.dockerjava.zerodep.shaded.org.apache.hc.client5.http.wire - http-outgoing-1 << "{"Id":"b4fc7afd97457a2a6ec84592488a57f900fa52ed03fcd2dbaf8a116bc1f50ab3","Created":"2022-12-08T21:30:11.801619537Z","Path":"docker-entrypoint.sh","Args":["mysqld"],"State":{"Status":"running","Running":true,"Paused":false,"Restarting":false,"OOMKilled":false,"Dead":false,"Pid":148084,"ExitCode":0,"Error":"","StartedAt":"2022-12-08T21:30:12.370762583Z","FinishedAt":"0001-01-01T00:00:00Z"},"Image":"sha256:7484689f290f1defe06b65befc54cb6ad91a667cf0af59a265ffe76c46bd0478","ResolvConfPath":"/var/lib/docker/containers/b4fc7afd97457a2a6ec84592488a57f900fa52ed03fcd2dbaf8a116bc1f50ab3/resolv.conf","HostnamePath":"/var/lib/docker/containers/b4fc7afd97457a2a6ec84592488a57f900fa52ed03fcd2dbaf8a116bc1f50ab3/hostname","HostsPath":"/var/lib/docker/containers/b4fc7afd97457a2a6ec84592488a57f900fa52ed03fcd2dbaf8a116bc1f50ab3/hosts","LogPath":"/var/lib/docker/containers/b4fc7afd97457a2a6ec84592488a57f900fa52ed03fcd2dbaf8a116bc1f50ab3/b4fc7afd97457a2a6ec84592488a57f900fa52ed03fcd2dbaf8a116bc1f50ab3-json.log","Name":"/agitated_ptolemy","RestartCount":0,"Driver":"overlay2","Platform":"linux","MountLabel":"","ProcessLabel":"","AppArmorProfile":"docker-default","ExecIDs":null,"HostConfig":{"Binds":[],"ContainerIDFile":"","LogConfig":{"Type":"json-file","Config":{}},"NetworkMode":"default","PortBindings":{"3306/tcp":[{"HostIp":"","HostPort":""}]},"RestartPolicy":{"Name":"","MaximumRetryCount":0},"AutoRemove":false,"VolumeDriver":"","VolumesFrom":[],"CapAdd":null,"CapDrop":null,"CgroupnsMode":"private","Dns":null,"DnsOptions":null,"DnsSearch":null,"ExtraHosts":[],"GroupAdd":null,"IpcMode":"shareable","Cgroup":"","Links":null,"OomScoreAdj":0,"PidMode":"","Privileged":false,"PublishAllPorts":false,"ReadonlyRootfs":false,"SecurityOpt":null,"UTSMode":"","UsernsMode":"","ShmSize":67108864,"Runtime":"runc","ConsoleSize":[0,0],"Isolation":"","CpuShares":0,"Memory":0,"NanoCpus":0,"CgroupParent":"","BlkioWeight":0,"BlkioWeightDevice":null,"BlkioDeviceReadBps":null,"BlkioDeviceWriteBps":null,"BlkioDeviceReadIOps":null,"BlkioDeviceWriteIOps":null,"CpuPeriod":0,"CpuQuota":0,"CpuRealtimePeriod":0,"CpuRealtimeRuntime":0,"CpusetCpus":"","CpusetMems":"","Devices":null,"DeviceCgroupRules":null,"DeviceRequests":null,"KernelMemory":0,"KernelMemoryTCP":0,"MemoryReservation":0,"MemorySwap":0,"MemorySwappiness":null,"OomKillDisable":null,"PidsLimit":null,"Ulimits":null,"CpuCount":0,"CpuPercent":0,"IOMaximumIOps":0,"IOMaximumBandwidth":0,"MaskedPaths":["/proc/asound","/proc/acpi","/proc/kcore","/proc/keys","/proc/latency_stats","/proc/timer_list","/proc/timer_stats","/proc/sched_debug","/proc/scsi","/sys/firmware"],"ReadonlyPaths":["/proc/bus","/proc/fs","/proc/irq","/proc/sys","/proc/sysrq-trigger"]},"GraphDriver":{"Data":{"LowerDir":"/var/lib/docker/overlay2/05794d51525f65619c615558ef5f93d7c33eef44e12313fdcb3942911d0b5f7d-init/diff:/var/lib/docker/overlay2/f079a69cfd5e80e906b12f05a0c7bfaabc56ce63e947db68b722ae30905f1239/diff:/var/lib/docker/overlay2/9dfb63d6bb556846a13012421dde7951ef83a14d8ce1882287cce66f0f9bd055/diff:/var/lib/docker/overlay2/c4f8874ae33ddd14488f5051cd953acc020fa00ea72d28bd530450c0bc8f9903/diff:/var/lib/docker/overlay2/992683766b46aa5653160e6a34283b579a75000e230890d0ec0a6204af735697/diff:/var/lib/docker/overlay2/6e3fba0e1d6501c91c9bec723bb1364f75599c6c2026a6dc71773c88a49f890a/diff:/var/lib/docker/overlay2/c6c2a366f45a69704761d45d296d71bf2bf315efb15cb06ad88925ed235fad81/diff:/var/lib/docker/overlay2/7555f9b18615244719d04b23296ba418195e5e569d47baf9f1da7c3f053fe194/diff:/var/lib/docker/overlay2/7752eb17f8f8ba44a5ed178f499901fa7eb6f2e031c29ab160ee4eff4db8edaa/diff:/var/lib/docker/overlay2/9683de8b3733106f256bd0eabc7cae13623b14493b9212e863449d42b8a87390/diff:/var/lib/docker/overlay2/f5e28e407d8811526fb7dd82e4fed08d5d3124c0f22f1a9496ed27b2b457d3dd/diff:/var/lib/docker/overlay2/e2980c91c6b3331cff3994ca6f327955bb5feaef0f96bc64edce80631fdbf829/diff","MergedDir":"/var/lib/docker/overlay2/05794d51525f65619c615558ef5f93d7c33eef44e12313fdcb3942911d0b5f7d/merged","UpperDir":"/var/lib/docker/overlay2/05794d51525f65619c615558ef5f93d7c33eef44e12313fdcb3942911d0b5f7d/diff","WorkDir":"/var/lib/docker/overlay2/05794d51525f65619c615558ef5f93d7c33eef44e12313fdcb3942911d0b5f7d/work"},"Name":"overlay2"},"Mounts":[{"Type":"volume","Name":"fe29345a30f82a1c969c40b069133e9d87168ce95967d67ac182ee42c059affb","Source":"/var/lib/docker/volumes/fe29345a30f82a1c969c40b069133e9d87168ce95967d67ac182ee42c059affb/_data","Destination":"/var/lib/mysql","Driver":"local","Mode":"","RW":true,"Propagation":""}],"Config":{"Hostname":"b4fc7afd9745","Domainname":"","User":"","AttachStdin":false,"AttachStdout":false,"AttachStderr":false,"ExposedPorts":{"3306/tcp":{},"33060/tcp":{}},"Tty":false,"OpenStdin":false,"StdinOnce":false,"Env":["MYSQL_DATABASE=adm_videos","MYSQL_PASSWORD=123456","MYSQL_ROOT_PASSWORD=123456","PATH=/usr/local/sbin:/usr/local/bin:/usr/sbin:/usr/bin:/sbin:/bin","GOSU_VERSION=1.14","MYSQL_MAJOR=8.0","MYSQL_VERSION=8.0.31-1.el8","MYSQL_SHELL_VERSION=8.0.31-1.el8"],"Cmd":["mysqld"],"Image":"mysql:latest","Volumes":{"/var/lib/mysql":{}},"WorkingDir":"","Entrypoint":["docker-entrypoint.sh"],"OnBuild":null,"Labels":{"org.testcontainers":"true","org.testcontainers.sessionId":"cdd139c9-cde1-4429-bea7-edb0e651ba16"}},"NetworkSettings":{"Bridge":"","SandboxID":"8404ec7d59006489fa5b6638879180586e9aa24c1c3ae79d40e26a8f453c93b1","HairpinMode":false,"LinkLocalIPv6Address":"","LinkLocalIPv6PrefixLen":0,"Ports":{"3306/tcp":[{"HostIp":"0.0.0.0","HostPort":"49156"},{"HostIp":"::","HostPort":"49156"}],"33060/tcp":null},"SandboxKey":"/var/run/docker/netns/8404ec7d5900","SecondaryIPAddresses":null,"SecondaryIPv6Addresses":null,"EndpointID":"28c851b70d88131a783e3d87b7c50320df5f3250ebca621b1b39353a2424212a","Gateway":"172.17.0.1","GlobalIPv6Address":"","GlobalIPv6PrefixLen":0,"IPAddress":"172.17.0.3","IPPrefixLen":16,"IPv6Gateway":"","MacAddress":"02:42:ac:11:00:03","Networks":{"bridge":{"IPAMConfig":null,"Links":null,"Aliases":null,"NetworkID":"bf06afe94eca8b5ab91eae0dbaa8561a6dd16832d429dcdbaa7ed1e003cfbe56","EndpointID":"28c851b70d88131a783e3d87b7c50320df5f3250ebca621b1b39353a2424212a","Gateway":"172.17.0.1","IPAddress":"172.17.0.3","IPPrefixLen":16,"IPv6Gateway":"","GlobalIPv6Address":"","GlobalIPv6PrefixLen":0,"MacAddress":"02:42:ac:11:00:03","DriverOpts":null}}}}[\n]"
18:30:19.716 [Test worker] DEBUG com.github.dockerjava.zerodep.shaded.org.apache.hc.client5.http.wire - http-outgoing-1 << "[\r][\n]"
18:30:19.716 [Test worker] DEBUG com.github.dockerjava.zerodep.shaded.org.apache.hc.client5.http.wire - http-outgoing-1 << "0[\r][\n]"
18:30:19.716 [Test worker] DEBUG com.github.dockerjava.zerodep.shaded.org.apache.hc.client5.http.wire - http-outgoing-1 << "[\r][\n]"
18:30:19.716 [Test worker] DEBUG com.github.dockerjava.zerodep.shaded.org.apache.hc.client5.http.headers - http-outgoing-1 << HTTP/1.1 200 OK
18:30:19.716 [Test worker] DEBUG com.github.dockerjava.zerodep.shaded.org.apache.hc.client5.http.headers - http-outgoing-1 << Api-Version: 1.41
18:30:19.716 [Test worker] DEBUG com.github.dockerjava.zerodep.shaded.org.apache.hc.client5.http.headers - http-outgoing-1 << Content-Type: application/json
18:30:19.716 [Test worker] DEBUG com.github.dockerjava.zerodep.shaded.org.apache.hc.client5.http.headers - http-outgoing-1 << Docker-Experimental: false
18:30:19.716 [Test worker] DEBUG com.github.dockerjava.zerodep.shaded.org.apache.hc.client5.http.headers - http-outgoing-1 << Ostype: linux
18:30:19.716 [Test worker] DEBUG com.github.dockerjava.zerodep.shaded.org.apache.hc.client5.http.headers - http-outgoing-1 << Server: Docker/20.10.17 (linux)
18:30:19.716 [Test worker] DEBUG com.github.dockerjava.zerodep.shaded.org.apache.hc.client5.http.headers - http-outgoing-1 << Date: Thu, 08 Dec 2022 21:30:19 GMT
18:30:19.716 [Test worker] DEBUG com.github.dockerjava.zerodep.shaded.org.apache.hc.client5.http.headers - http-outgoing-1 << Transfer-Encoding: chunked
18:30:19.716 [Test worker] DEBUG com.github.dockerjava.zerodep.shaded.org.apache.hc.client5.http.impl.classic.MainClientExec - ex-0000004E: connection can be kept alive for 3 MINUTES
18:30:19.717 [Test worker] DEBUG com.github.dockerjava.zerodep.shaded.org.apache.hc.client5.http.impl.classic.InternalHttpClient - ep-0000004D: releasing valid endpoint
18:30:19.717 [Test worker] DEBUG com.github.dockerjava.zerodep.shaded.org.apache.hc.client5.http.impl.io.PoolingHttpClientConnectionManager - ep-0000004D: releasing endpoint
18:30:19.717 [Test worker] DEBUG com.github.dockerjava.zerodep.shaded.org.apache.hc.client5.http.impl.io.PoolingHttpClientConnectionManager - ep-0000004D: connection http-outgoing-1 can be kept alive for 3 MINUTES
18:30:19.717 [Test worker] DEBUG com.github.dockerjava.zerodep.shaded.org.apache.hc.client5.http.impl.io.PoolingHttpClientConnectionManager - ep-0000004D: connection released [route: {}->unix://localhost:2375][total available: 1; route allocated: 1 of 2147483647; total allocated: 1 of 2147483647]
18:30:19.717 [Test worker] DEBUG ]]>&#x1f433;<![CDATA[ [mysql:latest] - Trying to create JDBC connection using com.mysql.cj.jdbc.Driver to jdbc:mysql://localhost:49156/adm_videos?useSSL=false&allowPublicKeyRetrieval=true with properties: {password=123456, user=root}
18:30:19.818 [Test worker] DEBUG org.testcontainers.shaded.com.github.dockerjava.core.command.AbstrDockerCmd - Cmd: b4fc7afd97457a2a6ec84592488a57f900fa52ed03fcd2dbaf8a116bc1f50ab3,false
18:30:19.818 [Test worker] DEBUG org.testcontainers.shaded.com.github.dockerjava.core.exec.InspectContainerCmdExec - GET: DefaultWebTarget{path=[/containers/b4fc7afd97457a2a6ec84592488a57f900fa52ed03fcd2dbaf8a116bc1f50ab3/json], queryParams={}}
18:30:19.818 [Test worker] DEBUG com.github.dockerjava.zerodep.shaded.org.apache.hc.client5.http.impl.classic.InternalHttpClient - ex-0000004F: preparing request execution
18:30:19.819 [Test worker] DEBUG com.github.dockerjava.zerodep.shaded.org.apache.hc.client5.http.protocol.RequestAddCookies - Cookie spec selected: strict
18:30:19.819 [Test worker] DEBUG com.github.dockerjava.zerodep.shaded.org.apache.hc.client5.http.protocol.RequestAuthCache - Auth cache not set in the context
18:30:19.819 [Test worker] DEBUG com.github.dockerjava.zerodep.shaded.org.apache.hc.client5.http.impl.classic.ProtocolExec - ex-0000004F: target auth state: UNCHALLENGED
18:30:19.819 [Test worker] DEBUG com.github.dockerjava.zerodep.shaded.org.apache.hc.client5.http.impl.classic.ProtocolExec - ex-0000004F: proxy auth state: UNCHALLENGED
18:30:19.819 [Test worker] DEBUG com.github.dockerjava.zerodep.shaded.org.apache.hc.client5.http.impl.classic.ConnectExec - ex-0000004F: acquiring connection with route {}->unix://localhost:2375
18:30:19.819 [Test worker] DEBUG com.github.dockerjava.zerodep.shaded.org.apache.hc.client5.http.impl.classic.InternalHttpClient - ex-0000004F: acquiring endpoint (3 MINUTES)
18:30:19.819 [Test worker] DEBUG com.github.dockerjava.zerodep.shaded.org.apache.hc.client5.http.impl.io.PoolingHttpClientConnectionManager - ex-0000004F: endpoint lease request (3 MINUTES) [route: {}->unix://localhost:2375][total available: 1; route allocated: 1 of 2147483647; total allocated: 1 of 2147483647]
18:30:19.819 [Test worker] DEBUG com.github.dockerjava.zerodep.shaded.org.apache.hc.client5.http.impl.io.PoolingHttpClientConnectionManager - ex-0000004F: endpoint leased [route: {}->unix://localhost:2375][total available: 0; route allocated: 1 of 2147483647; total allocated: 1 of 2147483647]
18:30:19.819 [Test worker] DEBUG com.github.dockerjava.zerodep.shaded.org.apache.hc.client5.http.impl.io.PoolingHttpClientConnectionManager - ex-0000004F: acquired ep-0000004E
18:30:19.819 [Test worker] DEBUG com.github.dockerjava.zerodep.shaded.org.apache.hc.client5.http.impl.classic.InternalHttpClient - ex-0000004F: acquired endpoint ep-0000004E
18:30:19.819 [Test worker] DEBUG com.github.dockerjava.zerodep.shaded.org.apache.hc.client5.http.impl.classic.MainClientExec - ex-0000004F: executing GET /v1.32/containers/b4fc7afd97457a2a6ec84592488a57f900fa52ed03fcd2dbaf8a116bc1f50ab3/json HTTP/1.1
18:30:19.819 [Test worker] DEBUG com.github.dockerjava.zerodep.shaded.org.apache.hc.client5.http.impl.classic.InternalHttpClient - ep-0000004E: start execution ex-0000004F
18:30:19.819 [Test worker] DEBUG com.github.dockerjava.zerodep.shaded.org.apache.hc.client5.http.impl.io.PoolingHttpClientConnectionManager - ep-0000004E: executing exchange ex-0000004F over http-outgoing-1
18:30:19.819 [Test worker] DEBUG com.github.dockerjava.zerodep.shaded.org.apache.hc.client5.http.headers - http-outgoing-1 >> GET /v1.32/containers/b4fc7afd97457a2a6ec84592488a57f900fa52ed03fcd2dbaf8a116bc1f50ab3/json HTTP/1.1
18:30:19.819 [Test worker] DEBUG com.github.dockerjava.zerodep.shaded.org.apache.hc.client5.http.headers - http-outgoing-1 >> accept: application/json
18:30:19.819 [Test worker] DEBUG com.github.dockerjava.zerodep.shaded.org.apache.hc.client5.http.headers - http-outgoing-1 >> x-tc-sid: cdd139c9-cde1-4429-bea7-edb0e651ba16
18:30:19.819 [Test worker] DEBUG com.github.dockerjava.zerodep.shaded.org.apache.hc.client5.http.headers - http-outgoing-1 >> Accept-Encoding: gzip, x-gzip, deflate
18:30:19.819 [Test worker] DEBUG com.github.dockerjava.zerodep.shaded.org.apache.hc.client5.http.headers - http-outgoing-1 >> Host: localhost:2375
18:30:19.819 [Test worker] DEBUG com.github.dockerjava.zerodep.shaded.org.apache.hc.client5.http.headers - http-outgoing-1 >> Connection: keep-alive
18:30:19.819 [Test worker] DEBUG com.github.dockerjava.zerodep.shaded.org.apache.hc.client5.http.headers - http-outgoing-1 >> User-Agent: Apache-HttpClient/5.0.3 (Java/17.0.2)
18:30:19.819 [Test worker] DEBUG com.github.dockerjava.zerodep.shaded.org.apache.hc.client5.http.wire - http-outgoing-1 >> "GET /v1.32/containers/b4fc7afd97457a2a6ec84592488a57f900fa52ed03fcd2dbaf8a116bc1f50ab3/json HTTP/1.1[\r][\n]"
18:30:19.819 [Test worker] DEBUG com.github.dockerjava.zerodep.shaded.org.apache.hc.client5.http.wire - http-outgoing-1 >> "accept: application/json[\r][\n]"
18:30:19.819 [Test worker] DEBUG com.github.dockerjava.zerodep.shaded.org.apache.hc.client5.http.wire - http-outgoing-1 >> "x-tc-sid: cdd139c9-cde1-4429-bea7-edb0e651ba16[\r][\n]"
18:30:19.819 [Test worker] DEBUG com.github.dockerjava.zerodep.shaded.org.apache.hc.client5.http.wire - http-outgoing-1 >> "Accept-Encoding: gzip, x-gzip, deflate[\r][\n]"
18:30:19.819 [Test worker] DEBUG com.github.dockerjava.zerodep.shaded.org.apache.hc.client5.http.wire - http-outgoing-1 >> "Host: localhost:2375[\r][\n]"
18:30:19.819 [Test worker] DEBUG com.github.dockerjava.zerodep.shaded.org.apache.hc.client5.http.wire - http-outgoing-1 >> "Connection: keep-alive[\r][\n]"
18:30:19.819 [Test worker] DEBUG com.github.dockerjava.zerodep.shaded.org.apache.hc.client5.http.wire - http-outgoing-1 >> "User-Agent: Apache-HttpClient/5.0.3 (Java/17.0.2)[\r][\n]"
18:30:19.819 [Test worker] DEBUG com.github.dockerjava.zerodep.shaded.org.apache.hc.client5.http.wire - http-outgoing-1 >> "[\r][\n]"
18:30:19.820 [Test worker] DEBUG com.github.dockerjava.zerodep.shaded.org.apache.hc.client5.http.wire - http-outgoing-1 << "HTTP/1.1 200 OK[\r][\n]"
18:30:19.820 [Test worker] DEBUG com.github.dockerjava.zerodep.shaded.org.apache.hc.client5.http.wire - http-outgoing-1 << "Api-Version: 1.41[\r][\n]"
18:30:19.820 [Test worker] DEBUG com.github.dockerjava.zerodep.shaded.org.apache.hc.client5.http.wire - http-outgoing-1 << "Content-Type: application/json[\r][\n]"
18:30:19.820 [Test worker] DEBUG com.github.dockerjava.zerodep.shaded.org.apache.hc.client5.http.wire - http-outgoing-1 << "Docker-Experimental: false[\r][\n]"
18:30:19.820 [Test worker] DEBUG com.github.dockerjava.zerodep.shaded.org.apache.hc.client5.http.wire - http-outgoing-1 << "Ostype: linux[\r][\n]"
18:30:19.820 [Test worker] DEBUG com.github.dockerjava.zerodep.shaded.org.apache.hc.client5.http.wire - http-outgoing-1 << "Server: Docker/20.10.17 (linux)[\r][\n]"
18:30:19.820 [Test worker] DEBUG com.github.dockerjava.zerodep.shaded.org.apache.hc.client5.http.wire - http-outgoing-1 << "Date: Thu, 08 Dec 2022 21:30:19 GMT[\r][\n]"
18:30:19.820 [Test worker] DEBUG com.github.dockerjava.zerodep.shaded.org.apache.hc.client5.http.wire - http-outgoing-1 << "Transfer-Encoding: chunked[\r][\n]"
18:30:19.820 [Test worker] DEBUG com.github.dockerjava.zerodep.shaded.org.apache.hc.client5.http.wire - http-outgoing-1 << "[\r][\n]"
18:30:19.820 [Test worker] DEBUG com.github.dockerjava.zerodep.shaded.org.apache.hc.client5.http.wire - http-outgoing-1 << "18a6[\r][\n]"
18:30:19.820 [Test worker] DEBUG com.github.dockerjava.zerodep.shaded.org.apache.hc.client5.http.wire - http-outgoing-1 << "{"Id":"b4fc7afd97457a2a6ec84592488a57f900fa52ed03fcd2dbaf8a116bc1f50ab3","Created":"2022-12-08T21:30:11.801619537Z","Path":"docker-entrypoint.sh","Args":["mysqld"],"State":{"Status":"running","Running":true,"Paused":false,"Restarting":false,"OOMKilled":false,"Dead":false,"Pid":148084,"ExitCode":0,"Error":"","StartedAt":"2022-12-08T21:30:12.370762583Z","FinishedAt":"0001-01-01T00:00:00Z"},"Image":"sha256:7484689f290f1defe06b65befc54cb6ad91a667cf0af59a265ffe76c46bd0478","ResolvConfPath":"/var/lib/docker/containers/b4fc7afd97457a2a6ec84592488a57f900fa52ed03fcd2dbaf8a116bc1f50ab3/resolv.conf","HostnamePath":"/var/lib/docker/containers/b4fc7afd97457a2a6ec84592488a57f900fa52ed03fcd2dbaf8a116bc1f50ab3/hostname","HostsPath":"/var/lib/docker/containers/b4fc7afd97457a2a6ec84592488a57f900fa52ed03fcd2dbaf8a116bc1f50ab3/hosts","LogPath":"/var/lib/docker/containers/b4fc7afd97457a2a6ec84592488a57f900fa52ed03fcd2dbaf8a116bc1f50ab3/b4fc7afd97457a2a6ec84592488a57f900fa52ed03fcd2dbaf8a116bc1f50ab3-json.log","Name":"/agitated_ptolemy","RestartCount":0,"Driver":"overlay2","Platform":"linux","MountLabel":"","ProcessLabel":"","AppArmorProfile":"docker-default","ExecIDs":null,"HostConfig":{"Binds":[],"ContainerIDFile":"","LogConfig":{"Type":"json-file","Config":{}},"NetworkMode":"default","PortBindings":{"3306/tcp":[{"HostIp":"","HostPort":""}]},"RestartPolicy":{"Name":"","MaximumRetryCount":0},"AutoRemove":false,"VolumeDriver":"","VolumesFrom":[],"CapAdd":null,"CapDrop":null,"CgroupnsMode":"private","Dns":null,"DnsOptions":null,"DnsSearch":null,"ExtraHosts":[],"GroupAdd":null,"IpcMode":"shareable","Cgroup":"","Links":null,"OomScoreAdj":0,"PidMode":"","Privileged":false,"PublishAllPorts":false,"ReadonlyRootfs":false,"SecurityOpt":null,"UTSMode":"","UsernsMode":"","ShmSize":67108864,"Runtime":"runc","ConsoleSize":[0,0],"Isolation":"","CpuShares":0,"Memory":0,"NanoCpus":0,"CgroupParent":"","BlkioWeight":0,"BlkioWeightDevice":null,"BlkioDeviceReadBps":null,"BlkioDeviceWriteBps":null,"BlkioDeviceReadIOps":null,"BlkioDeviceWriteIOps":null,"CpuPeriod":0,"CpuQuota":0,"CpuRealtimePeriod":0,"CpuRealtimeRuntime":0,"CpusetCpus":"","CpusetMems":"","Devices":null,"DeviceCgroupRules":null,"DeviceRequests":null,"KernelMemory":0,"KernelMemoryTCP":0,"MemoryReservation":0,"MemorySwap":0,"MemorySwappiness":null,"OomKillDisable":null,"PidsLimit":null,"Ulimits":null,"CpuCount":0,"CpuPercent":0,"IOMaximumIOps":0,"IOMaximumBandwidth":0,"MaskedPaths":["/proc/asound","/proc/acpi","/proc/kcore","/proc/keys","/proc/latency_stats","/proc/timer_list","/proc/timer_stats","/proc/sched_debug","/proc/scsi","/sys/firmware"],"ReadonlyPaths":["/proc/bus","/proc/fs","/proc/irq","/proc/sys","/proc/sysrq-trigger"]},"GraphDriver":{"Data":{"LowerDir":"/var/lib/docker/overlay2/05794d51525f65619c615558ef5f93d7c33eef44e12313fdcb3942911d0b5f7d-init/diff:/var/lib/docker/overlay2/f079a69cfd5e80e906b12f05a0c7bfaabc56ce63e947db68b722ae30905f1239/diff:/var/lib/docker/overlay2/9dfb63d6bb556846a13012421dde7951ef83a14d8ce1882287cce66f0f9bd055/diff:/var/lib/docker/overlay2/c4f8874ae33ddd14488f5051cd953acc020fa00ea72d28bd530450c0bc8f9903/diff:/var/lib/docker/overlay2/992683766b46aa5653160e6a34283b579a75000e230890d0ec0a6204af735697/diff:/var/lib/docker/overlay2/6e3fba0e1d6501c91c9bec723bb1364f75599c6c2026a6dc71773c88a49f890a/diff:/var/lib/docker/overlay2/c6c2a366f45a69704761d45d296d71bf2bf315efb15cb06ad88925ed235fad81/diff:/var/lib/docker/overlay2/7555f9b18615244719d04b23296ba418195e5e569d47baf9f1da7c3f053fe194/diff:/var/lib/docker/overlay2/7752eb17f8f8ba44a5ed178f499901fa7eb6f2e031c29ab160ee4eff4db8edaa/diff:/var/lib/docker/overlay2/9683de8b3733106f256bd0eabc7cae13623b14493b9212e863449d42b8a87390/diff:/var/lib/docker/overlay2/f5e28e407d8811526fb7dd82e4fed08d5d3124c0f22f1a9496ed27b2b457d3dd/diff:/var/lib/docker/overlay2/e2980c91c6b3331cff3994ca6f327955bb5feaef0f96bc64edce80631fdbf829/di"
18:30:19.820 [Test worker] DEBUG com.github.dockerjava.zerodep.shaded.org.apache.hc.client5.http.headers - http-outgoing-1 << HTTP/1.1 200 OK
18:30:19.820 [Test worker] DEBUG com.github.dockerjava.zerodep.shaded.org.apache.hc.client5.http.headers - http-outgoing-1 << Api-Version: 1.41
18:30:19.820 [Test worker] DEBUG com.github.dockerjava.zerodep.shaded.org.apache.hc.client5.http.headers - http-outgoing-1 << Content-Type: application/json
18:30:19.820 [Test worker] DEBUG com.github.dockerjava.zerodep.shaded.org.apache.hc.client5.http.headers - http-outgoing-1 << Docker-Experimental: false
18:30:19.820 [Test worker] DEBUG com.github.dockerjava.zerodep.shaded.org.apache.hc.client5.http.headers - http-outgoing-1 << Ostype: linux
18:30:19.820 [Test worker] DEBUG com.github.dockerjava.zerodep.shaded.org.apache.hc.client5.http.headers - http-outgoing-1 << Server: Docker/20.10.17 (linux)
18:30:19.820 [Test worker] DEBUG com.github.dockerjava.zerodep.shaded.org.apache.hc.client5.http.headers - http-outgoing-1 << Date: Thu, 08 Dec 2022 21:30:19 GMT
18:30:19.820 [Test worker] DEBUG com.github.dockerjava.zerodep.shaded.org.apache.hc.client5.http.headers - http-outgoing-1 << Transfer-Encoding: chunked
18:30:19.820 [Test worker] DEBUG com.github.dockerjava.zerodep.shaded.org.apache.hc.client5.http.impl.classic.MainClientExec - ex-0000004F: connection can be kept alive for 3 MINUTES
18:30:19.820 [Test worker] DEBUG com.github.dockerjava.zerodep.shaded.org.apache.hc.client5.http.wire - http-outgoing-1 << "ff","MergedDir":"/var/lib/docker/overlay2/05794d51525f65619c615558ef5f93d7c33eef44e12313fdcb3942911d0b5f7d/merged","UpperDir":"/var/lib/docker/overlay2/05794d51525f65619c615558ef5f93d7c33eef44e12313fdcb3942911d0b5f7d/diff","WorkDir":"/var/lib/docker/overlay2/05794d51525f65619c615558ef5f93d7c33eef44e12313fdcb3942911d0b5f7d/work"},"Name":"overlay2"},"Mounts":[{"Type":"volume","Name":"fe29345a30f82a1c969c40b069133e9d87168ce95967d67ac182ee42c059affb","Source":"/var/lib/docker/volumes/fe29345a30f82a1c969c40b069133e9d87168ce95967d67ac182ee42c059affb/_data","Destination":"/var/lib/mysql","Driver":"local","Mode":"","RW":true,"Propagation":""}],"Config":{"Hostname":"b4fc7afd9745","Domainname":"","User":"","AttachStdin":false,"AttachStdout":false,"AttachStderr":false,"ExposedPorts":{"3306/tcp":{},"33060/tcp":{}},"Tty":false,"OpenStdin":false,"StdinOnce":false,"Env":["MYSQL_DATABASE=adm_videos","MYSQL_PASSWORD=123456","MYSQL_ROOT_PASSWORD=123456","PATH=/usr/local/sbin:/usr/local/bin:/usr/sbin:/usr/bin:/sbin:/bin","GOSU_VERSION=1.14","MYSQL_MAJOR=8.0","MYSQL_VERSION=8.0.31-1.el8","MYSQL_SHELL_VERSION=8.0.31-1.el8"],"Cmd":["mysqld"],"Image":"mysql:latest","Volumes":{"/var/lib/mysql":{}},"WorkingDir":"","Entrypoint":["docker-entrypoint.sh"],"OnBuild":null,"Labels":{"org.testcontainers":"true","org.testcontainers.sessionId":"cdd139c9-cde1-4429-bea7-edb0e651ba16"}},"NetworkSettings":{"Bridge":"","SandboxID":"8404ec7d59006489fa5b6638879180586e9aa24c1c3ae79d40e26a8f453c93b1","HairpinMode":false,"LinkLocalIPv6Address":"","LinkLocalIPv6PrefixLen":0,"Ports":{"3306/tcp":[{"HostIp":"0.0.0.0","HostPort":"49156"},{"HostIp":"::","HostPort":"49156"}],"33060/tcp":null},"SandboxKey":"/var/run/docker/netns/8404ec7d5900","SecondaryIPAddresses":null,"SecondaryIPv6Addresses":null,"EndpointID":"28c851b70d88131a783e3d87b7c50320df5f3250ebca621b1b39353a2424212a","Gateway":"172.17.0.1","GlobalIPv6Address":"","GlobalIPv6PrefixLen":0,"IPAddress":"172.17.0.3","IPPrefixLen":16,"IPv6Gateway":"","MacAddress":"02:42:ac:11:00:03","Networks":{"bridge":{"IPAMConfig":null,"Links":null,"Aliases":null,"NetworkID":"bf06afe94eca8b5ab91eae0dbaa8561a6dd16832d429dcdbaa7ed1e003cfbe56","EndpointID":"28c851b70d88131a783e3d87b7c50320df5f3250ebca621b1b39353a2424212a","Gateway":"172.17.0.1","IPAddress":"172.17.0.3","IPPrefixLen":16,"IPv6Gateway":"","GlobalIPv6Address":"","GlobalIPv6PrefixLen":0,"MacAddress":"02:42:ac:11:00:03","DriverOpts":null}}}}[\n]"
18:30:19.821 [Test worker] DEBUG com.github.dockerjava.zerodep.shaded.org.apache.hc.client5.http.wire - http-outgoing-1 << "[\r][\n]"
18:30:19.821 [Test worker] DEBUG com.github.dockerjava.zerodep.shaded.org.apache.hc.client5.http.wire - http-outgoing-1 << "0[\r][\n]"
18:30:19.821 [Test worker] DEBUG com.github.dockerjava.zerodep.shaded.org.apache.hc.client5.http.wire - http-outgoing-1 << "[\r][\n]"
18:30:19.821 [Test worker] DEBUG com.github.dockerjava.zerodep.shaded.org.apache.hc.client5.http.impl.classic.InternalHttpClient - ep-0000004E: releasing valid endpoint
18:30:19.821 [Test worker] DEBUG com.github.dockerjava.zerodep.shaded.org.apache.hc.client5.http.impl.io.PoolingHttpClientConnectionManager - ep-0000004E: releasing endpoint
18:30:19.821 [Test worker] DEBUG com.github.dockerjava.zerodep.shaded.org.apache.hc.client5.http.impl.io.PoolingHttpClientConnectionManager - ep-0000004E: connection http-outgoing-1 can be kept alive for 3 MINUTES
18:30:19.821 [Test worker] DEBUG com.github.dockerjava.zerodep.shaded.org.apache.hc.client5.http.impl.io.PoolingHttpClientConnectionManager - ep-0000004E: connection released [route: {}->unix://localhost:2375][total available: 1; route allocated: 1 of 2147483647; total allocated: 1 of 2147483647]
18:30:19.821 [Test worker] DEBUG ]]>&#x1f433;<![CDATA[ [mysql:latest] - Trying to create JDBC connection using com.mysql.cj.jdbc.Driver to jdbc:mysql://localhost:49156/adm_videos?useSSL=false&allowPublicKeyRetrieval=true with properties: {password=123456, user=root}
18:30:19.922 [Test worker] DEBUG org.testcontainers.shaded.com.github.dockerjava.core.command.AbstrDockerCmd - Cmd: b4fc7afd97457a2a6ec84592488a57f900fa52ed03fcd2dbaf8a116bc1f50ab3,false
18:30:19.922 [Test worker] DEBUG org.testcontainers.shaded.com.github.dockerjava.core.exec.InspectContainerCmdExec - GET: DefaultWebTarget{path=[/containers/b4fc7afd97457a2a6ec84592488a57f900fa52ed03fcd2dbaf8a116bc1f50ab3/json], queryParams={}}
18:30:19.922 [Test worker] DEBUG com.github.dockerjava.zerodep.shaded.org.apache.hc.client5.http.impl.classic.InternalHttpClient - ex-00000050: preparing request execution
18:30:19.922 [Test worker] DEBUG com.github.dockerjava.zerodep.shaded.org.apache.hc.client5.http.protocol.RequestAddCookies - Cookie spec selected: strict
18:30:19.922 [Test worker] DEBUG com.github.dockerjava.zerodep.shaded.org.apache.hc.client5.http.protocol.RequestAuthCache - Auth cache not set in the context
18:30:19.923 [Test worker] DEBUG com.github.dockerjava.zerodep.shaded.org.apache.hc.client5.http.impl.classic.ProtocolExec - ex-00000050: target auth state: UNCHALLENGED
18:30:19.923 [Test worker] DEBUG com.github.dockerjava.zerodep.shaded.org.apache.hc.client5.http.impl.classic.ProtocolExec - ex-00000050: proxy auth state: UNCHALLENGED
18:30:19.923 [Test worker] DEBUG com.github.dockerjava.zerodep.shaded.org.apache.hc.client5.http.impl.classic.ConnectExec - ex-00000050: acquiring connection with route {}->unix://localhost:2375
18:30:19.923 [Test worker] DEBUG com.github.dockerjava.zerodep.shaded.org.apache.hc.client5.http.impl.classic.InternalHttpClient - ex-00000050: acquiring endpoint (3 MINUTES)
18:30:19.923 [Test worker] DEBUG com.github.dockerjava.zerodep.shaded.org.apache.hc.client5.http.impl.io.PoolingHttpClientConnectionManager - ex-00000050: endpoint lease request (3 MINUTES) [route: {}->unix://localhost:2375][total available: 1; route allocated: 1 of 2147483647; total allocated: 1 of 2147483647]
18:30:19.923 [Test worker] DEBUG com.github.dockerjava.zerodep.shaded.org.apache.hc.client5.http.impl.io.PoolingHttpClientConnectionManager - ex-00000050: endpoint leased [route: {}->unix://localhost:2375][total available: 0; route allocated: 1 of 2147483647; total allocated: 1 of 2147483647]
18:30:19.923 [Test worker] DEBUG com.github.dockerjava.zerodep.shaded.org.apache.hc.client5.http.impl.io.PoolingHttpClientConnectionManager - ex-00000050: acquired ep-0000004F
18:30:19.923 [Test worker] DEBUG com.github.dockerjava.zerodep.shaded.org.apache.hc.client5.http.impl.classic.InternalHttpClient - ex-00000050: acquired endpoint ep-0000004F
18:30:19.923 [Test worker] DEBUG com.github.dockerjava.zerodep.shaded.org.apache.hc.client5.http.impl.classic.MainClientExec - ex-00000050: executing GET /v1.32/containers/b4fc7afd97457a2a6ec84592488a57f900fa52ed03fcd2dbaf8a116bc1f50ab3/json HTTP/1.1
18:30:19.923 [Test worker] DEBUG com.github.dockerjava.zerodep.shaded.org.apache.hc.client5.http.impl.classic.InternalHttpClient - ep-0000004F: start execution ex-00000050
18:30:19.923 [Test worker] DEBUG com.github.dockerjava.zerodep.shaded.org.apache.hc.client5.http.impl.io.PoolingHttpClientConnectionManager - ep-0000004F: executing exchange ex-00000050 over http-outgoing-1
18:30:19.923 [Test worker] DEBUG com.github.dockerjava.zerodep.shaded.org.apache.hc.client5.http.headers - http-outgoing-1 >> GET /v1.32/containers/b4fc7afd97457a2a6ec84592488a57f900fa52ed03fcd2dbaf8a116bc1f50ab3/json HTTP/1.1
18:30:19.923 [Test worker] DEBUG com.github.dockerjava.zerodep.shaded.org.apache.hc.client5.http.headers - http-outgoing-1 >> accept: application/json
18:30:19.923 [Test worker] DEBUG com.github.dockerjava.zerodep.shaded.org.apache.hc.client5.http.headers - http-outgoing-1 >> x-tc-sid: cdd139c9-cde1-4429-bea7-edb0e651ba16
18:30:19.923 [Test worker] DEBUG com.github.dockerjava.zerodep.shaded.org.apache.hc.client5.http.headers - http-outgoing-1 >> Accept-Encoding: gzip, x-gzip, deflate
18:30:19.923 [Test worker] DEBUG com.github.dockerjava.zerodep.shaded.org.apache.hc.client5.http.headers - http-outgoing-1 >> Host: localhost:2375
18:30:19.923 [Test worker] DEBUG com.github.dockerjava.zerodep.shaded.org.apache.hc.client5.http.headers - http-outgoing-1 >> Connection: keep-alive
18:30:19.923 [Test worker] DEBUG com.github.dockerjava.zerodep.shaded.org.apache.hc.client5.http.headers - http-outgoing-1 >> User-Agent: Apache-HttpClient/5.0.3 (Java/17.0.2)
18:30:19.923 [Test worker] DEBUG com.github.dockerjava.zerodep.shaded.org.apache.hc.client5.http.wire - http-outgoing-1 >> "GET /v1.32/containers/b4fc7afd97457a2a6ec84592488a57f900fa52ed03fcd2dbaf8a116bc1f50ab3/json HTTP/1.1[\r][\n]"
18:30:19.923 [Test worker] DEBUG com.github.dockerjava.zerodep.shaded.org.apache.hc.client5.http.wire - http-outgoing-1 >> "accept: application/json[\r][\n]"
18:30:19.923 [Test worker] DEBUG com.github.dockerjava.zerodep.shaded.org.apache.hc.client5.http.wire - http-outgoing-1 >> "x-tc-sid: cdd139c9-cde1-4429-bea7-edb0e651ba16[\r][\n]"
18:30:19.923 [Test worker] DEBUG com.github.dockerjava.zerodep.shaded.org.apache.hc.client5.http.wire - http-outgoing-1 >> "Accept-Encoding: gzip, x-gzip, deflate[\r][\n]"
18:30:19.923 [Test worker] DEBUG com.github.dockerjava.zerodep.shaded.org.apache.hc.client5.http.wire - http-outgoing-1 >> "Host: localhost:2375[\r][\n]"
18:30:19.923 [Test worker] DEBUG com.github.dockerjava.zerodep.shaded.org.apache.hc.client5.http.wire - http-outgoing-1 >> "Connection: keep-alive[\r][\n]"
18:30:19.923 [Test worker] DEBUG com.github.dockerjava.zerodep.shaded.org.apache.hc.client5.http.wire - http-outgoing-1 >> "User-Agent: Apache-HttpClient/5.0.3 (Java/17.0.2)[\r][\n]"
18:30:19.923 [Test worker] DEBUG com.github.dockerjava.zerodep.shaded.org.apache.hc.client5.http.wire - http-outgoing-1 >> "[\r][\n]"
18:30:19.923 [Test worker] DEBUG com.github.dockerjava.zerodep.shaded.org.apache.hc.client5.http.wire - http-outgoing-1 << "HTTP/1.1 200 OK[\r][\n]"
18:30:19.923 [Test worker] DEBUG com.github.dockerjava.zerodep.shaded.org.apache.hc.client5.http.wire - http-outgoing-1 << "Api-Version: 1.41[\r][\n]"
18:30:19.923 [Test worker] DEBUG com.github.dockerjava.zerodep.shaded.org.apache.hc.client5.http.wire - http-outgoing-1 << "Content-Type: application/json[\r][\n]"
18:30:19.923 [Test worker] DEBUG com.github.dockerjava.zerodep.shaded.org.apache.hc.client5.http.wire - http-outgoing-1 << "Docker-Experimental: false[\r][\n]"
18:30:19.923 [Test worker] DEBUG com.github.dockerjava.zerodep.shaded.org.apache.hc.client5.http.wire - http-outgoing-1 << "Ostype: linux[\r][\n]"
18:30:19.923 [Test worker] DEBUG com.github.dockerjava.zerodep.shaded.org.apache.hc.client5.http.wire - http-outgoing-1 << "Server: Docker/20.10.17 (linux)[\r][\n]"
18:30:19.923 [Test worker] DEBUG com.github.dockerjava.zerodep.shaded.org.apache.hc.client5.http.wire - http-outgoing-1 << "Date: Thu, 08 Dec 2022 21:30:19 GMT[\r][\n]"
18:30:19.923 [Test worker] DEBUG com.github.dockerjava.zerodep.shaded.org.apache.hc.client5.http.wire - http-outgoing-1 << "Transfer-Encoding: chunked[\r][\n]"
18:30:19.923 [Test worker] DEBUG com.github.dockerjava.zerodep.shaded.org.apache.hc.client5.http.wire - http-outgoing-1 << "[\r][\n]"
18:30:19.923 [Test worker] DEBUG com.github.dockerjava.zerodep.shaded.org.apache.hc.client5.http.wire - http-outgoing-1 << "18a6[\r][\n]"
18:30:19.924 [Test worker] DEBUG com.github.dockerjava.zerodep.shaded.org.apache.hc.client5.http.wire - http-outgoing-1 << "{"Id":"b4fc7afd97457a2a6ec84592488a57f900fa52ed03fcd2dbaf8a116bc1f50ab3","Created":"2022-12-08T21:30:11.801619537Z","Path":"docker-entrypoint.sh","Args":["mysqld"],"State":{"Status":"running","Running":true,"Paused":false,"Restarting":false,"OOMKilled":false,"Dead":false,"Pid":148084,"ExitCode":0,"Error":"","StartedAt":"2022-12-08T21:30:12.370762583Z","FinishedAt":"0001-01-01T00:00:00Z"},"Image":"sha256:7484689f290f1defe06b65befc54cb6ad91a667cf0af59a265ffe76c46bd0478","ResolvConfPath":"/var/lib/docker/containers/b4fc7afd97457a2a6ec84592488a57f900fa52ed03fcd2dbaf8a116bc1f50ab3/resolv.conf","HostnamePath":"/var/lib/docker/containers/b4fc7afd97457a2a6ec84592488a57f900fa52ed03fcd2dbaf8a116bc1f50ab3/hostname","HostsPath":"/var/lib/docker/containers/b4fc7afd97457a2a6ec84592488a57f900fa52ed03fcd2dbaf8a116bc1f50ab3/hosts","LogPath":"/var/lib/docker/containers/b4fc7afd97457a2a6ec84592488a57f900fa52ed03fcd2dbaf8a116bc1f50ab3/b4fc7afd97457a2a6ec84592488a57f900fa52ed03fcd2dbaf8a116bc1f50ab3-json.log","Name":"/agitated_ptolemy","RestartCount":0,"Driver":"overlay2","Platform":"linux","MountLabel":"","ProcessLabel":"","AppArmorProfile":"docker-default","ExecIDs":null,"HostConfig":{"Binds":[],"ContainerIDFile":"","LogConfig":{"Type":"json-file","Config":{}},"NetworkMode":"default","PortBindings":{"3306/tcp":[{"HostIp":"","HostPort":""}]},"RestartPolicy":{"Name":"","MaximumRetryCount":0},"AutoRemove":false,"VolumeDriver":"","VolumesFrom":[],"CapAdd":null,"CapDrop":null,"CgroupnsMode":"private","Dns":null,"DnsOptions":null,"DnsSearch":null,"ExtraHosts":[],"GroupAdd":null,"IpcMode":"shareable","Cgroup":"","Links":null,"OomScoreAdj":0,"PidMode":"","Privileged":false,"PublishAllPorts":false,"ReadonlyRootfs":false,"SecurityOpt":null,"UTSMode":"","UsernsMode":"","ShmSize":67108864,"Runtime":"runc","ConsoleSize":[0,0],"Isolation":"","CpuShares":0,"Memory":0,"NanoCpus":0,"CgroupParent":"","BlkioWeight":0,"BlkioWeightDevice":null,"BlkioDeviceReadBps":null,"BlkioDeviceWriteBps":null,"BlkioDeviceReadIOps":null,"BlkioDeviceWriteIOps":null,"CpuPeriod":0,"CpuQuota":0,"CpuRealtimePeriod":0,"CpuRealtimeRuntime":0,"CpusetCpus":"","CpusetMems":"","Devices":null,"DeviceCgroupRules":null,"DeviceRequests":null,"KernelMemory":0,"KernelMemoryTCP":0,"MemoryReservation":0,"MemorySwap":0,"MemorySwappiness":null,"OomKillDisable":null,"PidsLimit":null,"Ulimits":null,"CpuCount":0,"CpuPercent":0,"IOMaximumIOps":0,"IOMaximumBandwidth":0,"MaskedPaths":["/proc/asound","/proc/acpi","/proc/kcore","/proc/keys","/proc/latency_stats","/proc/timer_list","/proc/timer_stats","/proc/sched_debug","/proc/scsi","/sys/firmware"],"ReadonlyPaths":["/proc/bus","/proc/fs","/proc/irq","/proc/sys","/proc/sysrq-trigger"]},"GraphDriver":{"Data":{"LowerDir":"/var/lib/docker/overlay2/05794d51525f65619c615558ef5f93d7c33eef44e12313fdcb3942911d0b5f7d-init/diff:/var/lib/docker/overlay2/f079a69cfd5e80e906b12f05a0c7bfaabc56ce63e947db68b722ae30905f1239/diff:/var/lib/docker/overlay2/9dfb63d6bb556846a13012421dde7951ef83a14d8ce1882287cce66f0f9bd055/diff:/var/lib/docker/overlay2/c4f8874ae33ddd14488f5051cd953acc020fa00ea72d28bd530450c0bc8f9903/diff:/var/lib/docker/overlay2/992683766b46aa5653160e6a34283b579a75000e230890d0ec0a6204af735697/diff:/var/lib/docker/overlay2/6e3fba0e1d6501c91c9bec723bb1364f75599c6c2026a6dc71773c88a49f890a/diff:/var/lib/docker/overlay2/c6c2a366f45a69704761d45d296d71bf2bf315efb15cb06ad88925ed235fad81/diff:/var/lib/docker/overlay2/7555f9b18615244719d04b23296ba418195e5e569d47baf9f1da7c3f053fe194/diff:/var/lib/docker/overlay2/7752eb17f8f8ba44a5ed178f499901fa7eb6f2e031c29ab160ee4eff4db8edaa/diff:/var/lib/docker/overlay2/9683de8b3733106f256bd0eabc7cae13623b14493b9212e863449d42b8a87390/diff:/var/lib/docker/overlay2/f5e28e407d8811526fb7dd82e4fed08d5d3124c0f22f1a9496ed27b2b457d3dd/diff:/var/lib/docker/overlay2/e2980c91c6b3331cff3994ca6f327955bb5feaef0f96bc64edce80631fdbf829/diff","MergedDir":"/var/lib/docker/overlay2/05794d51525f65619c615558ef5f93d7c33eef44e12313fdcb3942911d0b5f7d/merged","UpperDir":"/var/lib/docker/overlay2/05794d51525f65619c615558ef5f93d7c33eef44e12313fdcb3942911d0b5f7d/diff","WorkDir":"/var/lib/docker/overlay2/05794d51525f65619c615558ef5f93d7c33eef44e12313fdcb3942911d0b5f7d/work"},"Name":"overlay2"},"Mounts":[{"Type":"volume","Name":"fe29345a30f82a1c969c40b069133e9d87168ce95967d67ac182ee42c059affb","Source":"/var/lib/docker/volumes/fe29345a30f82a1c969c40b069133e9d87168ce95967d67ac182ee42c059affb/_data","Destination":"/var/lib/mysql","Driver":"local","Mode":"","RW":true,"Propagation":""}],"Config":{"Hostname":"b4fc7afd9745","Domainname":"","User":"","AttachStdin":false,"AttachStdout":false,"AttachStderr":false,"ExposedPorts":{"3306/tcp":{},"33060/tcp":{}},"Tty":false,"OpenStdin":false,"StdinOnce":false,"Env":["MYSQL_DATABASE=adm_videos","MYSQL_PASSWORD=123456","MYSQL_ROOT_PASSWORD=123456","PATH=/usr/local/sbin:/usr/local/bin:/usr/sbin:/usr/bin:/sbin:/bin","GOSU_VERSION=1.14","MYSQL_MAJOR=8.0","MYSQL_VERSION=8.0.31-1.el8","MYSQL_SHELL_VERSION=8.0.31-1.el8"],"Cmd":["mysqld"],"Image":"mysql:latest","Volumes":{"/var/lib/mysql":{}},"WorkingDir":"","Entrypoint":["docker-entrypoint.sh"],"OnBuild":null,"Labels":{"org.testcontainers":"true","org.testcontainers.sessionId":"cdd139c9-cde1-4429-bea7-edb0e651ba16"}},"NetworkSettings":{"Bridge":"","SandboxID":"8404ec7d59006489fa5b6638879180586e9aa24c1c3ae79d40e26a8f453c93b1","HairpinMode":false,"LinkLocalIPv6Address":"","LinkLocalIPv6PrefixLen":0,"Ports":{"3306/tcp":[{"HostIp":"0.0.0.0","HostPort":"49156"},{"HostIp":"::","HostPort":"49156"}],"33060/tcp":null},"SandboxKey":"/var/run/docker/netns/8404ec7d5900","SecondaryIPAddresses":null,"SecondaryIPv6Addresses":null,"EndpointID":"28c851b70d88131a783e3d87b7c50320df5f3250ebca621b1b39353a2424212a","Gateway":"172.17.0.1","GlobalIPv6Address":"","GlobalIPv6PrefixLen":0,"IPAddress":"172.17.0.3","IPPrefixLen":16,"IPv6Gateway":"","MacAddress":"02:42:ac:11:00:03","Networks":{"bridge":{"IPAMConfig":null,"Links":null,"Aliases":null,"NetworkID":"bf06afe94eca8b5ab91eae0dbaa8561a6dd16832d429dcdbaa7ed1e003cfbe56","EndpointID":"28c851b70d88131a783e3d87b7c50320df5f3250ebca621b1b39353a2424212a","Gateway":"172.17.0.1","IPAddress":"172.17.0.3","IPPrefixLen":16,"IPv6Gateway":"","GlobalIPv6Address":"","GlobalIPv6PrefixLen":0,"MacAddress":"02:42:ac:11:00:03","DriverOpts":null}}}}[\n]"
18:30:19.924 [Test worker] DEBUG com.github.dockerjava.zerodep.shaded.org.apache.hc.client5.http.wire - http-outgoing-1 << "[\r][\n]"
18:30:19.924 [Test worker] DEBUG com.github.dockerjava.zerodep.shaded.org.apache.hc.client5.http.wire - http-outgoing-1 << "0[\r][\n]"
18:30:19.924 [Test worker] DEBUG com.github.dockerjava.zerodep.shaded.org.apache.hc.client5.http.wire - http-outgoing-1 << "[\r][\n]"
18:30:19.924 [Test worker] DEBUG com.github.dockerjava.zerodep.shaded.org.apache.hc.client5.http.headers - http-outgoing-1 << HTTP/1.1 200 OK
18:30:19.924 [Test worker] DEBUG com.github.dockerjava.zerodep.shaded.org.apache.hc.client5.http.headers - http-outgoing-1 << Api-Version: 1.41
18:30:19.924 [Test worker] DEBUG com.github.dockerjava.zerodep.shaded.org.apache.hc.client5.http.headers - http-outgoing-1 << Content-Type: application/json
18:30:19.924 [Test worker] DEBUG com.github.dockerjava.zerodep.shaded.org.apache.hc.client5.http.headers - http-outgoing-1 << Docker-Experimental: false
18:30:19.924 [Test worker] DEBUG com.github.dockerjava.zerodep.shaded.org.apache.hc.client5.http.headers - http-outgoing-1 << Ostype: linux
18:30:19.924 [Test worker] DEBUG com.github.dockerjava.zerodep.shaded.org.apache.hc.client5.http.headers - http-outgoing-1 << Server: Docker/20.10.17 (linux)
18:30:19.924 [Test worker] DEBUG com.github.dockerjava.zerodep.shaded.org.apache.hc.client5.http.headers - http-outgoing-1 << Date: Thu, 08 Dec 2022 21:30:19 GMT
18:30:19.924 [Test worker] DEBUG com.github.dockerjava.zerodep.shaded.org.apache.hc.client5.http.headers - http-outgoing-1 << Transfer-Encoding: chunked
18:30:19.924 [Test worker] DEBUG com.github.dockerjava.zerodep.shaded.org.apache.hc.client5.http.impl.classic.MainClientExec - ex-00000050: connection can be kept alive for 3 MINUTES
18:30:19.924 [Test worker] DEBUG com.github.dockerjava.zerodep.shaded.org.apache.hc.client5.http.impl.classic.InternalHttpClient - ep-0000004F: releasing valid endpoint
18:30:19.924 [Test worker] DEBUG com.github.dockerjava.zerodep.shaded.org.apache.hc.client5.http.impl.io.PoolingHttpClientConnectionManager - ep-0000004F: releasing endpoint
18:30:19.925 [Test worker] DEBUG com.github.dockerjava.zerodep.shaded.org.apache.hc.client5.http.impl.io.PoolingHttpClientConnectionManager - ep-0000004F: connection http-outgoing-1 can be kept alive for 3 MINUTES
18:30:19.925 [Test worker] DEBUG com.github.dockerjava.zerodep.shaded.org.apache.hc.client5.http.impl.io.PoolingHttpClientConnectionManager - ep-0000004F: connection released [route: {}->unix://localhost:2375][total available: 1; route allocated: 1 of 2147483647; total allocated: 1 of 2147483647]
18:30:19.925 [Test worker] DEBUG ]]>&#x1f433;<![CDATA[ [mysql:latest] - Trying to create JDBC connection using com.mysql.cj.jdbc.Driver to jdbc:mysql://localhost:49156/adm_videos?useSSL=false&allowPublicKeyRetrieval=true with properties: {password=123456, user=root}
18:30:20.026 [Test worker] DEBUG org.testcontainers.shaded.com.github.dockerjava.core.command.AbstrDockerCmd - Cmd: b4fc7afd97457a2a6ec84592488a57f900fa52ed03fcd2dbaf8a116bc1f50ab3,false
18:30:20.026 [Test worker] DEBUG org.testcontainers.shaded.com.github.dockerjava.core.exec.InspectContainerCmdExec - GET: DefaultWebTarget{path=[/containers/b4fc7afd97457a2a6ec84592488a57f900fa52ed03fcd2dbaf8a116bc1f50ab3/json], queryParams={}}
18:30:20.026 [Test worker] DEBUG com.github.dockerjava.zerodep.shaded.org.apache.hc.client5.http.impl.classic.InternalHttpClient - ex-00000051: preparing request execution
18:30:20.026 [Test worker] DEBUG com.github.dockerjava.zerodep.shaded.org.apache.hc.client5.http.protocol.RequestAddCookies - Cookie spec selected: strict
18:30:20.026 [Test worker] DEBUG com.github.dockerjava.zerodep.shaded.org.apache.hc.client5.http.protocol.RequestAuthCache - Auth cache not set in the context
18:30:20.026 [Test worker] DEBUG com.github.dockerjava.zerodep.shaded.org.apache.hc.client5.http.impl.classic.ProtocolExec - ex-00000051: target auth state: UNCHALLENGED
18:30:20.026 [Test worker] DEBUG com.github.dockerjava.zerodep.shaded.org.apache.hc.client5.http.impl.classic.ProtocolExec - ex-00000051: proxy auth state: UNCHALLENGED
18:30:20.026 [Test worker] DEBUG com.github.dockerjava.zerodep.shaded.org.apache.hc.client5.http.impl.classic.ConnectExec - ex-00000051: acquiring connection with route {}->unix://localhost:2375
18:30:20.026 [Test worker] DEBUG com.github.dockerjava.zerodep.shaded.org.apache.hc.client5.http.impl.classic.InternalHttpClient - ex-00000051: acquiring endpoint (3 MINUTES)
18:30:20.026 [Test worker] DEBUG com.github.dockerjava.zerodep.shaded.org.apache.hc.client5.http.impl.io.PoolingHttpClientConnectionManager - ex-00000051: endpoint lease request (3 MINUTES) [route: {}->unix://localhost:2375][total available: 1; route allocated: 1 of 2147483647; total allocated: 1 of 2147483647]
18:30:20.026 [Test worker] DEBUG com.github.dockerjava.zerodep.shaded.org.apache.hc.client5.http.impl.io.PoolingHttpClientConnectionManager - ex-00000051: endpoint leased [route: {}->unix://localhost:2375][total available: 0; route allocated: 1 of 2147483647; total allocated: 1 of 2147483647]
18:30:20.027 [Test worker] DEBUG com.github.dockerjava.zerodep.shaded.org.apache.hc.client5.http.impl.io.PoolingHttpClientConnectionManager - ex-00000051: acquired ep-00000050
18:30:20.027 [Test worker] DEBUG com.github.dockerjava.zerodep.shaded.org.apache.hc.client5.http.impl.classic.InternalHttpClient - ex-00000051: acquired endpoint ep-00000050
18:30:20.027 [Test worker] DEBUG com.github.dockerjava.zerodep.shaded.org.apache.hc.client5.http.impl.classic.MainClientExec - ex-00000051: executing GET /v1.32/containers/b4fc7afd97457a2a6ec84592488a57f900fa52ed03fcd2dbaf8a116bc1f50ab3/json HTTP/1.1
18:30:20.027 [Test worker] DEBUG com.github.dockerjava.zerodep.shaded.org.apache.hc.client5.http.impl.classic.InternalHttpClient - ep-00000050: start execution ex-00000051
18:30:20.027 [Test worker] DEBUG com.github.dockerjava.zerodep.shaded.org.apache.hc.client5.http.impl.io.PoolingHttpClientConnectionManager - ep-00000050: executing exchange ex-00000051 over http-outgoing-1
18:30:20.027 [Test worker] DEBUG com.github.dockerjava.zerodep.shaded.org.apache.hc.client5.http.headers - http-outgoing-1 >> GET /v1.32/containers/b4fc7afd97457a2a6ec84592488a57f900fa52ed03fcd2dbaf8a116bc1f50ab3/json HTTP/1.1
18:30:20.027 [Test worker] DEBUG com.github.dockerjava.zerodep.shaded.org.apache.hc.client5.http.headers - http-outgoing-1 >> accept: application/json
18:30:20.027 [Test worker] DEBUG com.github.dockerjava.zerodep.shaded.org.apache.hc.client5.http.headers - http-outgoing-1 >> x-tc-sid: cdd139c9-cde1-4429-bea7-edb0e651ba16
18:30:20.027 [Test worker] DEBUG com.github.dockerjava.zerodep.shaded.org.apache.hc.client5.http.headers - http-outgoing-1 >> Accept-Encoding: gzip, x-gzip, deflate
18:30:20.027 [Test worker] DEBUG com.github.dockerjava.zerodep.shaded.org.apache.hc.client5.http.headers - http-outgoing-1 >> Host: localhost:2375
18:30:20.027 [Test worker] DEBUG com.github.dockerjava.zerodep.shaded.org.apache.hc.client5.http.headers - http-outgoing-1 >> Connection: keep-alive
18:30:20.027 [Test worker] DEBUG com.github.dockerjava.zerodep.shaded.org.apache.hc.client5.http.headers - http-outgoing-1 >> User-Agent: Apache-HttpClient/5.0.3 (Java/17.0.2)
18:30:20.027 [Test worker] DEBUG com.github.dockerjava.zerodep.shaded.org.apache.hc.client5.http.wire - http-outgoing-1 >> "GET /v1.32/containers/b4fc7afd97457a2a6ec84592488a57f900fa52ed03fcd2dbaf8a116bc1f50ab3/json HTTP/1.1[\r][\n]"
18:30:20.027 [Test worker] DEBUG com.github.dockerjava.zerodep.shaded.org.apache.hc.client5.http.wire - http-outgoing-1 >> "accept: application/json[\r][\n]"
18:30:20.027 [Test worker] DEBUG com.github.dockerjava.zerodep.shaded.org.apache.hc.client5.http.wire - http-outgoing-1 >> "x-tc-sid: cdd139c9-cde1-4429-bea7-edb0e651ba16[\r][\n]"
18:30:20.027 [Test worker] DEBUG com.github.dockerjava.zerodep.shaded.org.apache.hc.client5.http.wire - http-outgoing-1 >> "Accept-Encoding: gzip, x-gzip, deflate[\r][\n]"
18:30:20.027 [Test worker] DEBUG com.github.dockerjava.zerodep.shaded.org.apache.hc.client5.http.wire - http-outgoing-1 >> "Host: localhost:2375[\r][\n]"
18:30:20.027 [Test worker] DEBUG com.github.dockerjava.zerodep.shaded.org.apache.hc.client5.http.wire - http-outgoing-1 >> "Connection: keep-alive[\r][\n]"
18:30:20.027 [Test worker] DEBUG com.github.dockerjava.zerodep.shaded.org.apache.hc.client5.http.wire - http-outgoing-1 >> "User-Agent: Apache-HttpClient/5.0.3 (Java/17.0.2)[\r][\n]"
18:30:20.027 [Test worker] DEBUG com.github.dockerjava.zerodep.shaded.org.apache.hc.client5.http.wire - http-outgoing-1 >> "[\r][\n]"
18:30:20.027 [Test worker] DEBUG com.github.dockerjava.zerodep.shaded.org.apache.hc.client5.http.wire - http-outgoing-1 << "HTTP/1.1 200 OK[\r][\n]"
18:30:20.027 [Test worker] DEBUG com.github.dockerjava.zerodep.shaded.org.apache.hc.client5.http.wire - http-outgoing-1 << "Api-Version: 1.41[\r][\n]"
18:30:20.027 [Test worker] DEBUG com.github.dockerjava.zerodep.shaded.org.apache.hc.client5.http.wire - http-outgoing-1 << "Content-Type: application/json[\r][\n]"
18:30:20.027 [Test worker] DEBUG com.github.dockerjava.zerodep.shaded.org.apache.hc.client5.http.wire - http-outgoing-1 << "Docker-Experimental: false[\r][\n]"
18:30:20.027 [Test worker] DEBUG com.github.dockerjava.zerodep.shaded.org.apache.hc.client5.http.wire - http-outgoing-1 << "Ostype: linux[\r][\n]"
18:30:20.027 [Test worker] DEBUG com.github.dockerjava.zerodep.shaded.org.apache.hc.client5.http.wire - http-outgoing-1 << "Server: Docker/20.10.17 (linux)[\r][\n]"
18:30:20.027 [Test worker] DEBUG com.github.dockerjava.zerodep.shaded.org.apache.hc.client5.http.wire - http-outgoing-1 << "Date: Thu, 08 Dec 2022 21:30:20 GMT[\r][\n]"
18:30:20.027 [Test worker] DEBUG com.github.dockerjava.zerodep.shaded.org.apache.hc.client5.http.wire - http-outgoing-1 << "Transfer-Encoding: chunked[\r][\n]"
18:30:20.027 [Test worker] DEBUG com.github.dockerjava.zerodep.shaded.org.apache.hc.client5.http.wire - http-outgoing-1 << "[\r][\n]"
18:30:20.027 [Test worker] DEBUG com.github.dockerjava.zerodep.shaded.org.apache.hc.client5.http.wire - http-outgoing-1 << "18a6[\r][\n]"
18:30:20.027 [Test worker] DEBUG com.github.dockerjava.zerodep.shaded.org.apache.hc.client5.http.wire - http-outgoing-1 << "{"Id":"b4fc7afd97457a2a6ec84592488a57f900fa52ed03fcd2dbaf8a116bc1f50ab3","Created":"2022-12-08T21:30:11.801619537Z","Path":"docker-entrypoint.sh","Args":["mysqld"],"State":{"Status":"running","Running":true,"Paused":false,"Restarting":false,"OOMKilled":false,"Dead":false,"Pid":148084,"ExitCode":0,"Error":"","StartedAt":"2022-12-08T21:30:12.370762583Z","FinishedAt":"0001-01-01T00:00:00Z"},"Image":"sha256:7484689f290f1defe06b65befc54cb6ad91a667cf0af59a265ffe76c46bd0478","ResolvConfPath":"/var/lib/docker/containers/b4fc7afd97457a2a6ec84592488a57f900fa52ed03fcd2dbaf8a116bc1f50ab3/resolv.conf","HostnamePath":"/var/lib/docker/containers/b4fc7afd97457a2a6ec84592488a57f900fa52ed03fcd2dbaf8a116bc1f50ab3/hostname","HostsPath":"/var/lib/docker/containers/b4fc7afd97457a2a6ec84592488a57f900fa52ed03fcd2dbaf8a116bc1f50ab3/hosts","LogPath":"/var/lib/docker/containers/b4fc7afd97457a2a6ec84592488a57f900fa52ed03fcd2dbaf8a116bc1f50ab3/b4fc7afd97457a2a6ec84592488a57f900fa52ed03fcd2dbaf8a116bc1f50ab3-json.log","Name":"/agitated_ptolemy","RestartCount":0,"Driver":"overlay2","Platform":"linux","MountLabel":"","ProcessLabel":"","AppArmorProfile":"docker-default","ExecIDs":null,"HostConfig":{"Binds":[],"ContainerIDFile":"","LogConfig":{"Type":"json-file","Config":{}},"NetworkMode":"default","PortBindings":{"3306/tcp":[{"HostIp":"","HostPort":""}]},"RestartPolicy":{"Name":"","MaximumRetryCount":0},"AutoRemove":false,"VolumeDriver":"","VolumesFrom":[],"CapAdd":null,"CapDrop":null,"CgroupnsMode":"private","Dns":null,"DnsOptions":null,"DnsSearch":null,"ExtraHosts":[],"GroupAdd":null,"IpcMode":"shareable","Cgroup":"","Links":null,"OomScoreAdj":0,"PidMode":"","Privileged":false,"PublishAllPorts":false,"ReadonlyRootfs":false,"SecurityOpt":null,"UTSMode":"","UsernsMode":"","ShmSize":67108864,"Runtime":"runc","ConsoleSize":[0,0],"Isolation":"","CpuShares":0,"Memory":0,"NanoCpus":0,"CgroupParent":"","BlkioWeight":0,"BlkioWeightDevice":null,"BlkioDeviceReadBps":null,"BlkioDeviceWriteBps":null,"BlkioDeviceReadIOps":null,"BlkioDeviceWriteIOps":null,"CpuPeriod":0,"CpuQuota":0,"CpuRealtimePeriod":0,"CpuRealtimeRuntime":0,"CpusetCpus":"","CpusetMems":"","Devices":null,"DeviceCgroupRules":null,"DeviceRequests":null,"KernelMemory":0,"KernelMemoryTCP":0,"MemoryReservation":0,"MemorySwap":0,"MemorySwappiness":null,"OomKillDisable":null,"PidsLimit":null,"Ulimits":null,"CpuCount":0,"CpuPercent":0,"IOMaximumIOps":0,"IOMaximumBandwidth":0,"MaskedPaths":["/proc/asound","/proc/acpi","/proc/kcore","/proc/keys","/proc/latency_stats","/proc/timer_list","/proc/timer_stats","/proc/sched_debug","/proc/scsi","/sys/firmware"],"ReadonlyPaths":["/proc/bus","/proc/fs","/proc/irq","/proc/sys","/proc/sysrq-trigger"]},"GraphDriver":{"Data":{"LowerDir":"/var/lib/docker/overlay2/05794d51525f65619c615558ef5f93d7c33eef44e12313fdcb3942911d0b5f7d-init/diff:/var/lib/docker/overlay2/f079a69cfd5e80e906b12f05a0c7bfaabc56ce63e947db68b722ae30905f1239/diff:/var/lib/docker/overlay2/9dfb63d6bb556846a13012421dde7951ef83a14d8ce1882287cce66f0f9bd055/diff:/var/lib/docker/overlay2/c4f8874ae33ddd14488f5051cd953acc020fa00ea72d28bd530450c0bc8f9903/diff:/var/lib/docker/overlay2/992683766b46aa5653160e6a34283b579a75000e230890d0ec0a6204af735697/diff:/var/lib/docker/overlay2/6e3fba0e1d6501c91c9bec723bb1364f75599c6c2026a6dc71773c88a49f890a/diff:/var/lib/docker/overlay2/c6c2a366f45a69704761d45d296d71bf2bf315efb15cb06ad88925ed235fad81/diff:/var/lib/docker/overlay2/7555f9b18615244719d04b23296ba418195e5e569d47baf9f1da7c3f053fe194/diff:/var/lib/docker/overlay2/7752eb17f8f8ba44a5ed178f499901fa7eb6f2e031c29ab160ee4eff4db8edaa/diff:/var/lib/docker/overlay2/9683de8b3733106f256bd0eabc7cae13623b14493b9212e863449d42b8a87390/diff:/var/lib/docker/overlay2/f5e28e407d8811526fb7dd82e4fed08d5d3124c0f22f1a9496ed27b2b457d3dd/diff:/var/lib/docker/overlay2/e2980c91c6b3331cff3994ca6f327955bb5feaef0f96bc64edce80631fdbf829/di"
18:30:20.027 [Test worker] DEBUG com.github.dockerjava.zerodep.shaded.org.apache.hc.client5.http.headers - http-outgoing-1 << HTTP/1.1 200 OK
18:30:20.027 [Test worker] DEBUG com.github.dockerjava.zerodep.shaded.org.apache.hc.client5.http.headers - http-outgoing-1 << Api-Version: 1.41
18:30:20.027 [Test worker] DEBUG com.github.dockerjava.zerodep.shaded.org.apache.hc.client5.http.headers - http-outgoing-1 << Content-Type: application/json
18:30:20.027 [Test worker] DEBUG com.github.dockerjava.zerodep.shaded.org.apache.hc.client5.http.headers - http-outgoing-1 << Docker-Experimental: false
18:30:20.027 [Test worker] DEBUG com.github.dockerjava.zerodep.shaded.org.apache.hc.client5.http.headers - http-outgoing-1 << Ostype: linux
18:30:20.027 [Test worker] DEBUG com.github.dockerjava.zerodep.shaded.org.apache.hc.client5.http.headers - http-outgoing-1 << Server: Docker/20.10.17 (linux)
18:30:20.027 [Test worker] DEBUG com.github.dockerjava.zerodep.shaded.org.apache.hc.client5.http.headers - http-outgoing-1 << Date: Thu, 08 Dec 2022 21:30:20 GMT
18:30:20.027 [Test worker] DEBUG com.github.dockerjava.zerodep.shaded.org.apache.hc.client5.http.headers - http-outgoing-1 << Transfer-Encoding: chunked
18:30:20.027 [Test worker] DEBUG com.github.dockerjava.zerodep.shaded.org.apache.hc.client5.http.impl.classic.MainClientExec - ex-00000051: connection can be kept alive for 3 MINUTES
18:30:20.028 [Test worker] DEBUG com.github.dockerjava.zerodep.shaded.org.apache.hc.client5.http.wire - http-outgoing-1 << "ff","MergedDir":"/var/lib/docker/overlay2/05794d51525f65619c615558ef5f93d7c33eef44e12313fdcb3942911d0b5f7d/merged","UpperDir":"/var/lib/docker/overlay2/05794d51525f65619c615558ef5f93d7c33eef44e12313fdcb3942911d0b5f7d/diff","WorkDir":"/var/lib/docker/overlay2/05794d51525f65619c615558ef5f93d7c33eef44e12313fdcb3942911d0b5f7d/work"},"Name":"overlay2"},"Mounts":[{"Type":"volume","Name":"fe29345a30f82a1c969c40b069133e9d87168ce95967d67ac182ee42c059affb","Source":"/var/lib/docker/volumes/fe29345a30f82a1c969c40b069133e9d87168ce95967d67ac182ee42c059affb/_data","Destination":"/var/lib/mysql","Driver":"local","Mode":"","RW":true,"Propagation":""}],"Config":{"Hostname":"b4fc7afd9745","Domainname":"","User":"","AttachStdin":false,"AttachStdout":false,"AttachStderr":false,"ExposedPorts":{"3306/tcp":{},"33060/tcp":{}},"Tty":false,"OpenStdin":false,"StdinOnce":false,"Env":["MYSQL_DATABASE=adm_videos","MYSQL_PASSWORD=123456","MYSQL_ROOT_PASSWORD=123456","PATH=/usr/local/sbin:/usr/local/bin:/usr/sbin:/usr/bin:/sbin:/bin","GOSU_VERSION=1.14","MYSQL_MAJOR=8.0","MYSQL_VERSION=8.0.31-1.el8","MYSQL_SHELL_VERSION=8.0.31-1.el8"],"Cmd":["mysqld"],"Image":"mysql:latest","Volumes":{"/var/lib/mysql":{}},"WorkingDir":"","Entrypoint":["docker-entrypoint.sh"],"OnBuild":null,"Labels":{"org.testcontainers":"true","org.testcontainers.sessionId":"cdd139c9-cde1-4429-bea7-edb0e651ba16"}},"NetworkSettings":{"Bridge":"","SandboxID":"8404ec7d59006489fa5b6638879180586e9aa24c1c3ae79d40e26a8f453c93b1","HairpinMode":false,"LinkLocalIPv6Address":"","LinkLocalIPv6PrefixLen":0,"Ports":{"3306/tcp":[{"HostIp":"0.0.0.0","HostPort":"49156"},{"HostIp":"::","HostPort":"49156"}],"33060/tcp":null},"SandboxKey":"/var/run/docker/netns/8404ec7d5900","SecondaryIPAddresses":null,"SecondaryIPv6Addresses":null,"EndpointID":"28c851b70d88131a783e3d87b7c50320df5f3250ebca621b1b39353a2424212a","Gateway":"172.17.0.1","GlobalIPv6Address":"","GlobalIPv6PrefixLen":0,"IPAddress":"172.17.0.3","IPPrefixLen":16,"IPv6Gateway":"","MacAddress":"02:42:ac:11:00:03","Networks":{"bridge":{"IPAMConfig":null,"Links":null,"Aliases":null,"NetworkID":"bf06afe94eca8b5ab91eae0dbaa8561a6dd16832d429dcdbaa7ed1e003cfbe56","EndpointID":"28c851b70d88131a783e3d87b7c50320df5f3250ebca621b1b39353a2424212a","Gateway":"172.17.0.1","IPAddress":"172.17.0.3","IPPrefixLen":16,"IPv6Gateway":"","GlobalIPv6Address":"","GlobalIPv6PrefixLen":0,"MacAddress":"02:42:ac:11:00:03","DriverOpts":null}}}}[\n]"
18:30:20.028 [Test worker] DEBUG com.github.dockerjava.zerodep.shaded.org.apache.hc.client5.http.wire - http-outgoing-1 << "[\r][\n]"
18:30:20.028 [Test worker] DEBUG com.github.dockerjava.zerodep.shaded.org.apache.hc.client5.http.wire - http-outgoing-1 << "0[\r][\n]"
18:30:20.028 [Test worker] DEBUG com.github.dockerjava.zerodep.shaded.org.apache.hc.client5.http.wire - http-outgoing-1 << "[\r][\n]"
18:30:20.028 [Test worker] DEBUG com.github.dockerjava.zerodep.shaded.org.apache.hc.client5.http.impl.classic.InternalHttpClient - ep-00000050: releasing valid endpoint
18:30:20.028 [Test worker] DEBUG com.github.dockerjava.zerodep.shaded.org.apache.hc.client5.http.impl.io.PoolingHttpClientConnectionManager - ep-00000050: releasing endpoint
18:30:20.028 [Test worker] DEBUG com.github.dockerjava.zerodep.shaded.org.apache.hc.client5.http.impl.io.PoolingHttpClientConnectionManager - ep-00000050: connection http-outgoing-1 can be kept alive for 3 MINUTES
18:30:20.028 [Test worker] DEBUG com.github.dockerjava.zerodep.shaded.org.apache.hc.client5.http.impl.io.PoolingHttpClientConnectionManager - ep-00000050: connection released [route: {}->unix://localhost:2375][total available: 1; route allocated: 1 of 2147483647; total allocated: 1 of 2147483647]
18:30:20.028 [Test worker] DEBUG ]]>&#x1f433;<![CDATA[ [mysql:latest] - Trying to create JDBC connection using com.mysql.cj.jdbc.Driver to jdbc:mysql://localhost:49156/adm_videos?useSSL=false&allowPublicKeyRetrieval=true with properties: {password=123456, user=root}
18:30:20.129 [Test worker] DEBUG org.testcontainers.shaded.com.github.dockerjava.core.command.AbstrDockerCmd - Cmd: b4fc7afd97457a2a6ec84592488a57f900fa52ed03fcd2dbaf8a116bc1f50ab3,false
18:30:20.130 [Test worker] DEBUG org.testcontainers.shaded.com.github.dockerjava.core.exec.InspectContainerCmdExec - GET: DefaultWebTarget{path=[/containers/b4fc7afd97457a2a6ec84592488a57f900fa52ed03fcd2dbaf8a116bc1f50ab3/json], queryParams={}}
18:30:20.130 [Test worker] DEBUG com.github.dockerjava.zerodep.shaded.org.apache.hc.client5.http.impl.classic.InternalHttpClient - ex-00000052: preparing request execution
18:30:20.130 [Test worker] DEBUG com.github.dockerjava.zerodep.shaded.org.apache.hc.client5.http.protocol.RequestAddCookies - Cookie spec selected: strict
18:30:20.130 [Test worker] DEBUG com.github.dockerjava.zerodep.shaded.org.apache.hc.client5.http.protocol.RequestAuthCache - Auth cache not set in the context
18:30:20.130 [Test worker] DEBUG com.github.dockerjava.zerodep.shaded.org.apache.hc.client5.http.impl.classic.ProtocolExec - ex-00000052: target auth state: UNCHALLENGED
18:30:20.130 [Test worker] DEBUG com.github.dockerjava.zerodep.shaded.org.apache.hc.client5.http.impl.classic.ProtocolExec - ex-00000052: proxy auth state: UNCHALLENGED
18:30:20.130 [Test worker] DEBUG com.github.dockerjava.zerodep.shaded.org.apache.hc.client5.http.impl.classic.ConnectExec - ex-00000052: acquiring connection with route {}->unix://localhost:2375
18:30:20.130 [Test worker] DEBUG com.github.dockerjava.zerodep.shaded.org.apache.hc.client5.http.impl.classic.InternalHttpClient - ex-00000052: acquiring endpoint (3 MINUTES)
18:30:20.130 [Test worker] DEBUG com.github.dockerjava.zerodep.shaded.org.apache.hc.client5.http.impl.io.PoolingHttpClientConnectionManager - ex-00000052: endpoint lease request (3 MINUTES) [route: {}->unix://localhost:2375][total available: 1; route allocated: 1 of 2147483647; total allocated: 1 of 2147483647]
18:30:20.130 [Test worker] DEBUG com.github.dockerjava.zerodep.shaded.org.apache.hc.client5.http.impl.io.PoolingHttpClientConnectionManager - ex-00000052: endpoint leased [route: {}->unix://localhost:2375][total available: 0; route allocated: 1 of 2147483647; total allocated: 1 of 2147483647]
18:30:20.130 [Test worker] DEBUG com.github.dockerjava.zerodep.shaded.org.apache.hc.client5.http.impl.io.PoolingHttpClientConnectionManager - ex-00000052: acquired ep-00000051
18:30:20.130 [Test worker] DEBUG com.github.dockerjava.zerodep.shaded.org.apache.hc.client5.http.impl.classic.InternalHttpClient - ex-00000052: acquired endpoint ep-00000051
18:30:20.130 [Test worker] DEBUG com.github.dockerjava.zerodep.shaded.org.apache.hc.client5.http.impl.classic.MainClientExec - ex-00000052: executing GET /v1.32/containers/b4fc7afd97457a2a6ec84592488a57f900fa52ed03fcd2dbaf8a116bc1f50ab3/json HTTP/1.1
18:30:20.131 [Test worker] DEBUG com.github.dockerjava.zerodep.shaded.org.apache.hc.client5.http.impl.classic.InternalHttpClient - ep-00000051: start execution ex-00000052
18:30:20.131 [Test worker] DEBUG com.github.dockerjava.zerodep.shaded.org.apache.hc.client5.http.impl.io.PoolingHttpClientConnectionManager - ep-00000051: executing exchange ex-00000052 over http-outgoing-1
18:30:20.131 [Test worker] DEBUG com.github.dockerjava.zerodep.shaded.org.apache.hc.client5.http.headers - http-outgoing-1 >> GET /v1.32/containers/b4fc7afd97457a2a6ec84592488a57f900fa52ed03fcd2dbaf8a116bc1f50ab3/json HTTP/1.1
18:30:20.131 [Test worker] DEBUG com.github.dockerjava.zerodep.shaded.org.apache.hc.client5.http.headers - http-outgoing-1 >> accept: application/json
18:30:20.131 [Test worker] DEBUG com.github.dockerjava.zerodep.shaded.org.apache.hc.client5.http.headers - http-outgoing-1 >> x-tc-sid: cdd139c9-cde1-4429-bea7-edb0e651ba16
18:30:20.131 [Test worker] DEBUG com.github.dockerjava.zerodep.shaded.org.apache.hc.client5.http.headers - http-outgoing-1 >> Accept-Encoding: gzip, x-gzip, deflate
18:30:20.131 [Test worker] DEBUG com.github.dockerjava.zerodep.shaded.org.apache.hc.client5.http.headers - http-outgoing-1 >> Host: localhost:2375
18:30:20.131 [Test worker] DEBUG com.github.dockerjava.zerodep.shaded.org.apache.hc.client5.http.headers - http-outgoing-1 >> Connection: keep-alive
18:30:20.131 [Test worker] DEBUG com.github.dockerjava.zerodep.shaded.org.apache.hc.client5.http.headers - http-outgoing-1 >> User-Agent: Apache-HttpClient/5.0.3 (Java/17.0.2)
18:30:20.131 [Test worker] DEBUG com.github.dockerjava.zerodep.shaded.org.apache.hc.client5.http.wire - http-outgoing-1 >> "GET /v1.32/containers/b4fc7afd97457a2a6ec84592488a57f900fa52ed03fcd2dbaf8a116bc1f50ab3/json HTTP/1.1[\r][\n]"
18:30:20.131 [Test worker] DEBUG com.github.dockerjava.zerodep.shaded.org.apache.hc.client5.http.wire - http-outgoing-1 >> "accept: application/json[\r][\n]"
18:30:20.131 [Test worker] DEBUG com.github.dockerjava.zerodep.shaded.org.apache.hc.client5.http.wire - http-outgoing-1 >> "x-tc-sid: cdd139c9-cde1-4429-bea7-edb0e651ba16[\r][\n]"
18:30:20.131 [Test worker] DEBUG com.github.dockerjava.zerodep.shaded.org.apache.hc.client5.http.wire - http-outgoing-1 >> "Accept-Encoding: gzip, x-gzip, deflate[\r][\n]"
18:30:20.131 [Test worker] DEBUG com.github.dockerjava.zerodep.shaded.org.apache.hc.client5.http.wire - http-outgoing-1 >> "Host: localhost:2375[\r][\n]"
18:30:20.131 [Test worker] DEBUG com.github.dockerjava.zerodep.shaded.org.apache.hc.client5.http.wire - http-outgoing-1 >> "Connection: keep-alive[\r][\n]"
18:30:20.131 [Test worker] DEBUG com.github.dockerjava.zerodep.shaded.org.apache.hc.client5.http.wire - http-outgoing-1 >> "User-Agent: Apache-HttpClient/5.0.3 (Java/17.0.2)[\r][\n]"
18:30:20.131 [Test worker] DEBUG com.github.dockerjava.zerodep.shaded.org.apache.hc.client5.http.wire - http-outgoing-1 >> "[\r][\n]"
18:30:20.131 [Test worker] DEBUG com.github.dockerjava.zerodep.shaded.org.apache.hc.client5.http.wire - http-outgoing-1 << "HTTP/1.1 200 OK[\r][\n]"
18:30:20.131 [Test worker] DEBUG com.github.dockerjava.zerodep.shaded.org.apache.hc.client5.http.wire - http-outgoing-1 << "Api-Version: 1.41[\r][\n]"
18:30:20.131 [Test worker] DEBUG com.github.dockerjava.zerodep.shaded.org.apache.hc.client5.http.wire - http-outgoing-1 << "Content-Type: application/json[\r][\n]"
18:30:20.131 [Test worker] DEBUG com.github.dockerjava.zerodep.shaded.org.apache.hc.client5.http.wire - http-outgoing-1 << "Docker-Experimental: false[\r][\n]"
18:30:20.131 [Test worker] DEBUG com.github.dockerjava.zerodep.shaded.org.apache.hc.client5.http.wire - http-outgoing-1 << "Ostype: linux[\r][\n]"
18:30:20.131 [Test worker] DEBUG com.github.dockerjava.zerodep.shaded.org.apache.hc.client5.http.wire - http-outgoing-1 << "Server: Docker/20.10.17 (linux)[\r][\n]"
18:30:20.131 [Test worker] DEBUG com.github.dockerjava.zerodep.shaded.org.apache.hc.client5.http.wire - http-outgoing-1 << "Date: Thu, 08 Dec 2022 21:30:20 GMT[\r][\n]"
18:30:20.131 [Test worker] DEBUG com.github.dockerjava.zerodep.shaded.org.apache.hc.client5.http.wire - http-outgoing-1 << "Transfer-Encoding: chunked[\r][\n]"
18:30:20.131 [Test worker] DEBUG com.github.dockerjava.zerodep.shaded.org.apache.hc.client5.http.wire - http-outgoing-1 << "[\r][\n]"
18:30:20.131 [Test worker] DEBUG com.github.dockerjava.zerodep.shaded.org.apache.hc.client5.http.wire - http-outgoing-1 << "18a6[\r][\n]"
18:30:20.132 [Test worker] DEBUG com.github.dockerjava.zerodep.shaded.org.apache.hc.client5.http.wire - http-outgoing-1 << "{"Id":"b4fc7afd97457a2a6ec84592488a57f900fa52ed03fcd2dbaf8a116bc1f50ab3","Created":"2022-12-08T21:30:11.801619537Z","Path":"docker-entrypoint.sh","Args":["mysqld"],"State":{"Status":"running","Running":true,"Paused":false,"Restarting":false,"OOMKilled":false,"Dead":false,"Pid":148084,"ExitCode":0,"Error":"","StartedAt":"2022-12-08T21:30:12.370762583Z","FinishedAt":"0001-01-01T00:00:00Z"},"Image":"sha256:7484689f290f1defe06b65befc54cb6ad91a667cf0af59a265ffe76c46bd0478","ResolvConfPath":"/var/lib/docker/containers/b4fc7afd97457a2a6ec84592488a57f900fa52ed03fcd2dbaf8a116bc1f50ab3/resolv.conf","HostnamePath":"/var/lib/docker/containers/b4fc7afd97457a2a6ec84592488a57f900fa52ed03fcd2dbaf8a116bc1f50ab3/hostname","HostsPath":"/var/lib/docker/containers/b4fc7afd97457a2a6ec84592488a57f900fa52ed03fcd2dbaf8a116bc1f50ab3/hosts","LogPath":"/var/lib/docker/containers/b4fc7afd97457a2a6ec84592488a57f900fa52ed03fcd2dbaf8a116bc1f50ab3/b4fc7afd97457a2a6ec84592488a57f900fa52ed03fcd2dbaf8a116bc1f50ab3-json.log","Name":"/agitated_ptolemy","RestartCount":0,"Driver":"overlay2","Platform":"linux","MountLabel":"","ProcessLabel":"","AppArmorProfile":"docker-default","ExecIDs":null,"HostConfig":{"Binds":[],"ContainerIDFile":"","LogConfig":{"Type":"json-file","Config":{}},"NetworkMode":"default","PortBindings":{"3306/tcp":[{"HostIp":"","HostPort":""}]},"RestartPolicy":{"Name":"","MaximumRetryCount":0},"AutoRemove":false,"VolumeDriver":"","VolumesFrom":[],"CapAdd":null,"CapDrop":null,"CgroupnsMode":"private","Dns":null,"DnsOptions":null,"DnsSearch":null,"ExtraHosts":[],"GroupAdd":null,"IpcMode":"shareable","Cgroup":"","Links":null,"OomScoreAdj":0,"PidMode":"","Privileged":false,"PublishAllPorts":false,"ReadonlyRootfs":false,"SecurityOpt":null,"UTSMode":"","UsernsMode":"","ShmSize":67108864,"Runtime":"runc","ConsoleSize":[0,0],"Isolation":"","CpuShares":0,"Memory":0,"NanoCpus":0,"CgroupParent":"","BlkioWeight":0,"BlkioWeightDevice":null,"BlkioDeviceReadBps":null,"BlkioDeviceWriteBps":null,"BlkioDeviceReadIOps":null,"BlkioDeviceWriteIOps":null,"CpuPeriod":0,"CpuQuota":0,"CpuRealtimePeriod":0,"CpuRealtimeRuntime":0,"CpusetCpus":"","CpusetMems":"","Devices":null,"DeviceCgroupRules":null,"DeviceRequests":null,"KernelMemory":0,"KernelMemoryTCP":0,"MemoryReservation":0,"MemorySwap":0,"MemorySwappiness":null,"OomKillDisable":null,"PidsLimit":null,"Ulimits":null,"CpuCount":0,"CpuPercent":0,"IOMaximumIOps":0,"IOMaximumBandwidth":0,"MaskedPaths":["/proc/asound","/proc/acpi","/proc/kcore","/proc/keys","/proc/latency_stats","/proc/timer_list","/proc/timer_stats","/proc/sched_debug","/proc/scsi","/sys/firmware"],"ReadonlyPaths":["/proc/bus","/proc/fs","/proc/irq","/proc/sys","/proc/sysrq-trigger"]},"GraphDriver":{"Data":{"LowerDir":"/var/lib/docker/overlay2/05794d51525f65619c615558ef5f93d7c33eef44e12313fdcb3942911d0b5f7d-init/diff:/var/lib/docker/overlay2/f079a69cfd5e80e906b12f05a0c7bfaabc56ce63e947db68b722ae30905f1239/diff:/var/lib/docker/overlay2/9dfb63d6bb556846a13012421dde7951ef83a14d8ce1882287cce66f0f9bd055/diff:/var/lib/docker/overlay2/c4f8874ae33ddd14488f5051cd953acc020fa00ea72d28bd530450c0bc8f9903/diff:/var/lib/docker/overlay2/992683766b46aa5653160e6a34283b579a75000e230890d0ec0a6204af735697/diff:/var/lib/docker/overlay2/6e3fba0e1d6501c91c9bec723bb1364f75599c6c2026a6dc71773c88a49f890a/diff:/var/lib/docker/overlay2/c6c2a366f45a69704761d45d296d71bf2bf315efb15cb06ad88925ed235fad81/diff:/var/lib/docker/overlay2/7555f9b18615244719d04b23296ba418195e5e569d47baf9f1da7c3f053fe194/diff:/var/lib/docker/overlay2/7752eb17f8f8ba44a5ed178f499901fa7eb6f2e031c29ab160ee4eff4db8edaa/diff:/var/lib/docker/overlay2/9683de8b3733106f256bd0eabc7cae13623b14493b9212e863449d42b8a87390/diff:/var/lib/docker/overlay2/f5e28e407d8811526fb7dd82e4fed08d5d3124c0f22f1a9496ed27b2b457d3dd/diff:/var/lib/docker/overlay2/e2980c91c6b3331cff3994ca6f327955bb5feaef0f96bc64edce80631fdbf829/diff","MergedDir":"/var/lib/docker/overlay2/05794d51525f65619c615558ef5f93d7c33eef44e12313fdcb3942911d0b5f7d/merged","UpperDir":"/var/lib/docker/overlay2/05794d51525f65619c615558ef5f93d7c33eef44e12313fdcb3942911d0b5f7d/diff","WorkDir":"/var/lib/docker/overlay2/05794d51525f65619c615558ef5f93d7c33eef44e12313fdcb3942911d0b5f7d/work"},"Name":"overlay2"},"Mounts":[{"Type":"volume","Name":"fe29345a30f82a1c969c40b069133e9d87168ce95967d67ac182ee42c059affb","Source":"/var/lib/docker/volumes/fe29345a30f82a1c969c40b069133e9d87168ce95967d67ac182ee42c059affb/_data","Destination":"/var/lib/mysql","Driver":"local","Mode":"","RW":true,"Propagation":""}],"Config":{"Hostname":"b4fc7afd9745","Domainname":"","User":"","AttachStdin":false,"AttachStdout":false,"AttachStderr":false,"ExposedPorts":{"3306/tcp":{},"33060/tcp":{}},"Tty":false,"OpenStdin":false,"StdinOnce":false,"Env":["MYSQL_DATABASE=adm_videos","MYSQL_PASSWORD=123456","MYSQL_ROOT_PASSWORD=123456","PATH=/usr/local/sbin:/usr/local/bin:/usr/sbin:/usr/bin:/sbin:/bin","GOSU_VERSION=1.14","MYSQL_MAJOR=8.0","MYSQL_VERSION=8.0.31-1.el8","MYSQL_SHELL_VERSION=8.0.31-1.el8"],"Cmd":["mysqld"],"Image":"mysql:latest","Volumes":{"/var/lib/mysql":{}},"WorkingDir":"","Entrypoint":["docker-entrypoint.sh"],"OnBuild":null,"Labels":{"org.testcontainers":"true","org.testcontainers.sessionId":"cdd139c9-cde1-4429-bea7-edb0e651ba16"}},"NetworkSettings":{"Bridge":"","SandboxID":"8404ec7d59006489fa5b6638879180586e9aa24c1c3ae79d40e26a8f453c93b1","HairpinMode":false,"LinkLocalIPv6Address":"","LinkLocalIPv6PrefixLen":0,"Ports":{"3306/tcp":[{"HostIp":"0.0.0.0","HostPort":"49156"},{"HostIp":"::","HostPort":"49156"}],"33060/tcp":null},"SandboxKey":"/var/run/docker/netns/8404ec7d5900","SecondaryIPAddresses":null,"SecondaryIPv6Addresses":null,"EndpointID":"28c851b70d88131a783e3d87b7c50320df5f3250ebca621b1b39353a2424212a","Gateway":"172.17.0.1","GlobalIPv6Address":"","GlobalIPv6PrefixLen":0,"IPAddress":"172.17.0.3","IPPrefixLen":16,"IPv6Gateway":"","MacAddress":"02:42:ac:11:00:03","Networks":{"bridge":{"IPAMConfig":null,"Links":null,"Aliases":null,"NetworkID":"bf06afe94eca8b5ab91eae0dbaa8561a6dd16832d429dcdbaa7ed1e003cfbe56","EndpointID":"28c851b70d88131a783e3d87b7c50320df5f3250ebca621b1b39353a2424212a","Gateway":"172.17.0.1","IPAddress":"172.17.0.3","IPPrefixLen":16,"IPv6Gateway":"","GlobalIPv6Address":"","GlobalIPv6PrefixLen":0,"MacAddress":"02:42:ac:11:00:03","DriverOpts":null}}}}[\n]"
18:30:20.132 [Test worker] DEBUG com.github.dockerjava.zerodep.shaded.org.apache.hc.client5.http.wire - http-outgoing-1 << "[\r][\n]"
18:30:20.132 [Test worker] DEBUG com.github.dockerjava.zerodep.shaded.org.apache.hc.client5.http.wire - http-outgoing-1 << "0[\r][\n]"
18:30:20.132 [Test worker] DEBUG com.github.dockerjava.zerodep.shaded.org.apache.hc.client5.http.wire - http-outgoing-1 << "[\r][\n]"
18:30:20.132 [Test worker] DEBUG com.github.dockerjava.zerodep.shaded.org.apache.hc.client5.http.headers - http-outgoing-1 << HTTP/1.1 200 OK
18:30:20.132 [Test worker] DEBUG com.github.dockerjava.zerodep.shaded.org.apache.hc.client5.http.headers - http-outgoing-1 << Api-Version: 1.41
18:30:20.132 [Test worker] DEBUG com.github.dockerjava.zerodep.shaded.org.apache.hc.client5.http.headers - http-outgoing-1 << Content-Type: application/json
18:30:20.132 [Test worker] DEBUG com.github.dockerjava.zerodep.shaded.org.apache.hc.client5.http.headers - http-outgoing-1 << Docker-Experimental: false
18:30:20.132 [Test worker] DEBUG com.github.dockerjava.zerodep.shaded.org.apache.hc.client5.http.headers - http-outgoing-1 << Ostype: linux
18:30:20.132 [Test worker] DEBUG com.github.dockerjava.zerodep.shaded.org.apache.hc.client5.http.headers - http-outgoing-1 << Server: Docker/20.10.17 (linux)
18:30:20.132 [Test worker] DEBUG com.github.dockerjava.zerodep.shaded.org.apache.hc.client5.http.headers - http-outgoing-1 << Date: Thu, 08 Dec 2022 21:30:20 GMT
18:30:20.132 [Test worker] DEBUG com.github.dockerjava.zerodep.shaded.org.apache.hc.client5.http.headers - http-outgoing-1 << Transfer-Encoding: chunked
18:30:20.132 [Test worker] DEBUG com.github.dockerjava.zerodep.shaded.org.apache.hc.client5.http.impl.classic.MainClientExec - ex-00000052: connection can be kept alive for 3 MINUTES
18:30:20.133 [Test worker] DEBUG com.github.dockerjava.zerodep.shaded.org.apache.hc.client5.http.impl.classic.InternalHttpClient - ep-00000051: releasing valid endpoint
18:30:20.133 [Test worker] DEBUG com.github.dockerjava.zerodep.shaded.org.apache.hc.client5.http.impl.io.PoolingHttpClientConnectionManager - ep-00000051: releasing endpoint
18:30:20.133 [Test worker] DEBUG com.github.dockerjava.zerodep.shaded.org.apache.hc.client5.http.impl.io.PoolingHttpClientConnectionManager - ep-00000051: connection http-outgoing-1 can be kept alive for 3 MINUTES
18:30:20.133 [Test worker] DEBUG com.github.dockerjava.zerodep.shaded.org.apache.hc.client5.http.impl.io.PoolingHttpClientConnectionManager - ep-00000051: connection released [route: {}->unix://localhost:2375][total available: 1; route allocated: 1 of 2147483647; total allocated: 1 of 2147483647]
18:30:20.133 [Test worker] DEBUG ]]>&#x1f433;<![CDATA[ [mysql:latest] - Trying to create JDBC connection using com.mysql.cj.jdbc.Driver to jdbc:mysql://localhost:49156/adm_videos?useSSL=false&allowPublicKeyRetrieval=true with properties: {password=123456, user=root}
18:30:20.235 [Test worker] DEBUG org.testcontainers.shaded.com.github.dockerjava.core.command.AbstrDockerCmd - Cmd: b4fc7afd97457a2a6ec84592488a57f900fa52ed03fcd2dbaf8a116bc1f50ab3,false
18:30:20.235 [Test worker] DEBUG org.testcontainers.shaded.com.github.dockerjava.core.exec.InspectContainerCmdExec - GET: DefaultWebTarget{path=[/containers/b4fc7afd97457a2a6ec84592488a57f900fa52ed03fcd2dbaf8a116bc1f50ab3/json], queryParams={}}
18:30:20.235 [Test worker] DEBUG com.github.dockerjava.zerodep.shaded.org.apache.hc.client5.http.impl.classic.InternalHttpClient - ex-00000053: preparing request execution
18:30:20.235 [Test worker] DEBUG com.github.dockerjava.zerodep.shaded.org.apache.hc.client5.http.protocol.RequestAddCookies - Cookie spec selected: strict
18:30:20.235 [Test worker] DEBUG com.github.dockerjava.zerodep.shaded.org.apache.hc.client5.http.protocol.RequestAuthCache - Auth cache not set in the context
18:30:20.235 [Test worker] DEBUG com.github.dockerjava.zerodep.shaded.org.apache.hc.client5.http.impl.classic.ProtocolExec - ex-00000053: target auth state: UNCHALLENGED
18:30:20.235 [Test worker] DEBUG com.github.dockerjava.zerodep.shaded.org.apache.hc.client5.http.impl.classic.ProtocolExec - ex-00000053: proxy auth state: UNCHALLENGED
18:30:20.235 [Test worker] DEBUG com.github.dockerjava.zerodep.shaded.org.apache.hc.client5.http.impl.classic.ConnectExec - ex-00000053: acquiring connection with route {}->unix://localhost:2375
18:30:20.235 [Test worker] DEBUG com.github.dockerjava.zerodep.shaded.org.apache.hc.client5.http.impl.classic.InternalHttpClient - ex-00000053: acquiring endpoint (3 MINUTES)
18:30:20.235 [Test worker] DEBUG com.github.dockerjava.zerodep.shaded.org.apache.hc.client5.http.impl.io.PoolingHttpClientConnectionManager - ex-00000053: endpoint lease request (3 MINUTES) [route: {}->unix://localhost:2375][total available: 1; route allocated: 1 of 2147483647; total allocated: 1 of 2147483647]
18:30:20.235 [Test worker] DEBUG com.github.dockerjava.zerodep.shaded.org.apache.hc.client5.http.impl.io.PoolingHttpClientConnectionManager - ex-00000053: endpoint leased [route: {}->unix://localhost:2375][total available: 0; route allocated: 1 of 2147483647; total allocated: 1 of 2147483647]
18:30:20.235 [Test worker] DEBUG com.github.dockerjava.zerodep.shaded.org.apache.hc.client5.http.impl.io.PoolingHttpClientConnectionManager - ex-00000053: acquired ep-00000052
18:30:20.235 [Test worker] DEBUG com.github.dockerjava.zerodep.shaded.org.apache.hc.client5.http.impl.classic.InternalHttpClient - ex-00000053: acquired endpoint ep-00000052
18:30:20.235 [Test worker] DEBUG com.github.dockerjava.zerodep.shaded.org.apache.hc.client5.http.impl.classic.MainClientExec - ex-00000053: executing GET /v1.32/containers/b4fc7afd97457a2a6ec84592488a57f900fa52ed03fcd2dbaf8a116bc1f50ab3/json HTTP/1.1
18:30:20.235 [Test worker] DEBUG com.github.dockerjava.zerodep.shaded.org.apache.hc.client5.http.impl.classic.InternalHttpClient - ep-00000052: start execution ex-00000053
18:30:20.235 [Test worker] DEBUG com.github.dockerjava.zerodep.shaded.org.apache.hc.client5.http.impl.io.PoolingHttpClientConnectionManager - ep-00000052: executing exchange ex-00000053 over http-outgoing-1
18:30:20.235 [Test worker] DEBUG com.github.dockerjava.zerodep.shaded.org.apache.hc.client5.http.headers - http-outgoing-1 >> GET /v1.32/containers/b4fc7afd97457a2a6ec84592488a57f900fa52ed03fcd2dbaf8a116bc1f50ab3/json HTTP/1.1
18:30:20.235 [Test worker] DEBUG com.github.dockerjava.zerodep.shaded.org.apache.hc.client5.http.headers - http-outgoing-1 >> accept: application/json
18:30:20.235 [Test worker] DEBUG com.github.dockerjava.zerodep.shaded.org.apache.hc.client5.http.headers - http-outgoing-1 >> x-tc-sid: cdd139c9-cde1-4429-bea7-edb0e651ba16
18:30:20.235 [Test worker] DEBUG com.github.dockerjava.zerodep.shaded.org.apache.hc.client5.http.headers - http-outgoing-1 >> Accept-Encoding: gzip, x-gzip, deflate
18:30:20.235 [Test worker] DEBUG com.github.dockerjava.zerodep.shaded.org.apache.hc.client5.http.headers - http-outgoing-1 >> Host: localhost:2375
18:30:20.235 [Test worker] DEBUG com.github.dockerjava.zerodep.shaded.org.apache.hc.client5.http.headers - http-outgoing-1 >> Connection: keep-alive
18:30:20.235 [Test worker] DEBUG com.github.dockerjava.zerodep.shaded.org.apache.hc.client5.http.headers - http-outgoing-1 >> User-Agent: Apache-HttpClient/5.0.3 (Java/17.0.2)
18:30:20.235 [Test worker] DEBUG com.github.dockerjava.zerodep.shaded.org.apache.hc.client5.http.wire - http-outgoing-1 >> "GET /v1.32/containers/b4fc7afd97457a2a6ec84592488a57f900fa52ed03fcd2dbaf8a116bc1f50ab3/json HTTP/1.1[\r][\n]"
18:30:20.235 [Test worker] DEBUG com.github.dockerjava.zerodep.shaded.org.apache.hc.client5.http.wire - http-outgoing-1 >> "accept: application/json[\r][\n]"
18:30:20.235 [Test worker] DEBUG com.github.dockerjava.zerodep.shaded.org.apache.hc.client5.http.wire - http-outgoing-1 >> "x-tc-sid: cdd139c9-cde1-4429-bea7-edb0e651ba16[\r][\n]"
18:30:20.235 [Test worker] DEBUG com.github.dockerjava.zerodep.shaded.org.apache.hc.client5.http.wire - http-outgoing-1 >> "Accept-Encoding: gzip, x-gzip, deflate[\r][\n]"
18:30:20.236 [Test worker] DEBUG com.github.dockerjava.zerodep.shaded.org.apache.hc.client5.http.wire - http-outgoing-1 >> "Host: localhost:2375[\r][\n]"
18:30:20.236 [Test worker] DEBUG com.github.dockerjava.zerodep.shaded.org.apache.hc.client5.http.wire - http-outgoing-1 >> "Connection: keep-alive[\r][\n]"
18:30:20.236 [Test worker] DEBUG com.github.dockerjava.zerodep.shaded.org.apache.hc.client5.http.wire - http-outgoing-1 >> "User-Agent: Apache-HttpClient/5.0.3 (Java/17.0.2)[\r][\n]"
18:30:20.236 [Test worker] DEBUG com.github.dockerjava.zerodep.shaded.org.apache.hc.client5.http.wire - http-outgoing-1 >> "[\r][\n]"
18:30:20.236 [Test worker] DEBUG com.github.dockerjava.zerodep.shaded.org.apache.hc.client5.http.wire - http-outgoing-1 << "HTTP/1.1 200 OK[\r][\n]"
18:30:20.236 [Test worker] DEBUG com.github.dockerjava.zerodep.shaded.org.apache.hc.client5.http.wire - http-outgoing-1 << "Api-Version: 1.41[\r][\n]"
18:30:20.236 [Test worker] DEBUG com.github.dockerjava.zerodep.shaded.org.apache.hc.client5.http.wire - http-outgoing-1 << "Content-Type: application/json[\r][\n]"
18:30:20.236 [Test worker] DEBUG com.github.dockerjava.zerodep.shaded.org.apache.hc.client5.http.wire - http-outgoing-1 << "Docker-Experimental: false[\r][\n]"
18:30:20.236 [Test worker] DEBUG com.github.dockerjava.zerodep.shaded.org.apache.hc.client5.http.wire - http-outgoing-1 << "Ostype: linux[\r][\n]"
18:30:20.236 [Test worker] DEBUG com.github.dockerjava.zerodep.shaded.org.apache.hc.client5.http.wire - http-outgoing-1 << "Server: Docker/20.10.17 (linux)[\r][\n]"
18:30:20.236 [Test worker] DEBUG com.github.dockerjava.zerodep.shaded.org.apache.hc.client5.http.wire - http-outgoing-1 << "Date: Thu, 08 Dec 2022 21:30:20 GMT[\r][\n]"
18:30:20.236 [Test worker] DEBUG com.github.dockerjava.zerodep.shaded.org.apache.hc.client5.http.wire - http-outgoing-1 << "Transfer-Encoding: chunked[\r][\n]"
18:30:20.236 [Test worker] DEBUG com.github.dockerjava.zerodep.shaded.org.apache.hc.client5.http.wire - http-outgoing-1 << "[\r][\n]"
18:30:20.236 [Test worker] DEBUG com.github.dockerjava.zerodep.shaded.org.apache.hc.client5.http.wire - http-outgoing-1 << "18a6[\r][\n]"
18:30:20.236 [Test worker] DEBUG com.github.dockerjava.zerodep.shaded.org.apache.hc.client5.http.wire - http-outgoing-1 << "{"Id":"b4fc7afd97457a2a6ec84592488a57f900fa52ed03fcd2dbaf8a116bc1f50ab3","Created":"2022-12-08T21:30:11.801619537Z","Path":"docker-entrypoint.sh","Args":["mysqld"],"State":{"Status":"running","Running":true,"Paused":false,"Restarting":false,"OOMKilled":false,"Dead":false,"Pid":148084,"ExitCode":0,"Error":"","StartedAt":"2022-12-08T21:30:12.370762583Z","FinishedAt":"0001-01-01T00:00:00Z"},"Image":"sha256:7484689f290f1defe06b65befc54cb6ad91a667cf0af59a265ffe76c46bd0478","ResolvConfPath":"/var/lib/docker/containers/b4fc7afd97457a2a6ec84592488a57f900fa52ed03fcd2dbaf8a116bc1f50ab3/resolv.conf","HostnamePath":"/var/lib/docker/containers/b4fc7afd97457a2a6ec84592488a57f900fa52ed03fcd2dbaf8a116bc1f50ab3/hostname","HostsPath":"/var/lib/docker/containers/b4fc7afd97457a2a6ec84592488a57f900fa52ed03fcd2dbaf8a116bc1f50ab3/hosts","LogPath":"/var/lib/docker/containers/b4fc7afd97457a2a6ec84592488a57f900fa52ed03fcd2dbaf8a116bc1f50ab3/b4fc7afd97457a2a6ec84592488a57f900fa52ed03fcd2dbaf8a116bc1f50ab3-json.log","Name":"/agitated_ptolemy","RestartCount":0,"Driver":"overlay2","Platform":"linux","MountLabel":"","ProcessLabel":"","AppArmorProfile":"docker-default","ExecIDs":null,"HostConfig":{"Binds":[],"ContainerIDFile":"","LogConfig":{"Type":"json-file","Config":{}},"NetworkMode":"default","PortBindings":{"3306/tcp":[{"HostIp":"","HostPort":""}]},"RestartPolicy":{"Name":"","MaximumRetryCount":0},"AutoRemove":false,"VolumeDriver":"","VolumesFrom":[],"CapAdd":null,"CapDrop":null,"CgroupnsMode":"private","Dns":null,"DnsOptions":null,"DnsSearch":null,"ExtraHosts":[],"GroupAdd":null,"IpcMode":"shareable","Cgroup":"","Links":null,"OomScoreAdj":0,"PidMode":"","Privileged":false,"PublishAllPorts":false,"ReadonlyRootfs":false,"SecurityOpt":null,"UTSMode":"","UsernsMode":"","ShmSize":67108864,"Runtime":"runc","ConsoleSize":[0,0],"Isolation":"","CpuShares":0,"Memory":0,"NanoCpus":0,"CgroupParent":"","BlkioWeight":0,"BlkioWeightDevice":null,"BlkioDeviceReadBps":null,"BlkioDeviceWriteBps":null,"BlkioDeviceReadIOps":null,"BlkioDeviceWriteIOps":null,"CpuPeriod":0,"CpuQuota":0,"CpuRealtimePeriod":0,"CpuRealtimeRuntime":0,"CpusetCpus":"","CpusetMems":"","Devices":null,"DeviceCgroupRules":null,"DeviceRequests":null,"KernelMemory":0,"KernelMemoryTCP":0,"MemoryReservation":0,"MemorySwap":0,"MemorySwappiness":null,"OomKillDisable":null,"PidsLimit":null,"Ulimits":null,"CpuCount":0,"CpuPercent":0,"IOMaximumIOps":0,"IOMaximumBandwidth":0,"MaskedPaths":["/proc/asound","/proc/acpi","/proc/kcore","/proc/keys","/proc/latency_stats","/proc/timer_list","/proc/timer_stats","/proc/sched_debug","/proc/scsi","/sys/firmware"],"ReadonlyPaths":["/proc/bus","/proc/fs","/proc/irq","/proc/sys","/proc/sysrq-trigger"]},"GraphDriver":{"Data":{"LowerDir":"/var/lib/docker/overlay2/05794d51525f65619c615558ef5f93d7c33eef44e12313fdcb3942911d0b5f7d-init/diff:/var/lib/docker/overlay2/f079a69cfd5e80e906b12f05a0c7bfaabc56ce63e947db68b722ae30905f1239/diff:/var/lib/docker/overlay2/9dfb63d6bb556846a13012421dde7951ef83a14d8ce1882287cce66f0f9bd055/diff:/var/lib/docker/overlay2/c4f8874ae33ddd14488f5051cd953acc020fa00ea72d28bd530450c0bc8f9903/diff:/var/lib/docker/overlay2/992683766b46aa5653160e6a34283b579a75000e230890d0ec0a6204af735697/diff:/var/lib/docker/overlay2/6e3fba0e1d6501c91c9bec723bb1364f75599c6c2026a6dc71773c88a49f890a/diff:/var/lib/docker/overlay2/c6c2a366f45a69704761d45d296d71bf2bf315efb15cb06ad88925ed235fad81/diff:/var/lib/docker/overlay2/7555f9b18615244719d04b23296ba418195e5e569d47baf9f1da7c3f053fe194/diff:/var/lib/docker/overlay2/7752eb17f8f8ba44a5ed178f499901fa7eb6f2e031c29ab160ee4eff4db8edaa/diff:/var/lib/docker/overlay2/9683de8b3733106f256bd0eabc7cae13623b14493b9212e863449d42b8a87390/diff:/var/lib/docker/overlay2/f5e28e407d8811526fb7dd82e4fed08d5d3124c0f22f1a9496ed27b2b457d3dd/diff:/var/lib/docker/overlay2/e2980c91c6b3331cff3994ca6f327955bb5feaef0f96bc64edce80631fdbf829/diff","MergedDir":"/var/lib/docker/overlay2/05794d51525f65619c615558ef5f93d7c33eef44e12313fdcb3942911d0b5f7d/merged","UpperDir":"/var/lib/docker/overlay2/05794d51525f65619c615558ef5f93d7c33eef44e12313fdcb3942911d0b5f7d/diff","WorkDir":"/var/lib/docker/overlay2/05794d51525f65619c615558ef5f93d7c33eef44e12313fdcb3942911d0b5f7d/work"},"Name":"overlay2"},"Mounts":[{"Type":"volume","Name":"fe29345a30f82a1c969c40b069133e9d87168ce95967d67ac182ee42c059affb","Source":"/var/lib/docker/volumes/fe29345a30f82a1c969c40b069133e9d87168ce95967d67ac182ee42c059affb/_data","Destination":"/var/lib/mysql","Driver":"local","Mode":"","RW":true,"Propagation":""}],"Config":{"Hostname":"b4fc7afd9745","Domainname":"","User":"","AttachStdin":false,"AttachStdout":false,"AttachStderr":false,"ExposedPorts":{"3306/tcp":{},"33060/tcp":{}},"Tty":false,"OpenStdin":false,"StdinOnce":false,"Env":["MYSQL_DATABASE=adm_videos","MYSQL_PASSWORD=123456","MYSQL_ROOT_PASSWORD=123456","PATH=/usr/local/sbin:/usr/local/bin:/usr/sbin:/usr/bin:/sbin:/bin","GOSU_VERSION=1.14","MYSQL_MAJOR=8.0","MYSQL_VERSION=8.0.31-1.el8","MYSQL_SHELL_VERSION=8.0.31-1.el8"],"Cmd":["mysqld"],"Image":"mysql:latest","Volumes":{"/var/lib/mysql":{}},"WorkingDir":"","Entrypoint":["docker-entrypoint.sh"],"OnBuild":null,"Labels":{"org.testcontainers":"true","org.testcontainers.sessionId":"cdd139c9-cde1-4429-bea7-edb0e651ba16"}},"NetworkSettings":{"Bridge":"","SandboxID":"8404ec7d59006489fa5b6638879180586e9aa24c1c3ae79d40e26a8f453c93b1","HairpinMode":false,"LinkLocalIPv6Address":"","LinkLocalIPv6PrefixLen":0,"Ports":{"3306/tcp":[{"HostIp":"0.0.0.0","HostPort":"49156"},{"HostIp":"::","HostPort":"49156"}],"33060/tcp":null},"SandboxKey":"/var/run/docker/netns/8404ec7d5900","SecondaryIPAddresses":null,"SecondaryIPv6Addresses":null,"EndpointID":"28c851b70d88131a783e3d87b7c50320df5f3250ebca621b1b39353a2424212a","Gateway":"172.17.0.1","GlobalIPv6Address":"","GlobalIPv6PrefixLen":0,"IPAddress":"172.17.0.3","IPPrefixLen":16,"IPv6Gateway":"","MacAddress":"02:42:ac:11:00:03","Networks":{"bridge":{"IPAMConfig":null,"Links":null,"Aliases":null,"NetworkID":"bf06afe94eca8b5ab91eae0dbaa8561a6dd16832d429dcdbaa7ed1e003cfbe56","EndpointID":"28c851b70d88131a783e3d87b7c50320df5f3250ebca621b1b39353a2424212a","Gateway":"172.17.0.1","IPAddress":"172.17.0.3","IPPrefixLen":16,"IPv6Gateway":"","GlobalIPv6Address":"","GlobalIPv6PrefixLen":0,"MacAddress":"02:42:ac:11:00:03","DriverOpts":null}}}}[\n]"
18:30:20.236 [Test worker] DEBUG com.github.dockerjava.zerodep.shaded.org.apache.hc.client5.http.wire - http-outgoing-1 << "[\r][\n]"
18:30:20.236 [Test worker] DEBUG com.github.dockerjava.zerodep.shaded.org.apache.hc.client5.http.wire - http-outgoing-1 << "0[\r][\n]"
18:30:20.236 [Test worker] DEBUG com.github.dockerjava.zerodep.shaded.org.apache.hc.client5.http.wire - http-outgoing-1 << "[\r][\n]"
18:30:20.236 [Test worker] DEBUG com.github.dockerjava.zerodep.shaded.org.apache.hc.client5.http.headers - http-outgoing-1 << HTTP/1.1 200 OK
18:30:20.236 [Test worker] DEBUG com.github.dockerjava.zerodep.shaded.org.apache.hc.client5.http.headers - http-outgoing-1 << Api-Version: 1.41
18:30:20.236 [Test worker] DEBUG com.github.dockerjava.zerodep.shaded.org.apache.hc.client5.http.headers - http-outgoing-1 << Content-Type: application/json
18:30:20.236 [Test worker] DEBUG com.github.dockerjava.zerodep.shaded.org.apache.hc.client5.http.headers - http-outgoing-1 << Docker-Experimental: false
18:30:20.236 [Test worker] DEBUG com.github.dockerjava.zerodep.shaded.org.apache.hc.client5.http.headers - http-outgoing-1 << Ostype: linux
18:30:20.236 [Test worker] DEBUG com.github.dockerjava.zerodep.shaded.org.apache.hc.client5.http.headers - http-outgoing-1 << Server: Docker/20.10.17 (linux)
18:30:20.236 [Test worker] DEBUG com.github.dockerjava.zerodep.shaded.org.apache.hc.client5.http.headers - http-outgoing-1 << Date: Thu, 08 Dec 2022 21:30:20 GMT
18:30:20.236 [Test worker] DEBUG com.github.dockerjava.zerodep.shaded.org.apache.hc.client5.http.headers - http-outgoing-1 << Transfer-Encoding: chunked
18:30:20.236 [Test worker] DEBUG com.github.dockerjava.zerodep.shaded.org.apache.hc.client5.http.impl.classic.MainClientExec - ex-00000053: connection can be kept alive for 3 MINUTES
18:30:20.237 [Test worker] DEBUG com.github.dockerjava.zerodep.shaded.org.apache.hc.client5.http.impl.classic.InternalHttpClient - ep-00000052: releasing valid endpoint
18:30:20.237 [Test worker] DEBUG com.github.dockerjava.zerodep.shaded.org.apache.hc.client5.http.impl.io.PoolingHttpClientConnectionManager - ep-00000052: releasing endpoint
18:30:20.237 [Test worker] DEBUG com.github.dockerjava.zerodep.shaded.org.apache.hc.client5.http.impl.io.PoolingHttpClientConnectionManager - ep-00000052: connection http-outgoing-1 can be kept alive for 3 MINUTES
18:30:20.237 [Test worker] DEBUG com.github.dockerjava.zerodep.shaded.org.apache.hc.client5.http.impl.io.PoolingHttpClientConnectionManager - ep-00000052: connection released [route: {}->unix://localhost:2375][total available: 1; route allocated: 1 of 2147483647; total allocated: 1 of 2147483647]
18:30:20.237 [Test worker] DEBUG ]]>&#x1f433;<![CDATA[ [mysql:latest] - Trying to create JDBC connection using com.mysql.cj.jdbc.Driver to jdbc:mysql://localhost:49156/adm_videos?useSSL=false&allowPublicKeyRetrieval=true with properties: {password=123456, user=root}
18:30:20.338 [Test worker] DEBUG org.testcontainers.shaded.com.github.dockerjava.core.command.AbstrDockerCmd - Cmd: b4fc7afd97457a2a6ec84592488a57f900fa52ed03fcd2dbaf8a116bc1f50ab3,false
18:30:20.338 [Test worker] DEBUG org.testcontainers.shaded.com.github.dockerjava.core.exec.InspectContainerCmdExec - GET: DefaultWebTarget{path=[/containers/b4fc7afd97457a2a6ec84592488a57f900fa52ed03fcd2dbaf8a116bc1f50ab3/json], queryParams={}}
18:30:20.338 [Test worker] DEBUG com.github.dockerjava.zerodep.shaded.org.apache.hc.client5.http.impl.classic.InternalHttpClient - ex-00000054: preparing request execution
18:30:20.338 [Test worker] DEBUG com.github.dockerjava.zerodep.shaded.org.apache.hc.client5.http.protocol.RequestAddCookies - Cookie spec selected: strict
18:30:20.338 [Test worker] DEBUG com.github.dockerjava.zerodep.shaded.org.apache.hc.client5.http.protocol.RequestAuthCache - Auth cache not set in the context
18:30:20.338 [Test worker] DEBUG com.github.dockerjava.zerodep.shaded.org.apache.hc.client5.http.impl.classic.ProtocolExec - ex-00000054: target auth state: UNCHALLENGED
18:30:20.338 [Test worker] DEBUG com.github.dockerjava.zerodep.shaded.org.apache.hc.client5.http.impl.classic.ProtocolExec - ex-00000054: proxy auth state: UNCHALLENGED
18:30:20.338 [Test worker] DEBUG com.github.dockerjava.zerodep.shaded.org.apache.hc.client5.http.impl.classic.ConnectExec - ex-00000054: acquiring connection with route {}->unix://localhost:2375
18:30:20.338 [Test worker] DEBUG com.github.dockerjava.zerodep.shaded.org.apache.hc.client5.http.impl.classic.InternalHttpClient - ex-00000054: acquiring endpoint (3 MINUTES)
18:30:20.338 [Test worker] DEBUG com.github.dockerjava.zerodep.shaded.org.apache.hc.client5.http.impl.io.PoolingHttpClientConnectionManager - ex-00000054: endpoint lease request (3 MINUTES) [route: {}->unix://localhost:2375][total available: 1; route allocated: 1 of 2147483647; total allocated: 1 of 2147483647]
18:30:20.338 [Test worker] DEBUG com.github.dockerjava.zerodep.shaded.org.apache.hc.client5.http.impl.io.PoolingHttpClientConnectionManager - ex-00000054: endpoint leased [route: {}->unix://localhost:2375][total available: 0; route allocated: 1 of 2147483647; total allocated: 1 of 2147483647]
18:30:20.338 [Test worker] DEBUG com.github.dockerjava.zerodep.shaded.org.apache.hc.client5.http.impl.io.PoolingHttpClientConnectionManager - ex-00000054: acquired ep-00000053
18:30:20.338 [Test worker] DEBUG com.github.dockerjava.zerodep.shaded.org.apache.hc.client5.http.impl.classic.InternalHttpClient - ex-00000054: acquired endpoint ep-00000053
18:30:20.339 [Test worker] DEBUG com.github.dockerjava.zerodep.shaded.org.apache.hc.client5.http.impl.classic.MainClientExec - ex-00000054: executing GET /v1.32/containers/b4fc7afd97457a2a6ec84592488a57f900fa52ed03fcd2dbaf8a116bc1f50ab3/json HTTP/1.1
18:30:20.339 [Test worker] DEBUG com.github.dockerjava.zerodep.shaded.org.apache.hc.client5.http.impl.classic.InternalHttpClient - ep-00000053: start execution ex-00000054
18:30:20.339 [Test worker] DEBUG com.github.dockerjava.zerodep.shaded.org.apache.hc.client5.http.impl.io.PoolingHttpClientConnectionManager - ep-00000053: executing exchange ex-00000054 over http-outgoing-1
18:30:20.339 [Test worker] DEBUG com.github.dockerjava.zerodep.shaded.org.apache.hc.client5.http.headers - http-outgoing-1 >> GET /v1.32/containers/b4fc7afd97457a2a6ec84592488a57f900fa52ed03fcd2dbaf8a116bc1f50ab3/json HTTP/1.1
18:30:20.339 [Test worker] DEBUG com.github.dockerjava.zerodep.shaded.org.apache.hc.client5.http.headers - http-outgoing-1 >> accept: application/json
18:30:20.339 [Test worker] DEBUG com.github.dockerjava.zerodep.shaded.org.apache.hc.client5.http.headers - http-outgoing-1 >> x-tc-sid: cdd139c9-cde1-4429-bea7-edb0e651ba16
18:30:20.339 [Test worker] DEBUG com.github.dockerjava.zerodep.shaded.org.apache.hc.client5.http.headers - http-outgoing-1 >> Accept-Encoding: gzip, x-gzip, deflate
18:30:20.339 [Test worker] DEBUG com.github.dockerjava.zerodep.shaded.org.apache.hc.client5.http.headers - http-outgoing-1 >> Host: localhost:2375
18:30:20.339 [Test worker] DEBUG com.github.dockerjava.zerodep.shaded.org.apache.hc.client5.http.headers - http-outgoing-1 >> Connection: keep-alive
18:30:20.339 [Test worker] DEBUG com.github.dockerjava.zerodep.shaded.org.apache.hc.client5.http.headers - http-outgoing-1 >> User-Agent: Apache-HttpClient/5.0.3 (Java/17.0.2)
18:30:20.339 [Test worker] DEBUG com.github.dockerjava.zerodep.shaded.org.apache.hc.client5.http.wire - http-outgoing-1 >> "GET /v1.32/containers/b4fc7afd97457a2a6ec84592488a57f900fa52ed03fcd2dbaf8a116bc1f50ab3/json HTTP/1.1[\r][\n]"
18:30:20.339 [Test worker] DEBUG com.github.dockerjava.zerodep.shaded.org.apache.hc.client5.http.wire - http-outgoing-1 >> "accept: application/json[\r][\n]"
18:30:20.339 [Test worker] DEBUG com.github.dockerjava.zerodep.shaded.org.apache.hc.client5.http.wire - http-outgoing-1 >> "x-tc-sid: cdd139c9-cde1-4429-bea7-edb0e651ba16[\r][\n]"
18:30:20.339 [Test worker] DEBUG com.github.dockerjava.zerodep.shaded.org.apache.hc.client5.http.wire - http-outgoing-1 >> "Accept-Encoding: gzip, x-gzip, deflate[\r][\n]"
18:30:20.339 [Test worker] DEBUG com.github.dockerjava.zerodep.shaded.org.apache.hc.client5.http.wire - http-outgoing-1 >> "Host: localhost:2375[\r][\n]"
18:30:20.339 [Test worker] DEBUG com.github.dockerjava.zerodep.shaded.org.apache.hc.client5.http.wire - http-outgoing-1 >> "Connection: keep-alive[\r][\n]"
18:30:20.339 [Test worker] DEBUG com.github.dockerjava.zerodep.shaded.org.apache.hc.client5.http.wire - http-outgoing-1 >> "User-Agent: Apache-HttpClient/5.0.3 (Java/17.0.2)[\r][\n]"
18:30:20.339 [Test worker] DEBUG com.github.dockerjava.zerodep.shaded.org.apache.hc.client5.http.wire - http-outgoing-1 >> "[\r][\n]"
18:30:20.339 [Test worker] DEBUG com.github.dockerjava.zerodep.shaded.org.apache.hc.client5.http.wire - http-outgoing-1 << "HTTP/1.1 200 OK[\r][\n]"
18:30:20.339 [Test worker] DEBUG com.github.dockerjava.zerodep.shaded.org.apache.hc.client5.http.wire - http-outgoing-1 << "Api-Version: 1.41[\r][\n]"
18:30:20.339 [Test worker] DEBUG com.github.dockerjava.zerodep.shaded.org.apache.hc.client5.http.wire - http-outgoing-1 << "Content-Type: application/json[\r][\n]"
18:30:20.339 [Test worker] DEBUG com.github.dockerjava.zerodep.shaded.org.apache.hc.client5.http.wire - http-outgoing-1 << "Docker-Experimental: false[\r][\n]"
18:30:20.339 [Test worker] DEBUG com.github.dockerjava.zerodep.shaded.org.apache.hc.client5.http.wire - http-outgoing-1 << "Ostype: linux[\r][\n]"
18:30:20.339 [Test worker] DEBUG com.github.dockerjava.zerodep.shaded.org.apache.hc.client5.http.wire - http-outgoing-1 << "Server: Docker/20.10.17 (linux)[\r][\n]"
18:30:20.339 [Test worker] DEBUG com.github.dockerjava.zerodep.shaded.org.apache.hc.client5.http.wire - http-outgoing-1 << "Date: Thu, 08 Dec 2022 21:30:20 GMT[\r][\n]"
18:30:20.339 [Test worker] DEBUG com.github.dockerjava.zerodep.shaded.org.apache.hc.client5.http.wire - http-outgoing-1 << "Transfer-Encoding: chunked[\r][\n]"
18:30:20.339 [Test worker] DEBUG com.github.dockerjava.zerodep.shaded.org.apache.hc.client5.http.wire - http-outgoing-1 << "[\r][\n]"
18:30:20.339 [Test worker] DEBUG com.github.dockerjava.zerodep.shaded.org.apache.hc.client5.http.wire - http-outgoing-1 << "18a6[\r][\n]"
18:30:20.339 [Test worker] DEBUG com.github.dockerjava.zerodep.shaded.org.apache.hc.client5.http.wire - http-outgoing-1 << "{"Id":"b4fc7afd97457a2a6ec84592488a57f900fa52ed03fcd2dbaf8a116bc1f50ab3","Created":"2022-12-08T21:30:11.801619537Z","Path":"docker-entrypoint.sh","Args":["mysqld"],"State":{"Status":"running","Running":true,"Paused":false,"Restarting":false,"OOMKilled":false,"Dead":false,"Pid":148084,"ExitCode":0,"Error":"","StartedAt":"2022-12-08T21:30:12.370762583Z","FinishedAt":"0001-01-01T00:00:00Z"},"Image":"sha256:7484689f290f1defe06b65befc54cb6ad91a667cf0af59a265ffe76c46bd0478","ResolvConfPath":"/var/lib/docker/containers/b4fc7afd97457a2a6ec84592488a57f900fa52ed03fcd2dbaf8a116bc1f50ab3/resolv.conf","HostnamePath":"/var/lib/docker/containers/b4fc7afd97457a2a6ec84592488a57f900fa52ed03fcd2dbaf8a116bc1f50ab3/hostname","HostsPath":"/var/lib/docker/containers/b4fc7afd97457a2a6ec84592488a57f900fa52ed03fcd2dbaf8a116bc1f50ab3/hosts","LogPath":"/var/lib/docker/containers/b4fc7afd97457a2a6ec84592488a57f900fa52ed03fcd2dbaf8a116bc1f50ab3/b4fc7afd97457a2a6ec84592488a57f900fa52ed03fcd2dbaf8a116bc1f50ab3-json.log","Name":"/agitated_ptolemy","RestartCount":0,"Driver":"overlay2","Platform":"linux","MountLabel":"","ProcessLabel":"","AppArmorProfile":"docker-default","ExecIDs":null,"HostConfig":{"Binds":[],"ContainerIDFile":"","LogConfig":{"Type":"json-file","Config":{}},"NetworkMode":"default","PortBindings":{"3306/tcp":[{"HostIp":"","HostPort":""}]},"RestartPolicy":{"Name":"","MaximumRetryCount":0},"AutoRemove":false,"VolumeDriver":"","VolumesFrom":[],"CapAdd":null,"CapDrop":null,"CgroupnsMode":"private","Dns":null,"DnsOptions":null,"DnsSearch":null,"ExtraHosts":[],"GroupAdd":null,"IpcMode":"shareable","Cgroup":"","Links":null,"OomScoreAdj":0,"PidMode":"","Privileged":false,"PublishAllPorts":false,"ReadonlyRootfs":false,"SecurityOpt":null,"UTSMode":"","UsernsMode":"","ShmSize":67108864,"Runtime":"runc","ConsoleSize":[0,0],"Isolation":"","CpuShares":0,"Memory":0,"NanoCpus":0,"CgroupParent":"","BlkioWeight":0,"BlkioWeightDevice":null,"BlkioDeviceReadBps":null,"BlkioDeviceWriteBps":null,"BlkioDeviceReadIOps":null,"BlkioDeviceWriteIOps":null,"CpuPeriod":0,"CpuQuota":0,"CpuRealtimePeriod":0,"CpuRealtimeRuntime":0,"CpusetCpus":"","CpusetMems":"","Devices":null,"DeviceCgroupRules":null,"DeviceRequests":null,"KernelMemory":0,"KernelMemoryTCP":0,"MemoryReservation":0,"MemorySwap":0,"MemorySwappiness":null,"OomKillDisable":null,"PidsLimit":null,"Ulimits":null,"CpuCount":0,"CpuPercent":0,"IOMaximumIOps":0,"IOMaximumBandwidth":0,"MaskedPaths":["/proc/asound","/proc/acpi","/proc/kcore","/proc/keys","/proc/latency_stats","/proc/timer_list","/proc/timer_stats","/proc/sched_debug","/proc/scsi","/sys/firmware"],"ReadonlyPaths":["/proc/bus","/proc/fs","/proc/irq","/proc/sys","/proc/sysrq-trigger"]},"GraphDriver":{"Data":{"LowerDir":"/var/lib/docker/overlay2/05794d51525f65619c615558ef5f93d7c33eef44e12313fdcb3942911d0b5f7d-init/diff:/var/lib/docker/overlay2/f079a69cfd5e80e906b12f05a0c7bfaabc56ce63e947db68b722ae30905f1239/diff:/var/lib/docker/overlay2/9dfb63d6bb556846a13012421dde7951ef83a14d8ce1882287cce66f0f9bd055/diff:/var/lib/docker/overlay2/c4f8874ae33ddd14488f5051cd953acc020fa00ea72d28bd530450c0bc8f9903/diff:/var/lib/docker/overlay2/992683766b46aa5653160e6a34283b579a75000e230890d0ec0a6204af735697/diff:/var/lib/docker/overlay2/6e3fba0e1d6501c91c9bec723bb1364f75599c6c2026a6dc71773c88a49f890a/diff:/var/lib/docker/overlay2/c6c2a366f45a69704761d45d296d71bf2bf315efb15cb06ad88925ed235fad81/diff:/var/lib/docker/overlay2/7555f9b18615244719d04b23296ba418195e5e569d47baf9f1da7c3f053fe194/diff:/var/lib/docker/overlay2/7752eb17f8f8ba44a5ed178f499901fa7eb6f2e031c29ab160ee4eff4db8edaa/diff:/var/lib/docker/overlay2/9683de8b3733106f256bd0eabc7cae13623b14493b9212e863449d42b8a87390/diff:/var/lib/docker/overlay2/f5e28e407d8811526fb7dd82e4fed08d5d3124c0f22f1a9496ed27b2b457d3dd/diff:/var/lib/docker/overlay2/e2980c91c6b3331cff3994ca6f327955bb5feaef0f96bc64edce80631fdbf829/diff","MergedDir":"/var/lib/docker/overlay2/05794d51525f65619c615558ef5f93d7c33eef44e12313fdcb3942911d0b5f7d/merged","UpperDir":"/var/lib/docker/overlay2/05794d51525f65619c615558ef5f93d7c33eef44e12313fdcb3942911d0b5f7d/diff","WorkDir":"/var/lib/docker/overlay2/05794d51525f65619c615558ef5f93d7c33eef44e12313fdcb3942911d0b5f7d/work"},"Name":"overlay2"},"Mounts":[{"Type":"volume","Name":"fe29345a30f82a1c969c40b069133e9d87168ce95967d67ac182ee42c059affb","Source":"/var/lib/docker/volumes/fe29345a30f82a1c969c40b069133e9d87168ce95967d67ac182ee42c059affb/_data","Destination":"/var/lib/mysql","Driver":"local","Mode":"","RW":true,"Propagation":""}],"Config":{"Hostname":"b4fc7afd9745","Domainname":"","User":"","AttachStdin":false,"AttachStdout":false,"AttachStderr":false,"ExposedPorts":{"3306/tcp":{},"33060/tcp":{}},"Tty":false,"OpenStdin":false,"StdinOnce":false,"Env":["MYSQL_DATABASE=adm_videos","MYSQL_PASSWORD=123456","MYSQL_ROOT_PASSWORD=123456","PATH=/usr/local/sbin:/usr/local/bin:/usr/sbin:/usr/bin:/sbin:/bin","GOSU_VERSION=1.14","MYSQL_MAJOR=8.0","MYSQL_VERSION=8.0.31-1.el8","MYSQL_SHELL_VERSION=8.0.31-1.el8"],"Cmd":["mysqld"],"Image":"mysql:latest","Volumes":{"/var/lib/mysql":{}},"WorkingDir":"","Entrypoint":["docker-entrypoint.sh"],"OnBuild":null,"Labels":{"org.testcontainers":"true","org.testcontainers.sessionId":"cdd139c9-cde1-4429-bea7-edb0e651ba16"}},"NetworkSettings":{"Bridge":"","SandboxID":"8404ec7d59006489fa5b6638879180586e9aa24c1c3ae79d40e26a8f453c93b1","HairpinMode":false,"LinkLocalIPv6Address":"","LinkLocalIPv6PrefixLen":0,"Ports":{"3306/tcp":[{"HostIp":"0.0.0.0","HostPort":"49156"},{"HostIp":"::","HostPort":"49156"}],"33060/tcp":null},"SandboxKey":"/var/run/docker/netns/8404ec7d5900","SecondaryIPAddresses":null,"SecondaryIPv6Addresses":null,"EndpointID":"28c851b70d88131a783e3d87b7c50320df5f3250ebca621b1b39353a2424212a","Gateway":"172.17.0.1","GlobalIPv6Address":"","GlobalIPv6PrefixLen":0,"IPAddress":"172.17.0.3","IPPrefixLen":16,"IPv6Gateway":"","MacAddress":"02:42:ac:11:00:03","Networks":{"bridge":{"IPAMConfig":null,"Links":null,"Aliases":null,"NetworkID":"bf06afe94eca8b5ab91eae0dbaa8561a6dd16832d429dcdbaa7ed1e003cfbe56","EndpointID":"28c851b70d88131a783e3d87b7c50320df5f3250ebca621b1b39353a2424212a","Gateway":"172.17.0.1","IPAddress":"172.17.0.3","IPPrefixLen":16,"IPv6Gateway":"","GlobalIPv6Address":"","GlobalIPv6PrefixLen":0,"MacAddress":"02:42:ac:11:00:03","DriverOpts":null}}}}[\n]"
18:30:20.339 [Test worker] DEBUG com.github.dockerjava.zerodep.shaded.org.apache.hc.client5.http.wire - http-outgoing-1 << "[\r][\n]"
18:30:20.339 [Test worker] DEBUG com.github.dockerjava.zerodep.shaded.org.apache.hc.client5.http.wire - http-outgoing-1 << "0[\r][\n]"
18:30:20.339 [Test worker] DEBUG com.github.dockerjava.zerodep.shaded.org.apache.hc.client5.http.wire - http-outgoing-1 << "[\r][\n]"
18:30:20.339 [Test worker] DEBUG com.github.dockerjava.zerodep.shaded.org.apache.hc.client5.http.headers - http-outgoing-1 << HTTP/1.1 200 OK
18:30:20.339 [Test worker] DEBUG com.github.dockerjava.zerodep.shaded.org.apache.hc.client5.http.headers - http-outgoing-1 << Api-Version: 1.41
18:30:20.339 [Test worker] DEBUG com.github.dockerjava.zerodep.shaded.org.apache.hc.client5.http.headers - http-outgoing-1 << Content-Type: application/json
18:30:20.339 [Test worker] DEBUG com.github.dockerjava.zerodep.shaded.org.apache.hc.client5.http.headers - http-outgoing-1 << Docker-Experimental: false
18:30:20.339 [Test worker] DEBUG com.github.dockerjava.zerodep.shaded.org.apache.hc.client5.http.headers - http-outgoing-1 << Ostype: linux
18:30:20.339 [Test worker] DEBUG com.github.dockerjava.zerodep.shaded.org.apache.hc.client5.http.headers - http-outgoing-1 << Server: Docker/20.10.17 (linux)
18:30:20.339 [Test worker] DEBUG com.github.dockerjava.zerodep.shaded.org.apache.hc.client5.http.headers - http-outgoing-1 << Date: Thu, 08 Dec 2022 21:30:20 GMT
18:30:20.339 [Test worker] DEBUG com.github.dockerjava.zerodep.shaded.org.apache.hc.client5.http.headers - http-outgoing-1 << Transfer-Encoding: chunked
18:30:20.340 [Test worker] DEBUG com.github.dockerjava.zerodep.shaded.org.apache.hc.client5.http.impl.classic.MainClientExec - ex-00000054: connection can be kept alive for 3 MINUTES
18:30:20.340 [Test worker] DEBUG com.github.dockerjava.zerodep.shaded.org.apache.hc.client5.http.impl.classic.InternalHttpClient - ep-00000053: releasing valid endpoint
18:30:20.340 [Test worker] DEBUG com.github.dockerjava.zerodep.shaded.org.apache.hc.client5.http.impl.io.PoolingHttpClientConnectionManager - ep-00000053: releasing endpoint
18:30:20.340 [Test worker] DEBUG com.github.dockerjava.zerodep.shaded.org.apache.hc.client5.http.impl.io.PoolingHttpClientConnectionManager - ep-00000053: connection http-outgoing-1 can be kept alive for 3 MINUTES
18:30:20.340 [Test worker] DEBUG com.github.dockerjava.zerodep.shaded.org.apache.hc.client5.http.impl.io.PoolingHttpClientConnectionManager - ep-00000053: connection released [route: {}->unix://localhost:2375][total available: 1; route allocated: 1 of 2147483647; total allocated: 1 of 2147483647]
18:30:20.340 [Test worker] DEBUG ]]>&#x1f433;<![CDATA[ [mysql:latest] - Trying to create JDBC connection using com.mysql.cj.jdbc.Driver to jdbc:mysql://localhost:49156/adm_videos?useSSL=false&allowPublicKeyRetrieval=true with properties: {password=123456, user=root}
18:30:20.442 [Test worker] DEBUG org.testcontainers.shaded.com.github.dockerjava.core.command.AbstrDockerCmd - Cmd: b4fc7afd97457a2a6ec84592488a57f900fa52ed03fcd2dbaf8a116bc1f50ab3,false
18:30:20.442 [Test worker] DEBUG org.testcontainers.shaded.com.github.dockerjava.core.exec.InspectContainerCmdExec - GET: DefaultWebTarget{path=[/containers/b4fc7afd97457a2a6ec84592488a57f900fa52ed03fcd2dbaf8a116bc1f50ab3/json], queryParams={}}
18:30:20.443 [Test worker] DEBUG com.github.dockerjava.zerodep.shaded.org.apache.hc.client5.http.impl.classic.InternalHttpClient - ex-00000055: preparing request execution
18:30:20.443 [Test worker] DEBUG com.github.dockerjava.zerodep.shaded.org.apache.hc.client5.http.protocol.RequestAddCookies - Cookie spec selected: strict
18:30:20.443 [Test worker] DEBUG com.github.dockerjava.zerodep.shaded.org.apache.hc.client5.http.protocol.RequestAuthCache - Auth cache not set in the context
18:30:20.443 [Test worker] DEBUG com.github.dockerjava.zerodep.shaded.org.apache.hc.client5.http.impl.classic.ProtocolExec - ex-00000055: target auth state: UNCHALLENGED
18:30:20.443 [Test worker] DEBUG com.github.dockerjava.zerodep.shaded.org.apache.hc.client5.http.impl.classic.ProtocolExec - ex-00000055: proxy auth state: UNCHALLENGED
18:30:20.443 [Test worker] DEBUG com.github.dockerjava.zerodep.shaded.org.apache.hc.client5.http.impl.classic.ConnectExec - ex-00000055: acquiring connection with route {}->unix://localhost:2375
18:30:20.443 [Test worker] DEBUG com.github.dockerjava.zerodep.shaded.org.apache.hc.client5.http.impl.classic.InternalHttpClient - ex-00000055: acquiring endpoint (3 MINUTES)
18:30:20.443 [Test worker] DEBUG com.github.dockerjava.zerodep.shaded.org.apache.hc.client5.http.impl.io.PoolingHttpClientConnectionManager - ex-00000055: endpoint lease request (3 MINUTES) [route: {}->unix://localhost:2375][total available: 1; route allocated: 1 of 2147483647; total allocated: 1 of 2147483647]
18:30:20.443 [Test worker] DEBUG com.github.dockerjava.zerodep.shaded.org.apache.hc.client5.http.impl.io.PoolingHttpClientConnectionManager - ex-00000055: endpoint leased [route: {}->unix://localhost:2375][total available: 0; route allocated: 1 of 2147483647; total allocated: 1 of 2147483647]
18:30:20.443 [Test worker] DEBUG com.github.dockerjava.zerodep.shaded.org.apache.hc.client5.http.impl.io.PoolingHttpClientConnectionManager - ex-00000055: acquired ep-00000054
18:30:20.443 [Test worker] DEBUG com.github.dockerjava.zerodep.shaded.org.apache.hc.client5.http.impl.classic.InternalHttpClient - ex-00000055: acquired endpoint ep-00000054
18:30:20.443 [Test worker] DEBUG com.github.dockerjava.zerodep.shaded.org.apache.hc.client5.http.impl.classic.MainClientExec - ex-00000055: executing GET /v1.32/containers/b4fc7afd97457a2a6ec84592488a57f900fa52ed03fcd2dbaf8a116bc1f50ab3/json HTTP/1.1
18:30:20.443 [Test worker] DEBUG com.github.dockerjava.zerodep.shaded.org.apache.hc.client5.http.impl.classic.InternalHttpClient - ep-00000054: start execution ex-00000055
18:30:20.443 [Test worker] DEBUG com.github.dockerjava.zerodep.shaded.org.apache.hc.client5.http.impl.io.PoolingHttpClientConnectionManager - ep-00000054: executing exchange ex-00000055 over http-outgoing-1
18:30:20.443 [Test worker] DEBUG com.github.dockerjava.zerodep.shaded.org.apache.hc.client5.http.headers - http-outgoing-1 >> GET /v1.32/containers/b4fc7afd97457a2a6ec84592488a57f900fa52ed03fcd2dbaf8a116bc1f50ab3/json HTTP/1.1
18:30:20.443 [Test worker] DEBUG com.github.dockerjava.zerodep.shaded.org.apache.hc.client5.http.headers - http-outgoing-1 >> accept: application/json
18:30:20.443 [Test worker] DEBUG com.github.dockerjava.zerodep.shaded.org.apache.hc.client5.http.headers - http-outgoing-1 >> x-tc-sid: cdd139c9-cde1-4429-bea7-edb0e651ba16
18:30:20.443 [Test worker] DEBUG com.github.dockerjava.zerodep.shaded.org.apache.hc.client5.http.headers - http-outgoing-1 >> Accept-Encoding: gzip, x-gzip, deflate
18:30:20.443 [Test worker] DEBUG com.github.dockerjava.zerodep.shaded.org.apache.hc.client5.http.headers - http-outgoing-1 >> Host: localhost:2375
18:30:20.443 [Test worker] DEBUG com.github.dockerjava.zerodep.shaded.org.apache.hc.client5.http.headers - http-outgoing-1 >> Connection: keep-alive
18:30:20.443 [Test worker] DEBUG com.github.dockerjava.zerodep.shaded.org.apache.hc.client5.http.headers - http-outgoing-1 >> User-Agent: Apache-HttpClient/5.0.3 (Java/17.0.2)
18:30:20.443 [Test worker] DEBUG com.github.dockerjava.zerodep.shaded.org.apache.hc.client5.http.wire - http-outgoing-1 >> "GET /v1.32/containers/b4fc7afd97457a2a6ec84592488a57f900fa52ed03fcd2dbaf8a116bc1f50ab3/json HTTP/1.1[\r][\n]"
18:30:20.443 [Test worker] DEBUG com.github.dockerjava.zerodep.shaded.org.apache.hc.client5.http.wire - http-outgoing-1 >> "accept: application/json[\r][\n]"
18:30:20.443 [Test worker] DEBUG com.github.dockerjava.zerodep.shaded.org.apache.hc.client5.http.wire - http-outgoing-1 >> "x-tc-sid: cdd139c9-cde1-4429-bea7-edb0e651ba16[\r][\n]"
18:30:20.443 [Test worker] DEBUG com.github.dockerjava.zerodep.shaded.org.apache.hc.client5.http.wire - http-outgoing-1 >> "Accept-Encoding: gzip, x-gzip, deflate[\r][\n]"
18:30:20.443 [Test worker] DEBUG com.github.dockerjava.zerodep.shaded.org.apache.hc.client5.http.wire - http-outgoing-1 >> "Host: localhost:2375[\r][\n]"
18:30:20.443 [Test worker] DEBUG com.github.dockerjava.zerodep.shaded.org.apache.hc.client5.http.wire - http-outgoing-1 >> "Connection: keep-alive[\r][\n]"
18:30:20.443 [Test worker] DEBUG com.github.dockerjava.zerodep.shaded.org.apache.hc.client5.http.wire - http-outgoing-1 >> "User-Agent: Apache-HttpClient/5.0.3 (Java/17.0.2)[\r][\n]"
18:30:20.443 [Test worker] DEBUG com.github.dockerjava.zerodep.shaded.org.apache.hc.client5.http.wire - http-outgoing-1 >> "[\r][\n]"
18:30:20.444 [Test worker] DEBUG com.github.dockerjava.zerodep.shaded.org.apache.hc.client5.http.wire - http-outgoing-1 << "HTTP/1.1 200 OK[\r][\n]"
18:30:20.444 [Test worker] DEBUG com.github.dockerjava.zerodep.shaded.org.apache.hc.client5.http.wire - http-outgoing-1 << "Api-Version: 1.41[\r][\n]"
18:30:20.444 [Test worker] DEBUG com.github.dockerjava.zerodep.shaded.org.apache.hc.client5.http.wire - http-outgoing-1 << "Content-Type: application/json[\r][\n]"
18:30:20.444 [Test worker] DEBUG com.github.dockerjava.zerodep.shaded.org.apache.hc.client5.http.wire - http-outgoing-1 << "Docker-Experimental: false[\r][\n]"
18:30:20.444 [Test worker] DEBUG com.github.dockerjava.zerodep.shaded.org.apache.hc.client5.http.wire - http-outgoing-1 << "Ostype: linux[\r][\n]"
18:30:20.444 [Test worker] DEBUG com.github.dockerjava.zerodep.shaded.org.apache.hc.client5.http.wire - http-outgoing-1 << "Server: Docker/20.10.17 (linux)[\r][\n]"
18:30:20.444 [Test worker] DEBUG com.github.dockerjava.zerodep.shaded.org.apache.hc.client5.http.wire - http-outgoing-1 << "Date: Thu, 08 Dec 2022 21:30:20 GMT[\r][\n]"
18:30:20.444 [Test worker] DEBUG com.github.dockerjava.zerodep.shaded.org.apache.hc.client5.http.wire - http-outgoing-1 << "Transfer-Encoding: chunked[\r][\n]"
18:30:20.444 [Test worker] DEBUG com.github.dockerjava.zerodep.shaded.org.apache.hc.client5.http.wire - http-outgoing-1 << "[\r][\n]"
18:30:20.444 [Test worker] DEBUG com.github.dockerjava.zerodep.shaded.org.apache.hc.client5.http.wire - http-outgoing-1 << "18a6[\r][\n]"
18:30:20.444 [Test worker] DEBUG com.github.dockerjava.zerodep.shaded.org.apache.hc.client5.http.wire - http-outgoing-1 << "{"Id":"b4fc7afd97457a2a6ec84592488a57f900fa52ed03fcd2dbaf8a116bc1f50ab3","Created":"2022-12-08T21:30:11.801619537Z","Path":"docker-entrypoint.sh","Args":["mysqld"],"State":{"Status":"running","Running":true,"Paused":false,"Restarting":false,"OOMKilled":false,"Dead":false,"Pid":148084,"ExitCode":0,"Error":"","StartedAt":"2022-12-08T21:30:12.370762583Z","FinishedAt":"0001-01-01T00:00:00Z"},"Image":"sha256:7484689f290f1defe06b65befc54cb6ad91a667cf0af59a265ffe76c46bd0478","ResolvConfPath":"/var/lib/docker/containers/b4fc7afd97457a2a6ec84592488a57f900fa52ed03fcd2dbaf8a116bc1f50ab3/resolv.conf","HostnamePath":"/var/lib/docker/containers/b4fc7afd97457a2a6ec84592488a57f900fa52ed03fcd2dbaf8a116bc1f50ab3/hostname","HostsPath":"/var/lib/docker/containers/b4fc7afd97457a2a6ec84592488a57f900fa52ed03fcd2dbaf8a116bc1f50ab3/hosts","LogPath":"/var/lib/docker/containers/b4fc7afd97457a2a6ec84592488a57f900fa52ed03fcd2dbaf8a116bc1f50ab3/b4fc7afd97457a2a6ec84592488a57f900fa52ed03fcd2dbaf8a116bc1f50ab3-json.log","Name":"/agitated_ptolemy","RestartCount":0,"Driver":"overlay2","Platform":"linux","MountLabel":"","ProcessLabel":"","AppArmorProfile":"docker-default","ExecIDs":null,"HostConfig":{"Binds":[],"ContainerIDFile":"","LogConfig":{"Type":"json-file","Config":{}},"NetworkMode":"default","PortBindings":{"3306/tcp":[{"HostIp":"","HostPort":""}]},"RestartPolicy":{"Name":"","MaximumRetryCount":0},"AutoRemove":false,"VolumeDriver":"","VolumesFrom":[],"CapAdd":null,"CapDrop":null,"CgroupnsMode":"private","Dns":null,"DnsOptions":null,"DnsSearch":null,"ExtraHosts":[],"GroupAdd":null,"IpcMode":"shareable","Cgroup":"","Links":null,"OomScoreAdj":0,"PidMode":"","Privileged":false,"PublishAllPorts":false,"ReadonlyRootfs":false,"SecurityOpt":null,"UTSMode":"","UsernsMode":"","ShmSize":67108864,"Runtime":"runc","ConsoleSize":[0,0],"Isolation":"","CpuShares":0,"Memory":0,"NanoCpus":0,"CgroupParent":"","BlkioWeight":0,"BlkioWeightDevice":null,"BlkioDeviceReadBps":null,"BlkioDeviceWriteBps":null,"BlkioDeviceReadIOps":null,"BlkioDeviceWriteIOps":null,"CpuPeriod":0,"CpuQuota":0,"CpuRealtimePeriod":0,"CpuRealtimeRuntime":0,"CpusetCpus":"","CpusetMems":"","Devices":null,"DeviceCgroupRules":null,"DeviceRequests":null,"KernelMemory":0,"KernelMemoryTCP":0,"MemoryReservation":0,"MemorySwap":0,"MemorySwappiness":null,"OomKillDisable":null,"PidsLimit":null,"Ulimits":null,"CpuCount":0,"CpuPercent":0,"IOMaximumIOps":0,"IOMaximumBandwidth":0,"MaskedPaths":["/proc/asound","/proc/acpi","/proc/kcore","/proc/keys","/proc/latency_stats","/proc/timer_list","/proc/timer_stats","/proc/sched_debug","/proc/scsi","/sys/firmware"],"ReadonlyPaths":["/proc/bus","/proc/fs","/proc/irq","/proc/sys","/proc/sysrq-trigger"]},"GraphDriver":{"Data":{"LowerDir":"/var/lib/docker/overlay2/05794d51525f65619c615558ef5f93d7c33eef44e12313fdcb3942911d0b5f7d-init/diff:/var/lib/docker/overlay2/f079a69cfd5e80e906b12f05a0c7bfaabc56ce63e947db68b722ae30905f1239/diff:/var/lib/docker/overlay2/9dfb63d6bb556846a13012421dde7951ef83a14d8ce1882287cce66f0f9bd055/diff:/var/lib/docker/overlay2/c4f8874ae33ddd14488f5051cd953acc020fa00ea72d28bd530450c0bc8f9903/diff:/var/lib/docker/overlay2/992683766b46aa5653160e6a34283b579a75000e230890d0ec0a6204af735697/diff:/var/lib/docker/overlay2/6e3fba0e1d6501c91c9bec723bb1364f75599c6c2026a6dc71773c88a49f890a/diff:/var/lib/docker/overlay2/c6c2a366f45a69704761d45d296d71bf2bf315efb15cb06ad88925ed235fad81/diff:/var/lib/docker/overlay2/7555f9b18615244719d04b23296ba418195e5e569d47baf9f1da7c3f053fe194/diff:/var/lib/docker/overlay2/7752eb17f8f8ba44a5ed178f499901fa7eb6f2e031c29ab160ee4eff4db8edaa/diff:/var/lib/docker/overlay2/9683de8b3733106f256bd0eabc7cae13623b14493b9212e863449d42b8a87390/diff:/var/lib/docker/overlay2/f5e28e407d8811526fb7dd82e4fed08d5d3124c0f22f1a9496ed27b2b457d3dd/diff:/var/lib/docker/overlay2/e2980c91c6b3331cff3994ca6f327955bb5feaef0f96bc64edce80631fdbf829/diff","MergedDir":"/var/lib/docker/overlay2/05794d51525f65619c615558ef5f93d7c33eef44e12313fdcb3942911d0b5f7d/merged","UpperDir":"/var/lib/docker/overlay2/05794d51525f65619c615558ef5f93d7c33eef44e12313fdcb3942911d0b5f7d/diff","WorkDir":"/var/lib/docker/overlay2/05794d51525f65619c615558ef5f93d7c33eef44e12313fdcb3942911d0b5f7d/work"},"Name":"overlay2"},"Mounts":[{"Type":"volume","Name":"fe29345a30f82a1c969c40b069133e9d87168ce95967d67ac182ee42c059affb","Source":"/var/lib/docker/volumes/fe29345a30f82a1c969c40b069133e9d87168ce95967d67ac182ee42c059affb/_data","Destination":"/var/lib/mysql","Driver":"local","Mode":"","RW":true,"Propagation":""}],"Config":{"Hostname":"b4fc7afd9745","Domainname":"","User":"","AttachStdin":false,"AttachStdout":false,"AttachStderr":false,"ExposedPorts":{"3306/tcp":{},"33060/tcp":{}},"Tty":false,"OpenStdin":false,"StdinOnce":false,"Env":["MYSQL_DATABASE=adm_videos","MYSQL_PASSWORD=123456","MYSQL_ROOT_PASSWORD=123456","PATH=/usr/local/sbin:/usr/local/bin:/usr/sbin:/usr/bin:/sbin:/bin","GOSU_VERSION=1.14","MYSQL_MAJOR=8.0","MYSQL_VERSION=8.0.31-1.el8","MYSQL_SHELL_VERSION=8.0.31-1.el8"],"Cmd":["mysqld"],"Image":"mysql:latest","Volumes":{"/var/lib/mysql":{}},"WorkingDir":"","Entrypoint":["docker-entrypoint.sh"],"OnBuild":null,"Labels":{"org.testcontainers":"true","org.testcontainers.sessionId":"cdd139c9-cde1-4429-bea7-edb0e651ba16"}},"NetworkSettings":{"Bridge":"","SandboxID":"8404ec7d59006489fa5b6638879180586e9aa24c1c3ae79d40e26a8f453c93b1","HairpinMode":false,"LinkLocalIPv6Address":"","LinkLocalIPv6PrefixLen":0,"Ports":{"3306/tcp":[{"HostIp":"0.0.0.0","HostPort":"49156"},{"HostIp":"::","HostPort":"49156"}],"33060/tcp":null},"SandboxKey":"/var/run/docker/netns/8404ec7d5900","SecondaryIPAddresses":null,"SecondaryIPv6Addresses":null,"EndpointID":"28c851b70d88131a783e3d87b7c50320df5f3250ebca621b1b39353a2424212a","Gateway":"172.17.0.1","GlobalIPv6Address":"","GlobalIPv6PrefixLen":0,"IPAddress":"172.17.0.3","IPPrefixLen":16,"IPv6Gateway":"","MacAddress":"02:42:ac:11:00:03","Networks":{"bridge":{"IPAMConfig":null,"Links":null,"Aliases":null,"NetworkID":"bf06afe94eca8b5ab91eae0dbaa8561a6dd16832d429dcdbaa7ed1e003cfbe56","EndpointID":"28c851b70d88131a783e3d87b7c50320df5f3250ebca621b1b39353a2424212a","Gateway":"172.17.0.1","IPAddress":"172.17.0.3","IPPrefixLen":16,"IPv6Gateway":"","GlobalIPv6Address":"","GlobalIPv6PrefixLen":0,"MacAddress":"02:42:ac:11:00:03","DriverOpts":null}}}}[\n]"
18:30:20.444 [Test worker] DEBUG com.github.dockerjava.zerodep.shaded.org.apache.hc.client5.http.wire - http-outgoing-1 << "[\r][\n]"
18:30:20.444 [Test worker] DEBUG com.github.dockerjava.zerodep.shaded.org.apache.hc.client5.http.wire - http-outgoing-1 << "0[\r][\n]"
18:30:20.444 [Test worker] DEBUG com.github.dockerjava.zerodep.shaded.org.apache.hc.client5.http.wire - http-outgoing-1 << "[\r][\n]"
18:30:20.444 [Test worker] DEBUG com.github.dockerjava.zerodep.shaded.org.apache.hc.client5.http.headers - http-outgoing-1 << HTTP/1.1 200 OK
18:30:20.444 [Test worker] DEBUG com.github.dockerjava.zerodep.shaded.org.apache.hc.client5.http.headers - http-outgoing-1 << Api-Version: 1.41
18:30:20.444 [Test worker] DEBUG com.github.dockerjava.zerodep.shaded.org.apache.hc.client5.http.headers - http-outgoing-1 << Content-Type: application/json
18:30:20.444 [Test worker] DEBUG com.github.dockerjava.zerodep.shaded.org.apache.hc.client5.http.headers - http-outgoing-1 << Docker-Experimental: false
18:30:20.444 [Test worker] DEBUG com.github.dockerjava.zerodep.shaded.org.apache.hc.client5.http.headers - http-outgoing-1 << Ostype: linux
18:30:20.444 [Test worker] DEBUG com.github.dockerjava.zerodep.shaded.org.apache.hc.client5.http.headers - http-outgoing-1 << Server: Docker/20.10.17 (linux)
18:30:20.444 [Test worker] DEBUG com.github.dockerjava.zerodep.shaded.org.apache.hc.client5.http.headers - http-outgoing-1 << Date: Thu, 08 Dec 2022 21:30:20 GMT
18:30:20.444 [Test worker] DEBUG com.github.dockerjava.zerodep.shaded.org.apache.hc.client5.http.headers - http-outgoing-1 << Transfer-Encoding: chunked
18:30:20.444 [Test worker] DEBUG com.github.dockerjava.zerodep.shaded.org.apache.hc.client5.http.impl.classic.MainClientExec - ex-00000055: connection can be kept alive for 3 MINUTES
18:30:20.444 [Test worker] DEBUG com.github.dockerjava.zerodep.shaded.org.apache.hc.client5.http.impl.classic.InternalHttpClient - ep-00000054: releasing valid endpoint
18:30:20.444 [Test worker] DEBUG com.github.dockerjava.zerodep.shaded.org.apache.hc.client5.http.impl.io.PoolingHttpClientConnectionManager - ep-00000054: releasing endpoint
18:30:20.444 [Test worker] DEBUG com.github.dockerjava.zerodep.shaded.org.apache.hc.client5.http.impl.io.PoolingHttpClientConnectionManager - ep-00000054: connection http-outgoing-1 can be kept alive for 3 MINUTES
18:30:20.444 [Test worker] DEBUG com.github.dockerjava.zerodep.shaded.org.apache.hc.client5.http.impl.io.PoolingHttpClientConnectionManager - ep-00000054: connection released [route: {}->unix://localhost:2375][total available: 1; route allocated: 1 of 2147483647; total allocated: 1 of 2147483647]
18:30:20.445 [Test worker] DEBUG ]]>&#x1f433;<![CDATA[ [mysql:latest] - Trying to create JDBC connection using com.mysql.cj.jdbc.Driver to jdbc:mysql://localhost:49156/adm_videos?useSSL=false&allowPublicKeyRetrieval=true with properties: {password=123456, user=root}
18:30:20.546 [Test worker] DEBUG org.testcontainers.shaded.com.github.dockerjava.core.command.AbstrDockerCmd - Cmd: b4fc7afd97457a2a6ec84592488a57f900fa52ed03fcd2dbaf8a116bc1f50ab3,false
18:30:20.546 [Test worker] DEBUG org.testcontainers.shaded.com.github.dockerjava.core.exec.InspectContainerCmdExec - GET: DefaultWebTarget{path=[/containers/b4fc7afd97457a2a6ec84592488a57f900fa52ed03fcd2dbaf8a116bc1f50ab3/json], queryParams={}}
18:30:20.546 [Test worker] DEBUG com.github.dockerjava.zerodep.shaded.org.apache.hc.client5.http.impl.classic.InternalHttpClient - ex-00000056: preparing request execution
18:30:20.546 [Test worker] DEBUG com.github.dockerjava.zerodep.shaded.org.apache.hc.client5.http.protocol.RequestAddCookies - Cookie spec selected: strict
18:30:20.546 [Test worker] DEBUG com.github.dockerjava.zerodep.shaded.org.apache.hc.client5.http.protocol.RequestAuthCache - Auth cache not set in the context
18:30:20.546 [Test worker] DEBUG com.github.dockerjava.zerodep.shaded.org.apache.hc.client5.http.impl.classic.ProtocolExec - ex-00000056: target auth state: UNCHALLENGED
18:30:20.546 [Test worker] DEBUG com.github.dockerjava.zerodep.shaded.org.apache.hc.client5.http.impl.classic.ProtocolExec - ex-00000056: proxy auth state: UNCHALLENGED
18:30:20.546 [Test worker] DEBUG com.github.dockerjava.zerodep.shaded.org.apache.hc.client5.http.impl.classic.ConnectExec - ex-00000056: acquiring connection with route {}->unix://localhost:2375
18:30:20.546 [Test worker] DEBUG com.github.dockerjava.zerodep.shaded.org.apache.hc.client5.http.impl.classic.InternalHttpClient - ex-00000056: acquiring endpoint (3 MINUTES)
18:30:20.546 [Test worker] DEBUG com.github.dockerjava.zerodep.shaded.org.apache.hc.client5.http.impl.io.PoolingHttpClientConnectionManager - ex-00000056: endpoint lease request (3 MINUTES) [route: {}->unix://localhost:2375][total available: 1; route allocated: 1 of 2147483647; total allocated: 1 of 2147483647]
18:30:20.546 [Test worker] DEBUG com.github.dockerjava.zerodep.shaded.org.apache.hc.client5.http.impl.io.PoolingHttpClientConnectionManager - ex-00000056: endpoint leased [route: {}->unix://localhost:2375][total available: 0; route allocated: 1 of 2147483647; total allocated: 1 of 2147483647]
18:30:20.546 [Test worker] DEBUG com.github.dockerjava.zerodep.shaded.org.apache.hc.client5.http.impl.io.PoolingHttpClientConnectionManager - ex-00000056: acquired ep-00000055
18:30:20.546 [Test worker] DEBUG com.github.dockerjava.zerodep.shaded.org.apache.hc.client5.http.impl.classic.InternalHttpClient - ex-00000056: acquired endpoint ep-00000055
18:30:20.546 [Test worker] DEBUG com.github.dockerjava.zerodep.shaded.org.apache.hc.client5.http.impl.classic.MainClientExec - ex-00000056: executing GET /v1.32/containers/b4fc7afd97457a2a6ec84592488a57f900fa52ed03fcd2dbaf8a116bc1f50ab3/json HTTP/1.1
18:30:20.546 [Test worker] DEBUG com.github.dockerjava.zerodep.shaded.org.apache.hc.client5.http.impl.classic.InternalHttpClient - ep-00000055: start execution ex-00000056
18:30:20.546 [Test worker] DEBUG com.github.dockerjava.zerodep.shaded.org.apache.hc.client5.http.impl.io.PoolingHttpClientConnectionManager - ep-00000055: executing exchange ex-00000056 over http-outgoing-1
18:30:20.546 [Test worker] DEBUG com.github.dockerjava.zerodep.shaded.org.apache.hc.client5.http.headers - http-outgoing-1 >> GET /v1.32/containers/b4fc7afd97457a2a6ec84592488a57f900fa52ed03fcd2dbaf8a116bc1f50ab3/json HTTP/1.1
18:30:20.546 [Test worker] DEBUG com.github.dockerjava.zerodep.shaded.org.apache.hc.client5.http.headers - http-outgoing-1 >> accept: application/json
18:30:20.546 [Test worker] DEBUG com.github.dockerjava.zerodep.shaded.org.apache.hc.client5.http.headers - http-outgoing-1 >> x-tc-sid: cdd139c9-cde1-4429-bea7-edb0e651ba16
18:30:20.546 [Test worker] DEBUG com.github.dockerjava.zerodep.shaded.org.apache.hc.client5.http.headers - http-outgoing-1 >> Accept-Encoding: gzip, x-gzip, deflate
18:30:20.546 [Test worker] DEBUG com.github.dockerjava.zerodep.shaded.org.apache.hc.client5.http.headers - http-outgoing-1 >> Host: localhost:2375
18:30:20.546 [Test worker] DEBUG com.github.dockerjava.zerodep.shaded.org.apache.hc.client5.http.headers - http-outgoing-1 >> Connection: keep-alive
18:30:20.546 [Test worker] DEBUG com.github.dockerjava.zerodep.shaded.org.apache.hc.client5.http.headers - http-outgoing-1 >> User-Agent: Apache-HttpClient/5.0.3 (Java/17.0.2)
18:30:20.546 [Test worker] DEBUG com.github.dockerjava.zerodep.shaded.org.apache.hc.client5.http.wire - http-outgoing-1 >> "GET /v1.32/containers/b4fc7afd97457a2a6ec84592488a57f900fa52ed03fcd2dbaf8a116bc1f50ab3/json HTTP/1.1[\r][\n]"
18:30:20.546 [Test worker] DEBUG com.github.dockerjava.zerodep.shaded.org.apache.hc.client5.http.wire - http-outgoing-1 >> "accept: application/json[\r][\n]"
18:30:20.546 [Test worker] DEBUG com.github.dockerjava.zerodep.shaded.org.apache.hc.client5.http.wire - http-outgoing-1 >> "x-tc-sid: cdd139c9-cde1-4429-bea7-edb0e651ba16[\r][\n]"
18:30:20.546 [Test worker] DEBUG com.github.dockerjava.zerodep.shaded.org.apache.hc.client5.http.wire - http-outgoing-1 >> "Accept-Encoding: gzip, x-gzip, deflate[\r][\n]"
18:30:20.546 [Test worker] DEBUG com.github.dockerjava.zerodep.shaded.org.apache.hc.client5.http.wire - http-outgoing-1 >> "Host: localhost:2375[\r][\n]"
18:30:20.546 [Test worker] DEBUG com.github.dockerjava.zerodep.shaded.org.apache.hc.client5.http.wire - http-outgoing-1 >> "Connection: keep-alive[\r][\n]"
18:30:20.546 [Test worker] DEBUG com.github.dockerjava.zerodep.shaded.org.apache.hc.client5.http.wire - http-outgoing-1 >> "User-Agent: Apache-HttpClient/5.0.3 (Java/17.0.2)[\r][\n]"
18:30:20.546 [Test worker] DEBUG com.github.dockerjava.zerodep.shaded.org.apache.hc.client5.http.wire - http-outgoing-1 >> "[\r][\n]"
18:30:20.547 [Test worker] DEBUG com.github.dockerjava.zerodep.shaded.org.apache.hc.client5.http.wire - http-outgoing-1 << "HTTP/1.1 200 OK[\r][\n]"
18:30:20.547 [Test worker] DEBUG com.github.dockerjava.zerodep.shaded.org.apache.hc.client5.http.wire - http-outgoing-1 << "Api-Version: 1.41[\r][\n]"
18:30:20.547 [Test worker] DEBUG com.github.dockerjava.zerodep.shaded.org.apache.hc.client5.http.wire - http-outgoing-1 << "Content-Type: application/json[\r][\n]"
18:30:20.547 [Test worker] DEBUG com.github.dockerjava.zerodep.shaded.org.apache.hc.client5.http.wire - http-outgoing-1 << "Docker-Experimental: false[\r][\n]"
18:30:20.547 [Test worker] DEBUG com.github.dockerjava.zerodep.shaded.org.apache.hc.client5.http.wire - http-outgoing-1 << "Ostype: linux[\r][\n]"
18:30:20.547 [Test worker] DEBUG com.github.dockerjava.zerodep.shaded.org.apache.hc.client5.http.wire - http-outgoing-1 << "Server: Docker/20.10.17 (linux)[\r][\n]"
18:30:20.547 [Test worker] DEBUG com.github.dockerjava.zerodep.shaded.org.apache.hc.client5.http.wire - http-outgoing-1 << "Date: Thu, 08 Dec 2022 21:30:20 GMT[\r][\n]"
18:30:20.547 [Test worker] DEBUG com.github.dockerjava.zerodep.shaded.org.apache.hc.client5.http.wire - http-outgoing-1 << "Transfer-Encoding: chunked[\r][\n]"
18:30:20.547 [Test worker] DEBUG com.github.dockerjava.zerodep.shaded.org.apache.hc.client5.http.wire - http-outgoing-1 << "[\r][\n]"
18:30:20.547 [Test worker] DEBUG com.github.dockerjava.zerodep.shaded.org.apache.hc.client5.http.wire - http-outgoing-1 << "18a6[\r][\n]"
18:30:20.547 [Test worker] DEBUG com.github.dockerjava.zerodep.shaded.org.apache.hc.client5.http.wire - http-outgoing-1 << "{"Id":"b4fc7afd97457a2a6ec84592488a57f900fa52ed03fcd2dbaf8a116bc1f50ab3","Created":"2022-12-08T21:30:11.801619537Z","Path":"docker-entrypoint.sh","Args":["mysqld"],"State":{"Status":"running","Running":true,"Paused":false,"Restarting":false,"OOMKilled":false,"Dead":false,"Pid":148084,"ExitCode":0,"Error":"","StartedAt":"2022-12-08T21:30:12.370762583Z","FinishedAt":"0001-01-01T00:00:00Z"},"Image":"sha256:7484689f290f1defe06b65befc54cb6ad91a667cf0af59a265ffe76c46bd0478","ResolvConfPath":"/var/lib/docker/containers/b4fc7afd97457a2a6ec84592488a57f900fa52ed03fcd2dbaf8a116bc1f50ab3/resolv.conf","HostnamePath":"/var/lib/docker/containers/b4fc7afd97457a2a6ec84592488a57f900fa52ed03fcd2dbaf8a116bc1f50ab3/hostname","HostsPath":"/var/lib/docker/containers/b4fc7afd97457a2a6ec84592488a57f900fa52ed03fcd2dbaf8a116bc1f50ab3/hosts","LogPath":"/var/lib/docker/containers/b4fc7afd97457a2a6ec84592488a57f900fa52ed03fcd2dbaf8a116bc1f50ab3/b4fc7afd97457a2a6ec84592488a57f900fa52ed03fcd2dbaf8a116bc1f50ab3-json.log","Name":"/agitated_ptolemy","RestartCount":0,"Driver":"overlay2","Platform":"linux","MountLabel":"","ProcessLabel":"","AppArmorProfile":"docker-default","ExecIDs":null,"HostConfig":{"Binds":[],"ContainerIDFile":"","LogConfig":{"Type":"json-file","Config":{}},"NetworkMode":"default","PortBindings":{"3306/tcp":[{"HostIp":"","HostPort":""}]},"RestartPolicy":{"Name":"","MaximumRetryCount":0},"AutoRemove":false,"VolumeDriver":"","VolumesFrom":[],"CapAdd":null,"CapDrop":null,"CgroupnsMode":"private","Dns":null,"DnsOptions":null,"DnsSearch":null,"ExtraHosts":[],"GroupAdd":null,"IpcMode":"shareable","Cgroup":"","Links":null,"OomScoreAdj":0,"PidMode":"","Privileged":false,"PublishAllPorts":false,"ReadonlyRootfs":false,"SecurityOpt":null,"UTSMode":"","UsernsMode":"","ShmSize":67108864,"Runtime":"runc","ConsoleSize":[0,0],"Isolation":"","CpuShares":0,"Memory":0,"NanoCpus":0,"CgroupParent":"","BlkioWeight":0,"BlkioWeightDevice":null,"BlkioDeviceReadBps":null,"BlkioDeviceWriteBps":null,"BlkioDeviceReadIOps":null,"BlkioDeviceWriteIOps":null,"CpuPeriod":0,"CpuQuota":0,"CpuRealtimePeriod":0,"CpuRealtimeRuntime":0,"CpusetCpus":"","CpusetMems":"","Devices":null,"DeviceCgroupRules":null,"DeviceRequests":null,"KernelMemory":0,"KernelMemoryTCP":0,"MemoryReservation":0,"MemorySwap":0,"MemorySwappiness":null,"OomKillDisable":null,"PidsLimit":null,"Ulimits":null,"CpuCount":0,"CpuPercent":0,"IOMaximumIOps":0,"IOMaximumBandwidth":0,"MaskedPaths":["/proc/asound","/proc/acpi","/proc/kcore","/proc/keys","/proc/latency_stats","/proc/timer_list","/proc/timer_stats","/proc/sched_debug","/proc/scsi","/sys/firmware"],"ReadonlyPaths":["/proc/bus","/proc/fs","/proc/irq","/proc/sys","/proc/sysrq-trigger"]},"GraphDriver":{"Data":{"LowerDir":"/var/lib/docker/overlay2/05794d51525f65619c615558ef5f93d7c33eef44e12313fdcb3942911d0b5f7d-init/diff:/var/lib/docker/overlay2/f079a69cfd5e80e906b12f05a0c7bfaabc56ce63e947db68b722ae30905f1239/diff:/var/lib/docker/overlay2/9dfb63d6bb556846a13012421dde7951ef83a14d8ce1882287cce66f0f9bd055/diff:/var/lib/docker/overlay2/c4f8874ae33ddd14488f5051cd953acc020fa00ea72d28bd530450c0bc8f9903/diff:/var/lib/docker/overlay2/992683766b46aa5653160e6a34283b579a75000e230890d0ec0a6204af735697/diff:/var/lib/docker/overlay2/6e3fba0e1d6501c91c9bec723bb1364f75599c6c2026a6dc71773c88a49f890a/diff:/var/lib/docker/overlay2/c6c2a366f45a69704761d45d296d71bf2bf315efb15cb06ad88925ed235fad81/diff:/var/lib/docker/overlay2/7555f9b18615244719d04b23296ba418195e5e569d47baf9f1da7c3f053fe194/diff:/var/lib/docker/overlay2/7752eb17f8f8ba44a5ed178f499901fa7eb6f2e031c29ab160ee4eff4db8edaa/diff:/var/lib/docker/overlay2/9683de8b3733106f256bd0eabc7cae13623b14493b9212e863449d42b8a87390/diff:/var/lib/docker/overlay2/f5e28e407d8811526fb7dd82e4fed08d5d3124c0f22f1a9496ed27b2b457d3dd/diff:/var/lib/docker/overlay2/e2980c91c6b3331cff3994ca6f327955bb5feaef0f96bc64edce80631fdbf829/diff","MergedDir":"/var/lib/docker/overlay2/05794d51525f65619c615558ef5f93d7c33eef44e12313fdcb3942911d0b5f7d/merged","UpperDir":"/var/lib/docker/overlay2/05794d51525f65619c615558ef5f93d7c33eef44e12313fdcb3942911d0b5f7d/diff","WorkDir":"/var/lib/docker/overlay2/05794d51525f65619c615558ef5f93d7c33eef44e12313fdcb3942911d0b5f7d/work"},"Name":"overlay2"},"Mounts":[{"Type":"volume","Name":"fe29345a30f82a1c969c40b069133e9d87168ce95967d67ac182ee42c059affb","Source":"/var/lib/docker/volumes/fe29345a30f82a1c969c40b069133e9d87168ce95967d67ac182ee42c059affb/_data","Destination":"/var/lib/mysql","Driver":"local","Mode":"","RW":true,"Propagation":""}],"Config":{"Hostname":"b4fc7afd9745","Domainname":"","User":"","AttachStdin":false,"AttachStdout":false,"AttachStderr":false,"ExposedPorts":{"3306/tcp":{},"33060/tcp":{}},"Tty":false,"OpenStdin":false,"StdinOnce":false,"Env":["MYSQL_DATABASE=adm_videos","MYSQL_PASSWORD=123456","MYSQL_ROOT_PASSWORD=123456","PATH=/usr/local/sbin:/usr/local/bin:/usr/sbin:/usr/bin:/sbin:/bin","GOSU_VERSION=1.14","MYSQL_MAJOR=8.0","MYSQL_VERSION=8.0.31-1.el8","MYSQL_SHELL_VERSION=8.0.31-1.el8"],"Cmd":["mysqld"],"Image":"mysql:latest","Volumes":{"/var/lib/mysql":{}},"WorkingDir":"","Entrypoint":["docker-entrypoint.sh"],"OnBuild":null,"Labels":{"org.testcontainers":"true","org.testcontainers.sessionId":"cdd139c9-cde1-4429-bea7-edb0e651ba16"}},"NetworkSettings":{"Bridge":"","SandboxID":"8404ec7d59006489fa5b6638879180586e9aa24c1c3ae79d40e26a8f453c93b1","HairpinMode":false,"LinkLocalIPv6Address":"","LinkLocalIPv6PrefixLen":0,"Ports":{"3306/tcp":[{"HostIp":"0.0.0.0","HostPort":"49156"},{"HostIp":"::","HostPort":"49156"}],"33060/tcp":null},"SandboxKey":"/var/run/docker/netns/8404ec7d5900","SecondaryIPAddresses":null,"SecondaryIPv6Addresses":null,"EndpointID":"28c851b70d88131a783e3d87b7c50320df5f3250ebca621b1b39353a2424212a","Gateway":"172.17.0.1","GlobalIPv6Address":"","GlobalIPv6PrefixLen":0,"IPAddress":"172.17.0.3","IPPrefixLen":16,"IPv6Gateway":"","MacAddress":"02:42:ac:11:00:03","Networks":{"bridge":{"IPAMConfig":null,"Links":null,"Aliases":null,"NetworkID":"bf06afe94eca8b5ab91eae0dbaa8561a6dd16832d429dcdbaa7ed1e003cfbe56","EndpointID":"28c851b70d88131a783e3d87b7c50320df5f3250ebca621b1b39353a2424212a","Gateway":"172.17.0.1","IPAddress":"172.17.0.3","IPPrefixLen":16,"IPv6Gateway":"","GlobalIPv6Address":"","GlobalIPv6PrefixLen":0,"MacAddress":"02:42:ac:11:00:03","DriverOpts":null}}}}[\n]"
18:30:20.547 [Test worker] DEBUG com.github.dockerjava.zerodep.shaded.org.apache.hc.client5.http.wire - http-outgoing-1 << "[\r][\n]"
18:30:20.547 [Test worker] DEBUG com.github.dockerjava.zerodep.shaded.org.apache.hc.client5.http.wire - http-outgoing-1 << "0[\r][\n]"
18:30:20.547 [Test worker] DEBUG com.github.dockerjava.zerodep.shaded.org.apache.hc.client5.http.wire - http-outgoing-1 << "[\r][\n]"
18:30:20.547 [Test worker] DEBUG com.github.dockerjava.zerodep.shaded.org.apache.hc.client5.http.headers - http-outgoing-1 << HTTP/1.1 200 OK
18:30:20.547 [Test worker] DEBUG com.github.dockerjava.zerodep.shaded.org.apache.hc.client5.http.headers - http-outgoing-1 << Api-Version: 1.41
18:30:20.547 [Test worker] DEBUG com.github.dockerjava.zerodep.shaded.org.apache.hc.client5.http.headers - http-outgoing-1 << Content-Type: application/json
18:30:20.547 [Test worker] DEBUG com.github.dockerjava.zerodep.shaded.org.apache.hc.client5.http.headers - http-outgoing-1 << Docker-Experimental: false
18:30:20.547 [Test worker] DEBUG com.github.dockerjava.zerodep.shaded.org.apache.hc.client5.http.headers - http-outgoing-1 << Ostype: linux
18:30:20.547 [Test worker] DEBUG com.github.dockerjava.zerodep.shaded.org.apache.hc.client5.http.headers - http-outgoing-1 << Server: Docker/20.10.17 (linux)
18:30:20.547 [Test worker] DEBUG com.github.dockerjava.zerodep.shaded.org.apache.hc.client5.http.headers - http-outgoing-1 << Date: Thu, 08 Dec 2022 21:30:20 GMT
18:30:20.547 [Test worker] DEBUG com.github.dockerjava.zerodep.shaded.org.apache.hc.client5.http.headers - http-outgoing-1 << Transfer-Encoding: chunked
18:30:20.547 [Test worker] DEBUG com.github.dockerjava.zerodep.shaded.org.apache.hc.client5.http.impl.classic.MainClientExec - ex-00000056: connection can be kept alive for 3 MINUTES
18:30:20.548 [Test worker] DEBUG com.github.dockerjava.zerodep.shaded.org.apache.hc.client5.http.impl.classic.InternalHttpClient - ep-00000055: releasing valid endpoint
18:30:20.548 [Test worker] DEBUG com.github.dockerjava.zerodep.shaded.org.apache.hc.client5.http.impl.io.PoolingHttpClientConnectionManager - ep-00000055: releasing endpoint
18:30:20.548 [Test worker] DEBUG com.github.dockerjava.zerodep.shaded.org.apache.hc.client5.http.impl.io.PoolingHttpClientConnectionManager - ep-00000055: connection http-outgoing-1 can be kept alive for 3 MINUTES
18:30:20.548 [Test worker] DEBUG com.github.dockerjava.zerodep.shaded.org.apache.hc.client5.http.impl.io.PoolingHttpClientConnectionManager - ep-00000055: connection released [route: {}->unix://localhost:2375][total available: 1; route allocated: 1 of 2147483647; total allocated: 1 of 2147483647]
18:30:20.548 [Test worker] DEBUG ]]>&#x1f433;<![CDATA[ [mysql:latest] - Trying to create JDBC connection using com.mysql.cj.jdbc.Driver to jdbc:mysql://localhost:49156/adm_videos?useSSL=false&allowPublicKeyRetrieval=true with properties: {password=123456, user=root}
18:30:20.649 [Test worker] DEBUG org.testcontainers.shaded.com.github.dockerjava.core.command.AbstrDockerCmd - Cmd: b4fc7afd97457a2a6ec84592488a57f900fa52ed03fcd2dbaf8a116bc1f50ab3,false
18:30:20.649 [Test worker] DEBUG org.testcontainers.shaded.com.github.dockerjava.core.exec.InspectContainerCmdExec - GET: DefaultWebTarget{path=[/containers/b4fc7afd97457a2a6ec84592488a57f900fa52ed03fcd2dbaf8a116bc1f50ab3/json], queryParams={}}
18:30:20.649 [Test worker] DEBUG com.github.dockerjava.zerodep.shaded.org.apache.hc.client5.http.impl.classic.InternalHttpClient - ex-00000057: preparing request execution
18:30:20.649 [Test worker] DEBUG com.github.dockerjava.zerodep.shaded.org.apache.hc.client5.http.protocol.RequestAddCookies - Cookie spec selected: strict
18:30:20.650 [Test worker] DEBUG com.github.dockerjava.zerodep.shaded.org.apache.hc.client5.http.protocol.RequestAuthCache - Auth cache not set in the context
18:30:20.650 [Test worker] DEBUG com.github.dockerjava.zerodep.shaded.org.apache.hc.client5.http.impl.classic.ProtocolExec - ex-00000057: target auth state: UNCHALLENGED
18:30:20.650 [Test worker] DEBUG com.github.dockerjava.zerodep.shaded.org.apache.hc.client5.http.impl.classic.ProtocolExec - ex-00000057: proxy auth state: UNCHALLENGED
18:30:20.650 [Test worker] DEBUG com.github.dockerjava.zerodep.shaded.org.apache.hc.client5.http.impl.classic.ConnectExec - ex-00000057: acquiring connection with route {}->unix://localhost:2375
18:30:20.650 [Test worker] DEBUG com.github.dockerjava.zerodep.shaded.org.apache.hc.client5.http.impl.classic.InternalHttpClient - ex-00000057: acquiring endpoint (3 MINUTES)
18:30:20.650 [Test worker] DEBUG com.github.dockerjava.zerodep.shaded.org.apache.hc.client5.http.impl.io.PoolingHttpClientConnectionManager - ex-00000057: endpoint lease request (3 MINUTES) [route: {}->unix://localhost:2375][total available: 1; route allocated: 1 of 2147483647; total allocated: 1 of 2147483647]
18:30:20.650 [Test worker] DEBUG com.github.dockerjava.zerodep.shaded.org.apache.hc.client5.http.impl.io.PoolingHttpClientConnectionManager - ex-00000057: endpoint leased [route: {}->unix://localhost:2375][total available: 0; route allocated: 1 of 2147483647; total allocated: 1 of 2147483647]
18:30:20.650 [Test worker] DEBUG com.github.dockerjava.zerodep.shaded.org.apache.hc.client5.http.impl.io.PoolingHttpClientConnectionManager - ex-00000057: acquired ep-00000056
18:30:20.650 [Test worker] DEBUG com.github.dockerjava.zerodep.shaded.org.apache.hc.client5.http.impl.classic.InternalHttpClient - ex-00000057: acquired endpoint ep-00000056
18:30:20.650 [Test worker] DEBUG com.github.dockerjava.zerodep.shaded.org.apache.hc.client5.http.impl.classic.MainClientExec - ex-00000057: executing GET /v1.32/containers/b4fc7afd97457a2a6ec84592488a57f900fa52ed03fcd2dbaf8a116bc1f50ab3/json HTTP/1.1
18:30:20.650 [Test worker] DEBUG com.github.dockerjava.zerodep.shaded.org.apache.hc.client5.http.impl.classic.InternalHttpClient - ep-00000056: start execution ex-00000057
18:30:20.650 [Test worker] DEBUG com.github.dockerjava.zerodep.shaded.org.apache.hc.client5.http.impl.io.PoolingHttpClientConnectionManager - ep-00000056: executing exchange ex-00000057 over http-outgoing-1
18:30:20.650 [Test worker] DEBUG com.github.dockerjava.zerodep.shaded.org.apache.hc.client5.http.headers - http-outgoing-1 >> GET /v1.32/containers/b4fc7afd97457a2a6ec84592488a57f900fa52ed03fcd2dbaf8a116bc1f50ab3/json HTTP/1.1
18:30:20.650 [Test worker] DEBUG com.github.dockerjava.zerodep.shaded.org.apache.hc.client5.http.headers - http-outgoing-1 >> accept: application/json
18:30:20.650 [Test worker] DEBUG com.github.dockerjava.zerodep.shaded.org.apache.hc.client5.http.headers - http-outgoing-1 >> x-tc-sid: cdd139c9-cde1-4429-bea7-edb0e651ba16
18:30:20.650 [Test worker] DEBUG com.github.dockerjava.zerodep.shaded.org.apache.hc.client5.http.headers - http-outgoing-1 >> Accept-Encoding: gzip, x-gzip, deflate
18:30:20.650 [Test worker] DEBUG com.github.dockerjava.zerodep.shaded.org.apache.hc.client5.http.headers - http-outgoing-1 >> Host: localhost:2375
18:30:20.650 [Test worker] DEBUG com.github.dockerjava.zerodep.shaded.org.apache.hc.client5.http.headers - http-outgoing-1 >> Connection: keep-alive
18:30:20.650 [Test worker] DEBUG com.github.dockerjava.zerodep.shaded.org.apache.hc.client5.http.headers - http-outgoing-1 >> User-Agent: Apache-HttpClient/5.0.3 (Java/17.0.2)
18:30:20.650 [Test worker] DEBUG com.github.dockerjava.zerodep.shaded.org.apache.hc.client5.http.wire - http-outgoing-1 >> "GET /v1.32/containers/b4fc7afd97457a2a6ec84592488a57f900fa52ed03fcd2dbaf8a116bc1f50ab3/json HTTP/1.1[\r][\n]"
18:30:20.650 [Test worker] DEBUG com.github.dockerjava.zerodep.shaded.org.apache.hc.client5.http.wire - http-outgoing-1 >> "accept: application/json[\r][\n]"
18:30:20.650 [Test worker] DEBUG com.github.dockerjava.zerodep.shaded.org.apache.hc.client5.http.wire - http-outgoing-1 >> "x-tc-sid: cdd139c9-cde1-4429-bea7-edb0e651ba16[\r][\n]"
18:30:20.650 [Test worker] DEBUG com.github.dockerjava.zerodep.shaded.org.apache.hc.client5.http.wire - http-outgoing-1 >> "Accept-Encoding: gzip, x-gzip, deflate[\r][\n]"
18:30:20.650 [Test worker] DEBUG com.github.dockerjava.zerodep.shaded.org.apache.hc.client5.http.wire - http-outgoing-1 >> "Host: localhost:2375[\r][\n]"
18:30:20.650 [Test worker] DEBUG com.github.dockerjava.zerodep.shaded.org.apache.hc.client5.http.wire - http-outgoing-1 >> "Connection: keep-alive[\r][\n]"
18:30:20.650 [Test worker] DEBUG com.github.dockerjava.zerodep.shaded.org.apache.hc.client5.http.wire - http-outgoing-1 >> "User-Agent: Apache-HttpClient/5.0.3 (Java/17.0.2)[\r][\n]"
18:30:20.650 [Test worker] DEBUG com.github.dockerjava.zerodep.shaded.org.apache.hc.client5.http.wire - http-outgoing-1 >> "[\r][\n]"
18:30:20.650 [Test worker] DEBUG com.github.dockerjava.zerodep.shaded.org.apache.hc.client5.http.wire - http-outgoing-1 << "HTTP/1.1 200 OK[\r][\n]"
18:30:20.650 [Test worker] DEBUG com.github.dockerjava.zerodep.shaded.org.apache.hc.client5.http.wire - http-outgoing-1 << "Api-Version: 1.41[\r][\n]"
18:30:20.650 [Test worker] DEBUG com.github.dockerjava.zerodep.shaded.org.apache.hc.client5.http.wire - http-outgoing-1 << "Content-Type: application/json[\r][\n]"
18:30:20.650 [Test worker] DEBUG com.github.dockerjava.zerodep.shaded.org.apache.hc.client5.http.wire - http-outgoing-1 << "Docker-Experimental: false[\r][\n]"
18:30:20.650 [Test worker] DEBUG com.github.dockerjava.zerodep.shaded.org.apache.hc.client5.http.wire - http-outgoing-1 << "Ostype: linux[\r][\n]"
18:30:20.650 [Test worker] DEBUG com.github.dockerjava.zerodep.shaded.org.apache.hc.client5.http.wire - http-outgoing-1 << "Server: Docker/20.10.17 (linux)[\r][\n]"
18:30:20.650 [Test worker] DEBUG com.github.dockerjava.zerodep.shaded.org.apache.hc.client5.http.wire - http-outgoing-1 << "Date: Thu, 08 Dec 2022 21:30:20 GMT[\r][\n]"
18:30:20.650 [Test worker] DEBUG com.github.dockerjava.zerodep.shaded.org.apache.hc.client5.http.wire - http-outgoing-1 << "Transfer-Encoding: chunked[\r][\n]"
18:30:20.650 [Test worker] DEBUG com.github.dockerjava.zerodep.shaded.org.apache.hc.client5.http.wire - http-outgoing-1 << "[\r][\n]"
18:30:20.650 [Test worker] DEBUG com.github.dockerjava.zerodep.shaded.org.apache.hc.client5.http.wire - http-outgoing-1 << "18a6[\r][\n]"
18:30:20.650 [Test worker] DEBUG com.github.dockerjava.zerodep.shaded.org.apache.hc.client5.http.wire - http-outgoing-1 << "{"Id":"b4fc7afd97457a2a6ec84592488a57f900fa52ed03fcd2dbaf8a116bc1f50ab3","Created":"2022-12-08T21:30:11.801619537Z","Path":"docker-entrypoint.sh","Args":["mysqld"],"State":{"Status":"running","Running":true,"Paused":false,"Restarting":false,"OOMKilled":false,"Dead":false,"Pid":148084,"ExitCode":0,"Error":"","StartedAt":"2022-12-08T21:30:12.370762583Z","FinishedAt":"0001-01-01T00:00:00Z"},"Image":"sha256:7484689f290f1defe06b65befc54cb6ad91a667cf0af59a265ffe76c46bd0478","ResolvConfPath":"/var/lib/docker/containers/b4fc7afd97457a2a6ec84592488a57f900fa52ed03fcd2dbaf8a116bc1f50ab3/resolv.conf","HostnamePath":"/var/lib/docker/containers/b4fc7afd97457a2a6ec84592488a57f900fa52ed03fcd2dbaf8a116bc1f50ab3/hostname","HostsPath":"/var/lib/docker/containers/b4fc7afd97457a2a6ec84592488a57f900fa52ed03fcd2dbaf8a116bc1f50ab3/hosts","LogPath":"/var/lib/docker/containers/b4fc7afd97457a2a6ec84592488a57f900fa52ed03fcd2dbaf8a116bc1f50ab3/b4fc7afd97457a2a6ec84592488a57f900fa52ed03fcd2dbaf8a116bc1f50ab3-json.log","Name":"/agitated_ptolemy","RestartCount":0,"Driver":"overlay2","Platform":"linux","MountLabel":"","ProcessLabel":"","AppArmorProfile":"docker-default","ExecIDs":null,"HostConfig":{"Binds":[],"ContainerIDFile":"","LogConfig":{"Type":"json-file","Config":{}},"NetworkMode":"default","PortBindings":{"3306/tcp":[{"HostIp":"","HostPort":""}]},"RestartPolicy":{"Name":"","MaximumRetryCount":0},"AutoRemove":false,"VolumeDriver":"","VolumesFrom":[],"CapAdd":null,"CapDrop":null,"CgroupnsMode":"private","Dns":null,"DnsOptions":null,"DnsSearch":null,"ExtraHosts":[],"GroupAdd":null,"IpcMode":"shareable","Cgroup":"","Links":null,"OomScoreAdj":0,"PidMode":"","Privileged":false,"PublishAllPorts":false,"ReadonlyRootfs":false,"SecurityOpt":null,"UTSMode":"","UsernsMode":"","ShmSize":67108864,"Runtime":"runc","ConsoleSize":[0,0],"Isolation":"","CpuShares":0,"Memory":0,"NanoCpus":0,"CgroupParent":"","BlkioWeight":0,"BlkioWeightDevice":null,"BlkioDeviceReadBps":null,"BlkioDeviceWriteBps":null,"BlkioDeviceReadIOps":null,"BlkioDeviceWriteIOps":null,"CpuPeriod":0,"CpuQuota":0,"CpuRealtimePeriod":0,"CpuRealtimeRuntime":0,"CpusetCpus":"","CpusetMems":"","Devices":null,"DeviceCgroupRules":null,"DeviceRequests":null,"KernelMemory":0,"KernelMemoryTCP":0,"MemoryReservation":0,"MemorySwap":0,"MemorySwappiness":null,"OomKillDisable":null,"PidsLimit":null,"Ulimits":null,"CpuCount":0,"CpuPercent":0,"IOMaximumIOps":0,"IOMaximumBandwidth":0,"MaskedPaths":["/proc/asound","/proc/acpi","/proc/kcore","/proc/keys","/proc/latency_stats","/proc/timer_list","/proc/timer_stats","/proc/sched_debug","/proc/scsi","/sys/firmware"],"ReadonlyPaths":["/proc/bus","/proc/fs","/proc/irq","/proc/sys","/proc/sysrq-trigger"]},"GraphDriver":{"Data":{"LowerDir":"/var/lib/docker/overlay2/05794d51525f65619c615558ef5f93d7c33eef44e12313fdcb3942911d0b5f7d-init/diff:/var/lib/docker/overlay2/f079a69cfd5e80e906b12f05a0c7bfaabc56ce63e947db68b722ae30905f1239/diff:/var/lib/docker/overlay2/9dfb63d6bb556846a13012421dde7951ef83a14d8ce1882287cce66f0f9bd055/diff:/var/lib/docker/overlay2/c4f8874ae33ddd14488f5051cd953acc020fa00ea72d28bd530450c0bc8f9903/diff:/var/lib/docker/overlay2/992683766b46aa5653160e6a34283b579a75000e230890d0ec0a6204af735697/diff:/var/lib/docker/overlay2/6e3fba0e1d6501c91c9bec723bb1364f75599c6c2026a6dc71773c88a49f890a/diff:/var/lib/docker/overlay2/c6c2a366f45a69704761d45d296d71bf2bf315efb15cb06ad88925ed235fad81/diff:/var/lib/docker/overlay2/7555f9b18615244719d04b23296ba418195e5e569d47baf9f1da7c3f053fe194/diff:/var/lib/docker/overlay2/7752eb17f8f8ba44a5ed178f499901fa7eb6f2e031c29ab160ee4eff4db8edaa/diff:/var/lib/docker/overlay2/9683de8b3733106f256bd0eabc7cae13623b14493b9212e863449d42b8a87390/diff:/var/lib/docker/overlay2/f5e28e407d8811526fb7dd82e4fed08d5d3124c0f22f1a9496ed27b2b457d3dd/diff:/var/lib/docker/overlay2/e2980c91c6b3331cff3994ca6f327955bb5feaef0f96bc64edce80631fdbf829/diff","MergedDir":"/var/lib/docker/overlay2/05794d51525f65619c615558ef5f93d7c33eef44e12313fdcb3942911d0b5f7d/merged","UpperDir":"/var/lib/docker/overlay2/05794d51525f65619c615558ef5f93d7c33eef44e12313fdcb3942911d0b5f7d/diff","WorkDir":"/var/lib/docker/overlay2/05794d51525f65619c615558ef5f93d7c33eef44e12313fdcb3942911d0b5f7d/work"},"Name":"overlay2"},"Mounts":[{"Type":"volume","Name":"fe29345a30f82a1c969c40b069133e9d87168ce95967d67ac182ee42c059affb","Source":"/var/lib/docker/volumes/fe29345a30f82a1c969c40b069133e9d87168ce95967d67ac182ee42c059affb/_data","Destination":"/var/lib/mysql","Driver":"local","Mode":"","RW":true,"Propagation":""}],"Config":{"Hostname":"b4fc7afd9745","Domainname":"","User":"","AttachStdin":false,"AttachStdout":false,"AttachStderr":false,"ExposedPorts":{"3306/tcp":{},"33060/tcp":{}},"Tty":false,"OpenStdin":false,"StdinOnce":false,"Env":["MYSQL_DATABASE=adm_videos","MYSQL_PASSWORD=123456","MYSQL_ROOT_PASSWORD=123456","PATH=/usr/local/sbin:/usr/local/bin:/usr/sbin:/usr/bin:/sbin:/bin","GOSU_VERSION=1.14","MYSQL_MAJOR=8.0","MYSQL_VERSION=8.0.31-1.el8","MYSQL_SHELL_VERSION=8.0.31-1.el8"],"Cmd":["mysqld"],"Image":"mysql:latest","Volumes":{"/var/lib/mysql":{}},"WorkingDir":"","Entrypoint":["docker-entrypoint.sh"],"OnBuild":null,"Labels":{"org.testcontainers":"true","org.testcontainers.sessionId":"cdd139c9-cde1-4429-bea7-edb0e651ba16"}},"NetworkSettings":{"Bridge":"","SandboxID":"8404ec7d59006489fa5b6638879180586e9aa24c1c3ae79d40e26a8f453c93b1","HairpinMode":false,"LinkLocalIPv6Address":"","LinkLocalIPv6PrefixLen":0,"Ports":{"3306/tcp":[{"HostIp":"0.0.0.0","HostPort":"49156"},{"HostIp":"::","HostPort":"49156"}],"33060/tcp":null},"SandboxKey":"/var/run/docker/netns/8404ec7d5900","SecondaryIPAddresses":null,"SecondaryIPv6Addresses":null,"EndpointID":"28c851b70d88131a783e3d87b7c50320df5f3250ebca621b1b39353a2424212a","Gateway":"172.17.0.1","GlobalIPv6Address":"","GlobalIPv6PrefixLen":0,"IPAddress":"172.17.0.3","IPPrefixLen":16,"IPv6Gateway":"","MacAddress":"02:42:ac:11:00:03","Networks":{"bridge":{"IPAMConfig":null,"Links":null,"Aliases":null,"NetworkID":"bf06afe94eca8b5ab91eae0dbaa8561a6dd16832d429dcdbaa7ed1e003cfbe56","EndpointID":"28c851b70d88131a783e3d87b7c50320df5f3250ebca621b1b39353a2424212a","Gateway":"172.17.0.1","IPAddress":"172.17.0.3","IPPrefixLen":16,"IPv6Gateway":"","GlobalIPv6Address":"","GlobalIPv6PrefixLen":0,"MacAddress":"02:42:ac:11:00:03","DriverOpts":null}}}}[\n]"
18:30:20.650 [Test worker] DEBUG com.github.dockerjava.zerodep.shaded.org.apache.hc.client5.http.wire - http-outgoing-1 << "[\r][\n]"
18:30:20.650 [Test worker] DEBUG com.github.dockerjava.zerodep.shaded.org.apache.hc.client5.http.wire - http-outgoing-1 << "0[\r][\n]"
18:30:20.650 [Test worker] DEBUG com.github.dockerjava.zerodep.shaded.org.apache.hc.client5.http.wire - http-outgoing-1 << "[\r][\n]"
18:30:20.651 [Test worker] DEBUG com.github.dockerjava.zerodep.shaded.org.apache.hc.client5.http.headers - http-outgoing-1 << HTTP/1.1 200 OK
18:30:20.651 [Test worker] DEBUG com.github.dockerjava.zerodep.shaded.org.apache.hc.client5.http.headers - http-outgoing-1 << Api-Version: 1.41
18:30:20.651 [Test worker] DEBUG com.github.dockerjava.zerodep.shaded.org.apache.hc.client5.http.headers - http-outgoing-1 << Content-Type: application/json
18:30:20.651 [Test worker] DEBUG com.github.dockerjava.zerodep.shaded.org.apache.hc.client5.http.headers - http-outgoing-1 << Docker-Experimental: false
18:30:20.651 [Test worker] DEBUG com.github.dockerjava.zerodep.shaded.org.apache.hc.client5.http.headers - http-outgoing-1 << Ostype: linux
18:30:20.651 [Test worker] DEBUG com.github.dockerjava.zerodep.shaded.org.apache.hc.client5.http.headers - http-outgoing-1 << Server: Docker/20.10.17 (linux)
18:30:20.651 [Test worker] DEBUG com.github.dockerjava.zerodep.shaded.org.apache.hc.client5.http.headers - http-outgoing-1 << Date: Thu, 08 Dec 2022 21:30:20 GMT
18:30:20.651 [Test worker] DEBUG com.github.dockerjava.zerodep.shaded.org.apache.hc.client5.http.headers - http-outgoing-1 << Transfer-Encoding: chunked
18:30:20.651 [Test worker] DEBUG com.github.dockerjava.zerodep.shaded.org.apache.hc.client5.http.impl.classic.MainClientExec - ex-00000057: connection can be kept alive for 3 MINUTES
18:30:20.651 [Test worker] DEBUG com.github.dockerjava.zerodep.shaded.org.apache.hc.client5.http.impl.classic.InternalHttpClient - ep-00000056: releasing valid endpoint
18:30:20.652 [Test worker] DEBUG com.github.dockerjava.zerodep.shaded.org.apache.hc.client5.http.impl.io.PoolingHttpClientConnectionManager - ep-00000056: releasing endpoint
18:30:20.652 [Test worker] DEBUG com.github.dockerjava.zerodep.shaded.org.apache.hc.client5.http.impl.io.PoolingHttpClientConnectionManager - ep-00000056: connection http-outgoing-1 can be kept alive for 3 MINUTES
18:30:20.652 [Test worker] DEBUG com.github.dockerjava.zerodep.shaded.org.apache.hc.client5.http.impl.io.PoolingHttpClientConnectionManager - ep-00000056: connection released [route: {}->unix://localhost:2375][total available: 1; route allocated: 1 of 2147483647; total allocated: 1 of 2147483647]
18:30:20.652 [Test worker] DEBUG ]]>&#x1f433;<![CDATA[ [mysql:latest] - Trying to create JDBC connection using com.mysql.cj.jdbc.Driver to jdbc:mysql://localhost:49156/adm_videos?useSSL=false&allowPublicKeyRetrieval=true with properties: {password=123456, user=root}
18:30:20.753 [Test worker] DEBUG org.testcontainers.shaded.com.github.dockerjava.core.command.AbstrDockerCmd - Cmd: b4fc7afd97457a2a6ec84592488a57f900fa52ed03fcd2dbaf8a116bc1f50ab3,false
18:30:20.753 [Test worker] DEBUG org.testcontainers.shaded.com.github.dockerjava.core.exec.InspectContainerCmdExec - GET: DefaultWebTarget{path=[/containers/b4fc7afd97457a2a6ec84592488a57f900fa52ed03fcd2dbaf8a116bc1f50ab3/json], queryParams={}}
18:30:20.754 [Test worker] DEBUG com.github.dockerjava.zerodep.shaded.org.apache.hc.client5.http.impl.classic.InternalHttpClient - ex-00000058: preparing request execution
18:30:20.754 [Test worker] DEBUG com.github.dockerjava.zerodep.shaded.org.apache.hc.client5.http.protocol.RequestAddCookies - Cookie spec selected: strict
18:30:20.754 [Test worker] DEBUG com.github.dockerjava.zerodep.shaded.org.apache.hc.client5.http.protocol.RequestAuthCache - Auth cache not set in the context
18:30:20.754 [Test worker] DEBUG com.github.dockerjava.zerodep.shaded.org.apache.hc.client5.http.impl.classic.ProtocolExec - ex-00000058: target auth state: UNCHALLENGED
18:30:20.754 [Test worker] DEBUG com.github.dockerjava.zerodep.shaded.org.apache.hc.client5.http.impl.classic.ProtocolExec - ex-00000058: proxy auth state: UNCHALLENGED
18:30:20.754 [Test worker] DEBUG com.github.dockerjava.zerodep.shaded.org.apache.hc.client5.http.impl.classic.ConnectExec - ex-00000058: acquiring connection with route {}->unix://localhost:2375
18:30:20.754 [Test worker] DEBUG com.github.dockerjava.zerodep.shaded.org.apache.hc.client5.http.impl.classic.InternalHttpClient - ex-00000058: acquiring endpoint (3 MINUTES)
18:30:20.754 [Test worker] DEBUG com.github.dockerjava.zerodep.shaded.org.apache.hc.client5.http.impl.io.PoolingHttpClientConnectionManager - ex-00000058: endpoint lease request (3 MINUTES) [route: {}->unix://localhost:2375][total available: 1; route allocated: 1 of 2147483647; total allocated: 1 of 2147483647]
18:30:20.754 [Test worker] DEBUG com.github.dockerjava.zerodep.shaded.org.apache.hc.client5.http.impl.io.PoolingHttpClientConnectionManager - ex-00000058: endpoint leased [route: {}->unix://localhost:2375][total available: 0; route allocated: 1 of 2147483647; total allocated: 1 of 2147483647]
18:30:20.754 [Test worker] DEBUG com.github.dockerjava.zerodep.shaded.org.apache.hc.client5.http.impl.io.PoolingHttpClientConnectionManager - ex-00000058: acquired ep-00000057
18:30:20.754 [Test worker] DEBUG com.github.dockerjava.zerodep.shaded.org.apache.hc.client5.http.impl.classic.InternalHttpClient - ex-00000058: acquired endpoint ep-00000057
18:30:20.754 [Test worker] DEBUG com.github.dockerjava.zerodep.shaded.org.apache.hc.client5.http.impl.classic.MainClientExec - ex-00000058: executing GET /v1.32/containers/b4fc7afd97457a2a6ec84592488a57f900fa52ed03fcd2dbaf8a116bc1f50ab3/json HTTP/1.1
18:30:20.754 [Test worker] DEBUG com.github.dockerjava.zerodep.shaded.org.apache.hc.client5.http.impl.classic.InternalHttpClient - ep-00000057: start execution ex-00000058
18:30:20.754 [Test worker] DEBUG com.github.dockerjava.zerodep.shaded.org.apache.hc.client5.http.impl.io.PoolingHttpClientConnectionManager - ep-00000057: executing exchange ex-00000058 over http-outgoing-1
18:30:20.754 [Test worker] DEBUG com.github.dockerjava.zerodep.shaded.org.apache.hc.client5.http.headers - http-outgoing-1 >> GET /v1.32/containers/b4fc7afd97457a2a6ec84592488a57f900fa52ed03fcd2dbaf8a116bc1f50ab3/json HTTP/1.1
18:30:20.754 [Test worker] DEBUG com.github.dockerjava.zerodep.shaded.org.apache.hc.client5.http.headers - http-outgoing-1 >> accept: application/json
18:30:20.754 [Test worker] DEBUG com.github.dockerjava.zerodep.shaded.org.apache.hc.client5.http.headers - http-outgoing-1 >> x-tc-sid: cdd139c9-cde1-4429-bea7-edb0e651ba16
18:30:20.754 [Test worker] DEBUG com.github.dockerjava.zerodep.shaded.org.apache.hc.client5.http.headers - http-outgoing-1 >> Accept-Encoding: gzip, x-gzip, deflate
18:30:20.754 [Test worker] DEBUG com.github.dockerjava.zerodep.shaded.org.apache.hc.client5.http.headers - http-outgoing-1 >> Host: localhost:2375
18:30:20.754 [Test worker] DEBUG com.github.dockerjava.zerodep.shaded.org.apache.hc.client5.http.headers - http-outgoing-1 >> Connection: keep-alive
18:30:20.754 [Test worker] DEBUG com.github.dockerjava.zerodep.shaded.org.apache.hc.client5.http.headers - http-outgoing-1 >> User-Agent: Apache-HttpClient/5.0.3 (Java/17.0.2)
18:30:20.754 [Test worker] DEBUG com.github.dockerjava.zerodep.shaded.org.apache.hc.client5.http.wire - http-outgoing-1 >> "GET /v1.32/containers/b4fc7afd97457a2a6ec84592488a57f900fa52ed03fcd2dbaf8a116bc1f50ab3/json HTTP/1.1[\r][\n]"
18:30:20.754 [Test worker] DEBUG com.github.dockerjava.zerodep.shaded.org.apache.hc.client5.http.wire - http-outgoing-1 >> "accept: application/json[\r][\n]"
18:30:20.754 [Test worker] DEBUG com.github.dockerjava.zerodep.shaded.org.apache.hc.client5.http.wire - http-outgoing-1 >> "x-tc-sid: cdd139c9-cde1-4429-bea7-edb0e651ba16[\r][\n]"
18:30:20.754 [Test worker] DEBUG com.github.dockerjava.zerodep.shaded.org.apache.hc.client5.http.wire - http-outgoing-1 >> "Accept-Encoding: gzip, x-gzip, deflate[\r][\n]"
18:30:20.754 [Test worker] DEBUG com.github.dockerjava.zerodep.shaded.org.apache.hc.client5.http.wire - http-outgoing-1 >> "Host: localhost:2375[\r][\n]"
18:30:20.754 [Test worker] DEBUG com.github.dockerjava.zerodep.shaded.org.apache.hc.client5.http.wire - http-outgoing-1 >> "Connection: keep-alive[\r][\n]"
18:30:20.754 [Test worker] DEBUG com.github.dockerjava.zerodep.shaded.org.apache.hc.client5.http.wire - http-outgoing-1 >> "User-Agent: Apache-HttpClient/5.0.3 (Java/17.0.2)[\r][\n]"
18:30:20.754 [Test worker] DEBUG com.github.dockerjava.zerodep.shaded.org.apache.hc.client5.http.wire - http-outgoing-1 >> "[\r][\n]"
18:30:20.755 [Test worker] DEBUG com.github.dockerjava.zerodep.shaded.org.apache.hc.client5.http.wire - http-outgoing-1 << "HTTP/1.1 200 OK[\r][\n]"
18:30:20.755 [Test worker] DEBUG com.github.dockerjava.zerodep.shaded.org.apache.hc.client5.http.wire - http-outgoing-1 << "Api-Version: 1.41[\r][\n]"
18:30:20.755 [Test worker] DEBUG com.github.dockerjava.zerodep.shaded.org.apache.hc.client5.http.wire - http-outgoing-1 << "Content-Type: application/json[\r][\n]"
18:30:20.755 [Test worker] DEBUG com.github.dockerjava.zerodep.shaded.org.apache.hc.client5.http.wire - http-outgoing-1 << "Docker-Experimental: false[\r][\n]"
18:30:20.755 [Test worker] DEBUG com.github.dockerjava.zerodep.shaded.org.apache.hc.client5.http.wire - http-outgoing-1 << "Ostype: linux[\r][\n]"
18:30:20.755 [Test worker] DEBUG com.github.dockerjava.zerodep.shaded.org.apache.hc.client5.http.wire - http-outgoing-1 << "Server: Docker/20.10.17 (linux)[\r][\n]"
18:30:20.755 [Test worker] DEBUG com.github.dockerjava.zerodep.shaded.org.apache.hc.client5.http.wire - http-outgoing-1 << "Date: Thu, 08 Dec 2022 21:30:20 GMT[\r][\n]"
18:30:20.755 [Test worker] DEBUG com.github.dockerjava.zerodep.shaded.org.apache.hc.client5.http.wire - http-outgoing-1 << "Transfer-Encoding: chunked[\r][\n]"
18:30:20.755 [Test worker] DEBUG com.github.dockerjava.zerodep.shaded.org.apache.hc.client5.http.wire - http-outgoing-1 << "[\r][\n]"
18:30:20.755 [Test worker] DEBUG com.github.dockerjava.zerodep.shaded.org.apache.hc.client5.http.wire - http-outgoing-1 << "18a6[\r][\n]"
18:30:20.755 [Test worker] DEBUG com.github.dockerjava.zerodep.shaded.org.apache.hc.client5.http.wire - http-outgoing-1 << "{"Id":"b4fc7afd97457a2a6ec84592488a57f900fa52ed03fcd2dbaf8a116bc1f50ab3","Created":"2022-12-08T21:30:11.801619537Z","Path":"docker-entrypoint.sh","Args":["mysqld"],"State":{"Status":"running","Running":true,"Paused":false,"Restarting":false,"OOMKilled":false,"Dead":false,"Pid":148084,"ExitCode":0,"Error":"","StartedAt":"2022-12-08T21:30:12.370762583Z","FinishedAt":"0001-01-01T00:00:00Z"},"Image":"sha256:7484689f290f1defe06b65befc54cb6ad91a667cf0af59a265ffe76c46bd0478","ResolvConfPath":"/var/lib/docker/containers/b4fc7afd97457a2a6ec84592488a57f900fa52ed03fcd2dbaf8a116bc1f50ab3/resolv.conf","HostnamePath":"/var/lib/docker/containers/b4fc7afd97457a2a6ec84592488a57f900fa52ed03fcd2dbaf8a116bc1f50ab3/hostname","HostsPath":"/var/lib/docker/containers/b4fc7afd97457a2a6ec84592488a57f900fa52ed03fcd2dbaf8a116bc1f50ab3/hosts","LogPath":"/var/lib/docker/containers/b4fc7afd97457a2a6ec84592488a57f900fa52ed03fcd2dbaf8a116bc1f50ab3/b4fc7afd97457a2a6ec84592488a57f900fa52ed03fcd2dbaf8a116bc1f50ab3-json.log","Name":"/agitated_ptolemy","RestartCount":0,"Driver":"overlay2","Platform":"linux","MountLabel":"","ProcessLabel":"","AppArmorProfile":"docker-default","ExecIDs":null,"HostConfig":{"Binds":[],"ContainerIDFile":"","LogConfig":{"Type":"json-file","Config":{}},"NetworkMode":"default","PortBindings":{"3306/tcp":[{"HostIp":"","HostPort":""}]},"RestartPolicy":{"Name":"","MaximumRetryCount":0},"AutoRemove":false,"VolumeDriver":"","VolumesFrom":[],"CapAdd":null,"CapDrop":null,"CgroupnsMode":"private","Dns":null,"DnsOptions":null,"DnsSearch":null,"ExtraHosts":[],"GroupAdd":null,"IpcMode":"shareable","Cgroup":"","Links":null,"OomScoreAdj":0,"PidMode":"","Privileged":false,"PublishAllPorts":false,"ReadonlyRootfs":false,"SecurityOpt":null,"UTSMode":"","UsernsMode":"","ShmSize":67108864,"Runtime":"runc","ConsoleSize":[0,0],"Isolation":"","CpuShares":0,"Memory":0,"NanoCpus":0,"CgroupParent":"","BlkioWeight":0,"BlkioWeightDevice":null,"BlkioDeviceReadBps":null,"BlkioDeviceWriteBps":null,"BlkioDeviceReadIOps":null,"BlkioDeviceWriteIOps":null,"CpuPeriod":0,"CpuQuota":0,"CpuRealtimePeriod":0,"CpuRealtimeRuntime":0,"CpusetCpus":"","CpusetMems":"","Devices":null,"DeviceCgroupRules":null,"DeviceRequests":null,"KernelMemory":0,"KernelMemoryTCP":0,"MemoryReservation":0,"MemorySwap":0,"MemorySwappiness":null,"OomKillDisable":null,"PidsLimit":null,"Ulimits":null,"CpuCount":0,"CpuPercent":0,"IOMaximumIOps":0,"IOMaximumBandwidth":0,"MaskedPaths":["/proc/asound","/proc/acpi","/proc/kcore","/proc/keys","/proc/latency_stats","/proc/timer_list","/proc/timer_stats","/proc/sched_debug","/proc/scsi","/sys/firmware"],"ReadonlyPaths":["/proc/bus","/proc/fs","/proc/irq","/proc/sys","/proc/sysrq-trigger"]},"GraphDriver":{"Data":{"LowerDir":"/var/lib/docker/overlay2/05794d51525f65619c615558ef5f93d7c33eef44e12313fdcb3942911d0b5f7d-init/diff:/var/lib/docker/overlay2/f079a69cfd5e80e906b12f05a0c7bfaabc56ce63e947db68b722ae30905f1239/diff:/var/lib/docker/overlay2/9dfb63d6bb556846a13012421dde7951ef83a14d8ce1882287cce66f0f9bd055/diff:/var/lib/docker/overlay2/c4f8874ae33ddd14488f5051cd953acc020fa00ea72d28bd530450c0bc8f9903/diff:/var/lib/docker/overlay2/992683766b46aa5653160e6a34283b579a75000e230890d0ec0a6204af735697/diff:/var/lib/docker/overlay2/6e3fba0e1d6501c91c9bec723bb1364f75599c6c2026a6dc71773c88a49f890a/diff:/var/lib/docker/overlay2/c6c2a366f45a69704761d45d296d71bf2bf315efb15cb06ad88925ed235fad81/diff:/var/lib/docker/overlay2/7555f9b18615244719d04b23296ba418195e5e569d47baf9f1da7c3f053fe194/diff:/var/lib/docker/overlay2/7752eb17f8f8ba44a5ed178f499901fa7eb6f2e031c29ab160ee4eff4db8edaa/diff:/var/lib/docker/overlay2/9683de8b3733106f256bd0eabc7cae13623b14493b9212e863449d42b8a87390/diff:/var/lib/docker/overlay2/f5e28e407d8811526fb7dd82e4fed08d5d3124c0f22f1a9496ed27b2b457d3dd/diff:/var/lib/docker/overlay2/e2980c91c6b3331cff3994ca6f327955bb5feaef0f96bc64edce80631fdbf829/diff","MergedDir":"/var/lib/docker/overlay2/05794d51525f65619c615558ef5f93d7c33eef44e12313fdcb3942911d0b5f7d/merged","UpperDir":"/var/lib/docker/overlay2/05794d51525f65619c615558ef5f93d7c33eef44e12313fdcb3942911d0b5f7d/diff","WorkDir":"/var/lib/docker/overlay2/05794d51525f65619c615558ef5f93d7c33eef44e12313fdcb3942911d0b5f7d/work"},"Name":"overlay2"},"Mounts":[{"Type":"volume","Name":"fe29345a30f82a1c969c40b069133e9d87168ce95967d67ac182ee42c059affb","Source":"/var/lib/docker/volumes/fe29345a30f82a1c969c40b069133e9d87168ce95967d67ac182ee42c059affb/_data","Destination":"/var/lib/mysql","Driver":"local","Mode":"","RW":true,"Propagation":""}],"Config":{"Hostname":"b4fc7afd9745","Domainname":"","User":"","AttachStdin":false,"AttachStdout":false,"AttachStderr":false,"ExposedPorts":{"3306/tcp":{},"33060/tcp":{}},"Tty":false,"OpenStdin":false,"StdinOnce":false,"Env":["MYSQL_DATABASE=adm_videos","MYSQL_PASSWORD=123456","MYSQL_ROOT_PASSWORD=123456","PATH=/usr/local/sbin:/usr/local/bin:/usr/sbin:/usr/bin:/sbin:/bin","GOSU_VERSION=1.14","MYSQL_MAJOR=8.0","MYSQL_VERSION=8.0.31-1.el8","MYSQL_SHELL_VERSION=8.0.31-1.el8"],"Cmd":["mysqld"],"Image":"mysql:latest","Volumes":{"/var/lib/mysql":{}},"WorkingDir":"","Entrypoint":["docker-entrypoint.sh"],"OnBuild":null,"Labels":{"org.testcontainers":"true","org.testcontainers.sessionId":"cdd139c9-cde1-4429-bea7-edb0e651ba16"}},"NetworkSettings":{"Bridge":"","SandboxID":"8404ec7d59006489fa5b6638879180586e9aa24c1c3ae79d40e26a8f453c93b1","HairpinMode":false,"LinkLocalIPv6Address":"","LinkLocalIPv6PrefixLen":0,"Ports":{"3306/tcp":[{"HostIp":"0.0.0.0","HostPort":"49156"},{"HostIp":"::","HostPort":"49156"}],"33060/tcp":null},"SandboxKey":"/var/run/docker/netns/8404ec7d5900","SecondaryIPAddresses":null,"SecondaryIPv6Addresses":null,"EndpointID":"28c851b70d88131a783e3d87b7c50320df5f3250ebca621b1b39353a2424212a","Gateway":"172.17.0.1","GlobalIPv6Address":"","GlobalIPv6PrefixLen":0,"IPAddress":"172.17.0.3","IPPrefixLen":16,"IPv6Gateway":"","MacAddress":"02:42:ac:11:00:03","Networks":{"bridge":{"IPAMConfig":null,"Links":null,"Aliases":null,"NetworkID":"bf06afe94eca8b5ab91eae0dbaa8561a6dd16832d429dcdbaa7ed1e003cfbe56","EndpointID":"28c851b70d88131a783e3d87b7c50320df5f3250ebca621b1b39353a2424212a","Gateway":"172.17.0.1","IPAddress":"172.17.0.3","IPPrefixLen":16,"IPv6Gateway":"","GlobalIPv6Address":"","GlobalIPv6PrefixLen":0,"MacAddress":"02:42:ac:11:00:03","DriverOpts":null}}}}[\n]"
18:30:20.755 [Test worker] DEBUG com.github.dockerjava.zerodep.shaded.org.apache.hc.client5.http.wire - http-outgoing-1 << "[\r][\n]"
18:30:20.755 [Test worker] DEBUG com.github.dockerjava.zerodep.shaded.org.apache.hc.client5.http.wire - http-outgoing-1 << "0[\r][\n]"
18:30:20.755 [Test worker] DEBUG com.github.dockerjava.zerodep.shaded.org.apache.hc.client5.http.wire - http-outgoing-1 << "[\r][\n]"
18:30:20.755 [Test worker] DEBUG com.github.dockerjava.zerodep.shaded.org.apache.hc.client5.http.headers - http-outgoing-1 << HTTP/1.1 200 OK
18:30:20.755 [Test worker] DEBUG com.github.dockerjava.zerodep.shaded.org.apache.hc.client5.http.headers - http-outgoing-1 << Api-Version: 1.41
18:30:20.755 [Test worker] DEBUG com.github.dockerjava.zerodep.shaded.org.apache.hc.client5.http.headers - http-outgoing-1 << Content-Type: application/json
18:30:20.755 [Test worker] DEBUG com.github.dockerjava.zerodep.shaded.org.apache.hc.client5.http.headers - http-outgoing-1 << Docker-Experimental: false
18:30:20.755 [Test worker] DEBUG com.github.dockerjava.zerodep.shaded.org.apache.hc.client5.http.headers - http-outgoing-1 << Ostype: linux
18:30:20.755 [Test worker] DEBUG com.github.dockerjava.zerodep.shaded.org.apache.hc.client5.http.headers - http-outgoing-1 << Server: Docker/20.10.17 (linux)
18:30:20.755 [Test worker] DEBUG com.github.dockerjava.zerodep.shaded.org.apache.hc.client5.http.headers - http-outgoing-1 << Date: Thu, 08 Dec 2022 21:30:20 GMT
18:30:20.755 [Test worker] DEBUG com.github.dockerjava.zerodep.shaded.org.apache.hc.client5.http.headers - http-outgoing-1 << Transfer-Encoding: chunked
18:30:20.755 [Test worker] DEBUG com.github.dockerjava.zerodep.shaded.org.apache.hc.client5.http.impl.classic.MainClientExec - ex-00000058: connection can be kept alive for 3 MINUTES
18:30:20.756 [Test worker] DEBUG com.github.dockerjava.zerodep.shaded.org.apache.hc.client5.http.impl.classic.InternalHttpClient - ep-00000057: releasing valid endpoint
18:30:20.756 [Test worker] DEBUG com.github.dockerjava.zerodep.shaded.org.apache.hc.client5.http.impl.io.PoolingHttpClientConnectionManager - ep-00000057: releasing endpoint
18:30:20.756 [Test worker] DEBUG com.github.dockerjava.zerodep.shaded.org.apache.hc.client5.http.impl.io.PoolingHttpClientConnectionManager - ep-00000057: connection http-outgoing-1 can be kept alive for 3 MINUTES
18:30:20.756 [Test worker] DEBUG com.github.dockerjava.zerodep.shaded.org.apache.hc.client5.http.impl.io.PoolingHttpClientConnectionManager - ep-00000057: connection released [route: {}->unix://localhost:2375][total available: 1; route allocated: 1 of 2147483647; total allocated: 1 of 2147483647]
18:30:20.756 [Test worker] DEBUG ]]>&#x1f433;<![CDATA[ [mysql:latest] - Trying to create JDBC connection using com.mysql.cj.jdbc.Driver to jdbc:mysql://localhost:49156/adm_videos?useSSL=false&allowPublicKeyRetrieval=true with properties: {password=123456, user=root}
18:30:20.858 [Test worker] DEBUG org.testcontainers.shaded.com.github.dockerjava.core.command.AbstrDockerCmd - Cmd: b4fc7afd97457a2a6ec84592488a57f900fa52ed03fcd2dbaf8a116bc1f50ab3,false
18:30:20.861 [Test worker] DEBUG org.testcontainers.shaded.com.github.dockerjava.core.exec.InspectContainerCmdExec - GET: DefaultWebTarget{path=[/containers/b4fc7afd97457a2a6ec84592488a57f900fa52ed03fcd2dbaf8a116bc1f50ab3/json], queryParams={}}
18:30:20.861 [Test worker] DEBUG com.github.dockerjava.zerodep.shaded.org.apache.hc.client5.http.impl.classic.InternalHttpClient - ex-00000059: preparing request execution
18:30:20.861 [Test worker] DEBUG com.github.dockerjava.zerodep.shaded.org.apache.hc.client5.http.protocol.RequestAddCookies - Cookie spec selected: strict
18:30:20.861 [Test worker] DEBUG com.github.dockerjava.zerodep.shaded.org.apache.hc.client5.http.protocol.RequestAuthCache - Auth cache not set in the context
18:30:20.861 [Test worker] DEBUG com.github.dockerjava.zerodep.shaded.org.apache.hc.client5.http.impl.classic.ProtocolExec - ex-00000059: target auth state: UNCHALLENGED
18:30:20.861 [Test worker] DEBUG com.github.dockerjava.zerodep.shaded.org.apache.hc.client5.http.impl.classic.ProtocolExec - ex-00000059: proxy auth state: UNCHALLENGED
18:30:20.861 [Test worker] DEBUG com.github.dockerjava.zerodep.shaded.org.apache.hc.client5.http.impl.classic.ConnectExec - ex-00000059: acquiring connection with route {}->unix://localhost:2375
18:30:20.861 [Test worker] DEBUG com.github.dockerjava.zerodep.shaded.org.apache.hc.client5.http.impl.classic.InternalHttpClient - ex-00000059: acquiring endpoint (3 MINUTES)
18:30:20.861 [Test worker] DEBUG com.github.dockerjava.zerodep.shaded.org.apache.hc.client5.http.impl.io.PoolingHttpClientConnectionManager - ex-00000059: endpoint lease request (3 MINUTES) [route: {}->unix://localhost:2375][total available: 1; route allocated: 1 of 2147483647; total allocated: 1 of 2147483647]
18:30:20.861 [Test worker] DEBUG com.github.dockerjava.zerodep.shaded.org.apache.hc.client5.http.impl.io.PoolingHttpClientConnectionManager - ex-00000059: endpoint leased [route: {}->unix://localhost:2375][total available: 0; route allocated: 1 of 2147483647; total allocated: 1 of 2147483647]
18:30:20.861 [Test worker] DEBUG com.github.dockerjava.zerodep.shaded.org.apache.hc.client5.http.impl.io.PoolingHttpClientConnectionManager - ex-00000059: acquired ep-00000058
18:30:20.861 [Test worker] DEBUG com.github.dockerjava.zerodep.shaded.org.apache.hc.client5.http.impl.classic.InternalHttpClient - ex-00000059: acquired endpoint ep-00000058
18:30:20.861 [Test worker] DEBUG com.github.dockerjava.zerodep.shaded.org.apache.hc.client5.http.impl.classic.MainClientExec - ex-00000059: executing GET /v1.32/containers/b4fc7afd97457a2a6ec84592488a57f900fa52ed03fcd2dbaf8a116bc1f50ab3/json HTTP/1.1
18:30:20.861 [Test worker] DEBUG com.github.dockerjava.zerodep.shaded.org.apache.hc.client5.http.impl.classic.InternalHttpClient - ep-00000058: start execution ex-00000059
18:30:20.861 [Test worker] DEBUG com.github.dockerjava.zerodep.shaded.org.apache.hc.client5.http.impl.io.PoolingHttpClientConnectionManager - ep-00000058: executing exchange ex-00000059 over http-outgoing-1
18:30:20.862 [Test worker] DEBUG com.github.dockerjava.zerodep.shaded.org.apache.hc.client5.http.headers - http-outgoing-1 >> GET /v1.32/containers/b4fc7afd97457a2a6ec84592488a57f900fa52ed03fcd2dbaf8a116bc1f50ab3/json HTTP/1.1
18:30:20.862 [Test worker] DEBUG com.github.dockerjava.zerodep.shaded.org.apache.hc.client5.http.headers - http-outgoing-1 >> accept: application/json
18:30:20.862 [Test worker] DEBUG com.github.dockerjava.zerodep.shaded.org.apache.hc.client5.http.headers - http-outgoing-1 >> x-tc-sid: cdd139c9-cde1-4429-bea7-edb0e651ba16
18:30:20.862 [Test worker] DEBUG com.github.dockerjava.zerodep.shaded.org.apache.hc.client5.http.headers - http-outgoing-1 >> Accept-Encoding: gzip, x-gzip, deflate
18:30:20.862 [Test worker] DEBUG com.github.dockerjava.zerodep.shaded.org.apache.hc.client5.http.headers - http-outgoing-1 >> Host: localhost:2375
18:30:20.862 [Test worker] DEBUG com.github.dockerjava.zerodep.shaded.org.apache.hc.client5.http.headers - http-outgoing-1 >> Connection: keep-alive
18:30:20.862 [Test worker] DEBUG com.github.dockerjava.zerodep.shaded.org.apache.hc.client5.http.headers - http-outgoing-1 >> User-Agent: Apache-HttpClient/5.0.3 (Java/17.0.2)
18:30:20.862 [Test worker] DEBUG com.github.dockerjava.zerodep.shaded.org.apache.hc.client5.http.wire - http-outgoing-1 >> "GET /v1.32/containers/b4fc7afd97457a2a6ec84592488a57f900fa52ed03fcd2dbaf8a116bc1f50ab3/json HTTP/1.1[\r][\n]"
18:30:20.862 [Test worker] DEBUG com.github.dockerjava.zerodep.shaded.org.apache.hc.client5.http.wire - http-outgoing-1 >> "accept: application/json[\r][\n]"
18:30:20.862 [Test worker] DEBUG com.github.dockerjava.zerodep.shaded.org.apache.hc.client5.http.wire - http-outgoing-1 >> "x-tc-sid: cdd139c9-cde1-4429-bea7-edb0e651ba16[\r][\n]"
18:30:20.862 [Test worker] DEBUG com.github.dockerjava.zerodep.shaded.org.apache.hc.client5.http.wire - http-outgoing-1 >> "Accept-Encoding: gzip, x-gzip, deflate[\r][\n]"
18:30:20.862 [Test worker] DEBUG com.github.dockerjava.zerodep.shaded.org.apache.hc.client5.http.wire - http-outgoing-1 >> "Host: localhost:2375[\r][\n]"
18:30:20.862 [Test worker] DEBUG com.github.dockerjava.zerodep.shaded.org.apache.hc.client5.http.wire - http-outgoing-1 >> "Connection: keep-alive[\r][\n]"
18:30:20.862 [Test worker] DEBUG com.github.dockerjava.zerodep.shaded.org.apache.hc.client5.http.wire - http-outgoing-1 >> "User-Agent: Apache-HttpClient/5.0.3 (Java/17.0.2)[\r][\n]"
18:30:20.862 [Test worker] DEBUG com.github.dockerjava.zerodep.shaded.org.apache.hc.client5.http.wire - http-outgoing-1 >> "[\r][\n]"
18:30:20.863 [Test worker] DEBUG com.github.dockerjava.zerodep.shaded.org.apache.hc.client5.http.wire - http-outgoing-1 << "HTTP/1.1 200 OK[\r][\n]"
18:30:20.863 [Test worker] DEBUG com.github.dockerjava.zerodep.shaded.org.apache.hc.client5.http.wire - http-outgoing-1 << "Api-Version: 1.41[\r][\n]"
18:30:20.863 [Test worker] DEBUG com.github.dockerjava.zerodep.shaded.org.apache.hc.client5.http.wire - http-outgoing-1 << "Content-Type: application/json[\r][\n]"
18:30:20.863 [Test worker] DEBUG com.github.dockerjava.zerodep.shaded.org.apache.hc.client5.http.wire - http-outgoing-1 << "Docker-Experimental: false[\r][\n]"
18:30:20.863 [Test worker] DEBUG com.github.dockerjava.zerodep.shaded.org.apache.hc.client5.http.wire - http-outgoing-1 << "Ostype: linux[\r][\n]"
18:30:20.863 [Test worker] DEBUG com.github.dockerjava.zerodep.shaded.org.apache.hc.client5.http.wire - http-outgoing-1 << "Server: Docker/20.10.17 (linux)[\r][\n]"
18:30:20.863 [Test worker] DEBUG com.github.dockerjava.zerodep.shaded.org.apache.hc.client5.http.wire - http-outgoing-1 << "Date: Thu, 08 Dec 2022 21:30:20 GMT[\r][\n]"
18:30:20.863 [Test worker] DEBUG com.github.dockerjava.zerodep.shaded.org.apache.hc.client5.http.wire - http-outgoing-1 << "Transfer-Encoding: chunked[\r][\n]"
18:30:20.863 [Test worker] DEBUG com.github.dockerjava.zerodep.shaded.org.apache.hc.client5.http.wire - http-outgoing-1 << "[\r][\n]"
18:30:20.863 [Test worker] DEBUG com.github.dockerjava.zerodep.shaded.org.apache.hc.client5.http.wire - http-outgoing-1 << "18a6[\r][\n]"
18:30:20.863 [Test worker] DEBUG com.github.dockerjava.zerodep.shaded.org.apache.hc.client5.http.wire - http-outgoing-1 << "{"Id":"b4fc7afd97457a2a6ec84592488a57f900fa52ed03fcd2dbaf8a116bc1f50ab3","Created":"2022-12-08T21:30:11.801619537Z","Path":"docker-entrypoint.sh","Args":["mysqld"],"State":{"Status":"running","Running":true,"Paused":false,"Restarting":false,"OOMKilled":false,"Dead":false,"Pid":148084,"ExitCode":0,"Error":"","StartedAt":"2022-12-08T21:30:12.370762583Z","FinishedAt":"0001-01-01T00:00:00Z"},"Image":"sha256:7484689f290f1defe06b65befc54cb6ad91a667cf0af59a265ffe76c46bd0478","ResolvConfPath":"/var/lib/docker/containers/b4fc7afd97457a2a6ec84592488a57f900fa52ed03fcd2dbaf8a116bc1f50ab3/resolv.conf","HostnamePath":"/var/lib/docker/containers/b4fc7afd97457a2a6ec84592488a57f900fa52ed03fcd2dbaf8a116bc1f50ab3/hostname","HostsPath":"/var/lib/docker/containers/b4fc7afd97457a2a6ec84592488a57f900fa52ed03fcd2dbaf8a116bc1f50ab3/hosts","LogPath":"/var/lib/docker/containers/b4fc7afd97457a2a6ec84592488a57f900fa52ed03fcd2dbaf8a116bc1f50ab3/b4fc7afd97457a2a6ec84592488a57f900fa52ed03fcd2dbaf8a116bc1f50ab3-json.log","Name":"/agitated_ptolemy","RestartCount":0,"Driver":"overlay2","Platform":"linux","MountLabel":"","ProcessLabel":"","AppArmorProfile":"docker-default","ExecIDs":null,"HostConfig":{"Binds":[],"ContainerIDFile":"","LogConfig":{"Type":"json-file","Config":{}},"NetworkMode":"default","PortBindings":{"3306/tcp":[{"HostIp":"","HostPort":""}]},"RestartPolicy":{"Name":"","MaximumRetryCount":0},"AutoRemove":false,"VolumeDriver":"","VolumesFrom":[],"CapAdd":null,"CapDrop":null,"CgroupnsMode":"private","Dns":null,"DnsOptions":null,"DnsSearch":null,"ExtraHosts":[],"GroupAdd":null,"IpcMode":"shareable","Cgroup":"","Links":null,"OomScoreAdj":0,"PidMode":"","Privileged":false,"PublishAllPorts":false,"ReadonlyRootfs":false,"SecurityOpt":null,"UTSMode":"","UsernsMode":"","ShmSize":67108864,"Runtime":"runc","ConsoleSize":[0,0],"Isolation":"","CpuShares":0,"Memory":0,"NanoCpus":0,"CgroupParent":"","BlkioWeight":0,"BlkioWeightDevice":null,"BlkioDeviceReadBps":null,"BlkioDeviceWriteBps":null,"BlkioDeviceReadIOps":null,"BlkioDeviceWriteIOps":null,"CpuPeriod":0,"CpuQuota":0,"CpuRealtimePeriod":0,"CpuRealtimeRuntime":0,"CpusetCpus":"","CpusetMems":"","Devices":null,"DeviceCgroupRules":null,"DeviceRequests":null,"KernelMemory":0,"KernelMemoryTCP":0,"MemoryReservation":0,"MemorySwap":0,"MemorySwappiness":null,"OomKillDisable":null,"PidsLimit":null,"Ulimits":null,"CpuCount":0,"CpuPercent":0,"IOMaximumIOps":0,"IOMaximumBandwidth":0,"MaskedPaths":["/proc/asound","/proc/acpi","/proc/kcore","/proc/keys","/proc/latency_stats","/proc/timer_list","/proc/timer_stats","/proc/sched_debug","/proc/scsi","/sys/firmware"],"ReadonlyPaths":["/proc/bus","/proc/fs","/proc/irq","/proc/sys","/proc/sysrq-trigger"]},"GraphDriver":{"Data":{"LowerDir":"/var/lib/docker/overlay2/05794d51525f65619c615558ef5f93d7c33eef44e12313fdcb3942911d0b5f7d-init/diff:/var/lib/docker/overlay2/f079a69cfd5e80e906b12f05a0c7bfaabc56ce63e947db68b722ae30905f1239/diff:/var/lib/docker/overlay2/9dfb63d6bb556846a13012421dde7951ef83a14d8ce1882287cce66f0f9bd055/diff:/var/lib/docker/overlay2/c4f8874ae33ddd14488f5051cd953acc020fa00ea72d28bd530450c0bc8f9903/diff:/var/lib/docker/overlay2/992683766b46aa5653160e6a34283b579a75000e230890d0ec0a6204af735697/diff:/var/lib/docker/overlay2/6e3fba0e1d6501c91c9bec723bb1364f75599c6c2026a6dc71773c88a49f890a/diff:/var/lib/docker/overlay2/c6c2a366f45a69704761d45d296d71bf2bf315efb15cb06ad88925ed235fad81/diff:/var/lib/docker/overlay2/7555f9b18615244719d04b23296ba418195e5e569d47baf9f1da7c3f053fe194/diff:/var/lib/docker/overlay2/7752eb17f8f8ba44a5ed178f499901fa7eb6f2e031c29ab160ee4eff4db8edaa/diff:/var/lib/docker/overlay2/9683de8b3733106f256bd0eabc7cae13623b14493b9212e863449d42b8a87390/diff:/var/lib/docker/overlay2/f5e28e407d8811526fb7dd82e4fed08d5d3124c0f22f1a9496ed27b2b457d3dd/diff:/var/lib/docker/overlay2/e2980c91c6b3331cff3994ca6f327955bb5feaef0f96bc64edce80631fdbf829/diff","MergedDir":"/var/lib/docker/overlay2/05794d51525f65619c615558ef5f93d7c33eef44e12313fdcb3942911d0b5f7d/merged","UpperDir":"/var/lib/docker/overlay2/05794d51525f65619c615558ef5f93d7c33eef44e12313fdcb3942911d0b5f7d/diff","WorkDir":"/var/lib/docker/overlay2/05794d51525f65619c615558ef5f93d7c33eef44e12313fdcb3942911d0b5f7d/work"},"Name":"overlay2"},"Mounts":[{"Type":"volume","Name":"fe29345a30f82a1c969c40b069133e9d87168ce95967d67ac182ee42c059affb","Source":"/var/lib/docker/volumes/fe29345a30f82a1c969c40b069133e9d87168ce95967d67ac182ee42c059affb/_data","Destination":"/var/lib/mysql","Driver":"local","Mode":"","RW":true,"Propagation":""}],"Config":{"Hostname":"b4fc7afd9745","Domainname":"","User":"","AttachStdin":false,"AttachStdout":false,"AttachStderr":false,"ExposedPorts":{"3306/tcp":{},"33060/tcp":{}},"Tty":false,"OpenStdin":false,"StdinOnce":false,"Env":["MYSQL_DATABASE=adm_videos","MYSQL_PASSWORD=123456","MYSQL_ROOT_PASSWORD=123456","PATH=/usr/local/sbin:/usr/local/bin:/usr/sbin:/usr/bin:/sbin:/bin","GOSU_VERSION=1.14","MYSQL_MAJOR=8.0","MYSQL_VERSION=8.0.31-1.el8","MYSQL_SHELL_VERSION=8.0.31-1.el8"],"Cmd":["mysqld"],"Image":"mysql:latest","Volumes":{"/var/lib/mysql":{}},"WorkingDir":"","Entrypoint":["docker-entrypoint.sh"],"OnBuild":null,"Labels":{"org.testcontainers":"true","org.testcontainers.sessionId":"cdd139c9-cde1-4429-bea7-edb0e651ba16"}},"NetworkSettings":{"Bridge":"","SandboxID":"8404ec7d59006489fa5b6638879180586e9aa24c1c3ae79d40e26a8f453c93b1","HairpinMode":false,"LinkLocalIPv6Address":"","LinkLocalIPv6PrefixLen":0,"Ports":{"3306/tcp":[{"HostIp":"0.0.0.0","HostPort":"49156"},{"HostIp":"::","HostPort":"49156"}],"33060/tcp":null},"SandboxKey":"/var/run/docker/netns/8404ec7d5900","SecondaryIPAddresses":null,"SecondaryIPv6Addresses":null,"EndpointID":"28c851b70d88131a783e3d87b7c50320df5f3250ebca621b1b39353a2424212a","Gateway":"172.17.0.1","GlobalIPv6Address":"","GlobalIPv6PrefixLen":0,"IPAddress":"172.17.0.3","IPPrefixLen":16,"IPv6Gateway":"","MacAddress":"02:42:ac:11:00:03","Networks":{"bridge":{"IPAMConfig":null,"Links":null,"Aliases":null,"NetworkID":"bf06afe94eca8b5ab91eae0dbaa8561a6dd16832d429dcdbaa7ed1e003cfbe56","EndpointID":"28c851b70d88131a783e3d87b7c50320df5f3250ebca621b1b39353a2424212a","Gateway":"172.17.0.1","IPAddress":"172.17.0.3","IPPrefixLen":16,"IPv6Gateway":"","GlobalIPv6Address":"","GlobalIPv6PrefixLen":0,"MacAddress":"02:42:ac:11:00:03","DriverOpts":null}}}}[\n]"
18:30:20.863 [Test worker] DEBUG com.github.dockerjava.zerodep.shaded.org.apache.hc.client5.http.wire - http-outgoing-1 << "[\r][\n]"
18:30:20.863 [Test worker] DEBUG com.github.dockerjava.zerodep.shaded.org.apache.hc.client5.http.wire - http-outgoing-1 << "0[\r][\n]"
18:30:20.863 [Test worker] DEBUG com.github.dockerjava.zerodep.shaded.org.apache.hc.client5.http.wire - http-outgoing-1 << "[\r][\n]"
18:30:20.863 [Test worker] DEBUG com.github.dockerjava.zerodep.shaded.org.apache.hc.client5.http.headers - http-outgoing-1 << HTTP/1.1 200 OK
18:30:20.863 [Test worker] DEBUG com.github.dockerjava.zerodep.shaded.org.apache.hc.client5.http.headers - http-outgoing-1 << Api-Version: 1.41
18:30:20.863 [Test worker] DEBUG com.github.dockerjava.zerodep.shaded.org.apache.hc.client5.http.headers - http-outgoing-1 << Content-Type: application/json
18:30:20.863 [Test worker] DEBUG com.github.dockerjava.zerodep.shaded.org.apache.hc.client5.http.headers - http-outgoing-1 << Docker-Experimental: false
18:30:20.863 [Test worker] DEBUG com.github.dockerjava.zerodep.shaded.org.apache.hc.client5.http.headers - http-outgoing-1 << Ostype: linux
18:30:20.863 [Test worker] DEBUG com.github.dockerjava.zerodep.shaded.org.apache.hc.client5.http.headers - http-outgoing-1 << Server: Docker/20.10.17 (linux)
18:30:20.863 [Test worker] DEBUG com.github.dockerjava.zerodep.shaded.org.apache.hc.client5.http.headers - http-outgoing-1 << Date: Thu, 08 Dec 2022 21:30:20 GMT
18:30:20.863 [Test worker] DEBUG com.github.dockerjava.zerodep.shaded.org.apache.hc.client5.http.headers - http-outgoing-1 << Transfer-Encoding: chunked
18:30:20.863 [Test worker] DEBUG com.github.dockerjava.zerodep.shaded.org.apache.hc.client5.http.impl.classic.MainClientExec - ex-00000059: connection can be kept alive for 3 MINUTES
18:30:20.865 [Test worker] DEBUG com.github.dockerjava.zerodep.shaded.org.apache.hc.client5.http.impl.classic.InternalHttpClient - ep-00000058: releasing valid endpoint
18:30:20.865 [Test worker] DEBUG com.github.dockerjava.zerodep.shaded.org.apache.hc.client5.http.impl.io.PoolingHttpClientConnectionManager - ep-00000058: releasing endpoint
18:30:20.865 [Test worker] DEBUG com.github.dockerjava.zerodep.shaded.org.apache.hc.client5.http.impl.io.PoolingHttpClientConnectionManager - ep-00000058: connection http-outgoing-1 can be kept alive for 3 MINUTES
18:30:20.865 [Test worker] DEBUG com.github.dockerjava.zerodep.shaded.org.apache.hc.client5.http.impl.io.PoolingHttpClientConnectionManager - ep-00000058: connection released [route: {}->unix://localhost:2375][total available: 1; route allocated: 1 of 2147483647; total allocated: 1 of 2147483647]
18:30:20.866 [Test worker] DEBUG ]]>&#x1f433;<![CDATA[ [mysql:latest] - Trying to create JDBC connection using com.mysql.cj.jdbc.Driver to jdbc:mysql://localhost:49156/adm_videos?useSSL=false&allowPublicKeyRetrieval=true with properties: {password=123456, user=root}
18:30:20.968 [Test worker] DEBUG org.testcontainers.shaded.com.github.dockerjava.core.command.AbstrDockerCmd - Cmd: b4fc7afd97457a2a6ec84592488a57f900fa52ed03fcd2dbaf8a116bc1f50ab3,false
18:30:20.969 [Test worker] DEBUG org.testcontainers.shaded.com.github.dockerjava.core.exec.InspectContainerCmdExec - GET: DefaultWebTarget{path=[/containers/b4fc7afd97457a2a6ec84592488a57f900fa52ed03fcd2dbaf8a116bc1f50ab3/json], queryParams={}}
18:30:20.969 [Test worker] DEBUG com.github.dockerjava.zerodep.shaded.org.apache.hc.client5.http.impl.classic.InternalHttpClient - ex-0000005A: preparing request execution
18:30:20.969 [Test worker] DEBUG com.github.dockerjava.zerodep.shaded.org.apache.hc.client5.http.protocol.RequestAddCookies - Cookie spec selected: strict
18:30:20.969 [Test worker] DEBUG com.github.dockerjava.zerodep.shaded.org.apache.hc.client5.http.protocol.RequestAuthCache - Auth cache not set in the context
18:30:20.969 [Test worker] DEBUG com.github.dockerjava.zerodep.shaded.org.apache.hc.client5.http.impl.classic.ProtocolExec - ex-0000005A: target auth state: UNCHALLENGED
18:30:20.969 [Test worker] DEBUG com.github.dockerjava.zerodep.shaded.org.apache.hc.client5.http.impl.classic.ProtocolExec - ex-0000005A: proxy auth state: UNCHALLENGED
18:30:20.969 [Test worker] DEBUG com.github.dockerjava.zerodep.shaded.org.apache.hc.client5.http.impl.classic.ConnectExec - ex-0000005A: acquiring connection with route {}->unix://localhost:2375
18:30:20.969 [Test worker] DEBUG com.github.dockerjava.zerodep.shaded.org.apache.hc.client5.http.impl.classic.InternalHttpClient - ex-0000005A: acquiring endpoint (3 MINUTES)
18:30:20.969 [Test worker] DEBUG com.github.dockerjava.zerodep.shaded.org.apache.hc.client5.http.impl.io.PoolingHttpClientConnectionManager - ex-0000005A: endpoint lease request (3 MINUTES) [route: {}->unix://localhost:2375][total available: 1; route allocated: 1 of 2147483647; total allocated: 1 of 2147483647]
18:30:20.969 [Test worker] DEBUG com.github.dockerjava.zerodep.shaded.org.apache.hc.client5.http.impl.io.PoolingHttpClientConnectionManager - ex-0000005A: endpoint leased [route: {}->unix://localhost:2375][total available: 0; route allocated: 1 of 2147483647; total allocated: 1 of 2147483647]
18:30:20.969 [Test worker] DEBUG com.github.dockerjava.zerodep.shaded.org.apache.hc.client5.http.impl.io.PoolingHttpClientConnectionManager - ex-0000005A: acquired ep-00000059
18:30:20.969 [Test worker] DEBUG com.github.dockerjava.zerodep.shaded.org.apache.hc.client5.http.impl.classic.InternalHttpClient - ex-0000005A: acquired endpoint ep-00000059
18:30:20.969 [Test worker] DEBUG com.github.dockerjava.zerodep.shaded.org.apache.hc.client5.http.impl.classic.MainClientExec - ex-0000005A: executing GET /v1.32/containers/b4fc7afd97457a2a6ec84592488a57f900fa52ed03fcd2dbaf8a116bc1f50ab3/json HTTP/1.1
18:30:20.969 [Test worker] DEBUG com.github.dockerjava.zerodep.shaded.org.apache.hc.client5.http.impl.classic.InternalHttpClient - ep-00000059: start execution ex-0000005A
18:30:20.969 [Test worker] DEBUG com.github.dockerjava.zerodep.shaded.org.apache.hc.client5.http.impl.io.PoolingHttpClientConnectionManager - ep-00000059: executing exchange ex-0000005A over http-outgoing-1
18:30:20.969 [Test worker] DEBUG com.github.dockerjava.zerodep.shaded.org.apache.hc.client5.http.headers - http-outgoing-1 >> GET /v1.32/containers/b4fc7afd97457a2a6ec84592488a57f900fa52ed03fcd2dbaf8a116bc1f50ab3/json HTTP/1.1
18:30:20.969 [Test worker] DEBUG com.github.dockerjava.zerodep.shaded.org.apache.hc.client5.http.headers - http-outgoing-1 >> accept: application/json
18:30:20.969 [Test worker] DEBUG com.github.dockerjava.zerodep.shaded.org.apache.hc.client5.http.headers - http-outgoing-1 >> x-tc-sid: cdd139c9-cde1-4429-bea7-edb0e651ba16
18:30:20.969 [Test worker] DEBUG com.github.dockerjava.zerodep.shaded.org.apache.hc.client5.http.headers - http-outgoing-1 >> Accept-Encoding: gzip, x-gzip, deflate
18:30:20.969 [Test worker] DEBUG com.github.dockerjava.zerodep.shaded.org.apache.hc.client5.http.headers - http-outgoing-1 >> Host: localhost:2375
18:30:20.969 [Test worker] DEBUG com.github.dockerjava.zerodep.shaded.org.apache.hc.client5.http.headers - http-outgoing-1 >> Connection: keep-alive
18:30:20.969 [Test worker] DEBUG com.github.dockerjava.zerodep.shaded.org.apache.hc.client5.http.headers - http-outgoing-1 >> User-Agent: Apache-HttpClient/5.0.3 (Java/17.0.2)
18:30:20.969 [Test worker] DEBUG com.github.dockerjava.zerodep.shaded.org.apache.hc.client5.http.wire - http-outgoing-1 >> "GET /v1.32/containers/b4fc7afd97457a2a6ec84592488a57f900fa52ed03fcd2dbaf8a116bc1f50ab3/json HTTP/1.1[\r][\n]"
18:30:20.969 [Test worker] DEBUG com.github.dockerjava.zerodep.shaded.org.apache.hc.client5.http.wire - http-outgoing-1 >> "accept: application/json[\r][\n]"
18:30:20.969 [Test worker] DEBUG com.github.dockerjava.zerodep.shaded.org.apache.hc.client5.http.wire - http-outgoing-1 >> "x-tc-sid: cdd139c9-cde1-4429-bea7-edb0e651ba16[\r][\n]"
18:30:20.969 [Test worker] DEBUG com.github.dockerjava.zerodep.shaded.org.apache.hc.client5.http.wire - http-outgoing-1 >> "Accept-Encoding: gzip, x-gzip, deflate[\r][\n]"
18:30:20.969 [Test worker] DEBUG com.github.dockerjava.zerodep.shaded.org.apache.hc.client5.http.wire - http-outgoing-1 >> "Host: localhost:2375[\r][\n]"
18:30:20.969 [Test worker] DEBUG com.github.dockerjava.zerodep.shaded.org.apache.hc.client5.http.wire - http-outgoing-1 >> "Connection: keep-alive[\r][\n]"
18:30:20.969 [Test worker] DEBUG com.github.dockerjava.zerodep.shaded.org.apache.hc.client5.http.wire - http-outgoing-1 >> "User-Agent: Apache-HttpClient/5.0.3 (Java/17.0.2)[\r][\n]"
18:30:20.969 [Test worker] DEBUG com.github.dockerjava.zerodep.shaded.org.apache.hc.client5.http.wire - http-outgoing-1 >> "[\r][\n]"
18:30:20.970 [Test worker] DEBUG com.github.dockerjava.zerodep.shaded.org.apache.hc.client5.http.wire - http-outgoing-1 << "HTTP/1.1 200 OK[\r][\n]"
18:30:20.970 [Test worker] DEBUG com.github.dockerjava.zerodep.shaded.org.apache.hc.client5.http.wire - http-outgoing-1 << "Api-Version: 1.41[\r][\n]"
18:30:20.970 [Test worker] DEBUG com.github.dockerjava.zerodep.shaded.org.apache.hc.client5.http.wire - http-outgoing-1 << "Content-Type: application/json[\r][\n]"
18:30:20.970 [Test worker] DEBUG com.github.dockerjava.zerodep.shaded.org.apache.hc.client5.http.wire - http-outgoing-1 << "Docker-Experimental: false[\r][\n]"
18:30:20.970 [Test worker] DEBUG com.github.dockerjava.zerodep.shaded.org.apache.hc.client5.http.wire - http-outgoing-1 << "Ostype: linux[\r][\n]"
18:30:20.970 [Test worker] DEBUG com.github.dockerjava.zerodep.shaded.org.apache.hc.client5.http.wire - http-outgoing-1 << "Server: Docker/20.10.17 (linux)[\r][\n]"
18:30:20.970 [Test worker] DEBUG com.github.dockerjava.zerodep.shaded.org.apache.hc.client5.http.wire - http-outgoing-1 << "Date: Thu, 08 Dec 2022 21:30:20 GMT[\r][\n]"
18:30:20.970 [Test worker] DEBUG com.github.dockerjava.zerodep.shaded.org.apache.hc.client5.http.wire - http-outgoing-1 << "Transfer-Encoding: chunked[\r][\n]"
18:30:20.970 [Test worker] DEBUG com.github.dockerjava.zerodep.shaded.org.apache.hc.client5.http.wire - http-outgoing-1 << "[\r][\n]"
18:30:20.970 [Test worker] DEBUG com.github.dockerjava.zerodep.shaded.org.apache.hc.client5.http.wire - http-outgoing-1 << "18a6[\r][\n]"
18:30:20.970 [Test worker] DEBUG com.github.dockerjava.zerodep.shaded.org.apache.hc.client5.http.wire - http-outgoing-1 << "{"Id":"b4fc7afd97457a2a6ec84592488a57f900fa52ed03fcd2dbaf8a116bc1f50ab3","Created":"2022-12-08T21:30:11.801619537Z","Path":"docker-entrypoint.sh","Args":["mysqld"],"State":{"Status":"running","Running":true,"Paused":false,"Restarting":false,"OOMKilled":false,"Dead":false,"Pid":148084,"ExitCode":0,"Error":"","StartedAt":"2022-12-08T21:30:12.370762583Z","FinishedAt":"0001-01-01T00:00:00Z"},"Image":"sha256:7484689f290f1defe06b65befc54cb6ad91a667cf0af59a265ffe76c46bd0478","ResolvConfPath":"/var/lib/docker/containers/b4fc7afd97457a2a6ec84592488a57f900fa52ed03fcd2dbaf8a116bc1f50ab3/resolv.conf","HostnamePath":"/var/lib/docker/containers/b4fc7afd97457a2a6ec84592488a57f900fa52ed03fcd2dbaf8a116bc1f50ab3/hostname","HostsPath":"/var/lib/docker/containers/b4fc7afd97457a2a6ec84592488a57f900fa52ed03fcd2dbaf8a116bc1f50ab3/hosts","LogPath":"/var/lib/docker/containers/b4fc7afd97457a2a6ec84592488a57f900fa52ed03fcd2dbaf8a116bc1f50ab3/b4fc7afd97457a2a6ec84592488a57f900fa52ed03fcd2dbaf8a116bc1f50ab3-json.log","Name":"/agitated_ptolemy","RestartCount":0,"Driver":"overlay2","Platform":"linux","MountLabel":"","ProcessLabel":"","AppArmorProfile":"docker-default","ExecIDs":null,"HostConfig":{"Binds":[],"ContainerIDFile":"","LogConfig":{"Type":"json-file","Config":{}},"NetworkMode":"default","PortBindings":{"3306/tcp":[{"HostIp":"","HostPort":""}]},"RestartPolicy":{"Name":"","MaximumRetryCount":0},"AutoRemove":false,"VolumeDriver":"","VolumesFrom":[],"CapAdd":null,"CapDrop":null,"CgroupnsMode":"private","Dns":null,"DnsOptions":null,"DnsSearch":null,"ExtraHosts":[],"GroupAdd":null,"IpcMode":"shareable","Cgroup":"","Links":null,"OomScoreAdj":0,"PidMode":"","Privileged":false,"PublishAllPorts":false,"ReadonlyRootfs":false,"SecurityOpt":null,"UTSMode":"","UsernsMode":"","ShmSize":67108864,"Runtime":"runc","ConsoleSize":[0,0],"Isolation":"","CpuShares":0,"Memory":0,"NanoCpus":0,"CgroupParent":"","BlkioWeight":0,"BlkioWeightDevice":null,"BlkioDeviceReadBps":null,"BlkioDeviceWriteBps":null,"BlkioDeviceReadIOps":null,"BlkioDeviceWriteIOps":null,"CpuPeriod":0,"CpuQuota":0,"CpuRealtimePeriod":0,"CpuRealtimeRuntime":0,"CpusetCpus":"","CpusetMems":"","Devices":null,"DeviceCgroupRules":null,"DeviceRequests":null,"KernelMemory":0,"KernelMemoryTCP":0,"MemoryReservation":0,"MemorySwap":0,"MemorySwappiness":null,"OomKillDisable":null,"PidsLimit":null,"Ulimits":null,"CpuCount":0,"CpuPercent":0,"IOMaximumIOps":0,"IOMaximumBandwidth":0,"MaskedPaths":["/proc/asound","/proc/acpi","/proc/kcore","/proc/keys","/proc/latency_stats","/proc/timer_list","/proc/timer_stats","/proc/sched_debug","/proc/scsi","/sys/firmware"],"ReadonlyPaths":["/proc/bus","/proc/fs","/proc/irq","/proc/sys","/proc/sysrq-trigger"]},"GraphDriver":{"Data":{"LowerDir":"/var/lib/docker/overlay2/05794d51525f65619c615558ef5f93d7c33eef44e12313fdcb3942911d0b5f7d-init/diff:/var/lib/docker/overlay2/f079a69cfd5e80e906b12f05a0c7bfaabc56ce63e947db68b722ae30905f1239/diff:/var/lib/docker/overlay2/9dfb63d6bb556846a13012421dde7951ef83a14d8ce1882287cce66f0f9bd055/diff:/var/lib/docker/overlay2/c4f8874ae33ddd14488f5051cd953acc020fa00ea72d28bd530450c0bc8f9903/diff:/var/lib/docker/overlay2/992683766b46aa5653160e6a34283b579a75000e230890d0ec0a6204af735697/diff:/var/lib/docker/overlay2/6e3fba0e1d6501c91c9bec723bb1364f75599c6c2026a6dc71773c88a49f890a/diff:/var/lib/docker/overlay2/c6c2a366f45a69704761d45d296d71bf2bf315efb15cb06ad88925ed235fad81/diff:/var/lib/docker/overlay2/7555f9b18615244719d04b23296ba418195e5e569d47baf9f1da7c3f053fe194/diff:/var/lib/docker/overlay2/7752eb17f8f8ba44a5ed178f499901fa7eb6f2e031c29ab160ee4eff4db8edaa/diff:/var/lib/docker/overlay2/9683de8b3733106f256bd0eabc7cae13623b14493b9212e863449d42b8a87390/diff:/var/lib/docker/overlay2/f5e28e407d8811526fb7dd82e4fed08d5d3124c0f22f1a9496ed27b2b457d3dd/diff:/var/lib/docker/overlay2/e2980c91c6b3331cff3994ca6f327955bb5feaef0f96bc64edce80631fdbf829/diff","MergedDir":"/var/lib/docker/overlay2/05794d51525f65619c615558ef5f93d7c33eef44e12313fdcb3942911d0b5f7d/merged","UpperDir":"/var/lib/docker/overlay2/05794d51525f65619c615558ef5f93d7c33eef44e12313fdcb3942911d0b5f7d/diff","WorkDir":"/var/lib/docker/overlay2/05794d51525f65619c615558ef5f93d7c33eef44e12313fdcb3942911d0b5f7d/work"},"Name":"overlay2"},"Mounts":[{"Type":"volume","Name":"fe29345a30f82a1c969c40b069133e9d87168ce95967d67ac182ee42c059affb","Source":"/var/lib/docker/volumes/fe29345a30f82a1c969c40b069133e9d87168ce95967d67ac182ee42c059affb/_data","Destination":"/var/lib/mysql","Driver":"local","Mode":"","RW":true,"Propagation":""}],"Config":{"Hostname":"b4fc7afd9745","Domainname":"","User":"","AttachStdin":false,"AttachStdout":false,"AttachStderr":false,"ExposedPorts":{"3306/tcp":{},"33060/tcp":{}},"Tty":false,"OpenStdin":false,"StdinOnce":false,"Env":["MYSQL_DATABASE=adm_videos","MYSQL_PASSWORD=123456","MYSQL_ROOT_PASSWORD=123456","PATH=/usr/local/sbin:/usr/local/bin:/usr/sbin:/usr/bin:/sbin:/bin","GOSU_VERSION=1.14","MYSQL_MAJOR=8.0","MYSQL_VERSION=8.0.31-1.el8","MYSQL_SHELL_VERSION=8.0.31-1.el8"],"Cmd":["mysqld"],"Image":"mysql:latest","Volumes":{"/var/lib/mysql":{}},"WorkingDir":"","Entrypoint":["docker-entrypoint.sh"],"OnBuild":null,"Labels":{"org.testcontainers":"true","org.testcontainers.sessionId":"cdd139c9-cde1-4429-bea7-edb0e651ba16"}},"NetworkSettings":{"Bridge":"","SandboxID":"8404ec7d59006489fa5b6638879180586e9aa24c1c3ae79d40e26a8f453c93b1","HairpinMode":false,"LinkLocalIPv6Address":"","LinkLocalIPv6PrefixLen":0,"Ports":{"3306/tcp":[{"HostIp":"0.0.0.0","HostPort":"49156"},{"HostIp":"::","HostPort":"49156"}],"33060/tcp":null},"SandboxKey":"/var/run/docker/netns/8404ec7d5900","SecondaryIPAddresses":null,"SecondaryIPv6Addresses":null,"EndpointID":"28c851b70d88131a783e3d87b7c50320df5f3250ebca621b1b39353a2424212a","Gateway":"172.17.0.1","GlobalIPv6Address":"","GlobalIPv6PrefixLen":0,"IPAddress":"172.17.0.3","IPPrefixLen":16,"IPv6Gateway":"","MacAddress":"02:42:ac:11:00:03","Networks":{"bridge":{"IPAMConfig":null,"Links":null,"Aliases":null,"NetworkID":"bf06afe94eca8b5ab91eae0dbaa8561a6dd16832d429dcdbaa7ed1e003cfbe56","EndpointID":"28c851b70d88131a783e3d87b7c50320df5f3250ebca621b1b39353a2424212a","Gateway":"172.17.0.1","IPAddress":"172.17.0.3","IPPrefixLen":16,"IPv6Gateway":"","GlobalIPv6Address":"","GlobalIPv6PrefixLen":0,"MacAddress":"02:42:ac:11:00:03","DriverOpts":null}}}}[\n]"
18:30:20.970 [Test worker] DEBUG com.github.dockerjava.zerodep.shaded.org.apache.hc.client5.http.wire - http-outgoing-1 << "[\r][\n]"
18:30:20.970 [Test worker] DEBUG com.github.dockerjava.zerodep.shaded.org.apache.hc.client5.http.wire - http-outgoing-1 << "0[\r][\n]"
18:30:20.970 [Test worker] DEBUG com.github.dockerjava.zerodep.shaded.org.apache.hc.client5.http.wire - http-outgoing-1 << "[\r][\n]"
18:30:20.970 [Test worker] DEBUG com.github.dockerjava.zerodep.shaded.org.apache.hc.client5.http.headers - http-outgoing-1 << HTTP/1.1 200 OK
18:30:20.970 [Test worker] DEBUG com.github.dockerjava.zerodep.shaded.org.apache.hc.client5.http.headers - http-outgoing-1 << Api-Version: 1.41
18:30:20.970 [Test worker] DEBUG com.github.dockerjava.zerodep.shaded.org.apache.hc.client5.http.headers - http-outgoing-1 << Content-Type: application/json
18:30:20.970 [Test worker] DEBUG com.github.dockerjava.zerodep.shaded.org.apache.hc.client5.http.headers - http-outgoing-1 << Docker-Experimental: false
18:30:20.970 [Test worker] DEBUG com.github.dockerjava.zerodep.shaded.org.apache.hc.client5.http.headers - http-outgoing-1 << Ostype: linux
18:30:20.970 [Test worker] DEBUG com.github.dockerjava.zerodep.shaded.org.apache.hc.client5.http.headers - http-outgoing-1 << Server: Docker/20.10.17 (linux)
18:30:20.970 [Test worker] DEBUG com.github.dockerjava.zerodep.shaded.org.apache.hc.client5.http.headers - http-outgoing-1 << Date: Thu, 08 Dec 2022 21:30:20 GMT
18:30:20.970 [Test worker] DEBUG com.github.dockerjava.zerodep.shaded.org.apache.hc.client5.http.headers - http-outgoing-1 << Transfer-Encoding: chunked
18:30:20.970 [Test worker] DEBUG com.github.dockerjava.zerodep.shaded.org.apache.hc.client5.http.impl.classic.MainClientExec - ex-0000005A: connection can be kept alive for 3 MINUTES
18:30:20.971 [Test worker] DEBUG com.github.dockerjava.zerodep.shaded.org.apache.hc.client5.http.impl.classic.InternalHttpClient - ep-00000059: releasing valid endpoint
18:30:20.971 [Test worker] DEBUG com.github.dockerjava.zerodep.shaded.org.apache.hc.client5.http.impl.io.PoolingHttpClientConnectionManager - ep-00000059: releasing endpoint
18:30:20.971 [Test worker] DEBUG com.github.dockerjava.zerodep.shaded.org.apache.hc.client5.http.impl.io.PoolingHttpClientConnectionManager - ep-00000059: connection http-outgoing-1 can be kept alive for 3 MINUTES
18:30:20.971 [Test worker] DEBUG com.github.dockerjava.zerodep.shaded.org.apache.hc.client5.http.impl.io.PoolingHttpClientConnectionManager - ep-00000059: connection released [route: {}->unix://localhost:2375][total available: 1; route allocated: 1 of 2147483647; total allocated: 1 of 2147483647]
18:30:20.971 [Test worker] DEBUG ]]>&#x1f433;<![CDATA[ [mysql:latest] - Trying to create JDBC connection using com.mysql.cj.jdbc.Driver to jdbc:mysql://localhost:49156/adm_videos?useSSL=false&allowPublicKeyRetrieval=true with properties: {password=123456, user=root}
18:30:21.073 [Test worker] DEBUG org.testcontainers.shaded.com.github.dockerjava.core.command.AbstrDockerCmd - Cmd: b4fc7afd97457a2a6ec84592488a57f900fa52ed03fcd2dbaf8a116bc1f50ab3,false
18:30:21.073 [Test worker] DEBUG org.testcontainers.shaded.com.github.dockerjava.core.exec.InspectContainerCmdExec - GET: DefaultWebTarget{path=[/containers/b4fc7afd97457a2a6ec84592488a57f900fa52ed03fcd2dbaf8a116bc1f50ab3/json], queryParams={}}
18:30:21.074 [Test worker] DEBUG com.github.dockerjava.zerodep.shaded.org.apache.hc.client5.http.impl.classic.InternalHttpClient - ex-0000005B: preparing request execution
18:30:21.074 [Test worker] DEBUG com.github.dockerjava.zerodep.shaded.org.apache.hc.client5.http.protocol.RequestAddCookies - Cookie spec selected: strict
18:30:21.074 [Test worker] DEBUG com.github.dockerjava.zerodep.shaded.org.apache.hc.client5.http.protocol.RequestAuthCache - Auth cache not set in the context
18:30:21.074 [Test worker] DEBUG com.github.dockerjava.zerodep.shaded.org.apache.hc.client5.http.impl.classic.ProtocolExec - ex-0000005B: target auth state: UNCHALLENGED
18:30:21.074 [Test worker] DEBUG com.github.dockerjava.zerodep.shaded.org.apache.hc.client5.http.impl.classic.ProtocolExec - ex-0000005B: proxy auth state: UNCHALLENGED
18:30:21.074 [Test worker] DEBUG com.github.dockerjava.zerodep.shaded.org.apache.hc.client5.http.impl.classic.ConnectExec - ex-0000005B: acquiring connection with route {}->unix://localhost:2375
18:30:21.074 [Test worker] DEBUG com.github.dockerjava.zerodep.shaded.org.apache.hc.client5.http.impl.classic.InternalHttpClient - ex-0000005B: acquiring endpoint (3 MINUTES)
18:30:21.074 [Test worker] DEBUG com.github.dockerjava.zerodep.shaded.org.apache.hc.client5.http.impl.io.PoolingHttpClientConnectionManager - ex-0000005B: endpoint lease request (3 MINUTES) [route: {}->unix://localhost:2375][total available: 1; route allocated: 1 of 2147483647; total allocated: 1 of 2147483647]
18:30:21.074 [Test worker] DEBUG com.github.dockerjava.zerodep.shaded.org.apache.hc.client5.http.impl.io.PoolingHttpClientConnectionManager - ex-0000005B: endpoint leased [route: {}->unix://localhost:2375][total available: 0; route allocated: 1 of 2147483647; total allocated: 1 of 2147483647]
18:30:21.074 [Test worker] DEBUG com.github.dockerjava.zerodep.shaded.org.apache.hc.client5.http.impl.io.PoolingHttpClientConnectionManager - ex-0000005B: acquired ep-0000005A
18:30:21.074 [Test worker] DEBUG com.github.dockerjava.zerodep.shaded.org.apache.hc.client5.http.impl.classic.InternalHttpClient - ex-0000005B: acquired endpoint ep-0000005A
18:30:21.074 [Test worker] DEBUG com.github.dockerjava.zerodep.shaded.org.apache.hc.client5.http.impl.classic.MainClientExec - ex-0000005B: executing GET /v1.32/containers/b4fc7afd97457a2a6ec84592488a57f900fa52ed03fcd2dbaf8a116bc1f50ab3/json HTTP/1.1
18:30:21.074 [Test worker] DEBUG com.github.dockerjava.zerodep.shaded.org.apache.hc.client5.http.impl.classic.InternalHttpClient - ep-0000005A: start execution ex-0000005B
18:30:21.074 [Test worker] DEBUG com.github.dockerjava.zerodep.shaded.org.apache.hc.client5.http.impl.io.PoolingHttpClientConnectionManager - ep-0000005A: executing exchange ex-0000005B over http-outgoing-1
18:30:21.074 [Test worker] DEBUG com.github.dockerjava.zerodep.shaded.org.apache.hc.client5.http.headers - http-outgoing-1 >> GET /v1.32/containers/b4fc7afd97457a2a6ec84592488a57f900fa52ed03fcd2dbaf8a116bc1f50ab3/json HTTP/1.1
18:30:21.074 [Test worker] DEBUG com.github.dockerjava.zerodep.shaded.org.apache.hc.client5.http.headers - http-outgoing-1 >> accept: application/json
18:30:21.074 [Test worker] DEBUG com.github.dockerjava.zerodep.shaded.org.apache.hc.client5.http.headers - http-outgoing-1 >> x-tc-sid: cdd139c9-cde1-4429-bea7-edb0e651ba16
18:30:21.074 [Test worker] DEBUG com.github.dockerjava.zerodep.shaded.org.apache.hc.client5.http.headers - http-outgoing-1 >> Accept-Encoding: gzip, x-gzip, deflate
18:30:21.074 [Test worker] DEBUG com.github.dockerjava.zerodep.shaded.org.apache.hc.client5.http.headers - http-outgoing-1 >> Host: localhost:2375
18:30:21.074 [Test worker] DEBUG com.github.dockerjava.zerodep.shaded.org.apache.hc.client5.http.headers - http-outgoing-1 >> Connection: keep-alive
18:30:21.074 [Test worker] DEBUG com.github.dockerjava.zerodep.shaded.org.apache.hc.client5.http.headers - http-outgoing-1 >> User-Agent: Apache-HttpClient/5.0.3 (Java/17.0.2)
18:30:21.074 [Test worker] DEBUG com.github.dockerjava.zerodep.shaded.org.apache.hc.client5.http.wire - http-outgoing-1 >> "GET /v1.32/containers/b4fc7afd97457a2a6ec84592488a57f900fa52ed03fcd2dbaf8a116bc1f50ab3/json HTTP/1.1[\r][\n]"
18:30:21.074 [Test worker] DEBUG com.github.dockerjava.zerodep.shaded.org.apache.hc.client5.http.wire - http-outgoing-1 >> "accept: application/json[\r][\n]"
18:30:21.074 [Test worker] DEBUG com.github.dockerjava.zerodep.shaded.org.apache.hc.client5.http.wire - http-outgoing-1 >> "x-tc-sid: cdd139c9-cde1-4429-bea7-edb0e651ba16[\r][\n]"
18:30:21.074 [Test worker] DEBUG com.github.dockerjava.zerodep.shaded.org.apache.hc.client5.http.wire - http-outgoing-1 >> "Accept-Encoding: gzip, x-gzip, deflate[\r][\n]"
18:30:21.074 [Test worker] DEBUG com.github.dockerjava.zerodep.shaded.org.apache.hc.client5.http.wire - http-outgoing-1 >> "Host: localhost:2375[\r][\n]"
18:30:21.074 [Test worker] DEBUG com.github.dockerjava.zerodep.shaded.org.apache.hc.client5.http.wire - http-outgoing-1 >> "Connection: keep-alive[\r][\n]"
18:30:21.074 [Test worker] DEBUG com.github.dockerjava.zerodep.shaded.org.apache.hc.client5.http.wire - http-outgoing-1 >> "User-Agent: Apache-HttpClient/5.0.3 (Java/17.0.2)[\r][\n]"
18:30:21.074 [Test worker] DEBUG com.github.dockerjava.zerodep.shaded.org.apache.hc.client5.http.wire - http-outgoing-1 >> "[\r][\n]"
18:30:21.075 [Test worker] DEBUG com.github.dockerjava.zerodep.shaded.org.apache.hc.client5.http.wire - http-outgoing-1 << "HTTP/1.1 200 OK[\r][\n]"
18:30:21.075 [Test worker] DEBUG com.github.dockerjava.zerodep.shaded.org.apache.hc.client5.http.wire - http-outgoing-1 << "Api-Version: 1.41[\r][\n]"
18:30:21.075 [Test worker] DEBUG com.github.dockerjava.zerodep.shaded.org.apache.hc.client5.http.wire - http-outgoing-1 << "Content-Type: application/json[\r][\n]"
18:30:21.075 [Test worker] DEBUG com.github.dockerjava.zerodep.shaded.org.apache.hc.client5.http.wire - http-outgoing-1 << "Docker-Experimental: false[\r][\n]"
18:30:21.075 [Test worker] DEBUG com.github.dockerjava.zerodep.shaded.org.apache.hc.client5.http.wire - http-outgoing-1 << "Ostype: linux[\r][\n]"
18:30:21.075 [Test worker] DEBUG com.github.dockerjava.zerodep.shaded.org.apache.hc.client5.http.wire - http-outgoing-1 << "Server: Docker/20.10.17 (linux)[\r][\n]"
18:30:21.075 [Test worker] DEBUG com.github.dockerjava.zerodep.shaded.org.apache.hc.client5.http.wire - http-outgoing-1 << "Date: Thu, 08 Dec 2022 21:30:21 GMT[\r][\n]"
18:30:21.075 [Test worker] DEBUG com.github.dockerjava.zerodep.shaded.org.apache.hc.client5.http.wire - http-outgoing-1 << "Transfer-Encoding: chunked[\r][\n]"
18:30:21.075 [Test worker] DEBUG com.github.dockerjava.zerodep.shaded.org.apache.hc.client5.http.wire - http-outgoing-1 << "[\r][\n]"
18:30:21.075 [Test worker] DEBUG com.github.dockerjava.zerodep.shaded.org.apache.hc.client5.http.wire - http-outgoing-1 << "18a6[\r][\n]"
18:30:21.075 [Test worker] DEBUG com.github.dockerjava.zerodep.shaded.org.apache.hc.client5.http.wire - http-outgoing-1 << "{"Id":"b4fc7afd97457a2a6ec84592488a57f900fa52ed03fcd2dbaf8a116bc1f50ab3","Created":"2022-12-08T21:30:11.801619537Z","Path":"docker-entrypoint.sh","Args":["mysqld"],"State":{"Status":"running","Running":true,"Paused":false,"Restarting":false,"OOMKilled":false,"Dead":false,"Pid":148084,"ExitCode":0,"Error":"","StartedAt":"2022-12-08T21:30:12.370762583Z","FinishedAt":"0001-01-01T00:00:00Z"},"Image":"sha256:7484689f290f1defe06b65befc54cb6ad91a667cf0af59a265ffe76c46bd0478","ResolvConfPath":"/var/lib/docker/containers/b4fc7afd97457a2a6ec84592488a57f900fa52ed03fcd2dbaf8a116bc1f50ab3/resolv.conf","HostnamePath":"/var/lib/docker/containers/b4fc7afd97457a2a6ec84592488a57f900fa52ed03fcd2dbaf8a116bc1f50ab3/hostname","HostsPath":"/var/lib/docker/containers/b4fc7afd97457a2a6ec84592488a57f900fa52ed03fcd2dbaf8a116bc1f50ab3/hosts","LogPath":"/var/lib/docker/containers/b4fc7afd97457a2a6ec84592488a57f900fa52ed03fcd2dbaf8a116bc1f50ab3/b4fc7afd97457a2a6ec84592488a57f900fa52ed03fcd2dbaf8a116bc1f50ab3-json.log","Name":"/agitated_ptolemy","RestartCount":0,"Driver":"overlay2","Platform":"linux","MountLabel":"","ProcessLabel":"","AppArmorProfile":"docker-default","ExecIDs":null,"HostConfig":{"Binds":[],"ContainerIDFile":"","LogConfig":{"Type":"json-file","Config":{}},"NetworkMode":"default","PortBindings":{"3306/tcp":[{"HostIp":"","HostPort":""}]},"RestartPolicy":{"Name":"","MaximumRetryCount":0},"AutoRemove":false,"VolumeDriver":"","VolumesFrom":[],"CapAdd":null,"CapDrop":null,"CgroupnsMode":"private","Dns":null,"DnsOptions":null,"DnsSearch":null,"ExtraHosts":[],"GroupAdd":null,"IpcMode":"shareable","Cgroup":"","Links":null,"OomScoreAdj":0,"PidMode":"","Privileged":false,"PublishAllPorts":false,"ReadonlyRootfs":false,"SecurityOpt":null,"UTSMode":"","UsernsMode":"","ShmSize":67108864,"Runtime":"runc","ConsoleSize":[0,0],"Isolation":"","CpuShares":0,"Memory":0,"NanoCpus":0,"CgroupParent":"","BlkioWeight":0,"BlkioWeightDevice":null,"BlkioDeviceReadBps":null,"BlkioDeviceWriteBps":null,"BlkioDeviceReadIOps":null,"BlkioDeviceWriteIOps":null,"CpuPeriod":0,"CpuQuota":0,"CpuRealtimePeriod":0,"CpuRealtimeRuntime":0,"CpusetCpus":"","CpusetMems":"","Devices":null,"DeviceCgroupRules":null,"DeviceRequests":null,"KernelMemory":0,"KernelMemoryTCP":0,"MemoryReservation":0,"MemorySwap":0,"MemorySwappiness":null,"OomKillDisable":null,"PidsLimit":null,"Ulimits":null,"CpuCount":0,"CpuPercent":0,"IOMaximumIOps":0,"IOMaximumBandwidth":0,"MaskedPaths":["/proc/asound","/proc/acpi","/proc/kcore","/proc/keys","/proc/latency_stats","/proc/timer_list","/proc/timer_stats","/proc/sched_debug","/proc/scsi","/sys/firmware"],"ReadonlyPaths":["/proc/bus","/proc/fs","/proc/irq","/proc/sys","/proc/sysrq-trigger"]},"GraphDriver":{"Data":{"LowerDir":"/var/lib/docker/overlay2/05794d51525f65619c615558ef5f93d7c33eef44e12313fdcb3942911d0b5f7d-init/diff:/var/lib/docker/overlay2/f079a69cfd5e80e906b12f05a0c7bfaabc56ce63e947db68b722ae30905f1239/diff:/var/lib/docker/overlay2/9dfb63d6bb556846a13012421dde7951ef83a14d8ce1882287cce66f0f9bd055/diff:/var/lib/docker/overlay2/c4f8874ae33ddd14488f5051cd953acc020fa00ea72d28bd530450c0bc8f9903/diff:/var/lib/docker/overlay2/992683766b46aa5653160e6a34283b579a75000e230890d0ec0a6204af735697/diff:/var/lib/docker/overlay2/6e3fba0e1d6501c91c9bec723bb1364f75599c6c2026a6dc71773c88a49f890a/diff:/var/lib/docker/overlay2/c6c2a366f45a69704761d45d296d71bf2bf315efb15cb06ad88925ed235fad81/diff:/var/lib/docker/overlay2/7555f9b18615244719d04b23296ba418195e5e569d47baf9f1da7c3f053fe194/diff:/var/lib/docker/overlay2/7752eb17f8f8ba44a5ed178f499901fa7eb6f2e031c29ab160ee4eff4db8edaa/diff:/var/lib/docker/overlay2/9683de8b3733106f256bd0eabc7cae13623b14493b9212e863449d42b8a87390/diff:/var/lib/docker/overlay2/f5e28e407d8811526fb7dd82e4fed08d5d3124c0f22f1a9496ed27b2b457d3dd/diff:/var/lib/docker/overlay2/e2980c91c6b3331cff3994ca6f327955bb5feaef0f96bc64edce80631fdbf829/diff","MergedDir":"/var/lib/docker/overlay2/05794d51525f65619c615558ef5f93d7c33eef44e12313fdcb3942911d0b5f7d/merged","UpperDir":"/var/lib/docker/overlay2/05794d51525f65619c615558ef5f93d7c33eef44e12313fdcb3942911d0b5f7d/diff","WorkDir":"/var/lib/docker/overlay2/05794d51525f65619c615558ef5f93d7c33eef44e12313fdcb3942911d0b5f7d/work"},"Name":"overlay2"},"Mounts":[{"Type":"volume","Name":"fe29345a30f82a1c969c40b069133e9d87168ce95967d67ac182ee42c059affb","Source":"/var/lib/docker/volumes/fe29345a30f82a1c969c40b069133e9d87168ce95967d67ac182ee42c059affb/_data","Destination":"/var/lib/mysql","Driver":"local","Mode":"","RW":true,"Propagation":""}],"Config":{"Hostname":"b4fc7afd9745","Domainname":"","User":"","AttachStdin":false,"AttachStdout":false,"AttachStderr":false,"ExposedPorts":{"3306/tcp":{},"33060/tcp":{}},"Tty":false,"OpenStdin":false,"StdinOnce":false,"Env":["MYSQL_DATABASE=adm_videos","MYSQL_PASSWORD=123456","MYSQL_ROOT_PASSWORD=123456","PATH=/usr/local/sbin:/usr/local/bin:/usr/sbin:/usr/bin:/sbin:/bin","GOSU_VERSION=1.14","MYSQL_MAJOR=8.0","MYSQL_VERSION=8.0.31-1.el8","MYSQL_SHELL_VERSION=8.0.31-1.el8"],"Cmd":["mysqld"],"Image":"mysql:latest","Volumes":{"/var/lib/mysql":{}},"WorkingDir":"","Entrypoint":["docker-entrypoint.sh"],"OnBuild":null,"Labels":{"org.testcontainers":"true","org.testcontainers.sessionId":"cdd139c9-cde1-4429-bea7-edb0e651ba16"}},"NetworkSettings":{"Bridge":"","SandboxID":"8404ec7d59006489fa5b6638879180586e9aa24c1c3ae79d40e26a8f453c93b1","HairpinMode":false,"LinkLocalIPv6Address":"","LinkLocalIPv6PrefixLen":0,"Ports":{"3306/tcp":[{"HostIp":"0.0.0.0","HostPort":"49156"},{"HostIp":"::","HostPort":"49156"}],"33060/tcp":null},"SandboxKey":"/var/run/docker/netns/8404ec7d5900","SecondaryIPAddresses":null,"SecondaryIPv6Addresses":null,"EndpointID":"28c851b70d88131a783e3d87b7c50320df5f3250ebca621b1b39353a2424212a","Gateway":"172.17.0.1","GlobalIPv6Address":"","GlobalIPv6PrefixLen":0,"IPAddress":"172.17.0.3","IPPrefixLen":16,"IPv6Gateway":"","MacAddress":"02:42:ac:11:00:03","Networks":{"bridge":{"IPAMConfig":null,"Links":null,"Aliases":null,"NetworkID":"bf06afe94eca8b5ab91eae0dbaa8561a6dd16832d429dcdbaa7ed1e003cfbe56","EndpointID":"28c851b70d88131a783e3d87b7c50320df5f3250ebca621b1b39353a2424212a","Gateway":"172.17.0.1","IPAddress":"172.17.0.3","IPPrefixLen":16,"IPv6Gateway":"","GlobalIPv6Address":"","GlobalIPv6PrefixLen":0,"MacAddress":"02:42:ac:11:00:03","DriverOpts":null}}}}[\n]"
18:30:21.075 [Test worker] DEBUG com.github.dockerjava.zerodep.shaded.org.apache.hc.client5.http.wire - http-outgoing-1 << "[\r][\n]"
18:30:21.075 [Test worker] DEBUG com.github.dockerjava.zerodep.shaded.org.apache.hc.client5.http.wire - http-outgoing-1 << "0[\r][\n]"
18:30:21.075 [Test worker] DEBUG com.github.dockerjava.zerodep.shaded.org.apache.hc.client5.http.wire - http-outgoing-1 << "[\r][\n]"
18:30:21.075 [Test worker] DEBUG com.github.dockerjava.zerodep.shaded.org.apache.hc.client5.http.headers - http-outgoing-1 << HTTP/1.1 200 OK
18:30:21.075 [Test worker] DEBUG com.github.dockerjava.zerodep.shaded.org.apache.hc.client5.http.headers - http-outgoing-1 << Api-Version: 1.41
18:30:21.075 [Test worker] DEBUG com.github.dockerjava.zerodep.shaded.org.apache.hc.client5.http.headers - http-outgoing-1 << Content-Type: application/json
18:30:21.075 [Test worker] DEBUG com.github.dockerjava.zerodep.shaded.org.apache.hc.client5.http.headers - http-outgoing-1 << Docker-Experimental: false
18:30:21.075 [Test worker] DEBUG com.github.dockerjava.zerodep.shaded.org.apache.hc.client5.http.headers - http-outgoing-1 << Ostype: linux
18:30:21.075 [Test worker] DEBUG com.github.dockerjava.zerodep.shaded.org.apache.hc.client5.http.headers - http-outgoing-1 << Server: Docker/20.10.17 (linux)
18:30:21.075 [Test worker] DEBUG com.github.dockerjava.zerodep.shaded.org.apache.hc.client5.http.headers - http-outgoing-1 << Date: Thu, 08 Dec 2022 21:30:21 GMT
18:30:21.075 [Test worker] DEBUG com.github.dockerjava.zerodep.shaded.org.apache.hc.client5.http.headers - http-outgoing-1 << Transfer-Encoding: chunked
18:30:21.075 [Test worker] DEBUG com.github.dockerjava.zerodep.shaded.org.apache.hc.client5.http.impl.classic.MainClientExec - ex-0000005B: connection can be kept alive for 3 MINUTES
18:30:21.076 [Test worker] DEBUG com.github.dockerjava.zerodep.shaded.org.apache.hc.client5.http.impl.classic.InternalHttpClient - ep-0000005A: releasing valid endpoint
18:30:21.076 [Test worker] DEBUG com.github.dockerjava.zerodep.shaded.org.apache.hc.client5.http.impl.io.PoolingHttpClientConnectionManager - ep-0000005A: releasing endpoint
18:30:21.076 [Test worker] DEBUG com.github.dockerjava.zerodep.shaded.org.apache.hc.client5.http.impl.io.PoolingHttpClientConnectionManager - ep-0000005A: connection http-outgoing-1 can be kept alive for 3 MINUTES
18:30:21.076 [Test worker] DEBUG com.github.dockerjava.zerodep.shaded.org.apache.hc.client5.http.impl.io.PoolingHttpClientConnectionManager - ep-0000005A: connection released [route: {}->unix://localhost:2375][total available: 1; route allocated: 1 of 2147483647; total allocated: 1 of 2147483647]
18:30:21.076 [Test worker] DEBUG ]]>&#x1f433;<![CDATA[ [mysql:latest] - Trying to create JDBC connection using com.mysql.cj.jdbc.Driver to jdbc:mysql://localhost:49156/adm_videos?useSSL=false&allowPublicKeyRetrieval=true with properties: {password=123456, user=root}
18:30:21.178 [Test worker] DEBUG org.testcontainers.shaded.com.github.dockerjava.core.command.AbstrDockerCmd - Cmd: b4fc7afd97457a2a6ec84592488a57f900fa52ed03fcd2dbaf8a116bc1f50ab3,false
18:30:21.178 [Test worker] DEBUG org.testcontainers.shaded.com.github.dockerjava.core.exec.InspectContainerCmdExec - GET: DefaultWebTarget{path=[/containers/b4fc7afd97457a2a6ec84592488a57f900fa52ed03fcd2dbaf8a116bc1f50ab3/json], queryParams={}}
18:30:21.179 [Test worker] DEBUG com.github.dockerjava.zerodep.shaded.org.apache.hc.client5.http.impl.classic.InternalHttpClient - ex-0000005C: preparing request execution
18:30:21.179 [Test worker] DEBUG com.github.dockerjava.zerodep.shaded.org.apache.hc.client5.http.protocol.RequestAddCookies - Cookie spec selected: strict
18:30:21.179 [Test worker] DEBUG com.github.dockerjava.zerodep.shaded.org.apache.hc.client5.http.protocol.RequestAuthCache - Auth cache not set in the context
18:30:21.179 [Test worker] DEBUG com.github.dockerjava.zerodep.shaded.org.apache.hc.client5.http.impl.classic.ProtocolExec - ex-0000005C: target auth state: UNCHALLENGED
18:30:21.179 [Test worker] DEBUG com.github.dockerjava.zerodep.shaded.org.apache.hc.client5.http.impl.classic.ProtocolExec - ex-0000005C: proxy auth state: UNCHALLENGED
18:30:21.179 [Test worker] DEBUG com.github.dockerjava.zerodep.shaded.org.apache.hc.client5.http.impl.classic.ConnectExec - ex-0000005C: acquiring connection with route {}->unix://localhost:2375
18:30:21.179 [Test worker] DEBUG com.github.dockerjava.zerodep.shaded.org.apache.hc.client5.http.impl.classic.InternalHttpClient - ex-0000005C: acquiring endpoint (3 MINUTES)
18:30:21.179 [Test worker] DEBUG com.github.dockerjava.zerodep.shaded.org.apache.hc.client5.http.impl.io.PoolingHttpClientConnectionManager - ex-0000005C: endpoint lease request (3 MINUTES) [route: {}->unix://localhost:2375][total available: 1; route allocated: 1 of 2147483647; total allocated: 1 of 2147483647]
18:30:21.179 [Test worker] DEBUG com.github.dockerjava.zerodep.shaded.org.apache.hc.client5.http.impl.io.PoolingHttpClientConnectionManager - ex-0000005C: endpoint leased [route: {}->unix://localhost:2375][total available: 0; route allocated: 1 of 2147483647; total allocated: 1 of 2147483647]
18:30:21.179 [Test worker] DEBUG com.github.dockerjava.zerodep.shaded.org.apache.hc.client5.http.impl.io.PoolingHttpClientConnectionManager - ex-0000005C: acquired ep-0000005B
18:30:21.179 [Test worker] DEBUG com.github.dockerjava.zerodep.shaded.org.apache.hc.client5.http.impl.classic.InternalHttpClient - ex-0000005C: acquired endpoint ep-0000005B
18:30:21.179 [Test worker] DEBUG com.github.dockerjava.zerodep.shaded.org.apache.hc.client5.http.impl.classic.MainClientExec - ex-0000005C: executing GET /v1.32/containers/b4fc7afd97457a2a6ec84592488a57f900fa52ed03fcd2dbaf8a116bc1f50ab3/json HTTP/1.1
18:30:21.179 [Test worker] DEBUG com.github.dockerjava.zerodep.shaded.org.apache.hc.client5.http.impl.classic.InternalHttpClient - ep-0000005B: start execution ex-0000005C
18:30:21.179 [Test worker] DEBUG com.github.dockerjava.zerodep.shaded.org.apache.hc.client5.http.impl.io.PoolingHttpClientConnectionManager - ep-0000005B: executing exchange ex-0000005C over http-outgoing-1
18:30:21.179 [Test worker] DEBUG com.github.dockerjava.zerodep.shaded.org.apache.hc.client5.http.headers - http-outgoing-1 >> GET /v1.32/containers/b4fc7afd97457a2a6ec84592488a57f900fa52ed03fcd2dbaf8a116bc1f50ab3/json HTTP/1.1
18:30:21.179 [Test worker] DEBUG com.github.dockerjava.zerodep.shaded.org.apache.hc.client5.http.headers - http-outgoing-1 >> accept: application/json
18:30:21.179 [Test worker] DEBUG com.github.dockerjava.zerodep.shaded.org.apache.hc.client5.http.headers - http-outgoing-1 >> x-tc-sid: cdd139c9-cde1-4429-bea7-edb0e651ba16
18:30:21.179 [Test worker] DEBUG com.github.dockerjava.zerodep.shaded.org.apache.hc.client5.http.headers - http-outgoing-1 >> Accept-Encoding: gzip, x-gzip, deflate
18:30:21.179 [Test worker] DEBUG com.github.dockerjava.zerodep.shaded.org.apache.hc.client5.http.headers - http-outgoing-1 >> Host: localhost:2375
18:30:21.179 [Test worker] DEBUG com.github.dockerjava.zerodep.shaded.org.apache.hc.client5.http.headers - http-outgoing-1 >> Connection: keep-alive
18:30:21.179 [Test worker] DEBUG com.github.dockerjava.zerodep.shaded.org.apache.hc.client5.http.headers - http-outgoing-1 >> User-Agent: Apache-HttpClient/5.0.3 (Java/17.0.2)
18:30:21.179 [Test worker] DEBUG com.github.dockerjava.zerodep.shaded.org.apache.hc.client5.http.wire - http-outgoing-1 >> "GET /v1.32/containers/b4fc7afd97457a2a6ec84592488a57f900fa52ed03fcd2dbaf8a116bc1f50ab3/json HTTP/1.1[\r][\n]"
18:30:21.179 [Test worker] DEBUG com.github.dockerjava.zerodep.shaded.org.apache.hc.client5.http.wire - http-outgoing-1 >> "accept: application/json[\r][\n]"
18:30:21.179 [Test worker] DEBUG com.github.dockerjava.zerodep.shaded.org.apache.hc.client5.http.wire - http-outgoing-1 >> "x-tc-sid: cdd139c9-cde1-4429-bea7-edb0e651ba16[\r][\n]"
18:30:21.179 [Test worker] DEBUG com.github.dockerjava.zerodep.shaded.org.apache.hc.client5.http.wire - http-outgoing-1 >> "Accept-Encoding: gzip, x-gzip, deflate[\r][\n]"
18:30:21.179 [Test worker] DEBUG com.github.dockerjava.zerodep.shaded.org.apache.hc.client5.http.wire - http-outgoing-1 >> "Host: localhost:2375[\r][\n]"
18:30:21.179 [Test worker] DEBUG com.github.dockerjava.zerodep.shaded.org.apache.hc.client5.http.wire - http-outgoing-1 >> "Connection: keep-alive[\r][\n]"
18:30:21.179 [Test worker] DEBUG com.github.dockerjava.zerodep.shaded.org.apache.hc.client5.http.wire - http-outgoing-1 >> "User-Agent: Apache-HttpClient/5.0.3 (Java/17.0.2)[\r][\n]"
18:30:21.179 [Test worker] DEBUG com.github.dockerjava.zerodep.shaded.org.apache.hc.client5.http.wire - http-outgoing-1 >> "[\r][\n]"
18:30:21.179 [Test worker] DEBUG com.github.dockerjava.zerodep.shaded.org.apache.hc.client5.http.wire - http-outgoing-1 << "HTTP/1.1 200 OK[\r][\n]"
18:30:21.179 [Test worker] DEBUG com.github.dockerjava.zerodep.shaded.org.apache.hc.client5.http.wire - http-outgoing-1 << "Api-Version: 1.41[\r][\n]"
18:30:21.179 [Test worker] DEBUG com.github.dockerjava.zerodep.shaded.org.apache.hc.client5.http.wire - http-outgoing-1 << "Content-Type: application/json[\r][\n]"
18:30:21.179 [Test worker] DEBUG com.github.dockerjava.zerodep.shaded.org.apache.hc.client5.http.wire - http-outgoing-1 << "Docker-Experimental: false[\r][\n]"
18:30:21.179 [Test worker] DEBUG com.github.dockerjava.zerodep.shaded.org.apache.hc.client5.http.wire - http-outgoing-1 << "Ostype: linux[\r][\n]"
18:30:21.179 [Test worker] DEBUG com.github.dockerjava.zerodep.shaded.org.apache.hc.client5.http.wire - http-outgoing-1 << "Server: Docker/20.10.17 (linux)[\r][\n]"
18:30:21.179 [Test worker] DEBUG com.github.dockerjava.zerodep.shaded.org.apache.hc.client5.http.wire - http-outgoing-1 << "Date: Thu, 08 Dec 2022 21:30:21 GMT[\r][\n]"
18:30:21.179 [Test worker] DEBUG com.github.dockerjava.zerodep.shaded.org.apache.hc.client5.http.wire - http-outgoing-1 << "Transfer-Encoding: chunked[\r][\n]"
18:30:21.179 [Test worker] DEBUG com.github.dockerjava.zerodep.shaded.org.apache.hc.client5.http.wire - http-outgoing-1 << "[\r][\n]"
18:30:21.179 [Test worker] DEBUG com.github.dockerjava.zerodep.shaded.org.apache.hc.client5.http.wire - http-outgoing-1 << "18a6[\r][\n]"
18:30:21.179 [Test worker] DEBUG com.github.dockerjava.zerodep.shaded.org.apache.hc.client5.http.wire - http-outgoing-1 << "{"Id":"b4fc7afd97457a2a6ec84592488a57f900fa52ed03fcd2dbaf8a116bc1f50ab3","Created":"2022-12-08T21:30:11.801619537Z","Path":"docker-entrypoint.sh","Args":["mysqld"],"State":{"Status":"running","Running":true,"Paused":false,"Restarting":false,"OOMKilled":false,"Dead":false,"Pid":148084,"ExitCode":0,"Error":"","StartedAt":"2022-12-08T21:30:12.370762583Z","FinishedAt":"0001-01-01T00:00:00Z"},"Image":"sha256:7484689f290f1defe06b65befc54cb6ad91a667cf0af59a265ffe76c46bd0478","ResolvConfPath":"/var/lib/docker/containers/b4fc7afd97457a2a6ec84592488a57f900fa52ed03fcd2dbaf8a116bc1f50ab3/resolv.conf","HostnamePath":"/var/lib/docker/containers/b4fc7afd97457a2a6ec84592488a57f900fa52ed03fcd2dbaf8a116bc1f50ab3/hostname","HostsPath":"/var/lib/docker/containers/b4fc7afd97457a2a6ec84592488a57f900fa52ed03fcd2dbaf8a116bc1f50ab3/hosts","LogPath":"/var/lib/docker/containers/b4fc7afd97457a2a6ec84592488a57f900fa52ed03fcd2dbaf8a116bc1f50ab3/b4fc7afd97457a2a6ec84592488a57f900fa52ed03fcd2dbaf8a116bc1f50ab3-json.log","Name":"/agitated_ptolemy","RestartCount":0,"Driver":"overlay2","Platform":"linux","MountLabel":"","ProcessLabel":"","AppArmorProfile":"docker-default","ExecIDs":null,"HostConfig":{"Binds":[],"ContainerIDFile":"","LogConfig":{"Type":"json-file","Config":{}},"NetworkMode":"default","PortBindings":{"3306/tcp":[{"HostIp":"","HostPort":""}]},"RestartPolicy":{"Name":"","MaximumRetryCount":0},"AutoRemove":false,"VolumeDriver":"","VolumesFrom":[],"CapAdd":null,"CapDrop":null,"CgroupnsMode":"private","Dns":null,"DnsOptions":null,"DnsSearch":null,"ExtraHosts":[],"GroupAdd":null,"IpcMode":"shareable","Cgroup":"","Links":null,"OomScoreAdj":0,"PidMode":"","Privileged":false,"PublishAllPorts":false,"ReadonlyRootfs":false,"SecurityOpt":null,"UTSMode":"","UsernsMode":"","ShmSize":67108864,"Runtime":"runc","ConsoleSize":[0,0],"Isolation":"","CpuShares":0,"Memory":0,"NanoCpus":0,"CgroupParent":"","BlkioWeight":0,"BlkioWeightDevice":null,"BlkioDeviceReadBps":null,"BlkioDeviceWriteBps":null,"BlkioDeviceReadIOps":null,"BlkioDeviceWriteIOps":null,"CpuPeriod":0,"CpuQuota":0,"CpuRealtimePeriod":0,"CpuRealtimeRuntime":0,"CpusetCpus":"","CpusetMems":"","Devices":null,"DeviceCgroupRules":null,"DeviceRequests":null,"KernelMemory":0,"KernelMemoryTCP":0,"MemoryReservation":0,"MemorySwap":0,"MemorySwappiness":null,"OomKillDisable":null,"PidsLimit":null,"Ulimits":null,"CpuCount":0,"CpuPercent":0,"IOMaximumIOps":0,"IOMaximumBandwidth":0,"MaskedPaths":["/proc/asound","/proc/acpi","/proc/kcore","/proc/keys","/proc/latency_stats","/proc/timer_list","/proc/timer_stats","/proc/sched_debug","/proc/scsi","/sys/firmware"],"ReadonlyPaths":["/proc/bus","/proc/fs","/proc/irq","/proc/sys","/proc/sysrq-trigger"]},"GraphDriver":{"Data":{"LowerDir":"/var/lib/docker/overlay2/05794d51525f65619c615558ef5f93d7c33eef44e12313fdcb3942911d0b5f7d-init/diff:/var/lib/docker/overlay2/f079a69cfd5e80e906b12f05a0c7bfaabc56ce63e947db68b722ae30905f1239/diff:/var/lib/docker/overlay2/9dfb63d6bb556846a13012421dde7951ef83a14d8ce1882287cce66f0f9bd055/diff:/var/lib/docker/overlay2/c4f8874ae33ddd14488f5051cd953acc020fa00ea72d28bd530450c0bc8f9903/diff:/var/lib/docker/overlay2/992683766b46aa5653160e6a34283b579a75000e230890d0ec0a6204af735697/diff:/var/lib/docker/overlay2/6e3fba0e1d6501c91c9bec723bb1364f75599c6c2026a6dc71773c88a49f890a/diff:/var/lib/docker/overlay2/c6c2a366f45a69704761d45d296d71bf2bf315efb15cb06ad88925ed235fad81/diff:/var/lib/docker/overlay2/7555f9b18615244719d04b23296ba418195e5e569d47baf9f1da7c3f053fe194/diff:/var/lib/docker/overlay2/7752eb17f8f8ba44a5ed178f499901fa7eb6f2e031c29ab160ee4eff4db8edaa/diff:/var/lib/docker/overlay2/9683de8b3733106f256bd0eabc7cae13623b14493b9212e863449d42b8a87390/diff:/var/lib/docker/overlay2/f5e28e407d8811526fb7dd82e4fed08d5d3124c0f22f1a9496ed27b2b457d3dd/diff:/var/lib/docker/overlay2/e2980c91c6b3331cff3994ca6f327955bb5feaef0f96bc64edce80631fdbf829/diff","MergedDir":"/var/lib/docker/overlay2/05794d51525f65619c615558ef5f93d7c33eef44e12313fdcb3942911d0b5f7d/merged","UpperDir":"/var/lib/docker/overlay2/05794d51525f65619c615558ef5f93d7c33eef44e12313fdcb3942911d0b5f7d/diff","WorkDir":"/var/lib/docker/overlay2/05794d51525f65619c615558ef5f93d7c33eef44e12313fdcb3942911d0b5f7d/work"},"Name":"overlay2"},"Mounts":[{"Type":"volume","Name":"fe29345a30f82a1c969c40b069133e9d87168ce95967d67ac182ee42c059affb","Source":"/var/lib/docker/volumes/fe29345a30f82a1c969c40b069133e9d87168ce95967d67ac182ee42c059affb/_data","Destination":"/var/lib/mysql","Driver":"local","Mode":"","RW":true,"Propagation":""}],"Config":{"Hostname":"b4fc7afd9745","Domainname":"","User":"","AttachStdin":false,"AttachStdout":false,"AttachStderr":false,"ExposedPorts":{"3306/tcp":{},"33060/tcp":{}},"Tty":false,"OpenStdin":false,"StdinOnce":false,"Env":["MYSQL_DATABASE=adm_videos","MYSQL_PASSWORD=123456","MYSQL_ROOT_PASSWORD=123456","PATH=/usr/local/sbin:/usr/local/bin:/usr/sbin:/usr/bin:/sbin:/bin","GOSU_VERSION=1.14","MYSQL_MAJOR=8.0","MYSQL_VERSION=8.0.31-1.el8","MYSQL_SHELL_VERSION=8.0.31-1.el8"],"Cmd":["mysqld"],"Image":"mysql:latest","Volumes":{"/var/lib/mysql":{}},"WorkingDir":"","Entrypoint":["docker-entrypoint.sh"],"OnBuild":null,"Labels":{"org.testcontainers":"true","org.testcontainers.sessionId":"cdd139c9-cde1-4429-bea7-edb0e651ba16"}},"NetworkSettings":{"Bridge":"","SandboxID":"8404ec7d59006489fa5b6638879180586e9aa24c1c3ae79d40e26a8f453c93b1","HairpinMode":false,"LinkLocalIPv6Address":"","LinkLocalIPv6PrefixLen":0,"Ports":{"3306/tcp":[{"HostIp":"0.0.0.0","HostPort":"49156"},{"HostIp":"::","HostPort":"49156"}],"33060/tcp":null},"SandboxKey":"/var/run/docker/netns/8404ec7d5900","SecondaryIPAddresses":null,"SecondaryIPv6Addresses":null,"EndpointID":"28c851b70d88131a783e3d87b7c50320df5f3250ebca621b1b39353a2424212a","Gateway":"172.17.0.1","GlobalIPv6Address":"","GlobalIPv6PrefixLen":0,"IPAddress":"172.17.0.3","IPPrefixLen":16,"IPv6Gateway":"","MacAddress":"02:42:ac:11:00:03","Networks":{"bridge":{"IPAMConfig":null,"Links":null,"Aliases":null,"NetworkID":"bf06afe94eca8b5ab91eae0dbaa8561a6dd16832d429dcdbaa7ed1e003cfbe56","EndpointID":"28c851b70d88131a783e3d87b7c50320df5f3250ebca621b1b39353a2424212a","Gateway":"172.17.0.1","IPAddress":"172.17.0.3","IPPrefixLen":16,"IPv6Gateway":"","GlobalIPv6Address":"","GlobalIPv6PrefixLen":0,"MacAddress":"02:42:ac:11:00:03","DriverOpts":null}}}}[\n]"
18:30:21.179 [Test worker] DEBUG com.github.dockerjava.zerodep.shaded.org.apache.hc.client5.http.wire - http-outgoing-1 << "[\r][\n]"
18:30:21.179 [Test worker] DEBUG com.github.dockerjava.zerodep.shaded.org.apache.hc.client5.http.wire - http-outgoing-1 << "0[\r][\n]"
18:30:21.179 [Test worker] DEBUG com.github.dockerjava.zerodep.shaded.org.apache.hc.client5.http.wire - http-outgoing-1 << "[\r][\n]"
18:30:21.179 [Test worker] DEBUG com.github.dockerjava.zerodep.shaded.org.apache.hc.client5.http.headers - http-outgoing-1 << HTTP/1.1 200 OK
18:30:21.179 [Test worker] DEBUG com.github.dockerjava.zerodep.shaded.org.apache.hc.client5.http.headers - http-outgoing-1 << Api-Version: 1.41
18:30:21.179 [Test worker] DEBUG com.github.dockerjava.zerodep.shaded.org.apache.hc.client5.http.headers - http-outgoing-1 << Content-Type: application/json
18:30:21.179 [Test worker] DEBUG com.github.dockerjava.zerodep.shaded.org.apache.hc.client5.http.headers - http-outgoing-1 << Docker-Experimental: false
18:30:21.179 [Test worker] DEBUG com.github.dockerjava.zerodep.shaded.org.apache.hc.client5.http.headers - http-outgoing-1 << Ostype: linux
18:30:21.179 [Test worker] DEBUG com.github.dockerjava.zerodep.shaded.org.apache.hc.client5.http.headers - http-outgoing-1 << Server: Docker/20.10.17 (linux)
18:30:21.179 [Test worker] DEBUG com.github.dockerjava.zerodep.shaded.org.apache.hc.client5.http.headers - http-outgoing-1 << Date: Thu, 08 Dec 2022 21:30:21 GMT
18:30:21.179 [Test worker] DEBUG com.github.dockerjava.zerodep.shaded.org.apache.hc.client5.http.headers - http-outgoing-1 << Transfer-Encoding: chunked
18:30:21.180 [Test worker] DEBUG com.github.dockerjava.zerodep.shaded.org.apache.hc.client5.http.impl.classic.MainClientExec - ex-0000005C: connection can be kept alive for 3 MINUTES
18:30:21.180 [Test worker] DEBUG com.github.dockerjava.zerodep.shaded.org.apache.hc.client5.http.impl.classic.InternalHttpClient - ep-0000005B: releasing valid endpoint
18:30:21.180 [Test worker] DEBUG com.github.dockerjava.zerodep.shaded.org.apache.hc.client5.http.impl.io.PoolingHttpClientConnectionManager - ep-0000005B: releasing endpoint
18:30:21.180 [Test worker] DEBUG com.github.dockerjava.zerodep.shaded.org.apache.hc.client5.http.impl.io.PoolingHttpClientConnectionManager - ep-0000005B: connection http-outgoing-1 can be kept alive for 3 MINUTES
18:30:21.180 [Test worker] DEBUG com.github.dockerjava.zerodep.shaded.org.apache.hc.client5.http.impl.io.PoolingHttpClientConnectionManager - ep-0000005B: connection released [route: {}->unix://localhost:2375][total available: 1; route allocated: 1 of 2147483647; total allocated: 1 of 2147483647]
18:30:21.180 [Test worker] DEBUG ]]>&#x1f433;<![CDATA[ [mysql:latest] - Trying to create JDBC connection using com.mysql.cj.jdbc.Driver to jdbc:mysql://localhost:49156/adm_videos?useSSL=false&allowPublicKeyRetrieval=true with properties: {password=123456, user=root}
18:30:21.281 [Test worker] DEBUG org.testcontainers.shaded.com.github.dockerjava.core.command.AbstrDockerCmd - Cmd: b4fc7afd97457a2a6ec84592488a57f900fa52ed03fcd2dbaf8a116bc1f50ab3,false
18:30:21.282 [Test worker] DEBUG org.testcontainers.shaded.com.github.dockerjava.core.exec.InspectContainerCmdExec - GET: DefaultWebTarget{path=[/containers/b4fc7afd97457a2a6ec84592488a57f900fa52ed03fcd2dbaf8a116bc1f50ab3/json], queryParams={}}
18:30:21.282 [Test worker] DEBUG com.github.dockerjava.zerodep.shaded.org.apache.hc.client5.http.impl.classic.InternalHttpClient - ex-0000005D: preparing request execution
18:30:21.282 [Test worker] DEBUG com.github.dockerjava.zerodep.shaded.org.apache.hc.client5.http.protocol.RequestAddCookies - Cookie spec selected: strict
18:30:21.282 [Test worker] DEBUG com.github.dockerjava.zerodep.shaded.org.apache.hc.client5.http.protocol.RequestAuthCache - Auth cache not set in the context
18:30:21.282 [Test worker] DEBUG com.github.dockerjava.zerodep.shaded.org.apache.hc.client5.http.impl.classic.ProtocolExec - ex-0000005D: target auth state: UNCHALLENGED
18:30:21.282 [Test worker] DEBUG com.github.dockerjava.zerodep.shaded.org.apache.hc.client5.http.impl.classic.ProtocolExec - ex-0000005D: proxy auth state: UNCHALLENGED
18:30:21.282 [Test worker] DEBUG com.github.dockerjava.zerodep.shaded.org.apache.hc.client5.http.impl.classic.ConnectExec - ex-0000005D: acquiring connection with route {}->unix://localhost:2375
18:30:21.282 [Test worker] DEBUG com.github.dockerjava.zerodep.shaded.org.apache.hc.client5.http.impl.classic.InternalHttpClient - ex-0000005D: acquiring endpoint (3 MINUTES)
18:30:21.282 [Test worker] DEBUG com.github.dockerjava.zerodep.shaded.org.apache.hc.client5.http.impl.io.PoolingHttpClientConnectionManager - ex-0000005D: endpoint lease request (3 MINUTES) [route: {}->unix://localhost:2375][total available: 1; route allocated: 1 of 2147483647; total allocated: 1 of 2147483647]
18:30:21.283 [Test worker] DEBUG com.github.dockerjava.zerodep.shaded.org.apache.hc.client5.http.impl.io.PoolingHttpClientConnectionManager - ex-0000005D: endpoint leased [route: {}->unix://localhost:2375][total available: 0; route allocated: 1 of 2147483647; total allocated: 1 of 2147483647]
18:30:21.283 [Test worker] DEBUG com.github.dockerjava.zerodep.shaded.org.apache.hc.client5.http.impl.io.PoolingHttpClientConnectionManager - ex-0000005D: acquired ep-0000005C
18:30:21.283 [Test worker] DEBUG com.github.dockerjava.zerodep.shaded.org.apache.hc.client5.http.impl.classic.InternalHttpClient - ex-0000005D: acquired endpoint ep-0000005C
18:30:21.283 [Test worker] DEBUG com.github.dockerjava.zerodep.shaded.org.apache.hc.client5.http.impl.classic.MainClientExec - ex-0000005D: executing GET /v1.32/containers/b4fc7afd97457a2a6ec84592488a57f900fa52ed03fcd2dbaf8a116bc1f50ab3/json HTTP/1.1
18:30:21.283 [Test worker] DEBUG com.github.dockerjava.zerodep.shaded.org.apache.hc.client5.http.impl.classic.InternalHttpClient - ep-0000005C: start execution ex-0000005D
18:30:21.283 [Test worker] DEBUG com.github.dockerjava.zerodep.shaded.org.apache.hc.client5.http.impl.io.PoolingHttpClientConnectionManager - ep-0000005C: executing exchange ex-0000005D over http-outgoing-1
18:30:21.283 [Test worker] DEBUG com.github.dockerjava.zerodep.shaded.org.apache.hc.client5.http.headers - http-outgoing-1 >> GET /v1.32/containers/b4fc7afd97457a2a6ec84592488a57f900fa52ed03fcd2dbaf8a116bc1f50ab3/json HTTP/1.1
18:30:21.283 [Test worker] DEBUG com.github.dockerjava.zerodep.shaded.org.apache.hc.client5.http.headers - http-outgoing-1 >> accept: application/json
18:30:21.283 [Test worker] DEBUG com.github.dockerjava.zerodep.shaded.org.apache.hc.client5.http.headers - http-outgoing-1 >> x-tc-sid: cdd139c9-cde1-4429-bea7-edb0e651ba16
18:30:21.283 [Test worker] DEBUG com.github.dockerjava.zerodep.shaded.org.apache.hc.client5.http.headers - http-outgoing-1 >> Accept-Encoding: gzip, x-gzip, deflate
18:30:21.283 [Test worker] DEBUG com.github.dockerjava.zerodep.shaded.org.apache.hc.client5.http.headers - http-outgoing-1 >> Host: localhost:2375
18:30:21.283 [Test worker] DEBUG com.github.dockerjava.zerodep.shaded.org.apache.hc.client5.http.headers - http-outgoing-1 >> Connection: keep-alive
18:30:21.283 [Test worker] DEBUG com.github.dockerjava.zerodep.shaded.org.apache.hc.client5.http.headers - http-outgoing-1 >> User-Agent: Apache-HttpClient/5.0.3 (Java/17.0.2)
18:30:21.283 [Test worker] DEBUG com.github.dockerjava.zerodep.shaded.org.apache.hc.client5.http.wire - http-outgoing-1 >> "GET /v1.32/containers/b4fc7afd97457a2a6ec84592488a57f900fa52ed03fcd2dbaf8a116bc1f50ab3/json HTTP/1.1[\r][\n]"
18:30:21.283 [Test worker] DEBUG com.github.dockerjava.zerodep.shaded.org.apache.hc.client5.http.wire - http-outgoing-1 >> "accept: application/json[\r][\n]"
18:30:21.283 [Test worker] DEBUG com.github.dockerjava.zerodep.shaded.org.apache.hc.client5.http.wire - http-outgoing-1 >> "x-tc-sid: cdd139c9-cde1-4429-bea7-edb0e651ba16[\r][\n]"
18:30:21.283 [Test worker] DEBUG com.github.dockerjava.zerodep.shaded.org.apache.hc.client5.http.wire - http-outgoing-1 >> "Accept-Encoding: gzip, x-gzip, deflate[\r][\n]"
18:30:21.283 [Test worker] DEBUG com.github.dockerjava.zerodep.shaded.org.apache.hc.client5.http.wire - http-outgoing-1 >> "Host: localhost:2375[\r][\n]"
18:30:21.283 [Test worker] DEBUG com.github.dockerjava.zerodep.shaded.org.apache.hc.client5.http.wire - http-outgoing-1 >> "Connection: keep-alive[\r][\n]"
18:30:21.283 [Test worker] DEBUG com.github.dockerjava.zerodep.shaded.org.apache.hc.client5.http.wire - http-outgoing-1 >> "User-Agent: Apache-HttpClient/5.0.3 (Java/17.0.2)[\r][\n]"
18:30:21.283 [Test worker] DEBUG com.github.dockerjava.zerodep.shaded.org.apache.hc.client5.http.wire - http-outgoing-1 >> "[\r][\n]"
18:30:21.284 [Test worker] DEBUG com.github.dockerjava.zerodep.shaded.org.apache.hc.client5.http.wire - http-outgoing-1 << "HTTP/1.1 200 OK[\r][\n]"
18:30:21.284 [Test worker] DEBUG com.github.dockerjava.zerodep.shaded.org.apache.hc.client5.http.wire - http-outgoing-1 << "Api-Version: 1.41[\r][\n]"
18:30:21.284 [Test worker] DEBUG com.github.dockerjava.zerodep.shaded.org.apache.hc.client5.http.wire - http-outgoing-1 << "Content-Type: application/json[\r][\n]"
18:30:21.284 [Test worker] DEBUG com.github.dockerjava.zerodep.shaded.org.apache.hc.client5.http.wire - http-outgoing-1 << "Docker-Experimental: false[\r][\n]"
18:30:21.284 [Test worker] DEBUG com.github.dockerjava.zerodep.shaded.org.apache.hc.client5.http.wire - http-outgoing-1 << "Ostype: linux[\r][\n]"
18:30:21.284 [Test worker] DEBUG com.github.dockerjava.zerodep.shaded.org.apache.hc.client5.http.wire - http-outgoing-1 << "Server: Docker/20.10.17 (linux)[\r][\n]"
18:30:21.284 [Test worker] DEBUG com.github.dockerjava.zerodep.shaded.org.apache.hc.client5.http.wire - http-outgoing-1 << "Date: Thu, 08 Dec 2022 21:30:21 GMT[\r][\n]"
18:30:21.284 [Test worker] DEBUG com.github.dockerjava.zerodep.shaded.org.apache.hc.client5.http.wire - http-outgoing-1 << "Transfer-Encoding: chunked[\r][\n]"
18:30:21.284 [Test worker] DEBUG com.github.dockerjava.zerodep.shaded.org.apache.hc.client5.http.wire - http-outgoing-1 << "[\r][\n]"
18:30:21.284 [Test worker] DEBUG com.github.dockerjava.zerodep.shaded.org.apache.hc.client5.http.wire - http-outgoing-1 << "18a6[\r][\n]"
18:30:21.284 [Test worker] DEBUG com.github.dockerjava.zerodep.shaded.org.apache.hc.client5.http.wire - http-outgoing-1 << "{"Id":"b4fc7afd97457a2a6ec84592488a57f900fa52ed03fcd2dbaf8a116bc1f50ab3","Created":"2022-12-08T21:30:11.801619537Z","Path":"docker-entrypoint.sh","Args":["mysqld"],"State":{"Status":"running","Running":true,"Paused":false,"Restarting":false,"OOMKilled":false,"Dead":false,"Pid":148084,"ExitCode":0,"Error":"","StartedAt":"2022-12-08T21:30:12.370762583Z","FinishedAt":"0001-01-01T00:00:00Z"},"Image":"sha256:7484689f290f1defe06b65befc54cb6ad91a667cf0af59a265ffe76c46bd0478","ResolvConfPath":"/var/lib/docker/containers/b4fc7afd97457a2a6ec84592488a57f900fa52ed03fcd2dbaf8a116bc1f50ab3/resolv.conf","HostnamePath":"/var/lib/docker/containers/b4fc7afd97457a2a6ec84592488a57f900fa52ed03fcd2dbaf8a116bc1f50ab3/hostname","HostsPath":"/var/lib/docker/containers/b4fc7afd97457a2a6ec84592488a57f900fa52ed03fcd2dbaf8a116bc1f50ab3/hosts","LogPath":"/var/lib/docker/containers/b4fc7afd97457a2a6ec84592488a57f900fa52ed03fcd2dbaf8a116bc1f50ab3/b4fc7afd97457a2a6ec84592488a57f900fa52ed03fcd2dbaf8a116bc1f50ab3-json.log","Name":"/agitated_ptolemy","RestartCount":0,"Driver":"overlay2","Platform":"linux","MountLabel":"","ProcessLabel":"","AppArmorProfile":"docker-default","ExecIDs":null,"HostConfig":{"Binds":[],"ContainerIDFile":"","LogConfig":{"Type":"json-file","Config":{}},"NetworkMode":"default","PortBindings":{"3306/tcp":[{"HostIp":"","HostPort":""}]},"RestartPolicy":{"Name":"","MaximumRetryCount":0},"AutoRemove":false,"VolumeDriver":"","VolumesFrom":[],"CapAdd":null,"CapDrop":null,"CgroupnsMode":"private","Dns":null,"DnsOptions":null,"DnsSearch":null,"ExtraHosts":[],"GroupAdd":null,"IpcMode":"shareable","Cgroup":"","Links":null,"OomScoreAdj":0,"PidMode":"","Privileged":false,"PublishAllPorts":false,"ReadonlyRootfs":false,"SecurityOpt":null,"UTSMode":"","UsernsMode":"","ShmSize":67108864,"Runtime":"runc","ConsoleSize":[0,0],"Isolation":"","CpuShares":0,"Memory":0,"NanoCpus":0,"CgroupParent":"","BlkioWeight":0,"BlkioWeightDevice":null,"BlkioDeviceReadBps":null,"BlkioDeviceWriteBps":null,"BlkioDeviceReadIOps":null,"BlkioDeviceWriteIOps":null,"CpuPeriod":0,"CpuQuota":0,"CpuRealtimePeriod":0,"CpuRealtimeRuntime":0,"CpusetCpus":"","CpusetMems":"","Devices":null,"DeviceCgroupRules":null,"DeviceRequests":null,"KernelMemory":0,"KernelMemoryTCP":0,"MemoryReservation":0,"MemorySwap":0,"MemorySwappiness":null,"OomKillDisable":null,"PidsLimit":null,"Ulimits":null,"CpuCount":0,"CpuPercent":0,"IOMaximumIOps":0,"IOMaximumBandwidth":0,"MaskedPaths":["/proc/asound","/proc/acpi","/proc/kcore","/proc/keys","/proc/latency_stats","/proc/timer_list","/proc/timer_stats","/proc/sched_debug","/proc/scsi","/sys/firmware"],"ReadonlyPaths":["/proc/bus","/proc/fs","/proc/irq","/proc/sys","/proc/sysrq-trigger"]},"GraphDriver":{"Data":{"LowerDir":"/var/lib/docker/overlay2/05794d51525f65619c615558ef5f93d7c33eef44e12313fdcb3942911d0b5f7d-init/diff:/var/lib/docker/overlay2/f079a69cfd5e80e906b12f05a0c7bfaabc56ce63e947db68b722ae30905f1239/diff:/var/lib/docker/overlay2/9dfb63d6bb556846a13012421dde7951ef83a14d8ce1882287cce66f0f9bd055/diff:/var/lib/docker/overlay2/c4f8874ae33ddd14488f5051cd953acc020fa00ea72d28bd530450c0bc8f9903/diff:/var/lib/docker/overlay2/992683766b46aa5653160e6a34283b579a75000e230890d0ec0a6204af735697/diff:/var/lib/docker/overlay2/6e3fba0e1d6501c91c9bec723bb1364f75599c6c2026a6dc71773c88a49f890a/diff:/var/lib/docker/overlay2/c6c2a366f45a69704761d45d296d71bf2bf315efb15cb06ad88925ed235fad81/diff:/var/lib/docker/overlay2/7555f9b18615244719d04b23296ba418195e5e569d47baf9f1da7c3f053fe194/diff:/var/lib/docker/overlay2/7752eb17f8f8ba44a5ed178f499901fa7eb6f2e031c29ab160ee4eff4db8edaa/diff:/var/lib/docker/overlay2/9683de8b3733106f256bd0eabc7cae13623b14493b9212e863449d42b8a87390/diff:/var/lib/docker/overlay2/f5e28e407d8811526fb7dd82e4fed08d5d3124c0f22f1a9496ed27b2b457d3dd/diff:/var/lib/docker/overlay2/e2980c91c6b3331cff3994ca6f327955bb5feaef0f96bc64edce80631fdbf829/diff","MergedDir":"/var/lib/docker/overlay2/05794d51525f65619c615558ef5f93d7c33eef44e12313fdcb3942911d0b5f7d/merged","UpperDir":"/var/lib/docker/overlay2/05794d51525f65619c615558ef5f93d7c33eef44e12313fdcb3942911d0b5f7d/diff","WorkDir":"/var/lib/docker/overlay2/05794d51525f65619c615558ef5f93d7c33eef44e12313fdcb3942911d0b5f7d/work"},"Name":"overlay2"},"Mounts":[{"Type":"volume","Name":"fe29345a30f82a1c969c40b069133e9d87168ce95967d67ac182ee42c059affb","Source":"/var/lib/docker/volumes/fe29345a30f82a1c969c40b069133e9d87168ce95967d67ac182ee42c059affb/_data","Destination":"/var/lib/mysql","Driver":"local","Mode":"","RW":true,"Propagation":""}],"Config":{"Hostname":"b4fc7afd9745","Domainname":"","User":"","AttachStdin":false,"AttachStdout":false,"AttachStderr":false,"ExposedPorts":{"3306/tcp":{},"33060/tcp":{}},"Tty":false,"OpenStdin":false,"StdinOnce":false,"Env":["MYSQL_DATABASE=adm_videos","MYSQL_PASSWORD=123456","MYSQL_ROOT_PASSWORD=123456","PATH=/usr/local/sbin:/usr/local/bin:/usr/sbin:/usr/bin:/sbin:/bin","GOSU_VERSION=1.14","MYSQL_MAJOR=8.0","MYSQL_VERSION=8.0.31-1.el8","MYSQL_SHELL_VERSION=8.0.31-1.el8"],"Cmd":["mysqld"],"Image":"mysql:latest","Volumes":{"/var/lib/mysql":{}},"WorkingDir":"","Entrypoint":["docker-entrypoint.sh"],"OnBuild":null,"Labels":{"org.testcontainers":"true","org.testcontainers.sessionId":"cdd139c9-cde1-4429-bea7-edb0e651ba16"}},"NetworkSettings":{"Bridge":"","SandboxID":"8404ec7d59006489fa5b6638879180586e9aa24c1c3ae79d40e26a8f453c93b1","HairpinMode":false,"LinkLocalIPv6Address":"","LinkLocalIPv6PrefixLen":0,"Ports":{"3306/tcp":[{"HostIp":"0.0.0.0","HostPort":"49156"},{"HostIp":"::","HostPort":"49156"}],"33060/tcp":null},"SandboxKey":"/var/run/docker/netns/8404ec7d5900","SecondaryIPAddresses":null,"SecondaryIPv6Addresses":null,"EndpointID":"28c851b70d88131a783e3d87b7c50320df5f3250ebca621b1b39353a2424212a","Gateway":"172.17.0.1","GlobalIPv6Address":"","GlobalIPv6PrefixLen":0,"IPAddress":"172.17.0.3","IPPrefixLen":16,"IPv6Gateway":"","MacAddress":"02:42:ac:11:00:03","Networks":{"bridge":{"IPAMConfig":null,"Links":null,"Aliases":null,"NetworkID":"bf06afe94eca8b5ab91eae0dbaa8561a6dd16832d429dcdbaa7ed1e003cfbe56","EndpointID":"28c851b70d88131a783e3d87b7c50320df5f3250ebca621b1b39353a2424212a","Gateway":"172.17.0.1","IPAddress":"172.17.0.3","IPPrefixLen":16,"IPv6Gateway":"","GlobalIPv6Address":"","GlobalIPv6PrefixLen":0,"MacAddress":"02:42:ac:11:00:03","DriverOpts":null}}}}[\n]"
18:30:21.284 [Test worker] DEBUG com.github.dockerjava.zerodep.shaded.org.apache.hc.client5.http.wire - http-outgoing-1 << "[\r][\n]"
18:30:21.284 [Test worker] DEBUG com.github.dockerjava.zerodep.shaded.org.apache.hc.client5.http.wire - http-outgoing-1 << "0[\r][\n]"
18:30:21.284 [Test worker] DEBUG com.github.dockerjava.zerodep.shaded.org.apache.hc.client5.http.wire - http-outgoing-1 << "[\r][\n]"
18:30:21.284 [Test worker] DEBUG com.github.dockerjava.zerodep.shaded.org.apache.hc.client5.http.headers - http-outgoing-1 << HTTP/1.1 200 OK
18:30:21.284 [Test worker] DEBUG com.github.dockerjava.zerodep.shaded.org.apache.hc.client5.http.headers - http-outgoing-1 << Api-Version: 1.41
18:30:21.284 [Test worker] DEBUG com.github.dockerjava.zerodep.shaded.org.apache.hc.client5.http.headers - http-outgoing-1 << Content-Type: application/json
18:30:21.284 [Test worker] DEBUG com.github.dockerjava.zerodep.shaded.org.apache.hc.client5.http.headers - http-outgoing-1 << Docker-Experimental: false
18:30:21.284 [Test worker] DEBUG com.github.dockerjava.zerodep.shaded.org.apache.hc.client5.http.headers - http-outgoing-1 << Ostype: linux
18:30:21.284 [Test worker] DEBUG com.github.dockerjava.zerodep.shaded.org.apache.hc.client5.http.headers - http-outgoing-1 << Server: Docker/20.10.17 (linux)
18:30:21.284 [Test worker] DEBUG com.github.dockerjava.zerodep.shaded.org.apache.hc.client5.http.headers - http-outgoing-1 << Date: Thu, 08 Dec 2022 21:30:21 GMT
18:30:21.284 [Test worker] DEBUG com.github.dockerjava.zerodep.shaded.org.apache.hc.client5.http.headers - http-outgoing-1 << Transfer-Encoding: chunked
18:30:21.284 [Test worker] DEBUG com.github.dockerjava.zerodep.shaded.org.apache.hc.client5.http.impl.classic.MainClientExec - ex-0000005D: connection can be kept alive for 3 MINUTES
18:30:21.286 [Test worker] DEBUG com.github.dockerjava.zerodep.shaded.org.apache.hc.client5.http.impl.classic.InternalHttpClient - ep-0000005C: releasing valid endpoint
18:30:21.286 [Test worker] DEBUG com.github.dockerjava.zerodep.shaded.org.apache.hc.client5.http.impl.io.PoolingHttpClientConnectionManager - ep-0000005C: releasing endpoint
18:30:21.286 [Test worker] DEBUG com.github.dockerjava.zerodep.shaded.org.apache.hc.client5.http.impl.io.PoolingHttpClientConnectionManager - ep-0000005C: connection http-outgoing-1 can be kept alive for 3 MINUTES
18:30:21.286 [Test worker] DEBUG com.github.dockerjava.zerodep.shaded.org.apache.hc.client5.http.impl.io.PoolingHttpClientConnectionManager - ep-0000005C: connection released [route: {}->unix://localhost:2375][total available: 1; route allocated: 1 of 2147483647; total allocated: 1 of 2147483647]
18:30:21.286 [Test worker] DEBUG ]]>&#x1f433;<![CDATA[ [mysql:latest] - Trying to create JDBC connection using com.mysql.cj.jdbc.Driver to jdbc:mysql://localhost:49156/adm_videos?useSSL=false&allowPublicKeyRetrieval=true with properties: {password=123456, user=root}
18:30:21.388 [Test worker] DEBUG org.testcontainers.shaded.com.github.dockerjava.core.command.AbstrDockerCmd - Cmd: b4fc7afd97457a2a6ec84592488a57f900fa52ed03fcd2dbaf8a116bc1f50ab3,false
18:30:21.388 [Test worker] DEBUG org.testcontainers.shaded.com.github.dockerjava.core.exec.InspectContainerCmdExec - GET: DefaultWebTarget{path=[/containers/b4fc7afd97457a2a6ec84592488a57f900fa52ed03fcd2dbaf8a116bc1f50ab3/json], queryParams={}}
18:30:21.389 [Test worker] DEBUG com.github.dockerjava.zerodep.shaded.org.apache.hc.client5.http.impl.classic.InternalHttpClient - ex-0000005E: preparing request execution
18:30:21.389 [Test worker] DEBUG com.github.dockerjava.zerodep.shaded.org.apache.hc.client5.http.protocol.RequestAddCookies - Cookie spec selected: strict
18:30:21.389 [Test worker] DEBUG com.github.dockerjava.zerodep.shaded.org.apache.hc.client5.http.protocol.RequestAuthCache - Auth cache not set in the context
18:30:21.389 [Test worker] DEBUG com.github.dockerjava.zerodep.shaded.org.apache.hc.client5.http.impl.classic.ProtocolExec - ex-0000005E: target auth state: UNCHALLENGED
18:30:21.389 [Test worker] DEBUG com.github.dockerjava.zerodep.shaded.org.apache.hc.client5.http.impl.classic.ProtocolExec - ex-0000005E: proxy auth state: UNCHALLENGED
18:30:21.389 [Test worker] DEBUG com.github.dockerjava.zerodep.shaded.org.apache.hc.client5.http.impl.classic.ConnectExec - ex-0000005E: acquiring connection with route {}->unix://localhost:2375
18:30:21.389 [Test worker] DEBUG com.github.dockerjava.zerodep.shaded.org.apache.hc.client5.http.impl.classic.InternalHttpClient - ex-0000005E: acquiring endpoint (3 MINUTES)
18:30:21.389 [Test worker] DEBUG com.github.dockerjava.zerodep.shaded.org.apache.hc.client5.http.impl.io.PoolingHttpClientConnectionManager - ex-0000005E: endpoint lease request (3 MINUTES) [route: {}->unix://localhost:2375][total available: 1; route allocated: 1 of 2147483647; total allocated: 1 of 2147483647]
18:30:21.389 [Test worker] DEBUG com.github.dockerjava.zerodep.shaded.org.apache.hc.client5.http.impl.io.PoolingHttpClientConnectionManager - ex-0000005E: endpoint leased [route: {}->unix://localhost:2375][total available: 0; route allocated: 1 of 2147483647; total allocated: 1 of 2147483647]
18:30:21.390 [Test worker] DEBUG com.github.dockerjava.zerodep.shaded.org.apache.hc.client5.http.impl.io.PoolingHttpClientConnectionManager - ex-0000005E: acquired ep-0000005D
18:30:21.390 [Test worker] DEBUG com.github.dockerjava.zerodep.shaded.org.apache.hc.client5.http.impl.classic.InternalHttpClient - ex-0000005E: acquired endpoint ep-0000005D
18:30:21.390 [Test worker] DEBUG com.github.dockerjava.zerodep.shaded.org.apache.hc.client5.http.impl.classic.MainClientExec - ex-0000005E: executing GET /v1.32/containers/b4fc7afd97457a2a6ec84592488a57f900fa52ed03fcd2dbaf8a116bc1f50ab3/json HTTP/1.1
18:30:21.390 [Test worker] DEBUG com.github.dockerjava.zerodep.shaded.org.apache.hc.client5.http.impl.classic.InternalHttpClient - ep-0000005D: start execution ex-0000005E
18:30:21.390 [Test worker] DEBUG com.github.dockerjava.zerodep.shaded.org.apache.hc.client5.http.impl.io.PoolingHttpClientConnectionManager - ep-0000005D: executing exchange ex-0000005E over http-outgoing-1
18:30:21.390 [Test worker] DEBUG com.github.dockerjava.zerodep.shaded.org.apache.hc.client5.http.headers - http-outgoing-1 >> GET /v1.32/containers/b4fc7afd97457a2a6ec84592488a57f900fa52ed03fcd2dbaf8a116bc1f50ab3/json HTTP/1.1
18:30:21.390 [Test worker] DEBUG com.github.dockerjava.zerodep.shaded.org.apache.hc.client5.http.headers - http-outgoing-1 >> accept: application/json
18:30:21.390 [Test worker] DEBUG com.github.dockerjava.zerodep.shaded.org.apache.hc.client5.http.headers - http-outgoing-1 >> x-tc-sid: cdd139c9-cde1-4429-bea7-edb0e651ba16
18:30:21.390 [Test worker] DEBUG com.github.dockerjava.zerodep.shaded.org.apache.hc.client5.http.headers - http-outgoing-1 >> Accept-Encoding: gzip, x-gzip, deflate
18:30:21.390 [Test worker] DEBUG com.github.dockerjava.zerodep.shaded.org.apache.hc.client5.http.headers - http-outgoing-1 >> Host: localhost:2375
18:30:21.390 [Test worker] DEBUG com.github.dockerjava.zerodep.shaded.org.apache.hc.client5.http.headers - http-outgoing-1 >> Connection: keep-alive
18:30:21.390 [Test worker] DEBUG com.github.dockerjava.zerodep.shaded.org.apache.hc.client5.http.headers - http-outgoing-1 >> User-Agent: Apache-HttpClient/5.0.3 (Java/17.0.2)
18:30:21.390 [Test worker] DEBUG com.github.dockerjava.zerodep.shaded.org.apache.hc.client5.http.wire - http-outgoing-1 >> "GET /v1.32/containers/b4fc7afd97457a2a6ec84592488a57f900fa52ed03fcd2dbaf8a116bc1f50ab3/json HTTP/1.1[\r][\n]"
18:30:21.390 [Test worker] DEBUG com.github.dockerjava.zerodep.shaded.org.apache.hc.client5.http.wire - http-outgoing-1 >> "accept: application/json[\r][\n]"
18:30:21.390 [Test worker] DEBUG com.github.dockerjava.zerodep.shaded.org.apache.hc.client5.http.wire - http-outgoing-1 >> "x-tc-sid: cdd139c9-cde1-4429-bea7-edb0e651ba16[\r][\n]"
18:30:21.390 [Test worker] DEBUG com.github.dockerjava.zerodep.shaded.org.apache.hc.client5.http.wire - http-outgoing-1 >> "Accept-Encoding: gzip, x-gzip, deflate[\r][\n]"
18:30:21.390 [Test worker] DEBUG com.github.dockerjava.zerodep.shaded.org.apache.hc.client5.http.wire - http-outgoing-1 >> "Host: localhost:2375[\r][\n]"
18:30:21.390 [Test worker] DEBUG com.github.dockerjava.zerodep.shaded.org.apache.hc.client5.http.wire - http-outgoing-1 >> "Connection: keep-alive[\r][\n]"
18:30:21.390 [Test worker] DEBUG com.github.dockerjava.zerodep.shaded.org.apache.hc.client5.http.wire - http-outgoing-1 >> "User-Agent: Apache-HttpClient/5.0.3 (Java/17.0.2)[\r][\n]"
18:30:21.390 [Test worker] DEBUG com.github.dockerjava.zerodep.shaded.org.apache.hc.client5.http.wire - http-outgoing-1 >> "[\r][\n]"
18:30:21.391 [Test worker] DEBUG com.github.dockerjava.zerodep.shaded.org.apache.hc.client5.http.wire - http-outgoing-1 << "HTTP/1.1 200 OK[\r][\n]"
18:30:21.391 [Test worker] DEBUG com.github.dockerjava.zerodep.shaded.org.apache.hc.client5.http.wire - http-outgoing-1 << "Api-Version: 1.41[\r][\n]"
18:30:21.391 [Test worker] DEBUG com.github.dockerjava.zerodep.shaded.org.apache.hc.client5.http.wire - http-outgoing-1 << "Content-Type: application/json[\r][\n]"
18:30:21.391 [Test worker] DEBUG com.github.dockerjava.zerodep.shaded.org.apache.hc.client5.http.wire - http-outgoing-1 << "Docker-Experimental: false[\r][\n]"
18:30:21.391 [Test worker] DEBUG com.github.dockerjava.zerodep.shaded.org.apache.hc.client5.http.wire - http-outgoing-1 << "Ostype: linux[\r][\n]"
18:30:21.391 [Test worker] DEBUG com.github.dockerjava.zerodep.shaded.org.apache.hc.client5.http.wire - http-outgoing-1 << "Server: Docker/20.10.17 (linux)[\r][\n]"
18:30:21.391 [Test worker] DEBUG com.github.dockerjava.zerodep.shaded.org.apache.hc.client5.http.wire - http-outgoing-1 << "Date: Thu, 08 Dec 2022 21:30:21 GMT[\r][\n]"
18:30:21.391 [Test worker] DEBUG com.github.dockerjava.zerodep.shaded.org.apache.hc.client5.http.wire - http-outgoing-1 << "Transfer-Encoding: chunked[\r][\n]"
18:30:21.391 [Test worker] DEBUG com.github.dockerjava.zerodep.shaded.org.apache.hc.client5.http.wire - http-outgoing-1 << "[\r][\n]"
18:30:21.391 [Test worker] DEBUG com.github.dockerjava.zerodep.shaded.org.apache.hc.client5.http.wire - http-outgoing-1 << "18a6[\r][\n]"
18:30:21.391 [Test worker] DEBUG com.github.dockerjava.zerodep.shaded.org.apache.hc.client5.http.wire - http-outgoing-1 << "{"Id":"b4fc7afd97457a2a6ec84592488a57f900fa52ed03fcd2dbaf8a116bc1f50ab3","Created":"2022-12-08T21:30:11.801619537Z","Path":"docker-entrypoint.sh","Args":["mysqld"],"State":{"Status":"running","Running":true,"Paused":false,"Restarting":false,"OOMKilled":false,"Dead":false,"Pid":148084,"ExitCode":0,"Error":"","StartedAt":"2022-12-08T21:30:12.370762583Z","FinishedAt":"0001-01-01T00:00:00Z"},"Image":"sha256:7484689f290f1defe06b65befc54cb6ad91a667cf0af59a265ffe76c46bd0478","ResolvConfPath":"/var/lib/docker/containers/b4fc7afd97457a2a6ec84592488a57f900fa52ed03fcd2dbaf8a116bc1f50ab3/resolv.conf","HostnamePath":"/var/lib/docker/containers/b4fc7afd97457a2a6ec84592488a57f900fa52ed03fcd2dbaf8a116bc1f50ab3/hostname","HostsPath":"/var/lib/docker/containers/b4fc7afd97457a2a6ec84592488a57f900fa52ed03fcd2dbaf8a116bc1f50ab3/hosts","LogPath":"/var/lib/docker/containers/b4fc7afd97457a2a6ec84592488a57f900fa52ed03fcd2dbaf8a116bc1f50ab3/b4fc7afd97457a2a6ec84592488a57f900fa52ed03fcd2dbaf8a116bc1f50ab3-json.log","Name":"/agitated_ptolemy","RestartCount":0,"Driver":"overlay2","Platform":"linux","MountLabel":"","ProcessLabel":"","AppArmorProfile":"docker-default","ExecIDs":null,"HostConfig":{"Binds":[],"ContainerIDFile":"","LogConfig":{"Type":"json-file","Config":{}},"NetworkMode":"default","PortBindings":{"3306/tcp":[{"HostIp":"","HostPort":""}]},"RestartPolicy":{"Name":"","MaximumRetryCount":0},"AutoRemove":false,"VolumeDriver":"","VolumesFrom":[],"CapAdd":null,"CapDrop":null,"CgroupnsMode":"private","Dns":null,"DnsOptions":null,"DnsSearch":null,"ExtraHosts":[],"GroupAdd":null,"IpcMode":"shareable","Cgroup":"","Links":null,"OomScoreAdj":0,"PidMode":"","Privileged":false,"PublishAllPorts":false,"ReadonlyRootfs":false,"SecurityOpt":null,"UTSMode":"","UsernsMode":"","ShmSize":67108864,"Runtime":"runc","ConsoleSize":[0,0],"Isolation":"","CpuShares":0,"Memory":0,"NanoCpus":0,"CgroupParent":"","BlkioWeight":0,"BlkioWeightDevice":null,"BlkioDeviceReadBps":null,"BlkioDeviceWriteBps":null,"BlkioDeviceReadIOps":null,"BlkioDeviceWriteIOps":null,"CpuPeriod":0,"CpuQuota":0,"CpuRealtimePeriod":0,"CpuRealtimeRuntime":0,"CpusetCpus":"","CpusetMems":"","Devices":null,"DeviceCgroupRules":null,"DeviceRequests":null,"KernelMemory":0,"KernelMemoryTCP":0,"MemoryReservation":0,"MemorySwap":0,"MemorySwappiness":null,"OomKillDisable":null,"PidsLimit":null,"Ulimits":null,"CpuCount":0,"CpuPercent":0,"IOMaximumIOps":0,"IOMaximumBandwidth":0,"MaskedPaths":["/proc/asound","/proc/acpi","/proc/kcore","/proc/keys","/proc/latency_stats","/proc/timer_list","/proc/timer_stats","/proc/sched_debug","/proc/scsi","/sys/firmware"],"ReadonlyPaths":["/proc/bus","/proc/fs","/proc/irq","/proc/sys","/proc/sysrq-trigger"]},"GraphDriver":{"Data":{"LowerDir":"/var/lib/docker/overlay2/05794d51525f65619c615558ef5f93d7c33eef44e12313fdcb3942911d0b5f7d-init/diff:/var/lib/docker/overlay2/f079a69cfd5e80e906b12f05a0c7bfaabc56ce63e947db68b722ae30905f1239/diff:/var/lib/docker/overlay2/9dfb63d6bb556846a13012421dde7951ef83a14d8ce1882287cce66f0f9bd055/diff:/var/lib/docker/overlay2/c4f8874ae33ddd14488f5051cd953acc020fa00ea72d28bd530450c0bc8f9903/diff:/var/lib/docker/overlay2/992683766b46aa5653160e6a34283b579a75000e230890d0ec0a6204af735697/diff:/var/lib/docker/overlay2/6e3fba0e1d6501c91c9bec723bb1364f75599c6c2026a6dc71773c88a49f890a/diff:/var/lib/docker/overlay2/c6c2a366f45a69704761d45d296d71bf2bf315efb15cb06ad88925ed235fad81/diff:/var/lib/docker/overlay2/7555f9b18615244719d04b23296ba418195e5e569d47baf9f1da7c3f053fe194/diff:/var/lib/docker/overlay2/7752eb17f8f8ba44a5ed178f499901fa7eb6f2e031c29ab160ee4eff4db8edaa/diff:/var/lib/docker/overlay2/9683de8b3733106f256bd0eabc7cae13623b14493b9212e863449d42b8a87390/diff:/var/lib/docker/overlay2/f5e28e407d8811526fb7dd82e4fed08d5d3124c0f22f1a9496ed27b2b457d3dd/diff:/var/lib/docker/overlay2/e2980c91c6b3331cff3994ca6f327955bb5feaef0f96bc64edce80631fdbf829/di"
18:30:21.392 [Test worker] DEBUG com.github.dockerjava.zerodep.shaded.org.apache.hc.client5.http.headers - http-outgoing-1 << HTTP/1.1 200 OK
18:30:21.392 [Test worker] DEBUG com.github.dockerjava.zerodep.shaded.org.apache.hc.client5.http.headers - http-outgoing-1 << Api-Version: 1.41
18:30:21.392 [Test worker] DEBUG com.github.dockerjava.zerodep.shaded.org.apache.hc.client5.http.headers - http-outgoing-1 << Content-Type: application/json
18:30:21.392 [Test worker] DEBUG com.github.dockerjava.zerodep.shaded.org.apache.hc.client5.http.headers - http-outgoing-1 << Docker-Experimental: false
18:30:21.392 [Test worker] DEBUG com.github.dockerjava.zerodep.shaded.org.apache.hc.client5.http.headers - http-outgoing-1 << Ostype: linux
18:30:21.392 [Test worker] DEBUG com.github.dockerjava.zerodep.shaded.org.apache.hc.client5.http.headers - http-outgoing-1 << Server: Docker/20.10.17 (linux)
18:30:21.392 [Test worker] DEBUG com.github.dockerjava.zerodep.shaded.org.apache.hc.client5.http.headers - http-outgoing-1 << Date: Thu, 08 Dec 2022 21:30:21 GMT
18:30:21.392 [Test worker] DEBUG com.github.dockerjava.zerodep.shaded.org.apache.hc.client5.http.headers - http-outgoing-1 << Transfer-Encoding: chunked
18:30:21.392 [Test worker] DEBUG com.github.dockerjava.zerodep.shaded.org.apache.hc.client5.http.impl.classic.MainClientExec - ex-0000005E: connection can be kept alive for 3 MINUTES
18:30:21.393 [Test worker] DEBUG com.github.dockerjava.zerodep.shaded.org.apache.hc.client5.http.wire - http-outgoing-1 << "ff","MergedDir":"/var/lib/docker/overlay2/05794d51525f65619c615558ef5f93d7c33eef44e12313fdcb3942911d0b5f7d/merged","UpperDir":"/var/lib/docker/overlay2/05794d51525f65619c615558ef5f93d7c33eef44e12313fdcb3942911d0b5f7d/diff","WorkDir":"/var/lib/docker/overlay2/05794d51525f65619c615558ef5f93d7c33eef44e12313fdcb3942911d0b5f7d/work"},"Name":"overlay2"},"Mounts":[{"Type":"volume","Name":"fe29345a30f82a1c969c40b069133e9d87168ce95967d67ac182ee42c059affb","Source":"/var/lib/docker/volumes/fe29345a30f82a1c969c40b069133e9d87168ce95967d67ac182ee42c059affb/_data","Destination":"/var/lib/mysql","Driver":"local","Mode":"","RW":true,"Propagation":""}],"Config":{"Hostname":"b4fc7afd9745","Domainname":"","User":"","AttachStdin":false,"AttachStdout":false,"AttachStderr":false,"ExposedPorts":{"3306/tcp":{},"33060/tcp":{}},"Tty":false,"OpenStdin":false,"StdinOnce":false,"Env":["MYSQL_DATABASE=adm_videos","MYSQL_PASSWORD=123456","MYSQL_ROOT_PASSWORD=123456","PATH=/usr/local/sbin:/usr/local/bin:/usr/sbin:/usr/bin:/sbin:/bin","GOSU_VERSION=1.14","MYSQL_MAJOR=8.0","MYSQL_VERSION=8.0.31-1.el8","MYSQL_SHELL_VERSION=8.0.31-1.el8"],"Cmd":["mysqld"],"Image":"mysql:latest","Volumes":{"/var/lib/mysql":{}},"WorkingDir":"","Entrypoint":["docker-entrypoint.sh"],"OnBuild":null,"Labels":{"org.testcontainers":"true","org.testcontainers.sessionId":"cdd139c9-cde1-4429-bea7-edb0e651ba16"}},"NetworkSettings":{"Bridge":"","SandboxID":"8404ec7d59006489fa5b6638879180586e9aa24c1c3ae79d40e26a8f453c93b1","HairpinMode":false,"LinkLocalIPv6Address":"","LinkLocalIPv6PrefixLen":0,"Ports":{"3306/tcp":[{"HostIp":"0.0.0.0","HostPort":"49156"},{"HostIp":"::","HostPort":"49156"}],"33060/tcp":null},"SandboxKey":"/var/run/docker/netns/8404ec7d5900","SecondaryIPAddresses":null,"SecondaryIPv6Addresses":null,"EndpointID":"28c851b70d88131a783e3d87b7c50320df5f3250ebca621b1b39353a2424212a","Gateway":"172.17.0.1","GlobalIPv6Address":"","GlobalIPv6PrefixLen":0,"IPAddress":"172.17.0.3","IPPrefixLen":16,"IPv6Gateway":"","MacAddress":"02:42:ac:11:00:03","Networks":{"bridge":{"IPAMConfig":null,"Links":null,"Aliases":null,"NetworkID":"bf06afe94eca8b5ab91eae0dbaa8561a6dd16832d429dcdbaa7ed1e003cfbe56","EndpointID":"28c851b70d88131a783e3d87b7c50320df5f3250ebca621b1b39353a2424212a","Gateway":"172.17.0.1","IPAddress":"172.17.0.3","IPPrefixLen":16,"IPv6Gateway":"","GlobalIPv6Address":"","GlobalIPv6PrefixLen":0,"MacAddress":"02:42:ac:11:00:03","DriverOpts":null}}}}[\n]"
18:30:21.394 [Test worker] DEBUG com.github.dockerjava.zerodep.shaded.org.apache.hc.client5.http.wire - http-outgoing-1 << "[\r][\n]"
18:30:21.394 [Test worker] DEBUG com.github.dockerjava.zerodep.shaded.org.apache.hc.client5.http.wire - http-outgoing-1 << "0[\r][\n]"
18:30:21.394 [Test worker] DEBUG com.github.dockerjava.zerodep.shaded.org.apache.hc.client5.http.wire - http-outgoing-1 << "[\r][\n]"
18:30:21.394 [Test worker] DEBUG com.github.dockerjava.zerodep.shaded.org.apache.hc.client5.http.impl.classic.InternalHttpClient - ep-0000005D: releasing valid endpoint
18:30:21.394 [Test worker] DEBUG com.github.dockerjava.zerodep.shaded.org.apache.hc.client5.http.impl.io.PoolingHttpClientConnectionManager - ep-0000005D: releasing endpoint
18:30:21.394 [Test worker] DEBUG com.github.dockerjava.zerodep.shaded.org.apache.hc.client5.http.impl.io.PoolingHttpClientConnectionManager - ep-0000005D: connection http-outgoing-1 can be kept alive for 3 MINUTES
18:30:21.394 [Test worker] DEBUG com.github.dockerjava.zerodep.shaded.org.apache.hc.client5.http.impl.io.PoolingHttpClientConnectionManager - ep-0000005D: connection released [route: {}->unix://localhost:2375][total available: 1; route allocated: 1 of 2147483647; total allocated: 1 of 2147483647]
18:30:21.394 [Test worker] DEBUG ]]>&#x1f433;<![CDATA[ [mysql:latest] - Trying to create JDBC connection using com.mysql.cj.jdbc.Driver to jdbc:mysql://localhost:49156/adm_videos?useSSL=false&allowPublicKeyRetrieval=true with properties: {password=123456, user=root}
18:30:21.497 [Test worker] DEBUG org.testcontainers.shaded.com.github.dockerjava.core.command.AbstrDockerCmd - Cmd: b4fc7afd97457a2a6ec84592488a57f900fa52ed03fcd2dbaf8a116bc1f50ab3,false
18:30:21.497 [Test worker] DEBUG org.testcontainers.shaded.com.github.dockerjava.core.exec.InspectContainerCmdExec - GET: DefaultWebTarget{path=[/containers/b4fc7afd97457a2a6ec84592488a57f900fa52ed03fcd2dbaf8a116bc1f50ab3/json], queryParams={}}
18:30:21.497 [Test worker] DEBUG com.github.dockerjava.zerodep.shaded.org.apache.hc.client5.http.impl.classic.InternalHttpClient - ex-0000005F: preparing request execution
18:30:21.497 [Test worker] DEBUG com.github.dockerjava.zerodep.shaded.org.apache.hc.client5.http.protocol.RequestAddCookies - Cookie spec selected: strict
18:30:21.497 [Test worker] DEBUG com.github.dockerjava.zerodep.shaded.org.apache.hc.client5.http.protocol.RequestAuthCache - Auth cache not set in the context
18:30:21.497 [Test worker] DEBUG com.github.dockerjava.zerodep.shaded.org.apache.hc.client5.http.impl.classic.ProtocolExec - ex-0000005F: target auth state: UNCHALLENGED
18:30:21.497 [Test worker] DEBUG com.github.dockerjava.zerodep.shaded.org.apache.hc.client5.http.impl.classic.ProtocolExec - ex-0000005F: proxy auth state: UNCHALLENGED
18:30:21.497 [Test worker] DEBUG com.github.dockerjava.zerodep.shaded.org.apache.hc.client5.http.impl.classic.ConnectExec - ex-0000005F: acquiring connection with route {}->unix://localhost:2375
18:30:21.497 [Test worker] DEBUG com.github.dockerjava.zerodep.shaded.org.apache.hc.client5.http.impl.classic.InternalHttpClient - ex-0000005F: acquiring endpoint (3 MINUTES)
18:30:21.497 [Test worker] DEBUG com.github.dockerjava.zerodep.shaded.org.apache.hc.client5.http.impl.io.PoolingHttpClientConnectionManager - ex-0000005F: endpoint lease request (3 MINUTES) [route: {}->unix://localhost:2375][total available: 1; route allocated: 1 of 2147483647; total allocated: 1 of 2147483647]
18:30:21.497 [Test worker] DEBUG com.github.dockerjava.zerodep.shaded.org.apache.hc.client5.http.impl.io.PoolingHttpClientConnectionManager - ex-0000005F: endpoint leased [route: {}->unix://localhost:2375][total available: 0; route allocated: 1 of 2147483647; total allocated: 1 of 2147483647]
18:30:21.498 [Test worker] DEBUG com.github.dockerjava.zerodep.shaded.org.apache.hc.client5.http.impl.io.PoolingHttpClientConnectionManager - ex-0000005F: acquired ep-0000005E
18:30:21.498 [Test worker] DEBUG com.github.dockerjava.zerodep.shaded.org.apache.hc.client5.http.impl.classic.InternalHttpClient - ex-0000005F: acquired endpoint ep-0000005E
18:30:21.498 [Test worker] DEBUG com.github.dockerjava.zerodep.shaded.org.apache.hc.client5.http.impl.classic.MainClientExec - ex-0000005F: executing GET /v1.32/containers/b4fc7afd97457a2a6ec84592488a57f900fa52ed03fcd2dbaf8a116bc1f50ab3/json HTTP/1.1
18:30:21.498 [Test worker] DEBUG com.github.dockerjava.zerodep.shaded.org.apache.hc.client5.http.impl.classic.InternalHttpClient - ep-0000005E: start execution ex-0000005F
18:30:21.498 [Test worker] DEBUG com.github.dockerjava.zerodep.shaded.org.apache.hc.client5.http.impl.io.PoolingHttpClientConnectionManager - ep-0000005E: executing exchange ex-0000005F over http-outgoing-1
18:30:21.498 [Test worker] DEBUG com.github.dockerjava.zerodep.shaded.org.apache.hc.client5.http.headers - http-outgoing-1 >> GET /v1.32/containers/b4fc7afd97457a2a6ec84592488a57f900fa52ed03fcd2dbaf8a116bc1f50ab3/json HTTP/1.1
18:30:21.498 [Test worker] DEBUG com.github.dockerjava.zerodep.shaded.org.apache.hc.client5.http.headers - http-outgoing-1 >> accept: application/json
18:30:21.498 [Test worker] DEBUG com.github.dockerjava.zerodep.shaded.org.apache.hc.client5.http.headers - http-outgoing-1 >> x-tc-sid: cdd139c9-cde1-4429-bea7-edb0e651ba16
18:30:21.498 [Test worker] DEBUG com.github.dockerjava.zerodep.shaded.org.apache.hc.client5.http.headers - http-outgoing-1 >> Accept-Encoding: gzip, x-gzip, deflate
18:30:21.498 [Test worker] DEBUG com.github.dockerjava.zerodep.shaded.org.apache.hc.client5.http.headers - http-outgoing-1 >> Host: localhost:2375
18:30:21.498 [Test worker] DEBUG com.github.dockerjava.zerodep.shaded.org.apache.hc.client5.http.headers - http-outgoing-1 >> Connection: keep-alive
18:30:21.498 [Test worker] DEBUG com.github.dockerjava.zerodep.shaded.org.apache.hc.client5.http.headers - http-outgoing-1 >> User-Agent: Apache-HttpClient/5.0.3 (Java/17.0.2)
18:30:21.498 [Test worker] DEBUG com.github.dockerjava.zerodep.shaded.org.apache.hc.client5.http.wire - http-outgoing-1 >> "GET /v1.32/containers/b4fc7afd97457a2a6ec84592488a57f900fa52ed03fcd2dbaf8a116bc1f50ab3/json HTTP/1.1[\r][\n]"
18:30:21.498 [Test worker] DEBUG com.github.dockerjava.zerodep.shaded.org.apache.hc.client5.http.wire - http-outgoing-1 >> "accept: application/json[\r][\n]"
18:30:21.498 [Test worker] DEBUG com.github.dockerjava.zerodep.shaded.org.apache.hc.client5.http.wire - http-outgoing-1 >> "x-tc-sid: cdd139c9-cde1-4429-bea7-edb0e651ba16[\r][\n]"
18:30:21.498 [Test worker] DEBUG com.github.dockerjava.zerodep.shaded.org.apache.hc.client5.http.wire - http-outgoing-1 >> "Accept-Encoding: gzip, x-gzip, deflate[\r][\n]"
18:30:21.498 [Test worker] DEBUG com.github.dockerjava.zerodep.shaded.org.apache.hc.client5.http.wire - http-outgoing-1 >> "Host: localhost:2375[\r][\n]"
18:30:21.498 [Test worker] DEBUG com.github.dockerjava.zerodep.shaded.org.apache.hc.client5.http.wire - http-outgoing-1 >> "Connection: keep-alive[\r][\n]"
18:30:21.498 [Test worker] DEBUG com.github.dockerjava.zerodep.shaded.org.apache.hc.client5.http.wire - http-outgoing-1 >> "User-Agent: Apache-HttpClient/5.0.3 (Java/17.0.2)[\r][\n]"
18:30:21.498 [Test worker] DEBUG com.github.dockerjava.zerodep.shaded.org.apache.hc.client5.http.wire - http-outgoing-1 >> "[\r][\n]"
18:30:21.498 [Test worker] DEBUG com.github.dockerjava.zerodep.shaded.org.apache.hc.client5.http.wire - http-outgoing-1 << "HTTP/1.1 200 OK[\r][\n]"
18:30:21.498 [Test worker] DEBUG com.github.dockerjava.zerodep.shaded.org.apache.hc.client5.http.wire - http-outgoing-1 << "Api-Version: 1.41[\r][\n]"
18:30:21.498 [Test worker] DEBUG com.github.dockerjava.zerodep.shaded.org.apache.hc.client5.http.wire - http-outgoing-1 << "Content-Type: application/json[\r][\n]"
18:30:21.498 [Test worker] DEBUG com.github.dockerjava.zerodep.shaded.org.apache.hc.client5.http.wire - http-outgoing-1 << "Docker-Experimental: false[\r][\n]"
18:30:21.498 [Test worker] DEBUG com.github.dockerjava.zerodep.shaded.org.apache.hc.client5.http.wire - http-outgoing-1 << "Ostype: linux[\r][\n]"
18:30:21.498 [Test worker] DEBUG com.github.dockerjava.zerodep.shaded.org.apache.hc.client5.http.wire - http-outgoing-1 << "Server: Docker/20.10.17 (linux)[\r][\n]"
18:30:21.498 [Test worker] DEBUG com.github.dockerjava.zerodep.shaded.org.apache.hc.client5.http.wire - http-outgoing-1 << "Date: Thu, 08 Dec 2022 21:30:21 GMT[\r][\n]"
18:30:21.498 [Test worker] DEBUG com.github.dockerjava.zerodep.shaded.org.apache.hc.client5.http.wire - http-outgoing-1 << "Transfer-Encoding: chunked[\r][\n]"
18:30:21.498 [Test worker] DEBUG com.github.dockerjava.zerodep.shaded.org.apache.hc.client5.http.wire - http-outgoing-1 << "[\r][\n]"
18:30:21.498 [Test worker] DEBUG com.github.dockerjava.zerodep.shaded.org.apache.hc.client5.http.wire - http-outgoing-1 << "18a6[\r][\n]"
18:30:21.498 [Test worker] DEBUG com.github.dockerjava.zerodep.shaded.org.apache.hc.client5.http.wire - http-outgoing-1 << "{"Id":"b4fc7afd97457a2a6ec84592488a57f900fa52ed03fcd2dbaf8a116bc1f50ab3","Created":"2022-12-08T21:30:11.801619537Z","Path":"docker-entrypoint.sh","Args":["mysqld"],"State":{"Status":"running","Running":true,"Paused":false,"Restarting":false,"OOMKilled":false,"Dead":false,"Pid":148084,"ExitCode":0,"Error":"","StartedAt":"2022-12-08T21:30:12.370762583Z","FinishedAt":"0001-01-01T00:00:00Z"},"Image":"sha256:7484689f290f1defe06b65befc54cb6ad91a667cf0af59a265ffe76c46bd0478","ResolvConfPath":"/var/lib/docker/containers/b4fc7afd97457a2a6ec84592488a57f900fa52ed03fcd2dbaf8a116bc1f50ab3/resolv.conf","HostnamePath":"/var/lib/docker/containers/b4fc7afd97457a2a6ec84592488a57f900fa52ed03fcd2dbaf8a116bc1f50ab3/hostname","HostsPath":"/var/lib/docker/containers/b4fc7afd97457a2a6ec84592488a57f900fa52ed03fcd2dbaf8a116bc1f50ab3/hosts","LogPath":"/var/lib/docker/containers/b4fc7afd97457a2a6ec84592488a57f900fa52ed03fcd2dbaf8a116bc1f50ab3/b4fc7afd97457a2a6ec84592488a57f900fa52ed03fcd2dbaf8a116bc1f50ab3-json.log","Name":"/agitated_ptolemy","RestartCount":0,"Driver":"overlay2","Platform":"linux","MountLabel":"","ProcessLabel":"","AppArmorProfile":"docker-default","ExecIDs":null,"HostConfig":{"Binds":[],"ContainerIDFile":"","LogConfig":{"Type":"json-file","Config":{}},"NetworkMode":"default","PortBindings":{"3306/tcp":[{"HostIp":"","HostPort":""}]},"RestartPolicy":{"Name":"","MaximumRetryCount":0},"AutoRemove":false,"VolumeDriver":"","VolumesFrom":[],"CapAdd":null,"CapDrop":null,"CgroupnsMode":"private","Dns":null,"DnsOptions":null,"DnsSearch":null,"ExtraHosts":[],"GroupAdd":null,"IpcMode":"shareable","Cgroup":"","Links":null,"OomScoreAdj":0,"PidMode":"","Privileged":false,"PublishAllPorts":false,"ReadonlyRootfs":false,"SecurityOpt":null,"UTSMode":"","UsernsMode":"","ShmSize":67108864,"Runtime":"runc","ConsoleSize":[0,0],"Isolation":"","CpuShares":0,"Memory":0,"NanoCpus":0,"CgroupParent":"","BlkioWeight":0,"BlkioWeightDevice":null,"BlkioDeviceReadBps":null,"BlkioDeviceWriteBps":null,"BlkioDeviceReadIOps":null,"BlkioDeviceWriteIOps":null,"CpuPeriod":0,"CpuQuota":0,"CpuRealtimePeriod":0,"CpuRealtimeRuntime":0,"CpusetCpus":"","CpusetMems":"","Devices":null,"DeviceCgroupRules":null,"DeviceRequests":null,"KernelMemory":0,"KernelMemoryTCP":0,"MemoryReservation":0,"MemorySwap":0,"MemorySwappiness":null,"OomKillDisable":null,"PidsLimit":null,"Ulimits":null,"CpuCount":0,"CpuPercent":0,"IOMaximumIOps":0,"IOMaximumBandwidth":0,"MaskedPaths":["/proc/asound","/proc/acpi","/proc/kcore","/proc/keys","/proc/latency_stats","/proc/timer_list","/proc/timer_stats","/proc/sched_debug","/proc/scsi","/sys/firmware"],"ReadonlyPaths":["/proc/bus","/proc/fs","/proc/irq","/proc/sys","/proc/sysrq-trigger"]},"GraphDriver":{"Data":{"LowerDir":"/var/lib/docker/overlay2/05794d51525f65619c615558ef5f93d7c33eef44e12313fdcb3942911d0b5f7d-init/diff:/var/lib/docker/overlay2/f079a69cfd5e80e906b12f05a0c7bfaabc56ce63e947db68b722ae30905f1239/diff:/var/lib/docker/overlay2/9dfb63d6bb556846a13012421dde7951ef83a14d8ce1882287cce66f0f9bd055/diff:/var/lib/docker/overlay2/c4f8874ae33ddd14488f5051cd953acc020fa00ea72d28bd530450c0bc8f9903/diff:/var/lib/docker/overlay2/992683766b46aa5653160e6a34283b579a75000e230890d0ec0a6204af735697/diff:/var/lib/docker/overlay2/6e3fba0e1d6501c91c9bec723bb1364f75599c6c2026a6dc71773c88a49f890a/diff:/var/lib/docker/overlay2/c6c2a366f45a69704761d45d296d71bf2bf315efb15cb06ad88925ed235fad81/diff:/var/lib/docker/overlay2/7555f9b18615244719d04b23296ba418195e5e569d47baf9f1da7c3f053fe194/diff:/var/lib/docker/overlay2/7752eb17f8f8ba44a5ed178f499901fa7eb6f2e031c29ab160ee4eff4db8edaa/diff:/var/lib/docker/overlay2/9683de8b3733106f256bd0eabc7cae13623b14493b9212e863449d42b8a87390/diff:/var/lib/docker/overlay2/f5e28e407d8811526fb7dd82e4fed08d5d3124c0f22f1a9496ed27b2b457d3dd/diff:/var/lib/docker/overlay2/e2980c91c6b3331cff3994ca6f327955bb5feaef0f96bc64edce80631fdbf829/diff","MergedDir":"/var/lib/docker/overlay2/05794d51525f65619c615558ef5f93d7c33eef44e12313fdcb3942911d0b5f7d/merged","UpperDir":"/var/lib/docker/overlay2/05794d51525f65619c615558ef5f93d7c33eef44e12313fdcb3942911d0b5f7d/diff","WorkDir":"/var/lib/docker/overlay2/05794d51525f65619c615558ef5f93d7c33eef44e12313fdcb3942911d0b5f7d/work"},"Name":"overlay2"},"Mounts":[{"Type":"volume","Name":"fe29345a30f82a1c969c40b069133e9d87168ce95967d67ac182ee42c059affb","Source":"/var/lib/docker/volumes/fe29345a30f82a1c969c40b069133e9d87168ce95967d67ac182ee42c059affb/_data","Destination":"/var/lib/mysql","Driver":"local","Mode":"","RW":true,"Propagation":""}],"Config":{"Hostname":"b4fc7afd9745","Domainname":"","User":"","AttachStdin":false,"AttachStdout":false,"AttachStderr":false,"ExposedPorts":{"3306/tcp":{},"33060/tcp":{}},"Tty":false,"OpenStdin":false,"StdinOnce":false,"Env":["MYSQL_DATABASE=adm_videos","MYSQL_PASSWORD=123456","MYSQL_ROOT_PASSWORD=123456","PATH=/usr/local/sbin:/usr/local/bin:/usr/sbin:/usr/bin:/sbin:/bin","GOSU_VERSION=1.14","MYSQL_MAJOR=8.0","MYSQL_VERSION=8.0.31-1.el8","MYSQL_SHELL_VERSION=8.0.31-1.el8"],"Cmd":["mysqld"],"Image":"mysql:latest","Volumes":{"/var/lib/mysql":{}},"WorkingDir":"","Entrypoint":["docker-entrypoint.sh"],"OnBuild":null,"Labels":{"org.testcontainers":"true","org.testcontainers.sessionId":"cdd139c9-cde1-4429-bea7-edb0e651ba16"}},"NetworkSettings":{"Bridge":"","SandboxID":"8404ec7d59006489fa5b6638879180586e9aa24c1c3ae79d40e26a8f453c93b1","HairpinMode":false,"LinkLocalIPv6Address":"","LinkLocalIPv6PrefixLen":0,"Ports":{"3306/tcp":[{"HostIp":"0.0.0.0","HostPort":"49156"},{"HostIp":"::","HostPort":"49156"}],"33060/tcp":null},"SandboxKey":"/var/run/docker/netns/8404ec7d5900","SecondaryIPAddresses":null,"SecondaryIPv6Addresses":null,"EndpointID":"28c851b70d88131a783e3d87b7c50320df5f3250ebca621b1b39353a2424212a","Gateway":"172.17.0.1","GlobalIPv6Address":"","GlobalIPv6PrefixLen":0,"IPAddress":"172.17.0.3","IPPrefixLen":16,"IPv6Gateway":"","MacAddress":"02:42:ac:11:00:03","Networks":{"bridge":{"IPAMConfig":null,"Links":null,"Aliases":null,"NetworkID":"bf06afe94eca8b5ab91eae0dbaa8561a6dd16832d429dcdbaa7ed1e003cfbe56","EndpointID":"28c851b70d88131a783e3d87b7c50320df5f3250ebca621b1b39353a2424212a","Gateway":"172.17.0.1","IPAddress":"172.17.0.3","IPPrefixLen":16,"IPv6Gateway":"","GlobalIPv6Address":"","GlobalIPv6PrefixLen":0,"MacAddress":"02:42:ac:11:00:03","DriverOpts":null}}}}[\n]"
18:30:21.498 [Test worker] DEBUG com.github.dockerjava.zerodep.shaded.org.apache.hc.client5.http.wire - http-outgoing-1 << "[\r][\n]"
18:30:21.498 [Test worker] DEBUG com.github.dockerjava.zerodep.shaded.org.apache.hc.client5.http.wire - http-outgoing-1 << "0[\r][\n]"
18:30:21.498 [Test worker] DEBUG com.github.dockerjava.zerodep.shaded.org.apache.hc.client5.http.wire - http-outgoing-1 << "[\r][\n]"
18:30:21.498 [Test worker] DEBUG com.github.dockerjava.zerodep.shaded.org.apache.hc.client5.http.headers - http-outgoing-1 << HTTP/1.1 200 OK
18:30:21.498 [Test worker] DEBUG com.github.dockerjava.zerodep.shaded.org.apache.hc.client5.http.headers - http-outgoing-1 << Api-Version: 1.41
18:30:21.498 [Test worker] DEBUG com.github.dockerjava.zerodep.shaded.org.apache.hc.client5.http.headers - http-outgoing-1 << Content-Type: application/json
18:30:21.498 [Test worker] DEBUG com.github.dockerjava.zerodep.shaded.org.apache.hc.client5.http.headers - http-outgoing-1 << Docker-Experimental: false
18:30:21.498 [Test worker] DEBUG com.github.dockerjava.zerodep.shaded.org.apache.hc.client5.http.headers - http-outgoing-1 << Ostype: linux
18:30:21.498 [Test worker] DEBUG com.github.dockerjava.zerodep.shaded.org.apache.hc.client5.http.headers - http-outgoing-1 << Server: Docker/20.10.17 (linux)
18:30:21.498 [Test worker] DEBUG com.github.dockerjava.zerodep.shaded.org.apache.hc.client5.http.headers - http-outgoing-1 << Date: Thu, 08 Dec 2022 21:30:21 GMT
18:30:21.498 [Test worker] DEBUG com.github.dockerjava.zerodep.shaded.org.apache.hc.client5.http.headers - http-outgoing-1 << Transfer-Encoding: chunked
18:30:21.498 [Test worker] DEBUG com.github.dockerjava.zerodep.shaded.org.apache.hc.client5.http.impl.classic.MainClientExec - ex-0000005F: connection can be kept alive for 3 MINUTES
18:30:21.499 [Test worker] DEBUG com.github.dockerjava.zerodep.shaded.org.apache.hc.client5.http.impl.classic.InternalHttpClient - ep-0000005E: releasing valid endpoint
18:30:21.499 [Test worker] DEBUG com.github.dockerjava.zerodep.shaded.org.apache.hc.client5.http.impl.io.PoolingHttpClientConnectionManager - ep-0000005E: releasing endpoint
18:30:21.499 [Test worker] DEBUG com.github.dockerjava.zerodep.shaded.org.apache.hc.client5.http.impl.io.PoolingHttpClientConnectionManager - ep-0000005E: connection http-outgoing-1 can be kept alive for 3 MINUTES
18:30:21.500 [Test worker] DEBUG com.github.dockerjava.zerodep.shaded.org.apache.hc.client5.http.impl.io.PoolingHttpClientConnectionManager - ep-0000005E: connection released [route: {}->unix://localhost:2375][total available: 1; route allocated: 1 of 2147483647; total allocated: 1 of 2147483647]
18:30:21.500 [Test worker] DEBUG ]]>&#x1f433;<![CDATA[ [mysql:latest] - Trying to create JDBC connection using com.mysql.cj.jdbc.Driver to jdbc:mysql://localhost:49156/adm_videos?useSSL=false&allowPublicKeyRetrieval=true with properties: {password=123456, user=root}
18:30:21.601 [Test worker] DEBUG org.testcontainers.shaded.com.github.dockerjava.core.command.AbstrDockerCmd - Cmd: b4fc7afd97457a2a6ec84592488a57f900fa52ed03fcd2dbaf8a116bc1f50ab3,false
18:30:21.601 [Test worker] DEBUG org.testcontainers.shaded.com.github.dockerjava.core.exec.InspectContainerCmdExec - GET: DefaultWebTarget{path=[/containers/b4fc7afd97457a2a6ec84592488a57f900fa52ed03fcd2dbaf8a116bc1f50ab3/json], queryParams={}}
18:30:21.602 [Test worker] DEBUG com.github.dockerjava.zerodep.shaded.org.apache.hc.client5.http.impl.classic.InternalHttpClient - ex-00000060: preparing request execution
18:30:21.602 [Test worker] DEBUG com.github.dockerjava.zerodep.shaded.org.apache.hc.client5.http.protocol.RequestAddCookies - Cookie spec selected: strict
18:30:21.602 [Test worker] DEBUG com.github.dockerjava.zerodep.shaded.org.apache.hc.client5.http.protocol.RequestAuthCache - Auth cache not set in the context
18:30:21.602 [Test worker] DEBUG com.github.dockerjava.zerodep.shaded.org.apache.hc.client5.http.impl.classic.ProtocolExec - ex-00000060: target auth state: UNCHALLENGED
18:30:21.602 [Test worker] DEBUG com.github.dockerjava.zerodep.shaded.org.apache.hc.client5.http.impl.classic.ProtocolExec - ex-00000060: proxy auth state: UNCHALLENGED
18:30:21.602 [Test worker] DEBUG com.github.dockerjava.zerodep.shaded.org.apache.hc.client5.http.impl.classic.ConnectExec - ex-00000060: acquiring connection with route {}->unix://localhost:2375
18:30:21.602 [Test worker] DEBUG com.github.dockerjava.zerodep.shaded.org.apache.hc.client5.http.impl.classic.InternalHttpClient - ex-00000060: acquiring endpoint (3 MINUTES)
18:30:21.602 [Test worker] DEBUG com.github.dockerjava.zerodep.shaded.org.apache.hc.client5.http.impl.io.PoolingHttpClientConnectionManager - ex-00000060: endpoint lease request (3 MINUTES) [route: {}->unix://localhost:2375][total available: 1; route allocated: 1 of 2147483647; total allocated: 1 of 2147483647]
18:30:21.602 [Test worker] DEBUG com.github.dockerjava.zerodep.shaded.org.apache.hc.client5.http.impl.io.PoolingHttpClientConnectionManager - ex-00000060: endpoint leased [route: {}->unix://localhost:2375][total available: 0; route allocated: 1 of 2147483647; total allocated: 1 of 2147483647]
18:30:21.602 [Test worker] DEBUG com.github.dockerjava.zerodep.shaded.org.apache.hc.client5.http.impl.io.PoolingHttpClientConnectionManager - ex-00000060: acquired ep-0000005F
18:30:21.602 [Test worker] DEBUG com.github.dockerjava.zerodep.shaded.org.apache.hc.client5.http.impl.classic.InternalHttpClient - ex-00000060: acquired endpoint ep-0000005F
18:30:21.602 [Test worker] DEBUG com.github.dockerjava.zerodep.shaded.org.apache.hc.client5.http.impl.classic.MainClientExec - ex-00000060: executing GET /v1.32/containers/b4fc7afd97457a2a6ec84592488a57f900fa52ed03fcd2dbaf8a116bc1f50ab3/json HTTP/1.1
18:30:21.602 [Test worker] DEBUG com.github.dockerjava.zerodep.shaded.org.apache.hc.client5.http.impl.classic.InternalHttpClient - ep-0000005F: start execution ex-00000060
18:30:21.602 [Test worker] DEBUG com.github.dockerjava.zerodep.shaded.org.apache.hc.client5.http.impl.io.PoolingHttpClientConnectionManager - ep-0000005F: executing exchange ex-00000060 over http-outgoing-1
18:30:21.602 [Test worker] DEBUG com.github.dockerjava.zerodep.shaded.org.apache.hc.client5.http.headers - http-outgoing-1 >> GET /v1.32/containers/b4fc7afd97457a2a6ec84592488a57f900fa52ed03fcd2dbaf8a116bc1f50ab3/json HTTP/1.1
18:30:21.602 [Test worker] DEBUG com.github.dockerjava.zerodep.shaded.org.apache.hc.client5.http.headers - http-outgoing-1 >> accept: application/json
18:30:21.602 [Test worker] DEBUG com.github.dockerjava.zerodep.shaded.org.apache.hc.client5.http.headers - http-outgoing-1 >> x-tc-sid: cdd139c9-cde1-4429-bea7-edb0e651ba16
18:30:21.602 [Test worker] DEBUG com.github.dockerjava.zerodep.shaded.org.apache.hc.client5.http.headers - http-outgoing-1 >> Accept-Encoding: gzip, x-gzip, deflate
18:30:21.602 [Test worker] DEBUG com.github.dockerjava.zerodep.shaded.org.apache.hc.client5.http.headers - http-outgoing-1 >> Host: localhost:2375
18:30:21.602 [Test worker] DEBUG com.github.dockerjava.zerodep.shaded.org.apache.hc.client5.http.headers - http-outgoing-1 >> Connection: keep-alive
18:30:21.602 [Test worker] DEBUG com.github.dockerjava.zerodep.shaded.org.apache.hc.client5.http.headers - http-outgoing-1 >> User-Agent: Apache-HttpClient/5.0.3 (Java/17.0.2)
18:30:21.602 [Test worker] DEBUG com.github.dockerjava.zerodep.shaded.org.apache.hc.client5.http.wire - http-outgoing-1 >> "GET /v1.32/containers/b4fc7afd97457a2a6ec84592488a57f900fa52ed03fcd2dbaf8a116bc1f50ab3/json HTTP/1.1[\r][\n]"
18:30:21.602 [Test worker] DEBUG com.github.dockerjava.zerodep.shaded.org.apache.hc.client5.http.wire - http-outgoing-1 >> "accept: application/json[\r][\n]"
18:30:21.602 [Test worker] DEBUG com.github.dockerjava.zerodep.shaded.org.apache.hc.client5.http.wire - http-outgoing-1 >> "x-tc-sid: cdd139c9-cde1-4429-bea7-edb0e651ba16[\r][\n]"
18:30:21.602 [Test worker] DEBUG com.github.dockerjava.zerodep.shaded.org.apache.hc.client5.http.wire - http-outgoing-1 >> "Accept-Encoding: gzip, x-gzip, deflate[\r][\n]"
18:30:21.602 [Test worker] DEBUG com.github.dockerjava.zerodep.shaded.org.apache.hc.client5.http.wire - http-outgoing-1 >> "Host: localhost:2375[\r][\n]"
18:30:21.602 [Test worker] DEBUG com.github.dockerjava.zerodep.shaded.org.apache.hc.client5.http.wire - http-outgoing-1 >> "Connection: keep-alive[\r][\n]"
18:30:21.602 [Test worker] DEBUG com.github.dockerjava.zerodep.shaded.org.apache.hc.client5.http.wire - http-outgoing-1 >> "User-Agent: Apache-HttpClient/5.0.3 (Java/17.0.2)[\r][\n]"
18:30:21.602 [Test worker] DEBUG com.github.dockerjava.zerodep.shaded.org.apache.hc.client5.http.wire - http-outgoing-1 >> "[\r][\n]"
18:30:21.602 [Test worker] DEBUG com.github.dockerjava.zerodep.shaded.org.apache.hc.client5.http.wire - http-outgoing-1 << "HTTP/1.1 200 OK[\r][\n]"
18:30:21.603 [Test worker] DEBUG com.github.dockerjava.zerodep.shaded.org.apache.hc.client5.http.wire - http-outgoing-1 << "Api-Version: 1.41[\r][\n]"
18:30:21.603 [Test worker] DEBUG com.github.dockerjava.zerodep.shaded.org.apache.hc.client5.http.wire - http-outgoing-1 << "Content-Type: application/json[\r][\n]"
18:30:21.603 [Test worker] DEBUG com.github.dockerjava.zerodep.shaded.org.apache.hc.client5.http.wire - http-outgoing-1 << "Docker-Experimental: false[\r][\n]"
18:30:21.603 [Test worker] DEBUG com.github.dockerjava.zerodep.shaded.org.apache.hc.client5.http.wire - http-outgoing-1 << "Ostype: linux[\r][\n]"
18:30:21.603 [Test worker] DEBUG com.github.dockerjava.zerodep.shaded.org.apache.hc.client5.http.wire - http-outgoing-1 << "Server: Docker/20.10.17 (linux)[\r][\n]"
18:30:21.603 [Test worker] DEBUG com.github.dockerjava.zerodep.shaded.org.apache.hc.client5.http.wire - http-outgoing-1 << "Date: Thu, 08 Dec 2022 21:30:21 GMT[\r][\n]"
18:30:21.603 [Test worker] DEBUG com.github.dockerjava.zerodep.shaded.org.apache.hc.client5.http.wire - http-outgoing-1 << "Transfer-Encoding: chunked[\r][\n]"
18:30:21.603 [Test worker] DEBUG com.github.dockerjava.zerodep.shaded.org.apache.hc.client5.http.wire - http-outgoing-1 << "[\r][\n]"
18:30:21.603 [Test worker] DEBUG com.github.dockerjava.zerodep.shaded.org.apache.hc.client5.http.wire - http-outgoing-1 << "18a6[\r][\n]"
18:30:21.603 [Test worker] DEBUG com.github.dockerjava.zerodep.shaded.org.apache.hc.client5.http.wire - http-outgoing-1 << "{"Id":"b4fc7afd97457a2a6ec84592488a57f900fa52ed03fcd2dbaf8a116bc1f50ab3","Created":"2022-12-08T21:30:11.801619537Z","Path":"docker-entrypoint.sh","Args":["mysqld"],"State":{"Status":"running","Running":true,"Paused":false,"Restarting":false,"OOMKilled":false,"Dead":false,"Pid":148084,"ExitCode":0,"Error":"","StartedAt":"2022-12-08T21:30:12.370762583Z","FinishedAt":"0001-01-01T00:00:00Z"},"Image":"sha256:7484689f290f1defe06b65befc54cb6ad91a667cf0af59a265ffe76c46bd0478","ResolvConfPath":"/var/lib/docker/containers/b4fc7afd97457a2a6ec84592488a57f900fa52ed03fcd2dbaf8a116bc1f50ab3/resolv.conf","HostnamePath":"/var/lib/docker/containers/b4fc7afd97457a2a6ec84592488a57f900fa52ed03fcd2dbaf8a116bc1f50ab3/hostname","HostsPath":"/var/lib/docker/containers/b4fc7afd97457a2a6ec84592488a57f900fa52ed03fcd2dbaf8a116bc1f50ab3/hosts","LogPath":"/var/lib/docker/containers/b4fc7afd97457a2a6ec84592488a57f900fa52ed03fcd2dbaf8a116bc1f50ab3/b4fc7afd97457a2a6ec84592488a57f900fa52ed03fcd2dbaf8a116bc1f50ab3-json.log","Name":"/agitated_ptolemy","RestartCount":0,"Driver":"overlay2","Platform":"linux","MountLabel":"","ProcessLabel":"","AppArmorProfile":"docker-default","ExecIDs":null,"HostConfig":{"Binds":[],"ContainerIDFile":"","LogConfig":{"Type":"json-file","Config":{}},"NetworkMode":"default","PortBindings":{"3306/tcp":[{"HostIp":"","HostPort":""}]},"RestartPolicy":{"Name":"","MaximumRetryCount":0},"AutoRemove":false,"VolumeDriver":"","VolumesFrom":[],"CapAdd":null,"CapDrop":null,"CgroupnsMode":"private","Dns":null,"DnsOptions":null,"DnsSearch":null,"ExtraHosts":[],"GroupAdd":null,"IpcMode":"shareable","Cgroup":"","Links":null,"OomScoreAdj":0,"PidMode":"","Privileged":false,"PublishAllPorts":false,"ReadonlyRootfs":false,"SecurityOpt":null,"UTSMode":"","UsernsMode":"","ShmSize":67108864,"Runtime":"runc","ConsoleSize":[0,0],"Isolation":"","CpuShares":0,"Memory":0,"NanoCpus":0,"CgroupParent":"","BlkioWeight":0,"BlkioWeightDevice":null,"BlkioDeviceReadBps":null,"BlkioDeviceWriteBps":null,"BlkioDeviceReadIOps":null,"BlkioDeviceWriteIOps":null,"CpuPeriod":0,"CpuQuota":0,"CpuRealtimePeriod":0,"CpuRealtimeRuntime":0,"CpusetCpus":"","CpusetMems":"","Devices":null,"DeviceCgroupRules":null,"DeviceRequests":null,"KernelMemory":0,"KernelMemoryTCP":0,"MemoryReservation":0,"MemorySwap":0,"MemorySwappiness":null,"OomKillDisable":null,"PidsLimit":null,"Ulimits":null,"CpuCount":0,"CpuPercent":0,"IOMaximumIOps":0,"IOMaximumBandwidth":0,"MaskedPaths":["/proc/asound","/proc/acpi","/proc/kcore","/proc/keys","/proc/latency_stats","/proc/timer_list","/proc/timer_stats","/proc/sched_debug","/proc/scsi","/sys/firmware"],"ReadonlyPaths":["/proc/bus","/proc/fs","/proc/irq","/proc/sys","/proc/sysrq-trigger"]},"GraphDriver":{"Data":{"LowerDir":"/var/lib/docker/overlay2/05794d51525f65619c615558ef5f93d7c33eef44e12313fdcb3942911d0b5f7d-init/diff:/var/lib/docker/overlay2/f079a69cfd5e80e906b12f05a0c7bfaabc56ce63e947db68b722ae30905f1239/diff:/var/lib/docker/overlay2/9dfb63d6bb556846a13012421dde7951ef83a14d8ce1882287cce66f0f9bd055/diff:/var/lib/docker/overlay2/c4f8874ae33ddd14488f5051cd953acc020fa00ea72d28bd530450c0bc8f9903/diff:/var/lib/docker/overlay2/992683766b46aa5653160e6a34283b579a75000e230890d0ec0a6204af735697/diff:/var/lib/docker/overlay2/6e3fba0e1d6501c91c9bec723bb1364f75599c6c2026a6dc71773c88a49f890a/diff:/var/lib/docker/overlay2/c6c2a366f45a69704761d45d296d71bf2bf315efb15cb06ad88925ed235fad81/diff:/var/lib/docker/overlay2/7555f9b18615244719d04b23296ba418195e5e569d47baf9f1da7c3f053fe194/diff:/var/lib/docker/overlay2/7752eb17f8f8ba44a5ed178f499901fa7eb6f2e031c29ab160ee4eff4db8edaa/diff:/var/lib/docker/overlay2/9683de8b3733106f256bd0eabc7cae13623b14493b9212e863449d42b8a87390/diff:/var/lib/docker/overlay2/f5e28e407d8811526fb7dd82e4fed08d5d3124c0f22f1a9496ed27b2b457d3dd/diff:/var/lib/docker/overlay2/e2980c91c6b3331cff3994ca6f327955bb5feaef0f96bc64edce80631fdbf829/diff","MergedDir":"/var/lib/docker/overlay2/05794d51525f65619c615558ef5f93d7c33eef44e12313fdcb3942911d0b5f7d/merged","UpperDir":"/var/lib/docker/overlay2/05794d51525f65619c615558ef5f93d7c33eef44e12313fdcb3942911d0b5f7d/diff","WorkDir":"/var/lib/docker/overlay2/05794d51525f65619c615558ef5f93d7c33eef44e12313fdcb3942911d0b5f7d/work"},"Name":"overlay2"},"Mounts":[{"Type":"volume","Name":"fe29345a30f82a1c969c40b069133e9d87168ce95967d67ac182ee42c059affb","Source":"/var/lib/docker/volumes/fe29345a30f82a1c969c40b069133e9d87168ce95967d67ac182ee42c059affb/_data","Destination":"/var/lib/mysql","Driver":"local","Mode":"","RW":true,"Propagation":""}],"Config":{"Hostname":"b4fc7afd9745","Domainname":"","User":"","AttachStdin":false,"AttachStdout":false,"AttachStderr":false,"ExposedPorts":{"3306/tcp":{},"33060/tcp":{}},"Tty":false,"OpenStdin":false,"StdinOnce":false,"Env":["MYSQL_DATABASE=adm_videos","MYSQL_PASSWORD=123456","MYSQL_ROOT_PASSWORD=123456","PATH=/usr/local/sbin:/usr/local/bin:/usr/sbin:/usr/bin:/sbin:/bin","GOSU_VERSION=1.14","MYSQL_MAJOR=8.0","MYSQL_VERSION=8.0.31-1.el8","MYSQL_SHELL_VERSION=8.0.31-1.el8"],"Cmd":["mysqld"],"Image":"mysql:latest","Volumes":{"/var/lib/mysql":{}},"WorkingDir":"","Entrypoint":["docker-entrypoint.sh"],"OnBuild":null,"Labels":{"org.testcontainers":"true","org.testcontainers.sessionId":"cdd139c9-cde1-4429-bea7-edb0e651ba16"}},"NetworkSettings":{"Bridge":"","SandboxID":"8404ec7d59006489fa5b6638879180586e9aa24c1c3ae79d40e26a8f453c93b1","HairpinMode":false,"LinkLocalIPv6Address":"","LinkLocalIPv6PrefixLen":0,"Ports":{"3306/tcp":[{"HostIp":"0.0.0.0","HostPort":"49156"},{"HostIp":"::","HostPort":"49156"}],"33060/tcp":null},"SandboxKey":"/var/run/docker/netns/8404ec7d5900","SecondaryIPAddresses":null,"SecondaryIPv6Addresses":null,"EndpointID":"28c851b70d88131a783e3d87b7c50320df5f3250ebca621b1b39353a2424212a","Gateway":"172.17.0.1","GlobalIPv6Address":"","GlobalIPv6PrefixLen":0,"IPAddress":"172.17.0.3","IPPrefixLen":16,"IPv6Gateway":"","MacAddress":"02:42:ac:11:00:03","Networks":{"bridge":{"IPAMConfig":null,"Links":null,"Aliases":null,"NetworkID":"bf06afe94eca8b5ab91eae0dbaa8561a6dd16832d429dcdbaa7ed1e003cfbe56","EndpointID":"28c851b70d88131a783e3d87b7c50320df5f3250ebca621b1b39353a2424212a","Gateway":"172.17.0.1","IPAddress":"172.17.0.3","IPPrefixLen":16,"IPv6Gateway":"","GlobalIPv6Address":"","GlobalIPv6PrefixLen":0,"MacAddress":"02:42:ac:11:00:03","DriverOpts":null}}}}[\n]"
18:30:21.603 [Test worker] DEBUG com.github.dockerjava.zerodep.shaded.org.apache.hc.client5.http.wire - http-outgoing-1 << "[\r][\n]"
18:30:21.603 [Test worker] DEBUG com.github.dockerjava.zerodep.shaded.org.apache.hc.client5.http.wire - http-outgoing-1 << "0[\r][\n]"
18:30:21.603 [Test worker] DEBUG com.github.dockerjava.zerodep.shaded.org.apache.hc.client5.http.wire - http-outgoing-1 << "[\r][\n]"
18:30:21.603 [Test worker] DEBUG com.github.dockerjava.zerodep.shaded.org.apache.hc.client5.http.headers - http-outgoing-1 << HTTP/1.1 200 OK
18:30:21.603 [Test worker] DEBUG com.github.dockerjava.zerodep.shaded.org.apache.hc.client5.http.headers - http-outgoing-1 << Api-Version: 1.41
18:30:21.603 [Test worker] DEBUG com.github.dockerjava.zerodep.shaded.org.apache.hc.client5.http.headers - http-outgoing-1 << Content-Type: application/json
18:30:21.603 [Test worker] DEBUG com.github.dockerjava.zerodep.shaded.org.apache.hc.client5.http.headers - http-outgoing-1 << Docker-Experimental: false
18:30:21.603 [Test worker] DEBUG com.github.dockerjava.zerodep.shaded.org.apache.hc.client5.http.headers - http-outgoing-1 << Ostype: linux
18:30:21.603 [Test worker] DEBUG com.github.dockerjava.zerodep.shaded.org.apache.hc.client5.http.headers - http-outgoing-1 << Server: Docker/20.10.17 (linux)
18:30:21.603 [Test worker] DEBUG com.github.dockerjava.zerodep.shaded.org.apache.hc.client5.http.headers - http-outgoing-1 << Date: Thu, 08 Dec 2022 21:30:21 GMT
18:30:21.603 [Test worker] DEBUG com.github.dockerjava.zerodep.shaded.org.apache.hc.client5.http.headers - http-outgoing-1 << Transfer-Encoding: chunked
18:30:21.603 [Test worker] DEBUG com.github.dockerjava.zerodep.shaded.org.apache.hc.client5.http.impl.classic.MainClientExec - ex-00000060: connection can be kept alive for 3 MINUTES
18:30:21.604 [Test worker] DEBUG com.github.dockerjava.zerodep.shaded.org.apache.hc.client5.http.impl.classic.InternalHttpClient - ep-0000005F: releasing valid endpoint
18:30:21.604 [Test worker] DEBUG com.github.dockerjava.zerodep.shaded.org.apache.hc.client5.http.impl.io.PoolingHttpClientConnectionManager - ep-0000005F: releasing endpoint
18:30:21.604 [Test worker] DEBUG com.github.dockerjava.zerodep.shaded.org.apache.hc.client5.http.impl.io.PoolingHttpClientConnectionManager - ep-0000005F: connection http-outgoing-1 can be kept alive for 3 MINUTES
18:30:21.604 [Test worker] DEBUG com.github.dockerjava.zerodep.shaded.org.apache.hc.client5.http.impl.io.PoolingHttpClientConnectionManager - ep-0000005F: connection released [route: {}->unix://localhost:2375][total available: 1; route allocated: 1 of 2147483647; total allocated: 1 of 2147483647]
18:30:21.604 [Test worker] DEBUG ]]>&#x1f433;<![CDATA[ [mysql:latest] - Trying to create JDBC connection using com.mysql.cj.jdbc.Driver to jdbc:mysql://localhost:49156/adm_videos?useSSL=false&allowPublicKeyRetrieval=true with properties: {password=123456, user=root}
18:30:21.706 [Test worker] DEBUG org.testcontainers.shaded.com.github.dockerjava.core.command.AbstrDockerCmd - Cmd: b4fc7afd97457a2a6ec84592488a57f900fa52ed03fcd2dbaf8a116bc1f50ab3,false
18:30:21.706 [Test worker] DEBUG org.testcontainers.shaded.com.github.dockerjava.core.exec.InspectContainerCmdExec - GET: DefaultWebTarget{path=[/containers/b4fc7afd97457a2a6ec84592488a57f900fa52ed03fcd2dbaf8a116bc1f50ab3/json], queryParams={}}
18:30:21.706 [Test worker] DEBUG com.github.dockerjava.zerodep.shaded.org.apache.hc.client5.http.impl.classic.InternalHttpClient - ex-00000061: preparing request execution
18:30:21.706 [Test worker] DEBUG com.github.dockerjava.zerodep.shaded.org.apache.hc.client5.http.protocol.RequestAddCookies - Cookie spec selected: strict
18:30:21.706 [Test worker] DEBUG com.github.dockerjava.zerodep.shaded.org.apache.hc.client5.http.protocol.RequestAuthCache - Auth cache not set in the context
18:30:21.706 [Test worker] DEBUG com.github.dockerjava.zerodep.shaded.org.apache.hc.client5.http.impl.classic.ProtocolExec - ex-00000061: target auth state: UNCHALLENGED
18:30:21.706 [Test worker] DEBUG com.github.dockerjava.zerodep.shaded.org.apache.hc.client5.http.impl.classic.ProtocolExec - ex-00000061: proxy auth state: UNCHALLENGED
18:30:21.706 [Test worker] DEBUG com.github.dockerjava.zerodep.shaded.org.apache.hc.client5.http.impl.classic.ConnectExec - ex-00000061: acquiring connection with route {}->unix://localhost:2375
18:30:21.706 [Test worker] DEBUG com.github.dockerjava.zerodep.shaded.org.apache.hc.client5.http.impl.classic.InternalHttpClient - ex-00000061: acquiring endpoint (3 MINUTES)
18:30:21.706 [Test worker] DEBUG com.github.dockerjava.zerodep.shaded.org.apache.hc.client5.http.impl.io.PoolingHttpClientConnectionManager - ex-00000061: endpoint lease request (3 MINUTES) [route: {}->unix://localhost:2375][total available: 1; route allocated: 1 of 2147483647; total allocated: 1 of 2147483647]
18:30:21.706 [Test worker] DEBUG com.github.dockerjava.zerodep.shaded.org.apache.hc.client5.http.impl.io.PoolingHttpClientConnectionManager - ex-00000061: endpoint leased [route: {}->unix://localhost:2375][total available: 0; route allocated: 1 of 2147483647; total allocated: 1 of 2147483647]
18:30:21.706 [Test worker] DEBUG com.github.dockerjava.zerodep.shaded.org.apache.hc.client5.http.impl.io.PoolingHttpClientConnectionManager - ex-00000061: acquired ep-00000060
18:30:21.706 [Test worker] DEBUG com.github.dockerjava.zerodep.shaded.org.apache.hc.client5.http.impl.classic.InternalHttpClient - ex-00000061: acquired endpoint ep-00000060
18:30:21.706 [Test worker] DEBUG com.github.dockerjava.zerodep.shaded.org.apache.hc.client5.http.impl.classic.MainClientExec - ex-00000061: executing GET /v1.32/containers/b4fc7afd97457a2a6ec84592488a57f900fa52ed03fcd2dbaf8a116bc1f50ab3/json HTTP/1.1
18:30:21.706 [Test worker] DEBUG com.github.dockerjava.zerodep.shaded.org.apache.hc.client5.http.impl.classic.InternalHttpClient - ep-00000060: start execution ex-00000061
18:30:21.706 [Test worker] DEBUG com.github.dockerjava.zerodep.shaded.org.apache.hc.client5.http.impl.io.PoolingHttpClientConnectionManager - ep-00000060: executing exchange ex-00000061 over http-outgoing-1
18:30:21.706 [Test worker] DEBUG com.github.dockerjava.zerodep.shaded.org.apache.hc.client5.http.headers - http-outgoing-1 >> GET /v1.32/containers/b4fc7afd97457a2a6ec84592488a57f900fa52ed03fcd2dbaf8a116bc1f50ab3/json HTTP/1.1
18:30:21.706 [Test worker] DEBUG com.github.dockerjava.zerodep.shaded.org.apache.hc.client5.http.headers - http-outgoing-1 >> accept: application/json
18:30:21.706 [Test worker] DEBUG com.github.dockerjava.zerodep.shaded.org.apache.hc.client5.http.headers - http-outgoing-1 >> x-tc-sid: cdd139c9-cde1-4429-bea7-edb0e651ba16
18:30:21.706 [Test worker] DEBUG com.github.dockerjava.zerodep.shaded.org.apache.hc.client5.http.headers - http-outgoing-1 >> Accept-Encoding: gzip, x-gzip, deflate
18:30:21.706 [Test worker] DEBUG com.github.dockerjava.zerodep.shaded.org.apache.hc.client5.http.headers - http-outgoing-1 >> Host: localhost:2375
18:30:21.706 [Test worker] DEBUG com.github.dockerjava.zerodep.shaded.org.apache.hc.client5.http.headers - http-outgoing-1 >> Connection: keep-alive
18:30:21.706 [Test worker] DEBUG com.github.dockerjava.zerodep.shaded.org.apache.hc.client5.http.headers - http-outgoing-1 >> User-Agent: Apache-HttpClient/5.0.3 (Java/17.0.2)
18:30:21.706 [Test worker] DEBUG com.github.dockerjava.zerodep.shaded.org.apache.hc.client5.http.wire - http-outgoing-1 >> "GET /v1.32/containers/b4fc7afd97457a2a6ec84592488a57f900fa52ed03fcd2dbaf8a116bc1f50ab3/json HTTP/1.1[\r][\n]"
18:30:21.706 [Test worker] DEBUG com.github.dockerjava.zerodep.shaded.org.apache.hc.client5.http.wire - http-outgoing-1 >> "accept: application/json[\r][\n]"
18:30:21.706 [Test worker] DEBUG com.github.dockerjava.zerodep.shaded.org.apache.hc.client5.http.wire - http-outgoing-1 >> "x-tc-sid: cdd139c9-cde1-4429-bea7-edb0e651ba16[\r][\n]"
18:30:21.706 [Test worker] DEBUG com.github.dockerjava.zerodep.shaded.org.apache.hc.client5.http.wire - http-outgoing-1 >> "Accept-Encoding: gzip, x-gzip, deflate[\r][\n]"
18:30:21.706 [Test worker] DEBUG com.github.dockerjava.zerodep.shaded.org.apache.hc.client5.http.wire - http-outgoing-1 >> "Host: localhost:2375[\r][\n]"
18:30:21.706 [Test worker] DEBUG com.github.dockerjava.zerodep.shaded.org.apache.hc.client5.http.wire - http-outgoing-1 >> "Connection: keep-alive[\r][\n]"
18:30:21.706 [Test worker] DEBUG com.github.dockerjava.zerodep.shaded.org.apache.hc.client5.http.wire - http-outgoing-1 >> "User-Agent: Apache-HttpClient/5.0.3 (Java/17.0.2)[\r][\n]"
18:30:21.706 [Test worker] DEBUG com.github.dockerjava.zerodep.shaded.org.apache.hc.client5.http.wire - http-outgoing-1 >> "[\r][\n]"
18:30:21.707 [Test worker] DEBUG com.github.dockerjava.zerodep.shaded.org.apache.hc.client5.http.wire - http-outgoing-1 << "HTTP/1.1 200 OK[\r][\n]"
18:30:21.707 [Test worker] DEBUG com.github.dockerjava.zerodep.shaded.org.apache.hc.client5.http.wire - http-outgoing-1 << "Api-Version: 1.41[\r][\n]"
18:30:21.707 [Test worker] DEBUG com.github.dockerjava.zerodep.shaded.org.apache.hc.client5.http.wire - http-outgoing-1 << "Content-Type: application/json[\r][\n]"
18:30:21.707 [Test worker] DEBUG com.github.dockerjava.zerodep.shaded.org.apache.hc.client5.http.wire - http-outgoing-1 << "Docker-Experimental: false[\r][\n]"
18:30:21.707 [Test worker] DEBUG com.github.dockerjava.zerodep.shaded.org.apache.hc.client5.http.wire - http-outgoing-1 << "Ostype: linux[\r][\n]"
18:30:21.707 [Test worker] DEBUG com.github.dockerjava.zerodep.shaded.org.apache.hc.client5.http.wire - http-outgoing-1 << "Server: Docker/20.10.17 (linux)[\r][\n]"
18:30:21.707 [Test worker] DEBUG com.github.dockerjava.zerodep.shaded.org.apache.hc.client5.http.wire - http-outgoing-1 << "Date: Thu, 08 Dec 2022 21:30:21 GMT[\r][\n]"
18:30:21.707 [Test worker] DEBUG com.github.dockerjava.zerodep.shaded.org.apache.hc.client5.http.wire - http-outgoing-1 << "Transfer-Encoding: chunked[\r][\n]"
18:30:21.707 [Test worker] DEBUG com.github.dockerjava.zerodep.shaded.org.apache.hc.client5.http.wire - http-outgoing-1 << "[\r][\n]"
18:30:21.707 [Test worker] DEBUG com.github.dockerjava.zerodep.shaded.org.apache.hc.client5.http.wire - http-outgoing-1 << "18a6[\r][\n]"
18:30:21.707 [Test worker] DEBUG com.github.dockerjava.zerodep.shaded.org.apache.hc.client5.http.wire - http-outgoing-1 << "{"Id":"b4fc7afd97457a2a6ec84592488a57f900fa52ed03fcd2dbaf8a116bc1f50ab3","Created":"2022-12-08T21:30:11.801619537Z","Path":"docker-entrypoint.sh","Args":["mysqld"],"State":{"Status":"running","Running":true,"Paused":false,"Restarting":false,"OOMKilled":false,"Dead":false,"Pid":148084,"ExitCode":0,"Error":"","StartedAt":"2022-12-08T21:30:12.370762583Z","FinishedAt":"0001-01-01T00:00:00Z"},"Image":"sha256:7484689f290f1defe06b65befc54cb6ad91a667cf0af59a265ffe76c46bd0478","ResolvConfPath":"/var/lib/docker/containers/b4fc7afd97457a2a6ec84592488a57f900fa52ed03fcd2dbaf8a116bc1f50ab3/resolv.conf","HostnamePath":"/var/lib/docker/containers/b4fc7afd97457a2a6ec84592488a57f900fa52ed03fcd2dbaf8a116bc1f50ab3/hostname","HostsPath":"/var/lib/docker/containers/b4fc7afd97457a2a6ec84592488a57f900fa52ed03fcd2dbaf8a116bc1f50ab3/hosts","LogPath":"/var/lib/docker/containers/b4fc7afd97457a2a6ec84592488a57f900fa52ed03fcd2dbaf8a116bc1f50ab3/b4fc7afd97457a2a6ec84592488a57f900fa52ed03fcd2dbaf8a116bc1f50ab3-json.log","Name":"/agitated_ptolemy","RestartCount":0,"Driver":"overlay2","Platform":"linux","MountLabel":"","ProcessLabel":"","AppArmorProfile":"docker-default","ExecIDs":null,"HostConfig":{"Binds":[],"ContainerIDFile":"","LogConfig":{"Type":"json-file","Config":{}},"NetworkMode":"default","PortBindings":{"3306/tcp":[{"HostIp":"","HostPort":""}]},"RestartPolicy":{"Name":"","MaximumRetryCount":0},"AutoRemove":false,"VolumeDriver":"","VolumesFrom":[],"CapAdd":null,"CapDrop":null,"CgroupnsMode":"private","Dns":null,"DnsOptions":null,"DnsSearch":null,"ExtraHosts":[],"GroupAdd":null,"IpcMode":"shareable","Cgroup":"","Links":null,"OomScoreAdj":0,"PidMode":"","Privileged":false,"PublishAllPorts":false,"ReadonlyRootfs":false,"SecurityOpt":null,"UTSMode":"","UsernsMode":"","ShmSize":67108864,"Runtime":"runc","ConsoleSize":[0,0],"Isolation":"","CpuShares":0,"Memory":0,"NanoCpus":0,"CgroupParent":"","BlkioWeight":0,"BlkioWeightDevice":null,"BlkioDeviceReadBps":null,"BlkioDeviceWriteBps":null,"BlkioDeviceReadIOps":null,"BlkioDeviceWriteIOps":null,"CpuPeriod":0,"CpuQuota":0,"CpuRealtimePeriod":0,"CpuRealtimeRuntime":0,"CpusetCpus":"","CpusetMems":"","Devices":null,"DeviceCgroupRules":null,"DeviceRequests":null,"KernelMemory":0,"KernelMemoryTCP":0,"MemoryReservation":0,"MemorySwap":0,"MemorySwappiness":null,"OomKillDisable":null,"PidsLimit":null,"Ulimits":null,"CpuCount":0,"CpuPercent":0,"IOMaximumIOps":0,"IOMaximumBandwidth":0,"MaskedPaths":["/proc/asound","/proc/acpi","/proc/kcore","/proc/keys","/proc/latency_stats","/proc/timer_list","/proc/timer_stats","/proc/sched_debug","/proc/scsi","/sys/firmware"],"ReadonlyPaths":["/proc/bus","/proc/fs","/proc/irq","/proc/sys","/proc/sysrq-trigger"]},"GraphDriver":{"Data":{"LowerDir":"/var/lib/docker/overlay2/05794d51525f65619c615558ef5f93d7c33eef44e12313fdcb3942911d0b5f7d-init/diff:/var/lib/docker/overlay2/f079a69cfd5e80e906b12f05a0c7bfaabc56ce63e947db68b722ae30905f1239/diff:/var/lib/docker/overlay2/9dfb63d6bb556846a13012421dde7951ef83a14d8ce1882287cce66f0f9bd055/diff:/var/lib/docker/overlay2/c4f8874ae33ddd14488f5051cd953acc020fa00ea72d28bd530450c0bc8f9903/diff:/var/lib/docker/overlay2/992683766b46aa5653160e6a34283b579a75000e230890d0ec0a6204af735697/diff:/var/lib/docker/overlay2/6e3fba0e1d6501c91c9bec723bb1364f75599c6c2026a6dc71773c88a49f890a/diff:/var/lib/docker/overlay2/c6c2a366f45a69704761d45d296d71bf2bf315efb15cb06ad88925ed235fad81/diff:/var/lib/docker/overlay2/7555f9b18615244719d04b23296ba418195e5e569d47baf9f1da7c3f053fe194/diff:/var/lib/docker/overlay2/7752eb17f8f8ba44a5ed178f499901fa7eb6f2e031c29ab160ee4eff4db8edaa/diff:/var/lib/docker/overlay2/9683de8b3733106f256bd0eabc7cae13623b14493b9212e863449d42b8a87390/diff:/var/lib/docker/overlay2/f5e28e407d8811526fb7dd82e4fed08d5d3124c0f22f1a9496ed27b2b457d3dd/diff:/var/lib/docker/overlay2/e2980c91c6b3331cff3994ca6f327955bb5feaef0f96bc64edce80631fdbf829/diff","MergedDir":"/var/lib/docker/overlay2/05794d51525f65619c615558ef5f93d7c33eef44e12313fdcb3942911d0b5f7d/merged","UpperDir":"/var/lib/docker/overlay2/05794d51525f65619c615558ef5f93d7c33eef44e12313fdcb3942911d0b5f7d/diff","WorkDir":"/var/lib/docker/overlay2/05794d51525f65619c615558ef5f93d7c33eef44e12313fdcb3942911d0b5f7d/work"},"Name":"overlay2"},"Mounts":[{"Type":"volume","Name":"fe29345a30f82a1c969c40b069133e9d87168ce95967d67ac182ee42c059affb","Source":"/var/lib/docker/volumes/fe29345a30f82a1c969c40b069133e9d87168ce95967d67ac182ee42c059affb/_data","Destination":"/var/lib/mysql","Driver":"local","Mode":"","RW":true,"Propagation":""}],"Config":{"Hostname":"b4fc7afd9745","Domainname":"","User":"","AttachStdin":false,"AttachStdout":false,"AttachStderr":false,"ExposedPorts":{"3306/tcp":{},"33060/tcp":{}},"Tty":false,"OpenStdin":false,"StdinOnce":false,"Env":["MYSQL_DATABASE=adm_videos","MYSQL_PASSWORD=123456","MYSQL_ROOT_PASSWORD=123456","PATH=/usr/local/sbin:/usr/local/bin:/usr/sbin:/usr/bin:/sbin:/bin","GOSU_VERSION=1.14","MYSQL_MAJOR=8.0","MYSQL_VERSION=8.0.31-1.el8","MYSQL_SHELL_VERSION=8.0.31-1.el8"],"Cmd":["mysqld"],"Image":"mysql:latest","Volumes":{"/var/lib/mysql":{}},"WorkingDir":"","Entrypoint":["docker-entrypoint.sh"],"OnBuild":null,"Labels":{"org.testcontainers":"true","org.testcontainers.sessionId":"cdd139c9-cde1-4429-bea7-edb0e651ba16"}},"NetworkSettings":{"Bridge":"","SandboxID":"8404ec7d59006489fa5b6638879180586e9aa24c1c3ae79d40e26a8f453c93b1","HairpinMode":false,"LinkLocalIPv6Address":"","LinkLocalIPv6PrefixLen":0,"Ports":{"3306/tcp":[{"HostIp":"0.0.0.0","HostPort":"49156"},{"HostIp":"::","HostPort":"49156"}],"33060/tcp":null},"SandboxKey":"/var/run/docker/netns/8404ec7d5900","SecondaryIPAddresses":null,"SecondaryIPv6Addresses":null,"EndpointID":"28c851b70d88131a783e3d87b7c50320df5f3250ebca621b1b39353a2424212a","Gateway":"172.17.0.1","GlobalIPv6Address":"","GlobalIPv6PrefixLen":0,"IPAddress":"172.17.0.3","IPPrefixLen":16,"IPv6Gateway":"","MacAddress":"02:42:ac:11:00:03","Networks":{"bridge":{"IPAMConfig":null,"Links":null,"Aliases":null,"NetworkID":"bf06afe94eca8b5ab91eae0dbaa8561a6dd16832d429dcdbaa7ed1e003cfbe56","EndpointID":"28c851b70d88131a783e3d87b7c50320df5f3250ebca621b1b39353a2424212a","Gateway":"172.17.0.1","IPAddress":"172.17.0.3","IPPrefixLen":16,"IPv6Gateway":"","GlobalIPv6Address":"","GlobalIPv6PrefixLen":0,"MacAddress":"02:42:ac:11:00:03","DriverOpts":null}}}}[\n]"
18:30:21.707 [Test worker] DEBUG com.github.dockerjava.zerodep.shaded.org.apache.hc.client5.http.wire - http-outgoing-1 << "[\r][\n]"
18:30:21.707 [Test worker] DEBUG com.github.dockerjava.zerodep.shaded.org.apache.hc.client5.http.wire - http-outgoing-1 << "0[\r][\n]"
18:30:21.707 [Test worker] DEBUG com.github.dockerjava.zerodep.shaded.org.apache.hc.client5.http.wire - http-outgoing-1 << "[\r][\n]"
18:30:21.707 [Test worker] DEBUG com.github.dockerjava.zerodep.shaded.org.apache.hc.client5.http.headers - http-outgoing-1 << HTTP/1.1 200 OK
18:30:21.707 [Test worker] DEBUG com.github.dockerjava.zerodep.shaded.org.apache.hc.client5.http.headers - http-outgoing-1 << Api-Version: 1.41
18:30:21.707 [Test worker] DEBUG com.github.dockerjava.zerodep.shaded.org.apache.hc.client5.http.headers - http-outgoing-1 << Content-Type: application/json
18:30:21.707 [Test worker] DEBUG com.github.dockerjava.zerodep.shaded.org.apache.hc.client5.http.headers - http-outgoing-1 << Docker-Experimental: false
18:30:21.707 [Test worker] DEBUG com.github.dockerjava.zerodep.shaded.org.apache.hc.client5.http.headers - http-outgoing-1 << Ostype: linux
18:30:21.707 [Test worker] DEBUG com.github.dockerjava.zerodep.shaded.org.apache.hc.client5.http.headers - http-outgoing-1 << Server: Docker/20.10.17 (linux)
18:30:21.707 [Test worker] DEBUG com.github.dockerjava.zerodep.shaded.org.apache.hc.client5.http.headers - http-outgoing-1 << Date: Thu, 08 Dec 2022 21:30:21 GMT
18:30:21.707 [Test worker] DEBUG com.github.dockerjava.zerodep.shaded.org.apache.hc.client5.http.headers - http-outgoing-1 << Transfer-Encoding: chunked
18:30:21.707 [Test worker] DEBUG com.github.dockerjava.zerodep.shaded.org.apache.hc.client5.http.impl.classic.MainClientExec - ex-00000061: connection can be kept alive for 3 MINUTES
18:30:21.708 [Test worker] DEBUG com.github.dockerjava.zerodep.shaded.org.apache.hc.client5.http.impl.classic.InternalHttpClient - ep-00000060: releasing valid endpoint
18:30:21.708 [Test worker] DEBUG com.github.dockerjava.zerodep.shaded.org.apache.hc.client5.http.impl.io.PoolingHttpClientConnectionManager - ep-00000060: releasing endpoint
18:30:21.708 [Test worker] DEBUG com.github.dockerjava.zerodep.shaded.org.apache.hc.client5.http.impl.io.PoolingHttpClientConnectionManager - ep-00000060: connection http-outgoing-1 can be kept alive for 3 MINUTES
18:30:21.708 [Test worker] DEBUG com.github.dockerjava.zerodep.shaded.org.apache.hc.client5.http.impl.io.PoolingHttpClientConnectionManager - ep-00000060: connection released [route: {}->unix://localhost:2375][total available: 1; route allocated: 1 of 2147483647; total allocated: 1 of 2147483647]
18:30:21.708 [Test worker] DEBUG ]]>&#x1f433;<![CDATA[ [mysql:latest] - Trying to create JDBC connection using com.mysql.cj.jdbc.Driver to jdbc:mysql://localhost:49156/adm_videos?useSSL=false&allowPublicKeyRetrieval=true with properties: {password=123456, user=root}
18:30:21.810 [Test worker] DEBUG org.testcontainers.shaded.com.github.dockerjava.core.command.AbstrDockerCmd - Cmd: b4fc7afd97457a2a6ec84592488a57f900fa52ed03fcd2dbaf8a116bc1f50ab3,false
18:30:21.810 [Test worker] DEBUG org.testcontainers.shaded.com.github.dockerjava.core.exec.InspectContainerCmdExec - GET: DefaultWebTarget{path=[/containers/b4fc7afd97457a2a6ec84592488a57f900fa52ed03fcd2dbaf8a116bc1f50ab3/json], queryParams={}}
18:30:21.810 [Test worker] DEBUG com.github.dockerjava.zerodep.shaded.org.apache.hc.client5.http.impl.classic.InternalHttpClient - ex-00000062: preparing request execution
18:30:21.810 [Test worker] DEBUG com.github.dockerjava.zerodep.shaded.org.apache.hc.client5.http.protocol.RequestAddCookies - Cookie spec selected: strict
18:30:21.810 [Test worker] DEBUG com.github.dockerjava.zerodep.shaded.org.apache.hc.client5.http.protocol.RequestAuthCache - Auth cache not set in the context
18:30:21.810 [Test worker] DEBUG com.github.dockerjava.zerodep.shaded.org.apache.hc.client5.http.impl.classic.ProtocolExec - ex-00000062: target auth state: UNCHALLENGED
18:30:21.810 [Test worker] DEBUG com.github.dockerjava.zerodep.shaded.org.apache.hc.client5.http.impl.classic.ProtocolExec - ex-00000062: proxy auth state: UNCHALLENGED
18:30:21.810 [Test worker] DEBUG com.github.dockerjava.zerodep.shaded.org.apache.hc.client5.http.impl.classic.ConnectExec - ex-00000062: acquiring connection with route {}->unix://localhost:2375
18:30:21.810 [Test worker] DEBUG com.github.dockerjava.zerodep.shaded.org.apache.hc.client5.http.impl.classic.InternalHttpClient - ex-00000062: acquiring endpoint (3 MINUTES)
18:30:21.810 [Test worker] DEBUG com.github.dockerjava.zerodep.shaded.org.apache.hc.client5.http.impl.io.PoolingHttpClientConnectionManager - ex-00000062: endpoint lease request (3 MINUTES) [route: {}->unix://localhost:2375][total available: 1; route allocated: 1 of 2147483647; total allocated: 1 of 2147483647]
18:30:21.810 [Test worker] DEBUG com.github.dockerjava.zerodep.shaded.org.apache.hc.client5.http.impl.io.PoolingHttpClientConnectionManager - ex-00000062: endpoint leased [route: {}->unix://localhost:2375][total available: 0; route allocated: 1 of 2147483647; total allocated: 1 of 2147483647]
18:30:21.810 [Test worker] DEBUG com.github.dockerjava.zerodep.shaded.org.apache.hc.client5.http.impl.io.PoolingHttpClientConnectionManager - ex-00000062: acquired ep-00000061
18:30:21.810 [Test worker] DEBUG com.github.dockerjava.zerodep.shaded.org.apache.hc.client5.http.impl.classic.InternalHttpClient - ex-00000062: acquired endpoint ep-00000061
18:30:21.810 [Test worker] DEBUG com.github.dockerjava.zerodep.shaded.org.apache.hc.client5.http.impl.classic.MainClientExec - ex-00000062: executing GET /v1.32/containers/b4fc7afd97457a2a6ec84592488a57f900fa52ed03fcd2dbaf8a116bc1f50ab3/json HTTP/1.1
18:30:21.810 [Test worker] DEBUG com.github.dockerjava.zerodep.shaded.org.apache.hc.client5.http.impl.classic.InternalHttpClient - ep-00000061: start execution ex-00000062
18:30:21.810 [Test worker] DEBUG com.github.dockerjava.zerodep.shaded.org.apache.hc.client5.http.impl.io.PoolingHttpClientConnectionManager - ep-00000061: executing exchange ex-00000062 over http-outgoing-1
18:30:21.810 [Test worker] DEBUG com.github.dockerjava.zerodep.shaded.org.apache.hc.client5.http.headers - http-outgoing-1 >> GET /v1.32/containers/b4fc7afd97457a2a6ec84592488a57f900fa52ed03fcd2dbaf8a116bc1f50ab3/json HTTP/1.1
18:30:21.810 [Test worker] DEBUG com.github.dockerjava.zerodep.shaded.org.apache.hc.client5.http.headers - http-outgoing-1 >> accept: application/json
18:30:21.810 [Test worker] DEBUG com.github.dockerjava.zerodep.shaded.org.apache.hc.client5.http.headers - http-outgoing-1 >> x-tc-sid: cdd139c9-cde1-4429-bea7-edb0e651ba16
18:30:21.810 [Test worker] DEBUG com.github.dockerjava.zerodep.shaded.org.apache.hc.client5.http.headers - http-outgoing-1 >> Accept-Encoding: gzip, x-gzip, deflate
18:30:21.810 [Test worker] DEBUG com.github.dockerjava.zerodep.shaded.org.apache.hc.client5.http.headers - http-outgoing-1 >> Host: localhost:2375
18:30:21.810 [Test worker] DEBUG com.github.dockerjava.zerodep.shaded.org.apache.hc.client5.http.headers - http-outgoing-1 >> Connection: keep-alive
18:30:21.810 [Test worker] DEBUG com.github.dockerjava.zerodep.shaded.org.apache.hc.client5.http.headers - http-outgoing-1 >> User-Agent: Apache-HttpClient/5.0.3 (Java/17.0.2)
18:30:21.810 [Test worker] DEBUG com.github.dockerjava.zerodep.shaded.org.apache.hc.client5.http.wire - http-outgoing-1 >> "GET /v1.32/containers/b4fc7afd97457a2a6ec84592488a57f900fa52ed03fcd2dbaf8a116bc1f50ab3/json HTTP/1.1[\r][\n]"
18:30:21.810 [Test worker] DEBUG com.github.dockerjava.zerodep.shaded.org.apache.hc.client5.http.wire - http-outgoing-1 >> "accept: application/json[\r][\n]"
18:30:21.810 [Test worker] DEBUG com.github.dockerjava.zerodep.shaded.org.apache.hc.client5.http.wire - http-outgoing-1 >> "x-tc-sid: cdd139c9-cde1-4429-bea7-edb0e651ba16[\r][\n]"
18:30:21.810 [Test worker] DEBUG com.github.dockerjava.zerodep.shaded.org.apache.hc.client5.http.wire - http-outgoing-1 >> "Accept-Encoding: gzip, x-gzip, deflate[\r][\n]"
18:30:21.810 [Test worker] DEBUG com.github.dockerjava.zerodep.shaded.org.apache.hc.client5.http.wire - http-outgoing-1 >> "Host: localhost:2375[\r][\n]"
18:30:21.810 [Test worker] DEBUG com.github.dockerjava.zerodep.shaded.org.apache.hc.client5.http.wire - http-outgoing-1 >> "Connection: keep-alive[\r][\n]"
18:30:21.810 [Test worker] DEBUG com.github.dockerjava.zerodep.shaded.org.apache.hc.client5.http.wire - http-outgoing-1 >> "User-Agent: Apache-HttpClient/5.0.3 (Java/17.0.2)[\r][\n]"
18:30:21.810 [Test worker] DEBUG com.github.dockerjava.zerodep.shaded.org.apache.hc.client5.http.wire - http-outgoing-1 >> "[\r][\n]"
18:30:21.811 [Test worker] DEBUG com.github.dockerjava.zerodep.shaded.org.apache.hc.client5.http.wire - http-outgoing-1 << "HTTP/1.1 200 OK[\r][\n]"
18:30:21.811 [Test worker] DEBUG com.github.dockerjava.zerodep.shaded.org.apache.hc.client5.http.wire - http-outgoing-1 << "Api-Version: 1.41[\r][\n]"
18:30:21.811 [Test worker] DEBUG com.github.dockerjava.zerodep.shaded.org.apache.hc.client5.http.wire - http-outgoing-1 << "Content-Type: application/json[\r][\n]"
18:30:21.811 [Test worker] DEBUG com.github.dockerjava.zerodep.shaded.org.apache.hc.client5.http.wire - http-outgoing-1 << "Docker-Experimental: false[\r][\n]"
18:30:21.811 [Test worker] DEBUG com.github.dockerjava.zerodep.shaded.org.apache.hc.client5.http.wire - http-outgoing-1 << "Ostype: linux[\r][\n]"
18:30:21.811 [Test worker] DEBUG com.github.dockerjava.zerodep.shaded.org.apache.hc.client5.http.wire - http-outgoing-1 << "Server: Docker/20.10.17 (linux)[\r][\n]"
18:30:21.811 [Test worker] DEBUG com.github.dockerjava.zerodep.shaded.org.apache.hc.client5.http.wire - http-outgoing-1 << "Date: Thu, 08 Dec 2022 21:30:21 GMT[\r][\n]"
18:30:21.811 [Test worker] DEBUG com.github.dockerjava.zerodep.shaded.org.apache.hc.client5.http.wire - http-outgoing-1 << "Transfer-Encoding: chunked[\r][\n]"
18:30:21.811 [Test worker] DEBUG com.github.dockerjava.zerodep.shaded.org.apache.hc.client5.http.wire - http-outgoing-1 << "[\r][\n]"
18:30:21.811 [Test worker] DEBUG com.github.dockerjava.zerodep.shaded.org.apache.hc.client5.http.wire - http-outgoing-1 << "18a6[\r][\n]"
18:30:21.811 [Test worker] DEBUG com.github.dockerjava.zerodep.shaded.org.apache.hc.client5.http.wire - http-outgoing-1 << "{"Id":"b4fc7afd97457a2a6ec84592488a57f900fa52ed03fcd2dbaf8a116bc1f50ab3","Created":"2022-12-08T21:30:11.801619537Z","Path":"docker-entrypoint.sh","Args":["mysqld"],"State":{"Status":"running","Running":true,"Paused":false,"Restarting":false,"OOMKilled":false,"Dead":false,"Pid":148084,"ExitCode":0,"Error":"","StartedAt":"2022-12-08T21:30:12.370762583Z","FinishedAt":"0001-01-01T00:00:00Z"},"Image":"sha256:7484689f290f1defe06b65befc54cb6ad91a667cf0af59a265ffe76c46bd0478","ResolvConfPath":"/var/lib/docker/containers/b4fc7afd97457a2a6ec84592488a57f900fa52ed03fcd2dbaf8a116bc1f50ab3/resolv.conf","HostnamePath":"/var/lib/docker/containers/b4fc7afd97457a2a6ec84592488a57f900fa52ed03fcd2dbaf8a116bc1f50ab3/hostname","HostsPath":"/var/lib/docker/containers/b4fc7afd97457a2a6ec84592488a57f900fa52ed03fcd2dbaf8a116bc1f50ab3/hosts","LogPath":"/var/lib/docker/containers/b4fc7afd97457a2a6ec84592488a57f900fa52ed03fcd2dbaf8a116bc1f50ab3/b4fc7afd97457a2a6ec84592488a57f900fa52ed03fcd2dbaf8a116bc1f50ab3-json.log","Name":"/agitated_ptolemy","RestartCount":0,"Driver":"overlay2","Platform":"linux","MountLabel":"","ProcessLabel":"","AppArmorProfile":"docker-default","ExecIDs":null,"HostConfig":{"Binds":[],"ContainerIDFile":"","LogConfig":{"Type":"json-file","Config":{}},"NetworkMode":"default","PortBindings":{"3306/tcp":[{"HostIp":"","HostPort":""}]},"RestartPolicy":{"Name":"","MaximumRetryCount":0},"AutoRemove":false,"VolumeDriver":"","VolumesFrom":[],"CapAdd":null,"CapDrop":null,"CgroupnsMode":"private","Dns":null,"DnsOptions":null,"DnsSearch":null,"ExtraHosts":[],"GroupAdd":null,"IpcMode":"shareable","Cgroup":"","Links":null,"OomScoreAdj":0,"PidMode":"","Privileged":false,"PublishAllPorts":false,"ReadonlyRootfs":false,"SecurityOpt":null,"UTSMode":"","UsernsMode":"","ShmSize":67108864,"Runtime":"runc","ConsoleSize":[0,0],"Isolation":"","CpuShares":0,"Memory":0,"NanoCpus":0,"CgroupParent":"","BlkioWeight":0,"BlkioWeightDevice":null,"BlkioDeviceReadBps":null,"BlkioDeviceWriteBps":null,"BlkioDeviceReadIOps":null,"BlkioDeviceWriteIOps":null,"CpuPeriod":0,"CpuQuota":0,"CpuRealtimePeriod":0,"CpuRealtimeRuntime":0,"CpusetCpus":"","CpusetMems":"","Devices":null,"DeviceCgroupRules":null,"DeviceRequests":null,"KernelMemory":0,"KernelMemoryTCP":0,"MemoryReservation":0,"MemorySwap":0,"MemorySwappiness":null,"OomKillDisable":null,"PidsLimit":null,"Ulimits":null,"CpuCount":0,"CpuPercent":0,"IOMaximumIOps":0,"IOMaximumBandwidth":0,"MaskedPaths":["/proc/asound","/proc/acpi","/proc/kcore","/proc/keys","/proc/latency_stats","/proc/timer_list","/proc/timer_stats","/proc/sched_debug","/proc/scsi","/sys/firmware"],"ReadonlyPaths":["/proc/bus","/proc/fs","/proc/irq","/proc/sys","/proc/sysrq-trigger"]},"GraphDriver":{"Data":{"LowerDir":"/var/lib/docker/overlay2/05794d51525f65619c615558ef5f93d7c33eef44e12313fdcb3942911d0b5f7d-init/diff:/var/lib/docker/overlay2/f079a69cfd5e80e906b12f05a0c7bfaabc56ce63e947db68b722ae30905f1239/diff:/var/lib/docker/overlay2/9dfb63d6bb556846a13012421dde7951ef83a14d8ce1882287cce66f0f9bd055/diff:/var/lib/docker/overlay2/c4f8874ae33ddd14488f5051cd953acc020fa00ea72d28bd530450c0bc8f9903/diff:/var/lib/docker/overlay2/992683766b46aa5653160e6a34283b579a75000e230890d0ec0a6204af735697/diff:/var/lib/docker/overlay2/6e3fba0e1d6501c91c9bec723bb1364f75599c6c2026a6dc71773c88a49f890a/diff:/var/lib/docker/overlay2/c6c2a366f45a69704761d45d296d71bf2bf315efb15cb06ad88925ed235fad81/diff:/var/lib/docker/overlay2/7555f9b18615244719d04b23296ba418195e5e569d47baf9f1da7c3f053fe194/diff:/var/lib/docker/overlay2/7752eb17f8f8ba44a5ed178f499901fa7eb6f2e031c29ab160ee4eff4db8edaa/diff:/var/lib/docker/overlay2/9683de8b3733106f256bd0eabc7cae13623b14493b9212e863449d42b8a87390/diff:/var/lib/docker/overlay2/f5e28e407d8811526fb7dd82e4fed08d5d3124c0f22f1a9496ed27b2b457d3dd/diff:/var/lib/docker/overlay2/e2980c91c6b3331cff3994ca6f327955bb5feaef0f96bc64edce80631fdbf829/diff","MergedDir":"/var/lib/docker/overlay2/05794d51525f65619c615558ef5f93d7c33eef44e12313fdcb3942911d0b5f7d/merged","UpperDir":"/var/lib/docker/overlay2/05794d51525f65619c615558ef5f93d7c33eef44e12313fdcb3942911d0b5f7d/diff","WorkDir":"/var/lib/docker/overlay2/05794d51525f65619c615558ef5f93d7c33eef44e12313fdcb3942911d0b5f7d/work"},"Name":"overlay2"},"Mounts":[{"Type":"volume","Name":"fe29345a30f82a1c969c40b069133e9d87168ce95967d67ac182ee42c059affb","Source":"/var/lib/docker/volumes/fe29345a30f82a1c969c40b069133e9d87168ce95967d67ac182ee42c059affb/_data","Destination":"/var/lib/mysql","Driver":"local","Mode":"","RW":true,"Propagation":""}],"Config":{"Hostname":"b4fc7afd9745","Domainname":"","User":"","AttachStdin":false,"AttachStdout":false,"AttachStderr":false,"ExposedPorts":{"3306/tcp":{},"33060/tcp":{}},"Tty":false,"OpenStdin":false,"StdinOnce":false,"Env":["MYSQL_DATABASE=adm_videos","MYSQL_PASSWORD=123456","MYSQL_ROOT_PASSWORD=123456","PATH=/usr/local/sbin:/usr/local/bin:/usr/sbin:/usr/bin:/sbin:/bin","GOSU_VERSION=1.14","MYSQL_MAJOR=8.0","MYSQL_VERSION=8.0.31-1.el8","MYSQL_SHELL_VERSION=8.0.31-1.el8"],"Cmd":["mysqld"],"Image":"mysql:latest","Volumes":{"/var/lib/mysql":{}},"WorkingDir":"","Entrypoint":["docker-entrypoint.sh"],"OnBuild":null,"Labels":{"org.testcontainers":"true","org.testcontainers.sessionId":"cdd139c9-cde1-4429-bea7-edb0e651ba16"}},"NetworkSettings":{"Bridge":"","SandboxID":"8404ec7d59006489fa5b6638879180586e9aa24c1c3ae79d40e26a8f453c93b1","HairpinMode":false,"LinkLocalIPv6Address":"","LinkLocalIPv6PrefixLen":0,"Ports":{"3306/tcp":[{"HostIp":"0.0.0.0","HostPort":"49156"},{"HostIp":"::","HostPort":"49156"}],"33060/tcp":null},"SandboxKey":"/var/run/docker/netns/8404ec7d5900","SecondaryIPAddresses":null,"SecondaryIPv6Addresses":null,"EndpointID":"28c851b70d88131a783e3d87b7c50320df5f3250ebca621b1b39353a2424212a","Gateway":"172.17.0.1","GlobalIPv6Address":"","GlobalIPv6PrefixLen":0,"IPAddress":"172.17.0.3","IPPrefixLen":16,"IPv6Gateway":"","MacAddress":"02:42:ac:11:00:03","Networks":{"bridge":{"IPAMConfig":null,"Links":null,"Aliases":null,"NetworkID":"bf06afe94eca8b5ab91eae0dbaa8561a6dd16832d429dcdbaa7ed1e003cfbe56","EndpointID":"28c851b70d88131a783e3d87b7c50320df5f3250ebca621b1b39353a2424212a","Gateway":"172.17.0.1","IPAddress":"172.17.0.3","IPPrefixLen":16,"IPv6Gateway":"","GlobalIPv6Address":"","GlobalIPv6PrefixLen":0,"MacAddress":"02:42:ac:11:00:03","DriverOpts":null}}}}[\n]"
18:30:21.811 [Test worker] DEBUG com.github.dockerjava.zerodep.shaded.org.apache.hc.client5.http.wire - http-outgoing-1 << "[\r][\n]"
18:30:21.811 [Test worker] DEBUG com.github.dockerjava.zerodep.shaded.org.apache.hc.client5.http.wire - http-outgoing-1 << "0[\r][\n]"
18:30:21.811 [Test worker] DEBUG com.github.dockerjava.zerodep.shaded.org.apache.hc.client5.http.wire - http-outgoing-1 << "[\r][\n]"
18:30:21.811 [Test worker] DEBUG com.github.dockerjava.zerodep.shaded.org.apache.hc.client5.http.headers - http-outgoing-1 << HTTP/1.1 200 OK
18:30:21.811 [Test worker] DEBUG com.github.dockerjava.zerodep.shaded.org.apache.hc.client5.http.headers - http-outgoing-1 << Api-Version: 1.41
18:30:21.811 [Test worker] DEBUG com.github.dockerjava.zerodep.shaded.org.apache.hc.client5.http.headers - http-outgoing-1 << Content-Type: application/json
18:30:21.811 [Test worker] DEBUG com.github.dockerjava.zerodep.shaded.org.apache.hc.client5.http.headers - http-outgoing-1 << Docker-Experimental: false
18:30:21.811 [Test worker] DEBUG com.github.dockerjava.zerodep.shaded.org.apache.hc.client5.http.headers - http-outgoing-1 << Ostype: linux
18:30:21.811 [Test worker] DEBUG com.github.dockerjava.zerodep.shaded.org.apache.hc.client5.http.headers - http-outgoing-1 << Server: Docker/20.10.17 (linux)
18:30:21.811 [Test worker] DEBUG com.github.dockerjava.zerodep.shaded.org.apache.hc.client5.http.headers - http-outgoing-1 << Date: Thu, 08 Dec 2022 21:30:21 GMT
18:30:21.811 [Test worker] DEBUG com.github.dockerjava.zerodep.shaded.org.apache.hc.client5.http.headers - http-outgoing-1 << Transfer-Encoding: chunked
18:30:21.811 [Test worker] DEBUG com.github.dockerjava.zerodep.shaded.org.apache.hc.client5.http.impl.classic.MainClientExec - ex-00000062: connection can be kept alive for 3 MINUTES
18:30:21.812 [Test worker] DEBUG com.github.dockerjava.zerodep.shaded.org.apache.hc.client5.http.impl.classic.InternalHttpClient - ep-00000061: releasing valid endpoint
18:30:21.812 [Test worker] DEBUG com.github.dockerjava.zerodep.shaded.org.apache.hc.client5.http.impl.io.PoolingHttpClientConnectionManager - ep-00000061: releasing endpoint
18:30:21.812 [Test worker] DEBUG com.github.dockerjava.zerodep.shaded.org.apache.hc.client5.http.impl.io.PoolingHttpClientConnectionManager - ep-00000061: connection http-outgoing-1 can be kept alive for 3 MINUTES
18:30:21.812 [Test worker] DEBUG com.github.dockerjava.zerodep.shaded.org.apache.hc.client5.http.impl.io.PoolingHttpClientConnectionManager - ep-00000061: connection released [route: {}->unix://localhost:2375][total available: 1; route allocated: 1 of 2147483647; total allocated: 1 of 2147483647]
18:30:21.812 [Test worker] DEBUG ]]>&#x1f433;<![CDATA[ [mysql:latest] - Trying to create JDBC connection using com.mysql.cj.jdbc.Driver to jdbc:mysql://localhost:49156/adm_videos?useSSL=false&allowPublicKeyRetrieval=true with properties: {password=123456, user=root}
18:30:21.913 [Test worker] DEBUG org.testcontainers.shaded.com.github.dockerjava.core.command.AbstrDockerCmd - Cmd: b4fc7afd97457a2a6ec84592488a57f900fa52ed03fcd2dbaf8a116bc1f50ab3,false
18:30:21.914 [Test worker] DEBUG org.testcontainers.shaded.com.github.dockerjava.core.exec.InspectContainerCmdExec - GET: DefaultWebTarget{path=[/containers/b4fc7afd97457a2a6ec84592488a57f900fa52ed03fcd2dbaf8a116bc1f50ab3/json], queryParams={}}
18:30:21.914 [Test worker] DEBUG com.github.dockerjava.zerodep.shaded.org.apache.hc.client5.http.impl.classic.InternalHttpClient - ex-00000063: preparing request execution
18:30:21.914 [Test worker] DEBUG com.github.dockerjava.zerodep.shaded.org.apache.hc.client5.http.protocol.RequestAddCookies - Cookie spec selected: strict
18:30:21.914 [Test worker] DEBUG com.github.dockerjava.zerodep.shaded.org.apache.hc.client5.http.protocol.RequestAuthCache - Auth cache not set in the context
18:30:21.914 [Test worker] DEBUG com.github.dockerjava.zerodep.shaded.org.apache.hc.client5.http.impl.classic.ProtocolExec - ex-00000063: target auth state: UNCHALLENGED
18:30:21.914 [Test worker] DEBUG com.github.dockerjava.zerodep.shaded.org.apache.hc.client5.http.impl.classic.ProtocolExec - ex-00000063: proxy auth state: UNCHALLENGED
18:30:21.914 [Test worker] DEBUG com.github.dockerjava.zerodep.shaded.org.apache.hc.client5.http.impl.classic.ConnectExec - ex-00000063: acquiring connection with route {}->unix://localhost:2375
18:30:21.914 [Test worker] DEBUG com.github.dockerjava.zerodep.shaded.org.apache.hc.client5.http.impl.classic.InternalHttpClient - ex-00000063: acquiring endpoint (3 MINUTES)
18:30:21.914 [Test worker] DEBUG com.github.dockerjava.zerodep.shaded.org.apache.hc.client5.http.impl.io.PoolingHttpClientConnectionManager - ex-00000063: endpoint lease request (3 MINUTES) [route: {}->unix://localhost:2375][total available: 1; route allocated: 1 of 2147483647; total allocated: 1 of 2147483647]
18:30:21.914 [Test worker] DEBUG com.github.dockerjava.zerodep.shaded.org.apache.hc.client5.http.impl.io.PoolingHttpClientConnectionManager - ex-00000063: endpoint leased [route: {}->unix://localhost:2375][total available: 0; route allocated: 1 of 2147483647; total allocated: 1 of 2147483647]
18:30:21.914 [Test worker] DEBUG com.github.dockerjava.zerodep.shaded.org.apache.hc.client5.http.impl.io.PoolingHttpClientConnectionManager - ex-00000063: acquired ep-00000062
18:30:21.914 [Test worker] DEBUG com.github.dockerjava.zerodep.shaded.org.apache.hc.client5.http.impl.classic.InternalHttpClient - ex-00000063: acquired endpoint ep-00000062
18:30:21.914 [Test worker] DEBUG com.github.dockerjava.zerodep.shaded.org.apache.hc.client5.http.impl.classic.MainClientExec - ex-00000063: executing GET /v1.32/containers/b4fc7afd97457a2a6ec84592488a57f900fa52ed03fcd2dbaf8a116bc1f50ab3/json HTTP/1.1
18:30:21.914 [Test worker] DEBUG com.github.dockerjava.zerodep.shaded.org.apache.hc.client5.http.impl.classic.InternalHttpClient - ep-00000062: start execution ex-00000063
18:30:21.914 [Test worker] DEBUG com.github.dockerjava.zerodep.shaded.org.apache.hc.client5.http.impl.io.PoolingHttpClientConnectionManager - ep-00000062: executing exchange ex-00000063 over http-outgoing-1
18:30:21.914 [Test worker] DEBUG com.github.dockerjava.zerodep.shaded.org.apache.hc.client5.http.headers - http-outgoing-1 >> GET /v1.32/containers/b4fc7afd97457a2a6ec84592488a57f900fa52ed03fcd2dbaf8a116bc1f50ab3/json HTTP/1.1
18:30:21.914 [Test worker] DEBUG com.github.dockerjava.zerodep.shaded.org.apache.hc.client5.http.headers - http-outgoing-1 >> accept: application/json
18:30:21.914 [Test worker] DEBUG com.github.dockerjava.zerodep.shaded.org.apache.hc.client5.http.headers - http-outgoing-1 >> x-tc-sid: cdd139c9-cde1-4429-bea7-edb0e651ba16
18:30:21.914 [Test worker] DEBUG com.github.dockerjava.zerodep.shaded.org.apache.hc.client5.http.headers - http-outgoing-1 >> Accept-Encoding: gzip, x-gzip, deflate
18:30:21.914 [Test worker] DEBUG com.github.dockerjava.zerodep.shaded.org.apache.hc.client5.http.headers - http-outgoing-1 >> Host: localhost:2375
18:30:21.914 [Test worker] DEBUG com.github.dockerjava.zerodep.shaded.org.apache.hc.client5.http.headers - http-outgoing-1 >> Connection: keep-alive
18:30:21.914 [Test worker] DEBUG com.github.dockerjava.zerodep.shaded.org.apache.hc.client5.http.headers - http-outgoing-1 >> User-Agent: Apache-HttpClient/5.0.3 (Java/17.0.2)
18:30:21.914 [Test worker] DEBUG com.github.dockerjava.zerodep.shaded.org.apache.hc.client5.http.wire - http-outgoing-1 >> "GET /v1.32/containers/b4fc7afd97457a2a6ec84592488a57f900fa52ed03fcd2dbaf8a116bc1f50ab3/json HTTP/1.1[\r][\n]"
18:30:21.914 [Test worker] DEBUG com.github.dockerjava.zerodep.shaded.org.apache.hc.client5.http.wire - http-outgoing-1 >> "accept: application/json[\r][\n]"
18:30:21.914 [Test worker] DEBUG com.github.dockerjava.zerodep.shaded.org.apache.hc.client5.http.wire - http-outgoing-1 >> "x-tc-sid: cdd139c9-cde1-4429-bea7-edb0e651ba16[\r][\n]"
18:30:21.914 [Test worker] DEBUG com.github.dockerjava.zerodep.shaded.org.apache.hc.client5.http.wire - http-outgoing-1 >> "Accept-Encoding: gzip, x-gzip, deflate[\r][\n]"
18:30:21.914 [Test worker] DEBUG com.github.dockerjava.zerodep.shaded.org.apache.hc.client5.http.wire - http-outgoing-1 >> "Host: localhost:2375[\r][\n]"
18:30:21.914 [Test worker] DEBUG com.github.dockerjava.zerodep.shaded.org.apache.hc.client5.http.wire - http-outgoing-1 >> "Connection: keep-alive[\r][\n]"
18:30:21.914 [Test worker] DEBUG com.github.dockerjava.zerodep.shaded.org.apache.hc.client5.http.wire - http-outgoing-1 >> "User-Agent: Apache-HttpClient/5.0.3 (Java/17.0.2)[\r][\n]"
18:30:21.914 [Test worker] DEBUG com.github.dockerjava.zerodep.shaded.org.apache.hc.client5.http.wire - http-outgoing-1 >> "[\r][\n]"
18:30:21.915 [Test worker] DEBUG com.github.dockerjava.zerodep.shaded.org.apache.hc.client5.http.wire - http-outgoing-1 << "HTTP/1.1 200 OK[\r][\n]"
18:30:21.915 [Test worker] DEBUG com.github.dockerjava.zerodep.shaded.org.apache.hc.client5.http.wire - http-outgoing-1 << "Api-Version: 1.41[\r][\n]"
18:30:21.915 [Test worker] DEBUG com.github.dockerjava.zerodep.shaded.org.apache.hc.client5.http.wire - http-outgoing-1 << "Content-Type: application/json[\r][\n]"
18:30:21.915 [Test worker] DEBUG com.github.dockerjava.zerodep.shaded.org.apache.hc.client5.http.wire - http-outgoing-1 << "Docker-Experimental: false[\r][\n]"
18:30:21.915 [Test worker] DEBUG com.github.dockerjava.zerodep.shaded.org.apache.hc.client5.http.wire - http-outgoing-1 << "Ostype: linux[\r][\n]"
18:30:21.915 [Test worker] DEBUG com.github.dockerjava.zerodep.shaded.org.apache.hc.client5.http.wire - http-outgoing-1 << "Server: Docker/20.10.17 (linux)[\r][\n]"
18:30:21.915 [Test worker] DEBUG com.github.dockerjava.zerodep.shaded.org.apache.hc.client5.http.wire - http-outgoing-1 << "Date: Thu, 08 Dec 2022 21:30:21 GMT[\r][\n]"
18:30:21.915 [Test worker] DEBUG com.github.dockerjava.zerodep.shaded.org.apache.hc.client5.http.wire - http-outgoing-1 << "Transfer-Encoding: chunked[\r][\n]"
18:30:21.915 [Test worker] DEBUG com.github.dockerjava.zerodep.shaded.org.apache.hc.client5.http.wire - http-outgoing-1 << "[\r][\n]"
18:30:21.915 [Test worker] DEBUG com.github.dockerjava.zerodep.shaded.org.apache.hc.client5.http.wire - http-outgoing-1 << "18a6[\r][\n]"
18:30:21.915 [Test worker] DEBUG com.github.dockerjava.zerodep.shaded.org.apache.hc.client5.http.wire - http-outgoing-1 << "{"Id":"b4fc7afd97457a2a6ec84592488a57f900fa52ed03fcd2dbaf8a116bc1f50ab3","Created":"2022-12-08T21:30:11.801619537Z","Path":"docker-entrypoint.sh","Args":["mysqld"],"State":{"Status":"running","Running":true,"Paused":false,"Restarting":false,"OOMKilled":false,"Dead":false,"Pid":148084,"ExitCode":0,"Error":"","StartedAt":"2022-12-08T21:30:12.370762583Z","FinishedAt":"0001-01-01T00:00:00Z"},"Image":"sha256:7484689f290f1defe06b65befc54cb6ad91a667cf0af59a265ffe76c46bd0478","ResolvConfPath":"/var/lib/docker/containers/b4fc7afd97457a2a6ec84592488a57f900fa52ed03fcd2dbaf8a116bc1f50ab3/resolv.conf","HostnamePath":"/var/lib/docker/containers/b4fc7afd97457a2a6ec84592488a57f900fa52ed03fcd2dbaf8a116bc1f50ab3/hostname","HostsPath":"/var/lib/docker/containers/b4fc7afd97457a2a6ec84592488a57f900fa52ed03fcd2dbaf8a116bc1f50ab3/hosts","LogPath":"/var/lib/docker/containers/b4fc7afd97457a2a6ec84592488a57f900fa52ed03fcd2dbaf8a116bc1f50ab3/b4fc7afd97457a2a6ec84592488a57f900fa52ed03fcd2dbaf8a116bc1f50ab3-json.log","Name":"/agitated_ptolemy","RestartCount":0,"Driver":"overlay2","Platform":"linux","MountLabel":"","ProcessLabel":"","AppArmorProfile":"docker-default","ExecIDs":null,"HostConfig":{"Binds":[],"ContainerIDFile":"","LogConfig":{"Type":"json-file","Config":{}},"NetworkMode":"default","PortBindings":{"3306/tcp":[{"HostIp":"","HostPort":""}]},"RestartPolicy":{"Name":"","MaximumRetryCount":0},"AutoRemove":false,"VolumeDriver":"","VolumesFrom":[],"CapAdd":null,"CapDrop":null,"CgroupnsMode":"private","Dns":null,"DnsOptions":null,"DnsSearch":null,"ExtraHosts":[],"GroupAdd":null,"IpcMode":"shareable","Cgroup":"","Links":null,"OomScoreAdj":0,"PidMode":"","Privileged":false,"PublishAllPorts":false,"ReadonlyRootfs":false,"SecurityOpt":null,"UTSMode":"","UsernsMode":"","ShmSize":67108864,"Runtime":"runc","ConsoleSize":[0,0],"Isolation":"","CpuShares":0,"Memory":0,"NanoCpus":0,"CgroupParent":"","BlkioWeight":0,"BlkioWeightDevice":null,"BlkioDeviceReadBps":null,"BlkioDeviceWriteBps":null,"BlkioDeviceReadIOps":null,"BlkioDeviceWriteIOps":null,"CpuPeriod":0,"CpuQuota":0,"CpuRealtimePeriod":0,"CpuRealtimeRuntime":0,"CpusetCpus":"","CpusetMems":"","Devices":null,"DeviceCgroupRules":null,"DeviceRequests":null,"KernelMemory":0,"KernelMemoryTCP":0,"MemoryReservation":0,"MemorySwap":0,"MemorySwappiness":null,"OomKillDisable":null,"PidsLimit":null,"Ulimits":null,"CpuCount":0,"CpuPercent":0,"IOMaximumIOps":0,"IOMaximumBandwidth":0,"MaskedPaths":["/proc/asound","/proc/acpi","/proc/kcore","/proc/keys","/proc/latency_stats","/proc/timer_list","/proc/timer_stats","/proc/sched_debug","/proc/scsi","/sys/firmware"],"ReadonlyPaths":["/proc/bus","/proc/fs","/proc/irq","/proc/sys","/proc/sysrq-trigger"]},"GraphDriver":{"Data":{"LowerDir":"/var/lib/docker/overlay2/05794d51525f65619c615558ef5f93d7c33eef44e12313fdcb3942911d0b5f7d-init/diff:/var/lib/docker/overlay2/f079a69cfd5e80e906b12f05a0c7bfaabc56ce63e947db68b722ae30905f1239/diff:/var/lib/docker/overlay2/9dfb63d6bb556846a13012421dde7951ef83a14d8ce1882287cce66f0f9bd055/diff:/var/lib/docker/overlay2/c4f8874ae33ddd14488f5051cd953acc020fa00ea72d28bd530450c0bc8f9903/diff:/var/lib/docker/overlay2/992683766b46aa5653160e6a34283b579a75000e230890d0ec0a6204af735697/diff:/var/lib/docker/overlay2/6e3fba0e1d6501c91c9bec723bb1364f75599c6c2026a6dc71773c88a49f890a/diff:/var/lib/docker/overlay2/c6c2a366f45a69704761d45d296d71bf2bf315efb15cb06ad88925ed235fad81/diff:/var/lib/docker/overlay2/7555f9b18615244719d04b23296ba418195e5e569d47baf9f1da7c3f053fe194/diff:/var/lib/docker/overlay2/7752eb17f8f8ba44a5ed178f499901fa7eb6f2e031c29ab160ee4eff4db8edaa/diff:/var/lib/docker/overlay2/9683de8b3733106f256bd0eabc7cae13623b14493b9212e863449d42b8a87390/diff:/var/lib/docker/overlay2/f5e28e407d8811526fb7dd82e4fed08d5d3124c0f22f1a9496ed27b2b457d3dd/diff:/var/lib/docker/overlay2/e2980c91c6b3331cff3994ca6f327955bb5feaef0f96bc64edce80631fdbf829/diff","MergedDir":"/var/lib/docker/overlay2/05794d51525f65619c615558ef5f93d7c33eef44e12313fdcb3942911d0b5f7d/merged","UpperDir":"/var/lib/docker/overlay2/05794d51525f65619c615558ef5f93d7c33eef44e12313fdcb3942911d0b5f7d/diff","WorkDir":"/var/lib/docker/overlay2/05794d51525f65619c615558ef5f93d7c33eef44e12313fdcb3942911d0b5f7d/work"},"Name":"overlay2"},"Mounts":[{"Type":"volume","Name":"fe29345a30f82a1c969c40b069133e9d87168ce95967d67ac182ee42c059affb","Source":"/var/lib/docker/volumes/fe29345a30f82a1c969c40b069133e9d87168ce95967d67ac182ee42c059affb/_data","Destination":"/var/lib/mysql","Driver":"local","Mode":"","RW":true,"Propagation":""}],"Config":{"Hostname":"b4fc7afd9745","Domainname":"","User":"","AttachStdin":false,"AttachStdout":false,"AttachStderr":false,"ExposedPorts":{"3306/tcp":{},"33060/tcp":{}},"Tty":false,"OpenStdin":false,"StdinOnce":false,"Env":["MYSQL_DATABASE=adm_videos","MYSQL_PASSWORD=123456","MYSQL_ROOT_PASSWORD=123456","PATH=/usr/local/sbin:/usr/local/bin:/usr/sbin:/usr/bin:/sbin:/bin","GOSU_VERSION=1.14","MYSQL_MAJOR=8.0","MYSQL_VERSION=8.0.31-1.el8","MYSQL_SHELL_VERSION=8.0.31-1.el8"],"Cmd":["mysqld"],"Image":"mysql:latest","Volumes":{"/var/lib/mysql":{}},"WorkingDir":"","Entrypoint":["docker-entrypoint.sh"],"OnBuild":null,"Labels":{"org.testcontainers":"true","org.testcontainers.sessionId":"cdd139c9-cde1-4429-bea7-edb0e651ba16"}},"NetworkSettings":{"Bridge":"","SandboxID":"8404ec7d59006489fa5b6638879180586e9aa24c1c3ae79d40e26a8f453c93b1","HairpinMode":false,"LinkLocalIPv6Address":"","LinkLocalIPv6PrefixLen":0,"Ports":{"3306/tcp":[{"HostIp":"0.0.0.0","HostPort":"49156"},{"HostIp":"::","HostPort":"49156"}],"33060/tcp":null},"SandboxKey":"/var/run/docker/netns/8404ec7d5900","SecondaryIPAddresses":null,"SecondaryIPv6Addresses":null,"EndpointID":"28c851b70d88131a783e3d87b7c50320df5f3250ebca621b1b39353a2424212a","Gateway":"172.17.0.1","GlobalIPv6Address":"","GlobalIPv6PrefixLen":0,"IPAddress":"172.17.0.3","IPPrefixLen":16,"IPv6Gateway":"","MacAddress":"02:42:ac:11:00:03","Networks":{"bridge":{"IPAMConfig":null,"Links":null,"Aliases":null,"NetworkID":"bf06afe94eca8b5ab91eae0dbaa8561a6dd16832d429dcdbaa7ed1e003cfbe56","EndpointID":"28c851b70d88131a783e3d87b7c50320df5f3250ebca621b1b39353a2424212a","Gateway":"172.17.0.1","IPAddress":"172.17.0.3","IPPrefixLen":16,"IPv6Gateway":"","GlobalIPv6Address":"","GlobalIPv6PrefixLen":0,"MacAddress":"02:42:ac:11:00:03","DriverOpts":null}}}}[\n]"
18:30:21.915 [Test worker] DEBUG com.github.dockerjava.zerodep.shaded.org.apache.hc.client5.http.wire - http-outgoing-1 << "[\r][\n]"
18:30:21.915 [Test worker] DEBUG com.github.dockerjava.zerodep.shaded.org.apache.hc.client5.http.wire - http-outgoing-1 << "0[\r][\n]"
18:30:21.915 [Test worker] DEBUG com.github.dockerjava.zerodep.shaded.org.apache.hc.client5.http.wire - http-outgoing-1 << "[\r][\n]"
18:30:21.915 [Test worker] DEBUG com.github.dockerjava.zerodep.shaded.org.apache.hc.client5.http.headers - http-outgoing-1 << HTTP/1.1 200 OK
18:30:21.915 [Test worker] DEBUG com.github.dockerjava.zerodep.shaded.org.apache.hc.client5.http.headers - http-outgoing-1 << Api-Version: 1.41
18:30:21.915 [Test worker] DEBUG com.github.dockerjava.zerodep.shaded.org.apache.hc.client5.http.headers - http-outgoing-1 << Content-Type: application/json
18:30:21.915 [Test worker] DEBUG com.github.dockerjava.zerodep.shaded.org.apache.hc.client5.http.headers - http-outgoing-1 << Docker-Experimental: false
18:30:21.915 [Test worker] DEBUG com.github.dockerjava.zerodep.shaded.org.apache.hc.client5.http.headers - http-outgoing-1 << Ostype: linux
18:30:21.915 [Test worker] DEBUG com.github.dockerjava.zerodep.shaded.org.apache.hc.client5.http.headers - http-outgoing-1 << Server: Docker/20.10.17 (linux)
18:30:21.915 [Test worker] DEBUG com.github.dockerjava.zerodep.shaded.org.apache.hc.client5.http.headers - http-outgoing-1 << Date: Thu, 08 Dec 2022 21:30:21 GMT
18:30:21.915 [Test worker] DEBUG com.github.dockerjava.zerodep.shaded.org.apache.hc.client5.http.headers - http-outgoing-1 << Transfer-Encoding: chunked
18:30:21.915 [Test worker] DEBUG com.github.dockerjava.zerodep.shaded.org.apache.hc.client5.http.impl.classic.MainClientExec - ex-00000063: connection can be kept alive for 3 MINUTES
18:30:21.916 [Test worker] DEBUG com.github.dockerjava.zerodep.shaded.org.apache.hc.client5.http.impl.classic.InternalHttpClient - ep-00000062: releasing valid endpoint
18:30:21.916 [Test worker] DEBUG com.github.dockerjava.zerodep.shaded.org.apache.hc.client5.http.impl.io.PoolingHttpClientConnectionManager - ep-00000062: releasing endpoint
18:30:21.916 [Test worker] DEBUG com.github.dockerjava.zerodep.shaded.org.apache.hc.client5.http.impl.io.PoolingHttpClientConnectionManager - ep-00000062: connection http-outgoing-1 can be kept alive for 3 MINUTES
18:30:21.916 [Test worker] DEBUG com.github.dockerjava.zerodep.shaded.org.apache.hc.client5.http.impl.io.PoolingHttpClientConnectionManager - ep-00000062: connection released [route: {}->unix://localhost:2375][total available: 1; route allocated: 1 of 2147483647; total allocated: 1 of 2147483647]
18:30:21.916 [Test worker] DEBUG ]]>&#x1f433;<![CDATA[ [mysql:latest] - Trying to create JDBC connection using com.mysql.cj.jdbc.Driver to jdbc:mysql://localhost:49156/adm_videos?useSSL=false&allowPublicKeyRetrieval=true with properties: {password=123456, user=root}
18:30:22.018 [Test worker] DEBUG org.testcontainers.shaded.com.github.dockerjava.core.command.AbstrDockerCmd - Cmd: b4fc7afd97457a2a6ec84592488a57f900fa52ed03fcd2dbaf8a116bc1f50ab3,false
18:30:22.018 [Test worker] DEBUG org.testcontainers.shaded.com.github.dockerjava.core.exec.InspectContainerCmdExec - GET: DefaultWebTarget{path=[/containers/b4fc7afd97457a2a6ec84592488a57f900fa52ed03fcd2dbaf8a116bc1f50ab3/json], queryParams={}}
18:30:22.018 [Test worker] DEBUG com.github.dockerjava.zerodep.shaded.org.apache.hc.client5.http.impl.classic.InternalHttpClient - ex-00000064: preparing request execution
18:30:22.018 [Test worker] DEBUG com.github.dockerjava.zerodep.shaded.org.apache.hc.client5.http.protocol.RequestAddCookies - Cookie spec selected: strict
18:30:22.018 [Test worker] DEBUG com.github.dockerjava.zerodep.shaded.org.apache.hc.client5.http.protocol.RequestAuthCache - Auth cache not set in the context
18:30:22.018 [Test worker] DEBUG com.github.dockerjava.zerodep.shaded.org.apache.hc.client5.http.impl.classic.ProtocolExec - ex-00000064: target auth state: UNCHALLENGED
18:30:22.018 [Test worker] DEBUG com.github.dockerjava.zerodep.shaded.org.apache.hc.client5.http.impl.classic.ProtocolExec - ex-00000064: proxy auth state: UNCHALLENGED
18:30:22.018 [Test worker] DEBUG com.github.dockerjava.zerodep.shaded.org.apache.hc.client5.http.impl.classic.ConnectExec - ex-00000064: acquiring connection with route {}->unix://localhost:2375
18:30:22.018 [Test worker] DEBUG com.github.dockerjava.zerodep.shaded.org.apache.hc.client5.http.impl.classic.InternalHttpClient - ex-00000064: acquiring endpoint (3 MINUTES)
18:30:22.018 [Test worker] DEBUG com.github.dockerjava.zerodep.shaded.org.apache.hc.client5.http.impl.io.PoolingHttpClientConnectionManager - ex-00000064: endpoint lease request (3 MINUTES) [route: {}->unix://localhost:2375][total available: 1; route allocated: 1 of 2147483647; total allocated: 1 of 2147483647]
18:30:22.018 [Test worker] DEBUG com.github.dockerjava.zerodep.shaded.org.apache.hc.client5.http.impl.io.PoolingHttpClientConnectionManager - ex-00000064: endpoint leased [route: {}->unix://localhost:2375][total available: 0; route allocated: 1 of 2147483647; total allocated: 1 of 2147483647]
18:30:22.018 [Test worker] DEBUG com.github.dockerjava.zerodep.shaded.org.apache.hc.client5.http.impl.io.PoolingHttpClientConnectionManager - ex-00000064: acquired ep-00000063
18:30:22.018 [Test worker] DEBUG com.github.dockerjava.zerodep.shaded.org.apache.hc.client5.http.impl.classic.InternalHttpClient - ex-00000064: acquired endpoint ep-00000063
18:30:22.018 [Test worker] DEBUG com.github.dockerjava.zerodep.shaded.org.apache.hc.client5.http.impl.classic.MainClientExec - ex-00000064: executing GET /v1.32/containers/b4fc7afd97457a2a6ec84592488a57f900fa52ed03fcd2dbaf8a116bc1f50ab3/json HTTP/1.1
18:30:22.018 [Test worker] DEBUG com.github.dockerjava.zerodep.shaded.org.apache.hc.client5.http.impl.classic.InternalHttpClient - ep-00000063: start execution ex-00000064
18:30:22.018 [Test worker] DEBUG com.github.dockerjava.zerodep.shaded.org.apache.hc.client5.http.impl.io.PoolingHttpClientConnectionManager - ep-00000063: executing exchange ex-00000064 over http-outgoing-1
18:30:22.018 [Test worker] DEBUG com.github.dockerjava.zerodep.shaded.org.apache.hc.client5.http.headers - http-outgoing-1 >> GET /v1.32/containers/b4fc7afd97457a2a6ec84592488a57f900fa52ed03fcd2dbaf8a116bc1f50ab3/json HTTP/1.1
18:30:22.019 [Test worker] DEBUG com.github.dockerjava.zerodep.shaded.org.apache.hc.client5.http.headers - http-outgoing-1 >> accept: application/json
18:30:22.019 [Test worker] DEBUG com.github.dockerjava.zerodep.shaded.org.apache.hc.client5.http.headers - http-outgoing-1 >> x-tc-sid: cdd139c9-cde1-4429-bea7-edb0e651ba16
18:30:22.019 [Test worker] DEBUG com.github.dockerjava.zerodep.shaded.org.apache.hc.client5.http.headers - http-outgoing-1 >> Accept-Encoding: gzip, x-gzip, deflate
18:30:22.019 [Test worker] DEBUG com.github.dockerjava.zerodep.shaded.org.apache.hc.client5.http.headers - http-outgoing-1 >> Host: localhost:2375
18:30:22.019 [Test worker] DEBUG com.github.dockerjava.zerodep.shaded.org.apache.hc.client5.http.headers - http-outgoing-1 >> Connection: keep-alive
18:30:22.019 [Test worker] DEBUG com.github.dockerjava.zerodep.shaded.org.apache.hc.client5.http.headers - http-outgoing-1 >> User-Agent: Apache-HttpClient/5.0.3 (Java/17.0.2)
18:30:22.019 [Test worker] DEBUG com.github.dockerjava.zerodep.shaded.org.apache.hc.client5.http.wire - http-outgoing-1 >> "GET /v1.32/containers/b4fc7afd97457a2a6ec84592488a57f900fa52ed03fcd2dbaf8a116bc1f50ab3/json HTTP/1.1[\r][\n]"
18:30:22.019 [Test worker] DEBUG com.github.dockerjava.zerodep.shaded.org.apache.hc.client5.http.wire - http-outgoing-1 >> "accept: application/json[\r][\n]"
18:30:22.019 [Test worker] DEBUG com.github.dockerjava.zerodep.shaded.org.apache.hc.client5.http.wire - http-outgoing-1 >> "x-tc-sid: cdd139c9-cde1-4429-bea7-edb0e651ba16[\r][\n]"
18:30:22.019 [Test worker] DEBUG com.github.dockerjava.zerodep.shaded.org.apache.hc.client5.http.wire - http-outgoing-1 >> "Accept-Encoding: gzip, x-gzip, deflate[\r][\n]"
18:30:22.019 [Test worker] DEBUG com.github.dockerjava.zerodep.shaded.org.apache.hc.client5.http.wire - http-outgoing-1 >> "Host: localhost:2375[\r][\n]"
18:30:22.019 [Test worker] DEBUG com.github.dockerjava.zerodep.shaded.org.apache.hc.client5.http.wire - http-outgoing-1 >> "Connection: keep-alive[\r][\n]"
18:30:22.019 [Test worker] DEBUG com.github.dockerjava.zerodep.shaded.org.apache.hc.client5.http.wire - http-outgoing-1 >> "User-Agent: Apache-HttpClient/5.0.3 (Java/17.0.2)[\r][\n]"
18:30:22.019 [Test worker] DEBUG com.github.dockerjava.zerodep.shaded.org.apache.hc.client5.http.wire - http-outgoing-1 >> "[\r][\n]"
18:30:22.019 [Test worker] DEBUG com.github.dockerjava.zerodep.shaded.org.apache.hc.client5.http.wire - http-outgoing-1 << "HTTP/1.1 200 OK[\r][\n]"
18:30:22.019 [Test worker] DEBUG com.github.dockerjava.zerodep.shaded.org.apache.hc.client5.http.wire - http-outgoing-1 << "Api-Version: 1.41[\r][\n]"
18:30:22.019 [Test worker] DEBUG com.github.dockerjava.zerodep.shaded.org.apache.hc.client5.http.wire - http-outgoing-1 << "Content-Type: application/json[\r][\n]"
18:30:22.019 [Test worker] DEBUG com.github.dockerjava.zerodep.shaded.org.apache.hc.client5.http.wire - http-outgoing-1 << "Docker-Experimental: false[\r][\n]"
18:30:22.019 [Test worker] DEBUG com.github.dockerjava.zerodep.shaded.org.apache.hc.client5.http.wire - http-outgoing-1 << "Ostype: linux[\r][\n]"
18:30:22.019 [Test worker] DEBUG com.github.dockerjava.zerodep.shaded.org.apache.hc.client5.http.wire - http-outgoing-1 << "Server: Docker/20.10.17 (linux)[\r][\n]"
18:30:22.019 [Test worker] DEBUG com.github.dockerjava.zerodep.shaded.org.apache.hc.client5.http.wire - http-outgoing-1 << "Date: Thu, 08 Dec 2022 21:30:22 GMT[\r][\n]"
18:30:22.019 [Test worker] DEBUG com.github.dockerjava.zerodep.shaded.org.apache.hc.client5.http.wire - http-outgoing-1 << "Transfer-Encoding: chunked[\r][\n]"
18:30:22.019 [Test worker] DEBUG com.github.dockerjava.zerodep.shaded.org.apache.hc.client5.http.wire - http-outgoing-1 << "[\r][\n]"
18:30:22.019 [Test worker] DEBUG com.github.dockerjava.zerodep.shaded.org.apache.hc.client5.http.wire - http-outgoing-1 << "18a6[\r][\n]"
18:30:22.019 [Test worker] DEBUG com.github.dockerjava.zerodep.shaded.org.apache.hc.client5.http.wire - http-outgoing-1 << "{"Id":"b4fc7afd97457a2a6ec84592488a57f900fa52ed03fcd2dbaf8a116bc1f50ab3","Created":"2022-12-08T21:30:11.801619537Z","Path":"docker-entrypoint.sh","Args":["mysqld"],"State":{"Status":"running","Running":true,"Paused":false,"Restarting":false,"OOMKilled":false,"Dead":false,"Pid":148084,"ExitCode":0,"Error":"","StartedAt":"2022-12-08T21:30:12.370762583Z","FinishedAt":"0001-01-01T00:00:00Z"},"Image":"sha256:7484689f290f1defe06b65befc54cb6ad91a667cf0af59a265ffe76c46bd0478","ResolvConfPath":"/var/lib/docker/containers/b4fc7afd97457a2a6ec84592488a57f900fa52ed03fcd2dbaf8a116bc1f50ab3/resolv.conf","HostnamePath":"/var/lib/docker/containers/b4fc7afd97457a2a6ec84592488a57f900fa52ed03fcd2dbaf8a116bc1f50ab3/hostname","HostsPath":"/var/lib/docker/containers/b4fc7afd97457a2a6ec84592488a57f900fa52ed03fcd2dbaf8a116bc1f50ab3/hosts","LogPath":"/var/lib/docker/containers/b4fc7afd97457a2a6ec84592488a57f900fa52ed03fcd2dbaf8a116bc1f50ab3/b4fc7afd97457a2a6ec84592488a57f900fa52ed03fcd2dbaf8a116bc1f50ab3-json.log","Name":"/agitated_ptolemy","RestartCount":0,"Driver":"overlay2","Platform":"linux","MountLabel":"","ProcessLabel":"","AppArmorProfile":"docker-default","ExecIDs":null,"HostConfig":{"Binds":[],"ContainerIDFile":"","LogConfig":{"Type":"json-file","Config":{}},"NetworkMode":"default","PortBindings":{"3306/tcp":[{"HostIp":"","HostPort":""}]},"RestartPolicy":{"Name":"","MaximumRetryCount":0},"AutoRemove":false,"VolumeDriver":"","VolumesFrom":[],"CapAdd":null,"CapDrop":null,"CgroupnsMode":"private","Dns":null,"DnsOptions":null,"DnsSearch":null,"ExtraHosts":[],"GroupAdd":null,"IpcMode":"shareable","Cgroup":"","Links":null,"OomScoreAdj":0,"PidMode":"","Privileged":false,"PublishAllPorts":false,"ReadonlyRootfs":false,"SecurityOpt":null,"UTSMode":"","UsernsMode":"","ShmSize":67108864,"Runtime":"runc","ConsoleSize":[0,0],"Isolation":"","CpuShares":0,"Memory":0,"NanoCpus":0,"CgroupParent":"","BlkioWeight":0,"BlkioWeightDevice":null,"BlkioDeviceReadBps":null,"BlkioDeviceWriteBps":null,"BlkioDeviceReadIOps":null,"BlkioDeviceWriteIOps":null,"CpuPeriod":0,"CpuQuota":0,"CpuRealtimePeriod":0,"CpuRealtimeRuntime":0,"CpusetCpus":"","CpusetMems":"","Devices":null,"DeviceCgroupRules":null,"DeviceRequests":null,"KernelMemory":0,"KernelMemoryTCP":0,"MemoryReservation":0,"MemorySwap":0,"MemorySwappiness":null,"OomKillDisable":null,"PidsLimit":null,"Ulimits":null,"CpuCount":0,"CpuPercent":0,"IOMaximumIOps":0,"IOMaximumBandwidth":0,"MaskedPaths":["/proc/asound","/proc/acpi","/proc/kcore","/proc/keys","/proc/latency_stats","/proc/timer_list","/proc/timer_stats","/proc/sched_debug","/proc/scsi","/sys/firmware"],"ReadonlyPaths":["/proc/bus","/proc/fs","/proc/irq","/proc/sys","/proc/sysrq-trigger"]},"GraphDriver":{"Data":{"LowerDir":"/var/lib/docker/overlay2/05794d51525f65619c615558ef5f93d7c33eef44e12313fdcb3942911d0b5f7d-init/diff:/var/lib/docker/overlay2/f079a69cfd5e80e906b12f05a0c7bfaabc56ce63e947db68b722ae30905f1239/diff:/var/lib/docker/overlay2/9dfb63d6bb556846a13012421dde7951ef83a14d8ce1882287cce66f0f9bd055/diff:/var/lib/docker/overlay2/c4f8874ae33ddd14488f5051cd953acc020fa00ea72d28bd530450c0bc8f9903/diff:/var/lib/docker/overlay2/992683766b46aa5653160e6a34283b579a75000e230890d0ec0a6204af735697/diff:/var/lib/docker/overlay2/6e3fba0e1d6501c91c9bec723bb1364f75599c6c2026a6dc71773c88a49f890a/diff:/var/lib/docker/overlay2/c6c2a366f45a69704761d45d296d71bf2bf315efb15cb06ad88925ed235fad81/diff:/var/lib/docker/overlay2/7555f9b18615244719d04b23296ba418195e5e569d47baf9f1da7c3f053fe194/diff:/var/lib/docker/overlay2/7752eb17f8f8ba44a5ed178f499901fa7eb6f2e031c29ab160ee4eff4db8edaa/diff:/var/lib/docker/overlay2/9683de8b3733106f256bd0eabc7cae13623b14493b9212e863449d42b8a87390/diff:/var/lib/docker/overlay2/f5e28e407d8811526fb7dd82e4fed08d5d3124c0f22f1a9496ed27b2b457d3dd/diff:/var/lib/docker/overlay2/e2980c91c6b3331cff3994ca6f327955bb5feaef0f96bc64edce80631fdbf829/diff","MergedDir":"/var/lib/docker/overlay2/05794d51525f65619c615558ef5f93d7c33eef44e12313fdcb3942911d0b5f7d/merged","UpperDir":"/var/lib/docker/overlay2/05794d51525f65619c615558ef5f93d7c33eef44e12313fdcb3942911d0b5f7d/diff","WorkDir":"/var/lib/docker/overlay2/05794d51525f65619c615558ef5f93d7c33eef44e12313fdcb3942911d0b5f7d/work"},"Name":"overlay2"},"Mounts":[{"Type":"volume","Name":"fe29345a30f82a1c969c40b069133e9d87168ce95967d67ac182ee42c059affb","Source":"/var/lib/docker/volumes/fe29345a30f82a1c969c40b069133e9d87168ce95967d67ac182ee42c059affb/_data","Destination":"/var/lib/mysql","Driver":"local","Mode":"","RW":true,"Propagation":""}],"Config":{"Hostname":"b4fc7afd9745","Domainname":"","User":"","AttachStdin":false,"AttachStdout":false,"AttachStderr":false,"ExposedPorts":{"3306/tcp":{},"33060/tcp":{}},"Tty":false,"OpenStdin":false,"StdinOnce":false,"Env":["MYSQL_DATABASE=adm_videos","MYSQL_PASSWORD=123456","MYSQL_ROOT_PASSWORD=123456","PATH=/usr/local/sbin:/usr/local/bin:/usr/sbin:/usr/bin:/sbin:/bin","GOSU_VERSION=1.14","MYSQL_MAJOR=8.0","MYSQL_VERSION=8.0.31-1.el8","MYSQL_SHELL_VERSION=8.0.31-1.el8"],"Cmd":["mysqld"],"Image":"mysql:latest","Volumes":{"/var/lib/mysql":{}},"WorkingDir":"","Entrypoint":["docker-entrypoint.sh"],"OnBuild":null,"Labels":{"org.testcontainers":"true","org.testcontainers.sessionId":"cdd139c9-cde1-4429-bea7-edb0e651ba16"}},"NetworkSettings":{"Bridge":"","SandboxID":"8404ec7d59006489fa5b6638879180586e9aa24c1c3ae79d40e26a8f453c93b1","HairpinMode":false,"LinkLocalIPv6Address":"","LinkLocalIPv6PrefixLen":0,"Ports":{"3306/tcp":[{"HostIp":"0.0.0.0","HostPort":"49156"},{"HostIp":"::","HostPort":"49156"}],"33060/tcp":null},"SandboxKey":"/var/run/docker/netns/8404ec7d5900","SecondaryIPAddresses":null,"SecondaryIPv6Addresses":null,"EndpointID":"28c851b70d88131a783e3d87b7c50320df5f3250ebca621b1b39353a2424212a","Gateway":"172.17.0.1","GlobalIPv6Address":"","GlobalIPv6PrefixLen":0,"IPAddress":"172.17.0.3","IPPrefixLen":16,"IPv6Gateway":"","MacAddress":"02:42:ac:11:00:03","Networks":{"bridge":{"IPAMConfig":null,"Links":null,"Aliases":null,"NetworkID":"bf06afe94eca8b5ab91eae0dbaa8561a6dd16832d429dcdbaa7ed1e003cfbe56","EndpointID":"28c851b70d88131a783e3d87b7c50320df5f3250ebca621b1b39353a2424212a","Gateway":"172.17.0.1","IPAddress":"172.17.0.3","IPPrefixLen":16,"IPv6Gateway":"","GlobalIPv6Address":"","GlobalIPv6PrefixLen":0,"MacAddress":"02:42:ac:11:00:03","DriverOpts":null}}}}[\n]"
18:30:22.019 [Test worker] DEBUG com.github.dockerjava.zerodep.shaded.org.apache.hc.client5.http.wire - http-outgoing-1 << "[\r][\n]"
18:30:22.019 [Test worker] DEBUG com.github.dockerjava.zerodep.shaded.org.apache.hc.client5.http.wire - http-outgoing-1 << "0[\r][\n]"
18:30:22.019 [Test worker] DEBUG com.github.dockerjava.zerodep.shaded.org.apache.hc.client5.http.wire - http-outgoing-1 << "[\r][\n]"
18:30:22.019 [Test worker] DEBUG com.github.dockerjava.zerodep.shaded.org.apache.hc.client5.http.headers - http-outgoing-1 << HTTP/1.1 200 OK
18:30:22.019 [Test worker] DEBUG com.github.dockerjava.zerodep.shaded.org.apache.hc.client5.http.headers - http-outgoing-1 << Api-Version: 1.41
18:30:22.019 [Test worker] DEBUG com.github.dockerjava.zerodep.shaded.org.apache.hc.client5.http.headers - http-outgoing-1 << Content-Type: application/json
18:30:22.019 [Test worker] DEBUG com.github.dockerjava.zerodep.shaded.org.apache.hc.client5.http.headers - http-outgoing-1 << Docker-Experimental: false
18:30:22.019 [Test worker] DEBUG com.github.dockerjava.zerodep.shaded.org.apache.hc.client5.http.headers - http-outgoing-1 << Ostype: linux
18:30:22.019 [Test worker] DEBUG com.github.dockerjava.zerodep.shaded.org.apache.hc.client5.http.headers - http-outgoing-1 << Server: Docker/20.10.17 (linux)
18:30:22.019 [Test worker] DEBUG com.github.dockerjava.zerodep.shaded.org.apache.hc.client5.http.headers - http-outgoing-1 << Date: Thu, 08 Dec 2022 21:30:22 GMT
18:30:22.019 [Test worker] DEBUG com.github.dockerjava.zerodep.shaded.org.apache.hc.client5.http.headers - http-outgoing-1 << Transfer-Encoding: chunked
18:30:22.019 [Test worker] DEBUG com.github.dockerjava.zerodep.shaded.org.apache.hc.client5.http.impl.classic.MainClientExec - ex-00000064: connection can be kept alive for 3 MINUTES
18:30:22.020 [Test worker] DEBUG com.github.dockerjava.zerodep.shaded.org.apache.hc.client5.http.impl.classic.InternalHttpClient - ep-00000063: releasing valid endpoint
18:30:22.020 [Test worker] DEBUG com.github.dockerjava.zerodep.shaded.org.apache.hc.client5.http.impl.io.PoolingHttpClientConnectionManager - ep-00000063: releasing endpoint
18:30:22.020 [Test worker] DEBUG com.github.dockerjava.zerodep.shaded.org.apache.hc.client5.http.impl.io.PoolingHttpClientConnectionManager - ep-00000063: connection http-outgoing-1 can be kept alive for 3 MINUTES
18:30:22.020 [Test worker] DEBUG com.github.dockerjava.zerodep.shaded.org.apache.hc.client5.http.impl.io.PoolingHttpClientConnectionManager - ep-00000063: connection released [route: {}->unix://localhost:2375][total available: 1; route allocated: 1 of 2147483647; total allocated: 1 of 2147483647]
18:30:22.020 [Test worker] DEBUG ]]>&#x1f433;<![CDATA[ [mysql:latest] - Trying to create JDBC connection using com.mysql.cj.jdbc.Driver to jdbc:mysql://localhost:49156/adm_videos?useSSL=false&allowPublicKeyRetrieval=true with properties: {password=123456, user=root}
18:30:22.121 [Test worker] DEBUG org.testcontainers.shaded.com.github.dockerjava.core.command.AbstrDockerCmd - Cmd: b4fc7afd97457a2a6ec84592488a57f900fa52ed03fcd2dbaf8a116bc1f50ab3,false
18:30:22.121 [Test worker] DEBUG org.testcontainers.shaded.com.github.dockerjava.core.exec.InspectContainerCmdExec - GET: DefaultWebTarget{path=[/containers/b4fc7afd97457a2a6ec84592488a57f900fa52ed03fcd2dbaf8a116bc1f50ab3/json], queryParams={}}
18:30:22.121 [Test worker] DEBUG com.github.dockerjava.zerodep.shaded.org.apache.hc.client5.http.impl.classic.InternalHttpClient - ex-00000065: preparing request execution
18:30:22.121 [Test worker] DEBUG com.github.dockerjava.zerodep.shaded.org.apache.hc.client5.http.protocol.RequestAddCookies - Cookie spec selected: strict
18:30:22.121 [Test worker] DEBUG com.github.dockerjava.zerodep.shaded.org.apache.hc.client5.http.protocol.RequestAuthCache - Auth cache not set in the context
18:30:22.122 [Test worker] DEBUG com.github.dockerjava.zerodep.shaded.org.apache.hc.client5.http.impl.classic.ProtocolExec - ex-00000065: target auth state: UNCHALLENGED
18:30:22.122 [Test worker] DEBUG com.github.dockerjava.zerodep.shaded.org.apache.hc.client5.http.impl.classic.ProtocolExec - ex-00000065: proxy auth state: UNCHALLENGED
18:30:22.122 [Test worker] DEBUG com.github.dockerjava.zerodep.shaded.org.apache.hc.client5.http.impl.classic.ConnectExec - ex-00000065: acquiring connection with route {}->unix://localhost:2375
18:30:22.122 [Test worker] DEBUG com.github.dockerjava.zerodep.shaded.org.apache.hc.client5.http.impl.classic.InternalHttpClient - ex-00000065: acquiring endpoint (3 MINUTES)
18:30:22.122 [Test worker] DEBUG com.github.dockerjava.zerodep.shaded.org.apache.hc.client5.http.impl.io.PoolingHttpClientConnectionManager - ex-00000065: endpoint lease request (3 MINUTES) [route: {}->unix://localhost:2375][total available: 1; route allocated: 1 of 2147483647; total allocated: 1 of 2147483647]
18:30:22.122 [Test worker] DEBUG com.github.dockerjava.zerodep.shaded.org.apache.hc.client5.http.impl.io.PoolingHttpClientConnectionManager - ex-00000065: endpoint leased [route: {}->unix://localhost:2375][total available: 0; route allocated: 1 of 2147483647; total allocated: 1 of 2147483647]
18:30:22.122 [Test worker] DEBUG com.github.dockerjava.zerodep.shaded.org.apache.hc.client5.http.impl.io.PoolingHttpClientConnectionManager - ex-00000065: acquired ep-00000064
18:30:22.122 [Test worker] DEBUG com.github.dockerjava.zerodep.shaded.org.apache.hc.client5.http.impl.classic.InternalHttpClient - ex-00000065: acquired endpoint ep-00000064
18:30:22.122 [Test worker] DEBUG com.github.dockerjava.zerodep.shaded.org.apache.hc.client5.http.impl.classic.MainClientExec - ex-00000065: executing GET /v1.32/containers/b4fc7afd97457a2a6ec84592488a57f900fa52ed03fcd2dbaf8a116bc1f50ab3/json HTTP/1.1
18:30:22.122 [Test worker] DEBUG com.github.dockerjava.zerodep.shaded.org.apache.hc.client5.http.impl.classic.InternalHttpClient - ep-00000064: start execution ex-00000065
18:30:22.122 [Test worker] DEBUG com.github.dockerjava.zerodep.shaded.org.apache.hc.client5.http.impl.io.PoolingHttpClientConnectionManager - ep-00000064: executing exchange ex-00000065 over http-outgoing-1
18:30:22.122 [Test worker] DEBUG com.github.dockerjava.zerodep.shaded.org.apache.hc.client5.http.headers - http-outgoing-1 >> GET /v1.32/containers/b4fc7afd97457a2a6ec84592488a57f900fa52ed03fcd2dbaf8a116bc1f50ab3/json HTTP/1.1
18:30:22.122 [Test worker] DEBUG com.github.dockerjava.zerodep.shaded.org.apache.hc.client5.http.headers - http-outgoing-1 >> accept: application/json
18:30:22.122 [Test worker] DEBUG com.github.dockerjava.zerodep.shaded.org.apache.hc.client5.http.headers - http-outgoing-1 >> x-tc-sid: cdd139c9-cde1-4429-bea7-edb0e651ba16
18:30:22.122 [Test worker] DEBUG com.github.dockerjava.zerodep.shaded.org.apache.hc.client5.http.headers - http-outgoing-1 >> Accept-Encoding: gzip, x-gzip, deflate
18:30:22.122 [Test worker] DEBUG com.github.dockerjava.zerodep.shaded.org.apache.hc.client5.http.headers - http-outgoing-1 >> Host: localhost:2375
18:30:22.122 [Test worker] DEBUG com.github.dockerjava.zerodep.shaded.org.apache.hc.client5.http.headers - http-outgoing-1 >> Connection: keep-alive
18:30:22.122 [Test worker] DEBUG com.github.dockerjava.zerodep.shaded.org.apache.hc.client5.http.headers - http-outgoing-1 >> User-Agent: Apache-HttpClient/5.0.3 (Java/17.0.2)
18:30:22.122 [Test worker] DEBUG com.github.dockerjava.zerodep.shaded.org.apache.hc.client5.http.wire - http-outgoing-1 >> "GET /v1.32/containers/b4fc7afd97457a2a6ec84592488a57f900fa52ed03fcd2dbaf8a116bc1f50ab3/json HTTP/1.1[\r][\n]"
18:30:22.122 [Test worker] DEBUG com.github.dockerjava.zerodep.shaded.org.apache.hc.client5.http.wire - http-outgoing-1 >> "accept: application/json[\r][\n]"
18:30:22.122 [Test worker] DEBUG com.github.dockerjava.zerodep.shaded.org.apache.hc.client5.http.wire - http-outgoing-1 >> "x-tc-sid: cdd139c9-cde1-4429-bea7-edb0e651ba16[\r][\n]"
18:30:22.122 [Test worker] DEBUG com.github.dockerjava.zerodep.shaded.org.apache.hc.client5.http.wire - http-outgoing-1 >> "Accept-Encoding: gzip, x-gzip, deflate[\r][\n]"
18:30:22.122 [Test worker] DEBUG com.github.dockerjava.zerodep.shaded.org.apache.hc.client5.http.wire - http-outgoing-1 >> "Host: localhost:2375[\r][\n]"
18:30:22.122 [Test worker] DEBUG com.github.dockerjava.zerodep.shaded.org.apache.hc.client5.http.wire - http-outgoing-1 >> "Connection: keep-alive[\r][\n]"
18:30:22.122 [Test worker] DEBUG com.github.dockerjava.zerodep.shaded.org.apache.hc.client5.http.wire - http-outgoing-1 >> "User-Agent: Apache-HttpClient/5.0.3 (Java/17.0.2)[\r][\n]"
18:30:22.122 [Test worker] DEBUG com.github.dockerjava.zerodep.shaded.org.apache.hc.client5.http.wire - http-outgoing-1 >> "[\r][\n]"
18:30:22.124 [Test worker] DEBUG com.github.dockerjava.zerodep.shaded.org.apache.hc.client5.http.wire - http-outgoing-1 << "HTTP/1.1 200 OK[\r][\n]"
18:30:22.124 [Test worker] DEBUG com.github.dockerjava.zerodep.shaded.org.apache.hc.client5.http.wire - http-outgoing-1 << "Api-Version: 1.41[\r][\n]"
18:30:22.124 [Test worker] DEBUG com.github.dockerjava.zerodep.shaded.org.apache.hc.client5.http.wire - http-outgoing-1 << "Content-Type: application/json[\r][\n]"
18:30:22.124 [Test worker] DEBUG com.github.dockerjava.zerodep.shaded.org.apache.hc.client5.http.wire - http-outgoing-1 << "Docker-Experimental: false[\r][\n]"
18:30:22.124 [Test worker] DEBUG com.github.dockerjava.zerodep.shaded.org.apache.hc.client5.http.wire - http-outgoing-1 << "Ostype: linux[\r][\n]"
18:30:22.124 [Test worker] DEBUG com.github.dockerjava.zerodep.shaded.org.apache.hc.client5.http.wire - http-outgoing-1 << "Server: Docker/20.10.17 (linux)[\r][\n]"
18:30:22.124 [Test worker] DEBUG com.github.dockerjava.zerodep.shaded.org.apache.hc.client5.http.wire - http-outgoing-1 << "Date: Thu, 08 Dec 2022 21:30:22 GMT[\r][\n]"
18:30:22.124 [Test worker] DEBUG com.github.dockerjava.zerodep.shaded.org.apache.hc.client5.http.wire - http-outgoing-1 << "Transfer-Encoding: chunked[\r][\n]"
18:30:22.124 [Test worker] DEBUG com.github.dockerjava.zerodep.shaded.org.apache.hc.client5.http.wire - http-outgoing-1 << "[\r][\n]"
18:30:22.124 [Test worker] DEBUG com.github.dockerjava.zerodep.shaded.org.apache.hc.client5.http.wire - http-outgoing-1 << "18a6[\r][\n]"
18:30:22.124 [Test worker] DEBUG com.github.dockerjava.zerodep.shaded.org.apache.hc.client5.http.wire - http-outgoing-1 << "{"Id":"b4fc7afd97457a2a6ec84592488a57f900fa52ed03fcd2dbaf8a116bc1f50ab3","Created":"2022-12-08T21:30:11.801619537Z","Path":"docker-entrypoint.sh","Args":["mysqld"],"State":{"Status":"running","Running":true,"Paused":false,"Restarting":false,"OOMKilled":false,"Dead":false,"Pid":148084,"ExitCode":0,"Error":"","StartedAt":"2022-12-08T21:30:12.370762583Z","FinishedAt":"0001-01-01T00:00:00Z"},"Image":"sha256:7484689f290f1defe06b65befc54cb6ad91a667cf0af59a265ffe76c46bd0478","ResolvConfPath":"/var/lib/docker/containers/b4fc7afd97457a2a6ec84592488a57f900fa52ed03fcd2dbaf8a116bc1f50ab3/resolv.conf","HostnamePath":"/var/lib/docker/containers/b4fc7afd97457a2a6ec84592488a57f900fa52ed03fcd2dbaf8a116bc1f50ab3/hostname","HostsPath":"/var/lib/docker/containers/b4fc7afd97457a2a6ec84592488a57f900fa52ed03fcd2dbaf8a116bc1f50ab3/hosts","LogPath":"/var/lib/docker/containers/b4fc7afd97457a2a6ec84592488a57f900fa52ed03fcd2dbaf8a116bc1f50ab3/b4fc7afd97457a2a6ec84592488a57f900fa52ed03fcd2dbaf8a116bc1f50ab3-json.log","Name":"/agitated_ptolemy","RestartCount":0,"Driver":"overlay2","Platform":"linux","MountLabel":"","ProcessLabel":"","AppArmorProfile":"docker-default","ExecIDs":null,"HostConfig":{"Binds":[],"ContainerIDFile":"","LogConfig":{"Type":"json-file","Config":{}},"NetworkMode":"default","PortBindings":{"3306/tcp":[{"HostIp":"","HostPort":""}]},"RestartPolicy":{"Name":"","MaximumRetryCount":0},"AutoRemove":false,"VolumeDriver":"","VolumesFrom":[],"CapAdd":null,"CapDrop":null,"CgroupnsMode":"private","Dns":null,"DnsOptions":null,"DnsSearch":null,"ExtraHosts":[],"GroupAdd":null,"IpcMode":"shareable","Cgroup":"","Links":null,"OomScoreAdj":0,"PidMode":"","Privileged":false,"PublishAllPorts":false,"ReadonlyRootfs":false,"SecurityOpt":null,"UTSMode":"","UsernsMode":"","ShmSize":67108864,"Runtime":"runc","ConsoleSize":[0,0],"Isolation":"","CpuShares":0,"Memory":0,"NanoCpus":0,"CgroupParent":"","BlkioWeight":0,"BlkioWeightDevice":null,"BlkioDeviceReadBps":null,"BlkioDeviceWriteBps":null,"BlkioDeviceReadIOps":null,"BlkioDeviceWriteIOps":null,"CpuPeriod":0,"CpuQuota":0,"CpuRealtimePeriod":0,"CpuRealtimeRuntime":0,"CpusetCpus":"","CpusetMems":"","Devices":null,"DeviceCgroupRules":null,"DeviceRequests":null,"KernelMemory":0,"KernelMemoryTCP":0,"MemoryReservation":0,"MemorySwap":0,"MemorySwappiness":null,"OomKillDisable":null,"PidsLimit":null,"Ulimits":null,"CpuCount":0,"CpuPercent":0,"IOMaximumIOps":0,"IOMaximumBandwidth":0,"MaskedPaths":["/proc/asound","/proc/acpi","/proc/kcore","/proc/keys","/proc/latency_stats","/proc/timer_list","/proc/timer_stats","/proc/sched_debug","/proc/scsi","/sys/firmware"],"ReadonlyPaths":["/proc/bus","/proc/fs","/proc/irq","/proc/sys","/proc/sysrq-trigger"]},"GraphDriver":{"Data":{"LowerDir":"/var/lib/docker/overlay2/05794d51525f65619c615558ef5f93d7c33eef44e12313fdcb3942911d0b5f7d-init/diff:/var/lib/docker/overlay2/f079a69cfd5e80e906b12f05a0c7bfaabc56ce63e947db68b722ae30905f1239/diff:/var/lib/docker/overlay2/9dfb63d6bb556846a13012421dde7951ef83a14d8ce1882287cce66f0f9bd055/diff:/var/lib/docker/overlay2/c4f8874ae33ddd14488f5051cd953acc020fa00ea72d28bd530450c0bc8f9903/diff:/var/lib/docker/overlay2/992683766b46aa5653160e6a34283b579a75000e230890d0ec0a6204af735697/diff:/var/lib/docker/overlay2/6e3fba0e1d6501c91c9bec723bb1364f75599c6c2026a6dc71773c88a49f890a/diff:/var/lib/docker/overlay2/c6c2a366f45a69704761d45d296d71bf2bf315efb15cb06ad88925ed235fad81/diff:/var/lib/docker/overlay2/7555f9b18615244719d04b23296ba418195e5e569d47baf9f1da7c3f053fe194/diff:/var/lib/docker/overlay2/7752eb17f8f8ba44a5ed178f499901fa7eb6f2e031c29ab160ee4eff4db8edaa/diff:/var/lib/docker/overlay2/9683de8b3733106f256bd0eabc7cae13623b14493b9212e863449d42b8a87390/diff:/var/lib/docker/overlay2/f5e28e407d8811526fb7dd82e4fed08d5d3124c0f22f1a9496ed27b2b457d3dd/diff:/var/lib/docker/overlay2/e2980c91c6b3331cff3994ca6f327955bb5feaef0f96bc64edce80631fdbf829/diff","MergedDir":"/var/lib/docker/overlay2/05794d51525f65619c615558ef5f93d7c33eef44e12313fdcb3942911d0b5f7d/merged","UpperDir":"/var/lib/docker/overlay2/05794d51525f65619c615558ef5f93d7c33eef44e12313fdcb3942911d0b5f7d/diff","WorkDir":"/var/lib/docker/overlay2/05794d51525f65619c615558ef5f93d7c33eef44e12313fdcb3942911d0b5f7d/work"},"Name":"overlay2"},"Mounts":[{"Type":"volume","Name":"fe29345a30f82a1c969c40b069133e9d87168ce95967d67ac182ee42c059affb","Source":"/var/lib/docker/volumes/fe29345a30f82a1c969c40b069133e9d87168ce95967d67ac182ee42c059affb/_data","Destination":"/var/lib/mysql","Driver":"local","Mode":"","RW":true,"Propagation":""}],"Config":{"Hostname":"b4fc7afd9745","Domainname":"","User":"","AttachStdin":false,"AttachStdout":false,"AttachStderr":false,"ExposedPorts":{"3306/tcp":{},"33060/tcp":{}},"Tty":false,"OpenStdin":false,"StdinOnce":false,"Env":["MYSQL_DATABASE=adm_videos","MYSQL_PASSWORD=123456","MYSQL_ROOT_PASSWORD=123456","PATH=/usr/local/sbin:/usr/local/bin:/usr/sbin:/usr/bin:/sbin:/bin","GOSU_VERSION=1.14","MYSQL_MAJOR=8.0","MYSQL_VERSION=8.0.31-1.el8","MYSQL_SHELL_VERSION=8.0.31-1.el8"],"Cmd":["mysqld"],"Image":"mysql:latest","Volumes":{"/var/lib/mysql":{}},"WorkingDir":"","Entrypoint":["docker-entrypoint.sh"],"OnBuild":null,"Labels":{"org.testcontainers":"true","org.testcontainers.sessionId":"cdd139c9-cde1-4429-bea7-edb0e651ba16"}},"NetworkSettings":{"Bridge":"","SandboxID":"8404ec7d59006489fa5b6638879180586e9aa24c1c3ae79d40e26a8f453c93b1","HairpinMode":false,"LinkLocalIPv6Address":"","LinkLocalIPv6PrefixLen":0,"Ports":{"3306/tcp":[{"HostIp":"0.0.0.0","HostPort":"49156"},{"HostIp":"::","HostPort":"49156"}],"33060/tcp":null},"SandboxKey":"/var/run/docker/netns/8404ec7d5900","SecondaryIPAddresses":null,"SecondaryIPv6Addresses":null,"EndpointID":"28c851b70d88131a783e3d87b7c50320df5f3250ebca621b1b39353a2424212a","Gateway":"172.17.0.1","GlobalIPv6Address":"","GlobalIPv6PrefixLen":0,"IPAddress":"172.17.0.3","IPPrefixLen":16,"IPv6Gateway":"","MacAddress":"02:42:ac:11:00:03","Networks":{"bridge":{"IPAMConfig":null,"Links":null,"Aliases":null,"NetworkID":"bf06afe94eca8b5ab91eae0dbaa8561a6dd16832d429dcdbaa7ed1e003cfbe56","EndpointID":"28c851b70d88131a783e3d87b7c50320df5f3250ebca621b1b39353a2424212a","Gateway":"172.17.0.1","IPAddress":"172.17.0.3","IPPrefixLen":16,"IPv6Gateway":"","GlobalIPv6Address":"","GlobalIPv6PrefixLen":0,"MacAddress":"02:42:ac:11:00:03","DriverOpts":null}}}}[\n]"
18:30:22.124 [Test worker] DEBUG com.github.dockerjava.zerodep.shaded.org.apache.hc.client5.http.wire - http-outgoing-1 << "[\r][\n]"
18:30:22.124 [Test worker] DEBUG com.github.dockerjava.zerodep.shaded.org.apache.hc.client5.http.wire - http-outgoing-1 << "0[\r][\n]"
18:30:22.124 [Test worker] DEBUG com.github.dockerjava.zerodep.shaded.org.apache.hc.client5.http.wire - http-outgoing-1 << "[\r][\n]"
18:30:22.125 [Test worker] DEBUG com.github.dockerjava.zerodep.shaded.org.apache.hc.client5.http.headers - http-outgoing-1 << HTTP/1.1 200 OK
18:30:22.125 [Test worker] DEBUG com.github.dockerjava.zerodep.shaded.org.apache.hc.client5.http.headers - http-outgoing-1 << Api-Version: 1.41
18:30:22.125 [Test worker] DEBUG com.github.dockerjava.zerodep.shaded.org.apache.hc.client5.http.headers - http-outgoing-1 << Content-Type: application/json
18:30:22.125 [Test worker] DEBUG com.github.dockerjava.zerodep.shaded.org.apache.hc.client5.http.headers - http-outgoing-1 << Docker-Experimental: false
18:30:22.125 [Test worker] DEBUG com.github.dockerjava.zerodep.shaded.org.apache.hc.client5.http.headers - http-outgoing-1 << Ostype: linux
18:30:22.125 [Test worker] DEBUG com.github.dockerjava.zerodep.shaded.org.apache.hc.client5.http.headers - http-outgoing-1 << Server: Docker/20.10.17 (linux)
18:30:22.125 [Test worker] DEBUG com.github.dockerjava.zerodep.shaded.org.apache.hc.client5.http.headers - http-outgoing-1 << Date: Thu, 08 Dec 2022 21:30:22 GMT
18:30:22.125 [Test worker] DEBUG com.github.dockerjava.zerodep.shaded.org.apache.hc.client5.http.headers - http-outgoing-1 << Transfer-Encoding: chunked
18:30:22.126 [Test worker] DEBUG com.github.dockerjava.zerodep.shaded.org.apache.hc.client5.http.impl.classic.MainClientExec - ex-00000065: connection can be kept alive for 3 MINUTES
18:30:22.127 [Test worker] DEBUG com.github.dockerjava.zerodep.shaded.org.apache.hc.client5.http.impl.classic.InternalHttpClient - ep-00000064: releasing valid endpoint
18:30:22.127 [Test worker] DEBUG com.github.dockerjava.zerodep.shaded.org.apache.hc.client5.http.impl.io.PoolingHttpClientConnectionManager - ep-00000064: releasing endpoint
18:30:22.127 [Test worker] DEBUG com.github.dockerjava.zerodep.shaded.org.apache.hc.client5.http.impl.io.PoolingHttpClientConnectionManager - ep-00000064: connection http-outgoing-1 can be kept alive for 3 MINUTES
18:30:22.127 [Test worker] DEBUG com.github.dockerjava.zerodep.shaded.org.apache.hc.client5.http.impl.io.PoolingHttpClientConnectionManager - ep-00000064: connection released [route: {}->unix://localhost:2375][total available: 1; route allocated: 1 of 2147483647; total allocated: 1 of 2147483647]
18:30:22.127 [Test worker] DEBUG ]]>&#x1f433;<![CDATA[ [mysql:latest] - Trying to create JDBC connection using com.mysql.cj.jdbc.Driver to jdbc:mysql://localhost:49156/adm_videos?useSSL=false&allowPublicKeyRetrieval=true with properties: {password=123456, user=root}
18:30:22.228 [Test worker] DEBUG org.testcontainers.shaded.com.github.dockerjava.core.command.AbstrDockerCmd - Cmd: b4fc7afd97457a2a6ec84592488a57f900fa52ed03fcd2dbaf8a116bc1f50ab3,false
18:30:22.229 [Test worker] DEBUG org.testcontainers.shaded.com.github.dockerjava.core.exec.InspectContainerCmdExec - GET: DefaultWebTarget{path=[/containers/b4fc7afd97457a2a6ec84592488a57f900fa52ed03fcd2dbaf8a116bc1f50ab3/json], queryParams={}}
18:30:22.229 [Test worker] DEBUG com.github.dockerjava.zerodep.shaded.org.apache.hc.client5.http.impl.classic.InternalHttpClient - ex-00000066: preparing request execution
18:30:22.229 [Test worker] DEBUG com.github.dockerjava.zerodep.shaded.org.apache.hc.client5.http.protocol.RequestAddCookies - Cookie spec selected: strict
18:30:22.229 [Test worker] DEBUG com.github.dockerjava.zerodep.shaded.org.apache.hc.client5.http.protocol.RequestAuthCache - Auth cache not set in the context
18:30:22.229 [Test worker] DEBUG com.github.dockerjava.zerodep.shaded.org.apache.hc.client5.http.impl.classic.ProtocolExec - ex-00000066: target auth state: UNCHALLENGED
18:30:22.229 [Test worker] DEBUG com.github.dockerjava.zerodep.shaded.org.apache.hc.client5.http.impl.classic.ProtocolExec - ex-00000066: proxy auth state: UNCHALLENGED
18:30:22.229 [Test worker] DEBUG com.github.dockerjava.zerodep.shaded.org.apache.hc.client5.http.impl.classic.ConnectExec - ex-00000066: acquiring connection with route {}->unix://localhost:2375
18:30:22.229 [Test worker] DEBUG com.github.dockerjava.zerodep.shaded.org.apache.hc.client5.http.impl.classic.InternalHttpClient - ex-00000066: acquiring endpoint (3 MINUTES)
18:30:22.229 [Test worker] DEBUG com.github.dockerjava.zerodep.shaded.org.apache.hc.client5.http.impl.io.PoolingHttpClientConnectionManager - ex-00000066: endpoint lease request (3 MINUTES) [route: {}->unix://localhost:2375][total available: 1; route allocated: 1 of 2147483647; total allocated: 1 of 2147483647]
18:30:22.229 [Test worker] DEBUG com.github.dockerjava.zerodep.shaded.org.apache.hc.client5.http.impl.io.PoolingHttpClientConnectionManager - ex-00000066: endpoint leased [route: {}->unix://localhost:2375][total available: 0; route allocated: 1 of 2147483647; total allocated: 1 of 2147483647]
18:30:22.229 [Test worker] DEBUG com.github.dockerjava.zerodep.shaded.org.apache.hc.client5.http.impl.io.PoolingHttpClientConnectionManager - ex-00000066: acquired ep-00000065
18:30:22.229 [Test worker] DEBUG com.github.dockerjava.zerodep.shaded.org.apache.hc.client5.http.impl.classic.InternalHttpClient - ex-00000066: acquired endpoint ep-00000065
18:30:22.229 [Test worker] DEBUG com.github.dockerjava.zerodep.shaded.org.apache.hc.client5.http.impl.classic.MainClientExec - ex-00000066: executing GET /v1.32/containers/b4fc7afd97457a2a6ec84592488a57f900fa52ed03fcd2dbaf8a116bc1f50ab3/json HTTP/1.1
18:30:22.229 [Test worker] DEBUG com.github.dockerjava.zerodep.shaded.org.apache.hc.client5.http.impl.classic.InternalHttpClient - ep-00000065: start execution ex-00000066
18:30:22.229 [Test worker] DEBUG com.github.dockerjava.zerodep.shaded.org.apache.hc.client5.http.impl.io.PoolingHttpClientConnectionManager - ep-00000065: executing exchange ex-00000066 over http-outgoing-1
18:30:22.229 [Test worker] DEBUG com.github.dockerjava.zerodep.shaded.org.apache.hc.client5.http.headers - http-outgoing-1 >> GET /v1.32/containers/b4fc7afd97457a2a6ec84592488a57f900fa52ed03fcd2dbaf8a116bc1f50ab3/json HTTP/1.1
18:30:22.229 [Test worker] DEBUG com.github.dockerjava.zerodep.shaded.org.apache.hc.client5.http.headers - http-outgoing-1 >> accept: application/json
18:30:22.229 [Test worker] DEBUG com.github.dockerjava.zerodep.shaded.org.apache.hc.client5.http.headers - http-outgoing-1 >> x-tc-sid: cdd139c9-cde1-4429-bea7-edb0e651ba16
18:30:22.229 [Test worker] DEBUG com.github.dockerjava.zerodep.shaded.org.apache.hc.client5.http.headers - http-outgoing-1 >> Accept-Encoding: gzip, x-gzip, deflate
18:30:22.229 [Test worker] DEBUG com.github.dockerjava.zerodep.shaded.org.apache.hc.client5.http.headers - http-outgoing-1 >> Host: localhost:2375
18:30:22.229 [Test worker] DEBUG com.github.dockerjava.zerodep.shaded.org.apache.hc.client5.http.headers - http-outgoing-1 >> Connection: keep-alive
18:30:22.229 [Test worker] DEBUG com.github.dockerjava.zerodep.shaded.org.apache.hc.client5.http.headers - http-outgoing-1 >> User-Agent: Apache-HttpClient/5.0.3 (Java/17.0.2)
18:30:22.229 [Test worker] DEBUG com.github.dockerjava.zerodep.shaded.org.apache.hc.client5.http.wire - http-outgoing-1 >> "GET /v1.32/containers/b4fc7afd97457a2a6ec84592488a57f900fa52ed03fcd2dbaf8a116bc1f50ab3/json HTTP/1.1[\r][\n]"
18:30:22.229 [Test worker] DEBUG com.github.dockerjava.zerodep.shaded.org.apache.hc.client5.http.wire - http-outgoing-1 >> "accept: application/json[\r][\n]"
18:30:22.229 [Test worker] DEBUG com.github.dockerjava.zerodep.shaded.org.apache.hc.client5.http.wire - http-outgoing-1 >> "x-tc-sid: cdd139c9-cde1-4429-bea7-edb0e651ba16[\r][\n]"
18:30:22.229 [Test worker] DEBUG com.github.dockerjava.zerodep.shaded.org.apache.hc.client5.http.wire - http-outgoing-1 >> "Accept-Encoding: gzip, x-gzip, deflate[\r][\n]"
18:30:22.229 [Test worker] DEBUG com.github.dockerjava.zerodep.shaded.org.apache.hc.client5.http.wire - http-outgoing-1 >> "Host: localhost:2375[\r][\n]"
18:30:22.229 [Test worker] DEBUG com.github.dockerjava.zerodep.shaded.org.apache.hc.client5.http.wire - http-outgoing-1 >> "Connection: keep-alive[\r][\n]"
18:30:22.229 [Test worker] DEBUG com.github.dockerjava.zerodep.shaded.org.apache.hc.client5.http.wire - http-outgoing-1 >> "User-Agent: Apache-HttpClient/5.0.3 (Java/17.0.2)[\r][\n]"
18:30:22.229 [Test worker] DEBUG com.github.dockerjava.zerodep.shaded.org.apache.hc.client5.http.wire - http-outgoing-1 >> "[\r][\n]"
18:30:22.230 [Test worker] DEBUG com.github.dockerjava.zerodep.shaded.org.apache.hc.client5.http.wire - http-outgoing-1 << "HTTP/1.1 200 OK[\r][\n]"
18:30:22.230 [Test worker] DEBUG com.github.dockerjava.zerodep.shaded.org.apache.hc.client5.http.wire - http-outgoing-1 << "Api-Version: 1.41[\r][\n]"
18:30:22.230 [Test worker] DEBUG com.github.dockerjava.zerodep.shaded.org.apache.hc.client5.http.wire - http-outgoing-1 << "Content-Type: application/json[\r][\n]"
18:30:22.230 [Test worker] DEBUG com.github.dockerjava.zerodep.shaded.org.apache.hc.client5.http.wire - http-outgoing-1 << "Docker-Experimental: false[\r][\n]"
18:30:22.230 [Test worker] DEBUG com.github.dockerjava.zerodep.shaded.org.apache.hc.client5.http.wire - http-outgoing-1 << "Ostype: linux[\r][\n]"
18:30:22.230 [Test worker] DEBUG com.github.dockerjava.zerodep.shaded.org.apache.hc.client5.http.wire - http-outgoing-1 << "Server: Docker/20.10.17 (linux)[\r][\n]"
18:30:22.230 [Test worker] DEBUG com.github.dockerjava.zerodep.shaded.org.apache.hc.client5.http.wire - http-outgoing-1 << "Date: Thu, 08 Dec 2022 21:30:22 GMT[\r][\n]"
18:30:22.230 [Test worker] DEBUG com.github.dockerjava.zerodep.shaded.org.apache.hc.client5.http.wire - http-outgoing-1 << "Transfer-Encoding: chunked[\r][\n]"
18:30:22.230 [Test worker] DEBUG com.github.dockerjava.zerodep.shaded.org.apache.hc.client5.http.wire - http-outgoing-1 << "[\r][\n]"
18:30:22.230 [Test worker] DEBUG com.github.dockerjava.zerodep.shaded.org.apache.hc.client5.http.wire - http-outgoing-1 << "18a6[\r][\n]"
18:30:22.230 [Test worker] DEBUG com.github.dockerjava.zerodep.shaded.org.apache.hc.client5.http.wire - http-outgoing-1 << "{"Id":"b4fc7afd97457a2a6ec84592488a57f900fa52ed03fcd2dbaf8a116bc1f50ab3","Created":"2022-12-08T21:30:11.801619537Z","Path":"docker-entrypoint.sh","Args":["mysqld"],"State":{"Status":"running","Running":true,"Paused":false,"Restarting":false,"OOMKilled":false,"Dead":false,"Pid":148084,"ExitCode":0,"Error":"","StartedAt":"2022-12-08T21:30:12.370762583Z","FinishedAt":"0001-01-01T00:00:00Z"},"Image":"sha256:7484689f290f1defe06b65befc54cb6ad91a667cf0af59a265ffe76c46bd0478","ResolvConfPath":"/var/lib/docker/containers/b4fc7afd97457a2a6ec84592488a57f900fa52ed03fcd2dbaf8a116bc1f50ab3/resolv.conf","HostnamePath":"/var/lib/docker/containers/b4fc7afd97457a2a6ec84592488a57f900fa52ed03fcd2dbaf8a116bc1f50ab3/hostname","HostsPath":"/var/lib/docker/containers/b4fc7afd97457a2a6ec84592488a57f900fa52ed03fcd2dbaf8a116bc1f50ab3/hosts","LogPath":"/var/lib/docker/containers/b4fc7afd97457a2a6ec84592488a57f900fa52ed03fcd2dbaf8a116bc1f50ab3/b4fc7afd97457a2a6ec84592488a57f900fa52ed03fcd2dbaf8a116bc1f50ab3-json.log","Name":"/agitated_ptolemy","RestartCount":0,"Driver":"overlay2","Platform":"linux","MountLabel":"","ProcessLabel":"","AppArmorProfile":"docker-default","ExecIDs":null,"HostConfig":{"Binds":[],"ContainerIDFile":"","LogConfig":{"Type":"json-file","Config":{}},"NetworkMode":"default","PortBindings":{"3306/tcp":[{"HostIp":"","HostPort":""}]},"RestartPolicy":{"Name":"","MaximumRetryCount":0},"AutoRemove":false,"VolumeDriver":"","VolumesFrom":[],"CapAdd":null,"CapDrop":null,"CgroupnsMode":"private","Dns":null,"DnsOptions":null,"DnsSearch":null,"ExtraHosts":[],"GroupAdd":null,"IpcMode":"shareable","Cgroup":"","Links":null,"OomScoreAdj":0,"PidMode":"","Privileged":false,"PublishAllPorts":false,"ReadonlyRootfs":false,"SecurityOpt":null,"UTSMode":"","UsernsMode":"","ShmSize":67108864,"Runtime":"runc","ConsoleSize":[0,0],"Isolation":"","CpuShares":0,"Memory":0,"NanoCpus":0,"CgroupParent":"","BlkioWeight":0,"BlkioWeightDevice":null,"BlkioDeviceReadBps":null,"BlkioDeviceWriteBps":null,"BlkioDeviceReadIOps":null,"BlkioDeviceWriteIOps":null,"CpuPeriod":0,"CpuQuota":0,"CpuRealtimePeriod":0,"CpuRealtimeRuntime":0,"CpusetCpus":"","CpusetMems":"","Devices":null,"DeviceCgroupRules":null,"DeviceRequests":null,"KernelMemory":0,"KernelMemoryTCP":0,"MemoryReservation":0,"MemorySwap":0,"MemorySwappiness":null,"OomKillDisable":null,"PidsLimit":null,"Ulimits":null,"CpuCount":0,"CpuPercent":0,"IOMaximumIOps":0,"IOMaximumBandwidth":0,"MaskedPaths":["/proc/asound","/proc/acpi","/proc/kcore","/proc/keys","/proc/latency_stats","/proc/timer_list","/proc/timer_stats","/proc/sched_debug","/proc/scsi","/sys/firmware"],"ReadonlyPaths":["/proc/bus","/proc/fs","/proc/irq","/proc/sys","/proc/sysrq-trigger"]},"GraphDriver":{"Data":{"LowerDir":"/var/lib/docker/overlay2/05794d51525f65619c615558ef5f93d7c33eef44e12313fdcb3942911d0b5f7d-init/diff:/var/lib/docker/overlay2/f079a69cfd5e80e906b12f05a0c7bfaabc56ce63e947db68b722ae30905f1239/diff:/var/lib/docker/overlay2/9dfb63d6bb556846a13012421dde7951ef83a14d8ce1882287cce66f0f9bd055/diff:/var/lib/docker/overlay2/c4f8874ae33ddd14488f5051cd953acc020fa00ea72d28bd530450c0bc8f9903/diff:/var/lib/docker/overlay2/992683766b46aa5653160e6a34283b579a75000e230890d0ec0a6204af735697/diff:/var/lib/docker/overlay2/6e3fba0e1d6501c91c9bec723bb1364f75599c6c2026a6dc71773c88a49f890a/diff:/var/lib/docker/overlay2/c6c2a366f45a69704761d45d296d71bf2bf315efb15cb06ad88925ed235fad81/diff:/var/lib/docker/overlay2/7555f9b18615244719d04b23296ba418195e5e569d47baf9f1da7c3f053fe194/diff:/var/lib/docker/overlay2/7752eb17f8f8ba44a5ed178f499901fa7eb6f2e031c29ab160ee4eff4db8edaa/diff:/var/lib/docker/overlay2/9683de8b3733106f256bd0eabc7cae13623b14493b9212e863449d42b8a87390/diff:/var/lib/docker/overlay2/f5e28e407d8811526fb7dd82e4fed08d5d3124c0f22f1a9496ed27b2b457d3dd/diff:/var/lib/docker/overlay2/e2980c91c6b3331cff3994ca6f327955bb5feaef0f96bc64edce80631fdbf829/diff","MergedDir":"/var/lib/docker/overlay2/05794d51525f65619c615558ef5f93d7c33eef44e12313fdcb3942911d0b5f7d/merged","UpperDir":"/var/lib/docker/overlay2/05794d51525f65619c615558ef5f93d7c33eef44e12313fdcb3942911d0b5f7d/diff","WorkDir":"/var/lib/docker/overlay2/05794d51525f65619c615558ef5f93d7c33eef44e12313fdcb3942911d0b5f7d/work"},"Name":"overlay2"},"Mounts":[{"Type":"volume","Name":"fe29345a30f82a1c969c40b069133e9d87168ce95967d67ac182ee42c059affb","Source":"/var/lib/docker/volumes/fe29345a30f82a1c969c40b069133e9d87168ce95967d67ac182ee42c059affb/_data","Destination":"/var/lib/mysql","Driver":"local","Mode":"","RW":true,"Propagation":""}],"Config":{"Hostname":"b4fc7afd9745","Domainname":"","User":"","AttachStdin":false,"AttachStdout":false,"AttachStderr":false,"ExposedPorts":{"3306/tcp":{},"33060/tcp":{}},"Tty":false,"OpenStdin":false,"StdinOnce":false,"Env":["MYSQL_DATABASE=adm_videos","MYSQL_PASSWORD=123456","MYSQL_ROOT_PASSWORD=123456","PATH=/usr/local/sbin:/usr/local/bin:/usr/sbin:/usr/bin:/sbin:/bin","GOSU_VERSION=1.14","MYSQL_MAJOR=8.0","MYSQL_VERSION=8.0.31-1.el8","MYSQL_SHELL_VERSION=8.0.31-1.el8"],"Cmd":["mysqld"],"Image":"mysql:latest","Volumes":{"/var/lib/mysql":{}},"WorkingDir":"","Entrypoint":["docker-entrypoint.sh"],"OnBuild":null,"Labels":{"org.testcontainers":"true","org.testcontainers.sessionId":"cdd139c9-cde1-4429-bea7-edb0e651ba16"}},"NetworkSettings":{"Bridge":"","SandboxID":"8404ec7d59006489fa5b6638879180586e9aa24c1c3ae79d40e26a8f453c93b1","HairpinMode":false,"LinkLocalIPv6Address":"","LinkLocalIPv6PrefixLen":0,"Ports":{"3306/tcp":[{"HostIp":"0.0.0.0","HostPort":"49156"},{"HostIp":"::","HostPort":"49156"}],"33060/tcp":null},"SandboxKey":"/var/run/docker/netns/8404ec7d5900","SecondaryIPAddresses":null,"SecondaryIPv6Addresses":null,"EndpointID":"28c851b70d88131a783e3d87b7c50320df5f3250ebca621b1b39353a2424212a","Gateway":"172.17.0.1","GlobalIPv6Address":"","GlobalIPv6PrefixLen":0,"IPAddress":"172.17.0.3","IPPrefixLen":16,"IPv6Gateway":"","MacAddress":"02:42:ac:11:00:03","Networks":{"bridge":{"IPAMConfig":null,"Links":null,"Aliases":null,"NetworkID":"bf06afe94eca8b5ab91eae0dbaa8561a6dd16832d429dcdbaa7ed1e003cfbe56","EndpointID":"28c851b70d88131a783e3d87b7c50320df5f3250ebca621b1b39353a2424212a","Gateway":"172.17.0.1","IPAddress":"172.17.0.3","IPPrefixLen":16,"IPv6Gateway":"","GlobalIPv6Address":"","GlobalIPv6PrefixLen":0,"MacAddress":"02:42:ac:11:00:03","DriverOpts":null}}}}[\n]"
18:30:22.230 [Test worker] DEBUG com.github.dockerjava.zerodep.shaded.org.apache.hc.client5.http.wire - http-outgoing-1 << "[\r][\n]"
18:30:22.230 [Test worker] DEBUG com.github.dockerjava.zerodep.shaded.org.apache.hc.client5.http.wire - http-outgoing-1 << "0[\r][\n]"
18:30:22.230 [Test worker] DEBUG com.github.dockerjava.zerodep.shaded.org.apache.hc.client5.http.wire - http-outgoing-1 << "[\r][\n]"
18:30:22.230 [Test worker] DEBUG com.github.dockerjava.zerodep.shaded.org.apache.hc.client5.http.headers - http-outgoing-1 << HTTP/1.1 200 OK
18:30:22.230 [Test worker] DEBUG com.github.dockerjava.zerodep.shaded.org.apache.hc.client5.http.headers - http-outgoing-1 << Api-Version: 1.41
18:30:22.230 [Test worker] DEBUG com.github.dockerjava.zerodep.shaded.org.apache.hc.client5.http.headers - http-outgoing-1 << Content-Type: application/json
18:30:22.230 [Test worker] DEBUG com.github.dockerjava.zerodep.shaded.org.apache.hc.client5.http.headers - http-outgoing-1 << Docker-Experimental: false
18:30:22.230 [Test worker] DEBUG com.github.dockerjava.zerodep.shaded.org.apache.hc.client5.http.headers - http-outgoing-1 << Ostype: linux
18:30:22.230 [Test worker] DEBUG com.github.dockerjava.zerodep.shaded.org.apache.hc.client5.http.headers - http-outgoing-1 << Server: Docker/20.10.17 (linux)
18:30:22.230 [Test worker] DEBUG com.github.dockerjava.zerodep.shaded.org.apache.hc.client5.http.headers - http-outgoing-1 << Date: Thu, 08 Dec 2022 21:30:22 GMT
18:30:22.230 [Test worker] DEBUG com.github.dockerjava.zerodep.shaded.org.apache.hc.client5.http.headers - http-outgoing-1 << Transfer-Encoding: chunked
18:30:22.230 [Test worker] DEBUG com.github.dockerjava.zerodep.shaded.org.apache.hc.client5.http.impl.classic.MainClientExec - ex-00000066: connection can be kept alive for 3 MINUTES
18:30:22.231 [Test worker] DEBUG com.github.dockerjava.zerodep.shaded.org.apache.hc.client5.http.impl.classic.InternalHttpClient - ep-00000065: releasing valid endpoint
18:30:22.231 [Test worker] DEBUG com.github.dockerjava.zerodep.shaded.org.apache.hc.client5.http.impl.io.PoolingHttpClientConnectionManager - ep-00000065: releasing endpoint
18:30:22.231 [Test worker] DEBUG com.github.dockerjava.zerodep.shaded.org.apache.hc.client5.http.impl.io.PoolingHttpClientConnectionManager - ep-00000065: connection http-outgoing-1 can be kept alive for 3 MINUTES
18:30:22.231 [Test worker] DEBUG com.github.dockerjava.zerodep.shaded.org.apache.hc.client5.http.impl.io.PoolingHttpClientConnectionManager - ep-00000065: connection released [route: {}->unix://localhost:2375][total available: 1; route allocated: 1 of 2147483647; total allocated: 1 of 2147483647]
18:30:22.231 [Test worker] DEBUG ]]>&#x1f433;<![CDATA[ [mysql:latest] - Trying to create JDBC connection using com.mysql.cj.jdbc.Driver to jdbc:mysql://localhost:49156/adm_videos?useSSL=false&allowPublicKeyRetrieval=true with properties: {password=123456, user=root}
18:30:22.332 [Test worker] DEBUG org.testcontainers.shaded.com.github.dockerjava.core.command.AbstrDockerCmd - Cmd: b4fc7afd97457a2a6ec84592488a57f900fa52ed03fcd2dbaf8a116bc1f50ab3,false
18:30:22.332 [Test worker] DEBUG org.testcontainers.shaded.com.github.dockerjava.core.exec.InspectContainerCmdExec - GET: DefaultWebTarget{path=[/containers/b4fc7afd97457a2a6ec84592488a57f900fa52ed03fcd2dbaf8a116bc1f50ab3/json], queryParams={}}
18:30:22.332 [Test worker] DEBUG com.github.dockerjava.zerodep.shaded.org.apache.hc.client5.http.impl.classic.InternalHttpClient - ex-00000067: preparing request execution
18:30:22.332 [Test worker] DEBUG com.github.dockerjava.zerodep.shaded.org.apache.hc.client5.http.protocol.RequestAddCookies - Cookie spec selected: strict
18:30:22.332 [Test worker] DEBUG com.github.dockerjava.zerodep.shaded.org.apache.hc.client5.http.protocol.RequestAuthCache - Auth cache not set in the context
18:30:22.332 [Test worker] DEBUG com.github.dockerjava.zerodep.shaded.org.apache.hc.client5.http.impl.classic.ProtocolExec - ex-00000067: target auth state: UNCHALLENGED
18:30:22.332 [Test worker] DEBUG com.github.dockerjava.zerodep.shaded.org.apache.hc.client5.http.impl.classic.ProtocolExec - ex-00000067: proxy auth state: UNCHALLENGED
18:30:22.332 [Test worker] DEBUG com.github.dockerjava.zerodep.shaded.org.apache.hc.client5.http.impl.classic.ConnectExec - ex-00000067: acquiring connection with route {}->unix://localhost:2375
18:30:22.332 [Test worker] DEBUG com.github.dockerjava.zerodep.shaded.org.apache.hc.client5.http.impl.classic.InternalHttpClient - ex-00000067: acquiring endpoint (3 MINUTES)
18:30:22.332 [Test worker] DEBUG com.github.dockerjava.zerodep.shaded.org.apache.hc.client5.http.impl.io.PoolingHttpClientConnectionManager - ex-00000067: endpoint lease request (3 MINUTES) [route: {}->unix://localhost:2375][total available: 1; route allocated: 1 of 2147483647; total allocated: 1 of 2147483647]
18:30:22.332 [Test worker] DEBUG com.github.dockerjava.zerodep.shaded.org.apache.hc.client5.http.impl.io.PoolingHttpClientConnectionManager - ex-00000067: endpoint leased [route: {}->unix://localhost:2375][total available: 0; route allocated: 1 of 2147483647; total allocated: 1 of 2147483647]
18:30:22.332 [Test worker] DEBUG com.github.dockerjava.zerodep.shaded.org.apache.hc.client5.http.impl.io.PoolingHttpClientConnectionManager - ex-00000067: acquired ep-00000066
18:30:22.332 [Test worker] DEBUG com.github.dockerjava.zerodep.shaded.org.apache.hc.client5.http.impl.classic.InternalHttpClient - ex-00000067: acquired endpoint ep-00000066
18:30:22.333 [Test worker] DEBUG com.github.dockerjava.zerodep.shaded.org.apache.hc.client5.http.impl.classic.MainClientExec - ex-00000067: executing GET /v1.32/containers/b4fc7afd97457a2a6ec84592488a57f900fa52ed03fcd2dbaf8a116bc1f50ab3/json HTTP/1.1
18:30:22.333 [Test worker] DEBUG com.github.dockerjava.zerodep.shaded.org.apache.hc.client5.http.impl.classic.InternalHttpClient - ep-00000066: start execution ex-00000067
18:30:22.333 [Test worker] DEBUG com.github.dockerjava.zerodep.shaded.org.apache.hc.client5.http.impl.io.PoolingHttpClientConnectionManager - ep-00000066: executing exchange ex-00000067 over http-outgoing-1
18:30:22.333 [Test worker] DEBUG com.github.dockerjava.zerodep.shaded.org.apache.hc.client5.http.headers - http-outgoing-1 >> GET /v1.32/containers/b4fc7afd97457a2a6ec84592488a57f900fa52ed03fcd2dbaf8a116bc1f50ab3/json HTTP/1.1
18:30:22.333 [Test worker] DEBUG com.github.dockerjava.zerodep.shaded.org.apache.hc.client5.http.headers - http-outgoing-1 >> accept: application/json
18:30:22.333 [Test worker] DEBUG com.github.dockerjava.zerodep.shaded.org.apache.hc.client5.http.headers - http-outgoing-1 >> x-tc-sid: cdd139c9-cde1-4429-bea7-edb0e651ba16
18:30:22.333 [Test worker] DEBUG com.github.dockerjava.zerodep.shaded.org.apache.hc.client5.http.headers - http-outgoing-1 >> Accept-Encoding: gzip, x-gzip, deflate
18:30:22.333 [Test worker] DEBUG com.github.dockerjava.zerodep.shaded.org.apache.hc.client5.http.headers - http-outgoing-1 >> Host: localhost:2375
18:30:22.333 [Test worker] DEBUG com.github.dockerjava.zerodep.shaded.org.apache.hc.client5.http.headers - http-outgoing-1 >> Connection: keep-alive
18:30:22.333 [Test worker] DEBUG com.github.dockerjava.zerodep.shaded.org.apache.hc.client5.http.headers - http-outgoing-1 >> User-Agent: Apache-HttpClient/5.0.3 (Java/17.0.2)
18:30:22.333 [Test worker] DEBUG com.github.dockerjava.zerodep.shaded.org.apache.hc.client5.http.wire - http-outgoing-1 >> "GET /v1.32/containers/b4fc7afd97457a2a6ec84592488a57f900fa52ed03fcd2dbaf8a116bc1f50ab3/json HTTP/1.1[\r][\n]"
18:30:22.333 [Test worker] DEBUG com.github.dockerjava.zerodep.shaded.org.apache.hc.client5.http.wire - http-outgoing-1 >> "accept: application/json[\r][\n]"
18:30:22.333 [Test worker] DEBUG com.github.dockerjava.zerodep.shaded.org.apache.hc.client5.http.wire - http-outgoing-1 >> "x-tc-sid: cdd139c9-cde1-4429-bea7-edb0e651ba16[\r][\n]"
18:30:22.333 [Test worker] DEBUG com.github.dockerjava.zerodep.shaded.org.apache.hc.client5.http.wire - http-outgoing-1 >> "Accept-Encoding: gzip, x-gzip, deflate[\r][\n]"
18:30:22.333 [Test worker] DEBUG com.github.dockerjava.zerodep.shaded.org.apache.hc.client5.http.wire - http-outgoing-1 >> "Host: localhost:2375[\r][\n]"
18:30:22.333 [Test worker] DEBUG com.github.dockerjava.zerodep.shaded.org.apache.hc.client5.http.wire - http-outgoing-1 >> "Connection: keep-alive[\r][\n]"
18:30:22.333 [Test worker] DEBUG com.github.dockerjava.zerodep.shaded.org.apache.hc.client5.http.wire - http-outgoing-1 >> "User-Agent: Apache-HttpClient/5.0.3 (Java/17.0.2)[\r][\n]"
18:30:22.333 [Test worker] DEBUG com.github.dockerjava.zerodep.shaded.org.apache.hc.client5.http.wire - http-outgoing-1 >> "[\r][\n]"
18:30:22.333 [Test worker] DEBUG com.github.dockerjava.zerodep.shaded.org.apache.hc.client5.http.wire - http-outgoing-1 << "HTTP/1.1 200 OK[\r][\n]"
18:30:22.333 [Test worker] DEBUG com.github.dockerjava.zerodep.shaded.org.apache.hc.client5.http.wire - http-outgoing-1 << "Api-Version: 1.41[\r][\n]"
18:30:22.333 [Test worker] DEBUG com.github.dockerjava.zerodep.shaded.org.apache.hc.client5.http.wire - http-outgoing-1 << "Content-Type: application/json[\r][\n]"
18:30:22.333 [Test worker] DEBUG com.github.dockerjava.zerodep.shaded.org.apache.hc.client5.http.wire - http-outgoing-1 << "Docker-Experimental: false[\r][\n]"
18:30:22.333 [Test worker] DEBUG com.github.dockerjava.zerodep.shaded.org.apache.hc.client5.http.wire - http-outgoing-1 << "Ostype: linux[\r][\n]"
18:30:22.333 [Test worker] DEBUG com.github.dockerjava.zerodep.shaded.org.apache.hc.client5.http.wire - http-outgoing-1 << "Server: Docker/20.10.17 (linux)[\r][\n]"
18:30:22.333 [Test worker] DEBUG com.github.dockerjava.zerodep.shaded.org.apache.hc.client5.http.wire - http-outgoing-1 << "Date: Thu, 08 Dec 2022 21:30:22 GMT[\r][\n]"
18:30:22.333 [Test worker] DEBUG com.github.dockerjava.zerodep.shaded.org.apache.hc.client5.http.wire - http-outgoing-1 << "Transfer-Encoding: chunked[\r][\n]"
18:30:22.333 [Test worker] DEBUG com.github.dockerjava.zerodep.shaded.org.apache.hc.client5.http.wire - http-outgoing-1 << "[\r][\n]"
18:30:22.333 [Test worker] DEBUG com.github.dockerjava.zerodep.shaded.org.apache.hc.client5.http.wire - http-outgoing-1 << "18a6[\r][\n]"
18:30:22.333 [Test worker] DEBUG com.github.dockerjava.zerodep.shaded.org.apache.hc.client5.http.wire - http-outgoing-1 << "{"Id":"b4fc7afd97457a2a6ec84592488a57f900fa52ed03fcd2dbaf8a116bc1f50ab3","Created":"2022-12-08T21:30:11.801619537Z","Path":"docker-entrypoint.sh","Args":["mysqld"],"State":{"Status":"running","Running":true,"Paused":false,"Restarting":false,"OOMKilled":false,"Dead":false,"Pid":148084,"ExitCode":0,"Error":"","StartedAt":"2022-12-08T21:30:12.370762583Z","FinishedAt":"0001-01-01T00:00:00Z"},"Image":"sha256:7484689f290f1defe06b65befc54cb6ad91a667cf0af59a265ffe76c46bd0478","ResolvConfPath":"/var/lib/docker/containers/b4fc7afd97457a2a6ec84592488a57f900fa52ed03fcd2dbaf8a116bc1f50ab3/resolv.conf","HostnamePath":"/var/lib/docker/containers/b4fc7afd97457a2a6ec84592488a57f900fa52ed03fcd2dbaf8a116bc1f50ab3/hostname","HostsPath":"/var/lib/docker/containers/b4fc7afd97457a2a6ec84592488a57f900fa52ed03fcd2dbaf8a116bc1f50ab3/hosts","LogPath":"/var/lib/docker/containers/b4fc7afd97457a2a6ec84592488a57f900fa52ed03fcd2dbaf8a116bc1f50ab3/b4fc7afd97457a2a6ec84592488a57f900fa52ed03fcd2dbaf8a116bc1f50ab3-json.log","Name":"/agitated_ptolemy","RestartCount":0,"Driver":"overlay2","Platform":"linux","MountLabel":"","ProcessLabel":"","AppArmorProfile":"docker-default","ExecIDs":null,"HostConfig":{"Binds":[],"ContainerIDFile":"","LogConfig":{"Type":"json-file","Config":{}},"NetworkMode":"default","PortBindings":{"3306/tcp":[{"HostIp":"","HostPort":""}]},"RestartPolicy":{"Name":"","MaximumRetryCount":0},"AutoRemove":false,"VolumeDriver":"","VolumesFrom":[],"CapAdd":null,"CapDrop":null,"CgroupnsMode":"private","Dns":null,"DnsOptions":null,"DnsSearch":null,"ExtraHosts":[],"GroupAdd":null,"IpcMode":"shareable","Cgroup":"","Links":null,"OomScoreAdj":0,"PidMode":"","Privileged":false,"PublishAllPorts":false,"ReadonlyRootfs":false,"SecurityOpt":null,"UTSMode":"","UsernsMode":"","ShmSize":67108864,"Runtime":"runc","ConsoleSize":[0,0],"Isolation":"","CpuShares":0,"Memory":0,"NanoCpus":0,"CgroupParent":"","BlkioWeight":0,"BlkioWeightDevice":null,"BlkioDeviceReadBps":null,"BlkioDeviceWriteBps":null,"BlkioDeviceReadIOps":null,"BlkioDeviceWriteIOps":null,"CpuPeriod":0,"CpuQuota":0,"CpuRealtimePeriod":0,"CpuRealtimeRuntime":0,"CpusetCpus":"","CpusetMems":"","Devices":null,"DeviceCgroupRules":null,"DeviceRequests":null,"KernelMemory":0,"KernelMemoryTCP":0,"MemoryReservation":0,"MemorySwap":0,"MemorySwappiness":null,"OomKillDisable":null,"PidsLimit":null,"Ulimits":null,"CpuCount":0,"CpuPercent":0,"IOMaximumIOps":0,"IOMaximumBandwidth":0,"MaskedPaths":["/proc/asound","/proc/acpi","/proc/kcore","/proc/keys","/proc/latency_stats","/proc/timer_list","/proc/timer_stats","/proc/sched_debug","/proc/scsi","/sys/firmware"],"ReadonlyPaths":["/proc/bus","/proc/fs","/proc/irq","/proc/sys","/proc/sysrq-trigger"]},"GraphDriver":{"Data":{"LowerDir":"/var/lib/docker/overlay2/05794d51525f65619c615558ef5f93d7c33eef44e12313fdcb3942911d0b5f7d-init/diff:/var/lib/docker/overlay2/f079a69cfd5e80e906b12f05a0c7bfaabc56ce63e947db68b722ae30905f1239/diff:/var/lib/docker/overlay2/9dfb63d6bb556846a13012421dde7951ef83a14d8ce1882287cce66f0f9bd055/diff:/var/lib/docker/overlay2/c4f8874ae33ddd14488f5051cd953acc020fa00ea72d28bd530450c0bc8f9903/diff:/var/lib/docker/overlay2/992683766b46aa5653160e6a34283b579a75000e230890d0ec0a6204af735697/diff:/var/lib/docker/overlay2/6e3fba0e1d6501c91c9bec723bb1364f75599c6c2026a6dc71773c88a49f890a/diff:/var/lib/docker/overlay2/c6c2a366f45a69704761d45d296d71bf2bf315efb15cb06ad88925ed235fad81/diff:/var/lib/docker/overlay2/7555f9b18615244719d04b23296ba418195e5e569d47baf9f1da7c3f053fe194/diff:/var/lib/docker/overlay2/7752eb17f8f8ba44a5ed178f499901fa7eb6f2e031c29ab160ee4eff4db8edaa/diff:/var/lib/docker/overlay2/9683de8b3733106f256bd0eabc7cae13623b14493b9212e863449d42b8a87390/diff:/var/lib/docker/overlay2/f5e28e407d8811526fb7dd82e4fed08d5d3124c0f22f1a9496ed27b2b457d3dd/diff:/var/lib/docker/overlay2/e2980c91c6b3331cff3994ca6f327955bb5feaef0f96bc64edce80631fdbf829/diff","MergedDir":"/var/lib/docker/overlay2/05794d51525f65619c615558ef5f93d7c33eef44e12313fdcb3942911d0b5f7d/merged","UpperDir":"/var/lib/docker/overlay2/05794d51525f65619c615558ef5f93d7c33eef44e12313fdcb3942911d0b5f7d/diff","WorkDir":"/var/lib/docker/overlay2/05794d51525f65619c615558ef5f93d7c33eef44e12313fdcb3942911d0b5f7d/work"},"Name":"overlay2"},"Mounts":[{"Type":"volume","Name":"fe29345a30f82a1c969c40b069133e9d87168ce95967d67ac182ee42c059affb","Source":"/var/lib/docker/volumes/fe29345a30f82a1c969c40b069133e9d87168ce95967d67ac182ee42c059affb/_data","Destination":"/var/lib/mysql","Driver":"local","Mode":"","RW":true,"Propagation":""}],"Config":{"Hostname":"b4fc7afd9745","Domainname":"","User":"","AttachStdin":false,"AttachStdout":false,"AttachStderr":false,"ExposedPorts":{"3306/tcp":{},"33060/tcp":{}},"Tty":false,"OpenStdin":false,"StdinOnce":false,"Env":["MYSQL_DATABASE=adm_videos","MYSQL_PASSWORD=123456","MYSQL_ROOT_PASSWORD=123456","PATH=/usr/local/sbin:/usr/local/bin:/usr/sbin:/usr/bin:/sbin:/bin","GOSU_VERSION=1.14","MYSQL_MAJOR=8.0","MYSQL_VERSION=8.0.31-1.el8","MYSQL_SHELL_VERSION=8.0.31-1.el8"],"Cmd":["mysqld"],"Image":"mysql:latest","Volumes":{"/var/lib/mysql":{}},"WorkingDir":"","Entrypoint":["docker-entrypoint.sh"],"OnBuild":null,"Labels":{"org.testcontainers":"true","org.testcontainers.sessionId":"cdd139c9-cde1-4429-bea7-edb0e651ba16"}},"NetworkSettings":{"Bridge":"","SandboxID":"8404ec7d59006489fa5b6638879180586e9aa24c1c3ae79d40e26a8f453c93b1","HairpinMode":false,"LinkLocalIPv6Address":"","LinkLocalIPv6PrefixLen":0,"Ports":{"3306/tcp":[{"HostIp":"0.0.0.0","HostPort":"49156"},{"HostIp":"::","HostPort":"49156"}],"33060/tcp":null},"SandboxKey":"/var/run/docker/netns/8404ec7d5900","SecondaryIPAddresses":null,"SecondaryIPv6Addresses":null,"EndpointID":"28c851b70d88131a783e3d87b7c50320df5f3250ebca621b1b39353a2424212a","Gateway":"172.17.0.1","GlobalIPv6Address":"","GlobalIPv6PrefixLen":0,"IPAddress":"172.17.0.3","IPPrefixLen":16,"IPv6Gateway":"","MacAddress":"02:42:ac:11:00:03","Networks":{"bridge":{"IPAMConfig":null,"Links":null,"Aliases":null,"NetworkID":"bf06afe94eca8b5ab91eae0dbaa8561a6dd16832d429dcdbaa7ed1e003cfbe56","EndpointID":"28c851b70d88131a783e3d87b7c50320df5f3250ebca621b1b39353a2424212a","Gateway":"172.17.0.1","IPAddress":"172.17.0.3","IPPrefixLen":16,"IPv6Gateway":"","GlobalIPv6Address":"","GlobalIPv6PrefixLen":0,"MacAddress":"02:42:ac:11:00:03","DriverOpts":null}}}}[\n]"
18:30:22.333 [Test worker] DEBUG com.github.dockerjava.zerodep.shaded.org.apache.hc.client5.http.wire - http-outgoing-1 << "[\r][\n]"
18:30:22.333 [Test worker] DEBUG com.github.dockerjava.zerodep.shaded.org.apache.hc.client5.http.wire - http-outgoing-1 << "0[\r][\n]"
18:30:22.333 [Test worker] DEBUG com.github.dockerjava.zerodep.shaded.org.apache.hc.client5.http.wire - http-outgoing-1 << "[\r][\n]"
18:30:22.333 [Test worker] DEBUG com.github.dockerjava.zerodep.shaded.org.apache.hc.client5.http.headers - http-outgoing-1 << HTTP/1.1 200 OK
18:30:22.333 [Test worker] DEBUG com.github.dockerjava.zerodep.shaded.org.apache.hc.client5.http.headers - http-outgoing-1 << Api-Version: 1.41
18:30:22.333 [Test worker] DEBUG com.github.dockerjava.zerodep.shaded.org.apache.hc.client5.http.headers - http-outgoing-1 << Content-Type: application/json
18:30:22.333 [Test worker] DEBUG com.github.dockerjava.zerodep.shaded.org.apache.hc.client5.http.headers - http-outgoing-1 << Docker-Experimental: false
18:30:22.333 [Test worker] DEBUG com.github.dockerjava.zerodep.shaded.org.apache.hc.client5.http.headers - http-outgoing-1 << Ostype: linux
18:30:22.333 [Test worker] DEBUG com.github.dockerjava.zerodep.shaded.org.apache.hc.client5.http.headers - http-outgoing-1 << Server: Docker/20.10.17 (linux)
18:30:22.333 [Test worker] DEBUG com.github.dockerjava.zerodep.shaded.org.apache.hc.client5.http.headers - http-outgoing-1 << Date: Thu, 08 Dec 2022 21:30:22 GMT
18:30:22.333 [Test worker] DEBUG com.github.dockerjava.zerodep.shaded.org.apache.hc.client5.http.headers - http-outgoing-1 << Transfer-Encoding: chunked
18:30:22.333 [Test worker] DEBUG com.github.dockerjava.zerodep.shaded.org.apache.hc.client5.http.impl.classic.MainClientExec - ex-00000067: connection can be kept alive for 3 MINUTES
18:30:22.334 [Test worker] DEBUG com.github.dockerjava.zerodep.shaded.org.apache.hc.client5.http.impl.classic.InternalHttpClient - ep-00000066: releasing valid endpoint
18:30:22.334 [Test worker] DEBUG com.github.dockerjava.zerodep.shaded.org.apache.hc.client5.http.impl.io.PoolingHttpClientConnectionManager - ep-00000066: releasing endpoint
18:30:22.334 [Test worker] DEBUG com.github.dockerjava.zerodep.shaded.org.apache.hc.client5.http.impl.io.PoolingHttpClientConnectionManager - ep-00000066: connection http-outgoing-1 can be kept alive for 3 MINUTES
18:30:22.334 [Test worker] DEBUG com.github.dockerjava.zerodep.shaded.org.apache.hc.client5.http.impl.io.PoolingHttpClientConnectionManager - ep-00000066: connection released [route: {}->unix://localhost:2375][total available: 1; route allocated: 1 of 2147483647; total allocated: 1 of 2147483647]
18:30:22.334 [Test worker] DEBUG ]]>&#x1f433;<![CDATA[ [mysql:latest] - Trying to create JDBC connection using com.mysql.cj.jdbc.Driver to jdbc:mysql://localhost:49156/adm_videos?useSSL=false&allowPublicKeyRetrieval=true with properties: {password=123456, user=root}
18:30:22.435 [Test worker] DEBUG org.testcontainers.shaded.com.github.dockerjava.core.command.AbstrDockerCmd - Cmd: b4fc7afd97457a2a6ec84592488a57f900fa52ed03fcd2dbaf8a116bc1f50ab3,false
18:30:22.435 [Test worker] DEBUG org.testcontainers.shaded.com.github.dockerjava.core.exec.InspectContainerCmdExec - GET: DefaultWebTarget{path=[/containers/b4fc7afd97457a2a6ec84592488a57f900fa52ed03fcd2dbaf8a116bc1f50ab3/json], queryParams={}}
18:30:22.435 [Test worker] DEBUG com.github.dockerjava.zerodep.shaded.org.apache.hc.client5.http.impl.classic.InternalHttpClient - ex-00000068: preparing request execution
18:30:22.436 [Test worker] DEBUG com.github.dockerjava.zerodep.shaded.org.apache.hc.client5.http.protocol.RequestAddCookies - Cookie spec selected: strict
18:30:22.436 [Test worker] DEBUG com.github.dockerjava.zerodep.shaded.org.apache.hc.client5.http.protocol.RequestAuthCache - Auth cache not set in the context
18:30:22.436 [Test worker] DEBUG com.github.dockerjava.zerodep.shaded.org.apache.hc.client5.http.impl.classic.ProtocolExec - ex-00000068: target auth state: UNCHALLENGED
18:30:22.436 [Test worker] DEBUG com.github.dockerjava.zerodep.shaded.org.apache.hc.client5.http.impl.classic.ProtocolExec - ex-00000068: proxy auth state: UNCHALLENGED
18:30:22.436 [Test worker] DEBUG com.github.dockerjava.zerodep.shaded.org.apache.hc.client5.http.impl.classic.ConnectExec - ex-00000068: acquiring connection with route {}->unix://localhost:2375
18:30:22.436 [Test worker] DEBUG com.github.dockerjava.zerodep.shaded.org.apache.hc.client5.http.impl.classic.InternalHttpClient - ex-00000068: acquiring endpoint (3 MINUTES)
18:30:22.436 [Test worker] DEBUG com.github.dockerjava.zerodep.shaded.org.apache.hc.client5.http.impl.io.PoolingHttpClientConnectionManager - ex-00000068: endpoint lease request (3 MINUTES) [route: {}->unix://localhost:2375][total available: 1; route allocated: 1 of 2147483647; total allocated: 1 of 2147483647]
18:30:22.436 [Test worker] DEBUG com.github.dockerjava.zerodep.shaded.org.apache.hc.client5.http.impl.io.PoolingHttpClientConnectionManager - ex-00000068: endpoint leased [route: {}->unix://localhost:2375][total available: 0; route allocated: 1 of 2147483647; total allocated: 1 of 2147483647]
18:30:22.436 [Test worker] DEBUG com.github.dockerjava.zerodep.shaded.org.apache.hc.client5.http.impl.io.PoolingHttpClientConnectionManager - ex-00000068: acquired ep-00000067
18:30:22.436 [Test worker] DEBUG com.github.dockerjava.zerodep.shaded.org.apache.hc.client5.http.impl.classic.InternalHttpClient - ex-00000068: acquired endpoint ep-00000067
18:30:22.436 [Test worker] DEBUG com.github.dockerjava.zerodep.shaded.org.apache.hc.client5.http.impl.classic.MainClientExec - ex-00000068: executing GET /v1.32/containers/b4fc7afd97457a2a6ec84592488a57f900fa52ed03fcd2dbaf8a116bc1f50ab3/json HTTP/1.1
18:30:22.436 [Test worker] DEBUG com.github.dockerjava.zerodep.shaded.org.apache.hc.client5.http.impl.classic.InternalHttpClient - ep-00000067: start execution ex-00000068
18:30:22.436 [Test worker] DEBUG com.github.dockerjava.zerodep.shaded.org.apache.hc.client5.http.impl.io.PoolingHttpClientConnectionManager - ep-00000067: executing exchange ex-00000068 over http-outgoing-1
18:30:22.436 [Test worker] DEBUG com.github.dockerjava.zerodep.shaded.org.apache.hc.client5.http.headers - http-outgoing-1 >> GET /v1.32/containers/b4fc7afd97457a2a6ec84592488a57f900fa52ed03fcd2dbaf8a116bc1f50ab3/json HTTP/1.1
18:30:22.436 [Test worker] DEBUG com.github.dockerjava.zerodep.shaded.org.apache.hc.client5.http.headers - http-outgoing-1 >> accept: application/json
18:30:22.436 [Test worker] DEBUG com.github.dockerjava.zerodep.shaded.org.apache.hc.client5.http.headers - http-outgoing-1 >> x-tc-sid: cdd139c9-cde1-4429-bea7-edb0e651ba16
18:30:22.436 [Test worker] DEBUG com.github.dockerjava.zerodep.shaded.org.apache.hc.client5.http.headers - http-outgoing-1 >> Accept-Encoding: gzip, x-gzip, deflate
18:30:22.436 [Test worker] DEBUG com.github.dockerjava.zerodep.shaded.org.apache.hc.client5.http.headers - http-outgoing-1 >> Host: localhost:2375
18:30:22.436 [Test worker] DEBUG com.github.dockerjava.zerodep.shaded.org.apache.hc.client5.http.headers - http-outgoing-1 >> Connection: keep-alive
18:30:22.436 [Test worker] DEBUG com.github.dockerjava.zerodep.shaded.org.apache.hc.client5.http.headers - http-outgoing-1 >> User-Agent: Apache-HttpClient/5.0.3 (Java/17.0.2)
18:30:22.436 [Test worker] DEBUG com.github.dockerjava.zerodep.shaded.org.apache.hc.client5.http.wire - http-outgoing-1 >> "GET /v1.32/containers/b4fc7afd97457a2a6ec84592488a57f900fa52ed03fcd2dbaf8a116bc1f50ab3/json HTTP/1.1[\r][\n]"
18:30:22.436 [Test worker] DEBUG com.github.dockerjava.zerodep.shaded.org.apache.hc.client5.http.wire - http-outgoing-1 >> "accept: application/json[\r][\n]"
18:30:22.436 [Test worker] DEBUG com.github.dockerjava.zerodep.shaded.org.apache.hc.client5.http.wire - http-outgoing-1 >> "x-tc-sid: cdd139c9-cde1-4429-bea7-edb0e651ba16[\r][\n]"
18:30:22.436 [Test worker] DEBUG com.github.dockerjava.zerodep.shaded.org.apache.hc.client5.http.wire - http-outgoing-1 >> "Accept-Encoding: gzip, x-gzip, deflate[\r][\n]"
18:30:22.436 [Test worker] DEBUG com.github.dockerjava.zerodep.shaded.org.apache.hc.client5.http.wire - http-outgoing-1 >> "Host: localhost:2375[\r][\n]"
18:30:22.436 [Test worker] DEBUG com.github.dockerjava.zerodep.shaded.org.apache.hc.client5.http.wire - http-outgoing-1 >> "Connection: keep-alive[\r][\n]"
18:30:22.436 [Test worker] DEBUG com.github.dockerjava.zerodep.shaded.org.apache.hc.client5.http.wire - http-outgoing-1 >> "User-Agent: Apache-HttpClient/5.0.3 (Java/17.0.2)[\r][\n]"
18:30:22.436 [Test worker] DEBUG com.github.dockerjava.zerodep.shaded.org.apache.hc.client5.http.wire - http-outgoing-1 >> "[\r][\n]"
18:30:22.436 [Test worker] DEBUG com.github.dockerjava.zerodep.shaded.org.apache.hc.client5.http.wire - http-outgoing-1 << "HTTP/1.1 200 OK[\r][\n]"
18:30:22.436 [Test worker] DEBUG com.github.dockerjava.zerodep.shaded.org.apache.hc.client5.http.wire - http-outgoing-1 << "Api-Version: 1.41[\r][\n]"
18:30:22.436 [Test worker] DEBUG com.github.dockerjava.zerodep.shaded.org.apache.hc.client5.http.wire - http-outgoing-1 << "Content-Type: application/json[\r][\n]"
18:30:22.436 [Test worker] DEBUG com.github.dockerjava.zerodep.shaded.org.apache.hc.client5.http.wire - http-outgoing-1 << "Docker-Experimental: false[\r][\n]"
18:30:22.436 [Test worker] DEBUG com.github.dockerjava.zerodep.shaded.org.apache.hc.client5.http.wire - http-outgoing-1 << "Ostype: linux[\r][\n]"
18:30:22.436 [Test worker] DEBUG com.github.dockerjava.zerodep.shaded.org.apache.hc.client5.http.wire - http-outgoing-1 << "Server: Docker/20.10.17 (linux)[\r][\n]"
18:30:22.436 [Test worker] DEBUG com.github.dockerjava.zerodep.shaded.org.apache.hc.client5.http.wire - http-outgoing-1 << "Date: Thu, 08 Dec 2022 21:30:22 GMT[\r][\n]"
18:30:22.436 [Test worker] DEBUG com.github.dockerjava.zerodep.shaded.org.apache.hc.client5.http.wire - http-outgoing-1 << "Transfer-Encoding: chunked[\r][\n]"
18:30:22.436 [Test worker] DEBUG com.github.dockerjava.zerodep.shaded.org.apache.hc.client5.http.wire - http-outgoing-1 << "[\r][\n]"
18:30:22.436 [Test worker] DEBUG com.github.dockerjava.zerodep.shaded.org.apache.hc.client5.http.wire - http-outgoing-1 << "18a6[\r][\n]"
18:30:22.436 [Test worker] DEBUG com.github.dockerjava.zerodep.shaded.org.apache.hc.client5.http.wire - http-outgoing-1 << "{"Id":"b4fc7afd97457a2a6ec84592488a57f900fa52ed03fcd2dbaf8a116bc1f50ab3","Created":"2022-12-08T21:30:11.801619537Z","Path":"docker-entrypoint.sh","Args":["mysqld"],"State":{"Status":"running","Running":true,"Paused":false,"Restarting":false,"OOMKilled":false,"Dead":false,"Pid":148084,"ExitCode":0,"Error":"","StartedAt":"2022-12-08T21:30:12.370762583Z","FinishedAt":"0001-01-01T00:00:00Z"},"Image":"sha256:7484689f290f1defe06b65befc54cb6ad91a667cf0af59a265ffe76c46bd0478","ResolvConfPath":"/var/lib/docker/containers/b4fc7afd97457a2a6ec84592488a57f900fa52ed03fcd2dbaf8a116bc1f50ab3/resolv.conf","HostnamePath":"/var/lib/docker/containers/b4fc7afd97457a2a6ec84592488a57f900fa52ed03fcd2dbaf8a116bc1f50ab3/hostname","HostsPath":"/var/lib/docker/containers/b4fc7afd97457a2a6ec84592488a57f900fa52ed03fcd2dbaf8a116bc1f50ab3/hosts","LogPath":"/var/lib/docker/containers/b4fc7afd97457a2a6ec84592488a57f900fa52ed03fcd2dbaf8a116bc1f50ab3/b4fc7afd97457a2a6ec84592488a57f900fa52ed03fcd2dbaf8a116bc1f50ab3-json.log","Name":"/agitated_ptolemy","RestartCount":0,"Driver":"overlay2","Platform":"linux","MountLabel":"","ProcessLabel":"","AppArmorProfile":"docker-default","ExecIDs":null,"HostConfig":{"Binds":[],"ContainerIDFile":"","LogConfig":{"Type":"json-file","Config":{}},"NetworkMode":"default","PortBindings":{"3306/tcp":[{"HostIp":"","HostPort":""}]},"RestartPolicy":{"Name":"","MaximumRetryCount":0},"AutoRemove":false,"VolumeDriver":"","VolumesFrom":[],"CapAdd":null,"CapDrop":null,"CgroupnsMode":"private","Dns":null,"DnsOptions":null,"DnsSearch":null,"ExtraHosts":[],"GroupAdd":null,"IpcMode":"shareable","Cgroup":"","Links":null,"OomScoreAdj":0,"PidMode":"","Privileged":false,"PublishAllPorts":false,"ReadonlyRootfs":false,"SecurityOpt":null,"UTSMode":"","UsernsMode":"","ShmSize":67108864,"Runtime":"runc","ConsoleSize":[0,0],"Isolation":"","CpuShares":0,"Memory":0,"NanoCpus":0,"CgroupParent":"","BlkioWeight":0,"BlkioWeightDevice":null,"BlkioDeviceReadBps":null,"BlkioDeviceWriteBps":null,"BlkioDeviceReadIOps":null,"BlkioDeviceWriteIOps":null,"CpuPeriod":0,"CpuQuota":0,"CpuRealtimePeriod":0,"CpuRealtimeRuntime":0,"CpusetCpus":"","CpusetMems":"","Devices":null,"DeviceCgroupRules":null,"DeviceRequests":null,"KernelMemory":0,"KernelMemoryTCP":0,"MemoryReservation":0,"MemorySwap":0,"MemorySwappiness":null,"OomKillDisable":null,"PidsLimit":null,"Ulimits":null,"CpuCount":0,"CpuPercent":0,"IOMaximumIOps":0,"IOMaximumBandwidth":0,"MaskedPaths":["/proc/asound","/proc/acpi","/proc/kcore","/proc/keys","/proc/latency_stats","/proc/timer_list","/proc/timer_stats","/proc/sched_debug","/proc/scsi","/sys/firmware"],"ReadonlyPaths":["/proc/bus","/proc/fs","/proc/irq","/proc/sys","/proc/sysrq-trigger"]},"GraphDriver":{"Data":{"LowerDir":"/var/lib/docker/overlay2/05794d51525f65619c615558ef5f93d7c33eef44e12313fdcb3942911d0b5f7d-init/diff:/var/lib/docker/overlay2/f079a69cfd5e80e906b12f05a0c7bfaabc56ce63e947db68b722ae30905f1239/diff:/var/lib/docker/overlay2/9dfb63d6bb556846a13012421dde7951ef83a14d8ce1882287cce66f0f9bd055/diff:/var/lib/docker/overlay2/c4f8874ae33ddd14488f5051cd953acc020fa00ea72d28bd530450c0bc8f9903/diff:/var/lib/docker/overlay2/992683766b46aa5653160e6a34283b579a75000e230890d0ec0a6204af735697/diff:/var/lib/docker/overlay2/6e3fba0e1d6501c91c9bec723bb1364f75599c6c2026a6dc71773c88a49f890a/diff:/var/lib/docker/overlay2/c6c2a366f45a69704761d45d296d71bf2bf315efb15cb06ad88925ed235fad81/diff:/var/lib/docker/overlay2/7555f9b18615244719d04b23296ba418195e5e569d47baf9f1da7c3f053fe194/diff:/var/lib/docker/overlay2/7752eb17f8f8ba44a5ed178f499901fa7eb6f2e031c29ab160ee4eff4db8edaa/diff:/var/lib/docker/overlay2/9683de8b3733106f256bd0eabc7cae13623b14493b9212e863449d42b8a87390/diff:/var/lib/docker/overlay2/f5e28e407d8811526fb7dd82e4fed08d5d3124c0f22f1a9496ed27b2b457d3dd/diff:/var/lib/docker/overlay2/e2980c91c6b3331cff3994ca6f327955bb5feaef0f96bc64edce80631fdbf829/diff","MergedDir":"/var/lib/docker/overlay2/05794d51525f65619c615558ef5f93d7c33eef44e12313fdcb3942911d0b5f7d/merged","UpperDir":"/var/lib/docker/overlay2/05794d51525f65619c615558ef5f93d7c33eef44e12313fdcb3942911d0b5f7d/diff","WorkDir":"/var/lib/docker/overlay2/05794d51525f65619c615558ef5f93d7c33eef44e12313fdcb3942911d0b5f7d/work"},"Name":"overlay2"},"Mounts":[{"Type":"volume","Name":"fe29345a30f82a1c969c40b069133e9d87168ce95967d67ac182ee42c059affb","Source":"/var/lib/docker/volumes/fe29345a30f82a1c969c40b069133e9d87168ce95967d67ac182ee42c059affb/_data","Destination":"/var/lib/mysql","Driver":"local","Mode":"","RW":true,"Propagation":""}],"Config":{"Hostname":"b4fc7afd9745","Domainname":"","User":"","AttachStdin":false,"AttachStdout":false,"AttachStderr":false,"ExposedPorts":{"3306/tcp":{},"33060/tcp":{}},"Tty":false,"OpenStdin":false,"StdinOnce":false,"Env":["MYSQL_DATABASE=adm_videos","MYSQL_PASSWORD=123456","MYSQL_ROOT_PASSWORD=123456","PATH=/usr/local/sbin:/usr/local/bin:/usr/sbin:/usr/bin:/sbin:/bin","GOSU_VERSION=1.14","MYSQL_MAJOR=8.0","MYSQL_VERSION=8.0.31-1.el8","MYSQL_SHELL_VERSION=8.0.31-1.el8"],"Cmd":["mysqld"],"Image":"mysql:latest","Volumes":{"/var/lib/mysql":{}},"WorkingDir":"","Entrypoint":["docker-entrypoint.sh"],"OnBuild":null,"Labels":{"org.testcontainers":"true","org.testcontainers.sessionId":"cdd139c9-cde1-4429-bea7-edb0e651ba16"}},"NetworkSettings":{"Bridge":"","SandboxID":"8404ec7d59006489fa5b6638879180586e9aa24c1c3ae79d40e26a8f453c93b1","HairpinMode":false,"LinkLocalIPv6Address":"","LinkLocalIPv6PrefixLen":0,"Ports":{"3306/tcp":[{"HostIp":"0.0.0.0","HostPort":"49156"},{"HostIp":"::","HostPort":"49156"}],"33060/tcp":null},"SandboxKey":"/var/run/docker/netns/8404ec7d5900","SecondaryIPAddresses":null,"SecondaryIPv6Addresses":null,"EndpointID":"28c851b70d88131a783e3d87b7c50320df5f3250ebca621b1b39353a2424212a","Gateway":"172.17.0.1","GlobalIPv6Address":"","GlobalIPv6PrefixLen":0,"IPAddress":"172.17.0.3","IPPrefixLen":16,"IPv6Gateway":"","MacAddress":"02:42:ac:11:00:03","Networks":{"bridge":{"IPAMConfig":null,"Links":null,"Aliases":null,"NetworkID":"bf06afe94eca8b5ab91eae0dbaa8561a6dd16832d429dcdbaa7ed1e003cfbe56","EndpointID":"28c851b70d88131a783e3d87b7c50320df5f3250ebca621b1b39353a2424212a","Gateway":"172.17.0.1","IPAddress":"172.17.0.3","IPPrefixLen":16,"IPv6Gateway":"","GlobalIPv6Address":"","GlobalIPv6PrefixLen":0,"MacAddress":"02:42:ac:11:00:03","DriverOpts":null}}}}[\n]"
18:30:22.436 [Test worker] DEBUG com.github.dockerjava.zerodep.shaded.org.apache.hc.client5.http.wire - http-outgoing-1 << "[\r][\n]"
18:30:22.436 [Test worker] DEBUG com.github.dockerjava.zerodep.shaded.org.apache.hc.client5.http.wire - http-outgoing-1 << "0[\r][\n]"
18:30:22.436 [Test worker] DEBUG com.github.dockerjava.zerodep.shaded.org.apache.hc.client5.http.wire - http-outgoing-1 << "[\r][\n]"
18:30:22.436 [Test worker] DEBUG com.github.dockerjava.zerodep.shaded.org.apache.hc.client5.http.headers - http-outgoing-1 << HTTP/1.1 200 OK
18:30:22.436 [Test worker] DEBUG com.github.dockerjava.zerodep.shaded.org.apache.hc.client5.http.headers - http-outgoing-1 << Api-Version: 1.41
18:30:22.436 [Test worker] DEBUG com.github.dockerjava.zerodep.shaded.org.apache.hc.client5.http.headers - http-outgoing-1 << Content-Type: application/json
18:30:22.437 [Test worker] DEBUG com.github.dockerjava.zerodep.shaded.org.apache.hc.client5.http.headers - http-outgoing-1 << Docker-Experimental: false
18:30:22.437 [Test worker] DEBUG com.github.dockerjava.zerodep.shaded.org.apache.hc.client5.http.headers - http-outgoing-1 << Ostype: linux
18:30:22.437 [Test worker] DEBUG com.github.dockerjava.zerodep.shaded.org.apache.hc.client5.http.headers - http-outgoing-1 << Server: Docker/20.10.17 (linux)
18:30:22.437 [Test worker] DEBUG com.github.dockerjava.zerodep.shaded.org.apache.hc.client5.http.headers - http-outgoing-1 << Date: Thu, 08 Dec 2022 21:30:22 GMT
18:30:22.437 [Test worker] DEBUG com.github.dockerjava.zerodep.shaded.org.apache.hc.client5.http.headers - http-outgoing-1 << Transfer-Encoding: chunked
18:30:22.437 [Test worker] DEBUG com.github.dockerjava.zerodep.shaded.org.apache.hc.client5.http.impl.classic.MainClientExec - ex-00000068: connection can be kept alive for 3 MINUTES
18:30:22.437 [Test worker] DEBUG com.github.dockerjava.zerodep.shaded.org.apache.hc.client5.http.impl.classic.InternalHttpClient - ep-00000067: releasing valid endpoint
18:30:22.437 [Test worker] DEBUG com.github.dockerjava.zerodep.shaded.org.apache.hc.client5.http.impl.io.PoolingHttpClientConnectionManager - ep-00000067: releasing endpoint
18:30:22.437 [Test worker] DEBUG com.github.dockerjava.zerodep.shaded.org.apache.hc.client5.http.impl.io.PoolingHttpClientConnectionManager - ep-00000067: connection http-outgoing-1 can be kept alive for 3 MINUTES
18:30:22.437 [Test worker] DEBUG com.github.dockerjava.zerodep.shaded.org.apache.hc.client5.http.impl.io.PoolingHttpClientConnectionManager - ep-00000067: connection released [route: {}->unix://localhost:2375][total available: 1; route allocated: 1 of 2147483647; total allocated: 1 of 2147483647]
18:30:22.437 [Test worker] DEBUG ]]>&#x1f433;<![CDATA[ [mysql:latest] - Trying to create JDBC connection using com.mysql.cj.jdbc.Driver to jdbc:mysql://localhost:49156/adm_videos?useSSL=false&allowPublicKeyRetrieval=true with properties: {password=123456, user=root}
18:30:22.539 [Test worker] DEBUG org.testcontainers.shaded.com.github.dockerjava.core.command.AbstrDockerCmd - Cmd: b4fc7afd97457a2a6ec84592488a57f900fa52ed03fcd2dbaf8a116bc1f50ab3,false
18:30:22.539 [Test worker] DEBUG org.testcontainers.shaded.com.github.dockerjava.core.exec.InspectContainerCmdExec - GET: DefaultWebTarget{path=[/containers/b4fc7afd97457a2a6ec84592488a57f900fa52ed03fcd2dbaf8a116bc1f50ab3/json], queryParams={}}
18:30:22.539 [Test worker] DEBUG com.github.dockerjava.zerodep.shaded.org.apache.hc.client5.http.impl.classic.InternalHttpClient - ex-00000069: preparing request execution
18:30:22.539 [Test worker] DEBUG com.github.dockerjava.zerodep.shaded.org.apache.hc.client5.http.protocol.RequestAddCookies - Cookie spec selected: strict
18:30:22.539 [Test worker] DEBUG com.github.dockerjava.zerodep.shaded.org.apache.hc.client5.http.protocol.RequestAuthCache - Auth cache not set in the context
18:30:22.539 [Test worker] DEBUG com.github.dockerjava.zerodep.shaded.org.apache.hc.client5.http.impl.classic.ProtocolExec - ex-00000069: target auth state: UNCHALLENGED
18:30:22.539 [Test worker] DEBUG com.github.dockerjava.zerodep.shaded.org.apache.hc.client5.http.impl.classic.ProtocolExec - ex-00000069: proxy auth state: UNCHALLENGED
18:30:22.539 [Test worker] DEBUG com.github.dockerjava.zerodep.shaded.org.apache.hc.client5.http.impl.classic.ConnectExec - ex-00000069: acquiring connection with route {}->unix://localhost:2375
18:30:22.539 [Test worker] DEBUG com.github.dockerjava.zerodep.shaded.org.apache.hc.client5.http.impl.classic.InternalHttpClient - ex-00000069: acquiring endpoint (3 MINUTES)
18:30:22.539 [Test worker] DEBUG com.github.dockerjava.zerodep.shaded.org.apache.hc.client5.http.impl.io.PoolingHttpClientConnectionManager - ex-00000069: endpoint lease request (3 MINUTES) [route: {}->unix://localhost:2375][total available: 1; route allocated: 1 of 2147483647; total allocated: 1 of 2147483647]
18:30:22.539 [Test worker] DEBUG com.github.dockerjava.zerodep.shaded.org.apache.hc.client5.http.impl.io.PoolingHttpClientConnectionManager - ex-00000069: endpoint leased [route: {}->unix://localhost:2375][total available: 0; route allocated: 1 of 2147483647; total allocated: 1 of 2147483647]
18:30:22.539 [Test worker] DEBUG com.github.dockerjava.zerodep.shaded.org.apache.hc.client5.http.impl.io.PoolingHttpClientConnectionManager - ex-00000069: acquired ep-00000068
18:30:22.539 [Test worker] DEBUG com.github.dockerjava.zerodep.shaded.org.apache.hc.client5.http.impl.classic.InternalHttpClient - ex-00000069: acquired endpoint ep-00000068
18:30:22.539 [Test worker] DEBUG com.github.dockerjava.zerodep.shaded.org.apache.hc.client5.http.impl.classic.MainClientExec - ex-00000069: executing GET /v1.32/containers/b4fc7afd97457a2a6ec84592488a57f900fa52ed03fcd2dbaf8a116bc1f50ab3/json HTTP/1.1
18:30:22.539 [Test worker] DEBUG com.github.dockerjava.zerodep.shaded.org.apache.hc.client5.http.impl.classic.InternalHttpClient - ep-00000068: start execution ex-00000069
18:30:22.539 [Test worker] DEBUG com.github.dockerjava.zerodep.shaded.org.apache.hc.client5.http.impl.io.PoolingHttpClientConnectionManager - ep-00000068: executing exchange ex-00000069 over http-outgoing-1
18:30:22.539 [Test worker] DEBUG com.github.dockerjava.zerodep.shaded.org.apache.hc.client5.http.headers - http-outgoing-1 >> GET /v1.32/containers/b4fc7afd97457a2a6ec84592488a57f900fa52ed03fcd2dbaf8a116bc1f50ab3/json HTTP/1.1
18:30:22.539 [Test worker] DEBUG com.github.dockerjava.zerodep.shaded.org.apache.hc.client5.http.headers - http-outgoing-1 >> accept: application/json
18:30:22.539 [Test worker] DEBUG com.github.dockerjava.zerodep.shaded.org.apache.hc.client5.http.headers - http-outgoing-1 >> x-tc-sid: cdd139c9-cde1-4429-bea7-edb0e651ba16
18:30:22.539 [Test worker] DEBUG com.github.dockerjava.zerodep.shaded.org.apache.hc.client5.http.headers - http-outgoing-1 >> Accept-Encoding: gzip, x-gzip, deflate
18:30:22.539 [Test worker] DEBUG com.github.dockerjava.zerodep.shaded.org.apache.hc.client5.http.headers - http-outgoing-1 >> Host: localhost:2375
18:30:22.539 [Test worker] DEBUG com.github.dockerjava.zerodep.shaded.org.apache.hc.client5.http.headers - http-outgoing-1 >> Connection: keep-alive
18:30:22.539 [Test worker] DEBUG com.github.dockerjava.zerodep.shaded.org.apache.hc.client5.http.headers - http-outgoing-1 >> User-Agent: Apache-HttpClient/5.0.3 (Java/17.0.2)
18:30:22.539 [Test worker] DEBUG com.github.dockerjava.zerodep.shaded.org.apache.hc.client5.http.wire - http-outgoing-1 >> "GET /v1.32/containers/b4fc7afd97457a2a6ec84592488a57f900fa52ed03fcd2dbaf8a116bc1f50ab3/json HTTP/1.1[\r][\n]"
18:30:22.539 [Test worker] DEBUG com.github.dockerjava.zerodep.shaded.org.apache.hc.client5.http.wire - http-outgoing-1 >> "accept: application/json[\r][\n]"
18:30:22.539 [Test worker] DEBUG com.github.dockerjava.zerodep.shaded.org.apache.hc.client5.http.wire - http-outgoing-1 >> "x-tc-sid: cdd139c9-cde1-4429-bea7-edb0e651ba16[\r][\n]"
18:30:22.539 [Test worker] DEBUG com.github.dockerjava.zerodep.shaded.org.apache.hc.client5.http.wire - http-outgoing-1 >> "Accept-Encoding: gzip, x-gzip, deflate[\r][\n]"
18:30:22.539 [Test worker] DEBUG com.github.dockerjava.zerodep.shaded.org.apache.hc.client5.http.wire - http-outgoing-1 >> "Host: localhost:2375[\r][\n]"
18:30:22.539 [Test worker] DEBUG com.github.dockerjava.zerodep.shaded.org.apache.hc.client5.http.wire - http-outgoing-1 >> "Connection: keep-alive[\r][\n]"
18:30:22.539 [Test worker] DEBUG com.github.dockerjava.zerodep.shaded.org.apache.hc.client5.http.wire - http-outgoing-1 >> "User-Agent: Apache-HttpClient/5.0.3 (Java/17.0.2)[\r][\n]"
18:30:22.539 [Test worker] DEBUG com.github.dockerjava.zerodep.shaded.org.apache.hc.client5.http.wire - http-outgoing-1 >> "[\r][\n]"
18:30:22.540 [Test worker] DEBUG com.github.dockerjava.zerodep.shaded.org.apache.hc.client5.http.wire - http-outgoing-1 << "HTTP/1.1 200 OK[\r][\n]"
18:30:22.540 [Test worker] DEBUG com.github.dockerjava.zerodep.shaded.org.apache.hc.client5.http.wire - http-outgoing-1 << "Api-Version: 1.41[\r][\n]"
18:30:22.540 [Test worker] DEBUG com.github.dockerjava.zerodep.shaded.org.apache.hc.client5.http.wire - http-outgoing-1 << "Content-Type: application/json[\r][\n]"
18:30:22.540 [Test worker] DEBUG com.github.dockerjava.zerodep.shaded.org.apache.hc.client5.http.wire - http-outgoing-1 << "Docker-Experimental: false[\r][\n]"
18:30:22.540 [Test worker] DEBUG com.github.dockerjava.zerodep.shaded.org.apache.hc.client5.http.wire - http-outgoing-1 << "Ostype: linux[\r][\n]"
18:30:22.540 [Test worker] DEBUG com.github.dockerjava.zerodep.shaded.org.apache.hc.client5.http.wire - http-outgoing-1 << "Server: Docker/20.10.17 (linux)[\r][\n]"
18:30:22.540 [Test worker] DEBUG com.github.dockerjava.zerodep.shaded.org.apache.hc.client5.http.wire - http-outgoing-1 << "Date: Thu, 08 Dec 2022 21:30:22 GMT[\r][\n]"
18:30:22.540 [Test worker] DEBUG com.github.dockerjava.zerodep.shaded.org.apache.hc.client5.http.wire - http-outgoing-1 << "Transfer-Encoding: chunked[\r][\n]"
18:30:22.540 [Test worker] DEBUG com.github.dockerjava.zerodep.shaded.org.apache.hc.client5.http.wire - http-outgoing-1 << "[\r][\n]"
18:30:22.540 [Test worker] DEBUG com.github.dockerjava.zerodep.shaded.org.apache.hc.client5.http.wire - http-outgoing-1 << "18a6[\r][\n]"
18:30:22.540 [Test worker] DEBUG com.github.dockerjava.zerodep.shaded.org.apache.hc.client5.http.wire - http-outgoing-1 << "{"Id":"b4fc7afd97457a2a6ec84592488a57f900fa52ed03fcd2dbaf8a116bc1f50ab3","Created":"2022-12-08T21:30:11.801619537Z","Path":"docker-entrypoint.sh","Args":["mysqld"],"State":{"Status":"running","Running":true,"Paused":false,"Restarting":false,"OOMKilled":false,"Dead":false,"Pid":148084,"ExitCode":0,"Error":"","StartedAt":"2022-12-08T21:30:12.370762583Z","FinishedAt":"0001-01-01T00:00:00Z"},"Image":"sha256:7484689f290f1defe06b65befc54cb6ad91a667cf0af59a265ffe76c46bd0478","ResolvConfPath":"/var/lib/docker/containers/b4fc7afd97457a2a6ec84592488a57f900fa52ed03fcd2dbaf8a116bc1f50ab3/resolv.conf","HostnamePath":"/var/lib/docker/containers/b4fc7afd97457a2a6ec84592488a57f900fa52ed03fcd2dbaf8a116bc1f50ab3/hostname","HostsPath":"/var/lib/docker/containers/b4fc7afd97457a2a6ec84592488a57f900fa52ed03fcd2dbaf8a116bc1f50ab3/hosts","LogPath":"/var/lib/docker/containers/b4fc7afd97457a2a6ec84592488a57f900fa52ed03fcd2dbaf8a116bc1f50ab3/b4fc7afd97457a2a6ec84592488a57f900fa52ed03fcd2dbaf8a116bc1f50ab3-json.log","Name":"/agitated_ptolemy","RestartCount":0,"Driver":"overlay2","Platform":"linux","MountLabel":"","ProcessLabel":"","AppArmorProfile":"docker-default","ExecIDs":null,"HostConfig":{"Binds":[],"ContainerIDFile":"","LogConfig":{"Type":"json-file","Config":{}},"NetworkMode":"default","PortBindings":{"3306/tcp":[{"HostIp":"","HostPort":""}]},"RestartPolicy":{"Name":"","MaximumRetryCount":0},"AutoRemove":false,"VolumeDriver":"","VolumesFrom":[],"CapAdd":null,"CapDrop":null,"CgroupnsMode":"private","Dns":null,"DnsOptions":null,"DnsSearch":null,"ExtraHosts":[],"GroupAdd":null,"IpcMode":"shareable","Cgroup":"","Links":null,"OomScoreAdj":0,"PidMode":"","Privileged":false,"PublishAllPorts":false,"ReadonlyRootfs":false,"SecurityOpt":null,"UTSMode":"","UsernsMode":"","ShmSize":67108864,"Runtime":"runc","ConsoleSize":[0,0],"Isolation":"","CpuShares":0,"Memory":0,"NanoCpus":0,"CgroupParent":"","BlkioWeight":0,"BlkioWeightDevice":null,"BlkioDeviceReadBps":null,"BlkioDeviceWriteBps":null,"BlkioDeviceReadIOps":null,"BlkioDeviceWriteIOps":null,"CpuPeriod":0,"CpuQuota":0,"CpuRealtimePeriod":0,"CpuRealtimeRuntime":0,"CpusetCpus":"","CpusetMems":"","Devices":null,"DeviceCgroupRules":null,"DeviceRequests":null,"KernelMemory":0,"KernelMemoryTCP":0,"MemoryReservation":0,"MemorySwap":0,"MemorySwappiness":null,"OomKillDisable":null,"PidsLimit":null,"Ulimits":null,"CpuCount":0,"CpuPercent":0,"IOMaximumIOps":0,"IOMaximumBandwidth":0,"MaskedPaths":["/proc/asound","/proc/acpi","/proc/kcore","/proc/keys","/proc/latency_stats","/proc/timer_list","/proc/timer_stats","/proc/sched_debug","/proc/scsi","/sys/firmware"],"ReadonlyPaths":["/proc/bus","/proc/fs","/proc/irq","/proc/sys","/proc/sysrq-trigger"]},"GraphDriver":{"Data":{"LowerDir":"/var/lib/docker/overlay2/05794d51525f65619c615558ef5f93d7c33eef44e12313fdcb3942911d0b5f7d-init/diff:/var/lib/docker/overlay2/f079a69cfd5e80e906b12f05a0c7bfaabc56ce63e947db68b722ae30905f1239/diff:/var/lib/docker/overlay2/9dfb63d6bb556846a13012421dde7951ef83a14d8ce1882287cce66f0f9bd055/diff:/var/lib/docker/overlay2/c4f8874ae33ddd14488f5051cd953acc020fa00ea72d28bd530450c0bc8f9903/diff:/var/lib/docker/overlay2/992683766b46aa5653160e6a34283b579a75000e230890d0ec0a6204af735697/diff:/var/lib/docker/overlay2/6e3fba0e1d6501c91c9bec723bb1364f75599c6c2026a6dc71773c88a49f890a/diff:/var/lib/docker/overlay2/c6c2a366f45a69704761d45d296d71bf2bf315efb15cb06ad88925ed235fad81/diff:/var/lib/docker/overlay2/7555f9b18615244719d04b23296ba418195e5e569d47baf9f1da7c3f053fe194/diff:/var/lib/docker/overlay2/7752eb17f8f8ba44a5ed178f499901fa7eb6f2e031c29ab160ee4eff4db8edaa/diff:/var/lib/docker/overlay2/9683de8b3733106f256bd0eabc7cae13623b14493b9212e863449d42b8a87390/diff:/var/lib/docker/overlay2/f5e28e407d8811526fb7dd82e4fed08d5d3124c0f22f1a9496ed27b2b457d3dd/diff:/var/lib/docker/overlay2/e2980c91c6b3331cff3994ca6f327955bb5feaef0f96bc64edce80631fdbf829/diff","MergedDir":"/var/lib/docker/overlay2/05794d51525f65619c615558ef5f93d7c33eef44e12313fdcb3942911d0b5f7d/merged","UpperDir":"/var/lib/docker/overlay2/05794d51525f65619c615558ef5f93d7c33eef44e12313fdcb3942911d0b5f7d/diff","WorkDir":"/var/lib/docker/overlay2/05794d51525f65619c615558ef5f93d7c33eef44e12313fdcb3942911d0b5f7d/work"},"Name":"overlay2"},"Mounts":[{"Type":"volume","Name":"fe29345a30f82a1c969c40b069133e9d87168ce95967d67ac182ee42c059affb","Source":"/var/lib/docker/volumes/fe29345a30f82a1c969c40b069133e9d87168ce95967d67ac182ee42c059affb/_data","Destination":"/var/lib/mysql","Driver":"local","Mode":"","RW":true,"Propagation":""}],"Config":{"Hostname":"b4fc7afd9745","Domainname":"","User":"","AttachStdin":false,"AttachStdout":false,"AttachStderr":false,"ExposedPorts":{"3306/tcp":{},"33060/tcp":{}},"Tty":false,"OpenStdin":false,"StdinOnce":false,"Env":["MYSQL_DATABASE=adm_videos","MYSQL_PASSWORD=123456","MYSQL_ROOT_PASSWORD=123456","PATH=/usr/local/sbin:/usr/local/bin:/usr/sbin:/usr/bin:/sbin:/bin","GOSU_VERSION=1.14","MYSQL_MAJOR=8.0","MYSQL_VERSION=8.0.31-1.el8","MYSQL_SHELL_VERSION=8.0.31-1.el8"],"Cmd":["mysqld"],"Image":"mysql:latest","Volumes":{"/var/lib/mysql":{}},"WorkingDir":"","Entrypoint":["docker-entrypoint.sh"],"OnBuild":null,"Labels":{"org.testcontainers":"true","org.testcontainers.sessionId":"cdd139c9-cde1-4429-bea7-edb0e651ba16"}},"NetworkSettings":{"Bridge":"","SandboxID":"8404ec7d59006489fa5b6638879180586e9aa24c1c3ae79d40e26a8f453c93b1","HairpinMode":false,"LinkLocalIPv6Address":"","LinkLocalIPv6PrefixLen":0,"Ports":{"3306/tcp":[{"HostIp":"0.0.0.0","HostPort":"49156"},{"HostIp":"::","HostPort":"49156"}],"33060/tcp":null},"SandboxKey":"/var/run/docker/netns/8404ec7d5900","SecondaryIPAddresses":null,"SecondaryIPv6Addresses":null,"EndpointID":"28c851b70d88131a783e3d87b7c50320df5f3250ebca621b1b39353a2424212a","Gateway":"172.17.0.1","GlobalIPv6Address":"","GlobalIPv6PrefixLen":0,"IPAddress":"172.17.0.3","IPPrefixLen":16,"IPv6Gateway":"","MacAddress":"02:42:ac:11:00:03","Networks":{"bridge":{"IPAMConfig":null,"Links":null,"Aliases":null,"NetworkID":"bf06afe94eca8b5ab91eae0dbaa8561a6dd16832d429dcdbaa7ed1e003cfbe56","EndpointID":"28c851b70d88131a783e3d87b7c50320df5f3250ebca621b1b39353a2424212a","Gateway":"172.17.0.1","IPAddress":"172.17.0.3","IPPrefixLen":16,"IPv6Gateway":"","GlobalIPv6Address":"","GlobalIPv6PrefixLen":0,"MacAddress":"02:42:ac:11:00:03","DriverOpts":null}}}}[\n]"
18:30:22.540 [Test worker] DEBUG com.github.dockerjava.zerodep.shaded.org.apache.hc.client5.http.wire - http-outgoing-1 << "[\r][\n]"
18:30:22.540 [Test worker] DEBUG com.github.dockerjava.zerodep.shaded.org.apache.hc.client5.http.wire - http-outgoing-1 << "0[\r][\n]"
18:30:22.540 [Test worker] DEBUG com.github.dockerjava.zerodep.shaded.org.apache.hc.client5.http.wire - http-outgoing-1 << "[\r][\n]"
18:30:22.540 [Test worker] DEBUG com.github.dockerjava.zerodep.shaded.org.apache.hc.client5.http.headers - http-outgoing-1 << HTTP/1.1 200 OK
18:30:22.540 [Test worker] DEBUG com.github.dockerjava.zerodep.shaded.org.apache.hc.client5.http.headers - http-outgoing-1 << Api-Version: 1.41
18:30:22.540 [Test worker] DEBUG com.github.dockerjava.zerodep.shaded.org.apache.hc.client5.http.headers - http-outgoing-1 << Content-Type: application/json
18:30:22.540 [Test worker] DEBUG com.github.dockerjava.zerodep.shaded.org.apache.hc.client5.http.headers - http-outgoing-1 << Docker-Experimental: false
18:30:22.540 [Test worker] DEBUG com.github.dockerjava.zerodep.shaded.org.apache.hc.client5.http.headers - http-outgoing-1 << Ostype: linux
18:30:22.540 [Test worker] DEBUG com.github.dockerjava.zerodep.shaded.org.apache.hc.client5.http.headers - http-outgoing-1 << Server: Docker/20.10.17 (linux)
18:30:22.540 [Test worker] DEBUG com.github.dockerjava.zerodep.shaded.org.apache.hc.client5.http.headers - http-outgoing-1 << Date: Thu, 08 Dec 2022 21:30:22 GMT
18:30:22.540 [Test worker] DEBUG com.github.dockerjava.zerodep.shaded.org.apache.hc.client5.http.headers - http-outgoing-1 << Transfer-Encoding: chunked
18:30:22.540 [Test worker] DEBUG com.github.dockerjava.zerodep.shaded.org.apache.hc.client5.http.impl.classic.MainClientExec - ex-00000069: connection can be kept alive for 3 MINUTES
18:30:22.541 [Test worker] DEBUG com.github.dockerjava.zerodep.shaded.org.apache.hc.client5.http.impl.classic.InternalHttpClient - ep-00000068: releasing valid endpoint
18:30:22.541 [Test worker] DEBUG com.github.dockerjava.zerodep.shaded.org.apache.hc.client5.http.impl.io.PoolingHttpClientConnectionManager - ep-00000068: releasing endpoint
18:30:22.541 [Test worker] DEBUG com.github.dockerjava.zerodep.shaded.org.apache.hc.client5.http.impl.io.PoolingHttpClientConnectionManager - ep-00000068: connection http-outgoing-1 can be kept alive for 3 MINUTES
18:30:22.541 [Test worker] DEBUG com.github.dockerjava.zerodep.shaded.org.apache.hc.client5.http.impl.io.PoolingHttpClientConnectionManager - ep-00000068: connection released [route: {}->unix://localhost:2375][total available: 1; route allocated: 1 of 2147483647; total allocated: 1 of 2147483647]
18:30:22.541 [Test worker] DEBUG ]]>&#x1f433;<![CDATA[ [mysql:latest] - Trying to create JDBC connection using com.mysql.cj.jdbc.Driver to jdbc:mysql://localhost:49156/adm_videos?useSSL=false&allowPublicKeyRetrieval=true with properties: {password=123456, user=root}
18:30:22.642 [Test worker] DEBUG org.testcontainers.shaded.com.github.dockerjava.core.command.AbstrDockerCmd - Cmd: b4fc7afd97457a2a6ec84592488a57f900fa52ed03fcd2dbaf8a116bc1f50ab3,false
18:30:22.643 [Test worker] DEBUG org.testcontainers.shaded.com.github.dockerjava.core.exec.InspectContainerCmdExec - GET: DefaultWebTarget{path=[/containers/b4fc7afd97457a2a6ec84592488a57f900fa52ed03fcd2dbaf8a116bc1f50ab3/json], queryParams={}}
18:30:22.643 [Test worker] DEBUG com.github.dockerjava.zerodep.shaded.org.apache.hc.client5.http.impl.classic.InternalHttpClient - ex-0000006A: preparing request execution
18:30:22.644 [Test worker] DEBUG com.github.dockerjava.zerodep.shaded.org.apache.hc.client5.http.protocol.RequestAddCookies - Cookie spec selected: strict
18:30:22.644 [Test worker] DEBUG com.github.dockerjava.zerodep.shaded.org.apache.hc.client5.http.protocol.RequestAuthCache - Auth cache not set in the context
18:30:22.644 [Test worker] DEBUG com.github.dockerjava.zerodep.shaded.org.apache.hc.client5.http.impl.classic.ProtocolExec - ex-0000006A: target auth state: UNCHALLENGED
18:30:22.644 [Test worker] DEBUG com.github.dockerjava.zerodep.shaded.org.apache.hc.client5.http.impl.classic.ProtocolExec - ex-0000006A: proxy auth state: UNCHALLENGED
18:30:22.644 [Test worker] DEBUG com.github.dockerjava.zerodep.shaded.org.apache.hc.client5.http.impl.classic.ConnectExec - ex-0000006A: acquiring connection with route {}->unix://localhost:2375
18:30:22.644 [Test worker] DEBUG com.github.dockerjava.zerodep.shaded.org.apache.hc.client5.http.impl.classic.InternalHttpClient - ex-0000006A: acquiring endpoint (3 MINUTES)
18:30:22.644 [Test worker] DEBUG com.github.dockerjava.zerodep.shaded.org.apache.hc.client5.http.impl.io.PoolingHttpClientConnectionManager - ex-0000006A: endpoint lease request (3 MINUTES) [route: {}->unix://localhost:2375][total available: 1; route allocated: 1 of 2147483647; total allocated: 1 of 2147483647]
18:30:22.644 [Test worker] DEBUG com.github.dockerjava.zerodep.shaded.org.apache.hc.client5.http.impl.io.PoolingHttpClientConnectionManager - ex-0000006A: endpoint leased [route: {}->unix://localhost:2375][total available: 0; route allocated: 1 of 2147483647; total allocated: 1 of 2147483647]
18:30:22.644 [Test worker] DEBUG com.github.dockerjava.zerodep.shaded.org.apache.hc.client5.http.impl.io.PoolingHttpClientConnectionManager - ex-0000006A: acquired ep-00000069
18:30:22.644 [Test worker] DEBUG com.github.dockerjava.zerodep.shaded.org.apache.hc.client5.http.impl.classic.InternalHttpClient - ex-0000006A: acquired endpoint ep-00000069
18:30:22.644 [Test worker] DEBUG com.github.dockerjava.zerodep.shaded.org.apache.hc.client5.http.impl.classic.MainClientExec - ex-0000006A: executing GET /v1.32/containers/b4fc7afd97457a2a6ec84592488a57f900fa52ed03fcd2dbaf8a116bc1f50ab3/json HTTP/1.1
18:30:22.644 [Test worker] DEBUG com.github.dockerjava.zerodep.shaded.org.apache.hc.client5.http.impl.classic.InternalHttpClient - ep-00000069: start execution ex-0000006A
18:30:22.644 [Test worker] DEBUG com.github.dockerjava.zerodep.shaded.org.apache.hc.client5.http.impl.io.PoolingHttpClientConnectionManager - ep-00000069: executing exchange ex-0000006A over http-outgoing-1
18:30:22.644 [Test worker] DEBUG com.github.dockerjava.zerodep.shaded.org.apache.hc.client5.http.headers - http-outgoing-1 >> GET /v1.32/containers/b4fc7afd97457a2a6ec84592488a57f900fa52ed03fcd2dbaf8a116bc1f50ab3/json HTTP/1.1
18:30:22.644 [Test worker] DEBUG com.github.dockerjava.zerodep.shaded.org.apache.hc.client5.http.headers - http-outgoing-1 >> accept: application/json
18:30:22.644 [Test worker] DEBUG com.github.dockerjava.zerodep.shaded.org.apache.hc.client5.http.headers - http-outgoing-1 >> x-tc-sid: cdd139c9-cde1-4429-bea7-edb0e651ba16
18:30:22.644 [Test worker] DEBUG com.github.dockerjava.zerodep.shaded.org.apache.hc.client5.http.headers - http-outgoing-1 >> Accept-Encoding: gzip, x-gzip, deflate
18:30:22.644 [Test worker] DEBUG com.github.dockerjava.zerodep.shaded.org.apache.hc.client5.http.headers - http-outgoing-1 >> Host: localhost:2375
18:30:22.644 [Test worker] DEBUG com.github.dockerjava.zerodep.shaded.org.apache.hc.client5.http.headers - http-outgoing-1 >> Connection: keep-alive
18:30:22.644 [Test worker] DEBUG com.github.dockerjava.zerodep.shaded.org.apache.hc.client5.http.headers - http-outgoing-1 >> User-Agent: Apache-HttpClient/5.0.3 (Java/17.0.2)
18:30:22.644 [Test worker] DEBUG com.github.dockerjava.zerodep.shaded.org.apache.hc.client5.http.wire - http-outgoing-1 >> "GET /v1.32/containers/b4fc7afd97457a2a6ec84592488a57f900fa52ed03fcd2dbaf8a116bc1f50ab3/json HTTP/1.1[\r][\n]"
18:30:22.644 [Test worker] DEBUG com.github.dockerjava.zerodep.shaded.org.apache.hc.client5.http.wire - http-outgoing-1 >> "accept: application/json[\r][\n]"
18:30:22.644 [Test worker] DEBUG com.github.dockerjava.zerodep.shaded.org.apache.hc.client5.http.wire - http-outgoing-1 >> "x-tc-sid: cdd139c9-cde1-4429-bea7-edb0e651ba16[\r][\n]"
18:30:22.644 [Test worker] DEBUG com.github.dockerjava.zerodep.shaded.org.apache.hc.client5.http.wire - http-outgoing-1 >> "Accept-Encoding: gzip, x-gzip, deflate[\r][\n]"
18:30:22.644 [Test worker] DEBUG com.github.dockerjava.zerodep.shaded.org.apache.hc.client5.http.wire - http-outgoing-1 >> "Host: localhost:2375[\r][\n]"
18:30:22.644 [Test worker] DEBUG com.github.dockerjava.zerodep.shaded.org.apache.hc.client5.http.wire - http-outgoing-1 >> "Connection: keep-alive[\r][\n]"
18:30:22.644 [Test worker] DEBUG com.github.dockerjava.zerodep.shaded.org.apache.hc.client5.http.wire - http-outgoing-1 >> "User-Agent: Apache-HttpClient/5.0.3 (Java/17.0.2)[\r][\n]"
18:30:22.644 [Test worker] DEBUG com.github.dockerjava.zerodep.shaded.org.apache.hc.client5.http.wire - http-outgoing-1 >> "[\r][\n]"
18:30:22.645 [Test worker] DEBUG com.github.dockerjava.zerodep.shaded.org.apache.hc.client5.http.wire - http-outgoing-1 << "HTTP/1.1 200 OK[\r][\n]"
18:30:22.645 [Test worker] DEBUG com.github.dockerjava.zerodep.shaded.org.apache.hc.client5.http.wire - http-outgoing-1 << "Api-Version: 1.41[\r][\n]"
18:30:22.645 [Test worker] DEBUG com.github.dockerjava.zerodep.shaded.org.apache.hc.client5.http.wire - http-outgoing-1 << "Content-Type: application/json[\r][\n]"
18:30:22.645 [Test worker] DEBUG com.github.dockerjava.zerodep.shaded.org.apache.hc.client5.http.wire - http-outgoing-1 << "Docker-Experimental: false[\r][\n]"
18:30:22.645 [Test worker] DEBUG com.github.dockerjava.zerodep.shaded.org.apache.hc.client5.http.wire - http-outgoing-1 << "Ostype: linux[\r][\n]"
18:30:22.645 [Test worker] DEBUG com.github.dockerjava.zerodep.shaded.org.apache.hc.client5.http.wire - http-outgoing-1 << "Server: Docker/20.10.17 (linux)[\r][\n]"
18:30:22.645 [Test worker] DEBUG com.github.dockerjava.zerodep.shaded.org.apache.hc.client5.http.wire - http-outgoing-1 << "Date: Thu, 08 Dec 2022 21:30:22 GMT[\r][\n]"
18:30:22.645 [Test worker] DEBUG com.github.dockerjava.zerodep.shaded.org.apache.hc.client5.http.wire - http-outgoing-1 << "Transfer-Encoding: chunked[\r][\n]"
18:30:22.645 [Test worker] DEBUG com.github.dockerjava.zerodep.shaded.org.apache.hc.client5.http.wire - http-outgoing-1 << "[\r][\n]"
18:30:22.645 [Test worker] DEBUG com.github.dockerjava.zerodep.shaded.org.apache.hc.client5.http.wire - http-outgoing-1 << "18a6[\r][\n]"
18:30:22.645 [Test worker] DEBUG com.github.dockerjava.zerodep.shaded.org.apache.hc.client5.http.wire - http-outgoing-1 << "{"Id":"b4fc7afd97457a2a6ec84592488a57f900fa52ed03fcd2dbaf8a116bc1f50ab3","Created":"2022-12-08T21:30:11.801619537Z","Path":"docker-entrypoint.sh","Args":["mysqld"],"State":{"Status":"running","Running":true,"Paused":false,"Restarting":false,"OOMKilled":false,"Dead":false,"Pid":148084,"ExitCode":0,"Error":"","StartedAt":"2022-12-08T21:30:12.370762583Z","FinishedAt":"0001-01-01T00:00:00Z"},"Image":"sha256:7484689f290f1defe06b65befc54cb6ad91a667cf0af59a265ffe76c46bd0478","ResolvConfPath":"/var/lib/docker/containers/b4fc7afd97457a2a6ec84592488a57f900fa52ed03fcd2dbaf8a116bc1f50ab3/resolv.conf","HostnamePath":"/var/lib/docker/containers/b4fc7afd97457a2a6ec84592488a57f900fa52ed03fcd2dbaf8a116bc1f50ab3/hostname","HostsPath":"/var/lib/docker/containers/b4fc7afd97457a2a6ec84592488a57f900fa52ed03fcd2dbaf8a116bc1f50ab3/hosts","LogPath":"/var/lib/docker/containers/b4fc7afd97457a2a6ec84592488a57f900fa52ed03fcd2dbaf8a116bc1f50ab3/b4fc7afd97457a2a6ec84592488a57f900fa52ed03fcd2dbaf8a116bc1f50ab3-json.log","Name":"/agitated_ptolemy","RestartCount":0,"Driver":"overlay2","Platform":"linux","MountLabel":"","ProcessLabel":"","AppArmorProfile":"docker-default","ExecIDs":null,"HostConfig":{"Binds":[],"ContainerIDFile":"","LogConfig":{"Type":"json-file","Config":{}},"NetworkMode":"default","PortBindings":{"3306/tcp":[{"HostIp":"","HostPort":""}]},"RestartPolicy":{"Name":"","MaximumRetryCount":0},"AutoRemove":false,"VolumeDriver":"","VolumesFrom":[],"CapAdd":null,"CapDrop":null,"CgroupnsMode":"private","Dns":null,"DnsOptions":null,"DnsSearch":null,"ExtraHosts":[],"GroupAdd":null,"IpcMode":"shareable","Cgroup":"","Links":null,"OomScoreAdj":0,"PidMode":"","Privileged":false,"PublishAllPorts":false,"ReadonlyRootfs":false,"SecurityOpt":null,"UTSMode":"","UsernsMode":"","ShmSize":67108864,"Runtime":"runc","ConsoleSize":[0,0],"Isolation":"","CpuShares":0,"Memory":0,"NanoCpus":0,"CgroupParent":"","BlkioWeight":0,"BlkioWeightDevice":null,"BlkioDeviceReadBps":null,"BlkioDeviceWriteBps":null,"BlkioDeviceReadIOps":null,"BlkioDeviceWriteIOps":null,"CpuPeriod":0,"CpuQuota":0,"CpuRealtimePeriod":0,"CpuRealtimeRuntime":0,"CpusetCpus":"","CpusetMems":"","Devices":null,"DeviceCgroupRules":null,"DeviceRequests":null,"KernelMemory":0,"KernelMemoryTCP":0,"MemoryReservation":0,"MemorySwap":0,"MemorySwappiness":null,"OomKillDisable":null,"PidsLimit":null,"Ulimits":null,"CpuCount":0,"CpuPercent":0,"IOMaximumIOps":0,"IOMaximumBandwidth":0,"MaskedPaths":["/proc/asound","/proc/acpi","/proc/kcore","/proc/keys","/proc/latency_stats","/proc/timer_list","/proc/timer_stats","/proc/sched_debug","/proc/scsi","/sys/firmware"],"ReadonlyPaths":["/proc/bus","/proc/fs","/proc/irq","/proc/sys","/proc/sysrq-trigger"]},"GraphDriver":{"Data":{"LowerDir":"/var/lib/docker/overlay2/05794d51525f65619c615558ef5f93d7c33eef44e12313fdcb3942911d0b5f7d-init/diff:/var/lib/docker/overlay2/f079a69cfd5e80e906b12f05a0c7bfaabc56ce63e947db68b722ae30905f1239/diff:/var/lib/docker/overlay2/9dfb63d6bb556846a13012421dde7951ef83a14d8ce1882287cce66f0f9bd055/diff:/var/lib/docker/overlay2/c4f8874ae33ddd14488f5051cd953acc020fa00ea72d28bd530450c0bc8f9903/diff:/var/lib/docker/overlay2/992683766b46aa5653160e6a34283b579a75000e230890d0ec0a6204af735697/diff:/var/lib/docker/overlay2/6e3fba0e1d6501c91c9bec723bb1364f75599c6c2026a6dc71773c88a49f890a/diff:/var/lib/docker/overlay2/c6c2a366f45a69704761d45d296d71bf2bf315efb15cb06ad88925ed235fad81/diff:/var/lib/docker/overlay2/7555f9b18615244719d04b23296ba418195e5e569d47baf9f1da7c3f053fe194/diff:/var/lib/docker/overlay2/7752eb17f8f8ba44a5ed178f499901fa7eb6f2e031c29ab160ee4eff4db8edaa/diff:/var/lib/docker/overlay2/9683de8b3733106f256bd0eabc7cae13623b14493b9212e863449d42b8a87390/diff:/var/lib/docker/overlay2/f5e28e407d8811526fb7dd82e4fed08d5d3124c0f22f1a9496ed27b2b457d3dd/diff:/var/lib/docker/overlay2/e2980c91c6b3331cff3994ca6f327955bb5feaef0f96bc64edce80631fdbf829/diff","MergedDir":"/var/lib/docker/overlay2/05794d51525f65619c615558ef5f93d7c33eef44e12313fdcb3942911d0b5f7d/merged","UpperDir":"/var/lib/docker/overlay2/05794d51525f65619c615558ef5f93d7c33eef44e12313fdcb3942911d0b5f7d/diff","WorkDir":"/var/lib/docker/overlay2/05794d51525f65619c615558ef5f93d7c33eef44e12313fdcb3942911d0b5f7d/work"},"Name":"overlay2"},"Mounts":[{"Type":"volume","Name":"fe29345a30f82a1c969c40b069133e9d87168ce95967d67ac182ee42c059affb","Source":"/var/lib/docker/volumes/fe29345a30f82a1c969c40b069133e9d87168ce95967d67ac182ee42c059affb/_data","Destination":"/var/lib/mysql","Driver":"local","Mode":"","RW":true,"Propagation":""}],"Config":{"Hostname":"b4fc7afd9745","Domainname":"","User":"","AttachStdin":false,"AttachStdout":false,"AttachStderr":false,"ExposedPorts":{"3306/tcp":{},"33060/tcp":{}},"Tty":false,"OpenStdin":false,"StdinOnce":false,"Env":["MYSQL_DATABASE=adm_videos","MYSQL_PASSWORD=123456","MYSQL_ROOT_PASSWORD=123456","PATH=/usr/local/sbin:/usr/local/bin:/usr/sbin:/usr/bin:/sbin:/bin","GOSU_VERSION=1.14","MYSQL_MAJOR=8.0","MYSQL_VERSION=8.0.31-1.el8","MYSQL_SHELL_VERSION=8.0.31-1.el8"],"Cmd":["mysqld"],"Image":"mysql:latest","Volumes":{"/var/lib/mysql":{}},"WorkingDir":"","Entrypoint":["docker-entrypoint.sh"],"OnBuild":null,"Labels":{"org.testcontainers":"true","org.testcontainers.sessionId":"cdd139c9-cde1-4429-bea7-edb0e651ba16"}},"NetworkSettings":{"Bridge":"","SandboxID":"8404ec7d59006489fa5b6638879180586e9aa24c1c3ae79d40e26a8f453c93b1","HairpinMode":false,"LinkLocalIPv6Address":"","LinkLocalIPv6PrefixLen":0,"Ports":{"3306/tcp":[{"HostIp":"0.0.0.0","HostPort":"49156"},{"HostIp":"::","HostPort":"49156"}],"33060/tcp":null},"SandboxKey":"/var/run/docker/netns/8404ec7d5900","SecondaryIPAddresses":null,"SecondaryIPv6Addresses":null,"EndpointID":"28c851b70d88131a783e3d87b7c50320df5f3250ebca621b1b39353a2424212a","Gateway":"172.17.0.1","GlobalIPv6Address":"","GlobalIPv6PrefixLen":0,"IPAddress":"172.17.0.3","IPPrefixLen":16,"IPv6Gateway":"","MacAddress":"02:42:ac:11:00:03","Networks":{"bridge":{"IPAMConfig":null,"Links":null,"Aliases":null,"NetworkID":"bf06afe94eca8b5ab91eae0dbaa8561a6dd16832d429dcdbaa7ed1e003cfbe56","EndpointID":"28c851b70d88131a783e3d87b7c50320df5f3250ebca621b1b39353a2424212a","Gateway":"172.17.0.1","IPAddress":"172.17.0.3","IPPrefixLen":16,"IPv6Gateway":"","GlobalIPv6Address":"","GlobalIPv6PrefixLen":0,"MacAddress":"02:42:ac:11:00:03","DriverOpts":null}}}}[\n]"
18:30:22.645 [Test worker] DEBUG com.github.dockerjava.zerodep.shaded.org.apache.hc.client5.http.wire - http-outgoing-1 << "[\r][\n]"
18:30:22.645 [Test worker] DEBUG com.github.dockerjava.zerodep.shaded.org.apache.hc.client5.http.wire - http-outgoing-1 << "0[\r][\n]"
18:30:22.645 [Test worker] DEBUG com.github.dockerjava.zerodep.shaded.org.apache.hc.client5.http.wire - http-outgoing-1 << "[\r][\n]"
18:30:22.645 [Test worker] DEBUG com.github.dockerjava.zerodep.shaded.org.apache.hc.client5.http.headers - http-outgoing-1 << HTTP/1.1 200 OK
18:30:22.645 [Test worker] DEBUG com.github.dockerjava.zerodep.shaded.org.apache.hc.client5.http.headers - http-outgoing-1 << Api-Version: 1.41
18:30:22.645 [Test worker] DEBUG com.github.dockerjava.zerodep.shaded.org.apache.hc.client5.http.headers - http-outgoing-1 << Content-Type: application/json
18:30:22.646 [Test worker] DEBUG com.github.dockerjava.zerodep.shaded.org.apache.hc.client5.http.headers - http-outgoing-1 << Docker-Experimental: false
18:30:22.646 [Test worker] DEBUG com.github.dockerjava.zerodep.shaded.org.apache.hc.client5.http.headers - http-outgoing-1 << Ostype: linux
18:30:22.646 [Test worker] DEBUG com.github.dockerjava.zerodep.shaded.org.apache.hc.client5.http.headers - http-outgoing-1 << Server: Docker/20.10.17 (linux)
18:30:22.646 [Test worker] DEBUG com.github.dockerjava.zerodep.shaded.org.apache.hc.client5.http.headers - http-outgoing-1 << Date: Thu, 08 Dec 2022 21:30:22 GMT
18:30:22.646 [Test worker] DEBUG com.github.dockerjava.zerodep.shaded.org.apache.hc.client5.http.headers - http-outgoing-1 << Transfer-Encoding: chunked
18:30:22.647 [Test worker] DEBUG com.github.dockerjava.zerodep.shaded.org.apache.hc.client5.http.impl.classic.MainClientExec - ex-0000006A: connection can be kept alive for 3 MINUTES
18:30:22.647 [Test worker] DEBUG com.github.dockerjava.zerodep.shaded.org.apache.hc.client5.http.impl.classic.InternalHttpClient - ep-00000069: releasing valid endpoint
18:30:22.647 [Test worker] DEBUG com.github.dockerjava.zerodep.shaded.org.apache.hc.client5.http.impl.io.PoolingHttpClientConnectionManager - ep-00000069: releasing endpoint
18:30:22.647 [Test worker] DEBUG com.github.dockerjava.zerodep.shaded.org.apache.hc.client5.http.impl.io.PoolingHttpClientConnectionManager - ep-00000069: connection http-outgoing-1 can be kept alive for 3 MINUTES
18:30:22.647 [Test worker] DEBUG com.github.dockerjava.zerodep.shaded.org.apache.hc.client5.http.impl.io.PoolingHttpClientConnectionManager - ep-00000069: connection released [route: {}->unix://localhost:2375][total available: 1; route allocated: 1 of 2147483647; total allocated: 1 of 2147483647]
18:30:22.647 [Test worker] DEBUG ]]>&#x1f433;<![CDATA[ [mysql:latest] - Trying to create JDBC connection using com.mysql.cj.jdbc.Driver to jdbc:mysql://localhost:49156/adm_videos?useSSL=false&allowPublicKeyRetrieval=true with properties: {password=123456, user=root}
18:30:22.749 [Test worker] DEBUG org.testcontainers.shaded.com.github.dockerjava.core.command.AbstrDockerCmd - Cmd: b4fc7afd97457a2a6ec84592488a57f900fa52ed03fcd2dbaf8a116bc1f50ab3,false
18:30:22.749 [Test worker] DEBUG org.testcontainers.shaded.com.github.dockerjava.core.exec.InspectContainerCmdExec - GET: DefaultWebTarget{path=[/containers/b4fc7afd97457a2a6ec84592488a57f900fa52ed03fcd2dbaf8a116bc1f50ab3/json], queryParams={}}
18:30:22.749 [Test worker] DEBUG com.github.dockerjava.zerodep.shaded.org.apache.hc.client5.http.impl.classic.InternalHttpClient - ex-0000006B: preparing request execution
18:30:22.749 [Test worker] DEBUG com.github.dockerjava.zerodep.shaded.org.apache.hc.client5.http.protocol.RequestAddCookies - Cookie spec selected: strict
18:30:22.749 [Test worker] DEBUG com.github.dockerjava.zerodep.shaded.org.apache.hc.client5.http.protocol.RequestAuthCache - Auth cache not set in the context
18:30:22.749 [Test worker] DEBUG com.github.dockerjava.zerodep.shaded.org.apache.hc.client5.http.impl.classic.ProtocolExec - ex-0000006B: target auth state: UNCHALLENGED
18:30:22.749 [Test worker] DEBUG com.github.dockerjava.zerodep.shaded.org.apache.hc.client5.http.impl.classic.ProtocolExec - ex-0000006B: proxy auth state: UNCHALLENGED
18:30:22.749 [Test worker] DEBUG com.github.dockerjava.zerodep.shaded.org.apache.hc.client5.http.impl.classic.ConnectExec - ex-0000006B: acquiring connection with route {}->unix://localhost:2375
18:30:22.749 [Test worker] DEBUG com.github.dockerjava.zerodep.shaded.org.apache.hc.client5.http.impl.classic.InternalHttpClient - ex-0000006B: acquiring endpoint (3 MINUTES)
18:30:22.749 [Test worker] DEBUG com.github.dockerjava.zerodep.shaded.org.apache.hc.client5.http.impl.io.PoolingHttpClientConnectionManager - ex-0000006B: endpoint lease request (3 MINUTES) [route: {}->unix://localhost:2375][total available: 1; route allocated: 1 of 2147483647; total allocated: 1 of 2147483647]
18:30:22.749 [Test worker] DEBUG com.github.dockerjava.zerodep.shaded.org.apache.hc.client5.http.impl.io.PoolingHttpClientConnectionManager - ex-0000006B: endpoint leased [route: {}->unix://localhost:2375][total available: 0; route allocated: 1 of 2147483647; total allocated: 1 of 2147483647]
18:30:22.749 [Test worker] DEBUG com.github.dockerjava.zerodep.shaded.org.apache.hc.client5.http.impl.io.PoolingHttpClientConnectionManager - ex-0000006B: acquired ep-0000006A
18:30:22.749 [Test worker] DEBUG com.github.dockerjava.zerodep.shaded.org.apache.hc.client5.http.impl.classic.InternalHttpClient - ex-0000006B: acquired endpoint ep-0000006A
18:30:22.749 [Test worker] DEBUG com.github.dockerjava.zerodep.shaded.org.apache.hc.client5.http.impl.classic.MainClientExec - ex-0000006B: executing GET /v1.32/containers/b4fc7afd97457a2a6ec84592488a57f900fa52ed03fcd2dbaf8a116bc1f50ab3/json HTTP/1.1
18:30:22.749 [Test worker] DEBUG com.github.dockerjava.zerodep.shaded.org.apache.hc.client5.http.impl.classic.InternalHttpClient - ep-0000006A: start execution ex-0000006B
18:30:22.749 [Test worker] DEBUG com.github.dockerjava.zerodep.shaded.org.apache.hc.client5.http.impl.io.PoolingHttpClientConnectionManager - ep-0000006A: executing exchange ex-0000006B over http-outgoing-1
18:30:22.749 [Test worker] DEBUG com.github.dockerjava.zerodep.shaded.org.apache.hc.client5.http.headers - http-outgoing-1 >> GET /v1.32/containers/b4fc7afd97457a2a6ec84592488a57f900fa52ed03fcd2dbaf8a116bc1f50ab3/json HTTP/1.1
18:30:22.749 [Test worker] DEBUG com.github.dockerjava.zerodep.shaded.org.apache.hc.client5.http.headers - http-outgoing-1 >> accept: application/json
18:30:22.749 [Test worker] DEBUG com.github.dockerjava.zerodep.shaded.org.apache.hc.client5.http.headers - http-outgoing-1 >> x-tc-sid: cdd139c9-cde1-4429-bea7-edb0e651ba16
18:30:22.750 [Test worker] DEBUG com.github.dockerjava.zerodep.shaded.org.apache.hc.client5.http.headers - http-outgoing-1 >> Accept-Encoding: gzip, x-gzip, deflate
18:30:22.750 [Test worker] DEBUG com.github.dockerjava.zerodep.shaded.org.apache.hc.client5.http.headers - http-outgoing-1 >> Host: localhost:2375
18:30:22.750 [Test worker] DEBUG com.github.dockerjava.zerodep.shaded.org.apache.hc.client5.http.headers - http-outgoing-1 >> Connection: keep-alive
18:30:22.750 [Test worker] DEBUG com.github.dockerjava.zerodep.shaded.org.apache.hc.client5.http.headers - http-outgoing-1 >> User-Agent: Apache-HttpClient/5.0.3 (Java/17.0.2)
18:30:22.750 [Test worker] DEBUG com.github.dockerjava.zerodep.shaded.org.apache.hc.client5.http.wire - http-outgoing-1 >> "GET /v1.32/containers/b4fc7afd97457a2a6ec84592488a57f900fa52ed03fcd2dbaf8a116bc1f50ab3/json HTTP/1.1[\r][\n]"
18:30:22.750 [Test worker] DEBUG com.github.dockerjava.zerodep.shaded.org.apache.hc.client5.http.wire - http-outgoing-1 >> "accept: application/json[\r][\n]"
18:30:22.750 [Test worker] DEBUG com.github.dockerjava.zerodep.shaded.org.apache.hc.client5.http.wire - http-outgoing-1 >> "x-tc-sid: cdd139c9-cde1-4429-bea7-edb0e651ba16[\r][\n]"
18:30:22.750 [Test worker] DEBUG com.github.dockerjava.zerodep.shaded.org.apache.hc.client5.http.wire - http-outgoing-1 >> "Accept-Encoding: gzip, x-gzip, deflate[\r][\n]"
18:30:22.750 [Test worker] DEBUG com.github.dockerjava.zerodep.shaded.org.apache.hc.client5.http.wire - http-outgoing-1 >> "Host: localhost:2375[\r][\n]"
18:30:22.750 [Test worker] DEBUG com.github.dockerjava.zerodep.shaded.org.apache.hc.client5.http.wire - http-outgoing-1 >> "Connection: keep-alive[\r][\n]"
18:30:22.750 [Test worker] DEBUG com.github.dockerjava.zerodep.shaded.org.apache.hc.client5.http.wire - http-outgoing-1 >> "User-Agent: Apache-HttpClient/5.0.3 (Java/17.0.2)[\r][\n]"
18:30:22.750 [Test worker] DEBUG com.github.dockerjava.zerodep.shaded.org.apache.hc.client5.http.wire - http-outgoing-1 >> "[\r][\n]"
18:30:22.750 [Test worker] DEBUG com.github.dockerjava.zerodep.shaded.org.apache.hc.client5.http.wire - http-outgoing-1 << "HTTP/1.1 200 OK[\r][\n]"
18:30:22.750 [Test worker] DEBUG com.github.dockerjava.zerodep.shaded.org.apache.hc.client5.http.wire - http-outgoing-1 << "Api-Version: 1.41[\r][\n]"
18:30:22.750 [Test worker] DEBUG com.github.dockerjava.zerodep.shaded.org.apache.hc.client5.http.wire - http-outgoing-1 << "Content-Type: application/json[\r][\n]"
18:30:22.750 [Test worker] DEBUG com.github.dockerjava.zerodep.shaded.org.apache.hc.client5.http.wire - http-outgoing-1 << "Docker-Experimental: false[\r][\n]"
18:30:22.750 [Test worker] DEBUG com.github.dockerjava.zerodep.shaded.org.apache.hc.client5.http.wire - http-outgoing-1 << "Ostype: linux[\r][\n]"
18:30:22.750 [Test worker] DEBUG com.github.dockerjava.zerodep.shaded.org.apache.hc.client5.http.wire - http-outgoing-1 << "Server: Docker/20.10.17 (linux)[\r][\n]"
18:30:22.750 [Test worker] DEBUG com.github.dockerjava.zerodep.shaded.org.apache.hc.client5.http.wire - http-outgoing-1 << "Date: Thu, 08 Dec 2022 21:30:22 GMT[\r][\n]"
18:30:22.750 [Test worker] DEBUG com.github.dockerjava.zerodep.shaded.org.apache.hc.client5.http.wire - http-outgoing-1 << "Transfer-Encoding: chunked[\r][\n]"
18:30:22.750 [Test worker] DEBUG com.github.dockerjava.zerodep.shaded.org.apache.hc.client5.http.wire - http-outgoing-1 << "[\r][\n]"
18:30:22.750 [Test worker] DEBUG com.github.dockerjava.zerodep.shaded.org.apache.hc.client5.http.wire - http-outgoing-1 << "18a6[\r][\n]"
18:30:22.750 [Test worker] DEBUG com.github.dockerjava.zerodep.shaded.org.apache.hc.client5.http.wire - http-outgoing-1 << "{"Id":"b4fc7afd97457a2a6ec84592488a57f900fa52ed03fcd2dbaf8a116bc1f50ab3","Created":"2022-12-08T21:30:11.801619537Z","Path":"docker-entrypoint.sh","Args":["mysqld"],"State":{"Status":"running","Running":true,"Paused":false,"Restarting":false,"OOMKilled":false,"Dead":false,"Pid":148084,"ExitCode":0,"Error":"","StartedAt":"2022-12-08T21:30:12.370762583Z","FinishedAt":"0001-01-01T00:00:00Z"},"Image":"sha256:7484689f290f1defe06b65befc54cb6ad91a667cf0af59a265ffe76c46bd0478","ResolvConfPath":"/var/lib/docker/containers/b4fc7afd97457a2a6ec84592488a57f900fa52ed03fcd2dbaf8a116bc1f50ab3/resolv.conf","HostnamePath":"/var/lib/docker/containers/b4fc7afd97457a2a6ec84592488a57f900fa52ed03fcd2dbaf8a116bc1f50ab3/hostname","HostsPath":"/var/lib/docker/containers/b4fc7afd97457a2a6ec84592488a57f900fa52ed03fcd2dbaf8a116bc1f50ab3/hosts","LogPath":"/var/lib/docker/containers/b4fc7afd97457a2a6ec84592488a57f900fa52ed03fcd2dbaf8a116bc1f50ab3/b4fc7afd97457a2a6ec84592488a57f900fa52ed03fcd2dbaf8a116bc1f50ab3-json.log","Name":"/agitated_ptolemy","RestartCount":0,"Driver":"overlay2","Platform":"linux","MountLabel":"","ProcessLabel":"","AppArmorProfile":"docker-default","ExecIDs":null,"HostConfig":{"Binds":[],"ContainerIDFile":"","LogConfig":{"Type":"json-file","Config":{}},"NetworkMode":"default","PortBindings":{"3306/tcp":[{"HostIp":"","HostPort":""}]},"RestartPolicy":{"Name":"","MaximumRetryCount":0},"AutoRemove":false,"VolumeDriver":"","VolumesFrom":[],"CapAdd":null,"CapDrop":null,"CgroupnsMode":"private","Dns":null,"DnsOptions":null,"DnsSearch":null,"ExtraHosts":[],"GroupAdd":null,"IpcMode":"shareable","Cgroup":"","Links":null,"OomScoreAdj":0,"PidMode":"","Privileged":false,"PublishAllPorts":false,"ReadonlyRootfs":false,"SecurityOpt":null,"UTSMode":"","UsernsMode":"","ShmSize":67108864,"Runtime":"runc","ConsoleSize":[0,0],"Isolation":"","CpuShares":0,"Memory":0,"NanoCpus":0,"CgroupParent":"","BlkioWeight":0,"BlkioWeightDevice":null,"BlkioDeviceReadBps":null,"BlkioDeviceWriteBps":null,"BlkioDeviceReadIOps":null,"BlkioDeviceWriteIOps":null,"CpuPeriod":0,"CpuQuota":0,"CpuRealtimePeriod":0,"CpuRealtimeRuntime":0,"CpusetCpus":"","CpusetMems":"","Devices":null,"DeviceCgroupRules":null,"DeviceRequests":null,"KernelMemory":0,"KernelMemoryTCP":0,"MemoryReservation":0,"MemorySwap":0,"MemorySwappiness":null,"OomKillDisable":null,"PidsLimit":null,"Ulimits":null,"CpuCount":0,"CpuPercent":0,"IOMaximumIOps":0,"IOMaximumBandwidth":0,"MaskedPaths":["/proc/asound","/proc/acpi","/proc/kcore","/proc/keys","/proc/latency_stats","/proc/timer_list","/proc/timer_stats","/proc/sched_debug","/proc/scsi","/sys/firmware"],"ReadonlyPaths":["/proc/bus","/proc/fs","/proc/irq","/proc/sys","/proc/sysrq-trigger"]},"GraphDriver":{"Data":{"LowerDir":"/var/lib/docker/overlay2/05794d51525f65619c615558ef5f93d7c33eef44e12313fdcb3942911d0b5f7d-init/diff:/var/lib/docker/overlay2/f079a69cfd5e80e906b12f05a0c7bfaabc56ce63e947db68b722ae30905f1239/diff:/var/lib/docker/overlay2/9dfb63d6bb556846a13012421dde7951ef83a14d8ce1882287cce66f0f9bd055/diff:/var/lib/docker/overlay2/c4f8874ae33ddd14488f5051cd953acc020fa00ea72d28bd530450c0bc8f9903/diff:/var/lib/docker/overlay2/992683766b46aa5653160e6a34283b579a75000e230890d0ec0a6204af735697/diff:/var/lib/docker/overlay2/6e3fba0e1d6501c91c9bec723bb1364f75599c6c2026a6dc71773c88a49f890a/diff:/var/lib/docker/overlay2/c6c2a366f45a69704761d45d296d71bf2bf315efb15cb06ad88925ed235fad81/diff:/var/lib/docker/overlay2/7555f9b18615244719d04b23296ba418195e5e569d47baf9f1da7c3f053fe194/diff:/var/lib/docker/overlay2/7752eb17f8f8ba44a5ed178f499901fa7eb6f2e031c29ab160ee4eff4db8edaa/diff:/var/lib/docker/overlay2/9683de8b3733106f256bd0eabc7cae13623b14493b9212e863449d42b8a87390/diff:/var/lib/docker/overlay2/f5e28e407d8811526fb7dd82e4fed08d5d3124c0f22f1a9496ed27b2b457d3dd/diff:/var/lib/docker/overlay2/e2980c91c6b3331cff3994ca6f327955bb5feaef0f96bc64edce80631fdbf829/diff","MergedDir":"/var/lib/docker/overlay2/05794d51525f65619c615558ef5f93d7c33eef44e12313fdcb3942911d0b5f7d/merged","UpperDir":"/var/lib/docker/overlay2/05794d51525f65619c615558ef5f93d7c33eef44e12313fdcb3942911d0b5f7d/diff","WorkDir":"/var/lib/docker/overlay2/05794d51525f65619c615558ef5f93d7c33eef44e12313fdcb3942911d0b5f7d/work"},"Name":"overlay2"},"Mounts":[{"Type":"volume","Name":"fe29345a30f82a1c969c40b069133e9d87168ce95967d67ac182ee42c059affb","Source":"/var/lib/docker/volumes/fe29345a30f82a1c969c40b069133e9d87168ce95967d67ac182ee42c059affb/_data","Destination":"/var/lib/mysql","Driver":"local","Mode":"","RW":true,"Propagation":""}],"Config":{"Hostname":"b4fc7afd9745","Domainname":"","User":"","AttachStdin":false,"AttachStdout":false,"AttachStderr":false,"ExposedPorts":{"3306/tcp":{},"33060/tcp":{}},"Tty":false,"OpenStdin":false,"StdinOnce":false,"Env":["MYSQL_DATABASE=adm_videos","MYSQL_PASSWORD=123456","MYSQL_ROOT_PASSWORD=123456","PATH=/usr/local/sbin:/usr/local/bin:/usr/sbin:/usr/bin:/sbin:/bin","GOSU_VERSION=1.14","MYSQL_MAJOR=8.0","MYSQL_VERSION=8.0.31-1.el8","MYSQL_SHELL_VERSION=8.0.31-1.el8"],"Cmd":["mysqld"],"Image":"mysql:latest","Volumes":{"/var/lib/mysql":{}},"WorkingDir":"","Entrypoint":["docker-entrypoint.sh"],"OnBuild":null,"Labels":{"org.testcontainers":"true","org.testcontainers.sessionId":"cdd139c9-cde1-4429-bea7-edb0e651ba16"}},"NetworkSettings":{"Bridge":"","SandboxID":"8404ec7d59006489fa5b6638879180586e9aa24c1c3ae79d40e26a8f453c93b1","HairpinMode":false,"LinkLocalIPv6Address":"","LinkLocalIPv6PrefixLen":0,"Ports":{"3306/tcp":[{"HostIp":"0.0.0.0","HostPort":"49156"},{"HostIp":"::","HostPort":"49156"}],"33060/tcp":null},"SandboxKey":"/var/run/docker/netns/8404ec7d5900","SecondaryIPAddresses":null,"SecondaryIPv6Addresses":null,"EndpointID":"28c851b70d88131a783e3d87b7c50320df5f3250ebca621b1b39353a2424212a","Gateway":"172.17.0.1","GlobalIPv6Address":"","GlobalIPv6PrefixLen":0,"IPAddress":"172.17.0.3","IPPrefixLen":16,"IPv6Gateway":"","MacAddress":"02:42:ac:11:00:03","Networks":{"bridge":{"IPAMConfig":null,"Links":null,"Aliases":null,"NetworkID":"bf06afe94eca8b5ab91eae0dbaa8561a6dd16832d429dcdbaa7ed1e003cfbe56","EndpointID":"28c851b70d88131a783e3d87b7c50320df5f3250ebca621b1b39353a2424212a","Gateway":"172.17.0.1","IPAddress":"172.17.0.3","IPPrefixLen":16,"IPv6Gateway":"","GlobalIPv6Address":"","GlobalIPv6PrefixLen":0,"MacAddress":"02:42:ac:11:00:03","DriverOpts":null}}}}[\n]"
18:30:22.750 [Test worker] DEBUG com.github.dockerjava.zerodep.shaded.org.apache.hc.client5.http.wire - http-outgoing-1 << "[\r][\n]"
18:30:22.750 [Test worker] DEBUG com.github.dockerjava.zerodep.shaded.org.apache.hc.client5.http.wire - http-outgoing-1 << "0[\r][\n]"
18:30:22.750 [Test worker] DEBUG com.github.dockerjava.zerodep.shaded.org.apache.hc.client5.http.wire - http-outgoing-1 << "[\r][\n]"
18:30:22.750 [Test worker] DEBUG com.github.dockerjava.zerodep.shaded.org.apache.hc.client5.http.headers - http-outgoing-1 << HTTP/1.1 200 OK
18:30:22.750 [Test worker] DEBUG com.github.dockerjava.zerodep.shaded.org.apache.hc.client5.http.headers - http-outgoing-1 << Api-Version: 1.41
18:30:22.750 [Test worker] DEBUG com.github.dockerjava.zerodep.shaded.org.apache.hc.client5.http.headers - http-outgoing-1 << Content-Type: application/json
18:30:22.750 [Test worker] DEBUG com.github.dockerjava.zerodep.shaded.org.apache.hc.client5.http.headers - http-outgoing-1 << Docker-Experimental: false
18:30:22.750 [Test worker] DEBUG com.github.dockerjava.zerodep.shaded.org.apache.hc.client5.http.headers - http-outgoing-1 << Ostype: linux
18:30:22.750 [Test worker] DEBUG com.github.dockerjava.zerodep.shaded.org.apache.hc.client5.http.headers - http-outgoing-1 << Server: Docker/20.10.17 (linux)
18:30:22.750 [Test worker] DEBUG com.github.dockerjava.zerodep.shaded.org.apache.hc.client5.http.headers - http-outgoing-1 << Date: Thu, 08 Dec 2022 21:30:22 GMT
18:30:22.750 [Test worker] DEBUG com.github.dockerjava.zerodep.shaded.org.apache.hc.client5.http.headers - http-outgoing-1 << Transfer-Encoding: chunked
18:30:22.750 [Test worker] DEBUG com.github.dockerjava.zerodep.shaded.org.apache.hc.client5.http.impl.classic.MainClientExec - ex-0000006B: connection can be kept alive for 3 MINUTES
18:30:22.751 [Test worker] DEBUG com.github.dockerjava.zerodep.shaded.org.apache.hc.client5.http.impl.classic.InternalHttpClient - ep-0000006A: releasing valid endpoint
18:30:22.751 [Test worker] DEBUG com.github.dockerjava.zerodep.shaded.org.apache.hc.client5.http.impl.io.PoolingHttpClientConnectionManager - ep-0000006A: releasing endpoint
18:30:22.751 [Test worker] DEBUG com.github.dockerjava.zerodep.shaded.org.apache.hc.client5.http.impl.io.PoolingHttpClientConnectionManager - ep-0000006A: connection http-outgoing-1 can be kept alive for 3 MINUTES
18:30:22.751 [Test worker] DEBUG com.github.dockerjava.zerodep.shaded.org.apache.hc.client5.http.impl.io.PoolingHttpClientConnectionManager - ep-0000006A: connection released [route: {}->unix://localhost:2375][total available: 1; route allocated: 1 of 2147483647; total allocated: 1 of 2147483647]
18:30:22.751 [Test worker] DEBUG ]]>&#x1f433;<![CDATA[ [mysql:latest] - Trying to create JDBC connection using com.mysql.cj.jdbc.Driver to jdbc:mysql://localhost:49156/adm_videos?useSSL=false&allowPublicKeyRetrieval=true with properties: {password=123456, user=root}
18:30:22.852 [Test worker] DEBUG org.testcontainers.shaded.com.github.dockerjava.core.command.AbstrDockerCmd - Cmd: b4fc7afd97457a2a6ec84592488a57f900fa52ed03fcd2dbaf8a116bc1f50ab3,false
18:30:22.853 [Test worker] DEBUG org.testcontainers.shaded.com.github.dockerjava.core.exec.InspectContainerCmdExec - GET: DefaultWebTarget{path=[/containers/b4fc7afd97457a2a6ec84592488a57f900fa52ed03fcd2dbaf8a116bc1f50ab3/json], queryParams={}}
18:30:22.853 [Test worker] DEBUG com.github.dockerjava.zerodep.shaded.org.apache.hc.client5.http.impl.classic.InternalHttpClient - ex-0000006C: preparing request execution
18:30:22.853 [Test worker] DEBUG com.github.dockerjava.zerodep.shaded.org.apache.hc.client5.http.protocol.RequestAddCookies - Cookie spec selected: strict
18:30:22.853 [Test worker] DEBUG com.github.dockerjava.zerodep.shaded.org.apache.hc.client5.http.protocol.RequestAuthCache - Auth cache not set in the context
18:30:22.853 [Test worker] DEBUG com.github.dockerjava.zerodep.shaded.org.apache.hc.client5.http.impl.classic.ProtocolExec - ex-0000006C: target auth state: UNCHALLENGED
18:30:22.853 [Test worker] DEBUG com.github.dockerjava.zerodep.shaded.org.apache.hc.client5.http.impl.classic.ProtocolExec - ex-0000006C: proxy auth state: UNCHALLENGED
18:30:22.853 [Test worker] DEBUG com.github.dockerjava.zerodep.shaded.org.apache.hc.client5.http.impl.classic.ConnectExec - ex-0000006C: acquiring connection with route {}->unix://localhost:2375
18:30:22.853 [Test worker] DEBUG com.github.dockerjava.zerodep.shaded.org.apache.hc.client5.http.impl.classic.InternalHttpClient - ex-0000006C: acquiring endpoint (3 MINUTES)
18:30:22.853 [Test worker] DEBUG com.github.dockerjava.zerodep.shaded.org.apache.hc.client5.http.impl.io.PoolingHttpClientConnectionManager - ex-0000006C: endpoint lease request (3 MINUTES) [route: {}->unix://localhost:2375][total available: 1; route allocated: 1 of 2147483647; total allocated: 1 of 2147483647]
18:30:22.853 [Test worker] DEBUG com.github.dockerjava.zerodep.shaded.org.apache.hc.client5.http.impl.io.PoolingHttpClientConnectionManager - ex-0000006C: endpoint leased [route: {}->unix://localhost:2375][total available: 0; route allocated: 1 of 2147483647; total allocated: 1 of 2147483647]
18:30:22.853 [Test worker] DEBUG com.github.dockerjava.zerodep.shaded.org.apache.hc.client5.http.impl.io.PoolingHttpClientConnectionManager - ex-0000006C: acquired ep-0000006B
18:30:22.853 [Test worker] DEBUG com.github.dockerjava.zerodep.shaded.org.apache.hc.client5.http.impl.classic.InternalHttpClient - ex-0000006C: acquired endpoint ep-0000006B
18:30:22.853 [Test worker] DEBUG com.github.dockerjava.zerodep.shaded.org.apache.hc.client5.http.impl.classic.MainClientExec - ex-0000006C: executing GET /v1.32/containers/b4fc7afd97457a2a6ec84592488a57f900fa52ed03fcd2dbaf8a116bc1f50ab3/json HTTP/1.1
18:30:22.853 [Test worker] DEBUG com.github.dockerjava.zerodep.shaded.org.apache.hc.client5.http.impl.classic.InternalHttpClient - ep-0000006B: start execution ex-0000006C
18:30:22.853 [Test worker] DEBUG com.github.dockerjava.zerodep.shaded.org.apache.hc.client5.http.impl.io.PoolingHttpClientConnectionManager - ep-0000006B: executing exchange ex-0000006C over http-outgoing-1
18:30:22.853 [Test worker] DEBUG com.github.dockerjava.zerodep.shaded.org.apache.hc.client5.http.headers - http-outgoing-1 >> GET /v1.32/containers/b4fc7afd97457a2a6ec84592488a57f900fa52ed03fcd2dbaf8a116bc1f50ab3/json HTTP/1.1
18:30:22.853 [Test worker] DEBUG com.github.dockerjava.zerodep.shaded.org.apache.hc.client5.http.headers - http-outgoing-1 >> accept: application/json
18:30:22.853 [Test worker] DEBUG com.github.dockerjava.zerodep.shaded.org.apache.hc.client5.http.headers - http-outgoing-1 >> x-tc-sid: cdd139c9-cde1-4429-bea7-edb0e651ba16
18:30:22.853 [Test worker] DEBUG com.github.dockerjava.zerodep.shaded.org.apache.hc.client5.http.headers - http-outgoing-1 >> Accept-Encoding: gzip, x-gzip, deflate
18:30:22.853 [Test worker] DEBUG com.github.dockerjava.zerodep.shaded.org.apache.hc.client5.http.headers - http-outgoing-1 >> Host: localhost:2375
18:30:22.853 [Test worker] DEBUG com.github.dockerjava.zerodep.shaded.org.apache.hc.client5.http.headers - http-outgoing-1 >> Connection: keep-alive
18:30:22.853 [Test worker] DEBUG com.github.dockerjava.zerodep.shaded.org.apache.hc.client5.http.headers - http-outgoing-1 >> User-Agent: Apache-HttpClient/5.0.3 (Java/17.0.2)
18:30:22.853 [Test worker] DEBUG com.github.dockerjava.zerodep.shaded.org.apache.hc.client5.http.wire - http-outgoing-1 >> "GET /v1.32/containers/b4fc7afd97457a2a6ec84592488a57f900fa52ed03fcd2dbaf8a116bc1f50ab3/json HTTP/1.1[\r][\n]"
18:30:22.853 [Test worker] DEBUG com.github.dockerjava.zerodep.shaded.org.apache.hc.client5.http.wire - http-outgoing-1 >> "accept: application/json[\r][\n]"
18:30:22.853 [Test worker] DEBUG com.github.dockerjava.zerodep.shaded.org.apache.hc.client5.http.wire - http-outgoing-1 >> "x-tc-sid: cdd139c9-cde1-4429-bea7-edb0e651ba16[\r][\n]"
18:30:22.853 [Test worker] DEBUG com.github.dockerjava.zerodep.shaded.org.apache.hc.client5.http.wire - http-outgoing-1 >> "Accept-Encoding: gzip, x-gzip, deflate[\r][\n]"
18:30:22.853 [Test worker] DEBUG com.github.dockerjava.zerodep.shaded.org.apache.hc.client5.http.wire - http-outgoing-1 >> "Host: localhost:2375[\r][\n]"
18:30:22.853 [Test worker] DEBUG com.github.dockerjava.zerodep.shaded.org.apache.hc.client5.http.wire - http-outgoing-1 >> "Connection: keep-alive[\r][\n]"
18:30:22.853 [Test worker] DEBUG com.github.dockerjava.zerodep.shaded.org.apache.hc.client5.http.wire - http-outgoing-1 >> "User-Agent: Apache-HttpClient/5.0.3 (Java/17.0.2)[\r][\n]"
18:30:22.853 [Test worker] DEBUG com.github.dockerjava.zerodep.shaded.org.apache.hc.client5.http.wire - http-outgoing-1 >> "[\r][\n]"
18:30:22.854 [Test worker] DEBUG com.github.dockerjava.zerodep.shaded.org.apache.hc.client5.http.wire - http-outgoing-1 << "HTTP/1.1 200 OK[\r][\n]"
18:30:22.854 [Test worker] DEBUG com.github.dockerjava.zerodep.shaded.org.apache.hc.client5.http.wire - http-outgoing-1 << "Api-Version: 1.41[\r][\n]"
18:30:22.854 [Test worker] DEBUG com.github.dockerjava.zerodep.shaded.org.apache.hc.client5.http.wire - http-outgoing-1 << "Content-Type: application/json[\r][\n]"
18:30:22.854 [Test worker] DEBUG com.github.dockerjava.zerodep.shaded.org.apache.hc.client5.http.wire - http-outgoing-1 << "Docker-Experimental: false[\r][\n]"
18:30:22.854 [Test worker] DEBUG com.github.dockerjava.zerodep.shaded.org.apache.hc.client5.http.wire - http-outgoing-1 << "Ostype: linux[\r][\n]"
18:30:22.854 [Test worker] DEBUG com.github.dockerjava.zerodep.shaded.org.apache.hc.client5.http.wire - http-outgoing-1 << "Server: Docker/20.10.17 (linux)[\r][\n]"
18:30:22.854 [Test worker] DEBUG com.github.dockerjava.zerodep.shaded.org.apache.hc.client5.http.wire - http-outgoing-1 << "Date: Thu, 08 Dec 2022 21:30:22 GMT[\r][\n]"
18:30:22.854 [Test worker] DEBUG com.github.dockerjava.zerodep.shaded.org.apache.hc.client5.http.wire - http-outgoing-1 << "Transfer-Encoding: chunked[\r][\n]"
18:30:22.854 [Test worker] DEBUG com.github.dockerjava.zerodep.shaded.org.apache.hc.client5.http.wire - http-outgoing-1 << "[\r][\n]"
18:30:22.854 [Test worker] DEBUG com.github.dockerjava.zerodep.shaded.org.apache.hc.client5.http.wire - http-outgoing-1 << "18a6[\r][\n]"
18:30:22.854 [Test worker] DEBUG com.github.dockerjava.zerodep.shaded.org.apache.hc.client5.http.wire - http-outgoing-1 << "{"Id":"b4fc7afd97457a2a6ec84592488a57f900fa52ed03fcd2dbaf8a116bc1f50ab3","Created":"2022-12-08T21:30:11.801619537Z","Path":"docker-entrypoint.sh","Args":["mysqld"],"State":{"Status":"running","Running":true,"Paused":false,"Restarting":false,"OOMKilled":false,"Dead":false,"Pid":148084,"ExitCode":0,"Error":"","StartedAt":"2022-12-08T21:30:12.370762583Z","FinishedAt":"0001-01-01T00:00:00Z"},"Image":"sha256:7484689f290f1defe06b65befc54cb6ad91a667cf0af59a265ffe76c46bd0478","ResolvConfPath":"/var/lib/docker/containers/b4fc7afd97457a2a6ec84592488a57f900fa52ed03fcd2dbaf8a116bc1f50ab3/resolv.conf","HostnamePath":"/var/lib/docker/containers/b4fc7afd97457a2a6ec84592488a57f900fa52ed03fcd2dbaf8a116bc1f50ab3/hostname","HostsPath":"/var/lib/docker/containers/b4fc7afd97457a2a6ec84592488a57f900fa52ed03fcd2dbaf8a116bc1f50ab3/hosts","LogPath":"/var/lib/docker/containers/b4fc7afd97457a2a6ec84592488a57f900fa52ed03fcd2dbaf8a116bc1f50ab3/b4fc7afd97457a2a6ec84592488a57f900fa52ed03fcd2dbaf8a116bc1f50ab3-json.log","Name":"/agitated_ptolemy","RestartCount":0,"Driver":"overlay2","Platform":"linux","MountLabel":"","ProcessLabel":"","AppArmorProfile":"docker-default","ExecIDs":null,"HostConfig":{"Binds":[],"ContainerIDFile":"","LogConfig":{"Type":"json-file","Config":{}},"NetworkMode":"default","PortBindings":{"3306/tcp":[{"HostIp":"","HostPort":""}]},"RestartPolicy":{"Name":"","MaximumRetryCount":0},"AutoRemove":false,"VolumeDriver":"","VolumesFrom":[],"CapAdd":null,"CapDrop":null,"CgroupnsMode":"private","Dns":null,"DnsOptions":null,"DnsSearch":null,"ExtraHosts":[],"GroupAdd":null,"IpcMode":"shareable","Cgroup":"","Links":null,"OomScoreAdj":0,"PidMode":"","Privileged":false,"PublishAllPorts":false,"ReadonlyRootfs":false,"SecurityOpt":null,"UTSMode":"","UsernsMode":"","ShmSize":67108864,"Runtime":"runc","ConsoleSize":[0,0],"Isolation":"","CpuShares":0,"Memory":0,"NanoCpus":0,"CgroupParent":"","BlkioWeight":0,"BlkioWeightDevice":null,"BlkioDeviceReadBps":null,"BlkioDeviceWriteBps":null,"BlkioDeviceReadIOps":null,"BlkioDeviceWriteIOps":null,"CpuPeriod":0,"CpuQuota":0,"CpuRealtimePeriod":0,"CpuRealtimeRuntime":0,"CpusetCpus":"","CpusetMems":"","Devices":null,"DeviceCgroupRules":null,"DeviceRequests":null,"KernelMemory":0,"KernelMemoryTCP":0,"MemoryReservation":0,"MemorySwap":0,"MemorySwappiness":null,"OomKillDisable":null,"PidsLimit":null,"Ulimits":null,"CpuCount":0,"CpuPercent":0,"IOMaximumIOps":0,"IOMaximumBandwidth":0,"MaskedPaths":["/proc/asound","/proc/acpi","/proc/kcore","/proc/keys","/proc/latency_stats","/proc/timer_list","/proc/timer_stats","/proc/sched_debug","/proc/scsi","/sys/firmware"],"ReadonlyPaths":["/proc/bus","/proc/fs","/proc/irq","/proc/sys","/proc/sysrq-trigger"]},"GraphDriver":{"Data":{"LowerDir":"/var/lib/docker/overlay2/05794d51525f65619c615558ef5f93d7c33eef44e12313fdcb3942911d0b5f7d-init/diff:/var/lib/docker/overlay2/f079a69cfd5e80e906b12f05a0c7bfaabc56ce63e947db68b722ae30905f1239/diff:/var/lib/docker/overlay2/9dfb63d6bb556846a13012421dde7951ef83a14d8ce1882287cce66f0f9bd055/diff:/var/lib/docker/overlay2/c4f8874ae33ddd14488f5051cd953acc020fa00ea72d28bd530450c0bc8f9903/diff:/var/lib/docker/overlay2/992683766b46aa5653160e6a34283b579a75000e230890d0ec0a6204af735697/diff:/var/lib/docker/overlay2/6e3fba0e1d6501c91c9bec723bb1364f75599c6c2026a6dc71773c88a49f890a/diff:/var/lib/docker/overlay2/c6c2a366f45a69704761d45d296d71bf2bf315efb15cb06ad88925ed235fad81/diff:/var/lib/docker/overlay2/7555f9b18615244719d04b23296ba418195e5e569d47baf9f1da7c3f053fe194/diff:/var/lib/docker/overlay2/7752eb17f8f8ba44a5ed178f499901fa7eb6f2e031c29ab160ee4eff4db8edaa/diff:/var/lib/docker/overlay2/9683de8b3733106f256bd0eabc7cae13623b14493b9212e863449d42b8a87390/diff:/var/lib/docker/overlay2/f5e28e407d8811526fb7dd82e4fed08d5d3124c0f22f1a9496ed27b2b457d3dd/diff:/var/lib/docker/overlay2/e2980c91c6b3331cff3994ca6f327955bb5feaef0f96bc64edce80631fdbf829/diff","MergedDir":"/var/lib/docker/overlay2/05794d51525f65619c615558ef5f93d7c33eef44e12313fdcb3942911d0b5f7d/merged","UpperDir":"/var/lib/docker/overlay2/05794d51525f65619c615558ef5f93d7c33eef44e12313fdcb3942911d0b5f7d/diff","WorkDir":"/var/lib/docker/overlay2/05794d51525f65619c615558ef5f93d7c33eef44e12313fdcb3942911d0b5f7d/work"},"Name":"overlay2"},"Mounts":[{"Type":"volume","Name":"fe29345a30f82a1c969c40b069133e9d87168ce95967d67ac182ee42c059affb","Source":"/var/lib/docker/volumes/fe29345a30f82a1c969c40b069133e9d87168ce95967d67ac182ee42c059affb/_data","Destination":"/var/lib/mysql","Driver":"local","Mode":"","RW":true,"Propagation":""}],"Config":{"Hostname":"b4fc7afd9745","Domainname":"","User":"","AttachStdin":false,"AttachStdout":false,"AttachStderr":false,"ExposedPorts":{"3306/tcp":{},"33060/tcp":{}},"Tty":false,"OpenStdin":false,"StdinOnce":false,"Env":["MYSQL_DATABASE=adm_videos","MYSQL_PASSWORD=123456","MYSQL_ROOT_PASSWORD=123456","PATH=/usr/local/sbin:/usr/local/bin:/usr/sbin:/usr/bin:/sbin:/bin","GOSU_VERSION=1.14","MYSQL_MAJOR=8.0","MYSQL_VERSION=8.0.31-1.el8","MYSQL_SHELL_VERSION=8.0.31-1.el8"],"Cmd":["mysqld"],"Image":"mysql:latest","Volumes":{"/var/lib/mysql":{}},"WorkingDir":"","Entrypoint":["docker-entrypoint.sh"],"OnBuild":null,"Labels":{"org.testcontainers":"true","org.testcontainers.sessionId":"cdd139c9-cde1-4429-bea7-edb0e651ba16"}},"NetworkSettings":{"Bridge":"","SandboxID":"8404ec7d59006489fa5b6638879180586e9aa24c1c3ae79d40e26a8f453c93b1","HairpinMode":false,"LinkLocalIPv6Address":"","LinkLocalIPv6PrefixLen":0,"Ports":{"3306/tcp":[{"HostIp":"0.0.0.0","HostPort":"49156"},{"HostIp":"::","HostPort":"49156"}],"33060/tcp":null},"SandboxKey":"/var/run/docker/netns/8404ec7d5900","SecondaryIPAddresses":null,"SecondaryIPv6Addresses":null,"EndpointID":"28c851b70d88131a783e3d87b7c50320df5f3250ebca621b1b39353a2424212a","Gateway":"172.17.0.1","GlobalIPv6Address":"","GlobalIPv6PrefixLen":0,"IPAddress":"172.17.0.3","IPPrefixLen":16,"IPv6Gateway":"","MacAddress":"02:42:ac:11:00:03","Networks":{"bridge":{"IPAMConfig":null,"Links":null,"Aliases":null,"NetworkID":"bf06afe94eca8b5ab91eae0dbaa8561a6dd16832d429dcdbaa7ed1e003cfbe56","EndpointID":"28c851b70d88131a783e3d87b7c50320df5f3250ebca621b1b39353a2424212a","Gateway":"172.17.0.1","IPAddress":"172.17.0.3","IPPrefixLen":16,"IPv6Gateway":"","GlobalIPv6Address":"","GlobalIPv6PrefixLen":0,"MacAddress":"02:42:ac:11:00:03","DriverOpts":null}}}}[\n]"
18:30:22.854 [Test worker] DEBUG com.github.dockerjava.zerodep.shaded.org.apache.hc.client5.http.wire - http-outgoing-1 << "[\r][\n]"
18:30:22.854 [Test worker] DEBUG com.github.dockerjava.zerodep.shaded.org.apache.hc.client5.http.wire - http-outgoing-1 << "0[\r][\n]"
18:30:22.854 [Test worker] DEBUG com.github.dockerjava.zerodep.shaded.org.apache.hc.client5.http.wire - http-outgoing-1 << "[\r][\n]"
18:30:22.854 [Test worker] DEBUG com.github.dockerjava.zerodep.shaded.org.apache.hc.client5.http.headers - http-outgoing-1 << HTTP/1.1 200 OK
18:30:22.854 [Test worker] DEBUG com.github.dockerjava.zerodep.shaded.org.apache.hc.client5.http.headers - http-outgoing-1 << Api-Version: 1.41
18:30:22.854 [Test worker] DEBUG com.github.dockerjava.zerodep.shaded.org.apache.hc.client5.http.headers - http-outgoing-1 << Content-Type: application/json
18:30:22.854 [Test worker] DEBUG com.github.dockerjava.zerodep.shaded.org.apache.hc.client5.http.headers - http-outgoing-1 << Docker-Experimental: false
18:30:22.854 [Test worker] DEBUG com.github.dockerjava.zerodep.shaded.org.apache.hc.client5.http.headers - http-outgoing-1 << Ostype: linux
18:30:22.854 [Test worker] DEBUG com.github.dockerjava.zerodep.shaded.org.apache.hc.client5.http.headers - http-outgoing-1 << Server: Docker/20.10.17 (linux)
18:30:22.854 [Test worker] DEBUG com.github.dockerjava.zerodep.shaded.org.apache.hc.client5.http.headers - http-outgoing-1 << Date: Thu, 08 Dec 2022 21:30:22 GMT
18:30:22.854 [Test worker] DEBUG com.github.dockerjava.zerodep.shaded.org.apache.hc.client5.http.headers - http-outgoing-1 << Transfer-Encoding: chunked
18:30:22.854 [Test worker] DEBUG com.github.dockerjava.zerodep.shaded.org.apache.hc.client5.http.impl.classic.MainClientExec - ex-0000006C: connection can be kept alive for 3 MINUTES
18:30:22.855 [Test worker] DEBUG com.github.dockerjava.zerodep.shaded.org.apache.hc.client5.http.impl.classic.InternalHttpClient - ep-0000006B: releasing valid endpoint
18:30:22.855 [Test worker] DEBUG com.github.dockerjava.zerodep.shaded.org.apache.hc.client5.http.impl.io.PoolingHttpClientConnectionManager - ep-0000006B: releasing endpoint
18:30:22.855 [Test worker] DEBUG com.github.dockerjava.zerodep.shaded.org.apache.hc.client5.http.impl.io.PoolingHttpClientConnectionManager - ep-0000006B: connection http-outgoing-1 can be kept alive for 3 MINUTES
18:30:22.855 [Test worker] DEBUG com.github.dockerjava.zerodep.shaded.org.apache.hc.client5.http.impl.io.PoolingHttpClientConnectionManager - ep-0000006B: connection released [route: {}->unix://localhost:2375][total available: 1; route allocated: 1 of 2147483647; total allocated: 1 of 2147483647]
18:30:22.855 [Test worker] DEBUG ]]>&#x1f433;<![CDATA[ [mysql:latest] - Trying to create JDBC connection using com.mysql.cj.jdbc.Driver to jdbc:mysql://localhost:49156/adm_videos?useSSL=false&allowPublicKeyRetrieval=true with properties: {password=123456, user=root}
18:30:22.956 [Test worker] DEBUG org.testcontainers.shaded.com.github.dockerjava.core.command.AbstrDockerCmd - Cmd: b4fc7afd97457a2a6ec84592488a57f900fa52ed03fcd2dbaf8a116bc1f50ab3,false
18:30:22.956 [Test worker] DEBUG org.testcontainers.shaded.com.github.dockerjava.core.exec.InspectContainerCmdExec - GET: DefaultWebTarget{path=[/containers/b4fc7afd97457a2a6ec84592488a57f900fa52ed03fcd2dbaf8a116bc1f50ab3/json], queryParams={}}
18:30:22.957 [Test worker] DEBUG com.github.dockerjava.zerodep.shaded.org.apache.hc.client5.http.impl.classic.InternalHttpClient - ex-0000006D: preparing request execution
18:30:22.957 [Test worker] DEBUG com.github.dockerjava.zerodep.shaded.org.apache.hc.client5.http.protocol.RequestAddCookies - Cookie spec selected: strict
18:30:22.957 [Test worker] DEBUG com.github.dockerjava.zerodep.shaded.org.apache.hc.client5.http.protocol.RequestAuthCache - Auth cache not set in the context
18:30:22.957 [Test worker] DEBUG com.github.dockerjava.zerodep.shaded.org.apache.hc.client5.http.impl.classic.ProtocolExec - ex-0000006D: target auth state: UNCHALLENGED
18:30:22.957 [Test worker] DEBUG com.github.dockerjava.zerodep.shaded.org.apache.hc.client5.http.impl.classic.ProtocolExec - ex-0000006D: proxy auth state: UNCHALLENGED
18:30:22.957 [Test worker] DEBUG com.github.dockerjava.zerodep.shaded.org.apache.hc.client5.http.impl.classic.ConnectExec - ex-0000006D: acquiring connection with route {}->unix://localhost:2375
18:30:22.957 [Test worker] DEBUG com.github.dockerjava.zerodep.shaded.org.apache.hc.client5.http.impl.classic.InternalHttpClient - ex-0000006D: acquiring endpoint (3 MINUTES)
18:30:22.957 [Test worker] DEBUG com.github.dockerjava.zerodep.shaded.org.apache.hc.client5.http.impl.io.PoolingHttpClientConnectionManager - ex-0000006D: endpoint lease request (3 MINUTES) [route: {}->unix://localhost:2375][total available: 1; route allocated: 1 of 2147483647; total allocated: 1 of 2147483647]
18:30:22.957 [Test worker] DEBUG com.github.dockerjava.zerodep.shaded.org.apache.hc.client5.http.impl.io.PoolingHttpClientConnectionManager - ex-0000006D: endpoint leased [route: {}->unix://localhost:2375][total available: 0; route allocated: 1 of 2147483647; total allocated: 1 of 2147483647]
18:30:22.957 [Test worker] DEBUG com.github.dockerjava.zerodep.shaded.org.apache.hc.client5.http.impl.io.PoolingHttpClientConnectionManager - ex-0000006D: acquired ep-0000006C
18:30:22.957 [Test worker] DEBUG com.github.dockerjava.zerodep.shaded.org.apache.hc.client5.http.impl.classic.InternalHttpClient - ex-0000006D: acquired endpoint ep-0000006C
18:30:22.957 [Test worker] DEBUG com.github.dockerjava.zerodep.shaded.org.apache.hc.client5.http.impl.classic.MainClientExec - ex-0000006D: executing GET /v1.32/containers/b4fc7afd97457a2a6ec84592488a57f900fa52ed03fcd2dbaf8a116bc1f50ab3/json HTTP/1.1
18:30:22.957 [Test worker] DEBUG com.github.dockerjava.zerodep.shaded.org.apache.hc.client5.http.impl.classic.InternalHttpClient - ep-0000006C: start execution ex-0000006D
18:30:22.957 [Test worker] DEBUG com.github.dockerjava.zerodep.shaded.org.apache.hc.client5.http.impl.io.PoolingHttpClientConnectionManager - ep-0000006C: executing exchange ex-0000006D over http-outgoing-1
18:30:22.958 [Test worker] DEBUG com.github.dockerjava.zerodep.shaded.org.apache.hc.client5.http.headers - http-outgoing-1 >> GET /v1.32/containers/b4fc7afd97457a2a6ec84592488a57f900fa52ed03fcd2dbaf8a116bc1f50ab3/json HTTP/1.1
18:30:22.958 [Test worker] DEBUG com.github.dockerjava.zerodep.shaded.org.apache.hc.client5.http.headers - http-outgoing-1 >> accept: application/json
18:30:22.958 [Test worker] DEBUG com.github.dockerjava.zerodep.shaded.org.apache.hc.client5.http.headers - http-outgoing-1 >> x-tc-sid: cdd139c9-cde1-4429-bea7-edb0e651ba16
18:30:22.958 [Test worker] DEBUG com.github.dockerjava.zerodep.shaded.org.apache.hc.client5.http.headers - http-outgoing-1 >> Accept-Encoding: gzip, x-gzip, deflate
18:30:22.958 [Test worker] DEBUG com.github.dockerjava.zerodep.shaded.org.apache.hc.client5.http.headers - http-outgoing-1 >> Host: localhost:2375
18:30:22.958 [Test worker] DEBUG com.github.dockerjava.zerodep.shaded.org.apache.hc.client5.http.headers - http-outgoing-1 >> Connection: keep-alive
18:30:22.958 [Test worker] DEBUG com.github.dockerjava.zerodep.shaded.org.apache.hc.client5.http.headers - http-outgoing-1 >> User-Agent: Apache-HttpClient/5.0.3 (Java/17.0.2)
18:30:22.958 [Test worker] DEBUG com.github.dockerjava.zerodep.shaded.org.apache.hc.client5.http.wire - http-outgoing-1 >> "GET /v1.32/containers/b4fc7afd97457a2a6ec84592488a57f900fa52ed03fcd2dbaf8a116bc1f50ab3/json HTTP/1.1[\r][\n]"
18:30:22.958 [Test worker] DEBUG com.github.dockerjava.zerodep.shaded.org.apache.hc.client5.http.wire - http-outgoing-1 >> "accept: application/json[\r][\n]"
18:30:22.958 [Test worker] DEBUG com.github.dockerjava.zerodep.shaded.org.apache.hc.client5.http.wire - http-outgoing-1 >> "x-tc-sid: cdd139c9-cde1-4429-bea7-edb0e651ba16[\r][\n]"
18:30:22.958 [Test worker] DEBUG com.github.dockerjava.zerodep.shaded.org.apache.hc.client5.http.wire - http-outgoing-1 >> "Accept-Encoding: gzip, x-gzip, deflate[\r][\n]"
18:30:22.958 [Test worker] DEBUG com.github.dockerjava.zerodep.shaded.org.apache.hc.client5.http.wire - http-outgoing-1 >> "Host: localhost:2375[\r][\n]"
18:30:22.958 [Test worker] DEBUG com.github.dockerjava.zerodep.shaded.org.apache.hc.client5.http.wire - http-outgoing-1 >> "Connection: keep-alive[\r][\n]"
18:30:22.958 [Test worker] DEBUG com.github.dockerjava.zerodep.shaded.org.apache.hc.client5.http.wire - http-outgoing-1 >> "User-Agent: Apache-HttpClient/5.0.3 (Java/17.0.2)[\r][\n]"
18:30:22.958 [Test worker] DEBUG com.github.dockerjava.zerodep.shaded.org.apache.hc.client5.http.wire - http-outgoing-1 >> "[\r][\n]"
18:30:22.958 [Test worker] DEBUG com.github.dockerjava.zerodep.shaded.org.apache.hc.client5.http.wire - http-outgoing-1 << "HTTP/1.1 200 OK[\r][\n]"
18:30:22.958 [Test worker] DEBUG com.github.dockerjava.zerodep.shaded.org.apache.hc.client5.http.wire - http-outgoing-1 << "Api-Version: 1.41[\r][\n]"
18:30:22.958 [Test worker] DEBUG com.github.dockerjava.zerodep.shaded.org.apache.hc.client5.http.wire - http-outgoing-1 << "Content-Type: application/json[\r][\n]"
18:30:22.958 [Test worker] DEBUG com.github.dockerjava.zerodep.shaded.org.apache.hc.client5.http.wire - http-outgoing-1 << "Docker-Experimental: false[\r][\n]"
18:30:22.958 [Test worker] DEBUG com.github.dockerjava.zerodep.shaded.org.apache.hc.client5.http.wire - http-outgoing-1 << "Ostype: linux[\r][\n]"
18:30:22.958 [Test worker] DEBUG com.github.dockerjava.zerodep.shaded.org.apache.hc.client5.http.wire - http-outgoing-1 << "Server: Docker/20.10.17 (linux)[\r][\n]"
18:30:22.958 [Test worker] DEBUG com.github.dockerjava.zerodep.shaded.org.apache.hc.client5.http.wire - http-outgoing-1 << "Date: Thu, 08 Dec 2022 21:30:22 GMT[\r][\n]"
18:30:22.958 [Test worker] DEBUG com.github.dockerjava.zerodep.shaded.org.apache.hc.client5.http.wire - http-outgoing-1 << "Transfer-Encoding: chunked[\r][\n]"
18:30:22.958 [Test worker] DEBUG com.github.dockerjava.zerodep.shaded.org.apache.hc.client5.http.wire - http-outgoing-1 << "[\r][\n]"
18:30:22.958 [Test worker] DEBUG com.github.dockerjava.zerodep.shaded.org.apache.hc.client5.http.wire - http-outgoing-1 << "18a6[\r][\n]"
18:30:22.958 [Test worker] DEBUG com.github.dockerjava.zerodep.shaded.org.apache.hc.client5.http.wire - http-outgoing-1 << "{"Id":"b4fc7afd97457a2a6ec84592488a57f900fa52ed03fcd2dbaf8a116bc1f50ab3","Created":"2022-12-08T21:30:11.801619537Z","Path":"docker-entrypoint.sh","Args":["mysqld"],"State":{"Status":"running","Running":true,"Paused":false,"Restarting":false,"OOMKilled":false,"Dead":false,"Pid":148084,"ExitCode":0,"Error":"","StartedAt":"2022-12-08T21:30:12.370762583Z","FinishedAt":"0001-01-01T00:00:00Z"},"Image":"sha256:7484689f290f1defe06b65befc54cb6ad91a667cf0af59a265ffe76c46bd0478","ResolvConfPath":"/var/lib/docker/containers/b4fc7afd97457a2a6ec84592488a57f900fa52ed03fcd2dbaf8a116bc1f50ab3/resolv.conf","HostnamePath":"/var/lib/docker/containers/b4fc7afd97457a2a6ec84592488a57f900fa52ed03fcd2dbaf8a116bc1f50ab3/hostname","HostsPath":"/var/lib/docker/containers/b4fc7afd97457a2a6ec84592488a57f900fa52ed03fcd2dbaf8a116bc1f50ab3/hosts","LogPath":"/var/lib/docker/containers/b4fc7afd97457a2a6ec84592488a57f900fa52ed03fcd2dbaf8a116bc1f50ab3/b4fc7afd97457a2a6ec84592488a57f900fa52ed03fcd2dbaf8a116bc1f50ab3-json.log","Name":"/agitated_ptolemy","RestartCount":0,"Driver":"overlay2","Platform":"linux","MountLabel":"","ProcessLabel":"","AppArmorProfile":"docker-default","ExecIDs":null,"HostConfig":{"Binds":[],"ContainerIDFile":"","LogConfig":{"Type":"json-file","Config":{}},"NetworkMode":"default","PortBindings":{"3306/tcp":[{"HostIp":"","HostPort":""}]},"RestartPolicy":{"Name":"","MaximumRetryCount":0},"AutoRemove":false,"VolumeDriver":"","VolumesFrom":[],"CapAdd":null,"CapDrop":null,"CgroupnsMode":"private","Dns":null,"DnsOptions":null,"DnsSearch":null,"ExtraHosts":[],"GroupAdd":null,"IpcMode":"shareable","Cgroup":"","Links":null,"OomScoreAdj":0,"PidMode":"","Privileged":false,"PublishAllPorts":false,"ReadonlyRootfs":false,"SecurityOpt":null,"UTSMode":"","UsernsMode":"","ShmSize":67108864,"Runtime":"runc","ConsoleSize":[0,0],"Isolation":"","CpuShares":0,"Memory":0,"NanoCpus":0,"CgroupParent":"","BlkioWeight":0,"BlkioWeightDevice":null,"BlkioDeviceReadBps":null,"BlkioDeviceWriteBps":null,"BlkioDeviceReadIOps":null,"BlkioDeviceWriteIOps":null,"CpuPeriod":0,"CpuQuota":0,"CpuRealtimePeriod":0,"CpuRealtimeRuntime":0,"CpusetCpus":"","CpusetMems":"","Devices":null,"DeviceCgroupRules":null,"DeviceRequests":null,"KernelMemory":0,"KernelMemoryTCP":0,"MemoryReservation":0,"MemorySwap":0,"MemorySwappiness":null,"OomKillDisable":null,"PidsLimit":null,"Ulimits":null,"CpuCount":0,"CpuPercent":0,"IOMaximumIOps":0,"IOMaximumBandwidth":0,"MaskedPaths":["/proc/asound","/proc/acpi","/proc/kcore","/proc/keys","/proc/latency_stats","/proc/timer_list","/proc/timer_stats","/proc/sched_debug","/proc/scsi","/sys/firmware"],"ReadonlyPaths":["/proc/bus","/proc/fs","/proc/irq","/proc/sys","/proc/sysrq-trigger"]},"GraphDriver":{"Data":{"LowerDir":"/var/lib/docker/overlay2/05794d51525f65619c615558ef5f93d7c33eef44e12313fdcb3942911d0b5f7d-init/diff:/var/lib/docker/overlay2/f079a69cfd5e80e906b12f05a0c7bfaabc56ce63e947db68b722ae30905f1239/diff:/var/lib/docker/overlay2/9dfb63d6bb556846a13012421dde7951ef83a14d8ce1882287cce66f0f9bd055/diff:/var/lib/docker/overlay2/c4f8874ae33ddd14488f5051cd953acc020fa00ea72d28bd530450c0bc8f9903/diff:/var/lib/docker/overlay2/992683766b46aa5653160e6a34283b579a75000e230890d0ec0a6204af735697/diff:/var/lib/docker/overlay2/6e3fba0e1d6501c91c9bec723bb1364f75599c6c2026a6dc71773c88a49f890a/diff:/var/lib/docker/overlay2/c6c2a366f45a69704761d45d296d71bf2bf315efb15cb06ad88925ed235fad81/diff:/var/lib/docker/overlay2/7555f9b18615244719d04b23296ba418195e5e569d47baf9f1da7c3f053fe194/diff:/var/lib/docker/overlay2/7752eb17f8f8ba44a5ed178f499901fa7eb6f2e031c29ab160ee4eff4db8edaa/diff:/var/lib/docker/overlay2/9683de8b3733106f256bd0eabc7cae13623b14493b9212e863449d42b8a87390/diff:/var/lib/docker/overlay2/f5e28e407d8811526fb7dd82e4fed08d5d3124c0f22f1a9496ed27b2b457d3dd/diff:/var/lib/docker/overlay2/e2980c91c6b3331cff3994ca6f327955bb5feaef0f96bc64edce80631fdbf829/diff","MergedDir":"/var/lib/docker/overlay2/05794d51525f65619c615558ef5f93d7c33eef44e12313fdcb3942911d0b5f7d/merged","UpperDir":"/var/lib/docker/overlay2/05794d51525f65619c615558ef5f93d7c33eef44e12313fdcb3942911d0b5f7d/diff","WorkDir":"/var/lib/docker/overlay2/05794d51525f65619c615558ef5f93d7c33eef44e12313fdcb3942911d0b5f7d/work"},"Name":"overlay2"},"Mounts":[{"Type":"volume","Name":"fe29345a30f82a1c969c40b069133e9d87168ce95967d67ac182ee42c059affb","Source":"/var/lib/docker/volumes/fe29345a30f82a1c969c40b069133e9d87168ce95967d67ac182ee42c059affb/_data","Destination":"/var/lib/mysql","Driver":"local","Mode":"","RW":true,"Propagation":""}],"Config":{"Hostname":"b4fc7afd9745","Domainname":"","User":"","AttachStdin":false,"AttachStdout":false,"AttachStderr":false,"ExposedPorts":{"3306/tcp":{},"33060/tcp":{}},"Tty":false,"OpenStdin":false,"StdinOnce":false,"Env":["MYSQL_DATABASE=adm_videos","MYSQL_PASSWORD=123456","MYSQL_ROOT_PASSWORD=123456","PATH=/usr/local/sbin:/usr/local/bin:/usr/sbin:/usr/bin:/sbin:/bin","GOSU_VERSION=1.14","MYSQL_MAJOR=8.0","MYSQL_VERSION=8.0.31-1.el8","MYSQL_SHELL_VERSION=8.0.31-1.el8"],"Cmd":["mysqld"],"Image":"mysql:latest","Volumes":{"/var/lib/mysql":{}},"WorkingDir":"","Entrypoint":["docker-entrypoint.sh"],"OnBuild":null,"Labels":{"org.testcontainers":"true","org.testcontainers.sessionId":"cdd139c9-cde1-4429-bea7-edb0e651ba16"}},"NetworkSettings":{"Bridge":"","SandboxID":"8404ec7d59006489fa5b6638879180586e9aa24c1c3ae79d40e26a8f453c93b1","HairpinMode":false,"LinkLocalIPv6Address":"","LinkLocalIPv6PrefixLen":0,"Ports":{"3306/tcp":[{"HostIp":"0.0.0.0","HostPort":"49156"},{"HostIp":"::","HostPort":"49156"}],"33060/tcp":null},"SandboxKey":"/var/run/docker/netns/8404ec7d5900","SecondaryIPAddresses":null,"SecondaryIPv6Addresses":null,"EndpointID":"28c851b70d88131a783e3d87b7c50320df5f3250ebca621b1b39353a2424212a","Gateway":"172.17.0.1","GlobalIPv6Address":"","GlobalIPv6PrefixLen":0,"IPAddress":"172.17.0.3","IPPrefixLen":16,"IPv6Gateway":"","MacAddress":"02:42:ac:11:00:03","Networks":{"bridge":{"IPAMConfig":null,"Links":null,"Aliases":null,"NetworkID":"bf06afe94eca8b5ab91eae0dbaa8561a6dd16832d429dcdbaa7ed1e003cfbe56","EndpointID":"28c851b70d88131a783e3d87b7c50320df5f3250ebca621b1b39353a2424212a","Gateway":"172.17.0.1","IPAddress":"172.17.0.3","IPPrefixLen":16,"IPv6Gateway":"","GlobalIPv6Address":"","GlobalIPv6PrefixLen":0,"MacAddress":"02:42:ac:11:00:03","DriverOpts":null}}}}[\n]"
18:30:22.958 [Test worker] DEBUG com.github.dockerjava.zerodep.shaded.org.apache.hc.client5.http.wire - http-outgoing-1 << "[\r][\n]"
18:30:22.958 [Test worker] DEBUG com.github.dockerjava.zerodep.shaded.org.apache.hc.client5.http.wire - http-outgoing-1 << "0[\r][\n]"
18:30:22.958 [Test worker] DEBUG com.github.dockerjava.zerodep.shaded.org.apache.hc.client5.http.wire - http-outgoing-1 << "[\r][\n]"
18:30:22.958 [Test worker] DEBUG com.github.dockerjava.zerodep.shaded.org.apache.hc.client5.http.headers - http-outgoing-1 << HTTP/1.1 200 OK
18:30:22.958 [Test worker] DEBUG com.github.dockerjava.zerodep.shaded.org.apache.hc.client5.http.headers - http-outgoing-1 << Api-Version: 1.41
18:30:22.958 [Test worker] DEBUG com.github.dockerjava.zerodep.shaded.org.apache.hc.client5.http.headers - http-outgoing-1 << Content-Type: application/json
18:30:22.958 [Test worker] DEBUG com.github.dockerjava.zerodep.shaded.org.apache.hc.client5.http.headers - http-outgoing-1 << Docker-Experimental: false
18:30:22.958 [Test worker] DEBUG com.github.dockerjava.zerodep.shaded.org.apache.hc.client5.http.headers - http-outgoing-1 << Ostype: linux
18:30:22.958 [Test worker] DEBUG com.github.dockerjava.zerodep.shaded.org.apache.hc.client5.http.headers - http-outgoing-1 << Server: Docker/20.10.17 (linux)
18:30:22.958 [Test worker] DEBUG com.github.dockerjava.zerodep.shaded.org.apache.hc.client5.http.headers - http-outgoing-1 << Date: Thu, 08 Dec 2022 21:30:22 GMT
18:30:22.958 [Test worker] DEBUG com.github.dockerjava.zerodep.shaded.org.apache.hc.client5.http.headers - http-outgoing-1 << Transfer-Encoding: chunked
18:30:22.958 [Test worker] DEBUG com.github.dockerjava.zerodep.shaded.org.apache.hc.client5.http.impl.classic.MainClientExec - ex-0000006D: connection can be kept alive for 3 MINUTES
18:30:22.959 [Test worker] DEBUG com.github.dockerjava.zerodep.shaded.org.apache.hc.client5.http.impl.classic.InternalHttpClient - ep-0000006C: releasing valid endpoint
18:30:22.959 [Test worker] DEBUG com.github.dockerjava.zerodep.shaded.org.apache.hc.client5.http.impl.io.PoolingHttpClientConnectionManager - ep-0000006C: releasing endpoint
18:30:22.959 [Test worker] DEBUG com.github.dockerjava.zerodep.shaded.org.apache.hc.client5.http.impl.io.PoolingHttpClientConnectionManager - ep-0000006C: connection http-outgoing-1 can be kept alive for 3 MINUTES
18:30:22.959 [Test worker] DEBUG com.github.dockerjava.zerodep.shaded.org.apache.hc.client5.http.impl.io.PoolingHttpClientConnectionManager - ep-0000006C: connection released [route: {}->unix://localhost:2375][total available: 1; route allocated: 1 of 2147483647; total allocated: 1 of 2147483647]
18:30:22.959 [Test worker] DEBUG ]]>&#x1f433;<![CDATA[ [mysql:latest] - Trying to create JDBC connection using com.mysql.cj.jdbc.Driver to jdbc:mysql://localhost:49156/adm_videos?useSSL=false&allowPublicKeyRetrieval=true with properties: {password=123456, user=root}
18:30:23.060 [Test worker] DEBUG org.testcontainers.shaded.com.github.dockerjava.core.command.AbstrDockerCmd - Cmd: b4fc7afd97457a2a6ec84592488a57f900fa52ed03fcd2dbaf8a116bc1f50ab3,false
18:30:23.061 [Test worker] DEBUG org.testcontainers.shaded.com.github.dockerjava.core.exec.InspectContainerCmdExec - GET: DefaultWebTarget{path=[/containers/b4fc7afd97457a2a6ec84592488a57f900fa52ed03fcd2dbaf8a116bc1f50ab3/json], queryParams={}}
18:30:23.061 [Test worker] DEBUG com.github.dockerjava.zerodep.shaded.org.apache.hc.client5.http.impl.classic.InternalHttpClient - ex-0000006E: preparing request execution
18:30:23.061 [Test worker] DEBUG com.github.dockerjava.zerodep.shaded.org.apache.hc.client5.http.protocol.RequestAddCookies - Cookie spec selected: strict
18:30:23.061 [Test worker] DEBUG com.github.dockerjava.zerodep.shaded.org.apache.hc.client5.http.protocol.RequestAuthCache - Auth cache not set in the context
18:30:23.061 [Test worker] DEBUG com.github.dockerjava.zerodep.shaded.org.apache.hc.client5.http.impl.classic.ProtocolExec - ex-0000006E: target auth state: UNCHALLENGED
18:30:23.061 [Test worker] DEBUG com.github.dockerjava.zerodep.shaded.org.apache.hc.client5.http.impl.classic.ProtocolExec - ex-0000006E: proxy auth state: UNCHALLENGED
18:30:23.061 [Test worker] DEBUG com.github.dockerjava.zerodep.shaded.org.apache.hc.client5.http.impl.classic.ConnectExec - ex-0000006E: acquiring connection with route {}->unix://localhost:2375
18:30:23.061 [Test worker] DEBUG com.github.dockerjava.zerodep.shaded.org.apache.hc.client5.http.impl.classic.InternalHttpClient - ex-0000006E: acquiring endpoint (3 MINUTES)
18:30:23.061 [Test worker] DEBUG com.github.dockerjava.zerodep.shaded.org.apache.hc.client5.http.impl.io.PoolingHttpClientConnectionManager - ex-0000006E: endpoint lease request (3 MINUTES) [route: {}->unix://localhost:2375][total available: 1; route allocated: 1 of 2147483647; total allocated: 1 of 2147483647]
18:30:23.061 [Test worker] DEBUG com.github.dockerjava.zerodep.shaded.org.apache.hc.client5.http.impl.io.PoolingHttpClientConnectionManager - ex-0000006E: endpoint leased [route: {}->unix://localhost:2375][total available: 0; route allocated: 1 of 2147483647; total allocated: 1 of 2147483647]
18:30:23.061 [Test worker] DEBUG com.github.dockerjava.zerodep.shaded.org.apache.hc.client5.http.impl.io.PoolingHttpClientConnectionManager - ex-0000006E: acquired ep-0000006D
18:30:23.061 [Test worker] DEBUG com.github.dockerjava.zerodep.shaded.org.apache.hc.client5.http.impl.classic.InternalHttpClient - ex-0000006E: acquired endpoint ep-0000006D
18:30:23.061 [Test worker] DEBUG com.github.dockerjava.zerodep.shaded.org.apache.hc.client5.http.impl.classic.MainClientExec - ex-0000006E: executing GET /v1.32/containers/b4fc7afd97457a2a6ec84592488a57f900fa52ed03fcd2dbaf8a116bc1f50ab3/json HTTP/1.1
18:30:23.061 [Test worker] DEBUG com.github.dockerjava.zerodep.shaded.org.apache.hc.client5.http.impl.classic.InternalHttpClient - ep-0000006D: start execution ex-0000006E
18:30:23.061 [Test worker] DEBUG com.github.dockerjava.zerodep.shaded.org.apache.hc.client5.http.impl.io.PoolingHttpClientConnectionManager - ep-0000006D: executing exchange ex-0000006E over http-outgoing-1
18:30:23.061 [Test worker] DEBUG com.github.dockerjava.zerodep.shaded.org.apache.hc.client5.http.headers - http-outgoing-1 >> GET /v1.32/containers/b4fc7afd97457a2a6ec84592488a57f900fa52ed03fcd2dbaf8a116bc1f50ab3/json HTTP/1.1
18:30:23.061 [Test worker] DEBUG com.github.dockerjava.zerodep.shaded.org.apache.hc.client5.http.headers - http-outgoing-1 >> accept: application/json
18:30:23.061 [Test worker] DEBUG com.github.dockerjava.zerodep.shaded.org.apache.hc.client5.http.headers - http-outgoing-1 >> x-tc-sid: cdd139c9-cde1-4429-bea7-edb0e651ba16
18:30:23.061 [Test worker] DEBUG com.github.dockerjava.zerodep.shaded.org.apache.hc.client5.http.headers - http-outgoing-1 >> Accept-Encoding: gzip, x-gzip, deflate
18:30:23.061 [Test worker] DEBUG com.github.dockerjava.zerodep.shaded.org.apache.hc.client5.http.headers - http-outgoing-1 >> Host: localhost:2375
18:30:23.061 [Test worker] DEBUG com.github.dockerjava.zerodep.shaded.org.apache.hc.client5.http.headers - http-outgoing-1 >> Connection: keep-alive
18:30:23.061 [Test worker] DEBUG com.github.dockerjava.zerodep.shaded.org.apache.hc.client5.http.headers - http-outgoing-1 >> User-Agent: Apache-HttpClient/5.0.3 (Java/17.0.2)
18:30:23.061 [Test worker] DEBUG com.github.dockerjava.zerodep.shaded.org.apache.hc.client5.http.wire - http-outgoing-1 >> "GET /v1.32/containers/b4fc7afd97457a2a6ec84592488a57f900fa52ed03fcd2dbaf8a116bc1f50ab3/json HTTP/1.1[\r][\n]"
18:30:23.061 [Test worker] DEBUG com.github.dockerjava.zerodep.shaded.org.apache.hc.client5.http.wire - http-outgoing-1 >> "accept: application/json[\r][\n]"
18:30:23.061 [Test worker] DEBUG com.github.dockerjava.zerodep.shaded.org.apache.hc.client5.http.wire - http-outgoing-1 >> "x-tc-sid: cdd139c9-cde1-4429-bea7-edb0e651ba16[\r][\n]"
18:30:23.061 [Test worker] DEBUG com.github.dockerjava.zerodep.shaded.org.apache.hc.client5.http.wire - http-outgoing-1 >> "Accept-Encoding: gzip, x-gzip, deflate[\r][\n]"
18:30:23.061 [Test worker] DEBUG com.github.dockerjava.zerodep.shaded.org.apache.hc.client5.http.wire - http-outgoing-1 >> "Host: localhost:2375[\r][\n]"
18:30:23.061 [Test worker] DEBUG com.github.dockerjava.zerodep.shaded.org.apache.hc.client5.http.wire - http-outgoing-1 >> "Connection: keep-alive[\r][\n]"
18:30:23.061 [Test worker] DEBUG com.github.dockerjava.zerodep.shaded.org.apache.hc.client5.http.wire - http-outgoing-1 >> "User-Agent: Apache-HttpClient/5.0.3 (Java/17.0.2)[\r][\n]"
18:30:23.061 [Test worker] DEBUG com.github.dockerjava.zerodep.shaded.org.apache.hc.client5.http.wire - http-outgoing-1 >> "[\r][\n]"
18:30:23.062 [Test worker] DEBUG com.github.dockerjava.zerodep.shaded.org.apache.hc.client5.http.wire - http-outgoing-1 << "HTTP/1.1 200 OK[\r][\n]"
18:30:23.062 [Test worker] DEBUG com.github.dockerjava.zerodep.shaded.org.apache.hc.client5.http.wire - http-outgoing-1 << "Api-Version: 1.41[\r][\n]"
18:30:23.062 [Test worker] DEBUG com.github.dockerjava.zerodep.shaded.org.apache.hc.client5.http.wire - http-outgoing-1 << "Content-Type: application/json[\r][\n]"
18:30:23.062 [Test worker] DEBUG com.github.dockerjava.zerodep.shaded.org.apache.hc.client5.http.wire - http-outgoing-1 << "Docker-Experimental: false[\r][\n]"
18:30:23.062 [Test worker] DEBUG com.github.dockerjava.zerodep.shaded.org.apache.hc.client5.http.wire - http-outgoing-1 << "Ostype: linux[\r][\n]"
18:30:23.062 [Test worker] DEBUG com.github.dockerjava.zerodep.shaded.org.apache.hc.client5.http.wire - http-outgoing-1 << "Server: Docker/20.10.17 (linux)[\r][\n]"
18:30:23.062 [Test worker] DEBUG com.github.dockerjava.zerodep.shaded.org.apache.hc.client5.http.wire - http-outgoing-1 << "Date: Thu, 08 Dec 2022 21:30:23 GMT[\r][\n]"
18:30:23.062 [Test worker] DEBUG com.github.dockerjava.zerodep.shaded.org.apache.hc.client5.http.wire - http-outgoing-1 << "Transfer-Encoding: chunked[\r][\n]"
18:30:23.062 [Test worker] DEBUG com.github.dockerjava.zerodep.shaded.org.apache.hc.client5.http.wire - http-outgoing-1 << "[\r][\n]"
18:30:23.062 [Test worker] DEBUG com.github.dockerjava.zerodep.shaded.org.apache.hc.client5.http.wire - http-outgoing-1 << "18a6[\r][\n]"
18:30:23.062 [Test worker] DEBUG com.github.dockerjava.zerodep.shaded.org.apache.hc.client5.http.wire - http-outgoing-1 << "{"Id":"b4fc7afd97457a2a6ec84592488a57f900fa52ed03fcd2dbaf8a116bc1f50ab3","Created":"2022-12-08T21:30:11.801619537Z","Path":"docker-entrypoint.sh","Args":["mysqld"],"State":{"Status":"running","Running":true,"Paused":false,"Restarting":false,"OOMKilled":false,"Dead":false,"Pid":148084,"ExitCode":0,"Error":"","StartedAt":"2022-12-08T21:30:12.370762583Z","FinishedAt":"0001-01-01T00:00:00Z"},"Image":"sha256:7484689f290f1defe06b65befc54cb6ad91a667cf0af59a265ffe76c46bd0478","ResolvConfPath":"/var/lib/docker/containers/b4fc7afd97457a2a6ec84592488a57f900fa52ed03fcd2dbaf8a116bc1f50ab3/resolv.conf","HostnamePath":"/var/lib/docker/containers/b4fc7afd97457a2a6ec84592488a57f900fa52ed03fcd2dbaf8a116bc1f50ab3/hostname","HostsPath":"/var/lib/docker/containers/b4fc7afd97457a2a6ec84592488a57f900fa52ed03fcd2dbaf8a116bc1f50ab3/hosts","LogPath":"/var/lib/docker/containers/b4fc7afd97457a2a6ec84592488a57f900fa52ed03fcd2dbaf8a116bc1f50ab3/b4fc7afd97457a2a6ec84592488a57f900fa52ed03fcd2dbaf8a116bc1f50ab3-json.log","Name":"/agitated_ptolemy","RestartCount":0,"Driver":"overlay2","Platform":"linux","MountLabel":"","ProcessLabel":"","AppArmorProfile":"docker-default","ExecIDs":null,"HostConfig":{"Binds":[],"ContainerIDFile":"","LogConfig":{"Type":"json-file","Config":{}},"NetworkMode":"default","PortBindings":{"3306/tcp":[{"HostIp":"","HostPort":""}]},"RestartPolicy":{"Name":"","MaximumRetryCount":0},"AutoRemove":false,"VolumeDriver":"","VolumesFrom":[],"CapAdd":null,"CapDrop":null,"CgroupnsMode":"private","Dns":null,"DnsOptions":null,"DnsSearch":null,"ExtraHosts":[],"GroupAdd":null,"IpcMode":"shareable","Cgroup":"","Links":null,"OomScoreAdj":0,"PidMode":"","Privileged":false,"PublishAllPorts":false,"ReadonlyRootfs":false,"SecurityOpt":null,"UTSMode":"","UsernsMode":"","ShmSize":67108864,"Runtime":"runc","ConsoleSize":[0,0],"Isolation":"","CpuShares":0,"Memory":0,"NanoCpus":0,"CgroupParent":"","BlkioWeight":0,"BlkioWeightDevice":null,"BlkioDeviceReadBps":null,"BlkioDeviceWriteBps":null,"BlkioDeviceReadIOps":null,"BlkioDeviceWriteIOps":null,"CpuPeriod":0,"CpuQuota":0,"CpuRealtimePeriod":0,"CpuRealtimeRuntime":0,"CpusetCpus":"","CpusetMems":"","Devices":null,"DeviceCgroupRules":null,"DeviceRequests":null,"KernelMemory":0,"KernelMemoryTCP":0,"MemoryReservation":0,"MemorySwap":0,"MemorySwappiness":null,"OomKillDisable":null,"PidsLimit":null,"Ulimits":null,"CpuCount":0,"CpuPercent":0,"IOMaximumIOps":0,"IOMaximumBandwidth":0,"MaskedPaths":["/proc/asound","/proc/acpi","/proc/kcore","/proc/keys","/proc/latency_stats","/proc/timer_list","/proc/timer_stats","/proc/sched_debug","/proc/scsi","/sys/firmware"],"ReadonlyPaths":["/proc/bus","/proc/fs","/proc/irq","/proc/sys","/proc/sysrq-trigger"]},"GraphDriver":{"Data":{"LowerDir":"/var/lib/docker/overlay2/05794d51525f65619c615558ef5f93d7c33eef44e12313fdcb3942911d0b5f7d-init/diff:/var/lib/docker/overlay2/f079a69cfd5e80e906b12f05a0c7bfaabc56ce63e947db68b722ae30905f1239/diff:/var/lib/docker/overlay2/9dfb63d6bb556846a13012421dde7951ef83a14d8ce1882287cce66f0f9bd055/diff:/var/lib/docker/overlay2/c4f8874ae33ddd14488f5051cd953acc020fa00ea72d28bd530450c0bc8f9903/diff:/var/lib/docker/overlay2/992683766b46aa5653160e6a34283b579a75000e230890d0ec0a6204af735697/diff:/var/lib/docker/overlay2/6e3fba0e1d6501c91c9bec723bb1364f75599c6c2026a6dc71773c88a49f890a/diff:/var/lib/docker/overlay2/c6c2a366f45a69704761d45d296d71bf2bf315efb15cb06ad88925ed235fad81/diff:/var/lib/docker/overlay2/7555f9b18615244719d04b23296ba418195e5e569d47baf9f1da7c3f053fe194/diff:/var/lib/docker/overlay2/7752eb17f8f8ba44a5ed178f499901fa7eb6f2e031c29ab160ee4eff4db8edaa/diff:/var/lib/docker/overlay2/9683de8b3733106f256bd0eabc7cae13623b14493b9212e863449d42b8a87390/diff:/var/lib/docker/overlay2/f5e28e407d8811526fb7dd82e4fed08d5d3124c0f22f1a9496ed27b2b457d3dd/diff:/var/lib/docker/overlay2/e2980c91c6b3331cff3994ca6f327955bb5feaef0f96bc64edce80631fdbf829/diff","MergedDir":"/var/lib/docker/overlay2/05794d51525f65619c615558ef5f93d7c33eef44e12313fdcb3942911d0b5f7d/merged","UpperDir":"/var/lib/docker/overlay2/05794d51525f65619c615558ef5f93d7c33eef44e12313fdcb3942911d0b5f7d/diff","WorkDir":"/var/lib/docker/overlay2/05794d51525f65619c615558ef5f93d7c33eef44e12313fdcb3942911d0b5f7d/work"},"Name":"overlay2"},"Mounts":[{"Type":"volume","Name":"fe29345a30f82a1c969c40b069133e9d87168ce95967d67ac182ee42c059affb","Source":"/var/lib/docker/volumes/fe29345a30f82a1c969c40b069133e9d87168ce95967d67ac182ee42c059affb/_data","Destination":"/var/lib/mysql","Driver":"local","Mode":"","RW":true,"Propagation":""}],"Config":{"Hostname":"b4fc7afd9745","Domainname":"","User":"","AttachStdin":false,"AttachStdout":false,"AttachStderr":false,"ExposedPorts":{"3306/tcp":{},"33060/tcp":{}},"Tty":false,"OpenStdin":false,"StdinOnce":false,"Env":["MYSQL_DATABASE=adm_videos","MYSQL_PASSWORD=123456","MYSQL_ROOT_PASSWORD=123456","PATH=/usr/local/sbin:/usr/local/bin:/usr/sbin:/usr/bin:/sbin:/bin","GOSU_VERSION=1.14","MYSQL_MAJOR=8.0","MYSQL_VERSION=8.0.31-1.el8","MYSQL_SHELL_VERSION=8.0.31-1.el8"],"Cmd":["mysqld"],"Image":"mysql:latest","Volumes":{"/var/lib/mysql":{}},"WorkingDir":"","Entrypoint":["docker-entrypoint.sh"],"OnBuild":null,"Labels":{"org.testcontainers":"true","org.testcontainers.sessionId":"cdd139c9-cde1-4429-bea7-edb0e651ba16"}},"NetworkSettings":{"Bridge":"","SandboxID":"8404ec7d59006489fa5b6638879180586e9aa24c1c3ae79d40e26a8f453c93b1","HairpinMode":false,"LinkLocalIPv6Address":"","LinkLocalIPv6PrefixLen":0,"Ports":{"3306/tcp":[{"HostIp":"0.0.0.0","HostPort":"49156"},{"HostIp":"::","HostPort":"49156"}],"33060/tcp":null},"SandboxKey":"/var/run/docker/netns/8404ec7d5900","SecondaryIPAddresses":null,"SecondaryIPv6Addresses":null,"EndpointID":"28c851b70d88131a783e3d87b7c50320df5f3250ebca621b1b39353a2424212a","Gateway":"172.17.0.1","GlobalIPv6Address":"","GlobalIPv6PrefixLen":0,"IPAddress":"172.17.0.3","IPPrefixLen":16,"IPv6Gateway":"","MacAddress":"02:42:ac:11:00:03","Networks":{"bridge":{"IPAMConfig":null,"Links":null,"Aliases":null,"NetworkID":"bf06afe94eca8b5ab91eae0dbaa8561a6dd16832d429dcdbaa7ed1e003cfbe56","EndpointID":"28c851b70d88131a783e3d87b7c50320df5f3250ebca621b1b39353a2424212a","Gateway":"172.17.0.1","IPAddress":"172.17.0.3","IPPrefixLen":16,"IPv6Gateway":"","GlobalIPv6Address":"","GlobalIPv6PrefixLen":0,"MacAddress":"02:42:ac:11:00:03","DriverOpts":null}}}}[\n]"
18:30:23.062 [Test worker] DEBUG com.github.dockerjava.zerodep.shaded.org.apache.hc.client5.http.wire - http-outgoing-1 << "[\r][\n]"
18:30:23.062 [Test worker] DEBUG com.github.dockerjava.zerodep.shaded.org.apache.hc.client5.http.wire - http-outgoing-1 << "0[\r][\n]"
18:30:23.062 [Test worker] DEBUG com.github.dockerjava.zerodep.shaded.org.apache.hc.client5.http.wire - http-outgoing-1 << "[\r][\n]"
18:30:23.062 [Test worker] DEBUG com.github.dockerjava.zerodep.shaded.org.apache.hc.client5.http.headers - http-outgoing-1 << HTTP/1.1 200 OK
18:30:23.062 [Test worker] DEBUG com.github.dockerjava.zerodep.shaded.org.apache.hc.client5.http.headers - http-outgoing-1 << Api-Version: 1.41
18:30:23.062 [Test worker] DEBUG com.github.dockerjava.zerodep.shaded.org.apache.hc.client5.http.headers - http-outgoing-1 << Content-Type: application/json
18:30:23.062 [Test worker] DEBUG com.github.dockerjava.zerodep.shaded.org.apache.hc.client5.http.headers - http-outgoing-1 << Docker-Experimental: false
18:30:23.062 [Test worker] DEBUG com.github.dockerjava.zerodep.shaded.org.apache.hc.client5.http.headers - http-outgoing-1 << Ostype: linux
18:30:23.062 [Test worker] DEBUG com.github.dockerjava.zerodep.shaded.org.apache.hc.client5.http.headers - http-outgoing-1 << Server: Docker/20.10.17 (linux)
18:30:23.062 [Test worker] DEBUG com.github.dockerjava.zerodep.shaded.org.apache.hc.client5.http.headers - http-outgoing-1 << Date: Thu, 08 Dec 2022 21:30:23 GMT
18:30:23.062 [Test worker] DEBUG com.github.dockerjava.zerodep.shaded.org.apache.hc.client5.http.headers - http-outgoing-1 << Transfer-Encoding: chunked
18:30:23.062 [Test worker] DEBUG com.github.dockerjava.zerodep.shaded.org.apache.hc.client5.http.impl.classic.MainClientExec - ex-0000006E: connection can be kept alive for 3 MINUTES
18:30:23.062 [Test worker] DEBUG com.github.dockerjava.zerodep.shaded.org.apache.hc.client5.http.impl.classic.InternalHttpClient - ep-0000006D: releasing valid endpoint
18:30:23.062 [Test worker] DEBUG com.github.dockerjava.zerodep.shaded.org.apache.hc.client5.http.impl.io.PoolingHttpClientConnectionManager - ep-0000006D: releasing endpoint
18:30:23.062 [Test worker] DEBUG com.github.dockerjava.zerodep.shaded.org.apache.hc.client5.http.impl.io.PoolingHttpClientConnectionManager - ep-0000006D: connection http-outgoing-1 can be kept alive for 3 MINUTES
18:30:23.062 [Test worker] DEBUG com.github.dockerjava.zerodep.shaded.org.apache.hc.client5.http.impl.io.PoolingHttpClientConnectionManager - ep-0000006D: connection released [route: {}->unix://localhost:2375][total available: 1; route allocated: 1 of 2147483647; total allocated: 1 of 2147483647]
18:30:23.062 [Test worker] DEBUG ]]>&#x1f433;<![CDATA[ [mysql:latest] - Trying to create JDBC connection using com.mysql.cj.jdbc.Driver to jdbc:mysql://localhost:49156/adm_videos?useSSL=false&allowPublicKeyRetrieval=true with properties: {password=123456, user=root}
18:30:23.164 [Test worker] DEBUG org.testcontainers.shaded.com.github.dockerjava.core.command.AbstrDockerCmd - Cmd: b4fc7afd97457a2a6ec84592488a57f900fa52ed03fcd2dbaf8a116bc1f50ab3,false
18:30:23.164 [Test worker] DEBUG org.testcontainers.shaded.com.github.dockerjava.core.exec.InspectContainerCmdExec - GET: DefaultWebTarget{path=[/containers/b4fc7afd97457a2a6ec84592488a57f900fa52ed03fcd2dbaf8a116bc1f50ab3/json], queryParams={}}
18:30:23.164 [Test worker] DEBUG com.github.dockerjava.zerodep.shaded.org.apache.hc.client5.http.impl.classic.InternalHttpClient - ex-0000006F: preparing request execution
18:30:23.164 [Test worker] DEBUG com.github.dockerjava.zerodep.shaded.org.apache.hc.client5.http.protocol.RequestAddCookies - Cookie spec selected: strict
18:30:23.164 [Test worker] DEBUG com.github.dockerjava.zerodep.shaded.org.apache.hc.client5.http.protocol.RequestAuthCache - Auth cache not set in the context
18:30:23.164 [Test worker] DEBUG com.github.dockerjava.zerodep.shaded.org.apache.hc.client5.http.impl.classic.ProtocolExec - ex-0000006F: target auth state: UNCHALLENGED
18:30:23.164 [Test worker] DEBUG com.github.dockerjava.zerodep.shaded.org.apache.hc.client5.http.impl.classic.ProtocolExec - ex-0000006F: proxy auth state: UNCHALLENGED
18:30:23.164 [Test worker] DEBUG com.github.dockerjava.zerodep.shaded.org.apache.hc.client5.http.impl.classic.ConnectExec - ex-0000006F: acquiring connection with route {}->unix://localhost:2375
18:30:23.164 [Test worker] DEBUG com.github.dockerjava.zerodep.shaded.org.apache.hc.client5.http.impl.classic.InternalHttpClient - ex-0000006F: acquiring endpoint (3 MINUTES)
18:30:23.164 [Test worker] DEBUG com.github.dockerjava.zerodep.shaded.org.apache.hc.client5.http.impl.io.PoolingHttpClientConnectionManager - ex-0000006F: endpoint lease request (3 MINUTES) [route: {}->unix://localhost:2375][total available: 1; route allocated: 1 of 2147483647; total allocated: 1 of 2147483647]
18:30:23.164 [Test worker] DEBUG com.github.dockerjava.zerodep.shaded.org.apache.hc.client5.http.impl.io.PoolingHttpClientConnectionManager - ex-0000006F: endpoint leased [route: {}->unix://localhost:2375][total available: 0; route allocated: 1 of 2147483647; total allocated: 1 of 2147483647]
18:30:23.164 [Test worker] DEBUG com.github.dockerjava.zerodep.shaded.org.apache.hc.client5.http.impl.io.PoolingHttpClientConnectionManager - ex-0000006F: acquired ep-0000006E
18:30:23.164 [Test worker] DEBUG com.github.dockerjava.zerodep.shaded.org.apache.hc.client5.http.impl.classic.InternalHttpClient - ex-0000006F: acquired endpoint ep-0000006E
18:30:23.164 [Test worker] DEBUG com.github.dockerjava.zerodep.shaded.org.apache.hc.client5.http.impl.classic.MainClientExec - ex-0000006F: executing GET /v1.32/containers/b4fc7afd97457a2a6ec84592488a57f900fa52ed03fcd2dbaf8a116bc1f50ab3/json HTTP/1.1
18:30:23.164 [Test worker] DEBUG com.github.dockerjava.zerodep.shaded.org.apache.hc.client5.http.impl.classic.InternalHttpClient - ep-0000006E: start execution ex-0000006F
18:30:23.164 [Test worker] DEBUG com.github.dockerjava.zerodep.shaded.org.apache.hc.client5.http.impl.io.PoolingHttpClientConnectionManager - ep-0000006E: executing exchange ex-0000006F over http-outgoing-1
18:30:23.164 [Test worker] DEBUG com.github.dockerjava.zerodep.shaded.org.apache.hc.client5.http.headers - http-outgoing-1 >> GET /v1.32/containers/b4fc7afd97457a2a6ec84592488a57f900fa52ed03fcd2dbaf8a116bc1f50ab3/json HTTP/1.1
18:30:23.164 [Test worker] DEBUG com.github.dockerjava.zerodep.shaded.org.apache.hc.client5.http.headers - http-outgoing-1 >> accept: application/json
18:30:23.164 [Test worker] DEBUG com.github.dockerjava.zerodep.shaded.org.apache.hc.client5.http.headers - http-outgoing-1 >> x-tc-sid: cdd139c9-cde1-4429-bea7-edb0e651ba16
18:30:23.164 [Test worker] DEBUG com.github.dockerjava.zerodep.shaded.org.apache.hc.client5.http.headers - http-outgoing-1 >> Accept-Encoding: gzip, x-gzip, deflate
18:30:23.164 [Test worker] DEBUG com.github.dockerjava.zerodep.shaded.org.apache.hc.client5.http.headers - http-outgoing-1 >> Host: localhost:2375
18:30:23.164 [Test worker] DEBUG com.github.dockerjava.zerodep.shaded.org.apache.hc.client5.http.headers - http-outgoing-1 >> Connection: keep-alive
18:30:23.164 [Test worker] DEBUG com.github.dockerjava.zerodep.shaded.org.apache.hc.client5.http.headers - http-outgoing-1 >> User-Agent: Apache-HttpClient/5.0.3 (Java/17.0.2)
18:30:23.164 [Test worker] DEBUG com.github.dockerjava.zerodep.shaded.org.apache.hc.client5.http.wire - http-outgoing-1 >> "GET /v1.32/containers/b4fc7afd97457a2a6ec84592488a57f900fa52ed03fcd2dbaf8a116bc1f50ab3/json HTTP/1.1[\r][\n]"
18:30:23.164 [Test worker] DEBUG com.github.dockerjava.zerodep.shaded.org.apache.hc.client5.http.wire - http-outgoing-1 >> "accept: application/json[\r][\n]"
18:30:23.164 [Test worker] DEBUG com.github.dockerjava.zerodep.shaded.org.apache.hc.client5.http.wire - http-outgoing-1 >> "x-tc-sid: cdd139c9-cde1-4429-bea7-edb0e651ba16[\r][\n]"
18:30:23.164 [Test worker] DEBUG com.github.dockerjava.zerodep.shaded.org.apache.hc.client5.http.wire - http-outgoing-1 >> "Accept-Encoding: gzip, x-gzip, deflate[\r][\n]"
18:30:23.164 [Test worker] DEBUG com.github.dockerjava.zerodep.shaded.org.apache.hc.client5.http.wire - http-outgoing-1 >> "Host: localhost:2375[\r][\n]"
18:30:23.164 [Test worker] DEBUG com.github.dockerjava.zerodep.shaded.org.apache.hc.client5.http.wire - http-outgoing-1 >> "Connection: keep-alive[\r][\n]"
18:30:23.164 [Test worker] DEBUG com.github.dockerjava.zerodep.shaded.org.apache.hc.client5.http.wire - http-outgoing-1 >> "User-Agent: Apache-HttpClient/5.0.3 (Java/17.0.2)[\r][\n]"
18:30:23.164 [Test worker] DEBUG com.github.dockerjava.zerodep.shaded.org.apache.hc.client5.http.wire - http-outgoing-1 >> "[\r][\n]"
18:30:23.165 [Test worker] DEBUG com.github.dockerjava.zerodep.shaded.org.apache.hc.client5.http.wire - http-outgoing-1 << "HTTP/1.1 200 OK[\r][\n]"
18:30:23.165 [Test worker] DEBUG com.github.dockerjava.zerodep.shaded.org.apache.hc.client5.http.wire - http-outgoing-1 << "Api-Version: 1.41[\r][\n]"
18:30:23.165 [Test worker] DEBUG com.github.dockerjava.zerodep.shaded.org.apache.hc.client5.http.wire - http-outgoing-1 << "Content-Type: application/json[\r][\n]"
18:30:23.165 [Test worker] DEBUG com.github.dockerjava.zerodep.shaded.org.apache.hc.client5.http.wire - http-outgoing-1 << "Docker-Experimental: false[\r][\n]"
18:30:23.165 [Test worker] DEBUG com.github.dockerjava.zerodep.shaded.org.apache.hc.client5.http.wire - http-outgoing-1 << "Ostype: linux[\r][\n]"
18:30:23.165 [Test worker] DEBUG com.github.dockerjava.zerodep.shaded.org.apache.hc.client5.http.wire - http-outgoing-1 << "Server: Docker/20.10.17 (linux)[\r][\n]"
18:30:23.165 [Test worker] DEBUG com.github.dockerjava.zerodep.shaded.org.apache.hc.client5.http.wire - http-outgoing-1 << "Date: Thu, 08 Dec 2022 21:30:23 GMT[\r][\n]"
18:30:23.165 [Test worker] DEBUG com.github.dockerjava.zerodep.shaded.org.apache.hc.client5.http.wire - http-outgoing-1 << "Transfer-Encoding: chunked[\r][\n]"
18:30:23.165 [Test worker] DEBUG com.github.dockerjava.zerodep.shaded.org.apache.hc.client5.http.wire - http-outgoing-1 << "[\r][\n]"
18:30:23.165 [Test worker] DEBUG com.github.dockerjava.zerodep.shaded.org.apache.hc.client5.http.wire - http-outgoing-1 << "18a6[\r][\n]"
18:30:23.165 [Test worker] DEBUG com.github.dockerjava.zerodep.shaded.org.apache.hc.client5.http.wire - http-outgoing-1 << "{"Id":"b4fc7afd97457a2a6ec84592488a57f900fa52ed03fcd2dbaf8a116bc1f50ab3","Created":"2022-12-08T21:30:11.801619537Z","Path":"docker-entrypoint.sh","Args":["mysqld"],"State":{"Status":"running","Running":true,"Paused":false,"Restarting":false,"OOMKilled":false,"Dead":false,"Pid":148084,"ExitCode":0,"Error":"","StartedAt":"2022-12-08T21:30:12.370762583Z","FinishedAt":"0001-01-01T00:00:00Z"},"Image":"sha256:7484689f290f1defe06b65befc54cb6ad91a667cf0af59a265ffe76c46bd0478","ResolvConfPath":"/var/lib/docker/containers/b4fc7afd97457a2a6ec84592488a57f900fa52ed03fcd2dbaf8a116bc1f50ab3/resolv.conf","HostnamePath":"/var/lib/docker/containers/b4fc7afd97457a2a6ec84592488a57f900fa52ed03fcd2dbaf8a116bc1f50ab3/hostname","HostsPath":"/var/lib/docker/containers/b4fc7afd97457a2a6ec84592488a57f900fa52ed03fcd2dbaf8a116bc1f50ab3/hosts","LogPath":"/var/lib/docker/containers/b4fc7afd97457a2a6ec84592488a57f900fa52ed03fcd2dbaf8a116bc1f50ab3/b4fc7afd97457a2a6ec84592488a57f900fa52ed03fcd2dbaf8a116bc1f50ab3-json.log","Name":"/agitated_ptolemy","RestartCount":0,"Driver":"overlay2","Platform":"linux","MountLabel":"","ProcessLabel":"","AppArmorProfile":"docker-default","ExecIDs":null,"HostConfig":{"Binds":[],"ContainerIDFile":"","LogConfig":{"Type":"json-file","Config":{}},"NetworkMode":"default","PortBindings":{"3306/tcp":[{"HostIp":"","HostPort":""}]},"RestartPolicy":{"Name":"","MaximumRetryCount":0},"AutoRemove":false,"VolumeDriver":"","VolumesFrom":[],"CapAdd":null,"CapDrop":null,"CgroupnsMode":"private","Dns":null,"DnsOptions":null,"DnsSearch":null,"ExtraHosts":[],"GroupAdd":null,"IpcMode":"shareable","Cgroup":"","Links":null,"OomScoreAdj":0,"PidMode":"","Privileged":false,"PublishAllPorts":false,"ReadonlyRootfs":false,"SecurityOpt":null,"UTSMode":"","UsernsMode":"","ShmSize":67108864,"Runtime":"runc","ConsoleSize":[0,0],"Isolation":"","CpuShares":0,"Memory":0,"NanoCpus":0,"CgroupParent":"","BlkioWeight":0,"BlkioWeightDevice":null,"BlkioDeviceReadBps":null,"BlkioDeviceWriteBps":null,"BlkioDeviceReadIOps":null,"BlkioDeviceWriteIOps":null,"CpuPeriod":0,"CpuQuota":0,"CpuRealtimePeriod":0,"CpuRealtimeRuntime":0,"CpusetCpus":"","CpusetMems":"","Devices":null,"DeviceCgroupRules":null,"DeviceRequests":null,"KernelMemory":0,"KernelMemoryTCP":0,"MemoryReservation":0,"MemorySwap":0,"MemorySwappiness":null,"OomKillDisable":null,"PidsLimit":null,"Ulimits":null,"CpuCount":0,"CpuPercent":0,"IOMaximumIOps":0,"IOMaximumBandwidth":0,"MaskedPaths":["/proc/asound","/proc/acpi","/proc/kcore","/proc/keys","/proc/latency_stats","/proc/timer_list","/proc/timer_stats","/proc/sched_debug","/proc/scsi","/sys/firmware"],"ReadonlyPaths":["/proc/bus","/proc/fs","/proc/irq","/proc/sys","/proc/sysrq-trigger"]},"GraphDriver":{"Data":{"LowerDir":"/var/lib/docker/overlay2/05794d51525f65619c615558ef5f93d7c33eef44e12313fdcb3942911d0b5f7d-init/diff:/var/lib/docker/overlay2/f079a69cfd5e80e906b12f05a0c7bfaabc56ce63e947db68b722ae30905f1239/diff:/var/lib/docker/overlay2/9dfb63d6bb556846a13012421dde7951ef83a14d8ce1882287cce66f0f9bd055/diff:/var/lib/docker/overlay2/c4f8874ae33ddd14488f5051cd953acc020fa00ea72d28bd530450c0bc8f9903/diff:/var/lib/docker/overlay2/992683766b46aa5653160e6a34283b579a75000e230890d0ec0a6204af735697/diff:/var/lib/docker/overlay2/6e3fba0e1d6501c91c9bec723bb1364f75599c6c2026a6dc71773c88a49f890a/diff:/var/lib/docker/overlay2/c6c2a366f45a69704761d45d296d71bf2bf315efb15cb06ad88925ed235fad81/diff:/var/lib/docker/overlay2/7555f9b18615244719d04b23296ba418195e5e569d47baf9f1da7c3f053fe194/diff:/var/lib/docker/overlay2/7752eb17f8f8ba44a5ed178f499901fa7eb6f2e031c29ab160ee4eff4db8edaa/diff:/var/lib/docker/overlay2/9683de8b3733106f256bd0eabc7cae13623b14493b9212e863449d42b8a87390/diff:/var/lib/docker/overlay2/f5e28e407d8811526fb7dd82e4fed08d5d3124c0f22f1a9496ed27b2b457d3dd/diff:/var/lib/docker/overlay2/e2980c91c6b3331cff3994ca6f327955bb5feaef0f96bc64edce80631fdbf829/diff","MergedDir":"/var/lib/docker/overlay2/05794d51525f65619c615558ef5f93d7c33eef44e12313fdcb3942911d0b5f7d/merged","UpperDir":"/var/lib/docker/overlay2/05794d51525f65619c615558ef5f93d7c33eef44e12313fdcb3942911d0b5f7d/diff","WorkDir":"/var/lib/docker/overlay2/05794d51525f65619c615558ef5f93d7c33eef44e12313fdcb3942911d0b5f7d/work"},"Name":"overlay2"},"Mounts":[{"Type":"volume","Name":"fe29345a30f82a1c969c40b069133e9d87168ce95967d67ac182ee42c059affb","Source":"/var/lib/docker/volumes/fe29345a30f82a1c969c40b069133e9d87168ce95967d67ac182ee42c059affb/_data","Destination":"/var/lib/mysql","Driver":"local","Mode":"","RW":true,"Propagation":""}],"Config":{"Hostname":"b4fc7afd9745","Domainname":"","User":"","AttachStdin":false,"AttachStdout":false,"AttachStderr":false,"ExposedPorts":{"3306/tcp":{},"33060/tcp":{}},"Tty":false,"OpenStdin":false,"StdinOnce":false,"Env":["MYSQL_DATABASE=adm_videos","MYSQL_PASSWORD=123456","MYSQL_ROOT_PASSWORD=123456","PATH=/usr/local/sbin:/usr/local/bin:/usr/sbin:/usr/bin:/sbin:/bin","GOSU_VERSION=1.14","MYSQL_MAJOR=8.0","MYSQL_VERSION=8.0.31-1.el8","MYSQL_SHELL_VERSION=8.0.31-1.el8"],"Cmd":["mysqld"],"Image":"mysql:latest","Volumes":{"/var/lib/mysql":{}},"WorkingDir":"","Entrypoint":["docker-entrypoint.sh"],"OnBuild":null,"Labels":{"org.testcontainers":"true","org.testcontainers.sessionId":"cdd139c9-cde1-4429-bea7-edb0e651ba16"}},"NetworkSettings":{"Bridge":"","SandboxID":"8404ec7d59006489fa5b6638879180586e9aa24c1c3ae79d40e26a8f453c93b1","HairpinMode":false,"LinkLocalIPv6Address":"","LinkLocalIPv6PrefixLen":0,"Ports":{"3306/tcp":[{"HostIp":"0.0.0.0","HostPort":"49156"},{"HostIp":"::","HostPort":"49156"}],"33060/tcp":null},"SandboxKey":"/var/run/docker/netns/8404ec7d5900","SecondaryIPAddresses":null,"SecondaryIPv6Addresses":null,"EndpointID":"28c851b70d88131a783e3d87b7c50320df5f3250ebca621b1b39353a2424212a","Gateway":"172.17.0.1","GlobalIPv6Address":"","GlobalIPv6PrefixLen":0,"IPAddress":"172.17.0.3","IPPrefixLen":16,"IPv6Gateway":"","MacAddress":"02:42:ac:11:00:03","Networks":{"bridge":{"IPAMConfig":null,"Links":null,"Aliases":null,"NetworkID":"bf06afe94eca8b5ab91eae0dbaa8561a6dd16832d429dcdbaa7ed1e003cfbe56","EndpointID":"28c851b70d88131a783e3d87b7c50320df5f3250ebca621b1b39353a2424212a","Gateway":"172.17.0.1","IPAddress":"172.17.0.3","IPPrefixLen":16,"IPv6Gateway":"","GlobalIPv6Address":"","GlobalIPv6PrefixLen":0,"MacAddress":"02:42:ac:11:00:03","DriverOpts":null}}}}[\n]"
18:30:23.165 [Test worker] DEBUG com.github.dockerjava.zerodep.shaded.org.apache.hc.client5.http.wire - http-outgoing-1 << "[\r][\n]"
18:30:23.165 [Test worker] DEBUG com.github.dockerjava.zerodep.shaded.org.apache.hc.client5.http.wire - http-outgoing-1 << "0[\r][\n]"
18:30:23.165 [Test worker] DEBUG com.github.dockerjava.zerodep.shaded.org.apache.hc.client5.http.wire - http-outgoing-1 << "[\r][\n]"
18:30:23.165 [Test worker] DEBUG com.github.dockerjava.zerodep.shaded.org.apache.hc.client5.http.headers - http-outgoing-1 << HTTP/1.1 200 OK
18:30:23.165 [Test worker] DEBUG com.github.dockerjava.zerodep.shaded.org.apache.hc.client5.http.headers - http-outgoing-1 << Api-Version: 1.41
18:30:23.165 [Test worker] DEBUG com.github.dockerjava.zerodep.shaded.org.apache.hc.client5.http.headers - http-outgoing-1 << Content-Type: application/json
18:30:23.165 [Test worker] DEBUG com.github.dockerjava.zerodep.shaded.org.apache.hc.client5.http.headers - http-outgoing-1 << Docker-Experimental: false
18:30:23.165 [Test worker] DEBUG com.github.dockerjava.zerodep.shaded.org.apache.hc.client5.http.headers - http-outgoing-1 << Ostype: linux
18:30:23.165 [Test worker] DEBUG com.github.dockerjava.zerodep.shaded.org.apache.hc.client5.http.headers - http-outgoing-1 << Server: Docker/20.10.17 (linux)
18:30:23.165 [Test worker] DEBUG com.github.dockerjava.zerodep.shaded.org.apache.hc.client5.http.headers - http-outgoing-1 << Date: Thu, 08 Dec 2022 21:30:23 GMT
18:30:23.165 [Test worker] DEBUG com.github.dockerjava.zerodep.shaded.org.apache.hc.client5.http.headers - http-outgoing-1 << Transfer-Encoding: chunked
18:30:23.165 [Test worker] DEBUG com.github.dockerjava.zerodep.shaded.org.apache.hc.client5.http.impl.classic.MainClientExec - ex-0000006F: connection can be kept alive for 3 MINUTES
18:30:23.166 [Test worker] DEBUG com.github.dockerjava.zerodep.shaded.org.apache.hc.client5.http.impl.classic.InternalHttpClient - ep-0000006E: releasing valid endpoint
18:30:23.166 [Test worker] DEBUG com.github.dockerjava.zerodep.shaded.org.apache.hc.client5.http.impl.io.PoolingHttpClientConnectionManager - ep-0000006E: releasing endpoint
18:30:23.166 [Test worker] DEBUG com.github.dockerjava.zerodep.shaded.org.apache.hc.client5.http.impl.io.PoolingHttpClientConnectionManager - ep-0000006E: connection http-outgoing-1 can be kept alive for 3 MINUTES
18:30:23.166 [Test worker] DEBUG com.github.dockerjava.zerodep.shaded.org.apache.hc.client5.http.impl.io.PoolingHttpClientConnectionManager - ep-0000006E: connection released [route: {}->unix://localhost:2375][total available: 1; route allocated: 1 of 2147483647; total allocated: 1 of 2147483647]
18:30:23.166 [Test worker] DEBUG ]]>&#x1f433;<![CDATA[ [mysql:latest] - Trying to create JDBC connection using com.mysql.cj.jdbc.Driver to jdbc:mysql://localhost:49156/adm_videos?useSSL=false&allowPublicKeyRetrieval=true with properties: {password=123456, user=root}
18:30:23.267 [Test worker] DEBUG org.testcontainers.shaded.com.github.dockerjava.core.command.AbstrDockerCmd - Cmd: b4fc7afd97457a2a6ec84592488a57f900fa52ed03fcd2dbaf8a116bc1f50ab3,false
18:30:23.268 [Test worker] DEBUG org.testcontainers.shaded.com.github.dockerjava.core.exec.InspectContainerCmdExec - GET: DefaultWebTarget{path=[/containers/b4fc7afd97457a2a6ec84592488a57f900fa52ed03fcd2dbaf8a116bc1f50ab3/json], queryParams={}}
18:30:23.268 [Test worker] DEBUG com.github.dockerjava.zerodep.shaded.org.apache.hc.client5.http.impl.classic.InternalHttpClient - ex-00000070: preparing request execution
18:30:23.268 [Test worker] DEBUG com.github.dockerjava.zerodep.shaded.org.apache.hc.client5.http.protocol.RequestAddCookies - Cookie spec selected: strict
18:30:23.268 [Test worker] DEBUG com.github.dockerjava.zerodep.shaded.org.apache.hc.client5.http.protocol.RequestAuthCache - Auth cache not set in the context
18:30:23.268 [Test worker] DEBUG com.github.dockerjava.zerodep.shaded.org.apache.hc.client5.http.impl.classic.ProtocolExec - ex-00000070: target auth state: UNCHALLENGED
18:30:23.268 [Test worker] DEBUG com.github.dockerjava.zerodep.shaded.org.apache.hc.client5.http.impl.classic.ProtocolExec - ex-00000070: proxy auth state: UNCHALLENGED
18:30:23.268 [Test worker] DEBUG com.github.dockerjava.zerodep.shaded.org.apache.hc.client5.http.impl.classic.ConnectExec - ex-00000070: acquiring connection with route {}->unix://localhost:2375
18:30:23.268 [Test worker] DEBUG com.github.dockerjava.zerodep.shaded.org.apache.hc.client5.http.impl.classic.InternalHttpClient - ex-00000070: acquiring endpoint (3 MINUTES)
18:30:23.268 [Test worker] DEBUG com.github.dockerjava.zerodep.shaded.org.apache.hc.client5.http.impl.io.PoolingHttpClientConnectionManager - ex-00000070: endpoint lease request (3 MINUTES) [route: {}->unix://localhost:2375][total available: 1; route allocated: 1 of 2147483647; total allocated: 1 of 2147483647]
18:30:23.268 [Test worker] DEBUG com.github.dockerjava.zerodep.shaded.org.apache.hc.client5.http.impl.io.PoolingHttpClientConnectionManager - ex-00000070: endpoint leased [route: {}->unix://localhost:2375][total available: 0; route allocated: 1 of 2147483647; total allocated: 1 of 2147483647]
18:30:23.268 [Test worker] DEBUG com.github.dockerjava.zerodep.shaded.org.apache.hc.client5.http.impl.io.PoolingHttpClientConnectionManager - ex-00000070: acquired ep-0000006F
18:30:23.268 [Test worker] DEBUG com.github.dockerjava.zerodep.shaded.org.apache.hc.client5.http.impl.classic.InternalHttpClient - ex-00000070: acquired endpoint ep-0000006F
18:30:23.268 [Test worker] DEBUG com.github.dockerjava.zerodep.shaded.org.apache.hc.client5.http.impl.classic.MainClientExec - ex-00000070: executing GET /v1.32/containers/b4fc7afd97457a2a6ec84592488a57f900fa52ed03fcd2dbaf8a116bc1f50ab3/json HTTP/1.1
18:30:23.268 [Test worker] DEBUG com.github.dockerjava.zerodep.shaded.org.apache.hc.client5.http.impl.classic.InternalHttpClient - ep-0000006F: start execution ex-00000070
18:30:23.268 [Test worker] DEBUG com.github.dockerjava.zerodep.shaded.org.apache.hc.client5.http.impl.io.PoolingHttpClientConnectionManager - ep-0000006F: executing exchange ex-00000070 over http-outgoing-1
18:30:23.268 [Test worker] DEBUG com.github.dockerjava.zerodep.shaded.org.apache.hc.client5.http.headers - http-outgoing-1 >> GET /v1.32/containers/b4fc7afd97457a2a6ec84592488a57f900fa52ed03fcd2dbaf8a116bc1f50ab3/json HTTP/1.1
18:30:23.268 [Test worker] DEBUG com.github.dockerjava.zerodep.shaded.org.apache.hc.client5.http.headers - http-outgoing-1 >> accept: application/json
18:30:23.268 [Test worker] DEBUG com.github.dockerjava.zerodep.shaded.org.apache.hc.client5.http.headers - http-outgoing-1 >> x-tc-sid: cdd139c9-cde1-4429-bea7-edb0e651ba16
18:30:23.268 [Test worker] DEBUG com.github.dockerjava.zerodep.shaded.org.apache.hc.client5.http.headers - http-outgoing-1 >> Accept-Encoding: gzip, x-gzip, deflate
18:30:23.268 [Test worker] DEBUG com.github.dockerjava.zerodep.shaded.org.apache.hc.client5.http.headers - http-outgoing-1 >> Host: localhost:2375
18:30:23.268 [Test worker] DEBUG com.github.dockerjava.zerodep.shaded.org.apache.hc.client5.http.headers - http-outgoing-1 >> Connection: keep-alive
18:30:23.268 [Test worker] DEBUG com.github.dockerjava.zerodep.shaded.org.apache.hc.client5.http.headers - http-outgoing-1 >> User-Agent: Apache-HttpClient/5.0.3 (Java/17.0.2)
18:30:23.268 [Test worker] DEBUG com.github.dockerjava.zerodep.shaded.org.apache.hc.client5.http.wire - http-outgoing-1 >> "GET /v1.32/containers/b4fc7afd97457a2a6ec84592488a57f900fa52ed03fcd2dbaf8a116bc1f50ab3/json HTTP/1.1[\r][\n]"
18:30:23.268 [Test worker] DEBUG com.github.dockerjava.zerodep.shaded.org.apache.hc.client5.http.wire - http-outgoing-1 >> "accept: application/json[\r][\n]"
18:30:23.268 [Test worker] DEBUG com.github.dockerjava.zerodep.shaded.org.apache.hc.client5.http.wire - http-outgoing-1 >> "x-tc-sid: cdd139c9-cde1-4429-bea7-edb0e651ba16[\r][\n]"
18:30:23.268 [Test worker] DEBUG com.github.dockerjava.zerodep.shaded.org.apache.hc.client5.http.wire - http-outgoing-1 >> "Accept-Encoding: gzip, x-gzip, deflate[\r][\n]"
18:30:23.268 [Test worker] DEBUG com.github.dockerjava.zerodep.shaded.org.apache.hc.client5.http.wire - http-outgoing-1 >> "Host: localhost:2375[\r][\n]"
18:30:23.268 [Test worker] DEBUG com.github.dockerjava.zerodep.shaded.org.apache.hc.client5.http.wire - http-outgoing-1 >> "Connection: keep-alive[\r][\n]"
18:30:23.268 [Test worker] DEBUG com.github.dockerjava.zerodep.shaded.org.apache.hc.client5.http.wire - http-outgoing-1 >> "User-Agent: Apache-HttpClient/5.0.3 (Java/17.0.2)[\r][\n]"
18:30:23.268 [Test worker] DEBUG com.github.dockerjava.zerodep.shaded.org.apache.hc.client5.http.wire - http-outgoing-1 >> "[\r][\n]"
18:30:23.269 [Test worker] DEBUG com.github.dockerjava.zerodep.shaded.org.apache.hc.client5.http.wire - http-outgoing-1 << "HTTP/1.1 200 OK[\r][\n]"
18:30:23.269 [Test worker] DEBUG com.github.dockerjava.zerodep.shaded.org.apache.hc.client5.http.wire - http-outgoing-1 << "Api-Version: 1.41[\r][\n]"
18:30:23.269 [Test worker] DEBUG com.github.dockerjava.zerodep.shaded.org.apache.hc.client5.http.wire - http-outgoing-1 << "Content-Type: application/json[\r][\n]"
18:30:23.269 [Test worker] DEBUG com.github.dockerjava.zerodep.shaded.org.apache.hc.client5.http.wire - http-outgoing-1 << "Docker-Experimental: false[\r][\n]"
18:30:23.269 [Test worker] DEBUG com.github.dockerjava.zerodep.shaded.org.apache.hc.client5.http.wire - http-outgoing-1 << "Ostype: linux[\r][\n]"
18:30:23.269 [Test worker] DEBUG com.github.dockerjava.zerodep.shaded.org.apache.hc.client5.http.wire - http-outgoing-1 << "Server: Docker/20.10.17 (linux)[\r][\n]"
18:30:23.269 [Test worker] DEBUG com.github.dockerjava.zerodep.shaded.org.apache.hc.client5.http.wire - http-outgoing-1 << "Date: Thu, 08 Dec 2022 21:30:23 GMT[\r][\n]"
18:30:23.269 [Test worker] DEBUG com.github.dockerjava.zerodep.shaded.org.apache.hc.client5.http.wire - http-outgoing-1 << "Transfer-Encoding: chunked[\r][\n]"
18:30:23.269 [Test worker] DEBUG com.github.dockerjava.zerodep.shaded.org.apache.hc.client5.http.wire - http-outgoing-1 << "[\r][\n]"
18:30:23.269 [Test worker] DEBUG com.github.dockerjava.zerodep.shaded.org.apache.hc.client5.http.wire - http-outgoing-1 << "18a6[\r][\n]"
18:30:23.269 [Test worker] DEBUG com.github.dockerjava.zerodep.shaded.org.apache.hc.client5.http.wire - http-outgoing-1 << "{"Id":"b4fc7afd97457a2a6ec84592488a57f900fa52ed03fcd2dbaf8a116bc1f50ab3","Created":"2022-12-08T21:30:11.801619537Z","Path":"docker-entrypoint.sh","Args":["mysqld"],"State":{"Status":"running","Running":true,"Paused":false,"Restarting":false,"OOMKilled":false,"Dead":false,"Pid":148084,"ExitCode":0,"Error":"","StartedAt":"2022-12-08T21:30:12.370762583Z","FinishedAt":"0001-01-01T00:00:00Z"},"Image":"sha256:7484689f290f1defe06b65befc54cb6ad91a667cf0af59a265ffe76c46bd0478","ResolvConfPath":"/var/lib/docker/containers/b4fc7afd97457a2a6ec84592488a57f900fa52ed03fcd2dbaf8a116bc1f50ab3/resolv.conf","HostnamePath":"/var/lib/docker/containers/b4fc7afd97457a2a6ec84592488a57f900fa52ed03fcd2dbaf8a116bc1f50ab3/hostname","HostsPath":"/var/lib/docker/containers/b4fc7afd97457a2a6ec84592488a57f900fa52ed03fcd2dbaf8a116bc1f50ab3/hosts","LogPath":"/var/lib/docker/containers/b4fc7afd97457a2a6ec84592488a57f900fa52ed03fcd2dbaf8a116bc1f50ab3/b4fc7afd97457a2a6ec84592488a57f900fa52ed03fcd2dbaf8a116bc1f50ab3-json.log","Name":"/agitated_ptolemy","RestartCount":0,"Driver":"overlay2","Platform":"linux","MountLabel":"","ProcessLabel":"","AppArmorProfile":"docker-default","ExecIDs":null,"HostConfig":{"Binds":[],"ContainerIDFile":"","LogConfig":{"Type":"json-file","Config":{}},"NetworkMode":"default","PortBindings":{"3306/tcp":[{"HostIp":"","HostPort":""}]},"RestartPolicy":{"Name":"","MaximumRetryCount":0},"AutoRemove":false,"VolumeDriver":"","VolumesFrom":[],"CapAdd":null,"CapDrop":null,"CgroupnsMode":"private","Dns":null,"DnsOptions":null,"DnsSearch":null,"ExtraHosts":[],"GroupAdd":null,"IpcMode":"shareable","Cgroup":"","Links":null,"OomScoreAdj":0,"PidMode":"","Privileged":false,"PublishAllPorts":false,"ReadonlyRootfs":false,"SecurityOpt":null,"UTSMode":"","UsernsMode":"","ShmSize":67108864,"Runtime":"runc","ConsoleSize":[0,0],"Isolation":"","CpuShares":0,"Memory":0,"NanoCpus":0,"CgroupParent":"","BlkioWeight":0,"BlkioWeightDevice":null,"BlkioDeviceReadBps":null,"BlkioDeviceWriteBps":null,"BlkioDeviceReadIOps":null,"BlkioDeviceWriteIOps":null,"CpuPeriod":0,"CpuQuota":0,"CpuRealtimePeriod":0,"CpuRealtimeRuntime":0,"CpusetCpus":"","CpusetMems":"","Devices":null,"DeviceCgroupRules":null,"DeviceRequests":null,"KernelMemory":0,"KernelMemoryTCP":0,"MemoryReservation":0,"MemorySwap":0,"MemorySwappiness":null,"OomKillDisable":null,"PidsLimit":null,"Ulimits":null,"CpuCount":0,"CpuPercent":0,"IOMaximumIOps":0,"IOMaximumBandwidth":0,"MaskedPaths":["/proc/asound","/proc/acpi","/proc/kcore","/proc/keys","/proc/latency_stats","/proc/timer_list","/proc/timer_stats","/proc/sched_debug","/proc/scsi","/sys/firmware"],"ReadonlyPaths":["/proc/bus","/proc/fs","/proc/irq","/proc/sys","/proc/sysrq-trigger"]},"GraphDriver":{"Data":{"LowerDir":"/var/lib/docker/overlay2/05794d51525f65619c615558ef5f93d7c33eef44e12313fdcb3942911d0b5f7d-init/diff:/var/lib/docker/overlay2/f079a69cfd5e80e906b12f05a0c7bfaabc56ce63e947db68b722ae30905f1239/diff:/var/lib/docker/overlay2/9dfb63d6bb556846a13012421dde7951ef83a14d8ce1882287cce66f0f9bd055/diff:/var/lib/docker/overlay2/c4f8874ae33ddd14488f5051cd953acc020fa00ea72d28bd530450c0bc8f9903/diff:/var/lib/docker/overlay2/992683766b46aa5653160e6a34283b579a75000e230890d0ec0a6204af735697/diff:/var/lib/docker/overlay2/6e3fba0e1d6501c91c9bec723bb1364f75599c6c2026a6dc71773c88a49f890a/diff:/var/lib/docker/overlay2/c6c2a366f45a69704761d45d296d71bf2bf315efb15cb06ad88925ed235fad81/diff:/var/lib/docker/overlay2/7555f9b18615244719d04b23296ba418195e5e569d47baf9f1da7c3f053fe194/diff:/var/lib/docker/overlay2/7752eb17f8f8ba44a5ed178f499901fa7eb6f2e031c29ab160ee4eff4db8edaa/diff:/var/lib/docker/overlay2/9683de8b3733106f256bd0eabc7cae13623b14493b9212e863449d42b8a87390/diff:/var/lib/docker/overlay2/f5e28e407d8811526fb7dd82e4fed08d5d3124c0f22f1a9496ed27b2b457d3dd/diff:/var/lib/docker/overlay2/e2980c91c6b3331cff3994ca6f327955bb5feaef0f96bc64edce80631fdbf829/diff","MergedDir":"/var/lib/docker/overlay2/05794d51525f65619c615558ef5f93d7c33eef44e12313fdcb3942911d0b5f7d/merged","UpperDir":"/var/lib/docker/overlay2/05794d51525f65619c615558ef5f93d7c33eef44e12313fdcb3942911d0b5f7d/diff","WorkDir":"/var/lib/docker/overlay2/05794d51525f65619c615558ef5f93d7c33eef44e12313fdcb3942911d0b5f7d/work"},"Name":"overlay2"},"Mounts":[{"Type":"volume","Name":"fe29345a30f82a1c969c40b069133e9d87168ce95967d67ac182ee42c059affb","Source":"/var/lib/docker/volumes/fe29345a30f82a1c969c40b069133e9d87168ce95967d67ac182ee42c059affb/_data","Destination":"/var/lib/mysql","Driver":"local","Mode":"","RW":true,"Propagation":""}],"Config":{"Hostname":"b4fc7afd9745","Domainname":"","User":"","AttachStdin":false,"AttachStdout":false,"AttachStderr":false,"ExposedPorts":{"3306/tcp":{},"33060/tcp":{}},"Tty":false,"OpenStdin":false,"StdinOnce":false,"Env":["MYSQL_DATABASE=adm_videos","MYSQL_PASSWORD=123456","MYSQL_ROOT_PASSWORD=123456","PATH=/usr/local/sbin:/usr/local/bin:/usr/sbin:/usr/bin:/sbin:/bin","GOSU_VERSION=1.14","MYSQL_MAJOR=8.0","MYSQL_VERSION=8.0.31-1.el8","MYSQL_SHELL_VERSION=8.0.31-1.el8"],"Cmd":["mysqld"],"Image":"mysql:latest","Volumes":{"/var/lib/mysql":{}},"WorkingDir":"","Entrypoint":["docker-entrypoint.sh"],"OnBuild":null,"Labels":{"org.testcontainers":"true","org.testcontainers.sessionId":"cdd139c9-cde1-4429-bea7-edb0e651ba16"}},"NetworkSettings":{"Bridge":"","SandboxID":"8404ec7d59006489fa5b6638879180586e9aa24c1c3ae79d40e26a8f453c93b1","HairpinMode":false,"LinkLocalIPv6Address":"","LinkLocalIPv6PrefixLen":0,"Ports":{"3306/tcp":[{"HostIp":"0.0.0.0","HostPort":"49156"},{"HostIp":"::","HostPort":"49156"}],"33060/tcp":null},"SandboxKey":"/var/run/docker/netns/8404ec7d5900","SecondaryIPAddresses":null,"SecondaryIPv6Addresses":null,"EndpointID":"28c851b70d88131a783e3d87b7c50320df5f3250ebca621b1b39353a2424212a","Gateway":"172.17.0.1","GlobalIPv6Address":"","GlobalIPv6PrefixLen":0,"IPAddress":"172.17.0.3","IPPrefixLen":16,"IPv6Gateway":"","MacAddress":"02:42:ac:11:00:03","Networks":{"bridge":{"IPAMConfig":null,"Links":null,"Aliases":null,"NetworkID":"bf06afe94eca8b5ab91eae0dbaa8561a6dd16832d429dcdbaa7ed1e003cfbe56","EndpointID":"28c851b70d88131a783e3d87b7c50320df5f3250ebca621b1b39353a2424212a","Gateway":"172.17.0.1","IPAddress":"172.17.0.3","IPPrefixLen":16,"IPv6Gateway":"","GlobalIPv6Address":"","GlobalIPv6PrefixLen":0,"MacAddress":"02:42:ac:11:00:03","DriverOpts":null}}}}[\n]"
18:30:23.269 [Test worker] DEBUG com.github.dockerjava.zerodep.shaded.org.apache.hc.client5.http.wire - http-outgoing-1 << "[\r][\n]"
18:30:23.269 [Test worker] DEBUG com.github.dockerjava.zerodep.shaded.org.apache.hc.client5.http.wire - http-outgoing-1 << "0[\r][\n]"
18:30:23.269 [Test worker] DEBUG com.github.dockerjava.zerodep.shaded.org.apache.hc.client5.http.wire - http-outgoing-1 << "[\r][\n]"
18:30:23.269 [Test worker] DEBUG com.github.dockerjava.zerodep.shaded.org.apache.hc.client5.http.headers - http-outgoing-1 << HTTP/1.1 200 OK
18:30:23.269 [Test worker] DEBUG com.github.dockerjava.zerodep.shaded.org.apache.hc.client5.http.headers - http-outgoing-1 << Api-Version: 1.41
18:30:23.269 [Test worker] DEBUG com.github.dockerjava.zerodep.shaded.org.apache.hc.client5.http.headers - http-outgoing-1 << Content-Type: application/json
18:30:23.269 [Test worker] DEBUG com.github.dockerjava.zerodep.shaded.org.apache.hc.client5.http.headers - http-outgoing-1 << Docker-Experimental: false
18:30:23.269 [Test worker] DEBUG com.github.dockerjava.zerodep.shaded.org.apache.hc.client5.http.headers - http-outgoing-1 << Ostype: linux
18:30:23.269 [Test worker] DEBUG com.github.dockerjava.zerodep.shaded.org.apache.hc.client5.http.headers - http-outgoing-1 << Server: Docker/20.10.17 (linux)
18:30:23.269 [Test worker] DEBUG com.github.dockerjava.zerodep.shaded.org.apache.hc.client5.http.headers - http-outgoing-1 << Date: Thu, 08 Dec 2022 21:30:23 GMT
18:30:23.269 [Test worker] DEBUG com.github.dockerjava.zerodep.shaded.org.apache.hc.client5.http.headers - http-outgoing-1 << Transfer-Encoding: chunked
18:30:23.269 [Test worker] DEBUG com.github.dockerjava.zerodep.shaded.org.apache.hc.client5.http.impl.classic.MainClientExec - ex-00000070: connection can be kept alive for 3 MINUTES
18:30:23.270 [Test worker] DEBUG com.github.dockerjava.zerodep.shaded.org.apache.hc.client5.http.impl.classic.InternalHttpClient - ep-0000006F: releasing valid endpoint
18:30:23.270 [Test worker] DEBUG com.github.dockerjava.zerodep.shaded.org.apache.hc.client5.http.impl.io.PoolingHttpClientConnectionManager - ep-0000006F: releasing endpoint
18:30:23.270 [Test worker] DEBUG com.github.dockerjava.zerodep.shaded.org.apache.hc.client5.http.impl.io.PoolingHttpClientConnectionManager - ep-0000006F: connection http-outgoing-1 can be kept alive for 3 MINUTES
18:30:23.270 [Test worker] DEBUG com.github.dockerjava.zerodep.shaded.org.apache.hc.client5.http.impl.io.PoolingHttpClientConnectionManager - ep-0000006F: connection released [route: {}->unix://localhost:2375][total available: 1; route allocated: 1 of 2147483647; total allocated: 1 of 2147483647]
18:30:23.270 [Test worker] DEBUG ]]>&#x1f433;<![CDATA[ [mysql:latest] - Trying to create JDBC connection using com.mysql.cj.jdbc.Driver to jdbc:mysql://localhost:49156/adm_videos?useSSL=false&allowPublicKeyRetrieval=true with properties: {password=123456, user=root}
18:30:23.372 [Test worker] DEBUG org.testcontainers.shaded.com.github.dockerjava.core.command.AbstrDockerCmd - Cmd: b4fc7afd97457a2a6ec84592488a57f900fa52ed03fcd2dbaf8a116bc1f50ab3,false
18:30:23.372 [Test worker] DEBUG org.testcontainers.shaded.com.github.dockerjava.core.exec.InspectContainerCmdExec - GET: DefaultWebTarget{path=[/containers/b4fc7afd97457a2a6ec84592488a57f900fa52ed03fcd2dbaf8a116bc1f50ab3/json], queryParams={}}
18:30:23.372 [Test worker] DEBUG com.github.dockerjava.zerodep.shaded.org.apache.hc.client5.http.impl.classic.InternalHttpClient - ex-00000071: preparing request execution
18:30:23.372 [Test worker] DEBUG com.github.dockerjava.zerodep.shaded.org.apache.hc.client5.http.protocol.RequestAddCookies - Cookie spec selected: strict
18:30:23.372 [Test worker] DEBUG com.github.dockerjava.zerodep.shaded.org.apache.hc.client5.http.protocol.RequestAuthCache - Auth cache not set in the context
18:30:23.372 [Test worker] DEBUG com.github.dockerjava.zerodep.shaded.org.apache.hc.client5.http.impl.classic.ProtocolExec - ex-00000071: target auth state: UNCHALLENGED
18:30:23.372 [Test worker] DEBUG com.github.dockerjava.zerodep.shaded.org.apache.hc.client5.http.impl.classic.ProtocolExec - ex-00000071: proxy auth state: UNCHALLENGED
18:30:23.372 [Test worker] DEBUG com.github.dockerjava.zerodep.shaded.org.apache.hc.client5.http.impl.classic.ConnectExec - ex-00000071: acquiring connection with route {}->unix://localhost:2375
18:30:23.372 [Test worker] DEBUG com.github.dockerjava.zerodep.shaded.org.apache.hc.client5.http.impl.classic.InternalHttpClient - ex-00000071: acquiring endpoint (3 MINUTES)
18:30:23.373 [Test worker] DEBUG com.github.dockerjava.zerodep.shaded.org.apache.hc.client5.http.impl.io.PoolingHttpClientConnectionManager - ex-00000071: endpoint lease request (3 MINUTES) [route: {}->unix://localhost:2375][total available: 1; route allocated: 1 of 2147483647; total allocated: 1 of 2147483647]
18:30:23.373 [Test worker] DEBUG com.github.dockerjava.zerodep.shaded.org.apache.hc.client5.http.impl.io.PoolingHttpClientConnectionManager - ex-00000071: endpoint leased [route: {}->unix://localhost:2375][total available: 0; route allocated: 1 of 2147483647; total allocated: 1 of 2147483647]
18:30:23.373 [Test worker] DEBUG com.github.dockerjava.zerodep.shaded.org.apache.hc.client5.http.impl.io.PoolingHttpClientConnectionManager - ex-00000071: acquired ep-00000070
18:30:23.373 [Test worker] DEBUG com.github.dockerjava.zerodep.shaded.org.apache.hc.client5.http.impl.classic.InternalHttpClient - ex-00000071: acquired endpoint ep-00000070
18:30:23.373 [Test worker] DEBUG com.github.dockerjava.zerodep.shaded.org.apache.hc.client5.http.impl.classic.MainClientExec - ex-00000071: executing GET /v1.32/containers/b4fc7afd97457a2a6ec84592488a57f900fa52ed03fcd2dbaf8a116bc1f50ab3/json HTTP/1.1
18:30:23.373 [Test worker] DEBUG com.github.dockerjava.zerodep.shaded.org.apache.hc.client5.http.impl.classic.InternalHttpClient - ep-00000070: start execution ex-00000071
18:30:23.373 [Test worker] DEBUG com.github.dockerjava.zerodep.shaded.org.apache.hc.client5.http.impl.io.PoolingHttpClientConnectionManager - ep-00000070: executing exchange ex-00000071 over http-outgoing-1
18:30:23.373 [Test worker] DEBUG com.github.dockerjava.zerodep.shaded.org.apache.hc.client5.http.headers - http-outgoing-1 >> GET /v1.32/containers/b4fc7afd97457a2a6ec84592488a57f900fa52ed03fcd2dbaf8a116bc1f50ab3/json HTTP/1.1
18:30:23.373 [Test worker] DEBUG com.github.dockerjava.zerodep.shaded.org.apache.hc.client5.http.headers - http-outgoing-1 >> accept: application/json
18:30:23.373 [Test worker] DEBUG com.github.dockerjava.zerodep.shaded.org.apache.hc.client5.http.headers - http-outgoing-1 >> x-tc-sid: cdd139c9-cde1-4429-bea7-edb0e651ba16
18:30:23.373 [Test worker] DEBUG com.github.dockerjava.zerodep.shaded.org.apache.hc.client5.http.headers - http-outgoing-1 >> Accept-Encoding: gzip, x-gzip, deflate
18:30:23.373 [Test worker] DEBUG com.github.dockerjava.zerodep.shaded.org.apache.hc.client5.http.headers - http-outgoing-1 >> Host: localhost:2375
18:30:23.373 [Test worker] DEBUG com.github.dockerjava.zerodep.shaded.org.apache.hc.client5.http.headers - http-outgoing-1 >> Connection: keep-alive
18:30:23.373 [Test worker] DEBUG com.github.dockerjava.zerodep.shaded.org.apache.hc.client5.http.headers - http-outgoing-1 >> User-Agent: Apache-HttpClient/5.0.3 (Java/17.0.2)
18:30:23.373 [Test worker] DEBUG com.github.dockerjava.zerodep.shaded.org.apache.hc.client5.http.wire - http-outgoing-1 >> "GET /v1.32/containers/b4fc7afd97457a2a6ec84592488a57f900fa52ed03fcd2dbaf8a116bc1f50ab3/json HTTP/1.1[\r][\n]"
18:30:23.373 [Test worker] DEBUG com.github.dockerjava.zerodep.shaded.org.apache.hc.client5.http.wire - http-outgoing-1 >> "accept: application/json[\r][\n]"
18:30:23.373 [Test worker] DEBUG com.github.dockerjava.zerodep.shaded.org.apache.hc.client5.http.wire - http-outgoing-1 >> "x-tc-sid: cdd139c9-cde1-4429-bea7-edb0e651ba16[\r][\n]"
18:30:23.373 [Test worker] DEBUG com.github.dockerjava.zerodep.shaded.org.apache.hc.client5.http.wire - http-outgoing-1 >> "Accept-Encoding: gzip, x-gzip, deflate[\r][\n]"
18:30:23.373 [Test worker] DEBUG com.github.dockerjava.zerodep.shaded.org.apache.hc.client5.http.wire - http-outgoing-1 >> "Host: localhost:2375[\r][\n]"
18:30:23.373 [Test worker] DEBUG com.github.dockerjava.zerodep.shaded.org.apache.hc.client5.http.wire - http-outgoing-1 >> "Connection: keep-alive[\r][\n]"
18:30:23.373 [Test worker] DEBUG com.github.dockerjava.zerodep.shaded.org.apache.hc.client5.http.wire - http-outgoing-1 >> "User-Agent: Apache-HttpClient/5.0.3 (Java/17.0.2)[\r][\n]"
18:30:23.373 [Test worker] DEBUG com.github.dockerjava.zerodep.shaded.org.apache.hc.client5.http.wire - http-outgoing-1 >> "[\r][\n]"
18:30:23.374 [Test worker] DEBUG com.github.dockerjava.zerodep.shaded.org.apache.hc.client5.http.wire - http-outgoing-1 << "HTTP/1.1 200 OK[\r][\n]"
18:30:23.374 [Test worker] DEBUG com.github.dockerjava.zerodep.shaded.org.apache.hc.client5.http.wire - http-outgoing-1 << "Api-Version: 1.41[\r][\n]"
18:30:23.374 [Test worker] DEBUG com.github.dockerjava.zerodep.shaded.org.apache.hc.client5.http.wire - http-outgoing-1 << "Content-Type: application/json[\r][\n]"
18:30:23.374 [Test worker] DEBUG com.github.dockerjava.zerodep.shaded.org.apache.hc.client5.http.wire - http-outgoing-1 << "Docker-Experimental: false[\r][\n]"
18:30:23.374 [Test worker] DEBUG com.github.dockerjava.zerodep.shaded.org.apache.hc.client5.http.wire - http-outgoing-1 << "Ostype: linux[\r][\n]"
18:30:23.374 [Test worker] DEBUG com.github.dockerjava.zerodep.shaded.org.apache.hc.client5.http.wire - http-outgoing-1 << "Server: Docker/20.10.17 (linux)[\r][\n]"
18:30:23.374 [Test worker] DEBUG com.github.dockerjava.zerodep.shaded.org.apache.hc.client5.http.wire - http-outgoing-1 << "Date: Thu, 08 Dec 2022 21:30:23 GMT[\r][\n]"
18:30:23.374 [Test worker] DEBUG com.github.dockerjava.zerodep.shaded.org.apache.hc.client5.http.wire - http-outgoing-1 << "Transfer-Encoding: chunked[\r][\n]"
18:30:23.374 [Test worker] DEBUG com.github.dockerjava.zerodep.shaded.org.apache.hc.client5.http.wire - http-outgoing-1 << "[\r][\n]"
18:30:23.374 [Test worker] DEBUG com.github.dockerjava.zerodep.shaded.org.apache.hc.client5.http.wire - http-outgoing-1 << "18a6[\r][\n]"
18:30:23.374 [Test worker] DEBUG com.github.dockerjava.zerodep.shaded.org.apache.hc.client5.http.wire - http-outgoing-1 << "{"Id":"b4fc7afd97457a2a6ec84592488a57f900fa52ed03fcd2dbaf8a116bc1f50ab3","Created":"2022-12-08T21:30:11.801619537Z","Path":"docker-entrypoint.sh","Args":["mysqld"],"State":{"Status":"running","Running":true,"Paused":false,"Restarting":false,"OOMKilled":false,"Dead":false,"Pid":148084,"ExitCode":0,"Error":"","StartedAt":"2022-12-08T21:30:12.370762583Z","FinishedAt":"0001-01-01T00:00:00Z"},"Image":"sha256:7484689f290f1defe06b65befc54cb6ad91a667cf0af59a265ffe76c46bd0478","ResolvConfPath":"/var/lib/docker/containers/b4fc7afd97457a2a6ec84592488a57f900fa52ed03fcd2dbaf8a116bc1f50ab3/resolv.conf","HostnamePath":"/var/lib/docker/containers/b4fc7afd97457a2a6ec84592488a57f900fa52ed03fcd2dbaf8a116bc1f50ab3/hostname","HostsPath":"/var/lib/docker/containers/b4fc7afd97457a2a6ec84592488a57f900fa52ed03fcd2dbaf8a116bc1f50ab3/hosts","LogPath":"/var/lib/docker/containers/b4fc7afd97457a2a6ec84592488a57f900fa52ed03fcd2dbaf8a116bc1f50ab3/b4fc7afd97457a2a6ec84592488a57f900fa52ed03fcd2dbaf8a116bc1f50ab3-json.log","Name":"/agitated_ptolemy","RestartCount":0,"Driver":"overlay2","Platform":"linux","MountLabel":"","ProcessLabel":"","AppArmorProfile":"docker-default","ExecIDs":null,"HostConfig":{"Binds":[],"ContainerIDFile":"","LogConfig":{"Type":"json-file","Config":{}},"NetworkMode":"default","PortBindings":{"3306/tcp":[{"HostIp":"","HostPort":""}]},"RestartPolicy":{"Name":"","MaximumRetryCount":0},"AutoRemove":false,"VolumeDriver":"","VolumesFrom":[],"CapAdd":null,"CapDrop":null,"CgroupnsMode":"private","Dns":null,"DnsOptions":null,"DnsSearch":null,"ExtraHosts":[],"GroupAdd":null,"IpcMode":"shareable","Cgroup":"","Links":null,"OomScoreAdj":0,"PidMode":"","Privileged":false,"PublishAllPorts":false,"ReadonlyRootfs":false,"SecurityOpt":null,"UTSMode":"","UsernsMode":"","ShmSize":67108864,"Runtime":"runc","ConsoleSize":[0,0],"Isolation":"","CpuShares":0,"Memory":0,"NanoCpus":0,"CgroupParent":"","BlkioWeight":0,"BlkioWeightDevice":null,"BlkioDeviceReadBps":null,"BlkioDeviceWriteBps":null,"BlkioDeviceReadIOps":null,"BlkioDeviceWriteIOps":null,"CpuPeriod":0,"CpuQuota":0,"CpuRealtimePeriod":0,"CpuRealtimeRuntime":0,"CpusetCpus":"","CpusetMems":"","Devices":null,"DeviceCgroupRules":null,"DeviceRequests":null,"KernelMemory":0,"KernelMemoryTCP":0,"MemoryReservation":0,"MemorySwap":0,"MemorySwappiness":null,"OomKillDisable":null,"PidsLimit":null,"Ulimits":null,"CpuCount":0,"CpuPercent":0,"IOMaximumIOps":0,"IOMaximumBandwidth":0,"MaskedPaths":["/proc/asound","/proc/acpi","/proc/kcore","/proc/keys","/proc/latency_stats","/proc/timer_list","/proc/timer_stats","/proc/sched_debug","/proc/scsi","/sys/firmware"],"ReadonlyPaths":["/proc/bus","/proc/fs","/proc/irq","/proc/sys","/proc/sysrq-trigger"]},"GraphDriver":{"Data":{"LowerDir":"/var/lib/docker/overlay2/05794d51525f65619c615558ef5f93d7c33eef44e12313fdcb3942911d0b5f7d-init/diff:/var/lib/docker/overlay2/f079a69cfd5e80e906b12f05a0c7bfaabc56ce63e947db68b722ae30905f1239/diff:/var/lib/docker/overlay2/9dfb63d6bb556846a13012421dde7951ef83a14d8ce1882287cce66f0f9bd055/diff:/var/lib/docker/overlay2/c4f8874ae33ddd14488f5051cd953acc020fa00ea72d28bd530450c0bc8f9903/diff:/var/lib/docker/overlay2/992683766b46aa5653160e6a34283b579a75000e230890d0ec0a6204af735697/diff:/var/lib/docker/overlay2/6e3fba0e1d6501c91c9bec723bb1364f75599c6c2026a6dc71773c88a49f890a/diff:/var/lib/docker/overlay2/c6c2a366f45a69704761d45d296d71bf2bf315efb15cb06ad88925ed235fad81/diff:/var/lib/docker/overlay2/7555f9b18615244719d04b23296ba418195e5e569d47baf9f1da7c3f053fe194/diff:/var/lib/docker/overlay2/7752eb17f8f8ba44a5ed178f499901fa7eb6f2e031c29ab160ee4eff4db8edaa/diff:/var/lib/docker/overlay2/9683de8b3733106f256bd0eabc7cae13623b14493b9212e863449d42b8a87390/diff:/var/lib/docker/overlay2/f5e28e407d8811526fb7dd82e4fed08d5d3124c0f22f1a9496ed27b2b457d3dd/diff:/var/lib/docker/overlay2/e2980c91c6b3331cff3994ca6f327955bb5feaef0f96bc64edce80631fdbf829/diff","MergedDir":"/var/lib/docker/overlay2/05794d51525f65619c615558ef5f93d7c33eef44e12313fdcb3942911d0b5f7d/merged","UpperDir":"/var/lib/docker/overlay2/05794d51525f65619c615558ef5f93d7c33eef44e12313fdcb3942911d0b5f7d/diff","WorkDir":"/var/lib/docker/overlay2/05794d51525f65619c615558ef5f93d7c33eef44e12313fdcb3942911d0b5f7d/work"},"Name":"overlay2"},"Mounts":[{"Type":"volume","Name":"fe29345a30f82a1c969c40b069133e9d87168ce95967d67ac182ee42c059affb","Source":"/var/lib/docker/volumes/fe29345a30f82a1c969c40b069133e9d87168ce95967d67ac182ee42c059affb/_data","Destination":"/var/lib/mysql","Driver":"local","Mode":"","RW":true,"Propagation":""}],"Config":{"Hostname":"b4fc7afd9745","Domainname":"","User":"","AttachStdin":false,"AttachStdout":false,"AttachStderr":false,"ExposedPorts":{"3306/tcp":{},"33060/tcp":{}},"Tty":false,"OpenStdin":false,"StdinOnce":false,"Env":["MYSQL_DATABASE=adm_videos","MYSQL_PASSWORD=123456","MYSQL_ROOT_PASSWORD=123456","PATH=/usr/local/sbin:/usr/local/bin:/usr/sbin:/usr/bin:/sbin:/bin","GOSU_VERSION=1.14","MYSQL_MAJOR=8.0","MYSQL_VERSION=8.0.31-1.el8","MYSQL_SHELL_VERSION=8.0.31-1.el8"],"Cmd":["mysqld"],"Image":"mysql:latest","Volumes":{"/var/lib/mysql":{}},"WorkingDir":"","Entrypoint":["docker-entrypoint.sh"],"OnBuild":null,"Labels":{"org.testcontainers":"true","org.testcontainers.sessionId":"cdd139c9-cde1-4429-bea7-edb0e651ba16"}},"NetworkSettings":{"Bridge":"","SandboxID":"8404ec7d59006489fa5b6638879180586e9aa24c1c3ae79d40e26a8f453c93b1","HairpinMode":false,"LinkLocalIPv6Address":"","LinkLocalIPv6PrefixLen":0,"Ports":{"3306/tcp":[{"HostIp":"0.0.0.0","HostPort":"49156"},{"HostIp":"::","HostPort":"49156"}],"33060/tcp":null},"SandboxKey":"/var/run/docker/netns/8404ec7d5900","SecondaryIPAddresses":null,"SecondaryIPv6Addresses":null,"EndpointID":"28c851b70d88131a783e3d87b7c50320df5f3250ebca621b1b39353a2424212a","Gateway":"172.17.0.1","GlobalIPv6Address":"","GlobalIPv6PrefixLen":0,"IPAddress":"172.17.0.3","IPPrefixLen":16,"IPv6Gateway":"","MacAddress":"02:42:ac:11:00:03","Networks":{"bridge":{"IPAMConfig":null,"Links":null,"Aliases":null,"NetworkID":"bf06afe94eca8b5ab91eae0dbaa8561a6dd16832d429dcdbaa7ed1e003cfbe56","EndpointID":"28c851b70d88131a783e3d87b7c50320df5f3250ebca621b1b39353a2424212a","Gateway":"172.17.0.1","IPAddress":"172.17.0.3","IPPrefixLen":16,"IPv6Gateway":"","GlobalIPv6Address":"","GlobalIPv6PrefixLen":0,"MacAddress":"02:42:ac:11:00:03","DriverOpts":null}}}}[\n]"
18:30:23.374 [Test worker] DEBUG com.github.dockerjava.zerodep.shaded.org.apache.hc.client5.http.wire - http-outgoing-1 << "[\r][\n]"
18:30:23.374 [Test worker] DEBUG com.github.dockerjava.zerodep.shaded.org.apache.hc.client5.http.wire - http-outgoing-1 << "0[\r][\n]"
18:30:23.374 [Test worker] DEBUG com.github.dockerjava.zerodep.shaded.org.apache.hc.client5.http.wire - http-outgoing-1 << "[\r][\n]"
18:30:23.374 [Test worker] DEBUG com.github.dockerjava.zerodep.shaded.org.apache.hc.client5.http.headers - http-outgoing-1 << HTTP/1.1 200 OK
18:30:23.374 [Test worker] DEBUG com.github.dockerjava.zerodep.shaded.org.apache.hc.client5.http.headers - http-outgoing-1 << Api-Version: 1.41
18:30:23.374 [Test worker] DEBUG com.github.dockerjava.zerodep.shaded.org.apache.hc.client5.http.headers - http-outgoing-1 << Content-Type: application/json
18:30:23.374 [Test worker] DEBUG com.github.dockerjava.zerodep.shaded.org.apache.hc.client5.http.headers - http-outgoing-1 << Docker-Experimental: false
18:30:23.374 [Test worker] DEBUG com.github.dockerjava.zerodep.shaded.org.apache.hc.client5.http.headers - http-outgoing-1 << Ostype: linux
18:30:23.374 [Test worker] DEBUG com.github.dockerjava.zerodep.shaded.org.apache.hc.client5.http.headers - http-outgoing-1 << Server: Docker/20.10.17 (linux)
18:30:23.374 [Test worker] DEBUG com.github.dockerjava.zerodep.shaded.org.apache.hc.client5.http.headers - http-outgoing-1 << Date: Thu, 08 Dec 2022 21:30:23 GMT
18:30:23.374 [Test worker] DEBUG com.github.dockerjava.zerodep.shaded.org.apache.hc.client5.http.headers - http-outgoing-1 << Transfer-Encoding: chunked
18:30:23.374 [Test worker] DEBUG com.github.dockerjava.zerodep.shaded.org.apache.hc.client5.http.impl.classic.MainClientExec - ex-00000071: connection can be kept alive for 3 MINUTES
18:30:23.375 [Test worker] DEBUG com.github.dockerjava.zerodep.shaded.org.apache.hc.client5.http.impl.classic.InternalHttpClient - ep-00000070: releasing valid endpoint
18:30:23.375 [Test worker] DEBUG com.github.dockerjava.zerodep.shaded.org.apache.hc.client5.http.impl.io.PoolingHttpClientConnectionManager - ep-00000070: releasing endpoint
18:30:23.376 [Test worker] DEBUG com.github.dockerjava.zerodep.shaded.org.apache.hc.client5.http.impl.io.PoolingHttpClientConnectionManager - ep-00000070: connection http-outgoing-1 can be kept alive for 3 MINUTES
18:30:23.376 [Test worker] DEBUG com.github.dockerjava.zerodep.shaded.org.apache.hc.client5.http.impl.io.PoolingHttpClientConnectionManager - ep-00000070: connection released [route: {}->unix://localhost:2375][total available: 1; route allocated: 1 of 2147483647; total allocated: 1 of 2147483647]
18:30:23.376 [Test worker] DEBUG ]]>&#x1f433;<![CDATA[ [mysql:latest] - Trying to create JDBC connection using com.mysql.cj.jdbc.Driver to jdbc:mysql://localhost:49156/adm_videos?useSSL=false&allowPublicKeyRetrieval=true with properties: {password=123456, user=root}
18:30:23.453 [Test worker] INFO ]]>&#x1f433;<![CDATA[ [mysql:latest] - Container is started (JDBC URL: jdbc:mysql://localhost:49156/adm_videos)
18:30:23.454 [Test worker] INFO ]]>&#x1f433;<![CDATA[ [mysql:latest] - Container mysql:latest started in PT11.676203817S

  .   ____          _            __ _ _
 /\\ / ___'_ __ _ _(_)_ __  __ _ \ \ \ \
( ( )\___ | '_ | '_| | '_ \/ _` | \ \ \ \
 \\/  ___)| |_)| | | | | || (_| |  ) ) ) )
  '  |____| .__|_| |_|_| |_\__, | / / / /
 =========|_|==============|___/=/_/_/_/
 :: Spring Boot ::                (v2.6.7)

Container is running on port 49156
2022-12-08 18:30:23.754  INFO 147796 --- [    Test worker] c.a.a.c.e2e.category.CategoryE2ETest     : Starting CategoryE2ETest using Java 17.0.2 on PAT01021 with PID 147796 (started by allan in /home/allan/Documents/Dev/full-cycle/codeflix/fc3-be-admin-catalogue/infrastructure)
2022-12-08 18:30:23.755  INFO 147796 --- [    Test worker] c.a.a.c.e2e.category.CategoryE2ETest     : The following 1 profile is active: "test-e2e"
2022-12-08 18:30:24.583  INFO 147796 --- [    Test worker] .s.d.r.c.RepositoryConfigurationDelegate : Bootstrapping Spring Data JPA repositories in DEFAULT mode.
2022-12-08 18:30:24.658  INFO 147796 --- [    Test worker] .s.d.r.c.RepositoryConfigurationDelegate : Finished Spring Data repository scanning in 65 ms. Found 1 JPA repository interfaces.
2022-12-08 18:30:25.255  WARN 147796 --- [    Test worker] com.zaxxer.hikari.HikariConfig           : master - idleTimeout is close to or more than maxLifetime, disabling it.
2022-12-08 18:30:25.255  INFO 147796 --- [    Test worker] com.zaxxer.hikari.HikariDataSource       : master - Starting...
2022-12-08 18:30:25.418  INFO 147796 --- [    Test worker] com.zaxxer.hikari.HikariDataSource       : master - Start completed.
2022-12-08 18:30:25.439  INFO 147796 --- [    Test worker] o.f.c.internal.license.VersionPrinter    : Flyway Community Edition 8.0.5 by Redgate
2022-12-08 18:30:25.440  INFO 147796 --- [    Test worker] o.f.c.i.database.base.BaseDatabaseType   : Database: jdbc:mysql://localhost:49156/adm_videos (MySQL 8.0)
2022-12-08 18:30:25.497  INFO 147796 --- [    Test worker] o.f.core.internal.command.DbValidate     : Successfully validated 1 migration (execution time 00:00.020s)
2022-12-08 18:30:25.526  INFO 147796 --- [    Test worker] o.f.c.i.s.JdbcTableSchemaHistory         : Creating Schema History table `adm_videos`.`flyway_schema_history` ...
2022-12-08 18:30:25.628  INFO 147796 --- [    Test worker] o.f.core.internal.command.DbMigrate      : Current version of schema `adm_videos`: << Empty Schema >>
2022-12-08 18:30:25.641  INFO 147796 --- [    Test worker] o.f.core.internal.command.DbMigrate      : Migrating schema `adm_videos` to version "1 - Initial"
2022-12-08 18:30:25.752  INFO 147796 --- [    Test worker] o.f.core.internal.command.DbMigrate      : Successfully applied 1 migration to schema `adm_videos`, now at version v1 (execution time 00:00.131s)
2022-12-08 18:30:25.939  INFO 147796 --- [    Test worker] o.hibernate.jpa.internal.util.LogHelper  : HHH000204: Processing PersistenceUnitInfo [name: default]
2022-12-08 18:30:25.980  INFO 147796 --- [    Test worker] org.hibernate.Version                    : HHH000412: Hibernate ORM core version 5.6.8.Final
2022-12-08 18:30:26.087  INFO 147796 --- [    Test worker] o.hibernate.annotations.common.Version   : HCANN000001: Hibernate Commons Annotations {5.1.2.Final}
2022-12-08 18:30:26.152  INFO 147796 --- [    Test worker] org.hibernate.dialect.Dialect            : HHH000400: Using dialect: org.hibernate.dialect.MySQL5InnoDBDialect
2022-12-08 18:30:26.626  INFO 147796 --- [    Test worker] o.h.e.t.j.p.i.JtaPlatformInitiator       : HHH000490: Using JtaPlatform implementation: [org.hibernate.engine.transaction.jta.platform.internal.NoJtaPlatform]
2022-12-08 18:30:26.635  INFO 147796 --- [    Test worker] j.LocalContainerEntityManagerFactoryBean : Initialized JPA EntityManagerFactory for persistence unit 'default'
2022-12-08 18:30:28.351  INFO 147796 --- [    Test worker] o.s.b.t.m.w.SpringBootMockServletContext : Initializing Spring TestDispatcherServlet ''
2022-12-08 18:30:28.351  INFO 147796 --- [    Test worker] o.s.t.web.servlet.TestDispatcherServlet  : Initializing Servlet ''
2022-12-08 18:30:28.352  INFO 147796 --- [    Test worker] o.s.t.web.servlet.TestDispatcherServlet  : Completed initialization in 0 ms
2022-12-08 18:30:28.368  INFO 147796 --- [    Test worker] c.a.a.c.e2e.category.CategoryE2ETest     : Started CategoryE2ETest in 4.88 seconds (JVM running for 20.297)
Hibernate: select categoryjp0_.id as id1_0_, categoryjp0_.active as active2_0_, categoryjp0_.created_at as created_3_0_, categoryjp0_.deleted_at as deleted_4_0_, categoryjp0_.description as descript5_0_, categoryjp0_.name as name6_0_, categoryjp0_.updated_at as updated_7_0_ from category categoryjp0_
Hibernate: select count(*) as col_0_0_ from category categoryjp0_
Hibernate: select categoryjp0_.id as id1_0_0_, categoryjp0_.active as active2_0_0_, categoryjp0_.created_at as created_3_0_0_, categoryjp0_.deleted_at as deleted_4_0_0_, categoryjp0_.description as descript5_0_0_, categoryjp0_.name as name6_0_0_, categoryjp0_.updated_at as updated_7_0_0_ from category categoryjp0_ where categoryjp0_.id=?
Hibernate: insert into category (active, created_at, deleted_at, description, name, updated_at, id) values (?, ?, ?, ?, ?, ?, ?)
Hibernate: select count(*) as col_0_0_ from category categoryjp0_ where categoryjp0_.id=?
Hibernate: select categoryjp0_.id as id1_0_0_, categoryjp0_.active as active2_0_0_, categoryjp0_.created_at as created_3_0_0_, categoryjp0_.deleted_at as deleted_4_0_0_, categoryjp0_.description as descript5_0_0_, categoryjp0_.name as name6_0_0_, categoryjp0_.updated_at as updated_7_0_0_ from category categoryjp0_ where categoryjp0_.id=?
Hibernate: delete from category where id=?
Hibernate: select count(*) as col_0_0_ from category categoryjp0_ where categoryjp0_.id=?
]]></system-out>
  <system-err><![CDATA[]]></system-err>
</testsuite>
